[D] 14:51:24.404(00000000001A56CC):master log socket server started! host=::, port=17700
[I] 14:51:24.413(00000000001A56CC):master log channel started!port=17700
[W] 14:51:25.414(00000000001A56CC):try restart worker 0# ...
[I] 14:51:25.424(00000000001A56CC):start worker success,pid=76EB8(0#)
[D] 14:51:26.049(00000000001A56CC):worker process log socket connected!
[D] 14:51:26.041(0000000000076EB8):worker 0# ready to connect master log socket server, port=17700
[D] 14:51:26.050(0000000000076EB8):worker 0# log socket connected!
[W] 14:51:26.435(00000000001A56CC):try restart worker 1# ...
[I] 14:51:26.442(00000000001A56CC):start worker success,pid=71230(1#)
[I] 14:51:26.615(0000000000076EB8):[AMQP0]created
[I] 14:51:26.624(0000000000076EB8):[AMQP0]declare queue 'cf.rpc.1e086200a28711e7a2d6f3c2311f8019'
[I] 14:51:26.625(0000000000076EB8):[RPCC:cf.rpc]create rpc client 'cf.rpc' in conn AMQP0
[I] 14:51:26.734(0000000000076EB8):PBEncoder success load file 'E:\product\protocol\cf.proto.js'
[I] 14:51:26.735(0000000000076EB8):[AMQP0]declare queue 'cf.wechat.rpc.1e192ae0a28711e7a2d6f3c2311f8019'
[I] 14:51:26.735(0000000000076EB8):[RPCC:cf.wechat.rpc]create rpc client 'cf.wechat.rpc' in conn AMQP0
[I] 14:51:26.798(0000000000076EB8):PBEncoder success load file 'E:\product\protocol\cf_wechat.proto.js'
[I] 14:51:26.799(0000000000076EB8):[AMQP0]declare exchange 'cf.wechat.notify'
[I] 14:51:26.799(0000000000076EB8):[AMQP0]declare queue 'jiaxingwang.sc_admin.wechat.1e2315f0a28711e7a2d6f3c2311f8019'
[I] 14:51:26.799(0000000000076EB8):[AMQP0]declare queue 'cf.app.rpc.1e2315f1a28711e7a2d6f3c2311f8019'
[I] 14:51:26.799(0000000000076EB8):[RPCC:cf.app.rpc]create rpc client 'cf.app.rpc' in conn AMQP0
[I] 14:51:26.804(0000000000076EB8):PBEncoder success load file 'E:\product\protocol\cf_app.proto.js'
[I] 14:51:26.805(0000000000076EB8):[AMQP0]declare queue 'cf.alipay.rpc.1e240050a28711e7a2d6f3c2311f8019'
[I] 14:51:26.805(0000000000076EB8):[RPCC:cf.alipay.rpc]create rpc client 'cf.alipay.rpc' in conn AMQP0
[I] 14:51:26.814(0000000000076EB8):PBEncoder success load file 'E:\product\protocol\cf_alipay.proto.js'
[I] 14:51:26.814(0000000000076EB8):[AMQP0]declare queue 'cf.ding.rpc.1e255fe0a28711e7a2d6f3c2311f8019'
[I] 14:51:26.814(0000000000076EB8):[RPCC:cf.ding.rpc]create rpc client 'cf.ding.rpc' in conn AMQP0
[I] 14:51:26.826(0000000000076EB8):PBEncoder success load file 'E:\product\protocol\cf_ding.proto.js'
[I] 14:51:26.827(0000000000076EB8):[AMQP0]declare exchange 'cf.ding.notify'
[I] 14:51:26.827(0000000000076EB8):[AMQP0]declare queue 'jiaxingwang.sc_admin.ding.1e275bb0a28711e7a2d6f3c2311f8019'
[I] 14:51:26.828(0000000000076EB8):[AM]init and reload account!
[I] 14:51:26.832(0000000000076EB8):[AM]reload account success, account number is: 0
[I] 14:51:26.835(0000000000076EB8):[AMQP0]declare queue 'sr.customer.rpc.1e289430a28711e7a2d6f3c2311f8019'
[I] 14:51:26.835(0000000000076EB8):[RPCC:sr.customer.rpc]create rpc client 'sr.customer.rpc' in conn AMQP0
[I] 14:51:26.844(0000000000076EB8):PBEncoder success load file 'E:\product\protocol\sr_customer.proto.js'
[W] 14:51:26.844(0000000000076EB8):[AMQP0]rpc client 'cf.rpc' declare repeat!
[W] 14:51:26.845(0000000000076EB8):[AMQP0]rpc client 'cf.wechat.rpc' declare repeat!
[W] 14:51:26.845(0000000000076EB8):[AMQP0]rpc client 'cf.app.rpc' declare repeat!
[I] 14:51:27.006(0000000000076EB8):PBEncoder success load file 'E:\product\protocol\sc_system.proto.js'
[I] 14:51:27.046(0000000000076EB8):[AMQP1]created
[I] 14:51:27.047(0000000000076EB8):[AMQP1]declare exchange 'amq.direct'
[I] 14:51:27.047(0000000000076EB8):[AMQP1]declare queue 'cf.wechat.rpc.1e48ed70a28711e7a2d6f3c2311f8019'
[I] 14:51:27.047(0000000000076EB8):[RPCC:cf.wechat.rpc]create rpc client 'cf.wechat.rpc' in conn AMQP1
[I] 14:51:27.049(0000000000076EB8):[AMQP2]created
[I] 14:51:27.053(0000000000076EB8):[AMQP0]declare exchange 'amq.direct'
[I] 14:51:27.053(0000000000076EB8):[AMQP0]declare queue 'sc.task.rpc.1e49d7d0a28711e7a2d6f3c2311f8019'
[I] 14:51:27.054(0000000000076EB8):[RPCC:sc.task.rpc]create rpc client 'sc.task.rpc' in conn AMQP0
[I] 14:51:27.061(0000000000076EB8):PBEncoder success load file 'E:\product\protocol\sc_task.proto.js'
[I] 14:51:27.087(0000000000076EB8):[AMQP0]declare queue 'sr.customer.tag.rpc.1e4f07f0a28711e7a2d6f3c2311f8019'
[I] 14:51:27.088(0000000000076EB8):[RPCC:sr.customer.tag.rpc]create rpc client 'sr.customer.tag.rpc' in conn AMQP0
[I] 14:51:27.088(0000000000076EB8):[AMQP0]declare queue 'sr.customer.point.rpc.1e4f2f00a28711e7a2d6f3c2311f8019'
[I] 14:51:27.088(0000000000076EB8):[RPCC:sr.customer.point.rpc]create rpc client 'sr.customer.point.rpc' in conn AMQP0
[I] 14:51:27.096(0000000000076EB8):PBEncoder success load file 'E:\product\protocol\sr_customer_point.proto.js'
[I] 14:51:27.103(0000000000076EB8):PBEncoder success load file 'E:\product\protocol\sr_customer_tag.proto.js'
[W] 14:51:27.113(0000000000076EB8):[AMQP0]rpc client 'cf.wechat.rpc' declare repeat!
[I] 14:51:27.114(0000000000076EB8):[AMQP0]declare queue 'sr.customer.coupon_class.rpc.1e5326a0a28711e7a2d6f3c2311f8019'
[I] 14:51:27.114(0000000000076EB8):[RPCC:sr.customer.coupon_class.rpc]create rpc client 'sr.customer.coupon_class.rpc' in conn AMQP0
[I] 14:51:27.114(0000000000076EB8):[AMQP0]declare queue 'sr.customer.coupon.rpc.1e5326a1a28711e7a2d6f3c2311f8019'
[I] 14:51:27.115(0000000000076EB8):[RPCC:sr.customer.coupon.rpc]create rpc client 'sr.customer.coupon.rpc' in conn AMQP0
[D] 14:51:27.126(00000000001A56CC):worker process log socket connected!
[I] 14:51:27.127(0000000000076EB8):PBEncoder success load file 'E:\product\protocol\sr_customer_coupon.proto.js'
[W] 14:51:27.128(0000000000076EB8):[AMQP0]rpc client 'cf.wechat.rpc' declare repeat!
[D] 14:51:27.116(0000000000071230):worker 1# ready to connect master log socket server, port=17700
[D] 14:51:27.128(0000000000071230):worker 1# log socket connected!
[I] 14:51:27.129(0000000000076EB8):[AMQP0]declare queue 'cf.wxpay.rpc.1e557090a28711e7a2d6f3c2311f8019'
[I] 14:51:27.129(0000000000076EB8):[RPCC:cf.wxpay.rpc]create rpc client 'cf.wxpay.rpc' in conn AMQP0
[I] 14:51:27.144(0000000000076EB8):PBEncoder success load file 'E:\product\protocol\cf_wxpay.proto.js'
[W] 14:51:27.146(0000000000076EB8):[AMQP0]rpc client 'sr.customer.point.rpc' declare repeat!
[W] 14:51:27.155(0000000000076EB8):[AMQP0]exchange amq.direct already declare!!
[W] 14:51:27.156(0000000000076EB8):[AMQP0]rpc client 'sr.customer.rpc' declare repeat!
[W] 14:51:27.156(0000000000076EB8):[AMQP0]rpc client 'sr.customer.coupon.rpc' declare repeat!
[W] 14:51:27.157(0000000000076EB8):[AMQP0]rpc client 'cf.wechat.rpc' declare repeat!
[W] 14:51:27.159(0000000000076EB8):[AMQP0]exchange amq.direct already declare!!
[I] 14:51:27.208(0000000000076EB8):[AMQP0]declare queue 'cf.baidu.rpc.1e617e80a28711e7a2d6f3c2311f8019'
[I] 14:51:27.208(0000000000076EB8):[RPCC:cf.baidu.rpc]create rpc client 'cf.baidu.rpc' in conn AMQP0
[I] 14:51:27.212(0000000000076EB8):PBEncoder success load file 'E:\product\protocol\cf_baidu.proto.js'
[I] 14:51:27.218(0000000000076EB8):[AMQP3]created
[I] 14:51:27.228(0000000000076EB8):[AMQP4]created
[I] 14:51:27.228(0000000000076EB8):[AMQP4]declare exchange 'amq.direct'
[I] 14:51:27.229(0000000000076EB8):[AMQP4]declare queue 'cf.app.rpc.1e648bc0a28711e7a2d6f3c2311f8019'
[I] 14:51:27.229(0000000000076EB8):[RPCC:cf.app.rpc]create rpc client 'cf.app.rpc' in conn AMQP4
[I] 14:51:27.229(0000000000076EB8):[AMQP4]declare queue 'cf.wechat.rpc.1e64b2d0a28711e7a2d6f3c2311f8019'
[I] 14:51:27.229(0000000000076EB8):[RPCC:cf.wechat.rpc]create rpc client 'cf.wechat.rpc' in conn AMQP4
[I] 14:51:27.229(0000000000076EB8):[AMQP4]declare queue 'cf.rpc.1e64b2d1a28711e7a2d6f3c2311f8019'
[I] 14:51:27.230(0000000000076EB8):[RPCC:cf.rpc]create rpc client 'cf.rpc' in conn AMQP4
[I] 14:51:27.230(0000000000076EB8):[AMQP4]declare queue 'sc.task.rpc.1e64d9e0a28711e7a2d6f3c2311f8019'
[I] 14:51:27.231(0000000000076EB8):[RPCC:sc.task.rpc]create rpc client 'sc.task.rpc' in conn AMQP4
[I] 14:51:27.233(0000000000076EB8):[AMQP5]created
[I] 14:51:27.234(0000000000076EB8):[AMQP5]declare exchange 'amq.direct'
[I] 14:51:27.234(0000000000076EB8):[AMQP5]declare queue 'cf.wechat.rpc.1e657620a28711e7a2d6f3c2311f8019'
[I] 14:51:27.234(0000000000076EB8):[RPCC:cf.wechat.rpc]create rpc client 'cf.wechat.rpc' in conn AMQP5
[W] 14:51:27.237(0000000000076EB8):[AMQP0]rpc client 'sr.customer.point.rpc' declare repeat!
[I] 14:51:27.239(0000000000076EB8):[AMQP6]created
[I] 14:51:27.240(0000000000076EB8):[AMQP6]declare exchange 'amq.direct'
[I] 14:51:27.240(0000000000076EB8):[AMQP6]declare queue 'cf.wechat.rpc.1e666080a28711e7a2d6f3c2311f8019'
[I] 14:51:27.241(0000000000076EB8):[RPCC:cf.wechat.rpc]create rpc client 'cf.wechat.rpc' in conn AMQP6
[I] 14:51:27.245(0000000000076EB8):[AMQP7]created
[I] 14:51:27.246(0000000000076EB8):[AMQP7]declare exchange 'amq.direct'
[I] 14:51:27.246(0000000000076EB8):[AMQP7]declare queue 'sc.task.rpc.1e674ae0a28711e7a2d6f3c2311f8019'
[I] 14:51:27.246(0000000000076EB8):[RPCC:sc.task.rpc]create rpc client 'sc.task.rpc' in conn AMQP7
[I] 14:51:27.246(0000000000076EB8):[AMQP7]declare queue 'sr.customer.rewardfail.1e674ae1a28711e7a2d6f3c2311f8019'
[I] 14:51:27.247(0000000000076EB8):[RPCC:sr.customer.rewardfail]create rpc client 'sr.customer.rewardfail' in conn AMQP7
[W] 14:51:27.250(0000000000076EB8):[AMQP0]exchange amq.direct already declare!!
[W] 14:51:27.251(0000000000076EB8):[AMQP0]rpc client 'sr.customer.tag.rpc' declare repeat!
[W] 14:51:27.251(0000000000076EB8):[AMQP0]rpc client 'sc.task.rpc' declare repeat!
[W] 14:51:27.255(0000000000076EB8):[AMQP0]exchange amq.direct already declare!!
[I] 14:51:27.255(0000000000076EB8):[AMQP0]declare queue 'sr.trade.rpc.1e68aa70a28711e7a2d6f3c2311f8019'
[I] 14:51:27.255(0000000000076EB8):[RPCC:sr.trade.rpc]create rpc client 'sr.trade.rpc' in conn AMQP0
[I] 14:51:27.259(0000000000076EB8):PBEncoder success load file 'E:\product\protocol\sr_trade.proto.js'
[I] 14:51:27.262(0000000000076EB8):[AMQP8]created
[I] 14:51:27.262(0000000000076EB8):[AMQP8]declare exchange 'amq.direct'
[I] 14:51:27.263(0000000000076EB8):[AMQP8]declare queue 'cf.wechat.rpc.1e69e2f0a28711e7a2d6f3c2311f8019'
[I] 14:51:27.263(0000000000076EB8):[RPCC:cf.wechat.rpc]create rpc client 'cf.wechat.rpc' in conn AMQP8
[I] 14:51:27.289(0000000000076EB8):[redis]redis connect
[T] 14:51:27.295(0000000000076EB8):Http is running,port is 18910
[I] 14:51:27.309(0000000000076EB8):[redis]redis ready
[I] 14:51:27.310(0000000000076EB8):[MP1]create connection #0
[T] 14:51:27.311(0000000000076EB8):[MP1]getConnection success,getIndex=0
[I] 14:51:27.312(0000000000076EB8):[MP1]create connection #1
[T] 14:51:27.312(0000000000076EB8):[MP1]getConnection success,getIndex=1
[T] 14:51:27.329(0000000000076EB8):[MySQL]Query success,used time:17 ms,sql="select * from cf_account where enabled=1 and function_mask like \"1%\""
[T] 14:51:27.337(0000000000076EB8):[MySQL]Query success,used time:23 ms,sql="SELECT * FROM `sc_org`"
[T] 14:51:27.338(0000000000076EB8):getConnection release,getIndex=0
[T] 14:51:27.338(0000000000076EB8):getConnection release,getIndex=1
[I] 14:51:27.339(0000000000076EB8):[AM]get account list success: [{"innerid":"HEDV35FASG-DGW423A-34TGGW53AAD66","name":"乐逛演示","org_id":"1","shop_id":null,"settlement_id":null,"method_code":1,"method_code_key":"wechat_test3_1","function_mask":"10","config":"{\"accountid\":\"gh_92368265694f\",\"fee_type\":\"CNY\",\"appid\":\"wx39bf9ff3da6fc1e7\",\"appsecret\":\"e00fc51118b318fb99cff35d217865fc\",\"mch_id\":\"1287801701\",\"sub_mch_id\":\"\",\"sign_key\":\"smartpaysmartpaysmartpaysmartpay\",\"key_file\":\"apiclient_key.pem\",\"cert_file\":\"apiclient_cert.pem\",\"pay_authorization_dir\":[\"\",\"\",\"\"],\"pay_native_callback\":\"\",\"pay_finish_notify\":\"1\",\"pay_alarm_notify\":\"\"}","enabled":1,"desc":null},{"innerid":"SE43RG3ASG-34GWW55A-34TG43HER452","name":"短信测试一","org_id":"1","shop_id":null,"settlement_id":null,"method_code":2,"method_code_key":"wechat_test1_2","function_mask":"10","config":"{\"url\" : \"http://211.147.239.62:9050/cgi-bin/sendsms\",\"username\" : \"shopperconnect@smartac\",\"password\" : \"shopCNT@smartc2016\"}","enabled":1,"desc":null},{"innerid":"SMFGSW423GWS-G43HTEHE2-HHEDR5462HS","name":"邮件测试一","org_id":"1","shop_id":null,"settlement_id":null,"method_code":3,"method_code_key":"wechat_test1_3","function_mask":"10","config":"{\"smtpserver\" : \"smtp.163.com\",\"port\": 25,\"username\" : \"zyqtest5@163.com\",\"password\" : \"zyqtest5881119\",\"SSL\":false}","enabled":1,"desc":null}]
[I] 14:51:27.358(0000000000076EB8):[AMQP5]AMQP5 connect 'amqp://guest:guest@172.16.0.81:5672' success!
[I] 14:51:27.361(0000000000076EB8):[AMQP4]AMQP4 connect 'amqp://guest:guest@172.16.0.81:5672' success!
[I] 14:51:27.362(0000000000076EB8):[AMQP0]AMQP0 connect 'amqp://guest:guest@172.16.0.81:5672' success!
[I] 14:51:27.363(0000000000076EB8):[AMQP1]AMQP1 connect 'amqp://guest:guest@172.16.0.81:5672' success!
[I] 14:51:27.365(0000000000076EB8):[AMQP6]AMQP6 connect 'amqp://guest:guest@172.16.0.81:5672' success!
[I] 14:51:27.377(0000000000076EB8):[AMQP5]success declare exchange 'amq.direct'
[I] 14:51:27.378(0000000000076EB8):[AMQP6]success declare exchange 'amq.direct'
[I] 14:51:27.379(0000000000076EB8):[AMQP1]success declare exchange 'amq.direct'
[I] 14:51:27.379(0000000000076EB8):[AMQP4]success declare exchange 'amq.direct'
[I] 14:51:27.381(0000000000076EB8):[AMQP0]success declare queue 'cf.rpc.1e086200a28711e7a2d6f3c2311f8019'
[I] 14:51:27.381(0000000000076EB8):[AMQP8]AMQP8 connect 'amqp://guest:guest@172.16.0.81:5672' success!
[I] 14:51:27.383(0000000000076EB8):[AMQP5]success declare queue 'cf.wechat.rpc.1e657620a28711e7a2d6f3c2311f8019'
[I] 14:51:27.384(0000000000076EB8):[AMQP7]AMQP7 connect 'amqp://guest:guest@172.16.0.81:5672' success!
[I] 14:51:27.384(0000000000076EB8):[AMQP6]success declare queue 'cf.wechat.rpc.1e666080a28711e7a2d6f3c2311f8019'
[I] 14:51:27.385(0000000000076EB8):[AMQP4]success declare queue 'cf.app.rpc.1e648bc0a28711e7a2d6f3c2311f8019'
[I] 14:51:27.385(0000000000076EB8):[AMQP1]success declare queue 'cf.wechat.rpc.1e48ed70a28711e7a2d6f3c2311f8019'
[I] 14:51:27.386(0000000000076EB8):[AMQP0]success consume 'cf.rpc.1e086200a28711e7a2d6f3c2311f8019'
[I] 14:51:27.387(0000000000076EB8):[AMQP6]success consume 'cf.wechat.rpc.1e666080a28711e7a2d6f3c2311f8019'
[I] 14:51:27.388(0000000000076EB8):[AMQP5]success consume 'cf.wechat.rpc.1e657620a28711e7a2d6f3c2311f8019'
[I] 14:51:27.389(0000000000076EB8):[AMQP8]success declare exchange 'amq.direct'
[I] 14:51:27.390(0000000000076EB8):[AMQP4]success consume 'cf.app.rpc.1e648bc0a28711e7a2d6f3c2311f8019'
[I] 14:51:27.391(0000000000076EB8):[AMQP1]success consume 'cf.wechat.rpc.1e48ed70a28711e7a2d6f3c2311f8019'
[I] 14:51:27.392(0000000000076EB8):[AMQP0]success binding 'amq.direct'->'cf.rpc.1e086200a28711e7a2d6f3c2311f8019'(cf.rpc.1e086200a28711e7a2d6f3c2311f8019)
[I] 14:51:27.392(0000000000076EB8):[AMQP5]success binding 'amq.direct'->'cf.wechat.rpc.1e657620a28711e7a2d6f3c2311f8019'(cf.wechat.rpc.1e657620a28711e7a2d6f3c2311f8019)
[I] 14:51:27.392(0000000000076EB8):[AMQP6]success binding 'amq.direct'->'cf.wechat.rpc.1e666080a28711e7a2d6f3c2311f8019'(cf.wechat.rpc.1e666080a28711e7a2d6f3c2311f8019)
[I] 14:51:27.393(0000000000076EB8):[AMQP7]success declare exchange 'amq.direct'
[I] 14:51:27.393(0000000000076EB8):[AMQP4]success binding 'amq.direct'->'cf.app.rpc.1e648bc0a28711e7a2d6f3c2311f8019'(cf.app.rpc.1e648bc0a28711e7a2d6f3c2311f8019)
[I] 14:51:27.394(0000000000076EB8):[AMQP1]success binding 'amq.direct'->'cf.wechat.rpc.1e48ed70a28711e7a2d6f3c2311f8019'(cf.wechat.rpc.1e48ed70a28711e7a2d6f3c2311f8019)
[I] 14:51:27.394(0000000000076EB8):[AMQP8]success declare queue 'cf.wechat.rpc.1e69e2f0a28711e7a2d6f3c2311f8019'
[I] 14:51:27.396(0000000000076EB8):[AMQP0]success declare queue 'cf.wechat.rpc.1e192ae0a28711e7a2d6f3c2311f8019'
[I] 14:51:27.396(0000000000076EB8):[AMQP8]success consume 'cf.wechat.rpc.1e69e2f0a28711e7a2d6f3c2311f8019'
[I] 14:51:27.397(0000000000076EB8):[AMQP7]success declare queue 'sc.task.rpc.1e674ae0a28711e7a2d6f3c2311f8019'
[I] 14:51:27.397(0000000000076EB8):[AMQP4]success declare queue 'cf.wechat.rpc.1e64b2d0a28711e7a2d6f3c2311f8019'
[I] 14:51:27.398(0000000000076EB8):[AMQP0]success consume 'cf.wechat.rpc.1e192ae0a28711e7a2d6f3c2311f8019'
[I] 14:51:27.399(0000000000076EB8):[AMQP8]success binding 'amq.direct'->'cf.wechat.rpc.1e69e2f0a28711e7a2d6f3c2311f8019'(cf.wechat.rpc.1e69e2f0a28711e7a2d6f3c2311f8019)
[I] 14:51:27.399(0000000000076EB8):[AMQP7]success consume 'sc.task.rpc.1e674ae0a28711e7a2d6f3c2311f8019'
[I] 14:51:27.400(0000000000076EB8):[AMQP4]success consume 'cf.wechat.rpc.1e64b2d0a28711e7a2d6f3c2311f8019'
[I] 14:51:27.401(0000000000076EB8):[AMQP0]success binding 'amq.direct'->'cf.wechat.rpc.1e192ae0a28711e7a2d6f3c2311f8019'(cf.wechat.rpc.1e192ae0a28711e7a2d6f3c2311f8019)
[I] 14:51:27.402(0000000000076EB8):[AMQP4]success binding 'amq.direct'->'cf.wechat.rpc.1e64b2d0a28711e7a2d6f3c2311f8019'(cf.wechat.rpc.1e64b2d0a28711e7a2d6f3c2311f8019)
[I] 14:51:27.403(0000000000076EB8):[AMQP7]success binding 'amq.direct'->'sc.task.rpc.1e674ae0a28711e7a2d6f3c2311f8019'(sc.task.rpc.1e674ae0a28711e7a2d6f3c2311f8019)
[I] 14:51:27.403(0000000000076EB8):[AMQP0]success declare exchange 'cf.wechat.notify'
[I] 14:51:27.407(0000000000076EB8):[AMQP4]success declare queue 'cf.rpc.1e64b2d1a28711e7a2d6f3c2311f8019'
[I] 14:51:27.408(0000000000076EB8):[AMQP7]success declare queue 'sr.customer.rewardfail.1e674ae1a28711e7a2d6f3c2311f8019'
[I] 14:51:27.408(0000000000076EB8):[AMQP0]success declare queue 'jiaxingwang.sc_admin.wechat.1e2315f0a28711e7a2d6f3c2311f8019'
[I] 14:51:27.409(0000000000076EB8):[AMQP4]success consume 'cf.rpc.1e64b2d1a28711e7a2d6f3c2311f8019'
[I] 14:51:27.410(0000000000076EB8):[AMQP7]success consume 'sr.customer.rewardfail.1e674ae1a28711e7a2d6f3c2311f8019'
[I] 14:51:27.410(0000000000076EB8):[AMQP0]success consume 'jiaxingwang.sc_admin.wechat.1e2315f0a28711e7a2d6f3c2311f8019'
[I] 14:51:27.411(0000000000076EB8):[AMQP4]success binding 'amq.direct'->'cf.rpc.1e64b2d1a28711e7a2d6f3c2311f8019'(cf.rpc.1e64b2d1a28711e7a2d6f3c2311f8019)
[I] 14:51:27.412(0000000000076EB8):[AMQP7]success binding 'amq.direct'->'sr.customer.rewardfail.1e674ae1a28711e7a2d6f3c2311f8019'(sr.customer.rewardfail.1e674ae1a28711e7a2d6f3c2311f8019)
[I] 14:51:27.414(0000000000076EB8):[AMQP0]success binding 'cf.wechat.notify'->'jiaxingwang.sc_admin.wechat.1e2315f0a28711e7a2d6f3c2311f8019'(#)
[I] 14:51:27.417(0000000000076EB8):[AMQP4]success declare queue 'sc.task.rpc.1e64d9e0a28711e7a2d6f3c2311f8019'
[I] 14:51:27.419(0000000000076EB8):[AMQP4]success consume 'sc.task.rpc.1e64d9e0a28711e7a2d6f3c2311f8019'
[I] 14:51:27.420(0000000000076EB8):[AMQP0]success declare queue 'cf.app.rpc.1e2315f1a28711e7a2d6f3c2311f8019'
[I] 14:51:27.422(0000000000076EB8):[AMQP4]success binding 'amq.direct'->'sc.task.rpc.1e64d9e0a28711e7a2d6f3c2311f8019'(sc.task.rpc.1e64d9e0a28711e7a2d6f3c2311f8019)
[I] 14:51:27.423(0000000000076EB8):[AMQP0]success consume 'cf.app.rpc.1e2315f1a28711e7a2d6f3c2311f8019'
[I] 14:51:27.425(0000000000076EB8):[AMQP0]success binding 'amq.direct'->'cf.app.rpc.1e2315f1a28711e7a2d6f3c2311f8019'(cf.app.rpc.1e2315f1a28711e7a2d6f3c2311f8019)
[I] 14:51:27.430(0000000000076EB8):[AMQP0]success declare queue 'cf.alipay.rpc.1e240050a28711e7a2d6f3c2311f8019'
[I] 14:51:27.431(0000000000076EB8):[AMQP0]success consume 'cf.alipay.rpc.1e240050a28711e7a2d6f3c2311f8019'
[I] 14:51:27.433(0000000000076EB8):[AMQP0]success binding 'amq.direct'->'cf.alipay.rpc.1e240050a28711e7a2d6f3c2311f8019'(cf.alipay.rpc.1e240050a28711e7a2d6f3c2311f8019)
[I] 14:51:27.437(0000000000076EB8):[AMQP0]success declare queue 'cf.ding.rpc.1e255fe0a28711e7a2d6f3c2311f8019'
[I] 14:51:27.438(0000000000076EB8):[AMQP0]success consume 'cf.ding.rpc.1e255fe0a28711e7a2d6f3c2311f8019'
[I] 14:51:27.440(0000000000076EB8):[AMQP0]success binding 'amq.direct'->'cf.ding.rpc.1e255fe0a28711e7a2d6f3c2311f8019'(cf.ding.rpc.1e255fe0a28711e7a2d6f3c2311f8019)
[I] 14:51:27.442(0000000000076EB8):[AMQP0]success declare exchange 'cf.ding.notify'
[I] 14:51:27.445(0000000000076EB8):[AMQP0]success declare queue 'jiaxingwang.sc_admin.ding.1e275bb0a28711e7a2d6f3c2311f8019'
[I] 14:51:27.447(0000000000076EB8):[AMQP0]success consume 'jiaxingwang.sc_admin.ding.1e275bb0a28711e7a2d6f3c2311f8019'
[W] 14:51:27.450(00000000001A56CC):try restart worker 2# ...
[I] 14:51:27.455(00000000001A56CC):start worker success,pid=97A94(2#)
[I] 14:51:27.450(0000000000076EB8):[AMQP0]success binding 'cf.ding.notify'->'jiaxingwang.sc_admin.ding.1e275bb0a28711e7a2d6f3c2311f8019'(#)
[I] 14:51:27.454(0000000000076EB8):[AMQP0]success declare queue 'sr.customer.rpc.1e289430a28711e7a2d6f3c2311f8019'
[I] 14:51:27.457(0000000000076EB8):[AMQP0]success consume 'sr.customer.rpc.1e289430a28711e7a2d6f3c2311f8019'
[I] 14:51:27.460(0000000000076EB8):[AMQP0]success binding 'amq.direct'->'sr.customer.rpc.1e289430a28711e7a2d6f3c2311f8019'(sr.customer.rpc.1e289430a28711e7a2d6f3c2311f8019)
[I] 14:51:27.461(0000000000076EB8):[AMQP0]success declare exchange 'amq.direct'
[I] 14:51:27.483(0000000000076EB8):[AMQP0]success declare queue 'sc.task.rpc.1e49d7d0a28711e7a2d6f3c2311f8019'
[I] 14:51:27.491(0000000000076EB8):[AMQP0]success consume 'sc.task.rpc.1e49d7d0a28711e7a2d6f3c2311f8019'
[I] 14:51:27.557(0000000000076EB8):[AMQP0]success binding 'amq.direct'->'sc.task.rpc.1e49d7d0a28711e7a2d6f3c2311f8019'(sc.task.rpc.1e49d7d0a28711e7a2d6f3c2311f8019)
[I] 14:51:27.562(0000000000076EB8):[AMQP0]success declare queue 'sr.customer.tag.rpc.1e4f07f0a28711e7a2d6f3c2311f8019'
[I] 14:51:27.589(0000000000076EB8):[AMQP0]success consume 'sr.customer.tag.rpc.1e4f07f0a28711e7a2d6f3c2311f8019'
[I] 14:51:27.603(0000000000076EB8):[AMQP0]success binding 'amq.direct'->'sr.customer.tag.rpc.1e4f07f0a28711e7a2d6f3c2311f8019'(sr.customer.tag.rpc.1e4f07f0a28711e7a2d6f3c2311f8019)
[I] 14:51:27.662(0000000000076EB8):[AMQP0]success declare queue 'sr.customer.point.rpc.1e4f2f00a28711e7a2d6f3c2311f8019'
[I] 14:51:27.692(0000000000076EB8):[AMQP0]success consume 'sr.customer.point.rpc.1e4f2f00a28711e7a2d6f3c2311f8019'
[I] 14:51:27.695(0000000000076EB8):[AMQP0]success binding 'amq.direct'->'sr.customer.point.rpc.1e4f2f00a28711e7a2d6f3c2311f8019'(sr.customer.point.rpc.1e4f2f00a28711e7a2d6f3c2311f8019)
[I] 14:51:27.699(0000000000076EB8):[AMQP0]success declare queue 'sr.customer.coupon_class.rpc.1e5326a0a28711e7a2d6f3c2311f8019'
[I] 14:51:27.700(0000000000076EB8):[AMQP0]success consume 'sr.customer.coupon_class.rpc.1e5326a0a28711e7a2d6f3c2311f8019'
[I] 14:51:27.703(0000000000076EB8):[AMQP0]success binding 'amq.direct'->'sr.customer.coupon_class.rpc.1e5326a0a28711e7a2d6f3c2311f8019'(sr.customer.coupon_class.rpc.1e5326a0a28711e7a2d6f3c2311f8019)
[I] 14:51:27.706(0000000000076EB8):[AMQP0]success declare queue 'sr.customer.coupon.rpc.1e5326a1a28711e7a2d6f3c2311f8019'
[I] 14:51:27.707(0000000000076EB8):[AMQP0]success consume 'sr.customer.coupon.rpc.1e5326a1a28711e7a2d6f3c2311f8019'
[I] 14:51:27.710(0000000000076EB8):[AMQP0]success binding 'amq.direct'->'sr.customer.coupon.rpc.1e5326a1a28711e7a2d6f3c2311f8019'(sr.customer.coupon.rpc.1e5326a1a28711e7a2d6f3c2311f8019)
[I] 14:51:27.713(0000000000076EB8):[AMQP0]success declare queue 'cf.wxpay.rpc.1e557090a28711e7a2d6f3c2311f8019'
[I] 14:51:27.715(0000000000076EB8):[AMQP0]success consume 'cf.wxpay.rpc.1e557090a28711e7a2d6f3c2311f8019'
[I] 14:51:27.717(0000000000076EB8):[AMQP0]success binding 'amq.direct'->'cf.wxpay.rpc.1e557090a28711e7a2d6f3c2311f8019'(cf.wxpay.rpc.1e557090a28711e7a2d6f3c2311f8019)
[I] 14:51:27.722(0000000000076EB8):[AMQP0]success declare queue 'cf.baidu.rpc.1e617e80a28711e7a2d6f3c2311f8019'
[I] 14:51:27.723(0000000000076EB8):[AMQP0]success consume 'cf.baidu.rpc.1e617e80a28711e7a2d6f3c2311f8019'
[I] 14:51:27.725(0000000000076EB8):[AMQP0]success binding 'amq.direct'->'cf.baidu.rpc.1e617e80a28711e7a2d6f3c2311f8019'(cf.baidu.rpc.1e617e80a28711e7a2d6f3c2311f8019)
[I] 14:51:27.729(0000000000076EB8):[AMQP0]success declare queue 'sr.trade.rpc.1e68aa70a28711e7a2d6f3c2311f8019'
[I] 14:51:27.730(0000000000076EB8):[AMQP0]success consume 'sr.trade.rpc.1e68aa70a28711e7a2d6f3c2311f8019'
[I] 14:51:27.733(0000000000076EB8):[AMQP0]success binding 'amq.direct'->'sr.trade.rpc.1e68aa70a28711e7a2d6f3c2311f8019'(sr.trade.rpc.1e68aa70a28711e7a2d6f3c2311f8019)
[I] 14:51:27.804(0000000000071230):[AMQP0]created
[I] 14:51:27.814(0000000000071230):[AMQP0]declare queue 'cf.rpc.1ebdcf50a28711e79e777d46cfd0157a'
[I] 14:51:27.815(0000000000071230):[RPCC:cf.rpc]create rpc client 'cf.rpc' in conn AMQP0
[I] 14:51:27.929(0000000000071230):PBEncoder success load file 'E:\product\protocol\cf.proto.js'
[I] 14:51:27.930(0000000000071230):[AMQP0]declare queue 'cf.wechat.rpc.1ecfa9a0a28711e79e777d46cfd0157a'
[I] 14:51:27.931(0000000000071230):[RPCC:cf.wechat.rpc]create rpc client 'cf.wechat.rpc' in conn AMQP0
[I] 14:51:27.984(0000000000071230):PBEncoder success load file 'E:\product\protocol\cf_wechat.proto.js'
[I] 14:51:27.984(0000000000071230):[AMQP0]declare exchange 'cf.wechat.notify'
[I] 14:51:27.984(0000000000071230):[AMQP0]declare queue 'jiaxingwang.sc_admin.wechat.1ed7e700a28711e79e777d46cfd0157a'
[I] 14:51:27.985(0000000000071230):[AMQP0]declare queue 'cf.app.rpc.1ed80e10a28711e79e777d46cfd0157a'
[I] 14:51:27.985(0000000000071230):[RPCC:cf.app.rpc]create rpc client 'cf.app.rpc' in conn AMQP0
[I] 14:51:27.991(0000000000071230):PBEncoder success load file 'E:\product\protocol\cf_app.proto.js'
[I] 14:51:27.991(0000000000071230):[AMQP0]declare queue 'cf.alipay.rpc.1ed8f870a28711e79e777d46cfd0157a'
[I] 14:51:27.992(0000000000071230):[RPCC:cf.alipay.rpc]create rpc client 'cf.alipay.rpc' in conn AMQP0
[I] 14:51:28.001(0000000000071230):PBEncoder success load file 'E:\product\protocol\cf_alipay.proto.js'
[I] 14:51:28.002(0000000000071230):[AMQP0]declare queue 'cf.ding.rpc.1edaa620a28711e79e777d46cfd0157a'
[I] 14:51:28.002(0000000000071230):[RPCC:cf.ding.rpc]create rpc client 'cf.ding.rpc' in conn AMQP0
[I] 14:51:28.024(0000000000071230):PBEncoder success load file 'E:\product\protocol\cf_ding.proto.js'
[I] 14:51:28.025(0000000000071230):[AMQP0]declare exchange 'cf.ding.notify'
[I] 14:51:28.025(0000000000071230):[AMQP0]declare queue 'jiaxingwang.sc_admin.ding.1ede2890a28711e79e777d46cfd0157a'
[I] 14:51:28.025(0000000000071230):[AM]init and reload account!
[I] 14:51:28.029(0000000000071230):[AM]reload account success, account number is: 0
[I] 14:51:28.032(0000000000071230):[AMQP0]declare queue 'sr.customer.rpc.1edf3a00a28711e79e777d46cfd0157a'
[I] 14:51:28.032(0000000000071230):[RPCC:sr.customer.rpc]create rpc client 'sr.customer.rpc' in conn AMQP0
[I] 14:51:28.040(0000000000071230):PBEncoder success load file 'E:\product\protocol\sr_customer.proto.js'
[W] 14:51:28.040(0000000000071230):[AMQP0]rpc client 'cf.rpc' declare repeat!
[W] 14:51:28.041(0000000000071230):[AMQP0]rpc client 'cf.wechat.rpc' declare repeat!
[W] 14:51:28.041(0000000000071230):[AMQP0]rpc client 'cf.app.rpc' declare repeat!
[I] 14:51:28.211(0000000000071230):PBEncoder success load file 'E:\product\protocol\sc_system.proto.js'
[I] 14:51:28.255(0000000000071230):[AMQP1]created
[I] 14:51:28.256(0000000000071230):[AMQP1]declare exchange 'amq.direct'
[I] 14:51:28.257(0000000000071230):[AMQP1]declare queue 'cf.wechat.rpc.1f018f10a28711e79e777d46cfd0157a'
[I] 14:51:28.257(0000000000071230):[RPCC:cf.wechat.rpc]create rpc client 'cf.wechat.rpc' in conn AMQP1
[I] 14:51:28.260(0000000000071230):[AMQP2]created
[I] 14:51:28.265(0000000000071230):[AMQP0]declare exchange 'amq.direct'
[I] 14:51:28.266(0000000000071230):[AMQP0]declare queue 'sc.task.rpc.1f02eea0a28711e79e777d46cfd0157a'
[I] 14:51:28.266(0000000000071230):[RPCC:sc.task.rpc]create rpc client 'sc.task.rpc' in conn AMQP0
[I] 14:51:28.275(0000000000071230):PBEncoder success load file 'E:\product\protocol\sc_task.proto.js'
[I] 14:51:28.300(0000000000071230):[AMQP0]declare queue 'sr.customer.tag.rpc.1f081ec0a28711e79e777d46cfd0157a'
[I] 14:51:28.301(0000000000071230):[RPCC:sr.customer.tag.rpc]create rpc client 'sr.customer.tag.rpc' in conn AMQP0
[I] 14:51:28.301(0000000000071230):[AMQP0]declare queue 'sr.customer.point.rpc.1f0845d0a28711e79e777d46cfd0157a'
[I] 14:51:28.301(0000000000071230):[RPCC:sr.customer.point.rpc]create rpc client 'sr.customer.point.rpc' in conn AMQP0
[I] 14:51:28.309(0000000000071230):PBEncoder success load file 'E:\product\protocol\sr_customer_point.proto.js'
[I] 14:51:28.316(0000000000071230):PBEncoder success load file 'E:\product\protocol\sr_customer_tag.proto.js'
[W] 14:51:28.331(0000000000071230):[AMQP0]rpc client 'cf.wechat.rpc' declare repeat!
[I] 14:51:28.332(0000000000071230):[AMQP0]declare queue 'sr.customer.coupon_class.rpc.1f0d00c0a28711e79e777d46cfd0157a'
[I] 14:51:28.332(0000000000071230):[RPCC:sr.customer.coupon_class.rpc]create rpc client 'sr.customer.coupon_class.rpc' in conn AMQP0
[I] 14:51:28.332(0000000000071230):[AMQP0]declare queue 'sr.customer.coupon.rpc.1f0d00c1a28711e79e777d46cfd0157a'
[I] 14:51:28.333(0000000000071230):[RPCC:sr.customer.coupon.rpc]create rpc client 'sr.customer.coupon.rpc' in conn AMQP0
[I] 14:51:28.345(0000000000071230):PBEncoder success load file 'E:\product\protocol\sr_customer_coupon.proto.js'
[W] 14:51:28.345(0000000000071230):[AMQP0]rpc client 'cf.wechat.rpc' declare repeat!
[I] 14:51:28.346(0000000000071230):[AMQP0]declare queue 'cf.wxpay.rpc.1f0f23a0a28711e79e777d46cfd0157a'
[I] 14:51:28.346(0000000000071230):[RPCC:cf.wxpay.rpc]create rpc client 'cf.wxpay.rpc' in conn AMQP0
[I] 14:51:28.359(0000000000071230):PBEncoder success load file 'E:\product\protocol\cf_wxpay.proto.js'
[W] 14:51:28.359(0000000000071230):[AMQP0]rpc client 'sr.customer.point.rpc' declare repeat!
[W] 14:51:28.366(0000000000071230):[AMQP0]exchange amq.direct already declare!!
[W] 14:51:28.366(0000000000071230):[AMQP0]rpc client 'sr.customer.rpc' declare repeat!
[W] 14:51:28.366(0000000000071230):[AMQP0]rpc client 'sr.customer.coupon.rpc' declare repeat!
[W] 14:51:28.366(0000000000071230):[AMQP0]rpc client 'cf.wechat.rpc' declare repeat!
[W] 14:51:28.368(0000000000071230):[AMQP0]exchange amq.direct already declare!!
[I] 14:51:28.369(0000000000071230):[AMQP0]declare queue 'cf.baidu.rpc.1f12a610a28711e79e777d46cfd0157a'
[I] 14:51:28.369(0000000000071230):[RPCC:cf.baidu.rpc]create rpc client 'cf.baidu.rpc' in conn AMQP0
[I] 14:51:28.373(0000000000071230):PBEncoder success load file 'E:\product\protocol\cf_baidu.proto.js'
[I] 14:51:28.378(0000000000071230):[AMQP3]created
[I] 14:51:28.386(0000000000071230):[AMQP4]created
[I] 14:51:28.387(0000000000071230):[AMQP4]declare exchange 'amq.direct'
[I] 14:51:28.387(0000000000071230):[AMQP4]declare queue 'cf.app.rpc.1f156530a28711e79e777d46cfd0157a'
[I] 14:51:28.387(0000000000071230):[RPCC:cf.app.rpc]create rpc client 'cf.app.rpc' in conn AMQP4
[D] 14:51:28.387(00000000001A56CC):worker process log socket connected!
[I] 14:51:28.388(0000000000071230):[AMQP4]declare queue 'cf.wechat.rpc.1f158c40a28711e79e777d46cfd0157a'
[I] 14:51:28.388(0000000000071230):[RPCC:cf.wechat.rpc]create rpc client 'cf.wechat.rpc' in conn AMQP4
[I] 14:51:28.389(0000000000071230):[AMQP4]declare queue 'cf.rpc.1f15b350a28711e79e777d46cfd0157a'
[I] 14:51:28.389(0000000000071230):[RPCC:cf.rpc]create rpc client 'cf.rpc' in conn AMQP4
[I] 14:51:28.389(0000000000071230):[AMQP4]declare queue 'sc.task.rpc.1f15b351a28711e79e777d46cfd0157a'
[I] 14:51:28.390(0000000000071230):[RPCC:sc.task.rpc]create rpc client 'sc.task.rpc' in conn AMQP4
[D] 14:51:28.379(0000000000097A94):worker 2# ready to connect master log socket server, port=17700
[D] 14:51:28.388(0000000000097A94):worker 2# log socket connected!
[I] 14:51:28.392(0000000000071230):[AMQP5]created
[I] 14:51:28.393(0000000000071230):[AMQP5]declare exchange 'amq.direct'
[I] 14:51:28.393(0000000000071230):[AMQP5]declare queue 'cf.wechat.rpc.1f164f90a28711e79e777d46cfd0157a'
[I] 14:51:28.394(0000000000071230):[RPCC:cf.wechat.rpc]create rpc client 'cf.wechat.rpc' in conn AMQP5
[W] 14:51:28.396(0000000000071230):[AMQP0]rpc client 'sr.customer.point.rpc' declare repeat!
[I] 14:51:28.397(0000000000071230):[AMQP6]created
[I] 14:51:28.398(0000000000071230):[AMQP6]declare exchange 'amq.direct'
[I] 14:51:28.398(0000000000071230):[AMQP6]declare queue 'cf.wechat.rpc.1f1712e0a28711e79e777d46cfd0157a'
[I] 14:51:28.399(0000000000071230):[RPCC:cf.wechat.rpc]create rpc client 'cf.wechat.rpc' in conn AMQP6
[I] 14:51:28.403(0000000000071230):[AMQP7]created
[I] 14:51:28.404(0000000000071230):[AMQP7]declare exchange 'amq.direct'
[I] 14:51:28.404(0000000000071230):[AMQP7]declare queue 'sc.task.rpc.1f17fd40a28711e79e777d46cfd0157a'
[I] 14:51:28.404(0000000000071230):[RPCC:sc.task.rpc]create rpc client 'sc.task.rpc' in conn AMQP7
[I] 14:51:28.404(0000000000071230):[AMQP7]declare queue 'sr.customer.rewardfail.1f17fd41a28711e79e777d46cfd0157a'
[I] 14:51:28.405(0000000000071230):[RPCC:sr.customer.rewardfail]create rpc client 'sr.customer.rewardfail' in conn AMQP7
[W] 14:51:28.408(0000000000071230):[AMQP0]exchange amq.direct already declare!!
[W] 14:51:28.409(0000000000071230):[AMQP0]rpc client 'sr.customer.tag.rpc' declare repeat!
[W] 14:51:28.409(0000000000071230):[AMQP0]rpc client 'sc.task.rpc' declare repeat!
[W] 14:51:28.411(0000000000071230):[AMQP0]exchange amq.direct already declare!!
[I] 14:51:28.412(0000000000071230):[AMQP0]declare queue 'sr.trade.rpc.1f1935c0a28711e79e777d46cfd0157a'
[I] 14:51:28.412(0000000000071230):[RPCC:sr.trade.rpc]create rpc client 'sr.trade.rpc' in conn AMQP0
[I] 14:51:28.415(0000000000071230):PBEncoder success load file 'E:\product\protocol\sr_trade.proto.js'
[I] 14:51:28.419(0000000000071230):[AMQP8]created
[I] 14:51:28.419(0000000000071230):[AMQP8]declare exchange 'amq.direct'
[I] 14:51:28.420(0000000000071230):[AMQP8]declare queue 'cf.wechat.rpc.1f1a6e40a28711e79e777d46cfd0157a'
[I] 14:51:28.420(0000000000071230):[RPCC:cf.wechat.rpc]create rpc client 'cf.wechat.rpc' in conn AMQP8
[T] 14:51:28.441(0000000000071230):Http is running,port is 18910
[I] 14:51:28.445(0000000000071230):[redis]redis connect
[I] 14:51:28.464(0000000000071230):[redis]redis ready
[I] 14:51:28.467(0000000000071230):[MP1]create connection #0
[T] 14:51:28.468(0000000000071230):[MP1]getConnection success,getIndex=0
[I] 14:51:28.470(0000000000071230):[MP1]create connection #1
[T] 14:51:28.470(0000000000071230):[MP1]getConnection success,getIndex=1
[T] 14:51:28.477(0000000000071230):[MySQL]Query success,used time:5 ms,sql="select * from cf_account where enabled=1 and function_mask like \"1%\""
[T] 14:51:28.485(0000000000071230):[MySQL]Query success,used time:12 ms,sql="SELECT * FROM `sc_org`"
[T] 14:51:28.488(0000000000071230):getConnection release,getIndex=0
[T] 14:51:28.489(0000000000071230):getConnection release,getIndex=1
[I] 14:51:28.489(0000000000071230):[AM]get account list success: [{"innerid":"HEDV35FASG-DGW423A-34TGGW53AAD66","name":"乐逛演示","org_id":"1","shop_id":null,"settlement_id":null,"method_code":1,"method_code_key":"wechat_test3_1","function_mask":"10","config":"{\"accountid\":\"gh_92368265694f\",\"fee_type\":\"CNY\",\"appid\":\"wx39bf9ff3da6fc1e7\",\"appsecret\":\"e00fc51118b318fb99cff35d217865fc\",\"mch_id\":\"1287801701\",\"sub_mch_id\":\"\",\"sign_key\":\"smartpaysmartpaysmartpaysmartpay\",\"key_file\":\"apiclient_key.pem\",\"cert_file\":\"apiclient_cert.pem\",\"pay_authorization_dir\":[\"\",\"\",\"\"],\"pay_native_callback\":\"\",\"pay_finish_notify\":\"1\",\"pay_alarm_notify\":\"\"}","enabled":1,"desc":null},{"innerid":"SE43RG3ASG-34GWW55A-34TG43HER452","name":"短信测试一","org_id":"1","shop_id":null,"settlement_id":null,"method_code":2,"method_code_key":"wechat_test1_2","function_mask":"10","config":"{\"url\" : \"http://211.147.239.62:9050/cgi-bin/sendsms\",\"username\" : \"shopperconnect@smartac\",\"password\" : \"shopCNT@smartc2016\"}","enabled":1,"desc":null},{"innerid":"SMFGSW423GWS-G43HTEHE2-HHEDR5462HS","name":"邮件测试一","org_id":"1","shop_id":null,"settlement_id":null,"method_code":3,"method_code_key":"wechat_test1_3","function_mask":"10","config":"{\"smtpserver\" : \"smtp.163.com\",\"port\": 25,\"username\" : \"zyqtest5@163.com\",\"password\" : \"zyqtest5881119\",\"SSL\":false}","enabled":1,"desc":null}]
[I] 14:51:28.508(0000000000071230):[AMQP0]AMQP0 connect 'amqp://guest:guest@172.16.0.81:5672' success!
[I] 14:51:28.517(0000000000071230):[AMQP4]AMQP4 connect 'amqp://guest:guest@172.16.0.81:5672' success!
[I] 14:51:28.518(0000000000071230):[AMQP1]AMQP1 connect 'amqp://guest:guest@172.16.0.81:5672' success!
[I] 14:51:28.520(0000000000071230):[AMQP5]AMQP5 connect 'amqp://guest:guest@172.16.0.81:5672' success!
[I] 14:51:28.520(0000000000071230):[AMQP6]AMQP6 connect 'amqp://guest:guest@172.16.0.81:5672' success!
[I] 14:51:28.524(0000000000071230):[AMQP8]AMQP8 connect 'amqp://guest:guest@172.16.0.81:5672' success!
[I] 14:51:28.526(0000000000071230):[AMQP7]AMQP7 connect 'amqp://guest:guest@172.16.0.81:5672' success!
[I] 14:51:28.528(0000000000071230):[AMQP0]success declare queue 'cf.rpc.1ebdcf50a28711e79e777d46cfd0157a'
[I] 14:51:28.530(0000000000071230):[AMQP0]success consume 'cf.rpc.1ebdcf50a28711e79e777d46cfd0157a'
[I] 14:51:28.532(0000000000071230):[AMQP1]success declare exchange 'amq.direct'
[I] 14:51:28.535(0000000000071230):[AMQP5]success declare exchange 'amq.direct'
[I] 14:51:28.536(0000000000071230):[AMQP4]success declare exchange 'amq.direct'
[I] 14:51:28.536(0000000000071230):[AMQP8]success declare exchange 'amq.direct'
[I] 14:51:28.537(0000000000071230):[AMQP0]success binding 'amq.direct'->'cf.rpc.1ebdcf50a28711e79e777d46cfd0157a'(cf.rpc.1ebdcf50a28711e79e777d46cfd0157a)
[I] 14:51:28.537(0000000000071230):[AMQP6]success declare exchange 'amq.direct'
[I] 14:51:28.537(0000000000071230):[AMQP7]success declare exchange 'amq.direct'
[I] 14:51:28.538(0000000000071230):[AMQP1]success declare queue 'cf.wechat.rpc.1f018f10a28711e79e777d46cfd0157a'
[I] 14:51:28.540(0000000000071230):[AMQP5]success declare queue 'cf.wechat.rpc.1f164f90a28711e79e777d46cfd0157a'
[I] 14:51:28.541(0000000000071230):[AMQP4]success declare queue 'cf.app.rpc.1f156530a28711e79e777d46cfd0157a'
[I] 14:51:28.542(0000000000071230):[AMQP1]success consume 'cf.wechat.rpc.1f018f10a28711e79e777d46cfd0157a'
[I] 14:51:28.543(0000000000071230):[AMQP6]success declare queue 'cf.wechat.rpc.1f1712e0a28711e79e777d46cfd0157a'
[I] 14:51:28.543(0000000000071230):[AMQP8]success declare queue 'cf.wechat.rpc.1f1a6e40a28711e79e777d46cfd0157a'
[I] 14:51:28.544(0000000000071230):[AMQP4]success consume 'cf.app.rpc.1f156530a28711e79e777d46cfd0157a'
[I] 14:51:28.544(0000000000071230):[AMQP5]success consume 'cf.wechat.rpc.1f164f90a28711e79e777d46cfd0157a'
[I] 14:51:28.544(0000000000071230):[AMQP0]success declare queue 'cf.wechat.rpc.1ecfa9a0a28711e79e777d46cfd0157a'
[I] 14:51:28.545(0000000000071230):[AMQP7]success declare queue 'sc.task.rpc.1f17fd40a28711e79e777d46cfd0157a'
[I] 14:51:28.545(0000000000071230):[AMQP6]success consume 'cf.wechat.rpc.1f1712e0a28711e79e777d46cfd0157a'
[I] 14:51:28.546(0000000000071230):[AMQP8]success consume 'cf.wechat.rpc.1f1a6e40a28711e79e777d46cfd0157a'
[I] 14:51:28.547(0000000000071230):[AMQP1]success binding 'amq.direct'->'cf.wechat.rpc.1f018f10a28711e79e777d46cfd0157a'(cf.wechat.rpc.1f018f10a28711e79e777d46cfd0157a)
[I] 14:51:28.547(0000000000071230):[AMQP0]success consume 'cf.wechat.rpc.1ecfa9a0a28711e79e777d46cfd0157a'
[I] 14:51:28.548(0000000000071230):[AMQP4]success binding 'amq.direct'->'cf.app.rpc.1f156530a28711e79e777d46cfd0157a'(cf.app.rpc.1f156530a28711e79e777d46cfd0157a)
[I] 14:51:28.548(0000000000071230):[AMQP5]success binding 'amq.direct'->'cf.wechat.rpc.1f164f90a28711e79e777d46cfd0157a'(cf.wechat.rpc.1f164f90a28711e79e777d46cfd0157a)
[I] 14:51:28.549(0000000000071230):[AMQP7]success consume 'sc.task.rpc.1f17fd40a28711e79e777d46cfd0157a'
[I] 14:51:28.550(0000000000071230):[AMQP6]success binding 'amq.direct'->'cf.wechat.rpc.1f1712e0a28711e79e777d46cfd0157a'(cf.wechat.rpc.1f1712e0a28711e79e777d46cfd0157a)
[I] 14:51:28.550(0000000000071230):[AMQP8]success binding 'amq.direct'->'cf.wechat.rpc.1f1a6e40a28711e79e777d46cfd0157a'(cf.wechat.rpc.1f1a6e40a28711e79e777d46cfd0157a)
[I] 14:51:28.551(0000000000071230):[AMQP0]success binding 'amq.direct'->'cf.wechat.rpc.1ecfa9a0a28711e79e777d46cfd0157a'(cf.wechat.rpc.1ecfa9a0a28711e79e777d46cfd0157a)
[I] 14:51:28.552(0000000000071230):[AMQP7]success binding 'amq.direct'->'sc.task.rpc.1f17fd40a28711e79e777d46cfd0157a'(sc.task.rpc.1f17fd40a28711e79e777d46cfd0157a)
[I] 14:51:28.553(0000000000071230):[AMQP4]success declare queue 'cf.wechat.rpc.1f158c40a28711e79e777d46cfd0157a'
[I] 14:51:28.553(0000000000071230):[AMQP0]success declare exchange 'cf.wechat.notify'
[I] 14:51:28.554(0000000000071230):[AMQP4]success consume 'cf.wechat.rpc.1f158c40a28711e79e777d46cfd0157a'
[I] 14:51:28.556(0000000000071230):[AMQP0]success declare queue 'jiaxingwang.sc_admin.wechat.1ed7e700a28711e79e777d46cfd0157a'
[I] 14:51:28.557(0000000000071230):[AMQP7]success declare queue 'sr.customer.rewardfail.1f17fd41a28711e79e777d46cfd0157a'
[I] 14:51:28.558(0000000000071230):[AMQP4]success binding 'amq.direct'->'cf.wechat.rpc.1f158c40a28711e79e777d46cfd0157a'(cf.wechat.rpc.1f158c40a28711e79e777d46cfd0157a)
[I] 14:51:28.558(0000000000071230):[AMQP0]success consume 'jiaxingwang.sc_admin.wechat.1ed7e700a28711e79e777d46cfd0157a'
[I] 14:51:28.559(0000000000071230):[AMQP7]success consume 'sr.customer.rewardfail.1f17fd41a28711e79e777d46cfd0157a'
[I] 14:51:28.561(0000000000071230):[AMQP4]success declare queue 'cf.rpc.1f15b350a28711e79e777d46cfd0157a'
[I] 14:51:28.562(0000000000071230):[AMQP7]success binding 'amq.direct'->'sr.customer.rewardfail.1f17fd41a28711e79e777d46cfd0157a'(sr.customer.rewardfail.1f17fd41a28711e79e777d46cfd0157a)
[I] 14:51:28.563(0000000000071230):[AMQP0]success binding 'cf.wechat.notify'->'jiaxingwang.sc_admin.wechat.1ed7e700a28711e79e777d46cfd0157a'(#)
[I] 14:51:28.563(0000000000071230):[AMQP4]success consume 'cf.rpc.1f15b350a28711e79e777d46cfd0157a'
[I] 14:51:28.567(0000000000071230):[AMQP0]success declare queue 'cf.app.rpc.1ed80e10a28711e79e777d46cfd0157a'
[I] 14:51:28.568(0000000000071230):[AMQP4]success binding 'amq.direct'->'cf.rpc.1f15b350a28711e79e777d46cfd0157a'(cf.rpc.1f15b350a28711e79e777d46cfd0157a)
[I] 14:51:28.569(0000000000071230):[AMQP0]success consume 'cf.app.rpc.1ed80e10a28711e79e777d46cfd0157a'
[I] 14:51:28.571(0000000000071230):[AMQP4]success declare queue 'sc.task.rpc.1f15b351a28711e79e777d46cfd0157a'
[I] 14:51:28.573(0000000000071230):[AMQP0]success binding 'amq.direct'->'cf.app.rpc.1ed80e10a28711e79e777d46cfd0157a'(cf.app.rpc.1ed80e10a28711e79e777d46cfd0157a)
[I] 14:51:28.573(0000000000071230):[AMQP4]success consume 'sc.task.rpc.1f15b351a28711e79e777d46cfd0157a'
[I] 14:51:28.576(0000000000071230):[AMQP0]success declare queue 'cf.alipay.rpc.1ed8f870a28711e79e777d46cfd0157a'
[I] 14:51:28.577(0000000000071230):[AMQP4]success binding 'amq.direct'->'sc.task.rpc.1f15b351a28711e79e777d46cfd0157a'(sc.task.rpc.1f15b351a28711e79e777d46cfd0157a)
[I] 14:51:28.578(0000000000071230):[AMQP0]success consume 'cf.alipay.rpc.1ed8f870a28711e79e777d46cfd0157a'
[I] 14:51:28.580(0000000000071230):[AMQP0]success binding 'amq.direct'->'cf.alipay.rpc.1ed8f870a28711e79e777d46cfd0157a'(cf.alipay.rpc.1ed8f870a28711e79e777d46cfd0157a)
[I] 14:51:28.584(0000000000071230):[AMQP0]success declare queue 'cf.ding.rpc.1edaa620a28711e79e777d46cfd0157a'
[I] 14:51:28.586(0000000000071230):[AMQP0]success consume 'cf.ding.rpc.1edaa620a28711e79e777d46cfd0157a'
[I] 14:51:28.588(0000000000071230):[AMQP0]success binding 'amq.direct'->'cf.ding.rpc.1edaa620a28711e79e777d46cfd0157a'(cf.ding.rpc.1edaa620a28711e79e777d46cfd0157a)
[I] 14:51:28.590(0000000000071230):[AMQP0]success declare exchange 'cf.ding.notify'
[I] 14:51:28.593(0000000000071230):[AMQP0]success declare queue 'jiaxingwang.sc_admin.ding.1ede2890a28711e79e777d46cfd0157a'
[I] 14:51:28.595(0000000000071230):[AMQP0]success consume 'jiaxingwang.sc_admin.ding.1ede2890a28711e79e777d46cfd0157a'
[I] 14:51:28.597(0000000000071230):[AMQP0]success binding 'cf.ding.notify'->'jiaxingwang.sc_admin.ding.1ede2890a28711e79e777d46cfd0157a'(#)
[I] 14:51:28.602(0000000000071230):[AMQP0]success declare queue 'sr.customer.rpc.1edf3a00a28711e79e777d46cfd0157a'
[I] 14:51:28.605(0000000000071230):[AMQP0]success consume 'sr.customer.rpc.1edf3a00a28711e79e777d46cfd0157a'
[I] 14:51:28.608(0000000000071230):[AMQP0]success binding 'amq.direct'->'sr.customer.rpc.1edf3a00a28711e79e777d46cfd0157a'(sr.customer.rpc.1edf3a00a28711e79e777d46cfd0157a)
[I] 14:51:28.609(0000000000071230):[AMQP0]success declare exchange 'amq.direct'
[I] 14:51:28.613(0000000000071230):[AMQP0]success declare queue 'sc.task.rpc.1f02eea0a28711e79e777d46cfd0157a'
[I] 14:51:28.615(0000000000071230):[AMQP0]success consume 'sc.task.rpc.1f02eea0a28711e79e777d46cfd0157a'
[I] 14:51:28.616(0000000000071230):[AMQP0]success binding 'amq.direct'->'sc.task.rpc.1f02eea0a28711e79e777d46cfd0157a'(sc.task.rpc.1f02eea0a28711e79e777d46cfd0157a)
[I] 14:51:28.620(0000000000071230):[AMQP0]success declare queue 'sr.customer.tag.rpc.1f081ec0a28711e79e777d46cfd0157a'
[I] 14:51:28.622(0000000000071230):[AMQP0]success consume 'sr.customer.tag.rpc.1f081ec0a28711e79e777d46cfd0157a'
[I] 14:51:28.624(0000000000071230):[AMQP0]success binding 'amq.direct'->'sr.customer.tag.rpc.1f081ec0a28711e79e777d46cfd0157a'(sr.customer.tag.rpc.1f081ec0a28711e79e777d46cfd0157a)
[I] 14:51:28.627(0000000000071230):[AMQP0]success declare queue 'sr.customer.point.rpc.1f0845d0a28711e79e777d46cfd0157a'
[I] 14:51:28.630(0000000000071230):[AMQP0]success consume 'sr.customer.point.rpc.1f0845d0a28711e79e777d46cfd0157a'
[I] 14:51:28.632(0000000000071230):[AMQP0]success binding 'amq.direct'->'sr.customer.point.rpc.1f0845d0a28711e79e777d46cfd0157a'(sr.customer.point.rpc.1f0845d0a28711e79e777d46cfd0157a)
[I] 14:51:28.635(0000000000071230):[AMQP0]success declare queue 'sr.customer.coupon_class.rpc.1f0d00c0a28711e79e777d46cfd0157a'
[I] 14:51:28.638(0000000000071230):[AMQP0]success consume 'sr.customer.coupon_class.rpc.1f0d00c0a28711e79e777d46cfd0157a'
[I] 14:51:28.640(0000000000071230):[AMQP0]success binding 'amq.direct'->'sr.customer.coupon_class.rpc.1f0d00c0a28711e79e777d46cfd0157a'(sr.customer.coupon_class.rpc.1f0d00c0a28711e79e777d46cfd0157a)
[I] 14:51:28.643(0000000000071230):[AMQP0]success declare queue 'sr.customer.coupon.rpc.1f0d00c1a28711e79e777d46cfd0157a'
[I] 14:51:28.645(0000000000071230):[AMQP0]success consume 'sr.customer.coupon.rpc.1f0d00c1a28711e79e777d46cfd0157a'
[I] 14:51:28.648(0000000000071230):[AMQP0]success binding 'amq.direct'->'sr.customer.coupon.rpc.1f0d00c1a28711e79e777d46cfd0157a'(sr.customer.coupon.rpc.1f0d00c1a28711e79e777d46cfd0157a)
[I] 14:51:28.652(0000000000071230):[AMQP0]success declare queue 'cf.wxpay.rpc.1f0f23a0a28711e79e777d46cfd0157a'
[I] 14:51:28.653(0000000000071230):[AMQP0]success consume 'cf.wxpay.rpc.1f0f23a0a28711e79e777d46cfd0157a'
[I] 14:51:28.655(0000000000071230):[AMQP0]success binding 'amq.direct'->'cf.wxpay.rpc.1f0f23a0a28711e79e777d46cfd0157a'(cf.wxpay.rpc.1f0f23a0a28711e79e777d46cfd0157a)
[I] 14:51:28.658(0000000000071230):[AMQP0]success declare queue 'cf.baidu.rpc.1f12a610a28711e79e777d46cfd0157a'
[I] 14:51:28.660(0000000000071230):[AMQP0]success consume 'cf.baidu.rpc.1f12a610a28711e79e777d46cfd0157a'
[I] 14:51:28.662(0000000000071230):[AMQP0]success binding 'amq.direct'->'cf.baidu.rpc.1f12a610a28711e79e777d46cfd0157a'(cf.baidu.rpc.1f12a610a28711e79e777d46cfd0157a)
[I] 14:51:28.665(0000000000071230):[AMQP0]success declare queue 'sr.trade.rpc.1f1935c0a28711e79e777d46cfd0157a'
[I] 14:51:28.667(0000000000071230):[AMQP0]success consume 'sr.trade.rpc.1f1935c0a28711e79e777d46cfd0157a'
[I] 14:51:28.669(0000000000071230):[AMQP0]success binding 'amq.direct'->'sr.trade.rpc.1f1935c0a28711e79e777d46cfd0157a'(sr.trade.rpc.1f1935c0a28711e79e777d46cfd0157a)
[I] 14:51:28.926(0000000000097A94):[AMQP0]created
[I] 14:51:28.935(0000000000097A94):[AMQP0]declare queue 'cf.rpc.1f68dc60a28711e790539352f141b8f4'
[I] 14:51:28.935(0000000000097A94):[RPCC:cf.rpc]create rpc client 'cf.rpc' in conn AMQP0
[I] 14:51:29.040(0000000000097A94):PBEncoder success load file 'E:\product\protocol\cf.proto.js'
[I] 14:51:29.041(0000000000097A94):[AMQP0]declare queue 'cf.wechat.rpc.1f790900a28711e790539352f141b8f4'
[I] 14:51:29.041(0000000000097A94):[RPCC:cf.wechat.rpc]create rpc client 'cf.wechat.rpc' in conn AMQP0
[I] 14:51:29.101(0000000000097A94):PBEncoder success load file 'E:\product\protocol\cf_wechat.proto.js'
[I] 14:51:29.102(0000000000097A94):[AMQP0]declare exchange 'cf.wechat.notify'
[I] 14:51:29.102(0000000000097A94):[AMQP0]declare queue 'jiaxingwang.sc_admin.wechat.1f827ee0a28711e790539352f141b8f4'
[I] 14:51:29.102(0000000000097A94):[AMQP0]declare queue 'cf.app.rpc.1f827ee1a28711e790539352f141b8f4'
[I] 14:51:29.103(0000000000097A94):[RPCC:cf.app.rpc]create rpc client 'cf.app.rpc' in conn AMQP0
[I] 14:51:29.107(0000000000097A94):PBEncoder success load file 'E:\product\protocol\cf_app.proto.js'
[I] 14:51:29.108(0000000000097A94):[AMQP0]declare queue 'cf.alipay.rpc.1f836940a28711e790539352f141b8f4'
[I] 14:51:29.108(0000000000097A94):[RPCC:cf.alipay.rpc]create rpc client 'cf.alipay.rpc' in conn AMQP0
[I] 14:51:29.115(0000000000097A94):PBEncoder success load file 'E:\product\protocol\cf_alipay.proto.js'
[I] 14:51:29.116(0000000000097A94):[AMQP0]declare queue 'cf.ding.rpc.1f84a1c0a28711e790539352f141b8f4'
[I] 14:51:29.116(0000000000097A94):[RPCC:cf.ding.rpc]create rpc client 'cf.ding.rpc' in conn AMQP0
[I] 14:51:29.126(0000000000097A94):PBEncoder success load file 'E:\product\protocol\cf_ding.proto.js'
[I] 14:51:29.127(0000000000097A94):[AMQP0]declare exchange 'cf.ding.notify'
[I] 14:51:29.127(0000000000097A94):[AMQP0]declare queue 'jiaxingwang.sc_admin.ding.1f864f70a28711e790539352f141b8f4'
[I] 14:51:29.127(0000000000097A94):[AM]init and reload account!
[I] 14:51:29.131(0000000000097A94):[AM]reload account success, account number is: 0
[I] 14:51:29.135(0000000000097A94):[AMQP0]declare queue 'sr.customer.rpc.1f8760e0a28711e790539352f141b8f4'
[I] 14:51:29.135(0000000000097A94):[RPCC:sr.customer.rpc]create rpc client 'sr.customer.rpc' in conn AMQP0
[I] 14:51:29.143(0000000000097A94):PBEncoder success load file 'E:\product\protocol\sr_customer.proto.js'
[W] 14:51:29.143(0000000000097A94):[AMQP0]rpc client 'cf.rpc' declare repeat!
[W] 14:51:29.144(0000000000097A94):[AMQP0]rpc client 'cf.wechat.rpc' declare repeat!
[W] 14:51:29.144(0000000000097A94):[AMQP0]rpc client 'cf.app.rpc' declare repeat!
[I] 14:51:29.296(0000000000097A94):PBEncoder success load file 'E:\product\protocol\sc_system.proto.js'
[I] 14:51:29.332(0000000000097A94):[AMQP1]created
[I] 14:51:29.333(0000000000097A94):[AMQP1]declare exchange 'amq.direct'
[I] 14:51:29.334(0000000000097A94):[AMQP1]declare queue 'cf.wechat.rpc.1fa5e560a28711e790539352f141b8f4'
[I] 14:51:29.335(0000000000097A94):[RPCC:cf.wechat.rpc]create rpc client 'cf.wechat.rpc' in conn AMQP1
[I] 14:51:29.336(0000000000097A94):[AMQP2]created
[I] 14:51:29.341(0000000000097A94):[AMQP0]declare exchange 'amq.direct'
[I] 14:51:29.341(0000000000097A94):[AMQP0]declare queue 'sc.task.rpc.1fa6f6d0a28711e790539352f141b8f4'
[I] 14:51:29.341(0000000000097A94):[RPCC:sc.task.rpc]create rpc client 'sc.task.rpc' in conn AMQP0
[I] 14:51:29.348(0000000000097A94):PBEncoder success load file 'E:\product\protocol\sc_task.proto.js'
[I] 14:51:29.376(0000000000097A94):[AMQP0]declare queue 'sr.customer.tag.rpc.1fac4e00a28711e790539352f141b8f4'
[I] 14:51:29.377(0000000000097A94):[RPCC:sr.customer.tag.rpc]create rpc client 'sr.customer.tag.rpc' in conn AMQP0
[I] 14:51:29.377(0000000000097A94):[AMQP0]declare queue 'sr.customer.point.rpc.1fac7510a28711e790539352f141b8f4'
[I] 14:51:29.377(0000000000097A94):[RPCC:sr.customer.point.rpc]create rpc client 'sr.customer.point.rpc' in conn AMQP0
[I] 14:51:29.384(0000000000097A94):PBEncoder success load file 'E:\product\protocol\sr_customer_point.proto.js'
[I] 14:51:29.390(0000000000097A94):PBEncoder success load file 'E:\product\protocol\sr_customer_tag.proto.js'
[W] 14:51:29.399(0000000000097A94):[AMQP0]rpc client 'cf.wechat.rpc' declare repeat!
[I] 14:51:29.400(0000000000097A94):[AMQP0]declare queue 'sr.customer.coupon_class.rpc.1faff780a28711e790539352f141b8f4'
[I] 14:51:29.400(0000000000097A94):[RPCC:sr.customer.coupon_class.rpc]create rpc client 'sr.customer.coupon_class.rpc' in conn AMQP0
[I] 14:51:29.400(0000000000097A94):[AMQP0]declare queue 'sr.customer.coupon.rpc.1faff781a28711e790539352f141b8f4'
[I] 14:51:29.401(0000000000097A94):[RPCC:sr.customer.coupon.rpc]create rpc client 'sr.customer.coupon.rpc' in conn AMQP0
[I] 14:51:29.412(0000000000097A94):PBEncoder success load file 'E:\product\protocol\sr_customer_coupon.proto.js'
[W] 14:51:29.413(0000000000097A94):[AMQP0]rpc client 'cf.wechat.rpc' declare repeat!
[I] 14:51:29.413(0000000000097A94):[AMQP0]declare queue 'cf.wxpay.rpc.1fb1f350a28711e790539352f141b8f4'
[I] 14:51:29.413(0000000000097A94):[RPCC:cf.wxpay.rpc]create rpc client 'cf.wxpay.rpc' in conn AMQP0
[I] 14:51:29.427(0000000000097A94):PBEncoder success load file 'E:\product\protocol\cf_wxpay.proto.js'
[W] 14:51:29.427(0000000000097A94):[AMQP0]rpc client 'sr.customer.point.rpc' declare repeat!
[W] 14:51:29.434(0000000000097A94):[AMQP0]exchange amq.direct already declare!!
[W] 14:51:29.434(0000000000097A94):[AMQP0]rpc client 'sr.customer.rpc' declare repeat!
[W] 14:51:29.434(0000000000097A94):[AMQP0]rpc client 'sr.customer.coupon.rpc' declare repeat!
[W] 14:51:29.435(0000000000097A94):[AMQP0]rpc client 'cf.wechat.rpc' declare repeat!
[W] 14:51:29.437(0000000000097A94):[AMQP0]exchange amq.direct already declare!!
[I] 14:51:29.437(0000000000097A94):[AMQP0]declare queue 'cf.baidu.rpc.1fb59cd0a28711e790539352f141b8f4'
[I] 14:51:29.437(0000000000097A94):[RPCC:cf.baidu.rpc]create rpc client 'cf.baidu.rpc' in conn AMQP0
[I] 14:51:29.441(0000000000097A94):PBEncoder success load file 'E:\product\protocol\cf_baidu.proto.js'
[I] 14:51:29.446(0000000000097A94):[AMQP3]created
[I] 14:51:29.454(0000000000097A94):[AMQP4]created
[I] 14:51:29.455(0000000000097A94):[AMQP4]declare exchange 'amq.direct'
[I] 14:51:29.455(0000000000097A94):[AMQP4]declare queue 'cf.app.rpc.1fb85bf0a28711e790539352f141b8f4'
[I] 14:51:29.455(0000000000097A94):[RPCC:cf.app.rpc]create rpc client 'cf.app.rpc' in conn AMQP4
[I] 14:51:29.455(0000000000097A94):[AMQP4]declare queue 'cf.wechat.rpc.1fb85bf1a28711e790539352f141b8f4'
[I] 14:51:29.455(0000000000097A94):[RPCC:cf.wechat.rpc]create rpc client 'cf.wechat.rpc' in conn AMQP4
[I] 14:51:29.456(0000000000097A94):[AMQP4]declare queue 'cf.rpc.1fb88300a28711e790539352f141b8f4'
[I] 14:51:29.456(0000000000097A94):[RPCC:cf.rpc]create rpc client 'cf.rpc' in conn AMQP4
[I] 14:51:29.456(0000000000097A94):[AMQP4]declare queue 'sc.task.rpc.1fb88301a28711e790539352f141b8f4'
[I] 14:51:29.456(0000000000097A94):[RPCC:sc.task.rpc]create rpc client 'sc.task.rpc' in conn AMQP4
[I] 14:51:29.459(0000000000097A94):[AMQP5]created
[I] 14:51:29.459(0000000000097A94):[AMQP5]declare exchange 'amq.direct'
[I] 14:51:29.459(0000000000097A94):[AMQP5]declare queue 'cf.wechat.rpc.1fb8f830a28711e790539352f141b8f4'
[I] 14:51:29.460(0000000000097A94):[RPCC:cf.wechat.rpc]create rpc client 'cf.wechat.rpc' in conn AMQP5
[W] 14:51:29.461(0000000000097A94):[AMQP0]rpc client 'sr.customer.point.rpc' declare repeat!
[I] 14:51:29.463(0000000000097A94):[AMQP6]created
[I] 14:51:29.463(0000000000097A94):[AMQP6]declare exchange 'amq.direct'
[I] 14:51:29.464(0000000000097A94):[AMQP6]declare queue 'cf.wechat.rpc.1fb99470a28711e790539352f141b8f4'
[I] 14:51:29.464(0000000000097A94):[RPCC:cf.wechat.rpc]create rpc client 'cf.wechat.rpc' in conn AMQP6
[I] 14:51:29.468(0000000000097A94):[AMQP7]created
[I] 14:51:29.469(0000000000097A94):[AMQP7]declare exchange 'amq.direct'
[I] 14:51:29.469(0000000000097A94):[AMQP7]declare queue 'sc.task.rpc.1fba7ed0a28711e790539352f141b8f4'
[I] 14:51:29.469(0000000000097A94):[RPCC:sc.task.rpc]create rpc client 'sc.task.rpc' in conn AMQP7
[I] 14:51:29.470(0000000000097A94):[AMQP7]declare queue 'sr.customer.rewardfail.1fba7ed1a28711e790539352f141b8f4'
[I] 14:51:29.470(0000000000097A94):[RPCC:sr.customer.rewardfail]create rpc client 'sr.customer.rewardfail' in conn AMQP7
[W] 14:51:29.473(0000000000097A94):[AMQP0]exchange amq.direct already declare!!
[W] 14:51:29.473(0000000000097A94):[AMQP0]rpc client 'sr.customer.tag.rpc' declare repeat!
[W] 14:51:29.473(0000000000097A94):[AMQP0]rpc client 'sc.task.rpc' declare repeat!
[W] 14:51:29.476(0000000000097A94):[AMQP0]exchange amq.direct already declare!!
[I] 14:51:29.476(0000000000097A94):[AMQP0]declare queue 'sr.trade.rpc.1fbb9040a28711e790539352f141b8f4'
[I] 14:51:29.476(0000000000097A94):[RPCC:sr.trade.rpc]create rpc client 'sr.trade.rpc' in conn AMQP0
[I] 14:51:29.479(0000000000097A94):PBEncoder success load file 'E:\product\protocol\sr_trade.proto.js'
[I] 14:51:29.482(0000000000097A94):[AMQP8]created
[I] 14:51:29.482(0000000000097A94):[AMQP8]declare exchange 'amq.direct'
[I] 14:51:29.483(0000000000097A94):[AMQP8]declare queue 'cf.wechat.rpc.1fbca1b0a28711e790539352f141b8f4'
[I] 14:51:29.483(0000000000097A94):[RPCC:cf.wechat.rpc]create rpc client 'cf.wechat.rpc' in conn AMQP8
[T] 14:51:29.502(0000000000097A94):Http is running,port is 18910
[I] 14:51:29.506(0000000000097A94):[redis]redis connect
[I] 14:51:29.518(0000000000097A94):[redis]redis ready
[I] 14:51:29.521(0000000000097A94):[MP1]create connection #0
[T] 14:51:29.522(0000000000097A94):[MP1]getConnection success,getIndex=0
[I] 14:51:29.522(0000000000097A94):[MP1]create connection #1
[T] 14:51:29.522(0000000000097A94):[MP1]getConnection success,getIndex=1
[T] 14:51:29.529(0000000000097A94):[MySQL]Query success,used time:6 ms,sql="select * from cf_account where enabled=1 and function_mask like \"1%\""
[T] 14:51:29.536(0000000000097A94):[MySQL]Query success,used time:11 ms,sql="SELECT * FROM `sc_org`"
[T] 14:51:29.537(0000000000097A94):getConnection release,getIndex=0
[T] 14:51:29.537(0000000000097A94):getConnection release,getIndex=1
[I] 14:51:29.538(0000000000097A94):[AM]get account list success: [{"innerid":"HEDV35FASG-DGW423A-34TGGW53AAD66","name":"乐逛演示","org_id":"1","shop_id":null,"settlement_id":null,"method_code":1,"method_code_key":"wechat_test3_1","function_mask":"10","config":"{\"accountid\":\"gh_92368265694f\",\"fee_type\":\"CNY\",\"appid\":\"wx39bf9ff3da6fc1e7\",\"appsecret\":\"e00fc51118b318fb99cff35d217865fc\",\"mch_id\":\"1287801701\",\"sub_mch_id\":\"\",\"sign_key\":\"smartpaysmartpaysmartpaysmartpay\",\"key_file\":\"apiclient_key.pem\",\"cert_file\":\"apiclient_cert.pem\",\"pay_authorization_dir\":[\"\",\"\",\"\"],\"pay_native_callback\":\"\",\"pay_finish_notify\":\"1\",\"pay_alarm_notify\":\"\"}","enabled":1,"desc":null},{"innerid":"SE43RG3ASG-34GWW55A-34TG43HER452","name":"短信测试一","org_id":"1","shop_id":null,"settlement_id":null,"method_code":2,"method_code_key":"wechat_test1_2","function_mask":"10","config":"{\"url\" : \"http://211.147.239.62:9050/cgi-bin/sendsms\",\"username\" : \"shopperconnect@smartac\",\"password\" : \"shopCNT@smartc2016\"}","enabled":1,"desc":null},{"innerid":"SMFGSW423GWS-G43HTEHE2-HHEDR5462HS","name":"邮件测试一","org_id":"1","shop_id":null,"settlement_id":null,"method_code":3,"method_code_key":"wechat_test1_3","function_mask":"10","config":"{\"smtpserver\" : \"smtp.163.com\",\"port\": 25,\"username\" : \"zyqtest5@163.com\",\"password\" : \"zyqtest5881119\",\"SSL\":false}","enabled":1,"desc":null}]
[I] 14:51:29.568(0000000000097A94):[AMQP0]AMQP0 connect 'amqp://guest:guest@172.16.0.81:5672' success!
[I] 14:51:29.572(0000000000097A94):[AMQP5]AMQP5 connect 'amqp://guest:guest@172.16.0.81:5672' success!
[I] 14:51:29.573(0000000000097A94):[AMQP4]AMQP4 connect 'amqp://guest:guest@172.16.0.81:5672' success!
[I] 14:51:29.573(0000000000097A94):[AMQP6]AMQP6 connect 'amqp://guest:guest@172.16.0.81:5672' success!
[I] 14:51:29.575(0000000000097A94):[AMQP1]AMQP1 connect 'amqp://guest:guest@172.16.0.81:5672' success!
[I] 14:51:29.575(0000000000097A94):[AMQP7]AMQP7 connect 'amqp://guest:guest@172.16.0.81:5672' success!
[I] 14:51:29.576(0000000000097A94):[AMQP8]AMQP8 connect 'amqp://guest:guest@172.16.0.81:5672' success!
[I] 14:51:29.588(0000000000097A94):[AMQP0]success declare queue 'cf.rpc.1f68dc60a28711e790539352f141b8f4'
[I] 14:51:29.588(0000000000097A94):[AMQP7]success declare exchange 'amq.direct'
[I] 14:51:29.589(0000000000097A94):[AMQP5]success declare exchange 'amq.direct'
[I] 14:51:29.590(0000000000097A94):[AMQP4]success declare exchange 'amq.direct'
[I] 14:51:29.591(0000000000097A94):[AMQP8]success declare exchange 'amq.direct'
[I] 14:51:29.592(0000000000097A94):[AMQP1]success declare exchange 'amq.direct'
[I] 14:51:29.592(0000000000097A94):[AMQP6]success declare exchange 'amq.direct'
[I] 14:51:29.593(0000000000097A94):[AMQP0]success consume 'cf.rpc.1f68dc60a28711e790539352f141b8f4'
[I] 14:51:29.595(0000000000097A94):[AMQP7]success declare queue 'sc.task.rpc.1fba7ed0a28711e790539352f141b8f4'
[I] 14:51:29.595(0000000000097A94):[AMQP5]success declare queue 'cf.wechat.rpc.1fb8f830a28711e790539352f141b8f4'
[I] 14:51:29.596(0000000000097A94):[AMQP4]success declare queue 'cf.app.rpc.1fb85bf0a28711e790539352f141b8f4'
[I] 14:51:29.598(0000000000097A94):[AMQP7]success consume 'sc.task.rpc.1fba7ed0a28711e790539352f141b8f4'
[I] 14:51:29.599(0000000000097A94):[AMQP0]success binding 'amq.direct'->'cf.rpc.1f68dc60a28711e790539352f141b8f4'(cf.rpc.1f68dc60a28711e790539352f141b8f4)
[I] 14:51:29.599(0000000000097A94):[AMQP5]success consume 'cf.wechat.rpc.1fb8f830a28711e790539352f141b8f4'
[I] 14:51:29.600(0000000000097A94):[AMQP8]success declare queue 'cf.wechat.rpc.1fbca1b0a28711e790539352f141b8f4'
[I] 14:51:29.601(0000000000097A94):[AMQP1]success declare queue 'cf.wechat.rpc.1fa5e560a28711e790539352f141b8f4'
[I] 14:51:29.601(0000000000097A94):[AMQP6]success declare queue 'cf.wechat.rpc.1fb99470a28711e790539352f141b8f4'
[I] 14:51:29.601(0000000000097A94):[AMQP4]success consume 'cf.app.rpc.1fb85bf0a28711e790539352f141b8f4'
[I] 14:51:29.602(0000000000097A94):[AMQP8]success consume 'cf.wechat.rpc.1fbca1b0a28711e790539352f141b8f4'
[I] 14:51:29.602(0000000000097A94):[AMQP7]success binding 'amq.direct'->'sc.task.rpc.1fba7ed0a28711e790539352f141b8f4'(sc.task.rpc.1fba7ed0a28711e790539352f141b8f4)
[I] 14:51:29.603(0000000000097A94):[AMQP1]success consume 'cf.wechat.rpc.1fa5e560a28711e790539352f141b8f4'
[I] 14:51:29.604(0000000000097A94):[AMQP5]success binding 'amq.direct'->'cf.wechat.rpc.1fb8f830a28711e790539352f141b8f4'(cf.wechat.rpc.1fb8f830a28711e790539352f141b8f4)
[I] 14:51:29.605(0000000000097A94):[AMQP6]success consume 'cf.wechat.rpc.1fb99470a28711e790539352f141b8f4'
[I] 14:51:29.607(0000000000097A94):[AMQP4]success binding 'amq.direct'->'cf.app.rpc.1fb85bf0a28711e790539352f141b8f4'(cf.app.rpc.1fb85bf0a28711e790539352f141b8f4)
[I] 14:51:29.608(0000000000097A94):[AMQP0]success declare queue 'cf.wechat.rpc.1f790900a28711e790539352f141b8f4'
[I] 14:51:29.609(0000000000097A94):[AMQP8]success binding 'amq.direct'->'cf.wechat.rpc.1fbca1b0a28711e790539352f141b8f4'(cf.wechat.rpc.1fbca1b0a28711e790539352f141b8f4)
[I] 14:51:29.609(0000000000097A94):[AMQP7]success declare queue 'sr.customer.rewardfail.1fba7ed1a28711e790539352f141b8f4'
[I] 14:51:29.610(0000000000097A94):[AMQP1]success binding 'amq.direct'->'cf.wechat.rpc.1fa5e560a28711e790539352f141b8f4'(cf.wechat.rpc.1fa5e560a28711e790539352f141b8f4)
[I] 14:51:29.610(0000000000097A94):[AMQP6]success binding 'amq.direct'->'cf.wechat.rpc.1fb99470a28711e790539352f141b8f4'(cf.wechat.rpc.1fb99470a28711e790539352f141b8f4)
[I] 14:51:29.611(0000000000097A94):[AMQP0]success consume 'cf.wechat.rpc.1f790900a28711e790539352f141b8f4'
[I] 14:51:29.612(0000000000097A94):[AMQP7]success consume 'sr.customer.rewardfail.1fba7ed1a28711e790539352f141b8f4'
[I] 14:51:29.613(0000000000097A94):[AMQP4]success declare queue 'cf.wechat.rpc.1fb85bf1a28711e790539352f141b8f4'
[I] 14:51:29.614(0000000000097A94):[AMQP0]success binding 'amq.direct'->'cf.wechat.rpc.1f790900a28711e790539352f141b8f4'(cf.wechat.rpc.1f790900a28711e790539352f141b8f4)
[I] 14:51:29.614(0000000000097A94):[AMQP7]success binding 'amq.direct'->'sr.customer.rewardfail.1fba7ed1a28711e790539352f141b8f4'(sr.customer.rewardfail.1fba7ed1a28711e790539352f141b8f4)
[I] 14:51:29.615(0000000000097A94):[AMQP4]success consume 'cf.wechat.rpc.1fb85bf1a28711e790539352f141b8f4'
[I] 14:51:29.615(0000000000097A94):[AMQP0]success declare exchange 'cf.wechat.notify'
[I] 14:51:29.617(0000000000097A94):[AMQP4]success binding 'amq.direct'->'cf.wechat.rpc.1fb85bf1a28711e790539352f141b8f4'(cf.wechat.rpc.1fb85bf1a28711e790539352f141b8f4)
[I] 14:51:29.618(0000000000097A94):[AMQP0]success declare queue 'jiaxingwang.sc_admin.wechat.1f827ee0a28711e790539352f141b8f4'
[I] 14:51:29.620(0000000000097A94):[AMQP4]success declare queue 'cf.rpc.1fb88300a28711e790539352f141b8f4'
[I] 14:51:29.621(0000000000097A94):[AMQP0]success consume 'jiaxingwang.sc_admin.wechat.1f827ee0a28711e790539352f141b8f4'
[I] 14:51:29.622(0000000000097A94):[AMQP4]success consume 'cf.rpc.1fb88300a28711e790539352f141b8f4'
[I] 14:51:29.623(0000000000097A94):[AMQP0]success binding 'cf.wechat.notify'->'jiaxingwang.sc_admin.wechat.1f827ee0a28711e790539352f141b8f4'(#)
[I] 14:51:29.624(0000000000097A94):[AMQP4]success binding 'amq.direct'->'cf.rpc.1fb88300a28711e790539352f141b8f4'(cf.rpc.1fb88300a28711e790539352f141b8f4)
[I] 14:51:29.627(0000000000097A94):[AMQP0]success declare queue 'cf.app.rpc.1f827ee1a28711e790539352f141b8f4'
[I] 14:51:29.628(0000000000097A94):[AMQP4]success declare queue 'sc.task.rpc.1fb88301a28711e790539352f141b8f4'
[I] 14:51:29.629(0000000000097A94):[AMQP0]success consume 'cf.app.rpc.1f827ee1a28711e790539352f141b8f4'
[I] 14:51:29.630(0000000000097A94):[AMQP4]success consume 'sc.task.rpc.1fb88301a28711e790539352f141b8f4'
[I] 14:51:29.631(0000000000097A94):[AMQP0]success binding 'amq.direct'->'cf.app.rpc.1f827ee1a28711e790539352f141b8f4'(cf.app.rpc.1f827ee1a28711e790539352f141b8f4)
[I] 14:51:29.633(0000000000097A94):[AMQP4]success binding 'amq.direct'->'sc.task.rpc.1fb88301a28711e790539352f141b8f4'(sc.task.rpc.1fb88301a28711e790539352f141b8f4)
[I] 14:51:29.635(0000000000097A94):[AMQP0]success declare queue 'cf.alipay.rpc.1f836940a28711e790539352f141b8f4'
[I] 14:51:29.636(0000000000097A94):[AMQP0]success consume 'cf.alipay.rpc.1f836940a28711e790539352f141b8f4'
[I] 14:51:29.638(0000000000097A94):[AMQP0]success binding 'amq.direct'->'cf.alipay.rpc.1f836940a28711e790539352f141b8f4'(cf.alipay.rpc.1f836940a28711e790539352f141b8f4)
[I] 14:51:29.641(0000000000097A94):[AMQP0]success declare queue 'cf.ding.rpc.1f84a1c0a28711e790539352f141b8f4'
[I] 14:51:29.643(0000000000097A94):[AMQP0]success consume 'cf.ding.rpc.1f84a1c0a28711e790539352f141b8f4'
[I] 14:51:29.644(0000000000097A94):[AMQP0]success binding 'amq.direct'->'cf.ding.rpc.1f84a1c0a28711e790539352f141b8f4'(cf.ding.rpc.1f84a1c0a28711e790539352f141b8f4)
[I] 14:51:29.646(0000000000097A94):[AMQP0]success declare exchange 'cf.ding.notify'
[I] 14:51:29.649(0000000000097A94):[AMQP0]success declare queue 'jiaxingwang.sc_admin.ding.1f864f70a28711e790539352f141b8f4'
[I] 14:51:29.650(0000000000097A94):[AMQP0]success consume 'jiaxingwang.sc_admin.ding.1f864f70a28711e790539352f141b8f4'
[I] 14:51:29.652(0000000000097A94):[AMQP0]success binding 'cf.ding.notify'->'jiaxingwang.sc_admin.ding.1f864f70a28711e790539352f141b8f4'(#)
[I] 14:51:29.655(0000000000097A94):[AMQP0]success declare queue 'sr.customer.rpc.1f8760e0a28711e790539352f141b8f4'
[I] 14:51:29.658(0000000000097A94):[AMQP0]success consume 'sr.customer.rpc.1f8760e0a28711e790539352f141b8f4'
[I] 14:51:29.661(0000000000097A94):[AMQP0]success binding 'amq.direct'->'sr.customer.rpc.1f8760e0a28711e790539352f141b8f4'(sr.customer.rpc.1f8760e0a28711e790539352f141b8f4)
[I] 14:51:29.662(0000000000097A94):[AMQP0]success declare exchange 'amq.direct'
[I] 14:51:29.664(0000000000097A94):[AMQP0]success declare queue 'sc.task.rpc.1fa6f6d0a28711e790539352f141b8f4'
[I] 14:51:29.666(0000000000097A94):[AMQP0]success consume 'sc.task.rpc.1fa6f6d0a28711e790539352f141b8f4'
[I] 14:51:29.668(0000000000097A94):[AMQP0]success binding 'amq.direct'->'sc.task.rpc.1fa6f6d0a28711e790539352f141b8f4'(sc.task.rpc.1fa6f6d0a28711e790539352f141b8f4)
[I] 14:51:29.671(0000000000097A94):[AMQP0]success declare queue 'sr.customer.tag.rpc.1fac4e00a28711e790539352f141b8f4'
[I] 14:51:29.672(0000000000097A94):[AMQP0]success consume 'sr.customer.tag.rpc.1fac4e00a28711e790539352f141b8f4'
[I] 14:51:29.674(0000000000097A94):[AMQP0]success binding 'amq.direct'->'sr.customer.tag.rpc.1fac4e00a28711e790539352f141b8f4'(sr.customer.tag.rpc.1fac4e00a28711e790539352f141b8f4)
[I] 14:51:29.677(0000000000097A94):[AMQP0]success declare queue 'sr.customer.point.rpc.1fac7510a28711e790539352f141b8f4'
[I] 14:51:29.678(0000000000097A94):[AMQP0]success consume 'sr.customer.point.rpc.1fac7510a28711e790539352f141b8f4'
[I] 14:51:29.681(0000000000097A94):[AMQP0]success binding 'amq.direct'->'sr.customer.point.rpc.1fac7510a28711e790539352f141b8f4'(sr.customer.point.rpc.1fac7510a28711e790539352f141b8f4)
[I] 14:51:29.684(0000000000097A94):[AMQP0]success declare queue 'sr.customer.coupon_class.rpc.1faff780a28711e790539352f141b8f4'
[I] 14:51:29.686(0000000000097A94):[AMQP0]success consume 'sr.customer.coupon_class.rpc.1faff780a28711e790539352f141b8f4'
[I] 14:51:29.688(0000000000097A94):[AMQP0]success binding 'amq.direct'->'sr.customer.coupon_class.rpc.1faff780a28711e790539352f141b8f4'(sr.customer.coupon_class.rpc.1faff780a28711e790539352f141b8f4)
[I] 14:51:29.691(0000000000097A94):[AMQP0]success declare queue 'sr.customer.coupon.rpc.1faff781a28711e790539352f141b8f4'
[I] 14:51:29.693(0000000000097A94):[AMQP0]success consume 'sr.customer.coupon.rpc.1faff781a28711e790539352f141b8f4'
[I] 14:51:29.694(0000000000097A94):[AMQP0]success binding 'amq.direct'->'sr.customer.coupon.rpc.1faff781a28711e790539352f141b8f4'(sr.customer.coupon.rpc.1faff781a28711e790539352f141b8f4)
[I] 14:51:29.698(0000000000097A94):[AMQP0]success declare queue 'cf.wxpay.rpc.1fb1f350a28711e790539352f141b8f4'
[I] 14:51:29.699(0000000000097A94):[AMQP0]success consume 'cf.wxpay.rpc.1fb1f350a28711e790539352f141b8f4'
[I] 14:51:29.701(0000000000097A94):[AMQP0]success binding 'amq.direct'->'cf.wxpay.rpc.1fb1f350a28711e790539352f141b8f4'(cf.wxpay.rpc.1fb1f350a28711e790539352f141b8f4)
[I] 14:51:29.704(0000000000097A94):[AMQP0]success declare queue 'cf.baidu.rpc.1fb59cd0a28711e790539352f141b8f4'
[I] 14:51:29.705(0000000000097A94):[AMQP0]success consume 'cf.baidu.rpc.1fb59cd0a28711e790539352f141b8f4'
[I] 14:51:29.707(0000000000097A94):[AMQP0]success binding 'amq.direct'->'cf.baidu.rpc.1fb59cd0a28711e790539352f141b8f4'(cf.baidu.rpc.1fb59cd0a28711e790539352f141b8f4)
[I] 14:51:29.710(0000000000097A94):[AMQP0]success declare queue 'sr.trade.rpc.1fbb9040a28711e790539352f141b8f4'
[I] 14:51:29.711(0000000000097A94):[AMQP0]success consume 'sr.trade.rpc.1fbb9040a28711e790539352f141b8f4'
[I] 14:51:29.713(0000000000097A94):[AMQP0]success binding 'amq.direct'->'sr.trade.rpc.1fbb9040a28711e790539352f141b8f4'(sr.trade.rpc.1fbb9040a28711e790539352f141b8f4)
[I] 14:56:28.720(0000000000076EB8):[redis]redis close
[T] 14:56:28.721(0000000000076EB8):[redis]redis reconnecting
[I] 14:56:28.727(0000000000076EB8):[redis]redis connect
[I] 14:56:28.729(0000000000076EB8):[redis]redis ready
[I] 14:56:29.824(0000000000071230):[redis]redis close
[T] 14:56:29.824(0000000000071230):[redis]redis reconnecting
[I] 14:56:29.828(0000000000071230):[redis]redis connect
[I] 14:56:29.830(0000000000071230):[redis]redis ready
[I] 14:56:30.928(0000000000097A94):[redis]redis close
[T] 14:56:30.928(0000000000097A94):[redis]redis reconnecting
[I] 14:56:30.934(0000000000097A94):[redis]redis connect
[I] 14:56:30.936(0000000000097A94):[redis]redis ready
[I] 15:01:29.084(0000000000076EB8):[redis]redis close
[T] 15:01:29.084(0000000000076EB8):[redis]redis reconnecting
[I] 15:01:29.088(0000000000076EB8):[redis]redis connect
[I] 15:01:29.089(0000000000076EB8):[redis]redis ready
[I] 15:01:30.188(0000000000071230):[redis]redis close
[T] 15:01:30.188(0000000000071230):[redis]redis reconnecting
[I] 15:01:30.192(0000000000071230):[redis]redis connect
[I] 15:01:30.194(0000000000071230):[redis]redis ready
[I] 15:01:31.292(0000000000097A94):[redis]redis close
[T] 15:01:31.292(0000000000097A94):[redis]redis reconnecting
[I] 15:01:31.296(0000000000097A94):[redis]redis connect
[I] 15:01:31.298(0000000000097A94):[redis]redis ready
[I] 15:06:30.741(0000000000076EB8):[redis]redis close
[T] 15:06:30.741(0000000000076EB8):[redis]redis reconnecting
[I] 15:06:30.747(0000000000076EB8):[redis]redis connect
[I] 15:06:30.749(0000000000076EB8):[redis]redis ready
[I] 15:06:31.844(0000000000071230):[redis]redis close
[T] 15:06:31.844(0000000000071230):[redis]redis reconnecting
[I] 15:06:31.848(0000000000071230):[redis]redis connect
[I] 15:06:31.849(0000000000071230):[redis]redis ready
[I] 15:06:32.945(0000000000097A94):[redis]redis close
[T] 15:06:32.945(0000000000097A94):[redis]redis reconnecting
[I] 15:06:32.951(0000000000097A94):[redis]redis connect
[I] 15:06:32.952(0000000000097A94):[redis]redis ready
[I] 15:11:32.051(0000000000076EB8):[redis]redis close
[T] 15:11:32.052(0000000000076EB8):[redis]redis reconnecting
[I] 15:11:32.056(0000000000076EB8):[redis]redis connect
[I] 15:11:32.057(0000000000076EB8):[redis]redis ready
[I] 15:11:32.151(0000000000071230):[redis]redis close
[T] 15:11:32.151(0000000000071230):[redis]redis reconnecting
[I] 15:11:32.156(0000000000071230):[redis]redis connect
[I] 15:11:32.158(0000000000071230):[redis]redis ready
[I] 15:11:33.252(0000000000097A94):[redis]redis close
[T] 15:11:33.252(0000000000097A94):[redis]redis reconnecting
[I] 15:11:33.255(0000000000097A94):[redis]redis connect
[I] 15:11:33.257(0000000000097A94):[redis]redis ready
[I] 15:16:32.638(0000000000076EB8):[redis]redis close
[T] 15:16:32.638(0000000000076EB8):[redis]redis reconnecting
[I] 15:16:32.641(0000000000076EB8):[redis]redis connect
[I] 15:16:32.642(0000000000076EB8):[redis]redis ready
[I] 15:16:33.739(0000000000071230):[redis]redis close
[T] 15:16:33.739(0000000000071230):[redis]redis reconnecting
[I] 15:16:33.744(0000000000071230):[redis]redis connect
[I] 15:16:33.745(0000000000071230):[redis]redis ready
[I] 15:16:34.741(0000000000097A94):[redis]redis close
[T] 15:16:34.741(0000000000097A94):[redis]redis reconnecting
[I] 15:16:34.744(0000000000097A94):[redis]redis connect
[I] 15:16:34.746(0000000000097A94):[redis]redis ready
[I] 15:21:33.802(0000000000076EB8):[redis]redis close
[T] 15:21:33.802(0000000000076EB8):[redis]redis reconnecting
[I] 15:21:33.806(0000000000076EB8):[redis]redis connect
[I] 15:21:33.808(0000000000076EB8):[redis]redis ready
[I] 15:21:34.905(0000000000071230):[redis]redis close
[T] 15:21:34.905(0000000000071230):[redis]redis reconnecting
[I] 15:21:34.908(0000000000071230):[redis]redis connect
[I] 15:21:34.909(0000000000071230):[redis]redis ready
[I] 15:21:35.905(0000000000097A94):[redis]redis close
[T] 15:21:35.906(0000000000097A94):[redis]redis reconnecting
[I] 15:21:35.909(0000000000097A94):[redis]redis connect
[I] 15:21:35.911(0000000000097A94):[redis]redis ready
[I] 15:26:34.636(0000000000076EB8):[redis]redis close
[T] 15:26:34.637(0000000000076EB8):[redis]redis reconnecting
[I] 15:26:34.641(0000000000076EB8):[redis]redis connect
[I] 15:26:34.643(0000000000076EB8):[redis]redis ready
[I] 15:26:35.738(0000000000071230):[redis]redis close
[T] 15:26:35.738(0000000000071230):[redis]redis reconnecting
[I] 15:26:35.741(0000000000071230):[redis]redis connect
[I] 15:26:35.743(0000000000071230):[redis]redis ready
[I] 15:26:36.737(0000000000097A94):[redis]redis close
[T] 15:26:36.738(0000000000097A94):[redis]redis reconnecting
[I] 15:26:36.741(0000000000097A94):[redis]redis connect
[I] 15:26:36.746(0000000000097A94):[redis]redis ready
[I] 15:31:35.677(0000000000076EB8):[redis]redis close
[T] 15:31:35.678(0000000000076EB8):[redis]redis reconnecting
[I] 15:31:35.681(0000000000076EB8):[redis]redis connect
[I] 15:31:35.683(0000000000076EB8):[redis]redis ready
[I] 15:31:36.881(0000000000071230):[redis]redis close
[T] 15:31:36.882(0000000000071230):[redis]redis reconnecting
[I] 15:31:36.884(0000000000071230):[redis]redis connect
[I] 15:31:36.886(0000000000071230):[redis]redis ready
[I] 15:31:37.783(0000000000097A94):[redis]redis close
[T] 15:31:37.783(0000000000097A94):[redis]redis reconnecting
[I] 15:31:37.785(0000000000097A94):[redis]redis connect
[I] 15:31:37.787(0000000000097A94):[redis]redis ready
[W] 15:32:23.529(00000000001A56CC):recv 'Ctrl+C' break sign!next exit!
[D] 15:32:23.545(00000000001A56CC):worker process log socket error!err=Error: read ECONNRESET
    at exports._errnoException (util.js:890:11)
    at TCP.onread (net.js:550:26)
[D] 15:32:23.546(00000000001A56CC):worker process log socket close!
[D] 15:32:23.547(00000000001A56CC):worker process log socket error!err=Error: read ECONNRESET
    at exports._errnoException (util.js:890:11)
    at TCP.onread (net.js:550:26)
[D] 15:32:23.548(00000000001A56CC):worker process log socket close!
[D] 15:32:23.556(00000000001A56CC):worker process log socket error!err=Error: read ECONNRESET
    at exports._errnoException (util.js:890:11)
    at TCP.onread (net.js:550:26)
[D] 15:32:23.556(00000000001A56CC):worker process log socket close!
[W] 15:32:23.562(00000000001A56CC):worker 97A94(2#) died.
[W] 15:32:23.562(00000000001A56CC):worker 76EB8(0#) died.
[W] 15:32:23.563(00000000001A56CC):worker 71230(1#) died.
[W] 15:32:24.178(00000000001A56CC):try restart worker 0# ...
[I] 15:32:24.197(00000000001A56CC):start worker success,pid=10F124(0#)
