[D] 14:38:14.014(0000000000065E94):master log socket server started! host=::, port=15523
[I] 14:38:14.022(0000000000065E94):master log channel started!port=15523
[I] 14:38:14.090(0000000000065E94):[AMQP0]created
[I] 14:38:14.096(0000000000065E94):[AMQP0]declare exchange 'sc.system'
[I] 14:38:14.097(0000000000065E94):[AMQP0]declare queue 'jiaxingwang.sc_admin.system.45a63500a28511e7866a458735fffbcb'
[I] 14:38:14.198(0000000000065E94):PBEncoder success load file 'E:\product\protocol\sc_system.proto.js'
[W] 14:38:15.023(0000000000065E94):try restart worker 0# ...
[I] 14:38:15.041(0000000000065E94):start worker success,pid=66C10(0#)
[D] 14:38:15.817(0000000000065E94):worker process log socket connected!
[D] 14:38:15.809(0000000000066C10):worker 0# ready to connect master log socket server, port=15523
[D] 14:38:15.817(0000000000066C10):worker 0# log socket connected!
[W] 14:38:16.060(0000000000065E94):try restart worker 1# ...
[I] 14:38:16.065(0000000000065E94):start worker success,pid=69310(1#)
[I] 14:38:16.357(0000000000066C10):[AMQP0]created
[I] 14:38:16.367(0000000000066C10):[AMQP0]declare queue 'cf.rpc.470094e0a28511e79ef55da051dc5e35'
[I] 14:38:16.368(0000000000066C10):[RPCC:cf.rpc]create rpc client 'cf.rpc' in conn AMQP0
[I] 14:38:16.480(0000000000066C10):PBEncoder success load file 'E:\product\protocol\cf.proto.js'
[I] 14:38:16.481(0000000000066C10):[AMQP0]declare queue 'cf.wechat.rpc.47122110a28511e79ef55da051dc5e35'
[I] 14:38:16.482(0000000000066C10):[RPCC:cf.wechat.rpc]create rpc client 'cf.wechat.rpc' in conn AMQP0
[I] 14:38:16.533(0000000000066C10):PBEncoder success load file 'E:\product\protocol\cf_wechat.proto.js'
[I] 14:38:16.534(0000000000066C10):[AMQP0]declare exchange 'cf.wechat.notify'
[I] 14:38:16.534(0000000000066C10):[AMQP0]declare queue 'jiaxingwang.sc_admin.wechat.471a3760a28511e79ef55da051dc5e35'
[I] 14:38:16.535(0000000000066C10):[AMQP0]declare queue 'cf.app.rpc.471a5e70a28511e79ef55da051dc5e35'
[I] 14:38:16.535(0000000000066C10):[RPCC:cf.app.rpc]create rpc client 'cf.app.rpc' in conn AMQP0
[I] 14:38:16.542(0000000000066C10):PBEncoder success load file 'E:\product\protocol\cf_app.proto.js'
[I] 14:38:16.543(0000000000066C10):[AMQP0]declare queue 'cf.alipay.rpc.471b96f0a28511e79ef55da051dc5e35'
[I] 14:38:16.543(0000000000066C10):[RPCC:cf.alipay.rpc]create rpc client 'cf.alipay.rpc' in conn AMQP0
[I] 14:38:16.565(0000000000066C10):PBEncoder success load file 'E:\product\protocol\cf_alipay.proto.js'
[I] 14:38:16.565(0000000000066C10):[AMQP0]declare queue 'cf.ding.rpc.471ef250a28511e79ef55da051dc5e35'
[I] 14:38:16.566(0000000000066C10):[RPCC:cf.ding.rpc]create rpc client 'cf.ding.rpc' in conn AMQP0
[I] 14:38:16.578(0000000000066C10):PBEncoder success load file 'E:\product\protocol\cf_ding.proto.js'
[I] 14:38:16.579(0000000000066C10):[AMQP0]declare exchange 'cf.ding.notify'
[I] 14:38:16.579(0000000000066C10):[AMQP0]declare queue 'jiaxingwang.sc_admin.ding.47211530a28511e79ef55da051dc5e35'
[I] 14:38:16.579(0000000000066C10):[AM]init and reload account!
[I] 14:38:16.584(0000000000066C10):[AM]reload account success, account number is: 0
[I] 14:38:16.588(0000000000066C10):[AMQP0]declare queue 'sr.customer.rpc.472274c0a28511e79ef55da051dc5e35'
[I] 14:38:16.588(0000000000066C10):[RPCC:sr.customer.rpc]create rpc client 'sr.customer.rpc' in conn AMQP0
[I] 14:38:16.598(0000000000066C10):PBEncoder success load file 'E:\product\protocol\sr_customer.proto.js'
[W] 14:38:16.598(0000000000066C10):[AMQP0]rpc client 'cf.rpc' declare repeat!
[W] 14:38:16.599(0000000000066C10):[AMQP0]rpc client 'cf.wechat.rpc' declare repeat!
[W] 14:38:16.599(0000000000066C10):[AMQP0]rpc client 'cf.app.rpc' declare repeat!
[I] 14:38:16.603(0000000000066C10):[AMQP0]declare exchange 'sc.system'
[I] 14:38:16.603(0000000000066C10):[AMQP0]declare queue 'jiaxingwang.sc_admin.system.4724beb0a28511e79ef55da051dc5e35'
[I] 14:38:16.609(0000000000066C10):PBEncoder success load file 'E:\product\protocol\sc_system.proto.js'
[D] 14:38:16.742(0000000000065E94):worker process log socket connected!
[D] 14:38:16.729(0000000000069310):worker 1# ready to connect master log socket server, port=15523
[D] 14:38:16.741(0000000000069310):worker 1# log socket connected!
[I] 14:38:16.810(0000000000066C10):[AMQP1]created
[I] 14:38:16.812(0000000000066C10):[AMQP1]declare exchange 'amq.direct'
[I] 14:38:16.812(0000000000066C10):[AMQP1]declare queue 'cf.wechat.rpc.4744a2c0a28511e79ef55da051dc5e35'
[I] 14:38:16.812(0000000000066C10):[RPCC:cf.wechat.rpc]create rpc client 'cf.wechat.rpc' in conn AMQP1
[I] 14:38:16.814(0000000000066C10):[AMQP2]created
[I] 14:38:16.817(0000000000066C10):[AMQP0]declare exchange 'amq.direct'
[I] 14:38:16.818(0000000000066C10):[AMQP0]declare queue 'sc.task.rpc.47458d20a28511e79ef55da051dc5e35'
[I] 14:38:16.818(0000000000066C10):[RPCC:sc.task.rpc]create rpc client 'sc.task.rpc' in conn AMQP0
[I] 14:38:16.826(0000000000066C10):PBEncoder success load file 'E:\product\protocol\sc_task.proto.js'
[I] 14:38:16.850(0000000000066C10):[AMQP0]declare queue 'sr.customer.tag.rpc.474a6f20a28511e79ef55da051dc5e35'
[I] 14:38:16.850(0000000000066C10):[RPCC:sr.customer.tag.rpc]create rpc client 'sr.customer.tag.rpc' in conn AMQP0
[I] 14:38:16.854(0000000000066C10):[AMQP0]declare queue 'sr.customer.point.rpc.474ae450a28511e79ef55da051dc5e35'
[I] 14:38:16.854(0000000000066C10):[RPCC:sr.customer.point.rpc]create rpc client 'sr.customer.point.rpc' in conn AMQP0
[I] 14:38:16.868(0000000000066C10):PBEncoder success load file 'E:\product\protocol\sr_customer_point.proto.js'
[I] 14:38:16.874(0000000000066C10):PBEncoder success load file 'E:\product\protocol\sr_customer_tag.proto.js'
[W] 14:38:16.884(0000000000066C10):[AMQP0]rpc client 'cf.wechat.rpc' declare repeat!
[I] 14:38:16.884(0000000000066C10):[AMQP0]declare queue 'sr.customer.coupon_class.rpc.474f9f40a28511e79ef55da051dc5e35'
[I] 14:38:16.885(0000000000066C10):[RPCC:sr.customer.coupon_class.rpc]create rpc client 'sr.customer.coupon_class.rpc' in conn AMQP0
[I] 14:38:16.885(0000000000066C10):[AMQP0]declare queue 'sr.customer.coupon.rpc.474fc650a28511e79ef55da051dc5e35'
[I] 14:38:16.885(0000000000066C10):[RPCC:sr.customer.coupon.rpc]create rpc client 'sr.customer.coupon.rpc' in conn AMQP0
[I] 14:38:16.907(0000000000066C10):PBEncoder success load file 'E:\product\protocol\sr_customer_coupon.proto.js'
[W] 14:38:16.907(0000000000066C10):[AMQP0]rpc client 'cf.wechat.rpc' declare repeat!
[I] 14:38:16.908(0000000000066C10):[AMQP0]declare queue 'cf.wxpay.rpc.475348c0a28511e79ef55da051dc5e35'
[I] 14:38:16.908(0000000000066C10):[RPCC:cf.wxpay.rpc]create rpc client 'cf.wxpay.rpc' in conn AMQP0
[I] 14:38:16.923(0000000000066C10):PBEncoder success load file 'E:\product\protocol\cf_wxpay.proto.js'
[W] 14:38:16.924(0000000000066C10):[AMQP0]rpc client 'sr.customer.point.rpc' declare repeat!
[W] 14:38:16.931(0000000000066C10):[AMQP0]exchange amq.direct already declare!!
[W] 14:38:16.931(0000000000066C10):[AMQP0]rpc client 'sr.customer.rpc' declare repeat!
[W] 14:38:16.931(0000000000066C10):[AMQP0]rpc client 'sr.customer.coupon.rpc' declare repeat!
[W] 14:38:16.931(0000000000066C10):[AMQP0]rpc client 'cf.wechat.rpc' declare repeat!
[W] 14:38:16.948(0000000000066C10):[AMQP0]exchange amq.direct already declare!!
[I] 14:38:16.949(0000000000066C10):[AMQP0]declare queue 'cf.baidu.rpc.47598a50a28511e79ef55da051dc5e35'
[I] 14:38:16.950(0000000000066C10):[RPCC:cf.baidu.rpc]create rpc client 'cf.baidu.rpc' in conn AMQP0
[I] 14:38:16.957(0000000000066C10):PBEncoder success load file 'E:\product\protocol\cf_baidu.proto.js'
[I] 14:38:16.962(0000000000066C10):[AMQP3]created
[I] 14:38:16.969(0000000000066C10):[AMQP4]created
[I] 14:38:16.969(0000000000066C10):[AMQP4]declare exchange 'amq.direct'
[I] 14:38:16.969(0000000000066C10):[AMQP4]declare queue 'cf.app.rpc.475c9790a28511e79ef55da051dc5e35'
[I] 14:38:16.970(0000000000066C10):[RPCC:cf.app.rpc]create rpc client 'cf.app.rpc' in conn AMQP4
[I] 14:38:16.970(0000000000066C10):[AMQP4]declare queue 'cf.wechat.rpc.475cbea0a28511e79ef55da051dc5e35'
[I] 14:38:16.970(0000000000066C10):[RPCC:cf.wechat.rpc]create rpc client 'cf.wechat.rpc' in conn AMQP4
[I] 14:38:16.970(0000000000066C10):[AMQP4]declare queue 'cf.rpc.475cbea1a28511e79ef55da051dc5e35'
[I] 14:38:16.971(0000000000066C10):[RPCC:cf.rpc]create rpc client 'cf.rpc' in conn AMQP4
[I] 14:38:16.971(0000000000066C10):[AMQP4]declare queue 'sc.task.rpc.475ce5b0a28511e79ef55da051dc5e35'
[I] 14:38:16.971(0000000000066C10):[RPCC:sc.task.rpc]create rpc client 'sc.task.rpc' in conn AMQP4
[I] 14:38:16.973(0000000000066C10):[AMQP5]created
[I] 14:38:16.974(0000000000066C10):[AMQP5]declare exchange 'amq.direct'
[I] 14:38:16.974(0000000000066C10):[AMQP5]declare queue 'cf.wechat.rpc.475d5ae0a28511e79ef55da051dc5e35'
[I] 14:38:16.974(0000000000066C10):[RPCC:cf.wechat.rpc]create rpc client 'cf.wechat.rpc' in conn AMQP5
[W] 14:38:16.977(0000000000066C10):[AMQP0]rpc client 'sr.customer.point.rpc' declare repeat!
[I] 14:38:16.980(0000000000066C10):[AMQP6]created
[I] 14:38:16.981(0000000000066C10):[AMQP6]declare exchange 'amq.direct'
[I] 14:38:16.981(0000000000066C10):[AMQP6]declare queue 'cf.wechat.rpc.475e6c50a28511e79ef55da051dc5e35'
[I] 14:38:16.981(0000000000066C10):[RPCC:cf.wechat.rpc]create rpc client 'cf.wechat.rpc' in conn AMQP6
[I] 14:38:16.986(0000000000066C10):[AMQP7]created
[I] 14:38:16.986(0000000000066C10):[AMQP7]declare exchange 'amq.direct'
[I] 14:38:16.986(0000000000066C10):[AMQP7]declare queue 'sc.task.rpc.475f2fa0a28511e79ef55da051dc5e35'
[I] 14:38:16.987(0000000000066C10):[RPCC:sc.task.rpc]create rpc client 'sc.task.rpc' in conn AMQP7
[I] 14:38:16.987(0000000000066C10):[AMQP7]declare queue 'sr.customer.rewardfail.475f56b0a28511e79ef55da051dc5e35'
[I] 14:38:16.987(0000000000066C10):[RPCC:sr.customer.rewardfail]create rpc client 'sr.customer.rewardfail' in conn AMQP7
[W] 14:38:16.990(0000000000066C10):[AMQP0]exchange amq.direct already declare!!
[W] 14:38:16.991(0000000000066C10):[AMQP0]rpc client 'sr.customer.tag.rpc' declare repeat!
[W] 14:38:16.991(0000000000066C10):[AMQP0]rpc client 'sc.task.rpc' declare repeat!
[W] 14:38:16.993(0000000000066C10):[AMQP0]exchange amq.direct already declare!!
[I] 14:38:16.994(0000000000066C10):[AMQP0]declare queue 'sr.trade.rpc.47606820a28511e79ef55da051dc5e35'
[I] 14:38:16.994(0000000000066C10):[RPCC:sr.trade.rpc]create rpc client 'sr.trade.rpc' in conn AMQP0
[I] 14:38:16.997(0000000000066C10):PBEncoder success load file 'E:\product\protocol\sr_trade.proto.js'
[I] 14:38:17.000(0000000000066C10):[AMQP8]created
[I] 14:38:17.001(0000000000066C10):[AMQP8]declare exchange 'amq.direct'
[I] 14:38:17.001(0000000000066C10):[AMQP8]declare queue 'cf.wechat.rpc.47617990a28511e79ef55da051dc5e35'
[I] 14:38:17.001(0000000000066C10):[RPCC:cf.wechat.rpc]create rpc client 'cf.wechat.rpc' in conn AMQP8
[T] 14:38:17.023(0000000000066C10):Http is running,port is 18910
[I] 14:38:17.028(0000000000066C10):[redis]redis connect
[I] 14:38:17.037(0000000000066C10):[redis]redis ready
[E] 14:38:17.042(0000000000066C10):[MP1]get connection fail!name="findAccount",err="Error: ER_ACCESS_DENIED_ERROR: Access denied for user 'smartac'@'172.16.4.139' (using password: YES)
    at Handshake.Sequence._packetToError (E:\product\node_modules\smartacjs\node_modules\mysql\lib\protocol\sequences\Sequence.js:48:14)
    at Handshake.ErrorPacket (E:\product\node_modules\smartacjs\node_modules\mysql\lib\protocol\sequences\Handshake.js:101:18)
    at Protocol._parsePacket (E:\product\node_modules\smartacjs\node_modules\mysql\lib\protocol\Protocol.js:274:23)
    at Parser.write (E:\product\node_modules\smartacjs\node_modules\mysql\lib\protocol\Parser.js:77:12)
    at Protocol.write (E:\product\node_modules\smartacjs\node_modules\mysql\lib\protocol\Protocol.js:39:16)
    at Socket.<anonymous> (E:\product\node_modules\smartacjs\node_modules\mysql\lib\Connection.js:96:28)
    at emitOne (events.js:90:13)
    at Socket.emit (events.js:182:7)
    at readableAddChunk (_stream_readable.js:153:18)
    at Socket.Readable.push (_stream_readable.js:111:10)
    at TCP.onread (net.js:529:20)
    --------------------
    at Protocol._enqueue (E:\product\node_modules\smartacjs\node_modules\mysql\lib\protocol\Protocol.js:135:48)
    at Protocol.handshake (E:\product\node_modules\smartacjs\node_modules\mysql\lib\protocol\Protocol.js:52:41)
    at PoolConnection.connect (E:\product\node_modules\smartacjs\node_modules\mysql\lib\Connection.js:123:18)
    at Pool.getConnection (E:\product\node_modules\smartacjs\node_modules\mysql\lib\Pool.js:45:23)
    at E:\product\node_modules\smartacjs\lib\scMysql.js:305:30
    at Promise._execute (E:\product\node_modules\smartacjs\node_modules\bluebird\js\release\debuggability.js:142:9)
    at Promise._resolveFromExecutor (E:\product\node_modules\smartacjs\node_modules\bluebird\js\release\promise.js:459:18)
    at new Promise (E:\product\node_modules\smartacjs\node_modules\bluebird\js\release\promise.js:76:14)
    at MySQLConnectionPool.getConnection (E:\product\node_modules\smartacjs\lib\scMysql.js:297:12)
    at E:\product\node_modules\smartacjs\lib\scMysql.js:273:14
    at Promise._execute (E:\product\node_modules\smartacjs\node_modules\bluebird\js\release\debuggability.js:142:9)
    at Promise._resolveFromExecutor (E:\product\node_modules\smartacjs\node_modules\bluebird\js\release\promise.js:459:18)
    at new Promise (E:\product\node_modules\smartacjs\node_modules\bluebird\js\release\promise.js:76:14)
    at MySQLConnectionPool.query (E:\product\node_modules\smartacjs\lib\scMysql.js:272:12)
    at Object.exports.reloadAccount (E:\product\scAdmin\js\account_manager.js:54:39)
    at next (native)
    at init (E:\product\scAdmin\js\account_manager.js:95:5)
    at next (native)
    at onFulfilled (E:\product\node_modules\co\index.js:65:19)
    at E:\product\node_modules\co\index.js:54:5
    at co (E:\product\node_modules\co\index.js:50:10)
    at Object.<anonymous> (E:\product\scAdmin\js\account_manager.js:105:6)"
[E] 14:38:17.045(0000000000066C10):[MP1]get connection fail!name="findOrg",err="Error: ER_ACCESS_DENIED_ERROR: Access denied for user 'smartac'@'172.16.4.139' (using password: YES)
    at Handshake.Sequence._packetToError (E:\product\node_modules\smartacjs\node_modules\mysql\lib\protocol\sequences\Sequence.js:48:14)
    at Handshake.ErrorPacket (E:\product\node_modules\smartacjs\node_modules\mysql\lib\protocol\sequences\Handshake.js:101:18)
    at Protocol._parsePacket (E:\product\node_modules\smartacjs\node_modules\mysql\lib\protocol\Protocol.js:274:23)
    at Parser.write (E:\product\node_modules\smartacjs\node_modules\mysql\lib\protocol\Parser.js:77:12)
    at Protocol.write (E:\product\node_modules\smartacjs\node_modules\mysql\lib\protocol\Protocol.js:39:16)
    at Socket.<anonymous> (E:\product\node_modules\smartacjs\node_modules\mysql\lib\Connection.js:96:28)
    at emitOne (events.js:90:13)
    at Socket.emit (events.js:182:7)
    at readableAddChunk (_stream_readable.js:153:18)
    at Socket.Readable.push (_stream_readable.js:111:10)
    at TCP.onread (net.js:529:20)
    --------------------
    at Protocol._enqueue (E:\product\node_modules\smartacjs\node_modules\mysql\lib\protocol\Protocol.js:135:48)
    at Protocol.handshake (E:\product\node_modules\smartacjs\node_modules\mysql\lib\protocol\Protocol.js:52:41)
    at PoolConnection.connect (E:\product\node_modules\smartacjs\node_modules\mysql\lib\Connection.js:123:18)
    at Pool.getConnection (E:\product\node_modules\smartacjs\node_modules\mysql\lib\Pool.js:45:23)
    at E:\product\node_modules\smartacjs\lib\scMysql.js:305:30
    at Promise._execute (E:\product\node_modules\smartacjs\node_modules\bluebird\js\release\debuggability.js:142:9)
    at Promise._resolveFromExecutor (E:\product\node_modules\smartacjs\node_modules\bluebird\js\release\promise.js:459:18)
    at new Promise (E:\product\node_modules\smartacjs\node_modules\bluebird\js\release\promise.js:76:14)
    at MySQLConnectionPool.getConnection (E:\product\node_modules\smartacjs\lib\scMysql.js:297:12)
    at E:\product\node_modules\smartacjs\lib\scMysql.js:273:14
    at Promise._execute (E:\product\node_modules\smartacjs\node_modules\bluebird\js\release\debuggability.js:142:9)
    at Promise._resolveFromExecutor (E:\product\node_modules\smartacjs\node_modules\bluebird\js\release\promise.js:459:18)
    at new Promise (E:\product\node_modules\smartacjs\node_modules\bluebird\js\release\promise.js:76:14)
    at MySQLConnectionPool.query (E:\product\node_modules\smartacjs\lib\scMysql.js:272:12)
    at Object.exports.init (E:\product\scAdmin\js\org_manager.js:118:10)
    at main (E:\product\scAdmin\app.js:24:13)
    at E:\product\node_modules\smartacjs\lib\scCommon.js:153:17
    at tryCatcher (E:\product\node_modules\smartacjs\node_modules\bluebird\js\release\util.js:11:23)
    at Promise._settlePromiseFromHandler (E:\product\node_modules\smartacjs\node_modules\bluebird\js\release\promise.js:488:31)
    at Promise._settlePromise (E:\product\node_modules\smartacjs\node_modules\bluebird\js\release\promise.js:545:18)
    at Promise._settlePromise0 (E:\product\node_modules\smartacjs\node_modules\bluebird\js\release\promise.js:590:10)
    at Promise._settlePromises (E:\product\node_modules\smartacjs\node_modules\bluebird\js\release\promise.js:673:18)"
[E] 14:38:17.047(0000000000066C10):[AM]load account error: Error: ER_ACCESS_DENIED_ERROR: Access denied for user 'smartac'@'172.16.4.139' (using password: YES)
    at Handshake.Sequence._packetToError (E:\product\node_modules\smartacjs\node_modules\mysql\lib\protocol\sequences\Sequence.js:48:14)
    at Handshake.ErrorPacket (E:\product\node_modules\smartacjs\node_modules\mysql\lib\protocol\sequences\Handshake.js:101:18)
    at Protocol._parsePacket (E:\product\node_modules\smartacjs\node_modules\mysql\lib\protocol\Protocol.js:274:23)
    at Parser.write (E:\product\node_modules\smartacjs\node_modules\mysql\lib\protocol\Parser.js:77:12)
    at Protocol.write (E:\product\node_modules\smartacjs\node_modules\mysql\lib\protocol\Protocol.js:39:16)
    at Socket.<anonymous> (E:\product\node_modules\smartacjs\node_modules\mysql\lib\Connection.js:96:28)
    at emitOne (events.js:90:13)
    at Socket.emit (events.js:182:7)
    at readableAddChunk (_stream_readable.js:153:18)
    at Socket.Readable.push (_stream_readable.js:111:10)
    at TCP.onread (net.js:529:20)
    --------------------
    at Protocol._enqueue (E:\product\node_modules\smartacjs\node_modules\mysql\lib\protocol\Protocol.js:135:48)
    at Protocol.handshake (E:\product\node_modules\smartacjs\node_modules\mysql\lib\protocol\Protocol.js:52:41)
    at PoolConnection.connect (E:\product\node_modules\smartacjs\node_modules\mysql\lib\Connection.js:123:18)
    at Pool.getConnection (E:\product\node_modules\smartacjs\node_modules\mysql\lib\Pool.js:45:23)
    at E:\product\node_modules\smartacjs\lib\scMysql.js:305:30
    at Promise._execute (E:\product\node_modules\smartacjs\node_modules\bluebird\js\release\debuggability.js:142:9)
    at Promise._resolveFromExecutor (E:\product\node_modules\smartacjs\node_modules\bluebird\js\release\promise.js:459:18)
    at new Promise (E:\product\node_modules\smartacjs\node_modules\bluebird\js\release\promise.js:76:14)
    at MySQLConnectionPool.getConnection (E:\product\node_modules\smartacjs\lib\scMysql.js:297:12)
    at E:\product\node_modules\smartacjs\lib\scMysql.js:273:14
    at Promise._execute (E:\product\node_modules\smartacjs\node_modules\bluebird\js\release\debuggability.js:142:9)
    at Promise._resolveFromExecutor (E:\product\node_modules\smartacjs\node_modules\bluebird\js\release\promise.js:459:18)
    at new Promise (E:\product\node_modules\smartacjs\node_modules\bluebird\js\release\promise.js:76:14)
    at MySQLConnectionPool.query (E:\product\node_modules\smartacjs\lib\scMysql.js:272:12)
    at Object.exports.reloadAccount (E:\product\scAdmin\js\account_manager.js:54:39)
    at next (native)
    at init (E:\product\scAdmin\js\account_manager.js:95:5)
    at next (native)
    at onFulfilled (E:\product\node_modules\co\index.js:65:19)
    at E:\product\node_modules\co\index.js:54:5
    at co (E:\product\node_modules\co\index.js:50:10)
    at Object.<anonymous> (E:\product\scAdmin\js\account_manager.js:105:6)
[E] 14:38:17.049(0000000000066C10):org init error!err=Error: ER_ACCESS_DENIED_ERROR: Access denied for user 'smartac'@'172.16.4.139' (using password: YES)
    at Handshake.Sequence._packetToError (E:\product\node_modules\smartacjs\node_modules\mysql\lib\protocol\sequences\Sequence.js:48:14)
    at Handshake.ErrorPacket (E:\product\node_modules\smartacjs\node_modules\mysql\lib\protocol\sequences\Handshake.js:101:18)
    at Protocol._parsePacket (E:\product\node_modules\smartacjs\node_modules\mysql\lib\protocol\Protocol.js:274:23)
    at Parser.write (E:\product\node_modules\smartacjs\node_modules\mysql\lib\protocol\Parser.js:77:12)
    at Protocol.write (E:\product\node_modules\smartacjs\node_modules\mysql\lib\protocol\Protocol.js:39:16)
    at Socket.<anonymous> (E:\product\node_modules\smartacjs\node_modules\mysql\lib\Connection.js:96:28)
    at emitOne (events.js:90:13)
    at Socket.emit (events.js:182:7)
    at readableAddChunk (_stream_readable.js:153:18)
    at Socket.Readable.push (_stream_readable.js:111:10)
    at TCP.onread (net.js:529:20)
    --------------------
    at Protocol._enqueue (E:\product\node_modules\smartacjs\node_modules\mysql\lib\protocol\Protocol.js:135:48)
    at Protocol.handshake (E:\product\node_modules\smartacjs\node_modules\mysql\lib\protocol\Protocol.js:52:41)
    at PoolConnection.connect (E:\product\node_modules\smartacjs\node_modules\mysql\lib\Connection.js:123:18)
    at Pool.getConnection (E:\product\node_modules\smartacjs\node_modules\mysql\lib\Pool.js:45:23)
    at E:\product\node_modules\smartacjs\lib\scMysql.js:305:30
    at Promise._execute (E:\product\node_modules\smartacjs\node_modules\bluebird\js\release\debuggability.js:142:9)
    at Promise._resolveFromExecutor (E:\product\node_modules\smartacjs\node_modules\bluebird\js\release\promise.js:459:18)
    at new Promise (E:\product\node_modules\smartacjs\node_modules\bluebird\js\release\promise.js:76:14)
    at MySQLConnectionPool.getConnection (E:\product\node_modules\smartacjs\lib\scMysql.js:297:12)
    at E:\product\node_modules\smartacjs\lib\scMysql.js:273:14
    at Promise._execute (E:\product\node_modules\smartacjs\node_modules\bluebird\js\release\debuggability.js:142:9)
    at Promise._resolveFromExecutor (E:\product\node_modules\smartacjs\node_modules\bluebird\js\release\promise.js:459:18)
    at new Promise (E:\product\node_modules\smartacjs\node_modules\bluebird\js\release\promise.js:76:14)
    at MySQLConnectionPool.query (E:\product\node_modules\smartacjs\lib\scMysql.js:272:12)
    at Object.exports.init (E:\product\scAdmin\js\org_manager.js:118:10)
    at main (E:\product\scAdmin\app.js:24:13)
    at E:\product\node_modules\smartacjs\lib\scCommon.js:153:17
    at tryCatcher (E:\product\node_modules\smartacjs\node_modules\bluebird\js\release\util.js:11:23)
    at Promise._settlePromiseFromHandler (E:\product\node_modules\smartacjs\node_modules\bluebird\js\release\promise.js:488:31)
    at Promise._settlePromise (E:\product\node_modules\smartacjs\node_modules\bluebird\js\release\promise.js:545:18)
    at Promise._settlePromise0 (E:\product\node_modules\smartacjs\node_modules\bluebird\js\release\promise.js:590:10)
    at Promise._settlePromises (E:\product\node_modules\smartacjs\node_modules\bluebird\js\release\promise.js:673:18)
[W] 14:38:17.070(0000000000065E94):try restart worker 2# ...
[I] 14:38:17.075(0000000000065E94):start worker success,pid=60BDC(2#)
[I] 14:38:17.363(0000000000069310):[AMQP0]created
[I] 14:38:17.374(0000000000069310):[AMQP0]declare queue 'cf.rpc.479a15c0a28511e7b3b3ebdd2e742ac0'
[I] 14:38:17.375(0000000000069310):[RPCC:cf.rpc]create rpc client 'cf.rpc' in conn AMQP0
[I] 14:38:17.516(0000000000069310):PBEncoder success load file 'E:\product\protocol\cf.proto.js'
[I] 14:38:17.517(0000000000069310):[AMQP0]declare queue 'cf.wechat.rpc.47b00ec0a28511e7b3b3ebdd2e742ac0'
[I] 14:38:17.517(0000000000069310):[RPCC:cf.wechat.rpc]create rpc client 'cf.wechat.rpc' in conn AMQP0
[I] 14:38:17.585(0000000000069310):PBEncoder success load file 'E:\product\protocol\cf_wechat.proto.js'
[I] 14:38:17.585(0000000000069310):[AMQP0]declare exchange 'cf.wechat.notify'
[I] 14:38:17.586(0000000000069310):[AMQP0]declare queue 'jiaxingwang.sc_admin.wechat.47babd20a28511e7b3b3ebdd2e742ac0'
[I] 14:38:17.586(0000000000069310):[AMQP0]declare queue 'cf.app.rpc.47babd21a28511e7b3b3ebdd2e742ac0'
[I] 14:38:17.586(0000000000069310):[RPCC:cf.app.rpc]create rpc client 'cf.app.rpc' in conn AMQP0
[I] 14:38:17.591(0000000000069310):PBEncoder success load file 'E:\product\protocol\cf_app.proto.js'
[I] 14:38:17.591(0000000000069310):[AMQP0]declare queue 'cf.alipay.rpc.47bb8070a28511e7b3b3ebdd2e742ac0'
[I] 14:38:17.591(0000000000069310):[RPCC:cf.alipay.rpc]create rpc client 'cf.alipay.rpc' in conn AMQP0
[I] 14:38:17.600(0000000000069310):PBEncoder success load file 'E:\product\protocol\cf_alipay.proto.js'
[I] 14:38:17.600(0000000000069310):[AMQP0]declare queue 'cf.ding.rpc.47bce000a28511e7b3b3ebdd2e742ac0'
[I] 14:38:17.600(0000000000069310):[RPCC:cf.ding.rpc]create rpc client 'cf.ding.rpc' in conn AMQP0
[I] 14:38:17.612(0000000000069310):PBEncoder success load file 'E:\product\protocol\cf_ding.proto.js'
[I] 14:38:17.612(0000000000069310):[AMQP0]declare exchange 'cf.ding.notify'
[I] 14:38:17.612(0000000000069310):[AMQP0]declare queue 'jiaxingwang.sc_admin.ding.47beb4c0a28511e7b3b3ebdd2e742ac0'
[I] 14:38:17.613(0000000000069310):[AM]init and reload account!
[I] 14:38:17.617(0000000000069310):[AM]reload account success, account number is: 0
[I] 14:38:17.620(0000000000069310):[AMQP0]declare queue 'sr.customer.rpc.47bfed40a28511e7b3b3ebdd2e742ac0'
[I] 14:38:17.620(0000000000069310):[RPCC:sr.customer.rpc]create rpc client 'sr.customer.rpc' in conn AMQP0
[I] 14:38:17.630(0000000000069310):PBEncoder success load file 'E:\product\protocol\sr_customer.proto.js'
[W] 14:38:17.631(0000000000069310):[AMQP0]rpc client 'cf.rpc' declare repeat!
[W] 14:38:17.631(0000000000069310):[AMQP0]rpc client 'cf.wechat.rpc' declare repeat!
[W] 14:38:17.631(0000000000069310):[AMQP0]rpc client 'cf.app.rpc' declare repeat!
[I] 14:38:17.636(0000000000069310):[AMQP0]declare exchange 'sc.system'
[I] 14:38:17.636(0000000000069310):[AMQP0]declare queue 'jiaxingwang.sc_admin.system.47c25e40a28511e7b3b3ebdd2e742ac0'
[I] 14:38:17.640(0000000000069310):PBEncoder success load file 'E:\product\protocol\sc_system.proto.js'
[I] 14:38:17.860(0000000000069310):[AMQP1]created
[I] 14:38:17.862(0000000000069310):[AMQP1]declare exchange 'amq.direct'
[I] 14:38:17.862(0000000000069310):[AMQP1]declare queue 'cf.wechat.rpc.47e4da60a28511e7b3b3ebdd2e742ac0'
[I] 14:38:17.863(0000000000069310):[RPCC:cf.wechat.rpc]create rpc client 'cf.wechat.rpc' in conn AMQP1
[I] 14:38:17.864(0000000000069310):[AMQP2]created
[I] 14:38:17.869(0000000000069310):[AMQP0]declare exchange 'amq.direct'
[I] 14:38:17.869(0000000000069310):[AMQP0]declare queue 'sc.task.rpc.47e5ebd0a28511e7b3b3ebdd2e742ac0'
[I] 14:38:17.869(0000000000069310):[RPCC:sc.task.rpc]create rpc client 'sc.task.rpc' in conn AMQP0
[I] 14:38:17.877(0000000000069310):PBEncoder success load file 'E:\product\protocol\sc_task.proto.js'
[I] 14:38:17.903(0000000000069310):[AMQP0]declare queue 'sr.customer.tag.rpc.47eb1bf0a28511e7b3b3ebdd2e742ac0'
[I] 14:38:17.903(0000000000069310):[RPCC:sr.customer.tag.rpc]create rpc client 'sr.customer.tag.rpc' in conn AMQP0
[I] 14:38:17.906(0000000000069310):[AMQP0]declare queue 'sr.customer.point.rpc.47eb9120a28511e7b3b3ebdd2e742ac0'
[I] 14:38:17.907(0000000000069310):[RPCC:sr.customer.point.rpc]create rpc client 'sr.customer.point.rpc' in conn AMQP0
[I] 14:38:17.913(0000000000069310):PBEncoder success load file 'E:\product\protocol\sr_customer_point.proto.js'
[I] 14:38:17.919(0000000000069310):PBEncoder success load file 'E:\product\protocol\sr_customer_tag.proto.js'
[W] 14:38:17.928(0000000000069310):[AMQP0]rpc client 'cf.wechat.rpc' declare repeat!
[I] 14:38:17.929(0000000000069310):[AMQP0]declare queue 'sr.customer.coupon_class.rpc.47ef1390a28511e7b3b3ebdd2e742ac0'
[I] 14:38:17.930(0000000000069310):[RPCC:sr.customer.coupon_class.rpc]create rpc client 'sr.customer.coupon_class.rpc' in conn AMQP0
[I] 14:38:17.930(0000000000069310):[AMQP0]declare queue 'sr.customer.coupon.rpc.47ef3aa0a28511e7b3b3ebdd2e742ac0'
[I] 14:38:17.930(0000000000069310):[RPCC:sr.customer.coupon.rpc]create rpc client 'sr.customer.coupon.rpc' in conn AMQP0
[I] 14:38:17.944(0000000000069310):PBEncoder success load file 'E:\product\protocol\sr_customer_coupon.proto.js'
[W] 14:38:17.944(0000000000069310):[AMQP0]rpc client 'cf.wechat.rpc' declare repeat!
[I] 14:38:17.944(0000000000069310):[AMQP0]declare queue 'cf.wxpay.rpc.47f15d80a28511e7b3b3ebdd2e742ac0'
[I] 14:38:17.944(0000000000069310):[RPCC:cf.wxpay.rpc]create rpc client 'cf.wxpay.rpc' in conn AMQP0
[I] 14:38:17.960(0000000000069310):PBEncoder success load file 'E:\product\protocol\cf_wxpay.proto.js'
[W] 14:38:17.960(0000000000069310):[AMQP0]rpc client 'sr.customer.point.rpc' declare repeat!
[W] 14:38:17.968(0000000000069310):[AMQP0]exchange amq.direct already declare!!
[W] 14:38:17.968(0000000000069310):[AMQP0]rpc client 'sr.customer.rpc' declare repeat!
[W] 14:38:17.969(0000000000069310):[AMQP0]rpc client 'sr.customer.coupon.rpc' declare repeat!
[W] 14:38:17.969(0000000000069310):[AMQP0]rpc client 'cf.wechat.rpc' declare repeat!
[W] 14:38:17.971(0000000000069310):[AMQP0]exchange amq.direct already declare!!
[I] 14:38:17.972(0000000000069310):[AMQP0]declare queue 'cf.baidu.rpc.47f5a340a28511e7b3b3ebdd2e742ac0'
[I] 14:38:17.972(0000000000069310):[RPCC:cf.baidu.rpc]create rpc client 'cf.baidu.rpc' in conn AMQP0
[I] 14:38:17.978(0000000000069310):PBEncoder success load file 'E:\product\protocol\cf_baidu.proto.js'
[I] 14:38:17.985(0000000000069310):[AMQP3]created
[I] 14:38:17.992(0000000000069310):[AMQP4]created
[I] 14:38:17.992(0000000000069310):[AMQP4]declare exchange 'amq.direct'
[I] 14:38:17.993(0000000000069310):[AMQP4]declare queue 'cf.app.rpc.47f8d790a28511e7b3b3ebdd2e742ac0'
[I] 14:38:17.993(0000000000069310):[RPCC:cf.app.rpc]create rpc client 'cf.app.rpc' in conn AMQP4
[I] 14:38:17.993(0000000000069310):[AMQP4]declare queue 'cf.wechat.rpc.47f8d791a28511e7b3b3ebdd2e742ac0'
[I] 14:38:17.994(0000000000069310):[RPCC:cf.wechat.rpc]create rpc client 'cf.wechat.rpc' in conn AMQP4
[I] 14:38:17.994(0000000000069310):[AMQP4]declare queue 'cf.rpc.47f8fea0a28511e7b3b3ebdd2e742ac0'
[I] 14:38:17.994(0000000000069310):[RPCC:cf.rpc]create rpc client 'cf.rpc' in conn AMQP4
[I] 14:38:17.994(0000000000069310):[AMQP4]declare queue 'sc.task.rpc.47f8fea1a28511e7b3b3ebdd2e742ac0'
[I] 14:38:17.994(0000000000069310):[RPCC:sc.task.rpc]create rpc client 'sc.task.rpc' in conn AMQP4
[I] 14:38:17.997(0000000000069310):[AMQP5]created
[I] 14:38:17.998(0000000000069310):[AMQP5]declare exchange 'amq.direct'
[I] 14:38:17.998(0000000000069310):[AMQP5]declare queue 'cf.wechat.rpc.47f99ae0a28511e7b3b3ebdd2e742ac0'
[I] 14:38:17.998(0000000000069310):[RPCC:cf.wechat.rpc]create rpc client 'cf.wechat.rpc' in conn AMQP5
[W] 14:38:18.000(0000000000069310):[AMQP0]rpc client 'sr.customer.point.rpc' declare repeat!
[I] 14:38:18.002(0000000000069310):[AMQP6]created
[I] 14:38:18.003(0000000000069310):[AMQP6]declare exchange 'amq.direct'
[I] 14:38:18.004(0000000000069310):[AMQP6]declare queue 'cf.wechat.rpc.47fa8540a28511e7b3b3ebdd2e742ac0'
[I] 14:38:18.004(0000000000069310):[RPCC:cf.wechat.rpc]create rpc client 'cf.wechat.rpc' in conn AMQP6
[I] 14:38:18.008(0000000000069310):[AMQP7]created
[I] 14:38:18.009(0000000000069310):[AMQP7]declare exchange 'amq.direct'
[I] 14:38:18.009(0000000000069310):[AMQP7]declare queue 'sc.task.rpc.47fb4890a28511e7b3b3ebdd2e742ac0'
[I] 14:38:18.009(0000000000069310):[RPCC:sc.task.rpc]create rpc client 'sc.task.rpc' in conn AMQP7
[I] 14:38:18.009(0000000000069310):[AMQP7]declare queue 'sr.customer.rewardfail.47fb4891a28511e7b3b3ebdd2e742ac0'
[I] 14:38:18.009(0000000000069310):[RPCC:sr.customer.rewardfail]create rpc client 'sr.customer.rewardfail' in conn AMQP7
[W] 14:38:18.013(0000000000069310):[AMQP0]exchange amq.direct already declare!!
[W] 14:38:18.013(0000000000069310):[AMQP0]rpc client 'sr.customer.tag.rpc' declare repeat!
[W] 14:38:18.013(0000000000069310):[AMQP0]rpc client 'sc.task.rpc' declare repeat!
[W] 14:38:18.016(0000000000069310):[AMQP0]exchange amq.direct already declare!!
[I] 14:38:18.016(0000000000069310):[AMQP0]declare queue 'sr.trade.rpc.47fc5a00a28511e7b3b3ebdd2e742ac0'
[I] 14:38:18.016(0000000000069310):[RPCC:sr.trade.rpc]create rpc client 'sr.trade.rpc' in conn AMQP0
[I] 14:38:18.019(0000000000069310):PBEncoder success load file 'E:\product\protocol\sr_trade.proto.js'
[I] 14:38:18.022(0000000000069310):[AMQP8]created
[I] 14:38:18.022(0000000000069310):[AMQP8]declare exchange 'amq.direct'
[I] 14:38:18.023(0000000000069310):[AMQP8]declare queue 'cf.wechat.rpc.47fd6b70a28511e7b3b3ebdd2e742ac0'
[I] 14:38:18.023(0000000000069310):[RPCC:cf.wechat.rpc]create rpc client 'cf.wechat.rpc' in conn AMQP8
[T] 14:38:18.039(0000000000069310):Http is running,port is 18910
[I] 14:38:18.045(0000000000069310):[redis]redis connect
[I] 14:38:18.053(0000000000069310):[redis]redis ready
[E] 14:38:18.057(0000000000069310):[MP1]get connection fail!name="findAccount",err="Error: ER_ACCESS_DENIED_ERROR: Access denied for user 'smartac'@'172.16.4.139' (using password: YES)
    at Handshake.Sequence._packetToError (E:\product\node_modules\smartacjs\node_modules\mysql\lib\protocol\sequences\Sequence.js:48:14)
    at Handshake.ErrorPacket (E:\product\node_modules\smartacjs\node_modules\mysql\lib\protocol\sequences\Handshake.js:101:18)
    at Protocol._parsePacket (E:\product\node_modules\smartacjs\node_modules\mysql\lib\protocol\Protocol.js:274:23)
    at Parser.write (E:\product\node_modules\smartacjs\node_modules\mysql\lib\protocol\Parser.js:77:12)
    at Protocol.write (E:\product\node_modules\smartacjs\node_modules\mysql\lib\protocol\Protocol.js:39:16)
    at Socket.<anonymous> (E:\product\node_modules\smartacjs\node_modules\mysql\lib\Connection.js:96:28)
    at emitOne (events.js:90:13)
    at Socket.emit (events.js:182:7)
    at readableAddChunk (_stream_readable.js:153:18)
    at Socket.Readable.push (_stream_readable.js:111:10)
    at TCP.onread (net.js:529:20)
    --------------------
    at Protocol._enqueue (E:\product\node_modules\smartacjs\node_modules\mysql\lib\protocol\Protocol.js:135:48)
    at Protocol.handshake (E:\product\node_modules\smartacjs\node_modules\mysql\lib\protocol\Protocol.js:52:41)
    at PoolConnection.connect (E:\product\node_modules\smartacjs\node_modules\mysql\lib\Connection.js:123:18)
    at Pool.getConnection (E:\product\node_modules\smartacjs\node_modules\mysql\lib\Pool.js:45:23)
    at E:\product\node_modules\smartacjs\lib\scMysql.js:305:30
    at Promise._execute (E:\product\node_modules\smartacjs\node_modules\bluebird\js\release\debuggability.js:142:9)
    at Promise._resolveFromExecutor (E:\product\node_modules\smartacjs\node_modules\bluebird\js\release\promise.js:459:18)
    at new Promise (E:\product\node_modules\smartacjs\node_modules\bluebird\js\release\promise.js:76:14)
    at MySQLConnectionPool.getConnection (E:\product\node_modules\smartacjs\lib\scMysql.js:297:12)
    at E:\product\node_modules\smartacjs\lib\scMysql.js:273:14
    at Promise._execute (E:\product\node_modules\smartacjs\node_modules\bluebird\js\release\debuggability.js:142:9)
    at Promise._resolveFromExecutor (E:\product\node_modules\smartacjs\node_modules\bluebird\js\release\promise.js:459:18)
    at new Promise (E:\product\node_modules\smartacjs\node_modules\bluebird\js\release\promise.js:76:14)
    at MySQLConnectionPool.query (E:\product\node_modules\smartacjs\lib\scMysql.js:272:12)
    at Object.exports.reloadAccount (E:\product\scAdmin\js\account_manager.js:54:39)
    at next (native)
    at init (E:\product\scAdmin\js\account_manager.js:95:5)
    at next (native)
    at onFulfilled (E:\product\node_modules\co\index.js:65:19)
    at E:\product\node_modules\co\index.js:54:5
    at co (E:\product\node_modules\co\index.js:50:10)
    at Object.<anonymous> (E:\product\scAdmin\js\account_manager.js:105:6)"
[E] 14:38:18.059(0000000000069310):[MP1]get connection fail!name="findOrg",err="Error: ER_ACCESS_DENIED_ERROR: Access denied for user 'smartac'@'172.16.4.139' (using password: YES)
    at Handshake.Sequence._packetToError (E:\product\node_modules\smartacjs\node_modules\mysql\lib\protocol\sequences\Sequence.js:48:14)
    at Handshake.ErrorPacket (E:\product\node_modules\smartacjs\node_modules\mysql\lib\protocol\sequences\Handshake.js:101:18)
    at Protocol._parsePacket (E:\product\node_modules\smartacjs\node_modules\mysql\lib\protocol\Protocol.js:274:23)
    at Parser.write (E:\product\node_modules\smartacjs\node_modules\mysql\lib\protocol\Parser.js:77:12)
    at Protocol.write (E:\product\node_modules\smartacjs\node_modules\mysql\lib\protocol\Protocol.js:39:16)
    at Socket.<anonymous> (E:\product\node_modules\smartacjs\node_modules\mysql\lib\Connection.js:96:28)
    at emitOne (events.js:90:13)
    at Socket.emit (events.js:182:7)
    at readableAddChunk (_stream_readable.js:153:18)
    at Socket.Readable.push (_stream_readable.js:111:10)
    at TCP.onread (net.js:529:20)
    --------------------
    at Protocol._enqueue (E:\product\node_modules\smartacjs\node_modules\mysql\lib\protocol\Protocol.js:135:48)
    at Protocol.handshake (E:\product\node_modules\smartacjs\node_modules\mysql\lib\protocol\Protocol.js:52:41)
    at PoolConnection.connect (E:\product\node_modules\smartacjs\node_modules\mysql\lib\Connection.js:123:18)
    at Pool.getConnection (E:\product\node_modules\smartacjs\node_modules\mysql\lib\Pool.js:45:23)
    at E:\product\node_modules\smartacjs\lib\scMysql.js:305:30
    at Promise._execute (E:\product\node_modules\smartacjs\node_modules\bluebird\js\release\debuggability.js:142:9)
    at Promise._resolveFromExecutor (E:\product\node_modules\smartacjs\node_modules\bluebird\js\release\promise.js:459:18)
    at new Promise (E:\product\node_modules\smartacjs\node_modules\bluebird\js\release\promise.js:76:14)
    at MySQLConnectionPool.getConnection (E:\product\node_modules\smartacjs\lib\scMysql.js:297:12)
    at E:\product\node_modules\smartacjs\lib\scMysql.js:273:14
    at Promise._execute (E:\product\node_modules\smartacjs\node_modules\bluebird\js\release\debuggability.js:142:9)
    at Promise._resolveFromExecutor (E:\product\node_modules\smartacjs\node_modules\bluebird\js\release\promise.js:459:18)
    at new Promise (E:\product\node_modules\smartacjs\node_modules\bluebird\js\release\promise.js:76:14)
    at MySQLConnectionPool.query (E:\product\node_modules\smartacjs\lib\scMysql.js:272:12)
    at Object.exports.init (E:\product\scAdmin\js\org_manager.js:118:10)
    at main (E:\product\scAdmin\app.js:24:13)
    at E:\product\node_modules\smartacjs\lib\scCommon.js:153:17
    at tryCatcher (E:\product\node_modules\smartacjs\node_modules\bluebird\js\release\util.js:11:23)
    at Promise._settlePromiseFromHandler (E:\product\node_modules\smartacjs\node_modules\bluebird\js\release\promise.js:488:31)
    at Promise._settlePromise (E:\product\node_modules\smartacjs\node_modules\bluebird\js\release\promise.js:545:18)
    at Promise._settlePromise0 (E:\product\node_modules\smartacjs\node_modules\bluebird\js\release\promise.js:590:10)
    at Promise._settlePromises (E:\product\node_modules\smartacjs\node_modules\bluebird\js\release\promise.js:673:18)"
[E] 14:38:18.060(0000000000069310):[AM]load account error: Error: ER_ACCESS_DENIED_ERROR: Access denied for user 'smartac'@'172.16.4.139' (using password: YES)
    at Handshake.Sequence._packetToError (E:\product\node_modules\smartacjs\node_modules\mysql\lib\protocol\sequences\Sequence.js:48:14)
    at Handshake.ErrorPacket (E:\product\node_modules\smartacjs\node_modules\mysql\lib\protocol\sequences\Handshake.js:101:18)
    at Protocol._parsePacket (E:\product\node_modules\smartacjs\node_modules\mysql\lib\protocol\Protocol.js:274:23)
    at Parser.write (E:\product\node_modules\smartacjs\node_modules\mysql\lib\protocol\Parser.js:77:12)
    at Protocol.write (E:\product\node_modules\smartacjs\node_modules\mysql\lib\protocol\Protocol.js:39:16)
    at Socket.<anonymous> (E:\product\node_modules\smartacjs\node_modules\mysql\lib\Connection.js:96:28)
    at emitOne (events.js:90:13)
    at Socket.emit (events.js:182:7)
    at readableAddChunk (_stream_readable.js:153:18)
    at Socket.Readable.push (_stream_readable.js:111:10)
    at TCP.onread (net.js:529:20)
    --------------------
    at Protocol._enqueue (E:\product\node_modules\smartacjs\node_modules\mysql\lib\protocol\Protocol.js:135:48)
    at Protocol.handshake (E:\product\node_modules\smartacjs\node_modules\mysql\lib\protocol\Protocol.js:52:41)
    at PoolConnection.connect (E:\product\node_modules\smartacjs\node_modules\mysql\lib\Connection.js:123:18)
    at Pool.getConnection (E:\product\node_modules\smartacjs\node_modules\mysql\lib\Pool.js:45:23)
    at E:\product\node_modules\smartacjs\lib\scMysql.js:305:30
    at Promise._execute (E:\product\node_modules\smartacjs\node_modules\bluebird\js\release\debuggability.js:142:9)
    at Promise._resolveFromExecutor (E:\product\node_modules\smartacjs\node_modules\bluebird\js\release\promise.js:459:18)
    at new Promise (E:\product\node_modules\smartacjs\node_modules\bluebird\js\release\promise.js:76:14)
    at MySQLConnectionPool.getConnection (E:\product\node_modules\smartacjs\lib\scMysql.js:297:12)
    at E:\product\node_modules\smartacjs\lib\scMysql.js:273:14
    at Promise._execute (E:\product\node_modules\smartacjs\node_modules\bluebird\js\release\debuggability.js:142:9)
    at Promise._resolveFromExecutor (E:\product\node_modules\smartacjs\node_modules\bluebird\js\release\promise.js:459:18)
    at new Promise (E:\product\node_modules\smartacjs\node_modules\bluebird\js\release\promise.js:76:14)
    at MySQLConnectionPool.query (E:\product\node_modules\smartacjs\lib\scMysql.js:272:12)
    at Object.exports.reloadAccount (E:\product\scAdmin\js\account_manager.js:54:39)
    at next (native)
    at init (E:\product\scAdmin\js\account_manager.js:95:5)
    at next (native)
    at onFulfilled (E:\product\node_modules\co\index.js:65:19)
    at E:\product\node_modules\co\index.js:54:5
    at co (E:\product\node_modules\co\index.js:50:10)
    at Object.<anonymous> (E:\product\scAdmin\js\account_manager.js:105:6)
[E] 14:38:18.061(0000000000069310):org init error!err=Error: ER_ACCESS_DENIED_ERROR: Access denied for user 'smartac'@'172.16.4.139' (using password: YES)
    at Handshake.Sequence._packetToError (E:\product\node_modules\smartacjs\node_modules\mysql\lib\protocol\sequences\Sequence.js:48:14)
    at Handshake.ErrorPacket (E:\product\node_modules\smartacjs\node_modules\mysql\lib\protocol\sequences\Handshake.js:101:18)
    at Protocol._parsePacket (E:\product\node_modules\smartacjs\node_modules\mysql\lib\protocol\Protocol.js:274:23)
    at Parser.write (E:\product\node_modules\smartacjs\node_modules\mysql\lib\protocol\Parser.js:77:12)
    at Protocol.write (E:\product\node_modules\smartacjs\node_modules\mysql\lib\protocol\Protocol.js:39:16)
    at Socket.<anonymous> (E:\product\node_modules\smartacjs\node_modules\mysql\lib\Connection.js:96:28)
    at emitOne (events.js:90:13)
    at Socket.emit (events.js:182:7)
    at readableAddChunk (_stream_readable.js:153:18)
    at Socket.Readable.push (_stream_readable.js:111:10)
    at TCP.onread (net.js:529:20)
    --------------------
    at Protocol._enqueue (E:\product\node_modules\smartacjs\node_modules\mysql\lib\protocol\Protocol.js:135:48)
    at Protocol.handshake (E:\product\node_modules\smartacjs\node_modules\mysql\lib\protocol\Protocol.js:52:41)
    at PoolConnection.connect (E:\product\node_modules\smartacjs\node_modules\mysql\lib\Connection.js:123:18)
    at Pool.getConnection (E:\product\node_modules\smartacjs\node_modules\mysql\lib\Pool.js:45:23)
    at E:\product\node_modules\smartacjs\lib\scMysql.js:305:30
    at Promise._execute (E:\product\node_modules\smartacjs\node_modules\bluebird\js\release\debuggability.js:142:9)
    at Promise._resolveFromExecutor (E:\product\node_modules\smartacjs\node_modules\bluebird\js\release\promise.js:459:18)
    at new Promise (E:\product\node_modules\smartacjs\node_modules\bluebird\js\release\promise.js:76:14)
    at MySQLConnectionPool.getConnection (E:\product\node_modules\smartacjs\lib\scMysql.js:297:12)
    at E:\product\node_modules\smartacjs\lib\scMysql.js:273:14
    at Promise._execute (E:\product\node_modules\smartacjs\node_modules\bluebird\js\release\debuggability.js:142:9)
    at Promise._resolveFromExecutor (E:\product\node_modules\smartacjs\node_modules\bluebird\js\release\promise.js:459:18)
    at new Promise (E:\product\node_modules\smartacjs\node_modules\bluebird\js\release\promise.js:76:14)
    at MySQLConnectionPool.query (E:\product\node_modules\smartacjs\lib\scMysql.js:272:12)
    at Object.exports.init (E:\product\scAdmin\js\org_manager.js:118:10)
    at main (E:\product\scAdmin\app.js:24:13)
    at E:\product\node_modules\smartacjs\lib\scCommon.js:153:17
    at tryCatcher (E:\product\node_modules\smartacjs\node_modules\bluebird\js\release\util.js:11:23)
    at Promise._settlePromiseFromHandler (E:\product\node_modules\smartacjs\node_modules\bluebird\js\release\promise.js:488:31)
    at Promise._settlePromise (E:\product\node_modules\smartacjs\node_modules\bluebird\js\release\promise.js:545:18)
    at Promise._settlePromise0 (E:\product\node_modules\smartacjs\node_modules\bluebird\js\release\promise.js:590:10)
    at Promise._settlePromises (E:\product\node_modules\smartacjs\node_modules\bluebird\js\release\promise.js:673:18)
[D] 14:38:18.177(0000000000065E94):worker process log socket connected!
[D] 14:38:18.170(0000000000060BDC):worker 2# ready to connect master log socket server, port=15523
[D] 14:38:18.179(0000000000060BDC):worker 2# log socket connected!
[I] 14:38:18.686(0000000000060BDC):[AMQP0]created
[I] 14:38:18.696(0000000000060BDC):[AMQP0]declare queue 'cf.rpc.4863f570a28511e7adb04531319af8cc'
[I] 14:38:18.697(0000000000060BDC):[RPCC:cf.rpc]create rpc client 'cf.rpc' in conn AMQP0
[I] 14:38:18.807(0000000000060BDC):PBEncoder success load file 'E:\product\protocol\cf.proto.js'
[I] 14:38:18.808(0000000000060BDC):[AMQP0]declare queue 'cf.wechat.rpc.48753380a28511e7adb04531319af8cc'
[I] 14:38:18.808(0000000000060BDC):[RPCC:cf.wechat.rpc]create rpc client 'cf.wechat.rpc' in conn AMQP0
[I] 14:38:18.864(0000000000060BDC):PBEncoder success load file 'E:\product\protocol\cf_wechat.proto.js'
[I] 14:38:18.864(0000000000060BDC):[AMQP0]declare exchange 'cf.wechat.notify'
[I] 14:38:18.865(0000000000060BDC):[AMQP0]declare queue 'jiaxingwang.sc_admin.wechat.487de610a28511e7adb04531319af8cc'
[I] 14:38:18.865(0000000000060BDC):[AMQP0]declare queue 'cf.app.rpc.487de611a28511e7adb04531319af8cc'
[I] 14:38:18.865(0000000000060BDC):[RPCC:cf.app.rpc]create rpc client 'cf.app.rpc' in conn AMQP0
[I] 14:38:18.870(0000000000060BDC):PBEncoder success load file 'E:\product\protocol\cf_app.proto.js'
[I] 14:38:18.870(0000000000060BDC):[AMQP0]declare queue 'cf.alipay.rpc.487ea960a28511e7adb04531319af8cc'
[I] 14:38:18.870(0000000000060BDC):[RPCC:cf.alipay.rpc]create rpc client 'cf.alipay.rpc' in conn AMQP0
[I] 14:38:18.878(0000000000060BDC):PBEncoder success load file 'E:\product\protocol\cf_alipay.proto.js'
[I] 14:38:18.879(0000000000060BDC):[AMQP0]declare queue 'cf.ding.rpc.488008f0a28511e7adb04531319af8cc'
[I] 14:38:18.879(0000000000060BDC):[RPCC:cf.ding.rpc]create rpc client 'cf.ding.rpc' in conn AMQP0
[I] 14:38:18.889(0000000000060BDC):PBEncoder success load file 'E:\product\protocol\cf_ding.proto.js'
[I] 14:38:18.890(0000000000060BDC):[AMQP0]declare exchange 'cf.ding.notify'
[I] 14:38:18.890(0000000000060BDC):[AMQP0]declare queue 'jiaxingwang.sc_admin.ding.4881b6a0a28511e7adb04531319af8cc'
[I] 14:38:18.890(0000000000060BDC):[AM]init and reload account!
[I] 14:38:18.895(0000000000060BDC):[AM]reload account success, account number is: 0
[I] 14:38:18.898(0000000000060BDC):[AMQP0]declare queue 'sr.customer.rpc.4882ef20a28511e7adb04531319af8cc'
[I] 14:38:18.898(0000000000060BDC):[RPCC:sr.customer.rpc]create rpc client 'sr.customer.rpc' in conn AMQP0
[I] 14:38:18.905(0000000000060BDC):PBEncoder success load file 'E:\product\protocol\sr_customer.proto.js'
[W] 14:38:18.906(0000000000060BDC):[AMQP0]rpc client 'cf.rpc' declare repeat!
[W] 14:38:18.906(0000000000060BDC):[AMQP0]rpc client 'cf.wechat.rpc' declare repeat!
[W] 14:38:18.907(0000000000060BDC):[AMQP0]rpc client 'cf.app.rpc' declare repeat!
[I] 14:38:18.911(0000000000060BDC):[AMQP0]declare exchange 'sc.system'
[I] 14:38:18.911(0000000000060BDC):[AMQP0]declare queue 'jiaxingwang.sc_admin.system.4884eaf0a28511e7adb04531319af8cc'
[I] 14:38:18.915(0000000000060BDC):PBEncoder success load file 'E:\product\protocol\sc_system.proto.js'
[I] 14:38:19.107(0000000000060BDC):[AMQP1]created
[I] 14:38:19.108(0000000000060BDC):[AMQP1]declare exchange 'amq.direct'
[I] 14:38:19.108(0000000000060BDC):[AMQP1]declare queue 'cf.wechat.rpc.48a2fa40a28511e7adb04531319af8cc'
[I] 14:38:19.109(0000000000060BDC):[RPCC:cf.wechat.rpc]create rpc client 'cf.wechat.rpc' in conn AMQP1
[I] 14:38:19.110(0000000000060BDC):[AMQP2]created
[I] 14:38:19.114(0000000000060BDC):[AMQP0]declare exchange 'amq.direct'
[I] 14:38:19.114(0000000000060BDC):[AMQP0]declare queue 'sc.task.rpc.48a3e4a0a28511e7adb04531319af8cc'
[I] 14:38:19.114(0000000000060BDC):[RPCC:sc.task.rpc]create rpc client 'sc.task.rpc' in conn AMQP0
[I] 14:38:19.121(0000000000060BDC):PBEncoder success load file 'E:\product\protocol\sc_task.proto.js'
[I] 14:38:19.144(0000000000060BDC):[AMQP0]declare queue 'sr.customer.tag.rpc.48a87880a28511e7adb04531319af8cc'
[I] 14:38:19.144(0000000000060BDC):[RPCC:sr.customer.tag.rpc]create rpc client 'sr.customer.tag.rpc' in conn AMQP0
[I] 14:38:19.148(0000000000060BDC):[AMQP0]declare queue 'sr.customer.point.rpc.48a914c0a28511e7adb04531319af8cc'
[I] 14:38:19.149(0000000000060BDC):[RPCC:sr.customer.point.rpc]create rpc client 'sr.customer.point.rpc' in conn AMQP0
[I] 14:38:19.155(0000000000060BDC):PBEncoder success load file 'E:\product\protocol\sr_customer_point.proto.js'
[I] 14:38:19.161(0000000000060BDC):PBEncoder success load file 'E:\product\protocol\sr_customer_tag.proto.js'
[W] 14:38:19.170(0000000000060BDC):[AMQP0]rpc client 'cf.wechat.rpc' declare repeat!
[I] 14:38:19.171(0000000000060BDC):[AMQP0]declare queue 'sr.customer.coupon_class.rpc.48ac9730a28511e7adb04531319af8cc'
[I] 14:38:19.171(0000000000060BDC):[RPCC:sr.customer.coupon_class.rpc]create rpc client 'sr.customer.coupon_class.rpc' in conn AMQP0
[I] 14:38:19.172(0000000000060BDC):[AMQP0]declare queue 'sr.customer.coupon.rpc.48ac9731a28511e7adb04531319af8cc'
[I] 14:38:19.172(0000000000060BDC):[RPCC:sr.customer.coupon.rpc]create rpc client 'sr.customer.coupon.rpc' in conn AMQP0
[I] 14:38:19.184(0000000000060BDC):PBEncoder success load file 'E:\product\protocol\sr_customer_coupon.proto.js'
[W] 14:38:19.184(0000000000060BDC):[AMQP0]rpc client 'cf.wechat.rpc' declare repeat!
[I] 14:38:19.185(0000000000060BDC):[AMQP0]declare queue 'cf.wxpay.rpc.48aeba10a28511e7adb04531319af8cc'
[I] 14:38:19.185(0000000000060BDC):[RPCC:cf.wxpay.rpc]create rpc client 'cf.wxpay.rpc' in conn AMQP0
[I] 14:38:19.199(0000000000060BDC):PBEncoder success load file 'E:\product\protocol\cf_wxpay.proto.js'
[W] 14:38:19.199(0000000000060BDC):[AMQP0]rpc client 'sr.customer.point.rpc' declare repeat!
[W] 14:38:19.208(0000000000060BDC):[AMQP0]exchange amq.direct already declare!!
[W] 14:38:19.208(0000000000060BDC):[AMQP0]rpc client 'sr.customer.rpc' declare repeat!
[W] 14:38:19.208(0000000000060BDC):[AMQP0]rpc client 'sr.customer.coupon.rpc' declare repeat!
[W] 14:38:19.209(0000000000060BDC):[AMQP0]rpc client 'cf.wechat.rpc' declare repeat!
[W] 14:38:19.211(0000000000060BDC):[AMQP0]exchange amq.direct already declare!!
[I] 14:38:19.211(0000000000060BDC):[AMQP0]declare queue 'cf.baidu.rpc.48b2b1b0a28511e7adb04531319af8cc'
[I] 14:38:19.212(0000000000060BDC):[RPCC:cf.baidu.rpc]create rpc client 'cf.baidu.rpc' in conn AMQP0
[I] 14:38:19.217(0000000000060BDC):PBEncoder success load file 'E:\product\protocol\cf_baidu.proto.js'
[I] 14:38:19.222(0000000000060BDC):[AMQP3]created
[I] 14:38:19.230(0000000000060BDC):[AMQP4]created
[I] 14:38:19.230(0000000000060BDC):[AMQP4]declare exchange 'amq.direct'
[I] 14:38:19.230(0000000000060BDC):[AMQP4]declare queue 'cf.app.rpc.48b597e0a28511e7adb04531319af8cc'
[I] 14:38:19.231(0000000000060BDC):[RPCC:cf.app.rpc]create rpc client 'cf.app.rpc' in conn AMQP4
[I] 14:38:19.231(0000000000060BDC):[AMQP4]declare queue 'cf.wechat.rpc.48b5bef0a28511e7adb04531319af8cc'
[I] 14:38:19.231(0000000000060BDC):[RPCC:cf.wechat.rpc]create rpc client 'cf.wechat.rpc' in conn AMQP4
[I] 14:38:19.231(0000000000060BDC):[AMQP4]declare queue 'cf.rpc.48b5bef1a28511e7adb04531319af8cc'
[I] 14:38:19.231(0000000000060BDC):[RPCC:cf.rpc]create rpc client 'cf.rpc' in conn AMQP4
[I] 14:38:19.232(0000000000060BDC):[AMQP4]declare queue 'sc.task.rpc.48b5e600a28511e7adb04531319af8cc'
[I] 14:38:19.232(0000000000060BDC):[RPCC:sc.task.rpc]create rpc client 'sc.task.rpc' in conn AMQP4
[I] 14:38:19.235(0000000000060BDC):[AMQP5]created
[I] 14:38:19.235(0000000000060BDC):[AMQP5]declare exchange 'amq.direct'
[I] 14:38:19.235(0000000000060BDC):[AMQP5]declare queue 'cf.wechat.rpc.48b65b30a28511e7adb04531319af8cc'
[I] 14:38:19.236(0000000000060BDC):[RPCC:cf.wechat.rpc]create rpc client 'cf.wechat.rpc' in conn AMQP5
[W] 14:38:19.237(0000000000060BDC):[AMQP0]rpc client 'sr.customer.point.rpc' declare repeat!
[I] 14:38:19.239(0000000000060BDC):[AMQP6]created
[I] 14:38:19.240(0000000000060BDC):[AMQP6]declare exchange 'amq.direct'
[I] 14:38:19.240(0000000000060BDC):[AMQP6]declare queue 'cf.wechat.rpc.48b71e80a28511e7adb04531319af8cc'
[I] 14:38:19.240(0000000000060BDC):[RPCC:cf.wechat.rpc]create rpc client 'cf.wechat.rpc' in conn AMQP6
[I] 14:38:19.245(0000000000060BDC):[AMQP7]created
[I] 14:38:19.245(0000000000060BDC):[AMQP7]declare exchange 'amq.direct'
[I] 14:38:19.245(0000000000060BDC):[AMQP7]declare queue 'sc.task.rpc.48b7e1d0a28511e7adb04531319af8cc'
[I] 14:38:19.246(0000000000060BDC):[RPCC:sc.task.rpc]create rpc client 'sc.task.rpc' in conn AMQP7
[I] 14:38:19.246(0000000000060BDC):[AMQP7]declare queue 'sr.customer.rewardfail.48b808e0a28511e7adb04531319af8cc'
[I] 14:38:19.246(0000000000060BDC):[RPCC:sr.customer.rewardfail]create rpc client 'sr.customer.rewardfail' in conn AMQP7
[W] 14:38:19.249(0000000000060BDC):[AMQP0]exchange amq.direct already declare!!
[W] 14:38:19.249(0000000000060BDC):[AMQP0]rpc client 'sr.customer.tag.rpc' declare repeat!
[W] 14:38:19.250(0000000000060BDC):[AMQP0]rpc client 'sc.task.rpc' declare repeat!
[W] 14:38:19.252(0000000000060BDC):[AMQP0]exchange amq.direct already declare!!
[I] 14:38:19.252(0000000000060BDC):[AMQP0]declare queue 'sr.trade.rpc.48b8f340a28511e7adb04531319af8cc'
[I] 14:38:19.252(0000000000060BDC):[RPCC:sr.trade.rpc]create rpc client 'sr.trade.rpc' in conn AMQP0
[I] 14:38:19.256(0000000000060BDC):PBEncoder success load file 'E:\product\protocol\sr_trade.proto.js'
[I] 14:38:19.259(0000000000060BDC):[AMQP8]created
[I] 14:38:19.259(0000000000060BDC):[AMQP8]declare exchange 'amq.direct'
[I] 14:38:19.260(0000000000060BDC):[AMQP8]declare queue 'cf.wechat.rpc.48ba2bc0a28511e7adb04531319af8cc'
[I] 14:38:19.260(0000000000060BDC):[RPCC:cf.wechat.rpc]create rpc client 'cf.wechat.rpc' in conn AMQP8
[T] 14:38:19.277(0000000000060BDC):Http is running,port is 18910
[I] 14:38:19.283(0000000000060BDC):[redis]redis connect
[W] 14:38:19.289(0000000000065E94):recv 'Ctrl+C' break sign!next exit!
[D] 14:38:19.294(0000000000065E94):worker process log socket error!err=Error: read ECONNRESET
    at exports._errnoException (util.js:890:11)
    at TCP.onread (net.js:550:26)
[D] 14:38:19.295(0000000000065E94):worker process log socket close!
[D] 14:38:19.297(0000000000065E94):worker process log socket error!err=Error: read ECONNRESET
    at exports._errnoException (util.js:890:11)
    at TCP.onread (net.js:550:26)
[D] 14:38:19.297(0000000000065E94):worker process log socket close!
[D] 14:38:19.304(0000000000065E94):worker process log socket error!err=Error: read ECONNRESET
    at exports._errnoException (util.js:890:11)
    at TCP.onread (net.js:550:26)
[D] 14:38:19.305(0000000000065E94):worker process log socket close!
[W] 14:38:19.314(0000000000065E94):worker 60BDC(2#) died.
[W] 14:38:19.315(0000000000065E94):worker 66C10(0#) died.
[W] 14:38:19.315(0000000000065E94):worker 69310(1#) died.
[W] 14:38:20.080(0000000000065E94):try restart worker 0# ...
[I] 14:38:20.084(0000000000065E94):start worker success,pid=60E44(0#)
