[I] 00:01:31.552(0000000000226F90):[redis]redis close
[T] 00:01:31.552(0000000000226F90):[redis]redis reconnecting
[I] 00:01:31.556(0000000000226F90):[redis]redis connect
[I] 00:01:31.557(0000000000226F90):[redis]redis ready
[I] 00:04:33.514(00000000002281D0):[redis]redis close
[T] 00:04:33.514(00000000002281D0):[redis]redis reconnecting
[I] 00:04:33.517(00000000002281D0):[redis]redis connect
[I] 00:04:33.518(00000000002281D0):[redis]redis ready
[I] 00:04:42.519(00000000002289EC):[redis]redis close
[T] 00:04:42.520(00000000002289EC):[redis]redis reconnecting
[I] 00:04:42.524(00000000002289EC):[redis]redis connect
[I] 00:04:42.526(00000000002289EC):[redis]redis ready
[I] 00:06:32.624(0000000000226F90):[redis]redis close
[T] 00:06:32.624(0000000000226F90):[redis]redis reconnecting
[I] 00:06:32.627(0000000000226F90):[redis]redis connect
[I] 00:06:32.628(0000000000226F90):[redis]redis ready
[I] 00:09:34.188(00000000002281D0):[redis]redis close
[T] 00:09:34.189(00000000002281D0):[redis]redis reconnecting
[I] 00:09:34.192(00000000002281D0):[redis]redis connect
[I] 00:09:34.193(00000000002281D0):[redis]redis ready
[I] 00:09:43.302(00000000002289EC):[redis]redis close
[T] 00:09:43.302(00000000002289EC):[redis]redis reconnecting
[I] 00:09:43.312(00000000002289EC):[redis]redis connect
[I] 00:09:43.313(00000000002289EC):[redis]redis ready
[I] 00:11:33.324(0000000000226F90):[redis]redis close
[T] 00:11:33.324(0000000000226F90):[redis]redis reconnecting
[I] 00:11:33.327(0000000000226F90):[redis]redis connect
[I] 00:11:33.328(0000000000226F90):[redis]redis ready
[I] 00:14:36.010(00000000002281D0):[redis]redis close
[T] 00:14:36.010(00000000002281D0):[redis]redis reconnecting
[I] 00:14:36.013(00000000002281D0):[redis]redis connect
[I] 00:14:36.014(00000000002281D0):[redis]redis ready
[I] 00:14:45.126(00000000002289EC):[redis]redis close
[T] 00:14:45.126(00000000002289EC):[redis]redis reconnecting
[I] 00:14:45.130(00000000002289EC):[redis]redis connect
[I] 00:14:45.132(00000000002289EC):[redis]redis ready
[I] 00:16:34.533(0000000000226F90):[redis]redis close
[T] 00:16:34.534(0000000000226F90):[redis]redis reconnecting
[I] 00:16:34.536(0000000000226F90):[redis]redis connect
[I] 00:16:34.537(0000000000226F90):[redis]redis ready
[I] 00:19:36.886(00000000002281D0):[redis]redis close
[T] 00:19:36.886(00000000002281D0):[redis]redis reconnecting
[I] 00:19:36.889(00000000002281D0):[redis]redis connect
[I] 00:19:36.891(00000000002281D0):[redis]redis ready
[I] 00:19:45.897(00000000002289EC):[redis]redis close
[T] 00:19:45.898(00000000002289EC):[redis]redis reconnecting
[I] 00:19:45.901(00000000002289EC):[redis]redis connect
[I] 00:19:45.903(00000000002289EC):[redis]redis ready
[I] 00:21:35.224(0000000000226F90):[redis]redis close
[T] 00:21:35.224(0000000000226F90):[redis]redis reconnecting
[I] 00:21:35.226(0000000000226F90):[redis]redis connect
[I] 00:21:35.228(0000000000226F90):[redis]redis ready
[I] 00:24:37.581(00000000002281D0):[redis]redis close
[T] 00:24:37.581(00000000002281D0):[redis]redis reconnecting
[I] 00:24:37.583(00000000002281D0):[redis]redis connect
[I] 00:24:37.584(00000000002281D0):[redis]redis ready
[I] 00:24:46.688(00000000002289EC):[redis]redis close
[T] 00:24:46.688(00000000002289EC):[redis]redis reconnecting
[I] 00:24:46.692(00000000002289EC):[redis]redis connect
[I] 00:24:46.693(00000000002289EC):[redis]redis ready
[I] 00:26:36.878(0000000000226F90):[redis]redis close
[T] 00:26:36.878(0000000000226F90):[redis]redis reconnecting
[I] 00:26:36.882(0000000000226F90):[redis]redis connect
[I] 00:26:36.883(0000000000226F90):[redis]redis ready
[I] 00:29:38.536(00000000002281D0):[redis]redis close
[T] 00:29:38.536(00000000002281D0):[redis]redis reconnecting
[I] 00:29:38.539(00000000002281D0):[redis]redis connect
[I] 00:29:38.540(00000000002281D0):[redis]redis ready
[I] 00:29:47.643(00000000002289EC):[redis]redis close
[T] 00:29:47.643(00000000002289EC):[redis]redis reconnecting
[I] 00:29:47.646(00000000002289EC):[redis]redis connect
[I] 00:29:47.647(00000000002289EC):[redis]redis ready
[I] 00:31:38.060(0000000000226F90):[redis]redis close
[T] 00:31:38.060(0000000000226F90):[redis]redis reconnecting
[I] 00:31:38.062(0000000000226F90):[redis]redis connect
[I] 00:31:38.063(0000000000226F90):[redis]redis ready
[I] 00:34:39.320(00000000002281D0):[redis]redis close
[T] 00:34:39.320(00000000002281D0):[redis]redis reconnecting
[I] 00:34:39.322(00000000002281D0):[redis]redis connect
[I] 00:34:39.323(00000000002281D0):[redis]redis ready
[I] 00:34:48.432(00000000002289EC):[redis]redis close
[T] 00:34:48.432(00000000002289EC):[redis]redis reconnecting
[I] 00:34:48.434(00000000002289EC):[redis]redis connect
[I] 00:34:48.435(00000000002289EC):[redis]redis ready
[I] 00:36:38.430(0000000000226F90):[redis]redis close
[T] 00:36:38.431(0000000000226F90):[redis]redis reconnecting
[I] 00:36:38.434(0000000000226F90):[redis]redis connect
[I] 00:36:38.436(0000000000226F90):[redis]redis ready
[I] 00:39:40.295(00000000002281D0):[redis]redis close
[T] 00:39:40.296(00000000002281D0):[redis]redis reconnecting
[I] 00:39:40.300(00000000002281D0):[redis]redis connect
[I] 00:39:40.301(00000000002281D0):[redis]redis ready
[I] 00:39:49.411(00000000002289EC):[redis]redis close
[T] 00:39:49.412(00000000002289EC):[redis]redis reconnecting
[I] 00:39:49.416(00000000002289EC):[redis]redis connect
[I] 00:39:49.417(00000000002289EC):[redis]redis ready
[I] 00:41:40.109(0000000000226F90):[redis]redis close
[T] 00:41:40.109(0000000000226F90):[redis]redis reconnecting
[I] 00:41:40.112(0000000000226F90):[redis]redis connect
[I] 00:41:40.113(0000000000226F90):[redis]redis ready
[I] 00:44:41.563(00000000002281D0):[redis]redis close
[T] 00:44:41.563(00000000002281D0):[redis]redis reconnecting
[I] 00:44:41.566(00000000002281D0):[redis]redis connect
[I] 00:44:41.568(00000000002281D0):[redis]redis ready
[I] 00:44:50.668(00000000002289EC):[redis]redis close
[T] 00:44:50.668(00000000002289EC):[redis]redis reconnecting
[I] 00:44:50.670(00000000002289EC):[redis]redis connect
[I] 00:44:50.671(00000000002289EC):[redis]redis ready
[I] 00:46:40.974(0000000000226F90):[redis]redis close
[T] 00:46:40.974(0000000000226F90):[redis]redis reconnecting
[I] 00:46:40.977(0000000000226F90):[redis]redis connect
[I] 00:46:40.978(0000000000226F90):[redis]redis ready
[I] 00:49:42.930(00000000002281D0):[redis]redis close
[T] 00:49:42.931(00000000002281D0):[redis]redis reconnecting
[I] 00:49:42.933(00000000002281D0):[redis]redis connect
[I] 00:49:42.934(00000000002281D0):[redis]redis ready
[I] 00:49:52.140(00000000002289EC):[redis]redis close
[T] 00:49:52.140(00000000002289EC):[redis]redis reconnecting
[I] 00:49:52.143(00000000002289EC):[redis]redis connect
[I] 00:49:52.144(00000000002289EC):[redis]redis ready
[I] 00:51:41.257(0000000000226F90):[redis]redis close
[T] 00:51:41.258(0000000000226F90):[redis]redis reconnecting
[I] 00:51:41.261(0000000000226F90):[redis]redis connect
[I] 00:51:41.262(0000000000226F90):[redis]redis ready
[I] 00:54:43.449(00000000002281D0):[redis]redis close
[T] 00:54:43.450(00000000002281D0):[redis]redis reconnecting
[I] 00:54:43.453(00000000002281D0):[redis]redis connect
[I] 00:54:43.455(00000000002281D0):[redis]redis ready
[I] 00:54:52.557(00000000002289EC):[redis]redis close
[T] 00:54:52.557(00000000002289EC):[redis]redis reconnecting
[I] 00:54:52.560(00000000002289EC):[redis]redis connect
[I] 00:54:52.561(00000000002289EC):[redis]redis ready
[I] 00:56:42.847(0000000000226F90):[redis]redis close
[T] 00:56:42.848(0000000000226F90):[redis]redis reconnecting
[I] 00:56:42.851(0000000000226F90):[redis]redis connect
[I] 00:56:42.853(0000000000226F90):[redis]redis ready
[I] 00:59:44.319(00000000002281D0):[redis]redis close
[T] 00:59:44.319(00000000002281D0):[redis]redis reconnecting
[I] 00:59:44.323(00000000002281D0):[redis]redis connect
[I] 00:59:44.325(00000000002281D0):[redis]redis ready
[I] 00:59:53.431(00000000002289EC):[redis]redis close
[T] 00:59:53.431(00000000002289EC):[redis]redis reconnecting
[I] 00:59:53.435(00000000002289EC):[redis]redis connect
[I] 00:59:53.437(00000000002289EC):[redis]redis ready
[I] 01:01:44.216(0000000000226F90):[redis]redis close
[T] 01:01:44.216(0000000000226F90):[redis]redis reconnecting
[I] 01:01:44.220(0000000000226F90):[redis]redis connect
[I] 01:01:44.222(0000000000226F90):[redis]redis ready
[I] 01:04:45.562(00000000002281D0):[redis]redis close
[T] 01:04:45.563(00000000002281D0):[redis]redis reconnecting
[I] 01:04:45.565(00000000002281D0):[redis]redis connect
[I] 01:04:45.567(00000000002281D0):[redis]redis ready
[I] 01:04:54.769(00000000002289EC):[redis]redis close
[T] 01:04:54.769(00000000002289EC):[redis]redis reconnecting
[I] 01:04:54.772(00000000002289EC):[redis]redis connect
[I] 01:04:54.774(00000000002289EC):[redis]redis ready
[I] 01:06:44.287(0000000000226F90):[redis]redis close
[T] 01:06:44.287(0000000000226F90):[redis]redis reconnecting
[I] 01:06:44.289(0000000000226F90):[redis]redis connect
[I] 01:06:44.290(0000000000226F90):[redis]redis ready
[I] 01:09:47.149(00000000002281D0):[redis]redis close
[T] 01:09:47.149(00000000002281D0):[redis]redis reconnecting
[I] 01:09:47.151(00000000002281D0):[redis]redis connect
[I] 01:09:47.153(00000000002281D0):[redis]redis ready
[I] 01:09:55.259(00000000002289EC):[redis]redis close
[T] 01:09:55.259(00000000002289EC):[redis]redis reconnecting
[I] 01:09:55.261(00000000002289EC):[redis]redis connect
[I] 01:09:55.262(00000000002289EC):[redis]redis ready
[I] 01:11:45.496(0000000000226F90):[redis]redis close
[T] 01:11:45.496(0000000000226F90):[redis]redis reconnecting
[I] 01:11:45.499(0000000000226F90):[redis]redis connect
[I] 01:11:45.500(0000000000226F90):[redis]redis ready
[I] 01:14:48.167(00000000002281D0):[redis]redis close
[T] 01:14:48.167(00000000002281D0):[redis]redis reconnecting
[I] 01:14:48.169(00000000002281D0):[redis]redis connect
[I] 01:14:48.170(00000000002281D0):[redis]redis ready
[I] 01:14:56.274(00000000002289EC):[redis]redis close
[T] 01:14:56.274(00000000002289EC):[redis]redis reconnecting
[I] 01:14:56.277(00000000002289EC):[redis]redis connect
[I] 01:14:56.278(00000000002289EC):[redis]redis ready
[I] 01:16:46.362(0000000000226F90):[redis]redis close
[T] 01:16:46.363(0000000000226F90):[redis]redis reconnecting
[I] 01:16:46.365(0000000000226F90):[redis]redis connect
[I] 01:16:46.366(0000000000226F90):[redis]redis ready
[I] 01:19:48.941(00000000002281D0):[redis]redis close
[T] 01:19:48.941(00000000002281D0):[redis]redis reconnecting
[I] 01:19:48.943(00000000002281D0):[redis]redis connect
[I] 01:19:48.945(00000000002281D0):[redis]redis ready
[I] 01:19:57.955(00000000002289EC):[redis]redis close
[T] 01:19:57.955(00000000002289EC):[redis]redis reconnecting
[I] 01:19:57.957(00000000002289EC):[redis]redis connect
[I] 01:19:57.960(00000000002289EC):[redis]redis ready
[I] 01:21:47.375(0000000000226F90):[redis]redis close
[T] 01:21:47.375(0000000000226F90):[redis]redis reconnecting
[I] 01:21:47.378(0000000000226F90):[redis]redis connect
[I] 01:21:47.379(0000000000226F90):[redis]redis ready
[I] 01:24:49.890(00000000002281D0):[redis]redis close
[T] 01:24:49.891(00000000002281D0):[redis]redis reconnecting
[I] 01:24:49.893(00000000002281D0):[redis]redis connect
[I] 01:24:49.894(00000000002281D0):[redis]redis ready
[I] 01:24:59.003(00000000002289EC):[redis]redis close
[T] 01:24:59.003(00000000002289EC):[redis]redis reconnecting
[I] 01:24:59.005(00000000002289EC):[redis]redis connect
[I] 01:24:59.007(00000000002289EC):[redis]redis ready
[I] 01:26:48.419(0000000000226F90):[redis]redis close
[T] 01:26:48.420(0000000000226F90):[redis]redis reconnecting
[I] 01:26:48.423(0000000000226F90):[redis]redis connect
[I] 01:26:48.425(0000000000226F90):[redis]redis ready
[I] 01:29:50.685(00000000002281D0):[redis]redis close
[T] 01:29:50.685(00000000002281D0):[redis]redis reconnecting
[I] 01:29:50.688(00000000002281D0):[redis]redis connect
[I] 01:29:50.689(00000000002281D0):[redis]redis ready
[I] 01:29:59.792(00000000002289EC):[redis]redis close
[T] 01:29:59.792(00000000002289EC):[redis]redis reconnecting
[I] 01:29:59.794(00000000002289EC):[redis]redis connect
[I] 01:29:59.795(00000000002289EC):[redis]redis ready
[I] 01:31:49.496(0000000000226F90):[redis]redis close
[T] 01:31:49.497(0000000000226F90):[redis]redis reconnecting
[I] 01:31:49.500(0000000000226F90):[redis]redis connect
[I] 01:31:49.501(0000000000226F90):[redis]redis ready
[I] 01:34:51.578(00000000002281D0):[redis]redis close
[T] 01:34:51.579(00000000002281D0):[redis]redis reconnecting
[I] 01:34:51.583(00000000002281D0):[redis]redis connect
[I] 01:34:51.584(00000000002281D0):[redis]redis ready
[I] 01:35:00.600(00000000002289EC):[redis]redis close
[T] 01:35:00.600(00000000002289EC):[redis]redis reconnecting
[I] 01:35:00.604(00000000002289EC):[redis]redis connect
[I] 01:35:00.605(00000000002289EC):[redis]redis ready
[I] 01:36:51.197(0000000000226F90):[redis]redis close
[T] 01:36:51.198(0000000000226F90):[redis]redis reconnecting
[I] 01:36:51.201(0000000000226F90):[redis]redis connect
[I] 01:36:51.203(0000000000226F90):[redis]redis ready
[I] 01:39:53.059(00000000002281D0):[redis]redis close
[T] 01:39:53.059(00000000002281D0):[redis]redis reconnecting
[I] 01:39:53.062(00000000002281D0):[redis]redis connect
[I] 01:39:53.063(00000000002281D0):[redis]redis ready
[I] 01:40:02.073(00000000002289EC):[redis]redis close
[T] 01:40:02.073(00000000002289EC):[redis]redis reconnecting
[I] 01:40:02.077(00000000002289EC):[redis]redis connect
[I] 01:40:02.078(00000000002289EC):[redis]redis ready
[I] 01:41:51.485(0000000000226F90):[redis]redis close
[T] 01:41:51.486(0000000000226F90):[redis]redis reconnecting
[I] 01:41:51.488(0000000000226F90):[redis]redis connect
[I] 01:41:51.489(0000000000226F90):[redis]redis ready
[I] 01:44:54.269(00000000002281D0):[redis]redis close
[T] 01:44:54.269(00000000002281D0):[redis]redis reconnecting
[I] 01:44:54.271(00000000002281D0):[redis]redis connect
[I] 01:44:54.272(00000000002281D0):[redis]redis ready
[I] 01:45:02.388(00000000002289EC):[redis]redis close
[T] 01:45:02.389(00000000002289EC):[redis]redis reconnecting
[I] 01:45:02.391(00000000002289EC):[redis]redis connect
[I] 01:45:02.392(00000000002289EC):[redis]redis ready
[I] 01:46:52.604(0000000000226F90):[redis]redis close
[T] 01:46:52.604(0000000000226F90):[redis]redis reconnecting
[I] 01:46:52.608(0000000000226F90):[redis]redis connect
[I] 01:46:52.609(0000000000226F90):[redis]redis ready
[I] 01:49:54.557(00000000002281D0):[redis]redis close
[T] 01:49:54.557(00000000002281D0):[redis]redis reconnecting
[I] 01:49:54.559(00000000002281D0):[redis]redis connect
[I] 01:49:54.560(00000000002281D0):[redis]redis ready
[I] 01:50:03.574(00000000002289EC):[redis]redis close
[T] 01:50:03.575(00000000002289EC):[redis]redis reconnecting
[I] 01:50:03.578(00000000002289EC):[redis]redis connect
[I] 01:50:03.580(00000000002289EC):[redis]redis ready
[I] 01:51:53.887(0000000000226F90):[redis]redis close
[T] 01:51:53.887(0000000000226F90):[redis]redis reconnecting
[I] 01:51:53.890(0000000000226F90):[redis]redis connect
[I] 01:51:53.892(0000000000226F90):[redis]redis ready
[I] 01:54:56.264(00000000002281D0):[redis]redis close
[T] 01:54:56.264(00000000002281D0):[redis]redis reconnecting
[I] 01:54:56.267(00000000002281D0):[redis]redis connect
[I] 01:54:56.268(00000000002281D0):[redis]redis ready
[I] 01:55:05.273(00000000002289EC):[redis]redis close
[T] 01:55:05.274(00000000002289EC):[redis]redis reconnecting
[I] 01:55:05.277(00000000002289EC):[redis]redis connect
[I] 01:55:05.279(00000000002289EC):[redis]redis ready
[I] 01:56:55.068(0000000000226F90):[redis]redis close
[T] 01:56:55.069(0000000000226F90):[redis]redis reconnecting
[I] 01:56:55.071(0000000000226F90):[redis]redis connect
[I] 01:56:55.072(0000000000226F90):[redis]redis ready
[I] 01:59:57.327(00000000002281D0):[redis]redis close
[T] 01:59:57.327(00000000002281D0):[redis]redis reconnecting
[I] 01:59:57.331(00000000002281D0):[redis]redis connect
[I] 01:59:57.333(00000000002281D0):[redis]redis ready
[I] 02:00:05.435(00000000002289EC):[redis]redis close
[T] 02:00:05.435(00000000002289EC):[redis]redis reconnecting
[I] 02:00:05.437(00000000002289EC):[redis]redis connect
[I] 02:00:05.438(00000000002289EC):[redis]redis ready
[I] 02:01:55.651(0000000000226F90):[redis]redis close
[T] 02:01:55.652(0000000000226F90):[redis]redis reconnecting
[I] 02:01:55.655(0000000000226F90):[redis]redis connect
[I] 02:01:55.657(0000000000226F90):[redis]redis ready
[I] 02:04:57.757(00000000002281D0):[redis]redis close
[T] 02:04:57.757(00000000002281D0):[redis]redis reconnecting
[I] 02:04:57.759(00000000002281D0):[redis]redis connect
[I] 02:04:57.760(00000000002281D0):[redis]redis ready
[I] 02:05:06.965(00000000002289EC):[redis]redis close
[T] 02:05:06.965(00000000002289EC):[redis]redis reconnecting
[I] 02:05:06.968(00000000002289EC):[redis]redis connect
[I] 02:05:06.969(00000000002289EC):[redis]redis ready
[I] 02:06:57.046(0000000000226F90):[redis]redis close
[T] 02:06:57.046(0000000000226F90):[redis]redis reconnecting
[I] 02:06:57.050(0000000000226F90):[redis]redis connect
[I] 02:06:57.051(0000000000226F90):[redis]redis ready
[I] 02:09:58.724(00000000002281D0):[redis]redis close
[T] 02:09:58.725(00000000002281D0):[redis]redis reconnecting
[I] 02:09:58.728(00000000002281D0):[redis]redis connect
[I] 02:09:58.729(00000000002281D0):[redis]redis ready
[I] 02:10:07.929(00000000002289EC):[redis]redis close
[T] 02:10:07.929(00000000002289EC):[redis]redis reconnecting
[I] 02:10:07.931(00000000002289EC):[redis]redis connect
[I] 02:10:07.932(00000000002289EC):[redis]redis ready
[I] 02:11:57.619(0000000000226F90):[redis]redis close
[T] 02:11:57.619(0000000000226F90):[redis]redis reconnecting
[I] 02:11:57.623(0000000000226F90):[redis]redis connect
[I] 02:11:57.624(0000000000226F90):[redis]redis ready
[I] 02:14:59.387(00000000002281D0):[redis]redis close
[T] 02:14:59.387(00000000002281D0):[redis]redis reconnecting
[I] 02:14:59.391(00000000002281D0):[redis]redis connect
[I] 02:14:59.392(00000000002281D0):[redis]redis ready
[I] 02:15:08.494(00000000002289EC):[redis]redis close
[T] 02:15:08.494(00000000002289EC):[redis]redis reconnecting
[I] 02:15:08.496(00000000002289EC):[redis]redis connect
[I] 02:15:08.498(00000000002289EC):[redis]redis ready
[I] 02:16:58.807(0000000000226F90):[redis]redis close
[T] 02:16:58.807(0000000000226F90):[redis]redis reconnecting
[I] 02:16:58.809(0000000000226F90):[redis]redis connect
[I] 02:16:58.811(0000000000226F90):[redis]redis ready
[I] 02:20:01.063(00000000002281D0):[redis]redis close
[T] 02:20:01.063(00000000002281D0):[redis]redis reconnecting
[I] 02:20:01.065(00000000002281D0):[redis]redis connect
[I] 02:20:01.067(00000000002281D0):[redis]redis ready
[I] 02:20:10.172(00000000002289EC):[redis]redis close
[T] 02:20:10.173(00000000002289EC):[redis]redis reconnecting
[I] 02:20:10.175(00000000002289EC):[redis]redis connect
[I] 02:20:10.176(00000000002289EC):[redis]redis ready
[I] 02:22:00.074(0000000000226F90):[redis]redis close
[T] 02:22:00.074(0000000000226F90):[redis]redis reconnecting
[I] 02:22:00.077(0000000000226F90):[redis]redis connect
[I] 02:22:00.078(0000000000226F90):[redis]redis ready
[I] 02:25:01.755(00000000002281D0):[redis]redis close
[T] 02:25:01.755(00000000002281D0):[redis]redis reconnecting
[I] 02:25:01.760(00000000002281D0):[redis]redis connect
[I] 02:25:01.762(00000000002281D0):[redis]redis ready
[I] 02:25:10.860(00000000002289EC):[redis]redis close
[T] 02:25:10.860(00000000002289EC):[redis]redis reconnecting
[I] 02:25:10.864(00000000002289EC):[redis]redis connect
[I] 02:25:10.865(00000000002289EC):[redis]redis ready
[I] 02:27:00.462(0000000000226F90):[redis]redis close
[T] 02:27:00.462(0000000000226F90):[redis]redis reconnecting
[I] 02:27:00.466(0000000000226F90):[redis]redis connect
[I] 02:27:00.467(0000000000226F90):[redis]redis ready
[I] 02:30:02.634(00000000002281D0):[redis]redis close
[T] 02:30:02.635(00000000002281D0):[redis]redis reconnecting
[I] 02:30:02.637(00000000002281D0):[redis]redis connect
[I] 02:30:02.639(00000000002281D0):[redis]redis ready
[I] 02:30:11.643(00000000002289EC):[redis]redis close
[T] 02:30:11.643(00000000002289EC):[redis]redis reconnecting
[I] 02:30:11.645(00000000002289EC):[redis]redis connect
[I] 02:30:11.647(00000000002289EC):[redis]redis ready
[I] 02:32:01.640(0000000000226F90):[redis]redis close
[T] 02:32:01.640(0000000000226F90):[redis]redis reconnecting
[I] 02:32:01.643(0000000000226F90):[redis]redis connect
[I] 02:32:01.644(0000000000226F90):[redis]redis ready
[I] 02:35:03.509(00000000002281D0):[redis]redis close
[T] 02:35:03.510(00000000002281D0):[redis]redis reconnecting
[I] 02:35:03.513(00000000002281D0):[redis]redis connect
[I] 02:35:03.514(00000000002281D0):[redis]redis ready
[I] 02:35:13.315(00000000002289EC):[redis]redis close
[T] 02:35:13.315(00000000002289EC):[redis]redis reconnecting
[I] 02:35:13.317(00000000002289EC):[redis]redis connect
[I] 02:35:13.319(00000000002289EC):[redis]redis ready
[I] 02:37:03.336(0000000000226F90):[redis]redis close
[T] 02:37:03.337(0000000000226F90):[redis]redis reconnecting
[I] 02:37:03.340(0000000000226F90):[redis]redis connect
[I] 02:37:03.341(0000000000226F90):[redis]redis ready
[I] 02:40:04.605(00000000002281D0):[redis]redis close
[T] 02:40:04.606(00000000002281D0):[redis]redis reconnecting
[I] 02:40:04.609(00000000002281D0):[redis]redis connect
[I] 02:40:04.610(00000000002281D0):[redis]redis ready
[I] 02:40:13.409(00000000002289EC):[redis]redis close
[T] 02:40:13.409(00000000002289EC):[redis]redis reconnecting
[I] 02:40:13.412(00000000002289EC):[redis]redis connect
[I] 02:40:13.413(00000000002289EC):[redis]redis ready
[I] 02:42:03.418(0000000000226F90):[redis]redis close
[T] 02:42:03.419(0000000000226F90):[redis]redis reconnecting
[I] 02:42:03.422(0000000000226F90):[redis]redis connect
[I] 02:42:03.423(0000000000226F90):[redis]redis ready
[I] 02:45:06.389(00000000002281D0):[redis]redis close
[T] 02:45:06.389(00000000002281D0):[redis]redis reconnecting
[I] 02:45:06.392(00000000002281D0):[redis]redis connect
[I] 02:45:06.393(00000000002281D0):[redis]redis ready
[I] 02:45:15.194(00000000002289EC):[redis]redis close
[T] 02:45:15.195(00000000002289EC):[redis]redis reconnecting
[I] 02:45:15.198(00000000002289EC):[redis]redis connect
[I] 02:45:15.199(00000000002289EC):[redis]redis ready
[I] 02:47:04.884(0000000000226F90):[redis]redis close
[T] 02:47:04.885(0000000000226F90):[redis]redis reconnecting
[I] 02:47:04.887(0000000000226F90):[redis]redis connect
[I] 02:47:04.888(0000000000226F90):[redis]redis ready
[I] 02:50:07.285(00000000002281D0):[redis]redis close
[T] 02:50:07.285(00000000002281D0):[redis]redis reconnecting
[I] 02:50:07.287(00000000002281D0):[redis]redis connect
[I] 02:50:07.288(00000000002281D0):[redis]redis ready
[I] 02:50:16.009(00000000002289EC):[redis]redis close
[T] 02:50:16.010(00000000002289EC):[redis]redis reconnecting
[I] 02:50:16.013(00000000002289EC):[redis]redis connect
[I] 02:50:16.015(00000000002289EC):[redis]redis ready
[I] 02:52:05.801(0000000000226F90):[redis]redis close
[T] 02:52:05.801(0000000000226F90):[redis]redis reconnecting
[I] 02:52:05.804(0000000000226F90):[redis]redis connect
[I] 02:52:05.806(0000000000226F90):[redis]redis ready
[I] 02:55:07.973(00000000002281D0):[redis]redis close
[T] 02:55:07.973(00000000002281D0):[redis]redis reconnecting
[I] 02:55:07.976(00000000002281D0):[redis]redis connect
[I] 02:55:07.977(00000000002281D0):[redis]redis ready
[I] 02:55:16.474(00000000002289EC):[redis]redis close
[T] 02:55:16.475(00000000002289EC):[redis]redis reconnecting
[I] 02:55:16.477(00000000002289EC):[redis]redis connect
[I] 02:55:16.478(00000000002289EC):[redis]redis ready
[I] 02:57:06.774(0000000000226F90):[redis]redis close
[T] 02:57:06.774(0000000000226F90):[redis]redis reconnecting
[I] 02:57:06.777(0000000000226F90):[redis]redis connect
[I] 02:57:06.778(0000000000226F90):[redis]redis ready
[I] 03:00:04.289(00000000002281D0):[redis]redis close
[T] 03:00:04.289(00000000002281D0):[redis]redis reconnecting
[I] 03:00:04.292(00000000002281D0):[redis]redis connect
[I] 03:00:04.293(00000000002281D0):[redis]redis ready
[I] 03:00:13.799(00000000002289EC):[redis]redis close
[T] 03:00:13.800(00000000002289EC):[redis]redis reconnecting
[I] 03:00:13.803(00000000002289EC):[redis]redis connect
[I] 03:00:13.804(00000000002289EC):[redis]redis ready
[I] 03:02:03.840(0000000000226F90):[redis]redis close
[T] 03:02:03.841(0000000000226F90):[redis]redis reconnecting
[I] 03:02:03.843(0000000000226F90):[redis]redis connect
[I] 03:02:03.844(0000000000226F90):[redis]redis ready
[I] 03:05:05.448(00000000002281D0):[redis]redis close
[T] 03:05:05.448(00000000002281D0):[redis]redis reconnecting
[I] 03:05:05.451(00000000002281D0):[redis]redis connect
[I] 03:05:05.453(00000000002281D0):[redis]redis ready
[I] 03:05:14.955(00000000002289EC):[redis]redis close
[T] 03:05:14.956(00000000002289EC):[redis]redis reconnecting
[I] 03:05:14.958(00000000002289EC):[redis]redis connect
[I] 03:05:14.959(00000000002289EC):[redis]redis ready
[I] 03:07:04.978(0000000000226F90):[redis]redis close
[T] 03:07:04.978(0000000000226F90):[redis]redis reconnecting
[I] 03:07:04.981(0000000000226F90):[redis]redis connect
[I] 03:07:04.983(0000000000226F90):[redis]redis ready
[I] 03:10:06.273(00000000002281D0):[redis]redis close
[T] 03:10:06.274(00000000002281D0):[redis]redis reconnecting
[I] 03:10:06.276(00000000002281D0):[redis]redis connect
[I] 03:10:06.277(00000000002281D0):[redis]redis ready
[I] 03:10:15.586(00000000002289EC):[redis]redis close
[T] 03:10:15.586(00000000002289EC):[redis]redis reconnecting
[I] 03:10:15.588(00000000002289EC):[redis]redis connect
[I] 03:10:15.590(00000000002289EC):[redis]redis ready
[I] 03:12:05.904(0000000000226F90):[redis]redis close
[T] 03:12:05.904(0000000000226F90):[redis]redis reconnecting
[I] 03:12:05.907(0000000000226F90):[redis]redis connect
[I] 03:12:05.908(0000000000226F90):[redis]redis ready
[I] 03:15:07.751(00000000002281D0):[redis]redis close
[T] 03:15:07.751(00000000002281D0):[redis]redis reconnecting
[I] 03:15:07.755(00000000002281D0):[redis]redis connect
[I] 03:15:07.756(00000000002281D0):[redis]redis ready
[I] 03:15:17.055(00000000002289EC):[redis]redis close
[T] 03:15:17.055(00000000002289EC):[redis]redis reconnecting
[I] 03:15:17.057(00000000002289EC):[redis]redis connect
[I] 03:15:17.058(00000000002289EC):[redis]redis ready
[I] 03:17:06.858(0000000000226F90):[redis]redis close
[T] 03:17:06.859(0000000000226F90):[redis]redis reconnecting
[I] 03:17:06.861(0000000000226F90):[redis]redis connect
[I] 03:17:06.862(0000000000226F90):[redis]redis ready
[I] 03:20:09.223(00000000002281D0):[redis]redis close
[T] 03:20:09.223(00000000002281D0):[redis]redis reconnecting
[I] 03:20:09.226(00000000002281D0):[redis]redis connect
[I] 03:20:09.227(00000000002281D0):[redis]redis ready
[I] 03:20:17.530(00000000002289EC):[redis]redis close
[T] 03:20:17.530(00000000002289EC):[redis]redis reconnecting
[I] 03:20:17.534(00000000002289EC):[redis]redis connect
[I] 03:20:17.535(00000000002289EC):[redis]redis ready
[I] 03:22:07.462(0000000000226F90):[redis]redis close
[T] 03:22:07.462(0000000000226F90):[redis]redis reconnecting
[I] 03:22:07.466(0000000000226F90):[redis]redis connect
[I] 03:22:07.467(0000000000226F90):[redis]redis ready
[I] 03:25:10.056(00000000002281D0):[redis]redis close
[T] 03:25:10.057(00000000002281D0):[redis]redis reconnecting
[I] 03:25:10.059(00000000002281D0):[redis]redis connect
[I] 03:25:10.061(00000000002281D0):[redis]redis ready
[I] 03:25:18.468(00000000002289EC):[redis]redis close
[T] 03:25:18.469(00000000002289EC):[redis]redis reconnecting
[I] 03:25:18.472(00000000002289EC):[redis]redis connect
[I] 03:25:18.473(00000000002289EC):[redis]redis ready
[I] 03:27:09.289(0000000000226F90):[redis]redis close
[T] 03:27:09.289(0000000000226F90):[redis]redis reconnecting
[I] 03:27:09.292(0000000000226F90):[redis]redis connect
[I] 03:27:09.294(0000000000226F90):[redis]redis ready
[I] 03:30:10.310(00000000002281D0):[redis]redis close
[T] 03:30:10.310(00000000002281D0):[redis]redis reconnecting
[I] 03:30:10.313(00000000002281D0):[redis]redis connect
[I] 03:30:10.314(00000000002281D0):[redis]redis ready
[I] 03:30:19.725(00000000002289EC):[redis]redis close
[T] 03:30:19.725(00000000002289EC):[redis]redis reconnecting
[I] 03:30:19.729(00000000002289EC):[redis]redis connect
[I] 03:30:19.730(00000000002289EC):[redis]redis ready
[I] 03:32:09.926(0000000000226F90):[redis]redis close
[T] 03:32:09.926(0000000000226F90):[redis]redis reconnecting
[I] 03:32:09.930(0000000000226F90):[redis]redis connect
[I] 03:32:09.932(0000000000226F90):[redis]redis ready
[I] 03:35:11.923(00000000002281D0):[redis]redis close
[T] 03:35:11.923(00000000002281D0):[redis]redis reconnecting
[I] 03:35:11.927(00000000002281D0):[redis]redis connect
[I] 03:35:11.929(00000000002281D0):[redis]redis ready
[I] 03:35:21.232(00000000002289EC):[redis]redis close
[T] 03:35:21.233(00000000002289EC):[redis]redis reconnecting
[I] 03:35:21.236(00000000002289EC):[redis]redis connect
[I] 03:35:21.238(00000000002289EC):[redis]redis ready
[I] 03:37:10.770(0000000000226F90):[redis]redis close
[T] 03:37:10.770(0000000000226F90):[redis]redis reconnecting
[I] 03:37:10.773(0000000000226F90):[redis]redis connect
[I] 03:37:10.775(0000000000226F90):[redis]redis ready
[I] 03:40:12.619(00000000002281D0):[redis]redis close
[T] 03:40:12.619(00000000002281D0):[redis]redis reconnecting
[I] 03:40:12.622(00000000002281D0):[redis]redis connect
[I] 03:40:12.623(00000000002281D0):[redis]redis ready
[I] 03:40:21.934(00000000002289EC):[redis]redis close
[T] 03:40:21.934(00000000002289EC):[redis]redis reconnecting
[I] 03:40:21.936(00000000002289EC):[redis]redis connect
[I] 03:40:21.938(00000000002289EC):[redis]redis ready
[I] 03:42:11.863(0000000000226F90):[redis]redis close
[T] 03:42:11.863(0000000000226F90):[redis]redis reconnecting
[I] 03:42:11.866(0000000000226F90):[redis]redis connect
[I] 03:42:11.867(0000000000226F90):[redis]redis ready
[I] 03:45:13.794(00000000002281D0):[redis]redis close
[T] 03:45:13.795(00000000002281D0):[redis]redis reconnecting
[I] 03:45:13.797(00000000002281D0):[redis]redis connect
[I] 03:45:13.798(00000000002281D0):[redis]redis ready
[I] 03:45:23.100(00000000002289EC):[redis]redis close
[T] 03:45:23.100(00000000002289EC):[redis]redis reconnecting
[I] 03:45:23.102(00000000002289EC):[redis]redis connect
[I] 03:45:23.103(00000000002289EC):[redis]redis ready
[I] 03:47:13.106(0000000000226F90):[redis]redis close
[T] 03:47:13.106(0000000000226F90):[redis]redis reconnecting
[I] 03:47:13.108(0000000000226F90):[redis]redis connect
[I] 03:47:13.109(0000000000226F90):[redis]redis ready
[I] 03:50:14.406(00000000002281D0):[redis]redis close
[T] 03:50:14.406(00000000002281D0):[redis]redis reconnecting
[I] 03:50:14.408(00000000002281D0):[redis]redis connect
[I] 03:50:14.410(00000000002281D0):[redis]redis ready
[I] 03:50:23.720(00000000002289EC):[redis]redis close
[T] 03:50:23.720(00000000002289EC):[redis]redis reconnecting
[I] 03:50:23.723(00000000002289EC):[redis]redis connect
[I] 03:50:23.724(00000000002289EC):[redis]redis ready
[I] 03:52:13.826(0000000000226F90):[redis]redis close
[T] 03:52:13.826(0000000000226F90):[redis]redis reconnecting
[I] 03:52:13.830(0000000000226F90):[redis]redis connect
[I] 03:52:13.832(0000000000226F90):[redis]redis ready
[I] 03:55:15.590(00000000002281D0):[redis]redis close
[T] 03:55:15.591(00000000002281D0):[redis]redis reconnecting
[I] 03:55:15.594(00000000002281D0):[redis]redis connect
[I] 03:55:15.596(00000000002281D0):[redis]redis ready
[I] 03:55:24.898(00000000002289EC):[redis]redis close
[T] 03:55:24.898(00000000002289EC):[redis]redis reconnecting
[I] 03:55:24.900(00000000002289EC):[redis]redis connect
[I] 03:55:24.901(00000000002289EC):[redis]redis ready
[I] 03:57:15.114(0000000000226F90):[redis]redis close
[T] 03:57:15.115(0000000000226F90):[redis]redis reconnecting
[I] 03:57:15.118(0000000000226F90):[redis]redis connect
[I] 03:57:15.119(0000000000226F90):[redis]redis ready
[I] 04:00:16.354(00000000002281D0):[redis]redis close
[T] 04:00:16.355(00000000002281D0):[redis]redis reconnecting
[I] 04:00:16.358(00000000002281D0):[redis]redis connect
[I] 04:00:16.358(00000000002281D0):[redis]redis ready
[I] 04:00:25.766(00000000002289EC):[redis]redis close
[T] 04:00:25.767(00000000002289EC):[redis]redis reconnecting
[I] 04:00:25.771(00000000002289EC):[redis]redis connect
[I] 04:00:25.773(00000000002289EC):[redis]redis ready
[I] 04:02:16.174(0000000000226F90):[redis]redis close
[T] 04:02:16.176(0000000000226F90):[redis]redis reconnecting
[I] 04:02:16.180(0000000000226F90):[redis]redis connect
[I] 04:02:16.181(0000000000226F90):[redis]redis ready
[I] 04:05:17.850(00000000002281D0):[redis]redis close
[T] 04:05:17.850(00000000002281D0):[redis]redis reconnecting
[I] 04:05:17.852(00000000002281D0):[redis]redis connect
[I] 04:05:17.854(00000000002281D0):[redis]redis ready
[I] 04:05:27.261(00000000002289EC):[redis]redis close
[T] 04:05:27.262(00000000002289EC):[redis]redis reconnecting
[I] 04:05:27.264(00000000002289EC):[redis]redis connect
[I] 04:05:27.266(00000000002289EC):[redis]redis ready
[I] 04:07:17.342(0000000000226F90):[redis]redis close
[T] 04:07:17.342(0000000000226F90):[redis]redis reconnecting
[I] 04:07:17.345(0000000000226F90):[redis]redis connect
[I] 04:07:17.346(0000000000226F90):[redis]redis ready
[I] 04:10:19.358(00000000002281D0):[redis]redis close
[T] 04:10:19.359(00000000002281D0):[redis]redis reconnecting
[I] 04:10:19.364(00000000002281D0):[redis]redis connect
[I] 04:10:19.365(00000000002281D0):[redis]redis ready
[I] 04:10:27.867(00000000002289EC):[redis]redis close
[T] 04:10:27.868(00000000002289EC):[redis]redis reconnecting
[I] 04:10:27.872(00000000002289EC):[redis]redis connect
[I] 04:10:27.873(00000000002289EC):[redis]redis ready
[I] 04:12:17.972(0000000000226F90):[redis]redis close
[T] 04:12:17.972(0000000000226F90):[redis]redis reconnecting
[I] 04:12:17.977(0000000000226F90):[redis]redis connect
[I] 04:12:17.979(0000000000226F90):[redis]redis ready
[I] 04:15:19.664(00000000002281D0):[redis]redis close
[T] 04:15:19.664(00000000002281D0):[redis]redis reconnecting
[I] 04:15:19.672(00000000002281D0):[redis]redis connect
[I] 04:15:19.676(00000000002281D0):[redis]redis ready
[I] 04:15:29.071(00000000002289EC):[redis]redis close
[T] 04:15:29.071(00000000002289EC):[redis]redis reconnecting
[I] 04:15:29.078(00000000002289EC):[redis]redis connect
[I] 04:15:29.080(00000000002289EC):[redis]redis ready
[I] 04:17:18.568(0000000000226F90):[redis]redis close
[T] 04:17:18.568(0000000000226F90):[redis]redis reconnecting
[I] 04:17:18.582(0000000000226F90):[redis]redis connect
[I] 04:17:18.586(0000000000226F90):[redis]redis ready
[I] 04:20:21.169(00000000002281D0):[redis]redis close
[T] 04:20:21.169(00000000002281D0):[redis]redis reconnecting
[I] 04:20:21.171(00000000002281D0):[redis]redis connect
[I] 04:20:21.173(00000000002281D0):[redis]redis ready
[I] 04:20:29.588(00000000002289EC):[redis]redis close
[T] 04:20:29.589(00000000002289EC):[redis]redis reconnecting
[I] 04:20:29.591(00000000002289EC):[redis]redis connect
[I] 04:20:29.592(00000000002289EC):[redis]redis ready
[I] 04:22:19.701(0000000000226F90):[redis]redis close
[T] 04:22:19.702(0000000000226F90):[redis]redis reconnecting
[I] 04:22:19.707(0000000000226F90):[redis]redis connect
[I] 04:22:19.708(0000000000226F90):[redis]redis ready
[I] 04:25:22.325(00000000002281D0):[redis]redis close
[T] 04:25:22.325(00000000002281D0):[redis]redis reconnecting
[I] 04:25:22.328(00000000002281D0):[redis]redis connect
[I] 04:25:22.329(00000000002281D0):[redis]redis ready
[I] 04:25:30.631(00000000002289EC):[redis]redis close
[T] 04:25:30.631(00000000002289EC):[redis]redis reconnecting
[I] 04:25:30.633(00000000002289EC):[redis]redis connect
[I] 04:25:30.634(00000000002289EC):[redis]redis ready
[I] 04:27:21.073(0000000000226F90):[redis]redis close
[T] 04:27:21.073(0000000000226F90):[redis]redis reconnecting
[I] 04:27:21.077(0000000000226F90):[redis]redis connect
[I] 04:27:21.078(0000000000226F90):[redis]redis ready
[I] 04:30:22.480(00000000002281D0):[redis]redis close
[T] 04:30:22.481(00000000002281D0):[redis]redis reconnecting
[I] 04:30:22.484(00000000002281D0):[redis]redis connect
[I] 04:30:22.486(00000000002281D0):[redis]redis ready
[I] 04:30:31.893(00000000002289EC):[redis]redis close
[T] 04:30:31.894(00000000002289EC):[redis]redis reconnecting
[I] 04:30:31.897(00000000002289EC):[redis]redis connect
[I] 04:30:31.898(00000000002289EC):[redis]redis ready
[I] 04:32:22.293(0000000000226F90):[redis]redis close
[T] 04:32:22.294(0000000000226F90):[redis]redis reconnecting
[I] 04:32:22.297(0000000000226F90):[redis]redis connect
[I] 04:32:22.300(0000000000226F90):[redis]redis ready
[I] 04:35:23.564(00000000002281D0):[redis]redis close
[T] 04:35:23.564(00000000002281D0):[redis]redis reconnecting
[I] 04:35:23.568(00000000002281D0):[redis]redis connect
[I] 04:35:23.569(00000000002281D0):[redis]redis ready
[I] 04:35:32.976(00000000002289EC):[redis]redis close
[T] 04:35:32.977(00000000002289EC):[redis]redis reconnecting
[I] 04:35:32.980(00000000002289EC):[redis]redis connect
[I] 04:35:32.982(00000000002289EC):[redis]redis ready
[I] 04:37:23.184(0000000000226F90):[redis]redis close
[T] 04:37:23.185(0000000000226F90):[redis]redis reconnecting
[I] 04:37:23.188(0000000000226F90):[redis]redis connect
[I] 04:37:23.189(0000000000226F90):[redis]redis ready
[I] 04:40:25.272(00000000002281D0):[redis]redis close
[T] 04:40:25.272(00000000002281D0):[redis]redis reconnecting
[I] 04:40:25.274(00000000002281D0):[redis]redis connect
[I] 04:40:25.275(00000000002281D0):[redis]redis ready
[I] 04:40:33.584(00000000002289EC):[redis]redis close
[T] 04:40:33.584(00000000002289EC):[redis]redis reconnecting
[I] 04:40:33.587(00000000002289EC):[redis]redis connect
[I] 04:40:33.589(00000000002289EC):[redis]redis ready
[I] 04:42:24.107(0000000000226F90):[redis]redis close
[T] 04:42:24.108(0000000000226F90):[redis]redis reconnecting
[I] 04:42:24.111(0000000000226F90):[redis]redis connect
[I] 04:42:24.113(0000000000226F90):[redis]redis ready
[I] 04:45:26.285(00000000002281D0):[redis]redis close
[T] 04:45:26.285(00000000002281D0):[redis]redis reconnecting
[I] 04:45:26.288(00000000002281D0):[redis]redis connect
[I] 04:45:26.290(00000000002281D0):[redis]redis ready
[I] 04:45:34.590(00000000002289EC):[redis]redis close
[T] 04:45:34.590(00000000002289EC):[redis]redis reconnecting
[I] 04:45:34.592(00000000002289EC):[redis]redis connect
[I] 04:45:34.593(00000000002289EC):[redis]redis ready
[I] 04:47:24.712(0000000000226F90):[redis]redis close
[T] 04:47:24.712(0000000000226F90):[redis]redis reconnecting
[I] 04:47:24.716(0000000000226F90):[redis]redis connect
[I] 04:47:24.718(0000000000226F90):[redis]redis ready
[I] 04:50:26.979(00000000002281D0):[redis]redis close
[T] 04:50:26.980(00000000002281D0):[redis]redis reconnecting
[I] 04:50:26.983(00000000002281D0):[redis]redis connect
[I] 04:50:26.984(00000000002281D0):[redis]redis ready
[I] 04:50:36.295(00000000002289EC):[redis]redis close
[T] 04:50:36.296(00000000002289EC):[redis]redis reconnecting
[I] 04:50:36.299(00000000002289EC):[redis]redis connect
[I] 04:50:36.300(00000000002289EC):[redis]redis ready
[I] 04:52:25.834(0000000000226F90):[redis]redis close
[T] 04:52:25.834(0000000000226F90):[redis]redis reconnecting
[I] 04:52:25.837(0000000000226F90):[redis]redis connect
[I] 04:52:25.839(0000000000226F90):[redis]redis ready
[I] 04:55:28.029(00000000002281D0):[redis]redis close
[T] 04:55:28.029(00000000002281D0):[redis]redis reconnecting
[I] 04:55:28.032(00000000002281D0):[redis]redis connect
[I] 04:55:28.033(00000000002281D0):[redis]redis ready
[I] 04:55:37.335(00000000002289EC):[redis]redis close
[T] 04:55:37.335(00000000002289EC):[redis]redis reconnecting
[I] 04:55:37.338(00000000002289EC):[redis]redis connect
[I] 04:55:37.339(00000000002289EC):[redis]redis ready
[I] 04:57:26.539(0000000000226F90):[redis]redis close
[T] 04:57:26.540(0000000000226F90):[redis]redis reconnecting
[I] 04:57:26.543(0000000000226F90):[redis]redis connect
[I] 04:57:26.544(0000000000226F90):[redis]redis ready
[I] 05:00:29.141(00000000002281D0):[redis]redis close
[T] 05:00:29.141(00000000002281D0):[redis]redis reconnecting
[I] 05:00:29.146(00000000002281D0):[redis]redis connect
[I] 05:00:29.147(00000000002281D0):[redis]redis ready
[I] 05:00:37.449(00000000002289EC):[redis]redis close
[T] 05:00:37.450(00000000002289EC):[redis]redis reconnecting
[I] 05:00:37.452(00000000002289EC):[redis]redis connect
[I] 05:00:37.453(00000000002289EC):[redis]redis ready
[I] 05:02:27.563(0000000000226F90):[redis]redis close
[T] 05:02:27.563(0000000000226F90):[redis]redis reconnecting
[I] 05:02:27.566(0000000000226F90):[redis]redis connect
[I] 05:02:27.567(0000000000226F90):[redis]redis ready
[I] 05:05:30.151(00000000002281D0):[redis]redis close
[T] 05:05:30.152(00000000002281D0):[redis]redis reconnecting
[I] 05:05:30.155(00000000002281D0):[redis]redis connect
[I] 05:05:30.157(00000000002281D0):[redis]redis ready
[I] 05:05:38.465(00000000002289EC):[redis]redis close
[T] 05:05:38.466(00000000002289EC):[redis]redis reconnecting
[I] 05:05:38.469(00000000002289EC):[redis]redis connect
[I] 05:05:38.471(00000000002289EC):[redis]redis ready
[I] 05:07:28.768(0000000000226F90):[redis]redis close
[T] 05:07:28.769(0000000000226F90):[redis]redis reconnecting
[I] 05:07:28.772(0000000000226F90):[redis]redis connect
[I] 05:07:28.774(0000000000226F90):[redis]redis ready
[I] 05:10:30.645(00000000002281D0):[redis]redis close
[T] 05:10:30.645(00000000002281D0):[redis]redis reconnecting
[I] 05:10:30.648(00000000002281D0):[redis]redis connect
[I] 05:10:30.649(00000000002281D0):[redis]redis ready
[I] 05:10:39.956(00000000002289EC):[redis]redis close
[T] 05:10:39.957(00000000002289EC):[redis]redis reconnecting
[I] 05:10:39.960(00000000002289EC):[redis]redis connect
[I] 05:10:39.961(00000000002289EC):[redis]redis ready
[I] 05:12:30.077(0000000000226F90):[redis]redis close
[T] 05:12:30.078(0000000000226F90):[redis]redis reconnecting
[I] 05:12:30.082(0000000000226F90):[redis]redis connect
[I] 05:12:30.083(0000000000226F90):[redis]redis ready
[I] 05:15:31.504(00000000002281D0):[redis]redis close
[T] 05:15:31.505(00000000002281D0):[redis]redis reconnecting
[I] 05:15:31.508(00000000002281D0):[redis]redis connect
[I] 05:15:31.510(00000000002281D0):[redis]redis ready
[I] 05:15:40.814(00000000002289EC):[redis]redis close
[T] 05:15:40.814(00000000002289EC):[redis]redis reconnecting
[I] 05:15:40.817(00000000002289EC):[redis]redis connect
[I] 05:15:40.818(00000000002289EC):[redis]redis ready
[I] 05:17:31.413(0000000000226F90):[redis]redis close
[T] 05:17:31.413(0000000000226F90):[redis]redis reconnecting
[I] 05:17:31.416(0000000000226F90):[redis]redis connect
[I] 05:17:31.419(0000000000226F90):[redis]redis ready
[I] 05:20:32.621(00000000002281D0):[redis]redis close
[T] 05:20:32.621(00000000002281D0):[redis]redis reconnecting
[I] 05:20:32.624(00000000002281D0):[redis]redis connect
[I] 05:20:32.625(00000000002281D0):[redis]redis ready
[I] 05:20:41.931(00000000002289EC):[redis]redis close
[T] 05:20:41.932(00000000002289EC):[redis]redis reconnecting
[I] 05:20:41.935(00000000002289EC):[redis]redis connect
[I] 05:20:41.936(00000000002289EC):[redis]redis ready
[I] 05:22:31.566(0000000000226F90):[redis]redis close
[T] 05:22:31.566(0000000000226F90):[redis]redis reconnecting
[I] 05:22:31.569(0000000000226F90):[redis]redis connect
[I] 05:22:31.570(0000000000226F90):[redis]redis ready
[I] 05:25:34.350(00000000002281D0):[redis]redis close
[T] 05:25:34.350(00000000002281D0):[redis]redis reconnecting
[I] 05:25:34.353(00000000002281D0):[redis]redis connect
[I] 05:25:34.354(00000000002281D0):[redis]redis ready
[I] 05:25:42.655(00000000002289EC):[redis]redis close
[T] 05:25:42.656(00000000002289EC):[redis]redis reconnecting
[I] 05:25:42.659(00000000002289EC):[redis]redis connect
[I] 05:25:42.660(00000000002289EC):[redis]redis ready
[I] 05:27:32.985(0000000000226F90):[redis]redis close
[T] 05:27:32.985(0000000000226F90):[redis]redis reconnecting
[I] 05:27:32.987(0000000000226F90):[redis]redis connect
[I] 05:27:32.988(0000000000226F90):[redis]redis ready
[I] 05:30:35.090(00000000002281D0):[redis]redis close
[T] 05:30:35.091(00000000002281D0):[redis]redis reconnecting
[I] 05:30:35.095(00000000002281D0):[redis]redis connect
[I] 05:30:35.096(00000000002281D0):[redis]redis ready
[I] 05:30:44.300(00000000002289EC):[redis]redis close
[T] 05:30:44.300(00000000002289EC):[redis]redis reconnecting
[I] 05:30:44.303(00000000002289EC):[redis]redis connect
[I] 05:30:44.305(00000000002289EC):[redis]redis ready
[I] 05:32:33.718(0000000000226F90):[redis]redis close
[T] 05:32:33.718(0000000000226F90):[redis]redis reconnecting
[I] 05:32:33.720(0000000000226F90):[redis]redis connect
[I] 05:32:33.721(0000000000226F90):[redis]redis ready
[I] 05:35:36.483(00000000002281D0):[redis]redis close
[T] 05:35:36.483(00000000002281D0):[redis]redis reconnecting
[I] 05:35:36.486(00000000002281D0):[redis]redis connect
[I] 05:35:36.488(00000000002281D0):[redis]redis ready
[I] 05:35:44.593(00000000002289EC):[redis]redis close
[T] 05:35:44.594(00000000002289EC):[redis]redis reconnecting
[I] 05:35:44.596(00000000002289EC):[redis]redis connect
[I] 05:35:44.598(00000000002289EC):[redis]redis ready
[I] 05:37:34.788(0000000000226F90):[redis]redis close
[T] 05:37:34.789(0000000000226F90):[redis]redis reconnecting
[I] 05:37:34.791(0000000000226F90):[redis]redis connect
[I] 05:37:34.792(0000000000226F90):[redis]redis ready
[I] 05:40:36.578(00000000002281D0):[redis]redis close
[T] 05:40:36.579(00000000002281D0):[redis]redis reconnecting
[I] 05:40:36.582(00000000002281D0):[redis]redis connect
[I] 05:40:36.584(00000000002281D0):[redis]redis ready
[I] 05:40:45.694(00000000002289EC):[redis]redis close
[T] 05:40:45.695(00000000002289EC):[redis]redis reconnecting
[I] 05:40:45.698(00000000002289EC):[redis]redis connect
[I] 05:40:45.699(00000000002289EC):[redis]redis ready
[I] 05:42:35.839(0000000000226F90):[redis]redis close
[T] 05:42:35.839(0000000000226F90):[redis]redis reconnecting
[I] 05:42:35.841(0000000000226F90):[redis]redis connect
[I] 05:42:35.843(0000000000226F90):[redis]redis ready
[I] 05:45:38.140(00000000002281D0):[redis]redis close
[T] 05:45:38.140(00000000002281D0):[redis]redis reconnecting
[I] 05:45:38.142(00000000002281D0):[redis]redis connect
[I] 05:45:38.144(00000000002281D0):[redis]redis ready
[I] 05:45:47.151(00000000002289EC):[redis]redis close
[T] 05:45:47.151(00000000002289EC):[redis]redis reconnecting
[I] 05:45:47.153(00000000002289EC):[redis]redis connect
[I] 05:45:47.154(00000000002289EC):[redis]redis ready
[I] 05:47:36.646(0000000000226F90):[redis]redis close
[T] 05:47:36.647(0000000000226F90):[redis]redis reconnecting
[I] 05:47:36.649(0000000000226F90):[redis]redis connect
[I] 05:47:36.650(0000000000226F90):[redis]redis ready
[I] 05:50:38.949(00000000002281D0):[redis]redis close
[T] 05:50:38.950(00000000002281D0):[redis]redis reconnecting
[I] 05:50:38.952(00000000002281D0):[redis]redis connect
[I] 05:50:38.953(00000000002281D0):[redis]redis ready
[I] 05:50:47.958(00000000002289EC):[redis]redis close
[T] 05:50:47.958(00000000002289EC):[redis]redis reconnecting
[I] 05:50:47.961(00000000002289EC):[redis]redis connect
[I] 05:50:47.962(00000000002289EC):[redis]redis ready
[I] 05:52:38.365(0000000000226F90):[redis]redis close
[T] 05:52:38.365(0000000000226F90):[redis]redis reconnecting
[I] 05:52:38.368(0000000000226F90):[redis]redis connect
[I] 05:52:38.369(0000000000226F90):[redis]redis ready
[I] 05:55:40.020(00000000002281D0):[redis]redis close
[T] 05:55:40.021(00000000002281D0):[redis]redis reconnecting
[I] 05:55:40.023(00000000002281D0):[redis]redis connect
[I] 05:55:40.025(00000000002281D0):[redis]redis ready
[I] 05:55:48.934(00000000002289EC):[redis]redis close
[T] 05:55:48.935(00000000002289EC):[redis]redis reconnecting
[I] 05:55:48.938(00000000002289EC):[redis]redis connect
[I] 05:55:48.939(00000000002289EC):[redis]redis ready
[I] 05:57:38.552(0000000000226F90):[redis]redis close
[T] 05:57:38.552(0000000000226F90):[redis]redis reconnecting
[I] 05:57:38.556(0000000000226F90):[redis]redis connect
[I] 05:57:38.557(0000000000226F90):[redis]redis ready
[I] 06:00:41.174(00000000002281D0):[redis]redis close
[T] 06:00:41.174(00000000002281D0):[redis]redis reconnecting
[I] 06:00:41.178(00000000002281D0):[redis]redis connect
[I] 06:00:41.179(00000000002281D0):[redis]redis ready
[I] 06:00:50.077(00000000002289EC):[redis]redis close
[T] 06:00:50.077(00000000002289EC):[redis]redis reconnecting
[I] 06:00:50.080(00000000002289EC):[redis]redis connect
[I] 06:00:50.081(00000000002289EC):[redis]redis ready
[I] 06:02:40.265(0000000000226F90):[redis]redis close
[T] 06:02:40.265(0000000000226F90):[redis]redis reconnecting
[I] 06:02:40.269(0000000000226F90):[redis]redis connect
[I] 06:02:40.270(0000000000226F90):[redis]redis ready
[I] 06:05:42.148(00000000002281D0):[redis]redis close
[T] 06:05:42.148(00000000002281D0):[redis]redis reconnecting
[I] 06:05:42.152(00000000002281D0):[redis]redis connect
[I] 06:05:42.153(00000000002281D0):[redis]redis ready
[I] 06:05:51.155(00000000002289EC):[redis]redis close
[T] 06:05:51.155(00000000002289EC):[redis]redis reconnecting
[I] 06:05:51.158(00000000002289EC):[redis]redis connect
[I] 06:05:51.159(00000000002289EC):[redis]redis ready
[I] 06:07:41.486(0000000000226F90):[redis]redis close
[T] 06:07:41.486(0000000000226F90):[redis]redis reconnecting
[I] 06:07:41.489(0000000000226F90):[redis]redis connect
[I] 06:07:41.490(0000000000226F90):[redis]redis ready
[I] 06:10:43.152(00000000002281D0):[redis]redis close
[T] 06:10:43.153(00000000002281D0):[redis]redis reconnecting
[I] 06:10:43.155(00000000002281D0):[redis]redis connect
[I] 06:10:43.156(00000000002281D0):[redis]redis ready
[I] 06:10:52.068(00000000002289EC):[redis]redis close
[T] 06:10:52.069(00000000002289EC):[redis]redis reconnecting
[I] 06:10:52.072(00000000002289EC):[redis]redis connect
[I] 06:10:52.074(00000000002289EC):[redis]redis ready
[I] 06:12:42.371(0000000000226F90):[redis]redis close
[T] 06:12:42.372(0000000000226F90):[redis]redis reconnecting
[I] 06:12:42.375(0000000000226F90):[redis]redis connect
[I] 06:12:42.377(0000000000226F90):[redis]redis ready
[I] 06:15:44.448(00000000002281D0):[redis]redis close
[T] 06:15:44.449(00000000002281D0):[redis]redis reconnecting
[I] 06:15:44.452(00000000002281D0):[redis]redis connect
[I] 06:15:44.453(00000000002281D0):[redis]redis ready
[I] 06:15:53.460(00000000002289EC):[redis]redis close
[T] 06:15:53.461(00000000002289EC):[redis]redis reconnecting
[I] 06:15:53.464(00000000002289EC):[redis]redis connect
[I] 06:15:53.466(00000000002289EC):[redis]redis ready
[I] 06:17:42.772(0000000000226F90):[redis]redis close
[T] 06:17:42.773(0000000000226F90):[redis]redis reconnecting
[I] 06:17:42.776(0000000000226F90):[redis]redis connect
[I] 06:17:42.778(0000000000226F90):[redis]redis ready
[I] 06:20:44.983(00000000002281D0):[redis]redis close
[T] 06:20:44.984(00000000002281D0):[redis]redis reconnecting
[I] 06:20:44.988(00000000002281D0):[redis]redis connect
[I] 06:20:44.988(00000000002281D0):[redis]redis ready
[I] 06:20:53.889(00000000002289EC):[redis]redis close
[T] 06:20:53.889(00000000002289EC):[redis]redis reconnecting
[I] 06:20:53.892(00000000002289EC):[redis]redis connect
[I] 06:20:53.894(00000000002289EC):[redis]redis ready
[I] 06:22:44.397(0000000000226F90):[redis]redis close
[T] 06:22:44.397(0000000000226F90):[redis]redis reconnecting
[I] 06:22:44.401(0000000000226F90):[redis]redis connect
[I] 06:22:44.403(0000000000226F90):[redis]redis ready
[I] 06:25:46.296(00000000002281D0):[redis]redis close
[T] 06:25:46.296(00000000002281D0):[redis]redis reconnecting
[I] 06:25:46.299(00000000002281D0):[redis]redis connect
[I] 06:25:46.300(00000000002281D0):[redis]redis ready
[I] 06:25:55.206(00000000002289EC):[redis]redis close
[T] 06:25:55.206(00000000002289EC):[redis]redis reconnecting
[I] 06:25:55.209(00000000002289EC):[redis]redis connect
[I] 06:25:55.210(00000000002289EC):[redis]redis ready
[I] 06:27:45.531(0000000000226F90):[redis]redis close
[T] 06:27:45.531(0000000000226F90):[redis]redis reconnecting
[I] 06:27:45.534(0000000000226F90):[redis]redis connect
[I] 06:27:45.535(0000000000226F90):[redis]redis ready
[I] 06:30:46.724(00000000002281D0):[redis]redis close
[T] 06:30:46.724(00000000002281D0):[redis]redis reconnecting
[I] 06:30:46.727(00000000002281D0):[redis]redis connect
[I] 06:30:46.729(00000000002281D0):[redis]redis ready
[I] 06:30:55.737(00000000002289EC):[redis]redis close
[T] 06:30:55.737(00000000002289EC):[redis]redis reconnecting
[I] 06:30:55.740(00000000002289EC):[redis]redis connect
[I] 06:30:55.741(00000000002289EC):[redis]redis ready
[I] 06:32:45.665(0000000000226F90):[redis]redis close
[T] 06:32:45.665(0000000000226F90):[redis]redis reconnecting
[I] 06:32:45.669(0000000000226F90):[redis]redis connect
[I] 06:32:45.670(0000000000226F90):[redis]redis ready
[I] 06:35:47.936(00000000002281D0):[redis]redis close
[T] 06:35:47.936(00000000002281D0):[redis]redis reconnecting
[I] 06:35:47.938(00000000002281D0):[redis]redis connect
[I] 06:35:47.939(00000000002281D0):[redis]redis ready
[I] 06:35:56.942(00000000002289EC):[redis]redis close
[T] 06:35:56.942(00000000002289EC):[redis]redis reconnecting
[I] 06:35:56.945(00000000002289EC):[redis]redis connect
[I] 06:35:56.946(00000000002289EC):[redis]redis ready
[I] 06:37:47.358(0000000000226F90):[redis]redis close
[T] 06:37:47.358(0000000000226F90):[redis]redis reconnecting
[I] 06:37:47.360(0000000000226F90):[redis]redis connect
[I] 06:37:47.361(0000000000226F90):[redis]redis ready
[I] 06:40:49.437(00000000002281D0):[redis]redis close
[T] 06:40:49.437(00000000002281D0):[redis]redis reconnecting
[I] 06:40:49.442(00000000002281D0):[redis]redis connect
[I] 06:40:49.443(00000000002281D0):[redis]redis ready
[I] 06:40:58.550(00000000002289EC):[redis]redis close
[T] 06:40:58.550(00000000002289EC):[redis]redis reconnecting
[I] 06:40:58.554(00000000002289EC):[redis]redis connect
[I] 06:40:58.555(00000000002289EC):[redis]redis ready
[I] 06:42:47.888(0000000000226F90):[redis]redis close
[T] 06:42:47.888(0000000000226F90):[redis]redis reconnecting
[I] 06:42:47.891(0000000000226F90):[redis]redis connect
[I] 06:42:47.893(0000000000226F90):[redis]redis ready
[I] 06:45:49.784(00000000002281D0):[redis]redis close
[T] 06:45:49.784(00000000002281D0):[redis]redis reconnecting
[I] 06:45:49.787(00000000002281D0):[redis]redis connect
[I] 06:45:49.788(00000000002281D0):[redis]redis ready
[I] 06:45:58.992(00000000002289EC):[redis]redis close
[T] 06:45:58.993(00000000002289EC):[redis]redis reconnecting
[I] 06:45:58.996(00000000002289EC):[redis]redis connect
[I] 06:45:58.997(00000000002289EC):[redis]redis ready
[I] 06:47:49.595(0000000000226F90):[redis]redis close
[T] 06:47:49.595(0000000000226F90):[redis]redis reconnecting
[I] 06:47:49.598(0000000000226F90):[redis]redis connect
[I] 06:47:49.600(0000000000226F90):[redis]redis ready
[I] 06:50:50.831(00000000002281D0):[redis]redis close
[T] 06:50:50.832(00000000002281D0):[redis]redis reconnecting
[I] 06:50:50.835(00000000002281D0):[redis]redis connect
[I] 06:50:50.836(00000000002281D0):[redis]redis ready
[I] 06:50:59.944(00000000002289EC):[redis]redis close
[T] 06:50:59.944(00000000002289EC):[redis]redis reconnecting
[I] 06:50:59.947(00000000002289EC):[redis]redis connect
[I] 06:50:59.948(00000000002289EC):[redis]redis ready
[I] 06:52:50.281(0000000000226F90):[redis]redis close
[T] 06:52:50.282(0000000000226F90):[redis]redis reconnecting
[I] 06:52:50.285(0000000000226F90):[redis]redis connect
[I] 06:52:50.287(0000000000226F90):[redis]redis ready
[I] 06:55:52.576(00000000002281D0):[redis]redis close
[T] 06:55:52.577(00000000002281D0):[redis]redis reconnecting
[I] 06:55:52.580(00000000002281D0):[redis]redis connect
[I] 06:55:52.581(00000000002281D0):[redis]redis ready
[I] 06:56:00.689(00000000002289EC):[redis]redis close
[T] 06:56:00.689(00000000002289EC):[redis]redis reconnecting
[I] 06:56:00.693(00000000002289EC):[redis]redis connect
[I] 06:56:00.695(00000000002289EC):[redis]redis ready
[I] 06:57:51.501(0000000000226F90):[redis]redis close
[T] 06:57:51.501(0000000000226F90):[redis]redis reconnecting
[I] 06:57:51.506(0000000000226F90):[redis]redis connect
[I] 06:57:51.508(0000000000226F90):[redis]redis ready
[I] 07:00:53.574(00000000002281D0):[redis]redis close
[T] 07:00:53.575(00000000002281D0):[redis]redis reconnecting
[I] 07:00:53.577(00000000002281D0):[redis]redis connect
[I] 07:00:53.579(00000000002281D0):[redis]redis ready
[I] 07:01:01.687(00000000002289EC):[redis]redis close
[T] 07:01:01.687(00000000002289EC):[redis]redis reconnecting
[I] 07:01:01.690(00000000002289EC):[redis]redis connect
[I] 07:01:01.691(00000000002289EC):[redis]redis ready
[I] 07:02:51.816(0000000000226F90):[redis]redis close
[T] 07:02:51.816(0000000000226F90):[redis]redis reconnecting
[I] 07:02:51.819(0000000000226F90):[redis]redis connect
[I] 07:02:51.820(0000000000226F90):[redis]redis ready
[I] 07:05:53.908(00000000002281D0):[redis]redis close
[T] 07:05:53.908(00000000002281D0):[redis]redis reconnecting
[I] 07:05:53.911(00000000002281D0):[redis]redis connect
[I] 07:05:53.912(00000000002281D0):[redis]redis ready
[I] 07:06:03.016(00000000002289EC):[redis]redis close
[T] 07:06:03.016(00000000002289EC):[redis]redis reconnecting
[I] 07:06:03.020(00000000002289EC):[redis]redis connect
[I] 07:06:03.022(00000000002289EC):[redis]redis ready
[I] 07:07:53.333(0000000000226F90):[redis]redis close
[T] 07:07:53.333(0000000000226F90):[redis]redis reconnecting
[I] 07:07:53.336(0000000000226F90):[redis]redis connect
[I] 07:07:53.337(0000000000226F90):[redis]redis ready
[I] 07:10:54.916(00000000002281D0):[redis]redis close
[T] 07:10:54.916(00000000002281D0):[redis]redis reconnecting
[I] 07:10:54.918(00000000002281D0):[redis]redis connect
[I] 07:10:54.919(00000000002281D0):[redis]redis ready
[I] 07:11:04.125(00000000002289EC):[redis]redis close
[T] 07:11:04.126(00000000002289EC):[redis]redis reconnecting
[I] 07:11:04.128(00000000002289EC):[redis]redis connect
[I] 07:11:04.129(00000000002289EC):[redis]redis ready
[I] 07:12:54.156(0000000000226F90):[redis]redis close
[T] 07:12:54.157(0000000000226F90):[redis]redis reconnecting
[I] 07:12:54.160(0000000000226F90):[redis]redis connect
[I] 07:12:54.162(0000000000226F90):[redis]redis ready
[I] 07:15:56.473(00000000002281D0):[redis]redis close
[T] 07:15:56.473(00000000002281D0):[redis]redis reconnecting
[I] 07:15:56.476(00000000002281D0):[redis]redis connect
[I] 07:15:56.478(00000000002281D0):[redis]redis ready
[I] 07:16:05.582(00000000002289EC):[redis]redis close
[T] 07:16:05.583(00000000002289EC):[redis]redis reconnecting
[I] 07:16:05.585(00000000002289EC):[redis]redis connect
[I] 07:16:05.586(00000000002289EC):[redis]redis ready
[I] 07:17:54.807(0000000000226F90):[redis]redis close
[T] 07:17:54.807(0000000000226F90):[redis]redis reconnecting
[I] 07:17:54.810(0000000000226F90):[redis]redis connect
[I] 07:17:54.812(0000000000226F90):[redis]redis ready
[I] 07:20:56.815(00000000002281D0):[redis]redis close
[T] 07:20:56.815(00000000002281D0):[redis]redis reconnecting
[I] 07:20:56.818(00000000002281D0):[redis]redis connect
[I] 07:20:56.819(00000000002281D0):[redis]redis ready
[I] 07:21:05.923(00000000002289EC):[redis]redis close
[T] 07:21:05.923(00000000002289EC):[redis]redis reconnecting
[I] 07:21:05.926(00000000002289EC):[redis]redis connect
[I] 07:21:05.927(00000000002289EC):[redis]redis ready
[I] 07:22:56.426(0000000000226F90):[redis]redis close
[T] 07:22:56.426(0000000000226F90):[redis]redis reconnecting
[I] 07:22:56.429(0000000000226F90):[redis]redis connect
[I] 07:22:56.430(0000000000226F90):[redis]redis ready
[I] 07:25:58.198(00000000002281D0):[redis]redis close
[T] 07:25:58.198(00000000002281D0):[redis]redis reconnecting
[I] 07:25:58.202(00000000002281D0):[redis]redis connect
[I] 07:25:58.202(00000000002281D0):[redis]redis ready
[I] 07:26:07.305(00000000002289EC):[redis]redis close
[T] 07:26:07.305(00000000002289EC):[redis]redis reconnecting
[I] 07:26:07.307(00000000002289EC):[redis]redis connect
[I] 07:26:07.308(00000000002289EC):[redis]redis ready
[I] 07:27:56.725(0000000000226F90):[redis]redis close
[T] 07:27:56.725(0000000000226F90):[redis]redis reconnecting
[I] 07:27:56.727(0000000000226F90):[redis]redis connect
[I] 07:27:56.729(0000000000226F90):[redis]redis ready
[I] 07:30:58.969(00000000002281D0):[redis]redis close
[T] 07:30:58.969(00000000002281D0):[redis]redis reconnecting
[I] 07:30:58.972(00000000002281D0):[redis]redis connect
[I] 07:30:58.973(00000000002281D0):[redis]redis ready
[I] 07:31:07.973(00000000002289EC):[redis]redis close
[T] 07:31:07.973(00000000002289EC):[redis]redis reconnecting
[I] 07:31:07.976(00000000002289EC):[redis]redis connect
[I] 07:31:07.977(00000000002289EC):[redis]redis ready
[I] 07:32:57.992(0000000000226F90):[redis]redis close
[T] 07:32:57.992(0000000000226F90):[redis]redis reconnecting
[I] 07:32:57.995(0000000000226F90):[redis]redis connect
[I] 07:32:57.996(0000000000226F90):[redis]redis ready
[I] 07:35:59.991(00000000002281D0):[redis]redis close
[T] 07:35:59.992(00000000002281D0):[redis]redis reconnecting
[I] 07:35:59.994(00000000002281D0):[redis]redis connect
[I] 07:35:59.996(00000000002281D0):[redis]redis ready
[I] 07:36:08.999(00000000002289EC):[redis]redis close
[T] 07:36:08.999(00000000002289EC):[redis]redis reconnecting
[I] 07:36:09.001(00000000002289EC):[redis]redis connect
[I] 07:36:09.003(00000000002289EC):[redis]redis ready
[I] 07:37:59.311(0000000000226F90):[redis]redis close
[T] 07:37:59.312(0000000000226F90):[redis]redis reconnecting
[I] 07:37:59.315(0000000000226F90):[redis]redis connect
[I] 07:37:59.317(0000000000226F90):[redis]redis ready
[I] 07:41:01.526(00000000002281D0):[redis]redis close
[T] 07:41:01.527(00000000002281D0):[redis]redis reconnecting
[I] 07:41:01.531(00000000002281D0):[redis]redis connect
[I] 07:41:01.532(00000000002281D0):[redis]redis ready
[I] 07:41:10.634(00000000002289EC):[redis]redis close
[T] 07:41:10.634(00000000002289EC):[redis]redis reconnecting
[I] 07:41:10.636(00000000002289EC):[redis]redis connect
[I] 07:41:10.644(00000000002289EC):[redis]redis ready
[I] 07:43:00.141(0000000000226F90):[redis]redis close
[T] 07:43:00.141(0000000000226F90):[redis]redis reconnecting
[I] 07:43:00.144(0000000000226F90):[redis]redis connect
[I] 07:43:00.145(0000000000226F90):[redis]redis ready
[I] 07:46:02.119(00000000002281D0):[redis]redis close
[T] 07:46:02.119(00000000002281D0):[redis]redis reconnecting
[I] 07:46:02.123(00000000002281D0):[redis]redis connect
[I] 07:46:02.125(00000000002281D0):[redis]redis ready
[I] 07:46:11.225(00000000002289EC):[redis]redis close
[T] 07:46:11.226(00000000002289EC):[redis]redis reconnecting
[I] 07:46:11.228(00000000002289EC):[redis]redis connect
[I] 07:46:11.229(00000000002289EC):[redis]redis ready
[I] 07:48:01.244(0000000000226F90):[redis]redis close
[T] 07:48:01.244(0000000000226F90):[redis]redis reconnecting
[I] 07:48:01.246(0000000000226F90):[redis]redis connect
[I] 07:48:01.248(0000000000226F90):[redis]redis ready
[I] 07:51:03.179(00000000002281D0):[redis]redis close
[T] 07:51:03.180(00000000002281D0):[redis]redis reconnecting
[I] 07:51:03.182(00000000002281D0):[redis]redis connect
[I] 07:51:03.184(00000000002281D0):[redis]redis ready
[I] 07:51:12.191(00000000002289EC):[redis]redis close
[T] 07:51:12.191(00000000002289EC):[redis]redis reconnecting
[I] 07:51:12.193(00000000002289EC):[redis]redis connect
[I] 07:51:12.194(00000000002289EC):[redis]redis ready
[I] 07:53:01.897(0000000000226F90):[redis]redis close
[T] 07:53:01.897(0000000000226F90):[redis]redis reconnecting
[I] 07:53:01.901(0000000000226F90):[redis]redis connect
[I] 07:53:01.902(0000000000226F90):[redis]redis ready
[I] 07:56:03.863(00000000002281D0):[redis]redis close
[T] 07:56:03.863(00000000002281D0):[redis]redis reconnecting
[I] 07:56:03.866(00000000002281D0):[redis]redis connect
[I] 07:56:03.867(00000000002281D0):[redis]redis ready
[I] 07:56:12.871(00000000002289EC):[redis]redis close
[T] 07:56:12.871(00000000002289EC):[redis]redis reconnecting
[I] 07:56:12.873(00000000002289EC):[redis]redis connect
[I] 07:56:12.874(00000000002289EC):[redis]redis ready
[I] 07:58:03.673(0000000000226F90):[redis]redis close
[T] 07:58:03.673(0000000000226F90):[redis]redis reconnecting
[I] 07:58:03.676(0000000000226F90):[redis]redis connect
[I] 07:58:03.678(0000000000226F90):[redis]redis ready
[I] 08:01:05.767(00000000002281D0):[redis]redis close
[T] 08:01:05.767(00000000002281D0):[redis]redis reconnecting
[I] 08:01:05.770(00000000002281D0):[redis]redis connect
[I] 08:01:05.771(00000000002281D0):[redis]redis ready
[I] 08:01:13.768(00000000002289EC):[redis]redis close
[T] 08:01:13.769(00000000002289EC):[redis]redis reconnecting
[I] 08:01:13.773(00000000002289EC):[redis]redis connect
[I] 08:01:13.775(00000000002289EC):[redis]redis ready
[I] 08:03:04.473(0000000000226F90):[redis]redis close
[T] 08:03:04.473(0000000000226F90):[redis]redis reconnecting
[I] 08:03:04.475(0000000000226F90):[redis]redis connect
[I] 08:03:04.476(0000000000226F90):[redis]redis ready
[I] 08:06:07.437(00000000002281D0):[redis]redis close
[T] 08:06:07.437(00000000002281D0):[redis]redis reconnecting
[I] 08:06:07.440(00000000002281D0):[redis]redis connect
[I] 08:06:07.441(00000000002281D0):[redis]redis ready
[I] 08:06:15.347(00000000002289EC):[redis]redis close
[T] 08:06:15.347(00000000002289EC):[redis]redis reconnecting
[I] 08:06:15.350(00000000002289EC):[redis]redis connect
[I] 08:06:15.351(00000000002289EC):[redis]redis ready
[I] 08:08:05.271(0000000000226F90):[redis]redis close
[T] 08:08:05.272(0000000000226F90):[redis]redis reconnecting
[I] 08:08:05.275(0000000000226F90):[redis]redis connect
[I] 08:08:05.276(0000000000226F90):[redis]redis ready
[I] 08:11:08.267(00000000002281D0):[redis]redis close
[T] 08:11:08.267(00000000002281D0):[redis]redis reconnecting
[I] 08:11:08.270(00000000002281D0):[redis]redis connect
[I] 08:11:08.271(00000000002281D0):[redis]redis ready
[I] 08:11:16.173(00000000002289EC):[redis]redis close
[T] 08:11:16.173(00000000002289EC):[redis]redis reconnecting
[I] 08:11:16.176(00000000002289EC):[redis]redis connect
[I] 08:11:16.177(00000000002289EC):[redis]redis ready
[I] 08:13:06.312(0000000000226F90):[redis]redis close
[T] 08:13:06.312(0000000000226F90):[redis]redis reconnecting
[I] 08:13:06.314(0000000000226F90):[redis]redis connect
[I] 08:13:06.315(0000000000226F90):[redis]redis ready
[I] 08:16:09.306(00000000002281D0):[redis]redis close
[T] 08:16:09.306(00000000002281D0):[redis]redis reconnecting
[I] 08:16:09.309(00000000002281D0):[redis]redis connect
[I] 08:16:09.310(00000000002281D0):[redis]redis ready
[I] 08:16:17.217(00000000002289EC):[redis]redis close
[T] 08:16:17.217(00000000002289EC):[redis]redis reconnecting
[I] 08:16:17.221(00000000002289EC):[redis]redis connect
[I] 08:16:17.222(00000000002289EC):[redis]redis ready
[I] 08:18:07.337(0000000000226F90):[redis]redis close
[T] 08:18:07.338(0000000000226F90):[redis]redis reconnecting
[I] 08:18:07.341(0000000000226F90):[redis]redis connect
[I] 08:18:07.342(0000000000226F90):[redis]redis ready
[I] 08:21:10.438(00000000002281D0):[redis]redis close
[T] 08:21:10.438(00000000002281D0):[redis]redis reconnecting
[I] 08:21:10.441(00000000002281D0):[redis]redis connect
[I] 08:21:10.442(00000000002281D0):[redis]redis ready
[I] 08:21:18.451(00000000002289EC):[redis]redis close
[T] 08:21:18.452(00000000002289EC):[redis]redis reconnecting
[I] 08:21:18.455(00000000002289EC):[redis]redis connect
[I] 08:21:18.456(00000000002289EC):[redis]redis ready
[I] 08:23:07.994(0000000000226F90):[redis]redis close
[T] 08:23:07.994(0000000000226F90):[redis]redis reconnecting
[I] 08:23:07.998(0000000000226F90):[redis]redis connect
[I] 08:23:07.999(0000000000226F90):[redis]redis ready
[I] 08:26:11.369(00000000002281D0):[redis]redis close
[T] 08:26:11.370(00000000002281D0):[redis]redis reconnecting
[I] 08:26:11.373(00000000002281D0):[redis]redis connect
[I] 08:26:11.375(00000000002281D0):[redis]redis ready
[I] 08:26:19.277(00000000002289EC):[redis]redis close
[T] 08:26:19.278(00000000002289EC):[redis]redis reconnecting
[I] 08:26:19.281(00000000002289EC):[redis]redis connect
[I] 08:26:19.282(00000000002289EC):[redis]redis ready
[I] 08:28:09.378(0000000000226F90):[redis]redis close
[T] 08:28:09.378(0000000000226F90):[redis]redis reconnecting
[I] 08:28:09.382(0000000000226F90):[redis]redis connect
[I] 08:28:09.383(0000000000226F90):[redis]redis ready
[I] 08:31:11.990(00000000002281D0):[redis]redis close
[T] 08:31:11.991(00000000002281D0):[redis]redis reconnecting
[I] 08:31:11.994(00000000002281D0):[redis]redis connect
[I] 08:31:11.995(00000000002281D0):[redis]redis ready
[I] 08:31:19.999(00000000002289EC):[redis]redis close
[T] 08:31:19.999(00000000002289EC):[redis]redis reconnecting
[I] 08:31:20.003(00000000002289EC):[redis]redis connect
[I] 08:31:20.004(00000000002289EC):[redis]redis ready
[I] 08:33:09.926(0000000000226F90):[redis]redis close
[T] 08:33:09.926(0000000000226F90):[redis]redis reconnecting
[I] 08:33:09.928(0000000000226F90):[redis]redis connect
[I] 08:33:09.930(0000000000226F90):[redis]redis ready
[I] 08:36:13.496(00000000002281D0):[redis]redis close
[T] 08:36:13.496(00000000002281D0):[redis]redis reconnecting
[I] 08:36:13.498(00000000002281D0):[redis]redis connect
[I] 08:36:13.500(00000000002281D0):[redis]redis ready
[I] 08:36:21.599(00000000002289EC):[redis]redis close
[T] 08:36:21.599(00000000002289EC):[redis]redis reconnecting
[I] 08:36:21.603(00000000002289EC):[redis]redis connect
[I] 08:36:21.604(00000000002289EC):[redis]redis ready
[I] 08:38:11.012(0000000000226F90):[redis]redis close
[T] 08:38:11.012(0000000000226F90):[redis]redis reconnecting
[I] 08:38:11.016(0000000000226F90):[redis]redis connect
[I] 08:38:11.017(0000000000226F90):[redis]redis ready
[I] 08:41:13.797(00000000002281D0):[redis]redis close
[T] 08:41:13.798(00000000002281D0):[redis]redis reconnecting
[I] 08:41:13.801(00000000002281D0):[redis]redis connect
[I] 08:41:13.802(00000000002281D0):[redis]redis ready
[I] 08:41:21.903(00000000002289EC):[redis]redis close
[T] 08:41:21.903(00000000002289EC):[redis]redis reconnecting
[I] 08:41:21.907(00000000002289EC):[redis]redis connect
[I] 08:41:21.908(00000000002289EC):[redis]redis ready
[I] 08:43:12.104(0000000000226F90):[redis]redis close
[T] 08:43:12.105(0000000000226F90):[redis]redis reconnecting
[I] 08:43:12.108(0000000000226F90):[redis]redis connect
[I] 08:43:12.110(0000000000226F90):[redis]redis ready
[I] 08:46:15.320(00000000002281D0):[redis]redis close
[T] 08:46:15.320(00000000002281D0):[redis]redis reconnecting
[I] 08:46:15.323(00000000002281D0):[redis]redis connect
[I] 08:46:15.324(00000000002281D0):[redis]redis ready
[I] 08:46:23.529(00000000002289EC):[redis]redis close
[T] 08:46:23.529(00000000002289EC):[redis]redis reconnecting
[I] 08:46:23.531(00000000002289EC):[redis]redis connect
[I] 08:46:23.532(00000000002289EC):[redis]redis ready
[I] 08:48:13.236(0000000000226F90):[redis]redis close
[T] 08:48:13.236(0000000000226F90):[redis]redis reconnecting
[I] 08:48:13.238(0000000000226F90):[redis]redis connect
[I] 08:48:13.240(0000000000226F90):[redis]redis ready
[I] 08:51:16.482(00000000002281D0):[redis]redis close
[T] 08:51:16.483(00000000002281D0):[redis]redis reconnecting
[I] 08:51:16.486(00000000002281D0):[redis]redis connect
[I] 08:51:16.487(00000000002281D0):[redis]redis ready
[I] 08:51:24.686(00000000002289EC):[redis]redis close
[T] 08:51:24.687(00000000002289EC):[redis]redis reconnecting
[I] 08:51:24.689(00000000002289EC):[redis]redis connect
[I] 08:51:24.690(00000000002289EC):[redis]redis ready
[I] 08:53:14.802(0000000000226F90):[redis]redis close
[T] 08:53:14.803(0000000000226F90):[redis]redis reconnecting
[I] 08:53:14.805(0000000000226F90):[redis]redis connect
[I] 08:53:14.806(0000000000226F90):[redis]redis ready
[I] 08:56:17.218(00000000002281D0):[redis]redis close
[T] 08:56:17.218(00000000002281D0):[redis]redis reconnecting
[I] 08:56:17.221(00000000002281D0):[redis]redis connect
[I] 08:56:17.222(00000000002281D0):[redis]redis ready
[I] 08:56:25.326(00000000002289EC):[redis]redis close
[T] 08:56:25.327(00000000002289EC):[redis]redis reconnecting
[I] 08:56:25.330(00000000002289EC):[redis]redis connect
[I] 08:56:25.332(00000000002289EC):[redis]redis ready
[I] 08:58:14.847(0000000000226F90):[redis]redis close
[T] 08:58:14.848(0000000000226F90):[redis]redis reconnecting
[I] 08:58:14.851(0000000000226F90):[redis]redis connect
[I] 08:58:14.852(0000000000226F90):[redis]redis ready
[I] 09:01:18.460(00000000002281D0):[redis]redis close
[T] 09:01:18.460(00000000002281D0):[redis]redis reconnecting
[I] 09:01:18.463(00000000002281D0):[redis]redis connect
[I] 09:01:18.464(00000000002281D0):[redis]redis ready
[I] 09:01:26.670(00000000002289EC):[redis]redis close
[T] 09:01:26.670(00000000002289EC):[redis]redis reconnecting
[I] 09:01:26.672(00000000002289EC):[redis]redis connect
[I] 09:01:26.673(00000000002289EC):[redis]redis ready
[I] 09:03:16.192(0000000000226F90):[redis]redis close
[T] 09:03:16.193(0000000000226F90):[redis]redis reconnecting
[I] 09:03:16.197(0000000000226F90):[redis]redis connect
[I] 09:03:16.198(0000000000226F90):[redis]redis ready
[I] 09:06:19.082(00000000002281D0):[redis]redis close
[T] 09:06:19.082(00000000002281D0):[redis]redis reconnecting
[I] 09:06:19.084(00000000002281D0):[redis]redis connect
[I] 09:06:19.086(00000000002281D0):[redis]redis ready
[I] 09:06:27.192(00000000002289EC):[redis]redis close
[T] 09:06:27.192(00000000002289EC):[redis]redis reconnecting
[I] 09:06:27.194(00000000002289EC):[redis]redis connect
[I] 09:06:27.195(00000000002289EC):[redis]redis ready
[I] 09:08:17.503(0000000000226F90):[redis]redis close
[T] 09:08:17.504(0000000000226F90):[redis]redis reconnecting
[I] 09:08:17.507(0000000000226F90):[redis]redis connect
[I] 09:08:17.509(0000000000226F90):[redis]redis ready
[I] 09:11:20.409(00000000002281D0):[redis]redis close
[T] 09:11:20.409(00000000002281D0):[redis]redis reconnecting
[I] 09:11:20.411(00000000002281D0):[redis]redis connect
[I] 09:11:20.413(00000000002281D0):[redis]redis ready
[I] 09:11:28.615(00000000002289EC):[redis]redis close
[T] 09:11:28.615(00000000002289EC):[redis]redis reconnecting
[I] 09:11:28.618(00000000002289EC):[redis]redis connect
[I] 09:11:28.620(00000000002289EC):[redis]redis ready
[I] 09:13:18.252(0000000000226F90):[redis]redis close
[T] 09:13:18.252(0000000000226F90):[redis]redis reconnecting
[I] 09:13:18.255(0000000000226F90):[redis]redis connect
[I] 09:13:18.256(0000000000226F90):[redis]redis ready
[I] 09:16:21.663(00000000002281D0):[redis]redis close
[T] 09:16:21.663(00000000002281D0):[redis]redis reconnecting
[I] 09:16:21.665(00000000002281D0):[redis]redis connect
[I] 09:16:21.667(00000000002281D0):[redis]redis ready
[I] 09:16:28.872(00000000002289EC):[redis]redis close
[T] 09:16:28.872(00000000002289EC):[redis]redis reconnecting
[I] 09:16:28.875(00000000002289EC):[redis]redis connect
[I] 09:16:28.876(00000000002289EC):[redis]redis ready
[I] 09:18:19.077(0000000000226F90):[redis]redis close
[T] 09:18:19.077(0000000000226F90):[redis]redis reconnecting
[I] 09:18:19.080(0000000000226F90):[redis]redis connect
[I] 09:18:19.081(0000000000226F90):[redis]redis ready
[I] 09:21:22.331(00000000002281D0):[redis]redis close
[T] 09:21:22.331(00000000002281D0):[redis]redis reconnecting
[I] 09:21:22.335(00000000002281D0):[redis]redis connect
[I] 09:21:22.336(00000000002281D0):[redis]redis ready
[I] 09:21:30.544(00000000002289EC):[redis]redis close
[T] 09:21:30.544(00000000002289EC):[redis]redis reconnecting
[I] 09:21:30.547(00000000002289EC):[redis]redis connect
[I] 09:21:30.548(00000000002289EC):[redis]redis ready
[I] 09:23:19.886(0000000000226F90):[redis]redis close
[T] 09:23:19.886(0000000000226F90):[redis]redis reconnecting
[I] 09:23:19.889(0000000000226F90):[redis]redis connect
[I] 09:23:19.890(0000000000226F90):[redis]redis ready
[I] 09:26:23.469(00000000002281D0):[redis]redis close
[T] 09:26:23.469(00000000002281D0):[redis]redis reconnecting
[I] 09:26:23.471(00000000002281D0):[redis]redis connect
[I] 09:26:23.472(00000000002281D0):[redis]redis ready
[I] 09:26:31.775(00000000002289EC):[redis]redis close
[T] 09:26:31.776(00000000002289EC):[redis]redis reconnecting
[I] 09:26:31.778(00000000002289EC):[redis]redis connect
[I] 09:26:31.779(00000000002289EC):[redis]redis ready
[I] 09:28:21.568(0000000000226F90):[redis]redis close
[T] 09:28:21.568(0000000000226F90):[redis]redis reconnecting
[I] 09:28:21.571(0000000000226F90):[redis]redis connect
[I] 09:28:21.572(0000000000226F90):[redis]redis ready
[I] 09:31:24.378(00000000002281D0):[redis]redis close
[T] 09:31:24.378(00000000002281D0):[redis]redis reconnecting
[I] 09:31:24.381(00000000002281D0):[redis]redis connect
[I] 09:31:24.383(00000000002281D0):[redis]redis ready
[I] 09:31:32.588(00000000002289EC):[redis]redis close
[T] 09:31:32.588(00000000002289EC):[redis]redis reconnecting
[I] 09:31:32.591(00000000002289EC):[redis]redis connect
[I] 09:31:32.593(00000000002289EC):[redis]redis ready
[I] 09:33:22.601(0000000000226F90):[redis]redis close
[T] 09:33:22.601(0000000000226F90):[redis]redis reconnecting
[I] 09:33:22.605(0000000000226F90):[redis]redis connect
[I] 09:33:22.606(0000000000226F90):[redis]redis ready
[I] 09:36:25.190(00000000002281D0):[redis]redis close
[T] 09:36:25.191(00000000002281D0):[redis]redis reconnecting
[I] 09:36:25.193(00000000002281D0):[redis]redis connect
[I] 09:36:25.194(00000000002281D0):[redis]redis ready
[I] 09:36:33.494(00000000002289EC):[redis]redis close
[T] 09:36:33.494(00000000002289EC):[redis]redis reconnecting
[I] 09:36:33.499(00000000002289EC):[redis]redis connect
[I] 09:36:33.500(00000000002289EC):[redis]redis ready
[I] 09:38:23.100(0000000000226F90):[redis]redis close
[T] 09:38:23.101(0000000000226F90):[redis]redis reconnecting
[I] 09:38:23.105(0000000000226F90):[redis]redis connect
[I] 09:38:23.107(0000000000226F90):[redis]redis ready
[I] 09:41:26.836(00000000002281D0):[redis]redis close
[T] 09:41:26.836(00000000002281D0):[redis]redis reconnecting
[I] 09:41:26.840(00000000002281D0):[redis]redis connect
[I] 09:41:26.841(00000000002281D0):[redis]redis ready
[I] 09:41:34.141(00000000002289EC):[redis]redis close
[T] 09:41:34.141(00000000002289EC):[redis]redis reconnecting
[I] 09:41:34.143(00000000002289EC):[redis]redis connect
[I] 09:41:34.145(00000000002289EC):[redis]redis ready
[I] 09:43:24.365(0000000000226F90):[redis]redis close
[T] 09:43:24.365(0000000000226F90):[redis]redis reconnecting
[I] 09:43:24.368(0000000000226F90):[redis]redis connect
[I] 09:43:24.370(0000000000226F90):[redis]redis ready
[I] 09:46:27.844(00000000002281D0):[redis]redis close
[T] 09:46:27.845(00000000002281D0):[redis]redis reconnecting
[I] 09:46:27.848(00000000002281D0):[redis]redis connect
[I] 09:46:27.849(00000000002281D0):[redis]redis ready
[I] 09:46:35.051(00000000002289EC):[redis]redis close
[T] 09:46:35.051(00000000002289EC):[redis]redis reconnecting
[I] 09:46:35.054(00000000002289EC):[redis]redis connect
[I] 09:46:35.056(00000000002289EC):[redis]redis ready
[I] 09:48:24.957(0000000000226F90):[redis]redis close
[T] 09:48:24.958(0000000000226F90):[redis]redis reconnecting
[I] 09:48:24.961(0000000000226F90):[redis]redis connect
[I] 09:48:24.963(0000000000226F90):[redis]redis ready
[I] 09:51:28.658(00000000002281D0):[redis]redis close
[T] 09:51:28.658(00000000002281D0):[redis]redis reconnecting
[I] 09:51:28.662(00000000002281D0):[redis]redis connect
[I] 09:51:28.663(00000000002281D0):[redis]redis ready
[I] 09:51:36.868(00000000002289EC):[redis]redis close
[T] 09:51:36.868(00000000002289EC):[redis]redis reconnecting
[I] 09:51:36.871(00000000002289EC):[redis]redis connect
[I] 09:51:36.872(00000000002289EC):[redis]redis ready
[I] 09:53:26.676(0000000000226F90):[redis]redis close
[T] 09:53:26.676(0000000000226F90):[redis]redis reconnecting
[I] 09:53:26.679(0000000000226F90):[redis]redis connect
[I] 09:53:26.681(0000000000226F90):[redis]redis ready
[I] 09:56:29.844(00000000002281D0):[redis]redis close
[T] 09:56:29.844(00000000002281D0):[redis]redis reconnecting
[I] 09:56:29.847(00000000002281D0):[redis]redis connect
[I] 09:56:29.849(00000000002281D0):[redis]redis ready
[I] 09:56:37.052(00000000002289EC):[redis]redis close
[T] 09:56:37.053(00000000002289EC):[redis]redis reconnecting
[I] 09:56:37.055(00000000002289EC):[redis]redis connect
[I] 09:56:37.056(00000000002289EC):[redis]redis ready
[W] 09:58:23.685(0000000000227CD4):recv 'Ctrl+C' break sign!next exit!
[D] 09:58:23.691(0000000000227CD4):worker process log socket error!err=Error: read ECONNRESET
    at exports._errnoException (util.js:890:11)
    at TCP.onread (net.js:550:26)
[D] 09:58:23.692(0000000000227CD4):worker process log socket close!
[D] 09:58:23.694(0000000000227CD4):worker process log socket error!err=Error: read ECONNRESET
    at exports._errnoException (util.js:890:11)
    at TCP.onread (net.js:550:26)
[D] 09:58:23.695(0000000000227CD4):worker process log socket close!
[W] 09:58:23.698(0000000000227CD4):worker 2289EC(1#) died.
[W] 09:58:23.698(0000000000227CD4):worker 226F90(2#) died.
[D] 09:58:23.712(0000000000227CD4):worker process log socket error!err=Error: read ECONNRESET
    at exports._errnoException (util.js:890:11)
    at TCP.onread (net.js:550:26)
[D] 09:58:23.712(0000000000227CD4):worker process log socket close!
[W] 09:58:23.718(0000000000227CD4):worker 2281D0(0#) died.
[W] 09:58:24.386(0000000000227CD4):try restart worker 0# ...
[I] 09:58:24.402(0000000000227CD4):start worker success,pid=24915C(0#)
