[D] 17:15:29.487(0000000000132458):master log socket server started! host=::, port=44933
[I] 17:15:29.498(0000000000132458):master log channel started!port=44933
[W] 17:15:30.498(0000000000132458):try restart worker 0# ...
[I] 17:15:30.511(0000000000132458):start worker success,pid=132FDC(0#)
[D] 17:15:31.156(0000000000132458):worker process log socket connected!
[D] 17:15:31.147(0000000000132FDC):worker 0# ready to connect master log socket server, port=44933
[D] 17:15:31.156(0000000000132FDC):worker 0# log socket connected!
[W] 17:15:31.526(0000000000132458):try restart worker 1# ...
[I] 17:15:31.533(0000000000132458):start worker success,pid=135BDC(1#)
[I] 17:15:31.714(0000000000132FDC):[AMQP0]created
[I] 17:15:31.724(0000000000132FDC):[AMQP0]declare queue 'cf.rpc.3ee9cdb0a29b11e7a795471b0d56d9d5'
[I] 17:15:31.725(0000000000132FDC):[RPCC:cf.rpc]create rpc client 'cf.rpc' in conn AMQP0
[I] 17:15:31.837(0000000000132FDC):PBEncoder success load file 'E:\product\protocol\cf.proto.js'
[I] 17:15:31.838(0000000000132FDC):[AMQP0]declare queue 'cf.wechat.rpc.3efb32d0a29b11e7a795471b0d56d9d5'
[I] 17:15:31.839(0000000000132FDC):[RPCC:cf.wechat.rpc]create rpc client 'cf.wechat.rpc' in conn AMQP0
[I] 17:15:31.898(0000000000132FDC):PBEncoder success load file 'E:\product\protocol\cf_wechat.proto.js'
[I] 17:15:31.899(0000000000132FDC):[AMQP0]declare exchange 'cf.wechat.notify'
[I] 17:15:31.899(0000000000132FDC):[AMQP0]declare queue 'jiaxingwang.sc_admin.wechat.3f04a8b0a29b11e7a795471b0d56d9d5'
[I] 17:15:31.900(0000000000132FDC):[AMQP0]declare queue 'cf.app.rpc.3f04cfc0a29b11e7a795471b0d56d9d5'
[I] 17:15:31.900(0000000000132FDC):[RPCC:cf.app.rpc]create rpc client 'cf.app.rpc' in conn AMQP0
[I] 17:15:31.904(0000000000132FDC):PBEncoder success load file 'E:\product\protocol\cf_app.proto.js'
[I] 17:15:31.905(0000000000132FDC):[AMQP0]declare queue 'cf.alipay.rpc.3f059310a29b11e7a795471b0d56d9d5'
[I] 17:15:31.905(0000000000132FDC):[RPCC:cf.alipay.rpc]create rpc client 'cf.alipay.rpc' in conn AMQP0
[I] 17:15:31.912(0000000000132FDC):PBEncoder success load file 'E:\product\protocol\cf_alipay.proto.js'
[I] 17:15:31.913(0000000000132FDC):[AMQP0]declare queue 'cf.ding.rpc.3f06cb90a29b11e7a795471b0d56d9d5'
[I] 17:15:31.913(0000000000132FDC):[RPCC:cf.ding.rpc]create rpc client 'cf.ding.rpc' in conn AMQP0
[I] 17:15:31.924(0000000000132FDC):PBEncoder success load file 'E:\product\protocol\cf_ding.proto.js'
[I] 17:15:31.924(0000000000132FDC):[AMQP0]declare exchange 'cf.ding.notify'
[I] 17:15:31.924(0000000000132FDC):[AMQP0]declare queue 'jiaxingwang.sc_admin.ding.3f087940a29b11e7a795471b0d56d9d5'
[I] 17:15:31.924(0000000000132FDC):[AM]init and reload account!
[I] 17:15:31.929(0000000000132FDC):[AM]reload account success, account number is: 0
[I] 17:15:31.932(0000000000132FDC):[AMQP0]declare queue 'sr.customer.rpc.3f09b1c0a29b11e7a795471b0d56d9d5'
[I] 17:15:31.932(0000000000132FDC):[RPCC:sr.customer.rpc]create rpc client 'sr.customer.rpc' in conn AMQP0
[I] 17:15:31.941(0000000000132FDC):PBEncoder success load file 'E:\product\protocol\sr_customer.proto.js'
[W] 17:15:31.942(0000000000132FDC):[AMQP0]rpc client 'cf.rpc' declare repeat!
[W] 17:15:31.942(0000000000132FDC):[AMQP0]rpc client 'cf.wechat.rpc' declare repeat!
[W] 17:15:31.942(0000000000132FDC):[AMQP0]rpc client 'cf.app.rpc' declare repeat!
[I] 17:15:32.104(0000000000132FDC):PBEncoder success load file 'E:\product\protocol\sc_system.proto.js'
[I] 17:15:32.153(0000000000132FDC):[AMQP1]created
[I] 17:15:32.154(0000000000132FDC):[AMQP1]declare exchange 'amq.direct'
[I] 17:15:32.155(0000000000132FDC):[AMQP1]declare queue 'cf.wechat.rpc.3f2bb8b0a29b11e7a795471b0d56d9d5'
[I] 17:15:32.155(0000000000132FDC):[RPCC:cf.wechat.rpc]create rpc client 'cf.wechat.rpc' in conn AMQP1
[I] 17:15:32.156(0000000000132FDC):[AMQP2]created
[I] 17:15:32.160(0000000000132FDC):[AMQP0]declare exchange 'amq.direct'
[I] 17:15:32.160(0000000000132FDC):[AMQP0]declare queue 'sc.task.rpc.3f2c7c00a29b11e7a795471b0d56d9d5'
[I] 17:15:32.160(0000000000132FDC):[RPCC:sc.task.rpc]create rpc client 'sc.task.rpc' in conn AMQP0
[I] 17:15:32.168(0000000000132FDC):PBEncoder success load file 'E:\product\protocol\sc_task.proto.js'
[I] 17:15:32.192(0000000000132FDC):[AMQP0]declare queue 'sr.customer.tag.rpc.3f315e00a29b11e7a795471b0d56d9d5'
[I] 17:15:32.193(0000000000132FDC):[RPCC:sr.customer.tag.rpc]create rpc client 'sr.customer.tag.rpc' in conn AMQP0
[I] 17:15:32.194(0000000000132FDC):[AMQP0]declare queue 'sr.customer.point.rpc.3f318510a29b11e7a795471b0d56d9d5'
[I] 17:15:32.194(0000000000132FDC):[RPCC:sr.customer.point.rpc]create rpc client 'sr.customer.point.rpc' in conn AMQP0
[I] 17:15:32.203(0000000000132FDC):PBEncoder success load file 'E:\product\protocol\sr_customer_point.proto.js'
[I] 17:15:32.211(0000000000132FDC):PBEncoder success load file 'E:\product\protocol\sr_customer_tag.proto.js'
[W] 17:15:32.223(0000000000132FDC):[AMQP0]rpc client 'cf.wechat.rpc' declare repeat!
[I] 17:15:32.225(0000000000132FDC):[AMQP0]declare queue 'sr.customer.coupon_class.rpc.3f366710a29b11e7a795471b0d56d9d5'
[I] 17:15:32.225(0000000000132FDC):[RPCC:sr.customer.coupon_class.rpc]create rpc client 'sr.customer.coupon_class.rpc' in conn AMQP0
[I] 17:15:32.226(0000000000132FDC):[AMQP0]declare queue 'sr.customer.coupon.rpc.3f368e20a29b11e7a795471b0d56d9d5'
[I] 17:15:32.227(0000000000132FDC):[RPCC:sr.customer.coupon.rpc]create rpc client 'sr.customer.coupon.rpc' in conn AMQP0
[I] 17:15:32.241(0000000000132FDC):PBEncoder success load file 'E:\product\protocol\sr_customer_coupon.proto.js'
[W] 17:15:32.242(0000000000132FDC):[AMQP0]rpc client 'cf.wechat.rpc' declare repeat!
[I] 17:15:32.242(0000000000132FDC):[AMQP0]declare queue 'cf.wxpay.rpc.3f38ff20a29b11e7a795471b0d56d9d5'
[I] 17:15:32.243(0000000000132FDC):[RPCC:cf.wxpay.rpc]create rpc client 'cf.wxpay.rpc' in conn AMQP0
[I] 17:15:32.258(0000000000132FDC):PBEncoder success load file 'E:\product\protocol\cf_wxpay.proto.js'
[W] 17:15:32.260(0000000000132FDC):[AMQP0]rpc client 'sr.customer.point.rpc' declare repeat!
[W] 17:15:32.269(0000000000132FDC):[AMQP0]exchange amq.direct already declare!!
[W] 17:15:32.270(0000000000132FDC):[AMQP0]rpc client 'sr.customer.rpc' declare repeat!
[W] 17:15:32.271(0000000000132FDC):[AMQP0]rpc client 'sr.customer.coupon.rpc' declare repeat!
[W] 17:15:32.271(0000000000132FDC):[AMQP0]rpc client 'cf.wechat.rpc' declare repeat!
[W] 17:15:32.274(0000000000132FDC):[AMQP0]exchange amq.direct already declare!!
[I] 17:15:32.275(0000000000132FDC):[AMQP0]declare queue 'cf.baidu.rpc.3f3e0830a29b11e7a795471b0d56d9d5'
[I] 17:15:32.275(0000000000132FDC):[RPCC:cf.baidu.rpc]create rpc client 'cf.baidu.rpc' in conn AMQP0
[I] 17:15:32.280(0000000000132FDC):PBEncoder success load file 'E:\product\protocol\cf_baidu.proto.js'
[I] 17:15:32.286(0000000000132FDC):[AMQP3]created
[I] 17:15:32.297(0000000000132FDC):[AMQP4]created
[I] 17:15:32.298(0000000000132FDC):[AMQP4]declare exchange 'amq.direct'
[I] 17:15:32.298(0000000000132FDC):[AMQP4]declare queue 'cf.app.rpc.3f418aa0a29b11e7a795471b0d56d9d5'
[I] 17:15:32.298(0000000000132FDC):[RPCC:cf.app.rpc]create rpc client 'cf.app.rpc' in conn AMQP4
[I] 17:15:32.299(0000000000132FDC):[AMQP4]declare queue 'cf.wechat.rpc.3f41b1b0a29b11e7a795471b0d56d9d5'
[I] 17:15:32.299(0000000000132FDC):[RPCC:cf.wechat.rpc]create rpc client 'cf.wechat.rpc' in conn AMQP4
[I] 17:15:32.299(0000000000132FDC):[AMQP4]declare queue 'cf.rpc.3f41b1b1a29b11e7a795471b0d56d9d5'
[I] 17:15:32.299(0000000000132FDC):[RPCC:cf.rpc]create rpc client 'cf.rpc' in conn AMQP4
[I] 17:15:32.300(0000000000132FDC):[AMQP4]declare queue 'sc.task.rpc.3f41d8c0a29b11e7a795471b0d56d9d5'
[I] 17:15:32.300(0000000000132FDC):[RPCC:sc.task.rpc]create rpc client 'sc.task.rpc' in conn AMQP4
[I] 17:15:32.303(0000000000132FDC):[AMQP5]created
[I] 17:15:32.303(0000000000132FDC):[AMQP5]declare exchange 'amq.direct'
[I] 17:15:32.304(0000000000132FDC):[AMQP5]declare queue 'cf.wechat.rpc.3f427500a29b11e7a795471b0d56d9d5'
[I] 17:15:32.304(0000000000132FDC):[RPCC:cf.wechat.rpc]create rpc client 'cf.wechat.rpc' in conn AMQP5
[W] 17:15:32.306(0000000000132FDC):[AMQP0]rpc client 'sr.customer.point.rpc' declare repeat!
[I] 17:15:32.308(0000000000132FDC):[AMQP6]created
[I] 17:15:32.309(0000000000132FDC):[AMQP6]declare exchange 'amq.direct'
[I] 17:15:32.309(0000000000132FDC):[AMQP6]declare queue 'cf.wechat.rpc.3f433850a29b11e7a795471b0d56d9d5'
[I] 17:15:32.309(0000000000132FDC):[RPCC:cf.wechat.rpc]create rpc client 'cf.wechat.rpc' in conn AMQP6
[I] 17:15:32.315(0000000000132FDC):[AMQP7]created
[I] 17:15:32.316(0000000000132FDC):[AMQP7]declare exchange 'amq.direct'
[I] 17:15:32.316(0000000000132FDC):[AMQP7]declare queue 'sc.task.rpc.3f4449c0a29b11e7a795471b0d56d9d5'
[I] 17:15:32.316(0000000000132FDC):[RPCC:sc.task.rpc]create rpc client 'sc.task.rpc' in conn AMQP7
[I] 17:15:32.317(0000000000132FDC):[AMQP7]declare queue 'sr.customer.rewardfail.3f4470d0a29b11e7a795471b0d56d9d5'
[I] 17:15:32.317(0000000000132FDC):[RPCC:sr.customer.rewardfail]create rpc client 'sr.customer.rewardfail' in conn AMQP7
[W] 17:15:32.321(0000000000132FDC):[AMQP0]exchange amq.direct already declare!!
[W] 17:15:32.321(0000000000132FDC):[AMQP0]rpc client 'sr.customer.tag.rpc' declare repeat!
[W] 17:15:32.321(0000000000132FDC):[AMQP0]rpc client 'sc.task.rpc' declare repeat!
[W] 17:15:32.324(0000000000132FDC):[AMQP0]exchange amq.direct already declare!!
[I] 17:15:32.324(0000000000132FDC):[AMQP0]declare queue 'sr.trade.rpc.3f458240a29b11e7a795471b0d56d9d5'
[I] 17:15:32.324(0000000000132FDC):[RPCC:sr.trade.rpc]create rpc client 'sr.trade.rpc' in conn AMQP0
[I] 17:15:32.329(0000000000132FDC):PBEncoder success load file 'E:\product\protocol\sr_trade.proto.js'
[I] 17:15:32.332(0000000000132FDC):[AMQP8]created
[I] 17:15:32.333(0000000000132FDC):[AMQP8]declare exchange 'amq.direct'
[I] 17:15:32.333(0000000000132FDC):[AMQP8]declare queue 'cf.wechat.rpc.3f46e1d0a29b11e7a795471b0d56d9d5'
[I] 17:15:32.333(0000000000132FDC):[RPCC:cf.wechat.rpc]create rpc client 'cf.wechat.rpc' in conn AMQP8
[D] 17:15:32.355(0000000000132458):worker process log socket connected!
[D] 17:15:32.340(0000000000135BDC):worker 1# ready to connect master log socket server, port=44933
[D] 17:15:32.355(0000000000135BDC):worker 1# log socket connected!
[I] 17:15:32.359(0000000000132FDC):[redis]redis connect
[T] 17:15:32.362(0000000000132FDC):Http is running,port is 18910
[I] 17:15:32.378(0000000000132FDC):[redis]redis ready
[I] 17:15:32.381(0000000000132FDC):[MP1]create connection #0
[T] 17:15:32.382(0000000000132FDC):[MP1]getConnection success,getIndex=0
[I] 17:15:32.383(0000000000132FDC):[MP1]create connection #1
[T] 17:15:32.384(0000000000132FDC):[MP1]getConnection success,getIndex=1
[T] 17:15:32.392(0000000000132FDC):[MySQL]Query success,used time:7 ms,sql="select * from cf_account where enabled=1 and function_mask like \"1%\""
[T] 17:15:32.400(0000000000132FDC):[MySQL]Query success,used time:13 ms,sql="SELECT * FROM `sc_org`"
[T] 17:15:32.401(0000000000132FDC):getConnection release,getIndex=0
[T] 17:15:32.401(0000000000132FDC):getConnection release,getIndex=1
[I] 17:15:32.402(0000000000132FDC):[AM]get account list success: [{"innerid":"HEDV35FASG-DGW423A-34TGGW53AAD66","name":"乐逛演示","org_id":"1","shop_id":null,"settlement_id":null,"method_code":1,"method_code_key":"wechat_test3_1","function_mask":"10","config":"{\"accountid\":\"gh_92368265694f\",\"fee_type\":\"CNY\",\"appid\":\"wx39bf9ff3da6fc1e7\",\"appsecret\":\"e00fc51118b318fb99cff35d217865fc\",\"mch_id\":\"1287801701\",\"sub_mch_id\":\"\",\"sign_key\":\"smartpaysmartpaysmartpaysmartpay\",\"key_file\":\"apiclient_key.pem\",\"cert_file\":\"apiclient_cert.pem\",\"pay_authorization_dir\":[\"\",\"\",\"\"],\"pay_native_callback\":\"\",\"pay_finish_notify\":\"1\",\"pay_alarm_notify\":\"\"}","enabled":1,"desc":null},{"innerid":"SE43RG3ASG-34GWW55A-34TG43HER452","name":"短信测试一","org_id":"1","shop_id":null,"settlement_id":null,"method_code":2,"method_code_key":"wechat_test1_2","function_mask":"10","config":"{\"url\" : \"http://211.147.239.62:9050/cgi-bin/sendsms\",\"username\" : \"shopperconnect@smartac\",\"password\" : \"shopCNT@smartc2016\"}","enabled":1,"desc":null},{"innerid":"SMFGSW423GWS-G43HTEHE2-HHEDR5462HS","name":"邮件测试一","org_id":"1","shop_id":null,"settlement_id":null,"method_code":3,"method_code_key":"wechat_test1_3","function_mask":"10","config":"{\"smtpserver\" : \"smtp.163.com\",\"port\": 25,\"username\" : \"zyqtest5@163.com\",\"password\" : \"zyqtest5881119\",\"SSL\":false}","enabled":1,"desc":null}]
[I] 17:15:32.431(0000000000132FDC):[AMQP1]AMQP1 connect 'amqp://guest:guest@172.16.0.81:5672' success!
[I] 17:15:32.434(0000000000132FDC):[AMQP0]AMQP0 connect 'amqp://guest:guest@172.16.0.81:5672' success!
[I] 17:15:32.435(0000000000132FDC):[AMQP4]AMQP4 connect 'amqp://guest:guest@172.16.0.81:5672' success!
[I] 17:15:32.437(0000000000132FDC):[AMQP5]AMQP5 connect 'amqp://guest:guest@172.16.0.81:5672' success!
[I] 17:15:32.438(0000000000132FDC):[AMQP6]AMQP6 connect 'amqp://guest:guest@172.16.0.81:5672' success!
[I] 17:15:32.439(0000000000132FDC):[AMQP7]AMQP7 connect 'amqp://guest:guest@172.16.0.81:5672' success!
[I] 17:15:32.450(0000000000132FDC):[AMQP8]AMQP8 connect 'amqp://guest:guest@172.16.0.81:5672' success!
[I] 17:15:32.451(0000000000132FDC):[AMQP1]success declare exchange 'amq.direct'
[I] 17:15:32.452(0000000000132FDC):[AMQP4]success declare exchange 'amq.direct'
[I] 17:15:32.452(0000000000132FDC):[AMQP6]success declare exchange 'amq.direct'
[I] 17:15:32.454(0000000000132FDC):[AMQP7]success declare exchange 'amq.direct'
[I] 17:15:32.455(0000000000132FDC):[AMQP5]success declare exchange 'amq.direct'
[I] 17:15:32.457(0000000000132FDC):[AMQP0]success declare queue 'cf.rpc.3ee9cdb0a29b11e7a795471b0d56d9d5'
[I] 17:15:32.458(0000000000132FDC):[AMQP1]success declare queue 'cf.wechat.rpc.3f2bb8b0a29b11e7a795471b0d56d9d5'
[I] 17:15:32.458(0000000000132FDC):[AMQP4]success declare queue 'cf.app.rpc.3f418aa0a29b11e7a795471b0d56d9d5'
[I] 17:15:32.460(0000000000132FDC):[AMQP0]success consume 'cf.rpc.3ee9cdb0a29b11e7a795471b0d56d9d5'
[I] 17:15:32.461(0000000000132FDC):[AMQP8]success declare exchange 'amq.direct'
[I] 17:15:32.462(0000000000132FDC):[AMQP6]success declare queue 'cf.wechat.rpc.3f433850a29b11e7a795471b0d56d9d5'
[I] 17:15:32.463(0000000000132FDC):[AMQP1]success consume 'cf.wechat.rpc.3f2bb8b0a29b11e7a795471b0d56d9d5'
[I] 17:15:32.465(0000000000132FDC):[AMQP5]success declare queue 'cf.wechat.rpc.3f427500a29b11e7a795471b0d56d9d5'
[I] 17:15:32.466(0000000000132FDC):[AMQP7]success declare queue 'sc.task.rpc.3f4449c0a29b11e7a795471b0d56d9d5'
[I] 17:15:32.467(0000000000132FDC):[AMQP4]success consume 'cf.app.rpc.3f418aa0a29b11e7a795471b0d56d9d5'
[I] 17:15:32.468(0000000000132FDC):[AMQP0]success binding 'amq.direct'->'cf.rpc.3ee9cdb0a29b11e7a795471b0d56d9d5'(cf.rpc.3ee9cdb0a29b11e7a795471b0d56d9d5)
[I] 17:15:32.470(0000000000132FDC):[AMQP5]success consume 'cf.wechat.rpc.3f427500a29b11e7a795471b0d56d9d5'
[I] 17:15:32.471(0000000000132FDC):[AMQP7]success consume 'sc.task.rpc.3f4449c0a29b11e7a795471b0d56d9d5'
[I] 17:15:32.472(0000000000132FDC):[AMQP6]success consume 'cf.wechat.rpc.3f433850a29b11e7a795471b0d56d9d5'
[I] 17:15:32.473(0000000000132FDC):[AMQP4]success binding 'amq.direct'->'cf.app.rpc.3f418aa0a29b11e7a795471b0d56d9d5'(cf.app.rpc.3f418aa0a29b11e7a795471b0d56d9d5)
[I] 17:15:32.474(0000000000132FDC):[AMQP1]success binding 'amq.direct'->'cf.wechat.rpc.3f2bb8b0a29b11e7a795471b0d56d9d5'(cf.wechat.rpc.3f2bb8b0a29b11e7a795471b0d56d9d5)
[I] 17:15:32.475(0000000000132FDC):[AMQP8]success declare queue 'cf.wechat.rpc.3f46e1d0a29b11e7a795471b0d56d9d5'
[I] 17:15:32.476(0000000000132FDC):[AMQP0]success declare queue 'cf.wechat.rpc.3efb32d0a29b11e7a795471b0d56d9d5'
[I] 17:15:32.478(0000000000132FDC):[AMQP5]success binding 'amq.direct'->'cf.wechat.rpc.3f427500a29b11e7a795471b0d56d9d5'(cf.wechat.rpc.3f427500a29b11e7a795471b0d56d9d5)
[I] 17:15:32.480(0000000000132FDC):[AMQP6]success binding 'amq.direct'->'cf.wechat.rpc.3f433850a29b11e7a795471b0d56d9d5'(cf.wechat.rpc.3f433850a29b11e7a795471b0d56d9d5)
[I] 17:15:32.482(0000000000132FDC):[AMQP7]success binding 'amq.direct'->'sc.task.rpc.3f4449c0a29b11e7a795471b0d56d9d5'(sc.task.rpc.3f4449c0a29b11e7a795471b0d56d9d5)
[I] 17:15:32.483(0000000000132FDC):[AMQP8]success consume 'cf.wechat.rpc.3f46e1d0a29b11e7a795471b0d56d9d5'
[I] 17:15:32.484(0000000000132FDC):[AMQP0]success consume 'cf.wechat.rpc.3efb32d0a29b11e7a795471b0d56d9d5'
[I] 17:15:32.484(0000000000132FDC):[AMQP4]success declare queue 'cf.wechat.rpc.3f41b1b0a29b11e7a795471b0d56d9d5'
[I] 17:15:32.486(0000000000132FDC):[AMQP7]success declare queue 'sr.customer.rewardfail.3f4470d0a29b11e7a795471b0d56d9d5'
[I] 17:15:32.486(0000000000132FDC):[AMQP4]success consume 'cf.wechat.rpc.3f41b1b0a29b11e7a795471b0d56d9d5'
[I] 17:15:32.487(0000000000132FDC):[AMQP7]success consume 'sr.customer.rewardfail.3f4470d0a29b11e7a795471b0d56d9d5'
[I] 17:15:32.487(0000000000132FDC):[AMQP0]success binding 'amq.direct'->'cf.wechat.rpc.3efb32d0a29b11e7a795471b0d56d9d5'(cf.wechat.rpc.3efb32d0a29b11e7a795471b0d56d9d5)
[I] 17:15:32.488(0000000000132FDC):[AMQP8]success binding 'amq.direct'->'cf.wechat.rpc.3f46e1d0a29b11e7a795471b0d56d9d5'(cf.wechat.rpc.3f46e1d0a29b11e7a795471b0d56d9d5)
[I] 17:15:32.488(0000000000132FDC):[AMQP4]success binding 'amq.direct'->'cf.wechat.rpc.3f41b1b0a29b11e7a795471b0d56d9d5'(cf.wechat.rpc.3f41b1b0a29b11e7a795471b0d56d9d5)
[I] 17:15:32.490(0000000000132FDC):[AMQP0]success declare exchange 'cf.wechat.notify'
[I] 17:15:32.490(0000000000132FDC):[AMQP7]success binding 'amq.direct'->'sr.customer.rewardfail.3f4470d0a29b11e7a795471b0d56d9d5'(sr.customer.rewardfail.3f4470d0a29b11e7a795471b0d56d9d5)
[I] 17:15:32.493(0000000000132FDC):[AMQP4]success declare queue 'cf.rpc.3f41b1b1a29b11e7a795471b0d56d9d5'
[I] 17:15:32.494(0000000000132FDC):[AMQP0]success declare queue 'jiaxingwang.sc_admin.wechat.3f04a8b0a29b11e7a795471b0d56d9d5'
[I] 17:15:32.495(0000000000132FDC):[AMQP4]success consume 'cf.rpc.3f41b1b1a29b11e7a795471b0d56d9d5'
[I] 17:15:32.496(0000000000132FDC):[AMQP0]success consume 'jiaxingwang.sc_admin.wechat.3f04a8b0a29b11e7a795471b0d56d9d5'
[I] 17:15:32.497(0000000000132FDC):[AMQP4]success binding 'amq.direct'->'cf.rpc.3f41b1b1a29b11e7a795471b0d56d9d5'(cf.rpc.3f41b1b1a29b11e7a795471b0d56d9d5)
[I] 17:15:32.499(0000000000132FDC):[AMQP0]success binding 'cf.wechat.notify'->'jiaxingwang.sc_admin.wechat.3f04a8b0a29b11e7a795471b0d56d9d5'(#)
[I] 17:15:32.500(0000000000132FDC):[AMQP4]success declare queue 'sc.task.rpc.3f41d8c0a29b11e7a795471b0d56d9d5'
[I] 17:15:32.502(0000000000132FDC):[AMQP4]success consume 'sc.task.rpc.3f41d8c0a29b11e7a795471b0d56d9d5'
[I] 17:15:32.504(0000000000132FDC):[AMQP0]success declare queue 'cf.app.rpc.3f04cfc0a29b11e7a795471b0d56d9d5'
[I] 17:15:32.505(0000000000132FDC):[AMQP4]success binding 'amq.direct'->'sc.task.rpc.3f41d8c0a29b11e7a795471b0d56d9d5'(sc.task.rpc.3f41d8c0a29b11e7a795471b0d56d9d5)
[I] 17:15:32.506(0000000000132FDC):[AMQP0]success consume 'cf.app.rpc.3f04cfc0a29b11e7a795471b0d56d9d5'
[I] 17:15:32.508(0000000000132FDC):[AMQP0]success binding 'amq.direct'->'cf.app.rpc.3f04cfc0a29b11e7a795471b0d56d9d5'(cf.app.rpc.3f04cfc0a29b11e7a795471b0d56d9d5)
[I] 17:15:32.512(0000000000132FDC):[AMQP0]success declare queue 'cf.alipay.rpc.3f059310a29b11e7a795471b0d56d9d5'
[I] 17:15:32.515(0000000000132FDC):[AMQP0]success consume 'cf.alipay.rpc.3f059310a29b11e7a795471b0d56d9d5'
[I] 17:15:32.518(0000000000132FDC):[AMQP0]success binding 'amq.direct'->'cf.alipay.rpc.3f059310a29b11e7a795471b0d56d9d5'(cf.alipay.rpc.3f059310a29b11e7a795471b0d56d9d5)
[I] 17:15:32.521(0000000000132FDC):[AMQP0]success declare queue 'cf.ding.rpc.3f06cb90a29b11e7a795471b0d56d9d5'
[I] 17:15:32.522(0000000000132FDC):[AMQP0]success consume 'cf.ding.rpc.3f06cb90a29b11e7a795471b0d56d9d5'
[I] 17:15:32.524(0000000000132FDC):[AMQP0]success binding 'amq.direct'->'cf.ding.rpc.3f06cb90a29b11e7a795471b0d56d9d5'(cf.ding.rpc.3f06cb90a29b11e7a795471b0d56d9d5)
[I] 17:15:32.526(0000000000132FDC):[AMQP0]success declare exchange 'cf.ding.notify'
[I] 17:15:32.529(0000000000132FDC):[AMQP0]success declare queue 'jiaxingwang.sc_admin.ding.3f087940a29b11e7a795471b0d56d9d5'
[I] 17:15:32.530(0000000000132FDC):[AMQP0]success consume 'jiaxingwang.sc_admin.ding.3f087940a29b11e7a795471b0d56d9d5'
[I] 17:15:32.532(0000000000132FDC):[AMQP0]success binding 'cf.ding.notify'->'jiaxingwang.sc_admin.ding.3f087940a29b11e7a795471b0d56d9d5'(#)
[I] 17:15:32.535(0000000000132FDC):[AMQP0]success declare queue 'sr.customer.rpc.3f09b1c0a29b11e7a795471b0d56d9d5'
[W] 17:15:32.540(0000000000132458):try restart worker 2# ...
[I] 17:15:32.545(0000000000132458):start worker success,pid=135914(2#)
[I] 17:15:32.543(0000000000132FDC):[AMQP0]success consume 'sr.customer.rpc.3f09b1c0a29b11e7a795471b0d56d9d5'
[I] 17:15:32.545(0000000000132FDC):[AMQP0]success binding 'amq.direct'->'sr.customer.rpc.3f09b1c0a29b11e7a795471b0d56d9d5'(sr.customer.rpc.3f09b1c0a29b11e7a795471b0d56d9d5)
[I] 17:15:32.546(0000000000132FDC):[AMQP0]success declare exchange 'amq.direct'
[I] 17:15:32.549(0000000000132FDC):[AMQP0]success declare queue 'sc.task.rpc.3f2c7c00a29b11e7a795471b0d56d9d5'
[I] 17:15:32.551(0000000000132FDC):[AMQP0]success consume 'sc.task.rpc.3f2c7c00a29b11e7a795471b0d56d9d5'
[I] 17:15:32.552(0000000000132FDC):[AMQP0]success binding 'amq.direct'->'sc.task.rpc.3f2c7c00a29b11e7a795471b0d56d9d5'(sc.task.rpc.3f2c7c00a29b11e7a795471b0d56d9d5)
[I] 17:15:32.555(0000000000132FDC):[AMQP0]success declare queue 'sr.customer.tag.rpc.3f315e00a29b11e7a795471b0d56d9d5'
[I] 17:15:32.557(0000000000132FDC):[AMQP0]success consume 'sr.customer.tag.rpc.3f315e00a29b11e7a795471b0d56d9d5'
[I] 17:15:32.559(0000000000132FDC):[AMQP0]success binding 'amq.direct'->'sr.customer.tag.rpc.3f315e00a29b11e7a795471b0d56d9d5'(sr.customer.tag.rpc.3f315e00a29b11e7a795471b0d56d9d5)
[I] 17:15:32.562(0000000000132FDC):[AMQP0]success declare queue 'sr.customer.point.rpc.3f318510a29b11e7a795471b0d56d9d5'
[I] 17:15:32.563(0000000000132FDC):[AMQP0]success consume 'sr.customer.point.rpc.3f318510a29b11e7a795471b0d56d9d5'
[I] 17:15:32.565(0000000000132FDC):[AMQP0]success binding 'amq.direct'->'sr.customer.point.rpc.3f318510a29b11e7a795471b0d56d9d5'(sr.customer.point.rpc.3f318510a29b11e7a795471b0d56d9d5)
[I] 17:15:32.569(0000000000132FDC):[AMQP0]success declare queue 'sr.customer.coupon_class.rpc.3f366710a29b11e7a795471b0d56d9d5'
[I] 17:15:32.570(0000000000132FDC):[AMQP0]success consume 'sr.customer.coupon_class.rpc.3f366710a29b11e7a795471b0d56d9d5'
[I] 17:15:32.572(0000000000132FDC):[AMQP0]success binding 'amq.direct'->'sr.customer.coupon_class.rpc.3f366710a29b11e7a795471b0d56d9d5'(sr.customer.coupon_class.rpc.3f366710a29b11e7a795471b0d56d9d5)
[I] 17:15:32.580(0000000000132FDC):[AMQP0]success declare queue 'sr.customer.coupon.rpc.3f368e20a29b11e7a795471b0d56d9d5'
[I] 17:15:32.582(0000000000132FDC):[AMQP0]success consume 'sr.customer.coupon.rpc.3f368e20a29b11e7a795471b0d56d9d5'
[I] 17:15:32.584(0000000000132FDC):[AMQP0]success binding 'amq.direct'->'sr.customer.coupon.rpc.3f368e20a29b11e7a795471b0d56d9d5'(sr.customer.coupon.rpc.3f368e20a29b11e7a795471b0d56d9d5)
[I] 17:15:32.587(0000000000132FDC):[AMQP0]success declare queue 'cf.wxpay.rpc.3f38ff20a29b11e7a795471b0d56d9d5'
[I] 17:15:32.589(0000000000132FDC):[AMQP0]success consume 'cf.wxpay.rpc.3f38ff20a29b11e7a795471b0d56d9d5'
[I] 17:15:32.591(0000000000132FDC):[AMQP0]success binding 'amq.direct'->'cf.wxpay.rpc.3f38ff20a29b11e7a795471b0d56d9d5'(cf.wxpay.rpc.3f38ff20a29b11e7a795471b0d56d9d5)
[I] 17:15:32.594(0000000000132FDC):[AMQP0]success declare queue 'cf.baidu.rpc.3f3e0830a29b11e7a795471b0d56d9d5'
[I] 17:15:32.596(0000000000132FDC):[AMQP0]success consume 'cf.baidu.rpc.3f3e0830a29b11e7a795471b0d56d9d5'
[I] 17:15:32.598(0000000000132FDC):[AMQP0]success binding 'amq.direct'->'cf.baidu.rpc.3f3e0830a29b11e7a795471b0d56d9d5'(cf.baidu.rpc.3f3e0830a29b11e7a795471b0d56d9d5)
[I] 17:15:32.601(0000000000132FDC):[AMQP0]success declare queue 'sr.trade.rpc.3f458240a29b11e7a795471b0d56d9d5'
[I] 17:15:32.602(0000000000132FDC):[AMQP0]success consume 'sr.trade.rpc.3f458240a29b11e7a795471b0d56d9d5'
[I] 17:15:32.604(0000000000132FDC):[AMQP0]success binding 'amq.direct'->'sr.trade.rpc.3f458240a29b11e7a795471b0d56d9d5'(sr.trade.rpc.3f458240a29b11e7a795471b0d56d9d5)
[I] 17:15:32.997(0000000000135BDC):[AMQP0]created
[I] 17:15:33.010(0000000000135BDC):[AMQP0]declare queue 'cf.rpc.3fae0810a29b11e7a0a25d33ea4457e7'
[I] 17:15:33.011(0000000000135BDC):[RPCC:cf.rpc]create rpc client 'cf.rpc' in conn AMQP0
[I] 17:15:33.140(0000000000135BDC):PBEncoder success load file 'E:\product\protocol\cf.proto.js'
[I] 17:15:33.141(0000000000135BDC):[AMQP0]declare queue 'cf.wechat.rpc.3fc20540a29b11e7a0a25d33ea4457e7'
[I] 17:15:33.142(0000000000135BDC):[RPCC:cf.wechat.rpc]create rpc client 'cf.wechat.rpc' in conn AMQP0
[I] 17:15:33.210(0000000000135BDC):PBEncoder success load file 'E:\product\protocol\cf_wechat.proto.js'
[I] 17:15:33.212(0000000000135BDC):[AMQP0]declare exchange 'cf.wechat.notify'
[I] 17:15:33.212(0000000000135BDC):[AMQP0]declare queue 'jiaxingwang.sc_admin.wechat.3fcd01c0a29b11e7a0a25d33ea4457e7'
[I] 17:15:33.213(0000000000135BDC):[AMQP0]declare queue 'cf.app.rpc.3fcd28d0a29b11e7a0a25d33ea4457e7'
[I] 17:15:33.215(0000000000135BDC):[RPCC:cf.app.rpc]create rpc client 'cf.app.rpc' in conn AMQP0
[I] 17:15:33.221(0000000000135BDC):PBEncoder success load file 'E:\product\protocol\cf_app.proto.js'
[I] 17:15:33.222(0000000000135BDC):[AMQP0]declare queue 'cf.alipay.rpc.3fce8860a29b11e7a0a25d33ea4457e7'
[I] 17:15:33.222(0000000000135BDC):[RPCC:cf.alipay.rpc]create rpc client 'cf.alipay.rpc' in conn AMQP0
[I] 17:15:33.231(0000000000135BDC):PBEncoder success load file 'E:\product\protocol\cf_alipay.proto.js'
[I] 17:15:33.233(0000000000135BDC):[AMQP0]declare queue 'cf.ding.rpc.3fd03610a29b11e7a0a25d33ea4457e7'
[I] 17:15:33.233(0000000000135BDC):[RPCC:cf.ding.rpc]create rpc client 'cf.ding.rpc' in conn AMQP0
[I] 17:15:33.248(0000000000135BDC):PBEncoder success load file 'E:\product\protocol\cf_ding.proto.js'
[I] 17:15:33.248(0000000000135BDC):[AMQP0]declare exchange 'cf.ding.notify'
[I] 17:15:33.249(0000000000135BDC):[AMQP0]declare queue 'jiaxingwang.sc_admin.ding.3fd2a710a29b11e7a0a25d33ea4457e7'
[I] 17:15:33.250(0000000000135BDC):[AM]init and reload account!
[I] 17:15:33.257(0000000000135BDC):[AM]reload account success, account number is: 0
[I] 17:15:33.261(0000000000135BDC):[AMQP0]declare queue 'sr.customer.rpc.3fd47bd0a29b11e7a0a25d33ea4457e7'
[I] 17:15:33.262(0000000000135BDC):[RPCC:sr.customer.rpc]create rpc client 'sr.customer.rpc' in conn AMQP0
[I] 17:15:33.270(0000000000135BDC):PBEncoder success load file 'E:\product\protocol\sr_customer.proto.js'
[W] 17:15:33.271(0000000000135BDC):[AMQP0]rpc client 'cf.rpc' declare repeat!
[W] 17:15:33.271(0000000000135BDC):[AMQP0]rpc client 'cf.wechat.rpc' declare repeat!
[W] 17:15:33.272(0000000000135BDC):[AMQP0]rpc client 'cf.app.rpc' declare repeat!
[D] 17:15:33.355(0000000000132458):worker process log socket connected!
[D] 17:15:33.329(0000000000135914):worker 2# ready to connect master log socket server, port=44933
[D] 17:15:33.357(0000000000135914):worker 2# log socket connected!
[I] 17:15:33.452(0000000000135BDC):PBEncoder success load file 'E:\product\protocol\sc_system.proto.js'
[I] 17:15:33.505(0000000000135BDC):[AMQP1]created
[I] 17:15:33.507(0000000000135BDC):[AMQP1]declare exchange 'amq.direct'
[I] 17:15:33.507(0000000000135BDC):[AMQP1]declare queue 'cf.wechat.rpc.3ffa0530a29b11e7a0a25d33ea4457e7'
[I] 17:15:33.508(0000000000135BDC):[RPCC:cf.wechat.rpc]create rpc client 'cf.wechat.rpc' in conn AMQP1
[I] 17:15:33.509(0000000000135BDC):[AMQP2]created
[I] 17:15:33.513(0000000000135BDC):[AMQP0]declare exchange 'amq.direct'
[I] 17:15:33.513(0000000000135BDC):[AMQP0]declare queue 'sc.task.rpc.3ffaef90a29b11e7a0a25d33ea4457e7'
[I] 17:15:33.514(0000000000135BDC):[RPCC:sc.task.rpc]create rpc client 'sc.task.rpc' in conn AMQP0
[I] 17:15:33.521(0000000000135BDC):PBEncoder success load file 'E:\product\protocol\sc_task.proto.js'
[I] 17:15:33.543(0000000000135BDC):[AMQP0]declare queue 'sr.customer.tag.rpc.3fff5c60a29b11e7a0a25d33ea4457e7'
[I] 17:15:33.543(0000000000135BDC):[RPCC:sr.customer.tag.rpc]create rpc client 'sr.customer.tag.rpc' in conn AMQP0
[I] 17:15:33.543(0000000000135BDC):[AMQP0]declare queue 'sr.customer.point.rpc.3fff8370a29b11e7a0a25d33ea4457e7'
[I] 17:15:33.543(0000000000135BDC):[RPCC:sr.customer.point.rpc]create rpc client 'sr.customer.point.rpc' in conn AMQP0
[I] 17:15:33.551(0000000000135BDC):PBEncoder success load file 'E:\product\protocol\sr_customer_point.proto.js'
[I] 17:15:33.558(0000000000135BDC):PBEncoder success load file 'E:\product\protocol\sr_customer_tag.proto.js'
[W] 17:15:33.566(0000000000135BDC):[AMQP0]rpc client 'cf.wechat.rpc' declare repeat!
[I] 17:15:33.567(0000000000135BDC):[AMQP0]declare queue 'sr.customer.coupon_class.rpc.40032cf0a29b11e7a0a25d33ea4457e7'
[I] 17:15:33.567(0000000000135BDC):[RPCC:sr.customer.coupon_class.rpc]create rpc client 'sr.customer.coupon_class.rpc' in conn AMQP0
[I] 17:15:33.567(0000000000135BDC):[AMQP0]declare queue 'sr.customer.coupon.rpc.40032cf1a29b11e7a0a25d33ea4457e7'
[I] 17:15:33.568(0000000000135BDC):[RPCC:sr.customer.coupon.rpc]create rpc client 'sr.customer.coupon.rpc' in conn AMQP0
[I] 17:15:33.579(0000000000135BDC):PBEncoder success load file 'E:\product\protocol\sr_customer_coupon.proto.js'
[W] 17:15:33.580(0000000000135BDC):[AMQP0]rpc client 'cf.wechat.rpc' declare repeat!
[I] 17:15:33.580(0000000000135BDC):[AMQP0]declare queue 'cf.wxpay.rpc.400528c0a29b11e7a0a25d33ea4457e7'
[I] 17:15:33.580(0000000000135BDC):[RPCC:cf.wxpay.rpc]create rpc client 'cf.wxpay.rpc' in conn AMQP0
[I] 17:15:33.593(0000000000135BDC):PBEncoder success load file 'E:\product\protocol\cf_wxpay.proto.js'
[W] 17:15:33.594(0000000000135BDC):[AMQP0]rpc client 'sr.customer.point.rpc' declare repeat!
[W] 17:15:33.600(0000000000135BDC):[AMQP0]exchange amq.direct already declare!!
[W] 17:15:33.601(0000000000135BDC):[AMQP0]rpc client 'sr.customer.rpc' declare repeat!
[W] 17:15:33.601(0000000000135BDC):[AMQP0]rpc client 'sr.customer.coupon.rpc' declare repeat!
[W] 17:15:33.601(0000000000135BDC):[AMQP0]rpc client 'cf.wechat.rpc' declare repeat!
[W] 17:15:33.603(0000000000135BDC):[AMQP0]exchange amq.direct already declare!!
[I] 17:15:33.604(0000000000135BDC):[AMQP0]declare queue 'cf.baidu.rpc.4008ab30a29b11e7a0a25d33ea4457e7'
[I] 17:15:33.604(0000000000135BDC):[RPCC:cf.baidu.rpc]create rpc client 'cf.baidu.rpc' in conn AMQP0
[I] 17:15:33.607(0000000000135BDC):PBEncoder success load file 'E:\product\protocol\cf_baidu.proto.js'
[I] 17:15:33.612(0000000000135BDC):[AMQP3]created
[I] 17:15:33.620(0000000000135BDC):[AMQP4]created
[I] 17:15:33.620(0000000000135BDC):[AMQP4]declare exchange 'amq.direct'
[I] 17:15:33.620(0000000000135BDC):[AMQP4]declare queue 'cf.app.rpc.400b4340a29b11e7a0a25d33ea4457e7'
[I] 17:15:33.621(0000000000135BDC):[RPCC:cf.app.rpc]create rpc client 'cf.app.rpc' in conn AMQP4
[I] 17:15:33.621(0000000000135BDC):[AMQP4]declare queue 'cf.wechat.rpc.400b6a50a29b11e7a0a25d33ea4457e7'
[I] 17:15:33.621(0000000000135BDC):[RPCC:cf.wechat.rpc]create rpc client 'cf.wechat.rpc' in conn AMQP4
[I] 17:15:33.621(0000000000135BDC):[AMQP4]declare queue 'cf.rpc.400b6a51a29b11e7a0a25d33ea4457e7'
[I] 17:15:33.622(0000000000135BDC):[RPCC:cf.rpc]create rpc client 'cf.rpc' in conn AMQP4
[I] 17:15:33.622(0000000000135BDC):[AMQP4]declare queue 'sc.task.rpc.400b9160a29b11e7a0a25d33ea4457e7'
[I] 17:15:33.622(0000000000135BDC):[RPCC:sc.task.rpc]create rpc client 'sc.task.rpc' in conn AMQP4
[I] 17:15:33.625(0000000000135BDC):[AMQP5]created
[I] 17:15:33.625(0000000000135BDC):[AMQP5]declare exchange 'amq.direct'
[I] 17:15:33.625(0000000000135BDC):[AMQP5]declare queue 'cf.wechat.rpc.400c0690a29b11e7a0a25d33ea4457e7'
[I] 17:15:33.626(0000000000135BDC):[RPCC:cf.wechat.rpc]create rpc client 'cf.wechat.rpc' in conn AMQP5
[W] 17:15:33.628(0000000000135BDC):[AMQP0]rpc client 'sr.customer.point.rpc' declare repeat!
[I] 17:15:33.630(0000000000135BDC):[AMQP6]created
[I] 17:15:33.630(0000000000135BDC):[AMQP6]declare exchange 'amq.direct'
[I] 17:15:33.630(0000000000135BDC):[AMQP6]declare queue 'cf.wechat.rpc.400cc9e0a29b11e7a0a25d33ea4457e7'
[I] 17:15:33.631(0000000000135BDC):[RPCC:cf.wechat.rpc]create rpc client 'cf.wechat.rpc' in conn AMQP6
[I] 17:15:33.635(0000000000135BDC):[AMQP7]created
[I] 17:15:33.635(0000000000135BDC):[AMQP7]declare exchange 'amq.direct'
[I] 17:15:33.636(0000000000135BDC):[AMQP7]declare queue 'sc.task.rpc.400db440a29b11e7a0a25d33ea4457e7'
[I] 17:15:33.636(0000000000135BDC):[RPCC:sc.task.rpc]create rpc client 'sc.task.rpc' in conn AMQP7
[I] 17:15:33.637(0000000000135BDC):[AMQP7]declare queue 'sr.customer.rewardfail.400db441a29b11e7a0a25d33ea4457e7'
[I] 17:15:33.637(0000000000135BDC):[RPCC:sr.customer.rewardfail]create rpc client 'sr.customer.rewardfail' in conn AMQP7
[W] 17:15:33.640(0000000000135BDC):[AMQP0]exchange amq.direct already declare!!
[W] 17:15:33.640(0000000000135BDC):[AMQP0]rpc client 'sr.customer.tag.rpc' declare repeat!
[W] 17:15:33.641(0000000000135BDC):[AMQP0]rpc client 'sc.task.rpc' declare repeat!
[W] 17:15:33.643(0000000000135BDC):[AMQP0]exchange amq.direct already declare!!
[I] 17:15:33.643(0000000000135BDC):[AMQP0]declare queue 'sr.trade.rpc.400ec5b0a29b11e7a0a25d33ea4457e7'
[I] 17:15:33.643(0000000000135BDC):[RPCC:sr.trade.rpc]create rpc client 'sr.trade.rpc' in conn AMQP0
[I] 17:15:33.647(0000000000135BDC):PBEncoder success load file 'E:\product\protocol\sr_trade.proto.js'
[I] 17:15:33.650(0000000000135BDC):[AMQP8]created
[I] 17:15:33.650(0000000000135BDC):[AMQP8]declare exchange 'amq.direct'
[I] 17:15:33.650(0000000000135BDC):[AMQP8]declare queue 'cf.wechat.rpc.400fd720a29b11e7a0a25d33ea4457e7'
[I] 17:15:33.650(0000000000135BDC):[RPCC:cf.wechat.rpc]create rpc client 'cf.wechat.rpc' in conn AMQP8
[T] 17:15:33.671(0000000000135BDC):Http is running,port is 18910
[I] 17:15:33.677(0000000000135BDC):[redis]redis connect
[I] 17:15:33.691(0000000000135BDC):[redis]redis ready
[I] 17:15:33.694(0000000000135BDC):[MP1]create connection #0
[T] 17:15:33.694(0000000000135BDC):[MP1]getConnection success,getIndex=0
[I] 17:15:33.695(0000000000135BDC):[MP1]create connection #1
[T] 17:15:33.695(0000000000135BDC):[MP1]getConnection success,getIndex=1
[T] 17:15:33.704(0000000000135BDC):[MySQL]Query success,used time:7 ms,sql="select * from cf_account where enabled=1 and function_mask like \"1%\""
[T] 17:15:33.713(0000000000135BDC):[MySQL]Query success,used time:14 ms,sql="SELECT * FROM `sc_org`"
[T] 17:15:33.714(0000000000135BDC):getConnection release,getIndex=0
[T] 17:15:33.715(0000000000135BDC):getConnection release,getIndex=1
[I] 17:15:33.715(0000000000135BDC):[AM]get account list success: [{"innerid":"HEDV35FASG-DGW423A-34TGGW53AAD66","name":"乐逛演示","org_id":"1","shop_id":null,"settlement_id":null,"method_code":1,"method_code_key":"wechat_test3_1","function_mask":"10","config":"{\"accountid\":\"gh_92368265694f\",\"fee_type\":\"CNY\",\"appid\":\"wx39bf9ff3da6fc1e7\",\"appsecret\":\"e00fc51118b318fb99cff35d217865fc\",\"mch_id\":\"1287801701\",\"sub_mch_id\":\"\",\"sign_key\":\"smartpaysmartpaysmartpaysmartpay\",\"key_file\":\"apiclient_key.pem\",\"cert_file\":\"apiclient_cert.pem\",\"pay_authorization_dir\":[\"\",\"\",\"\"],\"pay_native_callback\":\"\",\"pay_finish_notify\":\"1\",\"pay_alarm_notify\":\"\"}","enabled":1,"desc":null},{"innerid":"SE43RG3ASG-34GWW55A-34TG43HER452","name":"短信测试一","org_id":"1","shop_id":null,"settlement_id":null,"method_code":2,"method_code_key":"wechat_test1_2","function_mask":"10","config":"{\"url\" : \"http://211.147.239.62:9050/cgi-bin/sendsms\",\"username\" : \"shopperconnect@smartac\",\"password\" : \"shopCNT@smartc2016\"}","enabled":1,"desc":null},{"innerid":"SMFGSW423GWS-G43HTEHE2-HHEDR5462HS","name":"邮件测试一","org_id":"1","shop_id":null,"settlement_id":null,"method_code":3,"method_code_key":"wechat_test1_3","function_mask":"10","config":"{\"smtpserver\" : \"smtp.163.com\",\"port\": 25,\"username\" : \"zyqtest5@163.com\",\"password\" : \"zyqtest5881119\",\"SSL\":false}","enabled":1,"desc":null}]
[I] 17:15:33.743(0000000000135BDC):[AMQP0]AMQP0 connect 'amqp://guest:guest@172.16.0.81:5672' success!
[I] 17:15:33.747(0000000000135BDC):[AMQP1]AMQP1 connect 'amqp://guest:guest@172.16.0.81:5672' success!
[I] 17:15:33.748(0000000000135BDC):[AMQP8]AMQP8 connect 'amqp://guest:guest@172.16.0.81:5672' success!
[I] 17:15:33.748(0000000000135BDC):[AMQP6]AMQP6 connect 'amqp://guest:guest@172.16.0.81:5672' success!
[I] 17:15:33.749(0000000000135BDC):[AMQP5]AMQP5 connect 'amqp://guest:guest@172.16.0.81:5672' success!
[I] 17:15:33.750(0000000000135BDC):[AMQP4]AMQP4 connect 'amqp://guest:guest@172.16.0.81:5672' success!
[I] 17:15:33.751(0000000000135BDC):[AMQP7]AMQP7 connect 'amqp://guest:guest@172.16.0.81:5672' success!
[I] 17:15:33.764(0000000000135BDC):[AMQP0]success declare queue 'cf.rpc.3fae0810a29b11e7a0a25d33ea4457e7'
[I] 17:15:33.766(0000000000135BDC):[AMQP5]success declare exchange 'amq.direct'
[I] 17:15:33.767(0000000000135BDC):[AMQP7]success declare exchange 'amq.direct'
[I] 17:15:33.769(0000000000135BDC):[AMQP6]success declare exchange 'amq.direct'
[I] 17:15:33.770(0000000000135BDC):[AMQP1]success declare exchange 'amq.direct'
[I] 17:15:33.770(0000000000135BDC):[AMQP8]success declare exchange 'amq.direct'
[I] 17:15:33.770(0000000000135BDC):[AMQP4]success declare exchange 'amq.direct'
[I] 17:15:33.771(0000000000135BDC):[AMQP0]success consume 'cf.rpc.3fae0810a29b11e7a0a25d33ea4457e7'
[I] 17:15:33.774(0000000000135BDC):[AMQP5]success declare queue 'cf.wechat.rpc.400c0690a29b11e7a0a25d33ea4457e7'
[I] 17:15:33.775(0000000000135BDC):[AMQP0]success binding 'amq.direct'->'cf.rpc.3fae0810a29b11e7a0a25d33ea4457e7'(cf.rpc.3fae0810a29b11e7a0a25d33ea4457e7)
[I] 17:15:33.775(0000000000135BDC):[AMQP7]success declare queue 'sc.task.rpc.400db440a29b11e7a0a25d33ea4457e7'
[I] 17:15:33.776(0000000000135BDC):[AMQP6]success declare queue 'cf.wechat.rpc.400cc9e0a29b11e7a0a25d33ea4457e7'
[I] 17:15:33.777(0000000000135BDC):[AMQP5]success consume 'cf.wechat.rpc.400c0690a29b11e7a0a25d33ea4457e7'
[I] 17:15:33.778(0000000000135BDC):[AMQP1]success declare queue 'cf.wechat.rpc.3ffa0530a29b11e7a0a25d33ea4457e7'
[I] 17:15:33.779(0000000000135BDC):[AMQP8]success declare queue 'cf.wechat.rpc.400fd720a29b11e7a0a25d33ea4457e7'
[I] 17:15:33.779(0000000000135BDC):[AMQP7]success consume 'sc.task.rpc.400db440a29b11e7a0a25d33ea4457e7'
[I] 17:15:33.780(0000000000135BDC):[AMQP0]success declare queue 'cf.wechat.rpc.3fc20540a29b11e7a0a25d33ea4457e7'
[I] 17:15:33.780(0000000000135BDC):[AMQP6]success consume 'cf.wechat.rpc.400cc9e0a29b11e7a0a25d33ea4457e7'
[I] 17:15:33.781(0000000000135BDC):[AMQP4]success declare queue 'cf.app.rpc.400b4340a29b11e7a0a25d33ea4457e7'
[I] 17:15:33.781(0000000000135BDC):[AMQP8]success consume 'cf.wechat.rpc.400fd720a29b11e7a0a25d33ea4457e7'
[I] 17:15:33.781(0000000000135BDC):[AMQP1]success consume 'cf.wechat.rpc.3ffa0530a29b11e7a0a25d33ea4457e7'
[I] 17:15:33.782(0000000000135BDC):[AMQP5]success binding 'amq.direct'->'cf.wechat.rpc.400c0690a29b11e7a0a25d33ea4457e7'(cf.wechat.rpc.400c0690a29b11e7a0a25d33ea4457e7)
[I] 17:15:33.783(0000000000135BDC):[AMQP0]success consume 'cf.wechat.rpc.3fc20540a29b11e7a0a25d33ea4457e7'
[I] 17:15:33.784(0000000000135BDC):[AMQP7]success binding 'amq.direct'->'sc.task.rpc.400db440a29b11e7a0a25d33ea4457e7'(sc.task.rpc.400db440a29b11e7a0a25d33ea4457e7)
[I] 17:15:33.785(0000000000135BDC):[AMQP4]success consume 'cf.app.rpc.400b4340a29b11e7a0a25d33ea4457e7'
[I] 17:15:33.786(0000000000135BDC):[AMQP6]success binding 'amq.direct'->'cf.wechat.rpc.400cc9e0a29b11e7a0a25d33ea4457e7'(cf.wechat.rpc.400cc9e0a29b11e7a0a25d33ea4457e7)
[I] 17:15:33.786(0000000000135BDC):[AMQP1]success binding 'amq.direct'->'cf.wechat.rpc.3ffa0530a29b11e7a0a25d33ea4457e7'(cf.wechat.rpc.3ffa0530a29b11e7a0a25d33ea4457e7)
[I] 17:15:33.787(0000000000135BDC):[AMQP8]success binding 'amq.direct'->'cf.wechat.rpc.400fd720a29b11e7a0a25d33ea4457e7'(cf.wechat.rpc.400fd720a29b11e7a0a25d33ea4457e7)
[I] 17:15:33.787(0000000000135BDC):[AMQP0]success binding 'amq.direct'->'cf.wechat.rpc.3fc20540a29b11e7a0a25d33ea4457e7'(cf.wechat.rpc.3fc20540a29b11e7a0a25d33ea4457e7)
[I] 17:15:33.788(0000000000135BDC):[AMQP0]success declare exchange 'cf.wechat.notify'
[I] 17:15:33.789(0000000000135BDC):[AMQP4]success binding 'amq.direct'->'cf.app.rpc.400b4340a29b11e7a0a25d33ea4457e7'(cf.app.rpc.400b4340a29b11e7a0a25d33ea4457e7)
[I] 17:15:33.789(0000000000135BDC):[AMQP7]success declare queue 'sr.customer.rewardfail.400db441a29b11e7a0a25d33ea4457e7'
[I] 17:15:33.790(0000000000135BDC):[AMQP7]success consume 'sr.customer.rewardfail.400db441a29b11e7a0a25d33ea4457e7'
[I] 17:15:33.791(0000000000135BDC):[AMQP0]success declare queue 'jiaxingwang.sc_admin.wechat.3fcd01c0a29b11e7a0a25d33ea4457e7'
[I] 17:15:33.792(0000000000135BDC):[AMQP4]success declare queue 'cf.wechat.rpc.400b6a50a29b11e7a0a25d33ea4457e7'
[I] 17:15:33.792(0000000000135BDC):[AMQP7]success binding 'amq.direct'->'sr.customer.rewardfail.400db441a29b11e7a0a25d33ea4457e7'(sr.customer.rewardfail.400db441a29b11e7a0a25d33ea4457e7)
[I] 17:15:33.793(0000000000135BDC):[AMQP0]success consume 'jiaxingwang.sc_admin.wechat.3fcd01c0a29b11e7a0a25d33ea4457e7'
[I] 17:15:33.793(0000000000135BDC):[AMQP4]success consume 'cf.wechat.rpc.400b6a50a29b11e7a0a25d33ea4457e7'
[I] 17:15:33.797(0000000000135BDC):[AMQP4]success binding 'amq.direct'->'cf.wechat.rpc.400b6a50a29b11e7a0a25d33ea4457e7'(cf.wechat.rpc.400b6a50a29b11e7a0a25d33ea4457e7)
[I] 17:15:33.797(0000000000135BDC):[AMQP0]success binding 'cf.wechat.notify'->'jiaxingwang.sc_admin.wechat.3fcd01c0a29b11e7a0a25d33ea4457e7'(#)
[I] 17:15:33.799(0000000000135BDC):[AMQP4]success declare queue 'cf.rpc.400b6a51a29b11e7a0a25d33ea4457e7'
[I] 17:15:33.801(0000000000135BDC):[AMQP0]success declare queue 'cf.app.rpc.3fcd28d0a29b11e7a0a25d33ea4457e7'
[I] 17:15:33.801(0000000000135BDC):[AMQP4]success consume 'cf.rpc.400b6a51a29b11e7a0a25d33ea4457e7'
[I] 17:15:33.802(0000000000135BDC):[AMQP0]success consume 'cf.app.rpc.3fcd28d0a29b11e7a0a25d33ea4457e7'
[I] 17:15:33.803(0000000000135BDC):[AMQP4]success binding 'amq.direct'->'cf.rpc.400b6a51a29b11e7a0a25d33ea4457e7'(cf.rpc.400b6a51a29b11e7a0a25d33ea4457e7)
[I] 17:15:33.805(0000000000135BDC):[AMQP0]success binding 'amq.direct'->'cf.app.rpc.3fcd28d0a29b11e7a0a25d33ea4457e7'(cf.app.rpc.3fcd28d0a29b11e7a0a25d33ea4457e7)
[I] 17:15:33.808(0000000000135BDC):[AMQP4]success declare queue 'sc.task.rpc.400b9160a29b11e7a0a25d33ea4457e7'
[I] 17:15:33.809(0000000000135BDC):[AMQP0]success declare queue 'cf.alipay.rpc.3fce8860a29b11e7a0a25d33ea4457e7'
[I] 17:15:33.810(0000000000135BDC):[AMQP4]success consume 'sc.task.rpc.400b9160a29b11e7a0a25d33ea4457e7'
[I] 17:15:33.811(0000000000135BDC):[AMQP0]success consume 'cf.alipay.rpc.3fce8860a29b11e7a0a25d33ea4457e7'
[I] 17:15:33.812(0000000000135BDC):[AMQP4]success binding 'amq.direct'->'sc.task.rpc.400b9160a29b11e7a0a25d33ea4457e7'(sc.task.rpc.400b9160a29b11e7a0a25d33ea4457e7)
[I] 17:15:33.813(0000000000135BDC):[AMQP0]success binding 'amq.direct'->'cf.alipay.rpc.3fce8860a29b11e7a0a25d33ea4457e7'(cf.alipay.rpc.3fce8860a29b11e7a0a25d33ea4457e7)
[I] 17:15:33.817(0000000000135BDC):[AMQP0]success declare queue 'cf.ding.rpc.3fd03610a29b11e7a0a25d33ea4457e7'
[I] 17:15:33.818(0000000000135BDC):[AMQP0]success consume 'cf.ding.rpc.3fd03610a29b11e7a0a25d33ea4457e7'
[I] 17:15:33.820(0000000000135BDC):[AMQP0]success binding 'amq.direct'->'cf.ding.rpc.3fd03610a29b11e7a0a25d33ea4457e7'(cf.ding.rpc.3fd03610a29b11e7a0a25d33ea4457e7)
[I] 17:15:33.822(0000000000135BDC):[AMQP0]success declare exchange 'cf.ding.notify'
[I] 17:15:33.825(0000000000135BDC):[AMQP0]success declare queue 'jiaxingwang.sc_admin.ding.3fd2a710a29b11e7a0a25d33ea4457e7'
[I] 17:15:33.826(0000000000135BDC):[AMQP0]success consume 'jiaxingwang.sc_admin.ding.3fd2a710a29b11e7a0a25d33ea4457e7'
[I] 17:15:33.828(0000000000135BDC):[AMQP0]success binding 'cf.ding.notify'->'jiaxingwang.sc_admin.ding.3fd2a710a29b11e7a0a25d33ea4457e7'(#)
[I] 17:15:33.832(0000000000135BDC):[AMQP0]success declare queue 'sr.customer.rpc.3fd47bd0a29b11e7a0a25d33ea4457e7'
[I] 17:15:33.834(0000000000135BDC):[AMQP0]success consume 'sr.customer.rpc.3fd47bd0a29b11e7a0a25d33ea4457e7'
[I] 17:15:33.837(0000000000135BDC):[AMQP0]success binding 'amq.direct'->'sr.customer.rpc.3fd47bd0a29b11e7a0a25d33ea4457e7'(sr.customer.rpc.3fd47bd0a29b11e7a0a25d33ea4457e7)
[I] 17:15:33.838(0000000000135BDC):[AMQP0]success declare exchange 'amq.direct'
[I] 17:15:33.841(0000000000135BDC):[AMQP0]success declare queue 'sc.task.rpc.3ffaef90a29b11e7a0a25d33ea4457e7'
[I] 17:15:33.842(0000000000135BDC):[AMQP0]success consume 'sc.task.rpc.3ffaef90a29b11e7a0a25d33ea4457e7'
[I] 17:15:33.845(0000000000135BDC):[AMQP0]success binding 'amq.direct'->'sc.task.rpc.3ffaef90a29b11e7a0a25d33ea4457e7'(sc.task.rpc.3ffaef90a29b11e7a0a25d33ea4457e7)
[I] 17:15:33.848(0000000000135BDC):[AMQP0]success declare queue 'sr.customer.tag.rpc.3fff5c60a29b11e7a0a25d33ea4457e7'
[I] 17:15:33.849(0000000000135BDC):[AMQP0]success consume 'sr.customer.tag.rpc.3fff5c60a29b11e7a0a25d33ea4457e7'
[I] 17:15:33.851(0000000000135BDC):[AMQP0]success binding 'amq.direct'->'sr.customer.tag.rpc.3fff5c60a29b11e7a0a25d33ea4457e7'(sr.customer.tag.rpc.3fff5c60a29b11e7a0a25d33ea4457e7)
[I] 17:15:33.855(0000000000135BDC):[AMQP0]success declare queue 'sr.customer.point.rpc.3fff8370a29b11e7a0a25d33ea4457e7'
[I] 17:15:33.857(0000000000135BDC):[AMQP0]success consume 'sr.customer.point.rpc.3fff8370a29b11e7a0a25d33ea4457e7'
[I] 17:15:33.859(0000000000135BDC):[AMQP0]success binding 'amq.direct'->'sr.customer.point.rpc.3fff8370a29b11e7a0a25d33ea4457e7'(sr.customer.point.rpc.3fff8370a29b11e7a0a25d33ea4457e7)
[I] 17:15:33.862(0000000000135BDC):[AMQP0]success declare queue 'sr.customer.coupon_class.rpc.40032cf0a29b11e7a0a25d33ea4457e7'
[I] 17:15:33.863(0000000000135BDC):[AMQP0]success consume 'sr.customer.coupon_class.rpc.40032cf0a29b11e7a0a25d33ea4457e7'
[I] 17:15:33.865(0000000000135BDC):[AMQP0]success binding 'amq.direct'->'sr.customer.coupon_class.rpc.40032cf0a29b11e7a0a25d33ea4457e7'(sr.customer.coupon_class.rpc.40032cf0a29b11e7a0a25d33ea4457e7)
[I] 17:15:33.868(0000000000135BDC):[AMQP0]success declare queue 'sr.customer.coupon.rpc.40032cf1a29b11e7a0a25d33ea4457e7'
[I] 17:15:33.870(0000000000135BDC):[AMQP0]success consume 'sr.customer.coupon.rpc.40032cf1a29b11e7a0a25d33ea4457e7'
[I] 17:15:33.871(0000000000135BDC):[AMQP0]success binding 'amq.direct'->'sr.customer.coupon.rpc.40032cf1a29b11e7a0a25d33ea4457e7'(sr.customer.coupon.rpc.40032cf1a29b11e7a0a25d33ea4457e7)
[I] 17:15:33.874(0000000000135BDC):[AMQP0]success declare queue 'cf.wxpay.rpc.400528c0a29b11e7a0a25d33ea4457e7'
[I] 17:15:33.876(0000000000135BDC):[AMQP0]success consume 'cf.wxpay.rpc.400528c0a29b11e7a0a25d33ea4457e7'
[I] 17:15:33.879(0000000000135BDC):[AMQP0]success binding 'amq.direct'->'cf.wxpay.rpc.400528c0a29b11e7a0a25d33ea4457e7'(cf.wxpay.rpc.400528c0a29b11e7a0a25d33ea4457e7)
[I] 17:15:33.882(0000000000135BDC):[AMQP0]success declare queue 'cf.baidu.rpc.4008ab30a29b11e7a0a25d33ea4457e7'
[I] 17:15:33.884(0000000000135BDC):[AMQP0]success consume 'cf.baidu.rpc.4008ab30a29b11e7a0a25d33ea4457e7'
[I] 17:15:33.886(0000000000135BDC):[AMQP0]success binding 'amq.direct'->'cf.baidu.rpc.4008ab30a29b11e7a0a25d33ea4457e7'(cf.baidu.rpc.4008ab30a29b11e7a0a25d33ea4457e7)
[I] 17:15:33.889(0000000000135BDC):[AMQP0]success declare queue 'sr.trade.rpc.400ec5b0a29b11e7a0a25d33ea4457e7'
[I] 17:15:33.891(0000000000135BDC):[AMQP0]success consume 'sr.trade.rpc.400ec5b0a29b11e7a0a25d33ea4457e7'
[I] 17:15:33.893(0000000000135BDC):[AMQP0]success binding 'amq.direct'->'sr.trade.rpc.400ec5b0a29b11e7a0a25d33ea4457e7'(sr.trade.rpc.400ec5b0a29b11e7a0a25d33ea4457e7)
[I] 17:15:33.933(0000000000135914):[AMQP0]created
[I] 17:15:33.943(0000000000135914):[AMQP0]declare queue 'cf.rpc.403c6560a29b11e7a1e3432bd31bd74f'
[I] 17:15:33.944(0000000000135914):[RPCC:cf.rpc]create rpc client 'cf.rpc' in conn AMQP0
[I] 17:15:34.050(0000000000135914):PBEncoder success load file 'E:\product\protocol\cf.proto.js'
[I] 17:15:34.051(0000000000135914):[AMQP0]declare queue 'cf.wechat.rpc.404d0730a29b11e7a1e3432bd31bd74f'
[I] 17:15:34.051(0000000000135914):[RPCC:cf.wechat.rpc]create rpc client 'cf.wechat.rpc' in conn AMQP0
[I] 17:15:34.106(0000000000135914):PBEncoder success load file 'E:\product\protocol\cf_wechat.proto.js'
[I] 17:15:34.106(0000000000135914):[AMQP0]declare exchange 'cf.wechat.notify'
[I] 17:15:34.106(0000000000135914):[AMQP0]declare queue 'jiaxingwang.sc_admin.wechat.40556ba0a29b11e7a1e3432bd31bd74f'
[I] 17:15:34.107(0000000000135914):[AMQP0]declare queue 'cf.app.rpc.405592b0a29b11e7a1e3432bd31bd74f'
[I] 17:15:34.107(0000000000135914):[RPCC:cf.app.rpc]create rpc client 'cf.app.rpc' in conn AMQP0
[I] 17:15:34.111(0000000000135914):PBEncoder success load file 'E:\product\protocol\cf_app.proto.js'
[I] 17:15:34.112(0000000000135914):[AMQP0]declare queue 'cf.alipay.rpc.40565600a29b11e7a1e3432bd31bd74f'
[I] 17:15:34.112(0000000000135914):[RPCC:cf.alipay.rpc]create rpc client 'cf.alipay.rpc' in conn AMQP0
[I] 17:15:34.119(0000000000135914):PBEncoder success load file 'E:\product\protocol\cf_alipay.proto.js'
[I] 17:15:34.119(0000000000135914):[AMQP0]declare queue 'cf.ding.rpc.40576770a29b11e7a1e3432bd31bd74f'
[I] 17:15:34.120(0000000000135914):[RPCC:cf.ding.rpc]create rpc client 'cf.ding.rpc' in conn AMQP0
[I] 17:15:34.133(0000000000135914):PBEncoder success load file 'E:\product\protocol\cf_ding.proto.js'
[I] 17:15:34.133(0000000000135914):[AMQP0]declare exchange 'cf.ding.notify'
[I] 17:15:34.133(0000000000135914):[AMQP0]declare queue 'jiaxingwang.sc_admin.ding.40598a50a29b11e7a1e3432bd31bd74f'
[I] 17:15:34.133(0000000000135914):[AM]init and reload account!
[I] 17:15:34.137(0000000000135914):[AM]reload account success, account number is: 0
[I] 17:15:34.141(0000000000135914):[AMQP0]declare queue 'sr.customer.rpc.405a9bc0a29b11e7a1e3432bd31bd74f'
[I] 17:15:34.141(0000000000135914):[RPCC:sr.customer.rpc]create rpc client 'sr.customer.rpc' in conn AMQP0
[I] 17:15:34.149(0000000000135914):PBEncoder success load file 'E:\product\protocol\sr_customer.proto.js'
[W] 17:15:34.149(0000000000135914):[AMQP0]rpc client 'cf.rpc' declare repeat!
[W] 17:15:34.150(0000000000135914):[AMQP0]rpc client 'cf.wechat.rpc' declare repeat!
[W] 17:15:34.150(0000000000135914):[AMQP0]rpc client 'cf.app.rpc' declare repeat!
[I] 17:15:34.316(0000000000135914):PBEncoder success load file 'E:\product\protocol\sc_system.proto.js'
[I] 17:15:34.366(0000000000135914):[AMQP1]created
[I] 17:15:34.367(0000000000135914):[AMQP1]declare exchange 'amq.direct'
[I] 17:15:34.368(0000000000135914):[AMQP1]declare queue 'cf.wechat.rpc.407d6600a29b11e7a1e3432bd31bd74f'
[I] 17:15:34.368(0000000000135914):[RPCC:cf.wechat.rpc]create rpc client 'cf.wechat.rpc' in conn AMQP1
[I] 17:15:34.369(0000000000135914):[AMQP2]created
[I] 17:15:34.373(0000000000135914):[AMQP0]declare exchange 'amq.direct'
[I] 17:15:34.373(0000000000135914):[AMQP0]declare queue 'sc.task.rpc.407e2950a29b11e7a1e3432bd31bd74f'
[I] 17:15:34.373(0000000000135914):[RPCC:sc.task.rpc]create rpc client 'sc.task.rpc' in conn AMQP0
[I] 17:15:34.378(0000000000135914):PBEncoder success load file 'E:\product\protocol\sc_task.proto.js'
[I] 17:15:34.400(0000000000135914):[AMQP0]declare queue 'sr.customer.tag.rpc.408220f0a29b11e7a1e3432bd31bd74f'
[I] 17:15:34.400(0000000000135914):[RPCC:sr.customer.tag.rpc]create rpc client 'sr.customer.tag.rpc' in conn AMQP0
[I] 17:15:34.400(0000000000135914):[AMQP0]declare queue 'sr.customer.point.rpc.40824800a29b11e7a1e3432bd31bd74f'
[I] 17:15:34.401(0000000000135914):[RPCC:sr.customer.point.rpc]create rpc client 'sr.customer.point.rpc' in conn AMQP0
[I] 17:15:34.407(0000000000135914):PBEncoder success load file 'E:\product\protocol\sr_customer_point.proto.js'
[I] 17:15:34.414(0000000000135914):PBEncoder success load file 'E:\product\protocol\sr_customer_tag.proto.js'
[W] 17:15:34.422(0000000000135914):[AMQP0]rpc client 'cf.wechat.rpc' declare repeat!
[I] 17:15:34.423(0000000000135914):[AMQP0]declare queue 'sr.customer.coupon_class.rpc.4085ca70a29b11e7a1e3432bd31bd74f'
[I] 17:15:34.423(0000000000135914):[RPCC:sr.customer.coupon_class.rpc]create rpc client 'sr.customer.coupon_class.rpc' in conn AMQP0
[I] 17:15:34.424(0000000000135914):[AMQP0]declare queue 'sr.customer.coupon.rpc.4085ca71a29b11e7a1e3432bd31bd74f'
[I] 17:15:34.424(0000000000135914):[RPCC:sr.customer.coupon.rpc]create rpc client 'sr.customer.coupon.rpc' in conn AMQP0
[I] 17:15:34.436(0000000000135914):PBEncoder success load file 'E:\product\protocol\sr_customer_coupon.proto.js'
[W] 17:15:34.436(0000000000135914):[AMQP0]rpc client 'cf.wechat.rpc' declare repeat!
[I] 17:15:34.436(0000000000135914):[AMQP0]declare queue 'cf.wxpay.rpc.4087c640a29b11e7a1e3432bd31bd74f'
[I] 17:15:34.436(0000000000135914):[RPCC:cf.wxpay.rpc]create rpc client 'cf.wxpay.rpc' in conn AMQP0
[I] 17:15:34.449(0000000000135914):PBEncoder success load file 'E:\product\protocol\cf_wxpay.proto.js'
[W] 17:15:34.450(0000000000135914):[AMQP0]rpc client 'sr.customer.point.rpc' declare repeat!
[W] 17:15:34.457(0000000000135914):[AMQP0]exchange amq.direct already declare!!
[W] 17:15:34.457(0000000000135914):[AMQP0]rpc client 'sr.customer.rpc' declare repeat!
[W] 17:15:34.457(0000000000135914):[AMQP0]rpc client 'sr.customer.coupon.rpc' declare repeat!
[W] 17:15:34.458(0000000000135914):[AMQP0]rpc client 'cf.wechat.rpc' declare repeat!
[W] 17:15:34.460(0000000000135914):[AMQP0]exchange amq.direct already declare!!
[I] 17:15:34.460(0000000000135914):[AMQP0]declare queue 'cf.baidu.rpc.408b6fc0a29b11e7a1e3432bd31bd74f'
[I] 17:15:34.460(0000000000135914):[RPCC:cf.baidu.rpc]create rpc client 'cf.baidu.rpc' in conn AMQP0
[I] 17:15:34.464(0000000000135914):PBEncoder success load file 'E:\product\protocol\cf_baidu.proto.js'
[I] 17:15:34.469(0000000000135914):[AMQP3]created
[I] 17:15:34.477(0000000000135914):[AMQP4]created
[I] 17:15:34.478(0000000000135914):[AMQP4]declare exchange 'amq.direct'
[I] 17:15:34.478(0000000000135914):[AMQP4]declare queue 'cf.app.rpc.408e2ee0a29b11e7a1e3432bd31bd74f'
[I] 17:15:34.479(0000000000135914):[RPCC:cf.app.rpc]create rpc client 'cf.app.rpc' in conn AMQP4
[I] 17:15:34.479(0000000000135914):[AMQP4]declare queue 'cf.wechat.rpc.408e55f0a29b11e7a1e3432bd31bd74f'
[I] 17:15:34.479(0000000000135914):[RPCC:cf.wechat.rpc]create rpc client 'cf.wechat.rpc' in conn AMQP4
[I] 17:15:34.479(0000000000135914):[AMQP4]declare queue 'cf.rpc.408e55f1a29b11e7a1e3432bd31bd74f'
[I] 17:15:34.480(0000000000135914):[RPCC:cf.rpc]create rpc client 'cf.rpc' in conn AMQP4
[I] 17:15:34.480(0000000000135914):[AMQP4]declare queue 'sc.task.rpc.408e7d00a29b11e7a1e3432bd31bd74f'
[I] 17:15:34.480(0000000000135914):[RPCC:sc.task.rpc]create rpc client 'sc.task.rpc' in conn AMQP4
[I] 17:15:34.483(0000000000135914):[AMQP5]created
[I] 17:15:34.483(0000000000135914):[AMQP5]declare exchange 'amq.direct'
[I] 17:15:34.484(0000000000135914):[AMQP5]declare queue 'cf.wechat.rpc.408f1940a29b11e7a1e3432bd31bd74f'
[I] 17:15:34.484(0000000000135914):[RPCC:cf.wechat.rpc]create rpc client 'cf.wechat.rpc' in conn AMQP5
[W] 17:15:34.486(0000000000135914):[AMQP0]rpc client 'sr.customer.point.rpc' declare repeat!
[I] 17:15:34.488(0000000000135914):[AMQP6]created
[I] 17:15:34.488(0000000000135914):[AMQP6]declare exchange 'amq.direct'
[I] 17:15:34.489(0000000000135914):[AMQP6]declare queue 'cf.wechat.rpc.408fdc90a29b11e7a1e3432bd31bd74f'
[I] 17:15:34.489(0000000000135914):[RPCC:cf.wechat.rpc]create rpc client 'cf.wechat.rpc' in conn AMQP6
[I] 17:15:34.494(0000000000135914):[AMQP7]created
[I] 17:15:34.494(0000000000135914):[AMQP7]declare exchange 'amq.direct'
[I] 17:15:34.494(0000000000135914):[AMQP7]declare queue 'sc.task.rpc.40909fe0a29b11e7a1e3432bd31bd74f'
[I] 17:15:34.494(0000000000135914):[RPCC:sc.task.rpc]create rpc client 'sc.task.rpc' in conn AMQP7
[I] 17:15:34.495(0000000000135914):[AMQP7]declare queue 'sr.customer.rewardfail.4090c6f0a29b11e7a1e3432bd31bd74f'
[I] 17:15:34.495(0000000000135914):[RPCC:sr.customer.rewardfail]create rpc client 'sr.customer.rewardfail' in conn AMQP7
[W] 17:15:34.499(0000000000135914):[AMQP0]exchange amq.direct already declare!!
[W] 17:15:34.499(0000000000135914):[AMQP0]rpc client 'sr.customer.tag.rpc' declare repeat!
[W] 17:15:34.499(0000000000135914):[AMQP0]rpc client 'sc.task.rpc' declare repeat!
[W] 17:15:34.502(0000000000135914):[AMQP0]exchange amq.direct already declare!!
[I] 17:15:34.502(0000000000135914):[AMQP0]declare queue 'sr.trade.rpc.4091d860a29b11e7a1e3432bd31bd74f'
[I] 17:15:34.503(0000000000135914):[RPCC:sr.trade.rpc]create rpc client 'sr.trade.rpc' in conn AMQP0
[I] 17:15:34.506(0000000000135914):PBEncoder success load file 'E:\product\protocol\sr_trade.proto.js'
[I] 17:15:34.509(0000000000135914):[AMQP8]created
[I] 17:15:34.510(0000000000135914):[AMQP8]declare exchange 'amq.direct'
[I] 17:15:34.510(0000000000135914):[AMQP8]declare queue 'cf.wechat.rpc.409310e0a29b11e7a1e3432bd31bd74f'
[I] 17:15:34.510(0000000000135914):[RPCC:cf.wechat.rpc]create rpc client 'cf.wechat.rpc' in conn AMQP8
[T] 17:15:34.531(0000000000135914):Http is running,port is 18910
[I] 17:15:34.536(0000000000135914):[redis]redis connect
[I] 17:15:34.549(0000000000135914):[redis]redis ready
[I] 17:15:34.551(0000000000135914):[MP1]create connection #0
[T] 17:15:34.552(0000000000135914):[MP1]getConnection success,getIndex=0
[I] 17:15:34.553(0000000000135914):[MP1]create connection #1
[T] 17:15:34.553(0000000000135914):[MP1]getConnection success,getIndex=1
[T] 17:15:34.560(0000000000135914):[MySQL]Query success,used time:6 ms,sql="select * from cf_account where enabled=1 and function_mask like \"1%\""
[T] 17:15:34.567(0000000000135914):[MySQL]Query success,used time:11 ms,sql="SELECT * FROM `sc_org`"
[T] 17:15:34.568(0000000000135914):getConnection release,getIndex=0
[T] 17:15:34.568(0000000000135914):getConnection release,getIndex=1
[I] 17:15:34.569(0000000000135914):[AM]get account list success: [{"innerid":"HEDV35FASG-DGW423A-34TGGW53AAD66","name":"乐逛演示","org_id":"1","shop_id":null,"settlement_id":null,"method_code":1,"method_code_key":"wechat_test3_1","function_mask":"10","config":"{\"accountid\":\"gh_92368265694f\",\"fee_type\":\"CNY\",\"appid\":\"wx39bf9ff3da6fc1e7\",\"appsecret\":\"e00fc51118b318fb99cff35d217865fc\",\"mch_id\":\"1287801701\",\"sub_mch_id\":\"\",\"sign_key\":\"smartpaysmartpaysmartpaysmartpay\",\"key_file\":\"apiclient_key.pem\",\"cert_file\":\"apiclient_cert.pem\",\"pay_authorization_dir\":[\"\",\"\",\"\"],\"pay_native_callback\":\"\",\"pay_finish_notify\":\"1\",\"pay_alarm_notify\":\"\"}","enabled":1,"desc":null},{"innerid":"SE43RG3ASG-34GWW55A-34TG43HER452","name":"短信测试一","org_id":"1","shop_id":null,"settlement_id":null,"method_code":2,"method_code_key":"wechat_test1_2","function_mask":"10","config":"{\"url\" : \"http://211.147.239.62:9050/cgi-bin/sendsms\",\"username\" : \"shopperconnect@smartac\",\"password\" : \"shopCNT@smartc2016\"}","enabled":1,"desc":null},{"innerid":"SMFGSW423GWS-G43HTEHE2-HHEDR5462HS","name":"邮件测试一","org_id":"1","shop_id":null,"settlement_id":null,"method_code":3,"method_code_key":"wechat_test1_3","function_mask":"10","config":"{\"smtpserver\" : \"smtp.163.com\",\"port\": 25,\"username\" : \"zyqtest5@163.com\",\"password\" : \"zyqtest5881119\",\"SSL\":false}","enabled":1,"desc":null}]
[I] 17:15:34.600(0000000000135914):[AMQP4]AMQP4 connect 'amqp://guest:guest@172.16.0.81:5672' success!
[I] 17:15:34.603(0000000000135914):[AMQP0]AMQP0 connect 'amqp://guest:guest@172.16.0.81:5672' success!
[I] 17:15:34.604(0000000000135914):[AMQP5]AMQP5 connect 'amqp://guest:guest@172.16.0.81:5672' success!
[I] 17:15:34.605(0000000000135914):[AMQP1]AMQP1 connect 'amqp://guest:guest@172.16.0.81:5672' success!
[I] 17:15:34.606(0000000000135914):[AMQP8]AMQP8 connect 'amqp://guest:guest@172.16.0.81:5672' success!
[I] 17:15:34.607(0000000000135914):[AMQP6]AMQP6 connect 'amqp://guest:guest@172.16.0.81:5672' success!
[I] 17:15:34.609(0000000000135914):[AMQP7]AMQP7 connect 'amqp://guest:guest@172.16.0.81:5672' success!
[I] 17:15:34.621(0000000000135914):[AMQP4]success declare exchange 'amq.direct'
[I] 17:15:34.622(0000000000135914):[AMQP6]success declare exchange 'amq.direct'
[I] 17:15:34.623(0000000000135914):[AMQP5]success declare exchange 'amq.direct'
[I] 17:15:34.625(0000000000135914):[AMQP7]success declare exchange 'amq.direct'
[I] 17:15:34.626(0000000000135914):[AMQP8]success declare exchange 'amq.direct'
[I] 17:15:34.626(0000000000135914):[AMQP1]success declare exchange 'amq.direct'
[I] 17:15:34.627(0000000000135914):[AMQP0]success declare queue 'cf.rpc.403c6560a29b11e7a1e3432bd31bd74f'
[I] 17:15:34.627(0000000000135914):[AMQP4]success declare queue 'cf.app.rpc.408e2ee0a29b11e7a1e3432bd31bd74f'
[I] 17:15:34.628(0000000000135914):[AMQP6]success declare queue 'cf.wechat.rpc.408fdc90a29b11e7a1e3432bd31bd74f'
[I] 17:15:34.630(0000000000135914):[AMQP0]success consume 'cf.rpc.403c6560a29b11e7a1e3432bd31bd74f'
[I] 17:15:34.631(0000000000135914):[AMQP4]success consume 'cf.app.rpc.408e2ee0a29b11e7a1e3432bd31bd74f'
[I] 17:15:34.632(0000000000135914):[AMQP7]success declare queue 'sc.task.rpc.40909fe0a29b11e7a1e3432bd31bd74f'
[I] 17:15:34.632(0000000000135914):[AMQP5]success declare queue 'cf.wechat.rpc.408f1940a29b11e7a1e3432bd31bd74f'
[I] 17:15:34.633(0000000000135914):[AMQP6]success consume 'cf.wechat.rpc.408fdc90a29b11e7a1e3432bd31bd74f'
[I] 17:15:34.634(0000000000135914):[AMQP1]success declare queue 'cf.wechat.rpc.407d6600a29b11e7a1e3432bd31bd74f'
[I] 17:15:34.634(0000000000135914):[AMQP8]success declare queue 'cf.wechat.rpc.409310e0a29b11e7a1e3432bd31bd74f'
[I] 17:15:34.635(0000000000135914):[AMQP0]success binding 'amq.direct'->'cf.rpc.403c6560a29b11e7a1e3432bd31bd74f'(cf.rpc.403c6560a29b11e7a1e3432bd31bd74f)
[I] 17:15:34.635(0000000000135914):[AMQP7]success consume 'sc.task.rpc.40909fe0a29b11e7a1e3432bd31bd74f'
[I] 17:15:34.636(0000000000135914):[AMQP5]success consume 'cf.wechat.rpc.408f1940a29b11e7a1e3432bd31bd74f'
[I] 17:15:34.636(0000000000135914):[AMQP4]success binding 'amq.direct'->'cf.app.rpc.408e2ee0a29b11e7a1e3432bd31bd74f'(cf.app.rpc.408e2ee0a29b11e7a1e3432bd31bd74f)
[I] 17:15:34.637(0000000000135914):[AMQP6]success binding 'amq.direct'->'cf.wechat.rpc.408fdc90a29b11e7a1e3432bd31bd74f'(cf.wechat.rpc.408fdc90a29b11e7a1e3432bd31bd74f)
[I] 17:15:34.637(0000000000135914):[AMQP8]success consume 'cf.wechat.rpc.409310e0a29b11e7a1e3432bd31bd74f'
[I] 17:15:34.638(0000000000135914):[AMQP1]success consume 'cf.wechat.rpc.407d6600a29b11e7a1e3432bd31bd74f'
[I] 17:15:34.639(0000000000135914):[AMQP0]success declare queue 'cf.wechat.rpc.404d0730a29b11e7a1e3432bd31bd74f'
[I] 17:15:34.639(0000000000135914):[AMQP5]success binding 'amq.direct'->'cf.wechat.rpc.408f1940a29b11e7a1e3432bd31bd74f'(cf.wechat.rpc.408f1940a29b11e7a1e3432bd31bd74f)
[I] 17:15:34.641(0000000000135914):[AMQP7]success binding 'amq.direct'->'sc.task.rpc.40909fe0a29b11e7a1e3432bd31bd74f'(sc.task.rpc.40909fe0a29b11e7a1e3432bd31bd74f)
[I] 17:15:34.641(0000000000135914):[AMQP4]success declare queue 'cf.wechat.rpc.408e55f0a29b11e7a1e3432bd31bd74f'
[I] 17:15:34.641(0000000000135914):[AMQP8]success binding 'amq.direct'->'cf.wechat.rpc.409310e0a29b11e7a1e3432bd31bd74f'(cf.wechat.rpc.409310e0a29b11e7a1e3432bd31bd74f)
[I] 17:15:34.642(0000000000135914):[AMQP0]success consume 'cf.wechat.rpc.404d0730a29b11e7a1e3432bd31bd74f'
[I] 17:15:34.642(0000000000135914):[AMQP1]success binding 'amq.direct'->'cf.wechat.rpc.407d6600a29b11e7a1e3432bd31bd74f'(cf.wechat.rpc.407d6600a29b11e7a1e3432bd31bd74f)
[I] 17:15:34.644(0000000000135914):[AMQP4]success consume 'cf.wechat.rpc.408e55f0a29b11e7a1e3432bd31bd74f'
[I] 17:15:34.645(0000000000135914):[AMQP7]success declare queue 'sr.customer.rewardfail.4090c6f0a29b11e7a1e3432bd31bd74f'
[I] 17:15:34.645(0000000000135914):[AMQP0]success binding 'amq.direct'->'cf.wechat.rpc.404d0730a29b11e7a1e3432bd31bd74f'(cf.wechat.rpc.404d0730a29b11e7a1e3432bd31bd74f)
[I] 17:15:34.646(0000000000135914):[AMQP7]success consume 'sr.customer.rewardfail.4090c6f0a29b11e7a1e3432bd31bd74f'
[I] 17:15:34.647(0000000000135914):[AMQP0]success declare exchange 'cf.wechat.notify'
[I] 17:15:34.647(0000000000135914):[AMQP4]success binding 'amq.direct'->'cf.wechat.rpc.408e55f0a29b11e7a1e3432bd31bd74f'(cf.wechat.rpc.408e55f0a29b11e7a1e3432bd31bd74f)
[I] 17:15:34.648(0000000000135914):[AMQP7]success binding 'amq.direct'->'sr.customer.rewardfail.4090c6f0a29b11e7a1e3432bd31bd74f'(sr.customer.rewardfail.4090c6f0a29b11e7a1e3432bd31bd74f)
[I] 17:15:34.650(0000000000135914):[AMQP0]success declare queue 'jiaxingwang.sc_admin.wechat.40556ba0a29b11e7a1e3432bd31bd74f'
[I] 17:15:34.651(0000000000135914):[AMQP4]success declare queue 'cf.rpc.408e55f1a29b11e7a1e3432bd31bd74f'
[I] 17:15:34.652(0000000000135914):[AMQP0]success consume 'jiaxingwang.sc_admin.wechat.40556ba0a29b11e7a1e3432bd31bd74f'
[I] 17:15:34.652(0000000000135914):[AMQP4]success consume 'cf.rpc.408e55f1a29b11e7a1e3432bd31bd74f'
[I] 17:15:34.654(0000000000135914):[AMQP0]success binding 'cf.wechat.notify'->'jiaxingwang.sc_admin.wechat.40556ba0a29b11e7a1e3432bd31bd74f'(#)
[I] 17:15:34.656(0000000000135914):[AMQP4]success binding 'amq.direct'->'cf.rpc.408e55f1a29b11e7a1e3432bd31bd74f'(cf.rpc.408e55f1a29b11e7a1e3432bd31bd74f)
[I] 17:15:34.657(0000000000135914):[AMQP0]success declare queue 'cf.app.rpc.405592b0a29b11e7a1e3432bd31bd74f'
[I] 17:15:34.658(0000000000135914):[AMQP0]success consume 'cf.app.rpc.405592b0a29b11e7a1e3432bd31bd74f'
[I] 17:15:34.659(0000000000135914):[AMQP4]success declare queue 'sc.task.rpc.408e7d00a29b11e7a1e3432bd31bd74f'
[I] 17:15:34.661(0000000000135914):[AMQP4]success consume 'sc.task.rpc.408e7d00a29b11e7a1e3432bd31bd74f'
[I] 17:15:34.662(0000000000135914):[AMQP0]success binding 'amq.direct'->'cf.app.rpc.405592b0a29b11e7a1e3432bd31bd74f'(cf.app.rpc.405592b0a29b11e7a1e3432bd31bd74f)
[I] 17:15:34.664(0000000000135914):[AMQP4]success binding 'amq.direct'->'sc.task.rpc.408e7d00a29b11e7a1e3432bd31bd74f'(sc.task.rpc.408e7d00a29b11e7a1e3432bd31bd74f)
[I] 17:15:34.666(0000000000135914):[AMQP0]success declare queue 'cf.alipay.rpc.40565600a29b11e7a1e3432bd31bd74f'
[I] 17:15:34.667(0000000000135914):[AMQP0]success consume 'cf.alipay.rpc.40565600a29b11e7a1e3432bd31bd74f'
[I] 17:15:34.669(0000000000135914):[AMQP0]success binding 'amq.direct'->'cf.alipay.rpc.40565600a29b11e7a1e3432bd31bd74f'(cf.alipay.rpc.40565600a29b11e7a1e3432bd31bd74f)
[I] 17:15:34.672(0000000000135914):[AMQP0]success declare queue 'cf.ding.rpc.40576770a29b11e7a1e3432bd31bd74f'
[I] 17:15:34.673(0000000000135914):[AMQP0]success consume 'cf.ding.rpc.40576770a29b11e7a1e3432bd31bd74f'
[I] 17:15:34.675(0000000000135914):[AMQP0]success binding 'amq.direct'->'cf.ding.rpc.40576770a29b11e7a1e3432bd31bd74f'(cf.ding.rpc.40576770a29b11e7a1e3432bd31bd74f)
[I] 17:15:34.676(0000000000135914):[AMQP0]success declare exchange 'cf.ding.notify'
[I] 17:15:34.679(0000000000135914):[AMQP0]success declare queue 'jiaxingwang.sc_admin.ding.40598a50a29b11e7a1e3432bd31bd74f'
[I] 17:15:34.680(0000000000135914):[AMQP0]success consume 'jiaxingwang.sc_admin.ding.40598a50a29b11e7a1e3432bd31bd74f'
[I] 17:15:34.682(0000000000135914):[AMQP0]success binding 'cf.ding.notify'->'jiaxingwang.sc_admin.ding.40598a50a29b11e7a1e3432bd31bd74f'(#)
[I] 17:15:34.686(0000000000135914):[AMQP0]success declare queue 'sr.customer.rpc.405a9bc0a29b11e7a1e3432bd31bd74f'
[I] 17:15:34.688(0000000000135914):[AMQP0]success consume 'sr.customer.rpc.405a9bc0a29b11e7a1e3432bd31bd74f'
[I] 17:15:34.690(0000000000135914):[AMQP0]success binding 'amq.direct'->'sr.customer.rpc.405a9bc0a29b11e7a1e3432bd31bd74f'(sr.customer.rpc.405a9bc0a29b11e7a1e3432bd31bd74f)
[I] 17:15:34.692(0000000000135914):[AMQP0]success declare exchange 'amq.direct'
[I] 17:15:34.703(0000000000135914):[AMQP0]success declare queue 'sc.task.rpc.407e2950a29b11e7a1e3432bd31bd74f'
[I] 17:15:34.705(0000000000135914):[AMQP0]success consume 'sc.task.rpc.407e2950a29b11e7a1e3432bd31bd74f'
[I] 17:15:34.707(0000000000135914):[AMQP0]success binding 'amq.direct'->'sc.task.rpc.407e2950a29b11e7a1e3432bd31bd74f'(sc.task.rpc.407e2950a29b11e7a1e3432bd31bd74f)
[I] 17:15:34.710(0000000000135914):[AMQP0]success declare queue 'sr.customer.tag.rpc.408220f0a29b11e7a1e3432bd31bd74f'
[I] 17:15:34.711(0000000000135914):[AMQP0]success consume 'sr.customer.tag.rpc.408220f0a29b11e7a1e3432bd31bd74f'
[I] 17:15:34.713(0000000000135914):[AMQP0]success binding 'amq.direct'->'sr.customer.tag.rpc.408220f0a29b11e7a1e3432bd31bd74f'(sr.customer.tag.rpc.408220f0a29b11e7a1e3432bd31bd74f)
[I] 17:15:34.716(0000000000135914):[AMQP0]success declare queue 'sr.customer.point.rpc.40824800a29b11e7a1e3432bd31bd74f'
[I] 17:15:34.718(0000000000135914):[AMQP0]success consume 'sr.customer.point.rpc.40824800a29b11e7a1e3432bd31bd74f'
[I] 17:15:34.720(0000000000135914):[AMQP0]success binding 'amq.direct'->'sr.customer.point.rpc.40824800a29b11e7a1e3432bd31bd74f'(sr.customer.point.rpc.40824800a29b11e7a1e3432bd31bd74f)
[I] 17:15:34.723(0000000000135914):[AMQP0]success declare queue 'sr.customer.coupon_class.rpc.4085ca70a29b11e7a1e3432bd31bd74f'
[I] 17:15:34.725(0000000000135914):[AMQP0]success consume 'sr.customer.coupon_class.rpc.4085ca70a29b11e7a1e3432bd31bd74f'
[I] 17:15:34.726(0000000000135914):[AMQP0]success binding 'amq.direct'->'sr.customer.coupon_class.rpc.4085ca70a29b11e7a1e3432bd31bd74f'(sr.customer.coupon_class.rpc.4085ca70a29b11e7a1e3432bd31bd74f)
[I] 17:15:34.730(0000000000135914):[AMQP0]success declare queue 'sr.customer.coupon.rpc.4085ca71a29b11e7a1e3432bd31bd74f'
[I] 17:15:34.731(0000000000135914):[AMQP0]success consume 'sr.customer.coupon.rpc.4085ca71a29b11e7a1e3432bd31bd74f'
[I] 17:15:34.733(0000000000135914):[AMQP0]success binding 'amq.direct'->'sr.customer.coupon.rpc.4085ca71a29b11e7a1e3432bd31bd74f'(sr.customer.coupon.rpc.4085ca71a29b11e7a1e3432bd31bd74f)
[I] 17:15:34.736(0000000000135914):[AMQP0]success declare queue 'cf.wxpay.rpc.4087c640a29b11e7a1e3432bd31bd74f'
[I] 17:15:34.738(0000000000135914):[AMQP0]success consume 'cf.wxpay.rpc.4087c640a29b11e7a1e3432bd31bd74f'
[I] 17:15:34.740(0000000000135914):[AMQP0]success binding 'amq.direct'->'cf.wxpay.rpc.4087c640a29b11e7a1e3432bd31bd74f'(cf.wxpay.rpc.4087c640a29b11e7a1e3432bd31bd74f)
[I] 17:15:34.744(0000000000135914):[AMQP0]success declare queue 'cf.baidu.rpc.408b6fc0a29b11e7a1e3432bd31bd74f'
[I] 17:15:34.745(0000000000135914):[AMQP0]success consume 'cf.baidu.rpc.408b6fc0a29b11e7a1e3432bd31bd74f'
[I] 17:15:34.747(0000000000135914):[AMQP0]success binding 'amq.direct'->'cf.baidu.rpc.408b6fc0a29b11e7a1e3432bd31bd74f'(cf.baidu.rpc.408b6fc0a29b11e7a1e3432bd31bd74f)
[I] 17:15:34.751(0000000000135914):[AMQP0]success declare queue 'sr.trade.rpc.4091d860a29b11e7a1e3432bd31bd74f'
[I] 17:15:34.752(0000000000135914):[AMQP0]success consume 'sr.trade.rpc.4091d860a29b11e7a1e3432bd31bd74f'
[I] 17:15:34.754(0000000000135914):[AMQP0]success binding 'amq.direct'->'sr.trade.rpc.4091d860a29b11e7a1e3432bd31bd74f'(sr.trade.rpc.4091d860a29b11e7a1e3432bd31bd74f)
[I] 17:15:41.168(0000000000135914):login param :{"name":"admin","password":"e10adc3949ba59abbe56e057f20f883e"}
[T] 17:15:41.170(0000000000135914):[MP1]getConnection success,getIndex=2
[T] 17:15:41.172(0000000000135914):[MySQL]Query success,used time:2 ms,sql="SELECT `innerid`,`type`,`bindid`,`role_id`,`userid`,`name`,`language`,`profile_photo`,`birthday`,`position`,`mobile`,`gender`,`email`,`qq`,`weibo`,`wechat`,         `facebook`,`remark` FROM sc_user WHERE isdeleted = '0' AND userid = 'admin' AND `password` = 'e10adc3949ba59abbe56e057f20f883e';"
[T] 17:15:41.172(0000000000135914):getConnection release,getIndex=2
[T] 17:15:41.174(0000000000135914):[MP1]getConnection success,getIndex=3
[T] 17:15:41.176(0000000000135914):[MySQL]Query success,used time:1 ms,sql="SELECT menu.innerid,menu.menukey,module.modulekey,role.permission         FROM sc_role_define role LEFT JOIN sc_menu menu ON role.menu_key = menu.menukey         LEFT JOIN sc_module module ON menu.moduleid = module.innerid         WHERE role.role_id = (SELECT role_id FROM sc_user WHERE userid = 'admin' AND PASSWORD = 'e10adc3949ba59abbe56e057f20f883e' AND isdeleted = 0 LIMIT 1)         AND menu.isdisplay = 1 ORDER BY permission DESC"
[T] 17:15:41.176(0000000000135914):getConnection release,getIndex=3
[I] 17:15:41.177(0000000000135914):userinfo:[{"innerid":"4ceea494-6ec7-5401-59a9-af7451ce5f8a","type":1,"bindid":"1","role_id":"a9eae0c5-a7a1-11e5-9d85-005056bbd22e","userid":"admin","name":"admin","language":0,"profile_photo":"","birthday":"1899-12-31T16:00:00.000Z","position":"超级管理员","mobile":"","gender":1,"email":"","qq":"","weibo":"","wechat":"","facebook":"","remark":""}]
[E] 17:15:41.178(0000000000135914):create session fail!miss staff id
[E] 17:15:41.178(0000000000135914):/api/login crash!err=TypeError: Cannot read property 'id' of null
    at Object.login [as /api/login] (E:\product\scAdmin\js\sc\router\user.js:68:39)
    at next (native)
    at E:\product\scAdmin\js\sc\router\user.js:27:13
    at next (native)
    at onFulfilled (E:\product\node_modules\co\index.js:65:19)
    at tryCatcher (E:\product\node_modules\smartacjs\node_modules\bluebird\js\release\util.js:11:23)
    at Promise._settlePromiseFromHandler (E:\product\node_modules\smartacjs\node_modules\bluebird\js\release\promise.js:488:31)
    at Promise._settlePromise (E:\product\node_modules\smartacjs\node_modules\bluebird\js\release\promise.js:545:18)
    at Promise._settlePromise0 (E:\product\node_modules\smartacjs\node_modules\bluebird\js\release\promise.js:590:10)
    at Promise._settlePromises (E:\product\node_modules\smartacjs\node_modules\bluebird\js\release\promise.js:673:18)
    at Async._drainQueue (E:\product\node_modules\smartacjs\node_modules\bluebird\js\release\async.js:125:16)
    at Async._drainQueues (E:\product\node_modules\smartacjs\node_modules\bluebird\js\release\async.js:135:10)
    at Immediate.Async.drainQueues [as _onImmediate] (E:\product\node_modules\smartacjs\node_modules\bluebird\js\release\async.js:16:14)
    at tryOnImmediate (timers.js:534:15)
    at processImmediate [as _immediateCallback] (timers.js:514:5)
[W] 17:16:44.059(0000000000132458):recv 'Ctrl+C' break sign!next exit!
[D] 17:16:44.066(0000000000132458):worker process log socket error!err=Error: read ECONNRESET
    at exports._errnoException (util.js:890:11)
    at TCP.onread (net.js:550:26)
[D] 17:16:44.066(0000000000132458):worker process log socket close!
[D] 17:16:44.076(0000000000132458):worker process log socket error!err=Error: read ECONNRESET
    at exports._errnoException (util.js:890:11)
    at TCP.onread (net.js:550:26)
[D] 17:16:44.076(0000000000132458):worker process log socket close!
[D] 17:16:44.083(0000000000132458):worker process log socket error!err=Error: read ECONNRESET
    at exports._errnoException (util.js:890:11)
    at TCP.onread (net.js:550:26)
[D] 17:16:44.084(0000000000132458):worker process log socket close!
[W] 17:16:44.091(0000000000132458):worker 132FDC(0#) died.
[W] 17:16:44.091(0000000000132458):worker 135BDC(1#) died.
[W] 17:16:44.091(0000000000132458):worker 135914(2#) died.
[W] 17:16:44.683(0000000000132458):try restart worker 0# ...
[I] 17:16:44.802(0000000000132458):start worker success,pid=13766C(0#)
