[D] 13:17:30.481(0000000000001978):master log socket server started! host=::, port=3084
[I] 13:17:30.489(0000000000001978):master log channel started!port=3084
[I] 13:17:30.559(0000000000001978):[AMQP0]created
[I] 13:17:30.564(0000000000001978):[AMQP0]declare exchange 'sc.system'
[I] 13:17:30.566(0000000000001978):[AMQP0]declare queue 'jiaxingwang.sc_admin.system.feae0750a27911e799f56d8af6b19f95'
[I] 13:17:30.668(0000000000001978):PBEncoder success load file 'E:\product\protocol\sc_system.proto.js'
[W] 13:17:31.491(0000000000001978):try restart worker 0# ...
[I] 13:17:31.509(0000000000001978):start worker success,pid=145FB4(0#)
[D] 13:17:32.151(0000000000001978):worker process log socket connected!
[D] 13:17:32.138(0000000000145FB4):worker 0# ready to connect master log socket server, port=3084
[D] 13:17:32.147(0000000000145FB4):worker 0# log socket connected!
[W] 13:17:32.528(0000000000001978):try restart worker 1# ...
[I] 13:17:32.534(0000000000001978):start worker success,pid=13D818(1#)
[I] 13:17:32.652(0000000000145FB4):[AMQP0]created
[I] 13:17:32.662(0000000000145FB4):[AMQP0]declare queue 'cf.rpc.ffedda50a27911e7bf650356dbf0fd46'
[I] 13:17:32.663(0000000000145FB4):[RPCC:cf.rpc]create rpc client 'cf.rpc' in conn AMQP0
[I] 13:17:32.772(0000000000145FB4):PBEncoder success load file 'E:\product\protocol\cf.proto.js'
[I] 13:17:32.773(0000000000145FB4):[AMQP0]declare queue 'cf.wechat.rpc.fffeca40a27911e7bf650356dbf0fd46'
[I] 13:17:32.773(0000000000145FB4):[RPCC:cf.wechat.rpc]create rpc client 'cf.wechat.rpc' in conn AMQP0
[I] 13:17:32.827(0000000000145FB4):PBEncoder success load file 'E:\product\protocol\cf_wechat.proto.js'
[I] 13:17:32.828(0000000000145FB4):[AMQP0]declare exchange 'cf.wechat.notify'
[I] 13:17:32.828(0000000000145FB4):[AMQP0]declare queue 'jiaxingwang.sc_admin.wechat.000755c0a27a11e7bf650356dbf0fd46'
[I] 13:17:32.828(0000000000145FB4):[AMQP0]declare queue 'cf.app.rpc.000755c1a27a11e7bf650356dbf0fd46'
[I] 13:17:32.828(0000000000145FB4):[RPCC:cf.app.rpc]create rpc client 'cf.app.rpc' in conn AMQP0
[I] 13:17:32.845(0000000000145FB4):PBEncoder success load file 'E:\product\protocol\cf_app.proto.js'
[I] 13:17:32.846(0000000000145FB4):[AMQP0]declare queue 'cf.alipay.rpc.000a14e0a27a11e7bf650356dbf0fd46'
[I] 13:17:32.846(0000000000145FB4):[RPCC:cf.alipay.rpc]create rpc client 'cf.alipay.rpc' in conn AMQP0
[I] 13:17:32.853(0000000000145FB4):PBEncoder success load file 'E:\product\protocol\cf_alipay.proto.js'
[I] 13:17:32.854(0000000000145FB4):[AMQP0]declare queue 'cf.ding.rpc.000b4d60a27a11e7bf650356dbf0fd46'
[I] 13:17:32.854(0000000000145FB4):[RPCC:cf.ding.rpc]create rpc client 'cf.ding.rpc' in conn AMQP0
[I] 13:17:32.864(0000000000145FB4):PBEncoder success load file 'E:\product\protocol\cf_ding.proto.js'
[I] 13:17:32.865(0000000000145FB4):[AMQP0]declare exchange 'cf.ding.notify'
[I] 13:17:32.865(0000000000145FB4):[AMQP0]declare queue 'jiaxingwang.sc_admin.ding.000cfb10a27a11e7bf650356dbf0fd46'
[I] 13:17:32.865(0000000000145FB4):[AM]init and reload account!
[I] 13:17:32.869(0000000000145FB4):[AM]reload account success, account number is: 0
[I] 13:17:32.872(0000000000145FB4):[AMQP0]declare queue 'sr.customer.rpc.000e0c80a27a11e7bf650356dbf0fd46'
[I] 13:17:32.872(0000000000145FB4):[RPCC:sr.customer.rpc]create rpc client 'sr.customer.rpc' in conn AMQP0
[I] 13:17:32.883(0000000000145FB4):PBEncoder success load file 'E:\product\protocol\sr_customer.proto.js'
[W] 13:17:32.883(0000000000145FB4):[AMQP0]rpc client 'cf.rpc' declare repeat!
[W] 13:17:32.884(0000000000145FB4):[AMQP0]rpc client 'cf.wechat.rpc' declare repeat!
[W] 13:17:32.884(0000000000145FB4):[AMQP0]rpc client 'cf.app.rpc' declare repeat!
[I] 13:17:32.889(0000000000145FB4):[AMQP0]declare exchange 'sc.system'
[I] 13:17:32.890(0000000000145FB4):[AMQP0]declare queue 'jiaxingwang.sc_admin.system.0010cba0a27a11e7bf650356dbf0fd46'
[I] 13:17:32.894(0000000000145FB4):PBEncoder success load file 'E:\product\protocol\sc_system.proto.js'
[W] 13:17:33.123(0000000000145FB4):[AMQP0]rpc client 'cf.wechat.rpc' declare repeat!
[E] 13:17:33.249(0000000000145FB4):Global caught exception: SyntaxError: Block-scoped declarations (let, const, function, class) not yet supported outside strict mode
    at exports.runInThisContext (vm.js:53:16)
    at Module._compile (module.js:387:25)
    at Object.Module._extensions..js (module.js:422:10)
    at Module.load (module.js:357:32)
    at Function.Module._load (module.js:314:12)
    at Module.require (module.js:367:17)
    at require (internal/module.js:16:19)
    at Object.<anonymous> (E:\product\scAdmin\js\sc\router\user.js:25:36)
    at Module._compile (module.js:413:34)
    at Object.Module._extensions..js (module.js:422:10)
    at Module.load (module.js:357:32)
    at Function.Module._load (module.js:314:12)
    at Module.require (module.js:367:17)
    at require (internal/module.js:16:19)
    at loadFile (E:\product\scAdmin\js\module_manager.js:35:20)
    at E:\product\scAdmin\js\module_manager.js:83:17
    at Array.forEach (native)
    at Object.readdir (E:\product\scAdmin\js\module_manager.js:71:11)
    at Object.<anonymous> (E:\product\scAdmin\js\sc\module_main.js:8:12)
    at Module._compile (module.js:413:34)
    at Object.Module._extensions..js (module.js:422:10)
    at Module.load (module.js:357:32)
    at Function.Module._load (module.js:314:12)
    at Module.require (module.js:367:17)
    at require (internal/module.js:16:19)
    at E:\product\scAdmin\js\module_manager.js:28:9
    at Array.forEach (native)
    at Object.exports.loadRoute (E:\product\scAdmin\js\module_manager.js:18:13)
[D] 13:17:33.317(0000000000001978):worker process log socket connected!
[D] 13:17:33.310(000000000013D818):worker 1# ready to connect master log socket server, port=3084
[D] 13:17:33.319(000000000013D818):worker 1# log socket connected!
[W] 13:17:33.540(0000000000001978):try restart worker 2# ...
[I] 13:17:33.544(0000000000001978):start worker success,pid=145F7C(2#)
[I] 13:17:33.840(000000000013D818):[AMQP0]created
[I] 13:17:33.850(000000000013D818):[AMQP0]declare queue 'cf.rpc.00a32090a27a11e78fb48d52e754c449'
[I] 13:17:33.851(000000000013D818):[RPCC:cf.rpc]create rpc client 'cf.rpc' in conn AMQP0
[I] 13:17:33.973(000000000013D818):PBEncoder success load file 'E:\product\protocol\cf.proto.js'
[I] 13:17:33.974(000000000013D818):[AMQP0]declare queue 'cf.wechat.rpc.00b60c50a27a11e78fb48d52e754c449'
[I] 13:17:33.974(000000000013D818):[RPCC:cf.wechat.rpc]create rpc client 'cf.wechat.rpc' in conn AMQP0
[I] 13:17:34.037(000000000013D818):PBEncoder success load file 'E:\product\protocol\cf_wechat.proto.js'
[I] 13:17:34.038(000000000013D818):[AMQP0]declare exchange 'cf.wechat.notify'
[I] 13:17:34.038(000000000013D818):[AMQP0]declare queue 'jiaxingwang.sc_admin.wechat.00bff760a27a11e78fb48d52e754c449'
[I] 13:17:34.038(000000000013D818):[AMQP0]declare queue 'cf.app.rpc.00bff761a27a11e78fb48d52e754c449'
[I] 13:17:34.039(000000000013D818):[RPCC:cf.app.rpc]create rpc client 'cf.app.rpc' in conn AMQP0
[I] 13:17:34.044(000000000013D818):PBEncoder success load file 'E:\product\protocol\cf_app.proto.js'
[I] 13:17:34.045(000000000013D818):[AMQP0]declare queue 'cf.alipay.rpc.00c108d0a27a11e78fb48d52e754c449'
[I] 13:17:34.045(000000000013D818):[RPCC:cf.alipay.rpc]create rpc client 'cf.alipay.rpc' in conn AMQP0
[I] 13:17:34.052(000000000013D818):PBEncoder success load file 'E:\product\protocol\cf_alipay.proto.js'
[I] 13:17:34.053(000000000013D818):[AMQP0]declare queue 'cf.ding.rpc.00c24150a27a11e78fb48d52e754c449'
[I] 13:17:34.053(000000000013D818):[RPCC:cf.ding.rpc]create rpc client 'cf.ding.rpc' in conn AMQP0
[I] 13:17:34.064(000000000013D818):PBEncoder success load file 'E:\product\protocol\cf_ding.proto.js'
[I] 13:17:34.064(000000000013D818):[AMQP0]declare exchange 'cf.ding.notify'
[I] 13:17:34.065(000000000013D818):[AMQP0]declare queue 'jiaxingwang.sc_admin.ding.00c41610a27a11e78fb48d52e754c449'
[I] 13:17:34.065(000000000013D818):[AM]init and reload account!
[I] 13:17:34.070(000000000013D818):[AM]reload account success, account number is: 0
[I] 13:17:34.073(000000000013D818):[AMQP0]declare queue 'sr.customer.rpc.00c54e90a27a11e78fb48d52e754c449'
[I] 13:17:34.074(000000000013D818):[RPCC:sr.customer.rpc]create rpc client 'sr.customer.rpc' in conn AMQP0
[I] 13:17:34.082(000000000013D818):PBEncoder success load file 'E:\product\protocol\sr_customer.proto.js'
[W] 13:17:34.083(000000000013D818):[AMQP0]rpc client 'cf.rpc' declare repeat!
[W] 13:17:34.083(000000000013D818):[AMQP0]rpc client 'cf.wechat.rpc' declare repeat!
[W] 13:17:34.083(000000000013D818):[AMQP0]rpc client 'cf.app.rpc' declare repeat!
[I] 13:17:34.088(000000000013D818):[AMQP0]declare exchange 'sc.system'
[I] 13:17:34.088(000000000013D818):[AMQP0]declare queue 'jiaxingwang.sc_admin.system.00c79880a27a11e78fb48d52e754c449'
[I] 13:17:34.092(000000000013D818):PBEncoder success load file 'E:\product\protocol\sc_system.proto.js'
[W] 13:17:34.309(000000000013D818):[AMQP0]rpc client 'cf.wechat.rpc' declare repeat!
[D] 13:17:34.426(0000000000001978):worker process log socket connected!
[D] 13:17:34.392(0000000000145F7C):worker 2# ready to connect master log socket server, port=3084
[D] 13:17:34.420(0000000000145F7C):worker 2# log socket connected!
[E] 13:17:34.477(000000000013D818):Global caught exception: SyntaxError: Block-scoped declarations (let, const, function, class) not yet supported outside strict mode
    at exports.runInThisContext (vm.js:53:16)
    at Module._compile (module.js:387:25)
    at Object.Module._extensions..js (module.js:422:10)
    at Module.load (module.js:357:32)
    at Function.Module._load (module.js:314:12)
    at Module.require (module.js:367:17)
    at require (internal/module.js:16:19)
    at Object.<anonymous> (E:\product\scAdmin\js\sc\router\user.js:25:36)
    at Module._compile (module.js:413:34)
    at Object.Module._extensions..js (module.js:422:10)
    at Module.load (module.js:357:32)
    at Function.Module._load (module.js:314:12)
    at Module.require (module.js:367:17)
    at require (internal/module.js:16:19)
    at loadFile (E:\product\scAdmin\js\module_manager.js:35:20)
    at E:\product\scAdmin\js\module_manager.js:83:17
    at Array.forEach (native)
    at Object.readdir (E:\product\scAdmin\js\module_manager.js:71:11)
    at Object.<anonymous> (E:\product\scAdmin\js\sc\module_main.js:8:12)
    at Module._compile (module.js:413:34)
    at Object.Module._extensions..js (module.js:422:10)
    at Module.load (module.js:357:32)
    at Function.Module._load (module.js:314:12)
    at Module.require (module.js:367:17)
    at require (internal/module.js:16:19)
    at E:\product\scAdmin\js\module_manager.js:28:9
    at Array.forEach (native)
    at Object.exports.loadRoute (E:\product\scAdmin\js\module_manager.js:18:13)
[I] 13:17:35.030(0000000000145F7C):[AMQP0]created
[I] 13:17:35.039(0000000000145F7C):[AMQP0]declare queue 'cf.rpc.01588de0a27a11e7a67c45d70a5ccd55'
[I] 13:17:35.040(0000000000145F7C):[RPCC:cf.rpc]create rpc client 'cf.rpc' in conn AMQP0
[I] 13:17:35.146(0000000000145F7C):PBEncoder success load file 'E:\product\protocol\cf.proto.js'
[I] 13:17:35.146(0000000000145F7C):[AMQP0]declare queue 'cf.wechat.rpc.016908a0a27a11e7a67c45d70a5ccd55'
[I] 13:17:35.147(0000000000145F7C):[RPCC:cf.wechat.rpc]create rpc client 'cf.wechat.rpc' in conn AMQP0
[I] 13:17:35.195(0000000000145F7C):PBEncoder success load file 'E:\product\protocol\cf_wechat.proto.js'
[I] 13:17:35.196(0000000000145F7C):[AMQP0]declare exchange 'cf.wechat.notify'
[I] 13:17:35.196(0000000000145F7C):[AMQP0]declare queue 'jiaxingwang.sc_admin.wechat.0170a9c0a27a11e7a67c45d70a5ccd55'
[I] 13:17:35.196(0000000000145F7C):[AMQP0]declare queue 'cf.app.rpc.0170a9c1a27a11e7a67c45d70a5ccd55'
[I] 13:17:35.197(0000000000145F7C):[RPCC:cf.app.rpc]create rpc client 'cf.app.rpc' in conn AMQP0
[I] 13:17:35.211(0000000000145F7C):PBEncoder success load file 'E:\product\protocol\cf_app.proto.js'
[I] 13:17:35.212(0000000000145F7C):[AMQP0]declare queue 'cf.alipay.rpc.01731ac0a27a11e7a67c45d70a5ccd55'
[I] 13:17:35.212(0000000000145F7C):[RPCC:cf.alipay.rpc]create rpc client 'cf.alipay.rpc' in conn AMQP0
[I] 13:17:35.219(0000000000145F7C):PBEncoder success load file 'E:\product\protocol\cf_alipay.proto.js'
[I] 13:17:35.219(0000000000145F7C):[AMQP0]declare queue 'cf.ding.rpc.01742c30a27a11e7a67c45d70a5ccd55'
[I] 13:17:35.220(0000000000145F7C):[RPCC:cf.ding.rpc]create rpc client 'cf.ding.rpc' in conn AMQP0
[I] 13:17:35.230(0000000000145F7C):PBEncoder success load file 'E:\product\protocol\cf_ding.proto.js'
[I] 13:17:35.230(0000000000145F7C):[AMQP0]declare exchange 'cf.ding.notify'
[I] 13:17:35.230(0000000000145F7C):[AMQP0]declare queue 'jiaxingwang.sc_admin.ding.0175d9e0a27a11e7a67c45d70a5ccd55'
[I] 13:17:35.230(0000000000145F7C):[AM]init and reload account!
[I] 13:17:35.234(0000000000145F7C):[AM]reload account success, account number is: 0
[I] 13:17:35.238(0000000000145F7C):[AMQP0]declare queue 'sr.customer.rpc.0176eb50a27a11e7a67c45d70a5ccd55'
[I] 13:17:35.238(0000000000145F7C):[RPCC:sr.customer.rpc]create rpc client 'sr.customer.rpc' in conn AMQP0
[I] 13:17:35.246(0000000000145F7C):PBEncoder success load file 'E:\product\protocol\sr_customer.proto.js'
[W] 13:17:35.247(0000000000145F7C):[AMQP0]rpc client 'cf.rpc' declare repeat!
[W] 13:17:35.247(0000000000145F7C):[AMQP0]rpc client 'cf.wechat.rpc' declare repeat!
[W] 13:17:35.247(0000000000145F7C):[AMQP0]rpc client 'cf.app.rpc' declare repeat!
[I] 13:17:35.252(0000000000145F7C):[AMQP0]declare exchange 'sc.system'
[I] 13:17:35.252(0000000000145F7C):[AMQP0]declare queue 'jiaxingwang.sc_admin.system.01793540a27a11e7a67c45d70a5ccd55'
[I] 13:17:35.256(0000000000145F7C):PBEncoder success load file 'E:\product\protocol\sc_system.proto.js'
[W] 13:17:35.447(0000000000145F7C):[AMQP0]rpc client 'cf.wechat.rpc' declare repeat!
[E] 13:17:35.569(0000000000145F7C):Global caught exception: SyntaxError: Block-scoped declarations (let, const, function, class) not yet supported outside strict mode
    at exports.runInThisContext (vm.js:53:16)
    at Module._compile (module.js:387:25)
    at Object.Module._extensions..js (module.js:422:10)
    at Module.load (module.js:357:32)
    at Function.Module._load (module.js:314:12)
    at Module.require (module.js:367:17)
    at require (internal/module.js:16:19)
    at Object.<anonymous> (E:\product\scAdmin\js\sc\router\user.js:25:36)
    at Module._compile (module.js:413:34)
    at Object.Module._extensions..js (module.js:422:10)
    at Module.load (module.js:357:32)
    at Function.Module._load (module.js:314:12)
    at Module.require (module.js:367:17)
    at require (internal/module.js:16:19)
    at loadFile (E:\product\scAdmin\js\module_manager.js:35:20)
    at E:\product\scAdmin\js\module_manager.js:83:17
    at Array.forEach (native)
    at Object.readdir (E:\product\scAdmin\js\module_manager.js:71:11)
    at Object.<anonymous> (E:\product\scAdmin\js\sc\module_main.js:8:12)
    at Module._compile (module.js:413:34)
    at Object.Module._extensions..js (module.js:422:10)
    at Module.load (module.js:357:32)
    at Function.Module._load (module.js:314:12)
    at Module.require (module.js:367:17)
    at require (internal/module.js:16:19)
    at E:\product\scAdmin\js\module_manager.js:28:9
    at Array.forEach (native)
    at Object.exports.loadRoute (E:\product\scAdmin\js\module_manager.js:18:13)
[W] 13:17:35.638(0000000000001978):recv 'Ctrl+C' break sign!next exit!
[D] 13:17:35.643(0000000000001978):worker process log socket error!err=Error: read ECONNRESET
    at exports._errnoException (util.js:890:11)
    at TCP.onread (net.js:550:26)
[D] 13:17:35.643(0000000000001978):worker process log socket close!
[D] 13:17:35.649(0000000000001978):worker process log socket error!err=Error: read ECONNRESET
    at exports._errnoException (util.js:890:11)
    at TCP.onread (net.js:550:26)
[D] 13:17:35.649(0000000000001978):worker process log socket close!
[W] 13:17:35.652(0000000000001978):worker 145F7C(2#) died.
[W] 13:17:35.653(0000000000001978):worker 145FB4(0#) died.
[D] 13:17:35.653(0000000000001978):worker process log socket error!err=Error: read ECONNRESET
    at exports._errnoException (util.js:890:11)
    at TCP.onread (net.js:550:26)
[D] 13:17:35.654(0000000000001978):worker process log socket close!
[W] 13:17:35.661(0000000000001978):worker 13D818(1#) died.
