[D] 17:09:56.219(000000000012E4AC):master log socket server started! host=::, port=43913
[I] 17:09:56.237(000000000012E4AC):master log channel started!port=43913
[W] 17:09:57.238(000000000012E4AC):try restart worker 0# ...
[I] 17:09:57.249(000000000012E4AC):start worker success,pid=12E954(0#)
[D] 17:09:57.890(000000000012E4AC):worker process log socket connected!
[D] 17:09:57.882(000000000012E954):worker 0# ready to connect master log socket server, port=43913
[D] 17:09:57.891(000000000012E954):worker 0# log socket connected!
[W] 17:09:58.260(000000000012E4AC):try restart worker 1# ...
[I] 17:09:58.273(000000000012E4AC):start worker success,pid=12D788(1#)
[I] 17:09:58.607(000000000012E954):[AMQP0]created
[I] 17:09:58.617(000000000012E954):[AMQP0]declare queue 'cf.rpc.785db580a29a11e7aa31c1dd494152e2'
[I] 17:09:58.618(000000000012E954):[RPCC:cf.rpc]create rpc client 'cf.rpc' in conn AMQP0
[I] 17:09:58.748(000000000012E954):PBEncoder success load file 'E:\product\protocol\cf.proto.js'
[I] 17:09:58.749(000000000012E954):[AMQP0]declare queue 'cf.wechat.rpc.7871d9c0a29a11e7aa31c1dd494152e2'
[I] 17:09:58.749(000000000012E954):[RPCC:cf.wechat.rpc]create rpc client 'cf.wechat.rpc' in conn AMQP0
[I] 17:09:58.824(000000000012E954):PBEncoder success load file 'E:\product\protocol\cf_wechat.proto.js'
[I] 17:09:58.825(000000000012E954):[AMQP0]declare exchange 'cf.wechat.notify'
[I] 17:09:58.825(000000000012E954):[AMQP0]declare queue 'jiaxingwang.sc_admin.wechat.787d9990a29a11e7aa31c1dd494152e2'
[I] 17:09:58.825(000000000012E954):[AMQP0]declare queue 'cf.app.rpc.787d9991a29a11e7aa31c1dd494152e2'
[I] 17:09:58.826(000000000012E954):[RPCC:cf.app.rpc]create rpc client 'cf.app.rpc' in conn AMQP0
[I] 17:09:58.838(000000000012E954):PBEncoder success load file 'E:\product\protocol\cf_app.proto.js'
[I] 17:09:58.839(000000000012E954):[AMQP0]declare queue 'cf.alipay.rpc.787fbc70a29a11e7aa31c1dd494152e2'
[I] 17:09:58.839(000000000012E954):[RPCC:cf.alipay.rpc]create rpc client 'cf.alipay.rpc' in conn AMQP0
[I] 17:09:58.848(000000000012E954):PBEncoder success load file 'E:\product\protocol\cf_alipay.proto.js'
[I] 17:09:58.849(000000000012E954):[AMQP0]declare queue 'cf.ding.rpc.78811c00a29a11e7aa31c1dd494152e2'
[I] 17:09:58.849(000000000012E954):[RPCC:cf.ding.rpc]create rpc client 'cf.ding.rpc' in conn AMQP0
[I] 17:09:58.860(000000000012E954):PBEncoder success load file 'E:\product\protocol\cf_ding.proto.js'
[I] 17:09:58.860(000000000012E954):[AMQP0]declare exchange 'cf.ding.notify'
[I] 17:09:58.860(000000000012E954):[AMQP0]declare queue 'jiaxingwang.sc_admin.ding.7882f0c0a29a11e7aa31c1dd494152e2'
[I] 17:09:58.861(000000000012E954):[AM]init and reload account!
[I] 17:09:58.864(000000000012E954):[AM]reload account success, account number is: 0
[I] 17:09:58.869(000000000012E954):[AMQP0]declare queue 'sr.customer.rpc.78845050a29a11e7aa31c1dd494152e2'
[I] 17:09:58.869(000000000012E954):[RPCC:sr.customer.rpc]create rpc client 'sr.customer.rpc' in conn AMQP0
[I] 17:09:58.877(000000000012E954):PBEncoder success load file 'E:\product\protocol\sr_customer.proto.js'
[W] 17:09:58.878(000000000012E954):[AMQP0]rpc client 'cf.rpc' declare repeat!
[W] 17:09:58.879(000000000012E954):[AMQP0]rpc client 'cf.wechat.rpc' declare repeat!
[W] 17:09:58.879(000000000012E954):[AMQP0]rpc client 'cf.app.rpc' declare repeat!
[I] 17:09:59.038(000000000012E954):PBEncoder success load file 'E:\product\protocol\sc_system.proto.js'
[I] 17:09:59.090(000000000012E954):[AMQP1]created
[I] 17:09:59.091(000000000012E954):[AMQP1]declare exchange 'amq.direct'
[I] 17:09:59.091(000000000012E954):[AMQP1]declare queue 'cf.wechat.rpc.78a63030a29a11e7aa31c1dd494152e2'
[I] 17:09:59.092(000000000012E954):[RPCC:cf.wechat.rpc]create rpc client 'cf.wechat.rpc' in conn AMQP1
[I] 17:09:59.093(000000000012E954):[AMQP2]created
[I] 17:09:59.097(000000000012E954):[AMQP0]declare exchange 'amq.direct'
[I] 17:09:59.097(000000000012E954):[AMQP0]declare queue 'sc.task.rpc.78a71a90a29a11e7aa31c1dd494152e2'
[I] 17:09:59.098(000000000012E954):[RPCC:sc.task.rpc]create rpc client 'sc.task.rpc' in conn AMQP0
[I] 17:09:59.105(000000000012E954):PBEncoder success load file 'E:\product\protocol\sc_task.proto.js'
[I] 17:09:59.127(000000000012E954):[AMQP0]declare queue 'sr.customer.tag.rpc.78abae70a29a11e7aa31c1dd494152e2'
[I] 17:09:59.127(000000000012E954):[RPCC:sr.customer.tag.rpc]create rpc client 'sr.customer.tag.rpc' in conn AMQP0
[I] 17:09:59.128(000000000012E954):[AMQP0]declare queue 'sr.customer.point.rpc.78abd580a29a11e7aa31c1dd494152e2'
[I] 17:09:59.128(000000000012E954):[RPCC:sr.customer.point.rpc]create rpc client 'sr.customer.point.rpc' in conn AMQP0
[D] 17:09:59.134(000000000012E4AC):worker process log socket connected!
[I] 17:09:59.136(000000000012E954):PBEncoder success load file 'E:\product\protocol\sr_customer_point.proto.js'
[D] 17:09:59.125(000000000012D788):worker 1# ready to connect master log socket server, port=43913
[D] 17:09:59.135(000000000012D788):worker 1# log socket connected!
[I] 17:09:59.144(000000000012E954):PBEncoder success load file 'E:\product\protocol\sr_customer_tag.proto.js'
[W] 17:09:59.153(000000000012E954):[AMQP0]rpc client 'cf.wechat.rpc' declare repeat!
[I] 17:09:59.154(000000000012E954):[AMQP0]declare queue 'sr.customer.coupon_class.rpc.78afa610a29a11e7aa31c1dd494152e2'
[I] 17:09:59.154(000000000012E954):[RPCC:sr.customer.coupon_class.rpc]create rpc client 'sr.customer.coupon_class.rpc' in conn AMQP0
[I] 17:09:59.154(000000000012E954):[AMQP0]declare queue 'sr.customer.coupon.rpc.78afcd20a29a11e7aa31c1dd494152e2'
[I] 17:09:59.155(000000000012E954):[RPCC:sr.customer.coupon.rpc]create rpc client 'sr.customer.coupon.rpc' in conn AMQP0
[I] 17:09:59.174(000000000012E954):PBEncoder success load file 'E:\product\protocol\sr_customer_coupon.proto.js'
[W] 17:09:59.175(000000000012E954):[AMQP0]rpc client 'cf.wechat.rpc' declare repeat!
[I] 17:09:59.175(000000000012E954):[AMQP0]declare queue 'cf.wxpay.rpc.78b30170a29a11e7aa31c1dd494152e2'
[I] 17:09:59.175(000000000012E954):[RPCC:cf.wxpay.rpc]create rpc client 'cf.wxpay.rpc' in conn AMQP0
[I] 17:09:59.190(000000000012E954):PBEncoder success load file 'E:\product\protocol\cf_wxpay.proto.js'
[W] 17:09:59.190(000000000012E954):[AMQP0]rpc client 'sr.customer.point.rpc' declare repeat!
[W] 17:09:59.205(000000000012E954):[AMQP0]exchange amq.direct already declare!!
[W] 17:09:59.206(000000000012E954):[AMQP0]rpc client 'sr.customer.rpc' declare repeat!
[W] 17:09:59.206(000000000012E954):[AMQP0]rpc client 'sr.customer.coupon.rpc' declare repeat!
[W] 17:09:59.206(000000000012E954):[AMQP0]rpc client 'cf.wechat.rpc' declare repeat!
[W] 17:09:59.208(000000000012E954):[AMQP0]exchange amq.direct already declare!!
[I] 17:09:59.209(000000000012E954):[AMQP0]declare queue 'cf.baidu.rpc.78b83190a29a11e7aa31c1dd494152e2'
[I] 17:09:59.209(000000000012E954):[RPCC:cf.baidu.rpc]create rpc client 'cf.baidu.rpc' in conn AMQP0
[I] 17:09:59.213(000000000012E954):PBEncoder success load file 'E:\product\protocol\cf_baidu.proto.js'
[I] 17:09:59.218(000000000012E954):[AMQP3]created
[I] 17:09:59.226(000000000012E954):[AMQP4]created
[I] 17:09:59.227(000000000012E954):[AMQP4]declare exchange 'amq.direct'
[I] 17:09:59.227(000000000012E954):[AMQP4]declare queue 'cf.app.rpc.78baf0b0a29a11e7aa31c1dd494152e2'
[I] 17:09:59.227(000000000012E954):[RPCC:cf.app.rpc]create rpc client 'cf.app.rpc' in conn AMQP4
[I] 17:09:59.228(000000000012E954):[AMQP4]declare queue 'cf.wechat.rpc.78bb17c0a29a11e7aa31c1dd494152e2'
[I] 17:09:59.228(000000000012E954):[RPCC:cf.wechat.rpc]create rpc client 'cf.wechat.rpc' in conn AMQP4
[I] 17:09:59.228(000000000012E954):[AMQP4]declare queue 'cf.rpc.78bb17c1a29a11e7aa31c1dd494152e2'
[I] 17:09:59.229(000000000012E954):[RPCC:cf.rpc]create rpc client 'cf.rpc' in conn AMQP4
[I] 17:09:59.229(000000000012E954):[AMQP4]declare queue 'sc.task.rpc.78bb3ed0a29a11e7aa31c1dd494152e2'
[I] 17:09:59.229(000000000012E954):[RPCC:sc.task.rpc]create rpc client 'sc.task.rpc' in conn AMQP4
[I] 17:09:59.232(000000000012E954):[AMQP5]created
[I] 17:09:59.233(000000000012E954):[AMQP5]declare exchange 'amq.direct'
[I] 17:09:59.233(000000000012E954):[AMQP5]declare queue 'cf.wechat.rpc.78bbdb10a29a11e7aa31c1dd494152e2'
[I] 17:09:59.233(000000000012E954):[RPCC:cf.wechat.rpc]create rpc client 'cf.wechat.rpc' in conn AMQP5
[W] 17:09:59.235(000000000012E954):[AMQP0]rpc client 'sr.customer.point.rpc' declare repeat!
[I] 17:09:59.237(000000000012E954):[AMQP6]created
[I] 17:09:59.238(000000000012E954):[AMQP6]declare exchange 'amq.direct'
[I] 17:09:59.238(000000000012E954):[AMQP6]declare queue 'cf.wechat.rpc.78bc9e60a29a11e7aa31c1dd494152e2'
[I] 17:09:59.239(000000000012E954):[RPCC:cf.wechat.rpc]create rpc client 'cf.wechat.rpc' in conn AMQP6
[I] 17:09:59.243(000000000012E954):[AMQP7]created
[I] 17:09:59.243(000000000012E954):[AMQP7]declare exchange 'amq.direct'
[I] 17:09:59.244(000000000012E954):[AMQP7]declare queue 'sc.task.rpc.78bd88c0a29a11e7aa31c1dd494152e2'
[I] 17:09:59.244(000000000012E954):[RPCC:sc.task.rpc]create rpc client 'sc.task.rpc' in conn AMQP7
[I] 17:09:59.244(000000000012E954):[AMQP7]declare queue 'sr.customer.rewardfail.78bd88c1a29a11e7aa31c1dd494152e2'
[I] 17:09:59.244(000000000012E954):[RPCC:sr.customer.rewardfail]create rpc client 'sr.customer.rewardfail' in conn AMQP7
[W] 17:09:59.248(000000000012E954):[AMQP0]exchange amq.direct already declare!!
[W] 17:09:59.249(000000000012E954):[AMQP0]rpc client 'sr.customer.tag.rpc' declare repeat!
[W] 17:09:59.250(000000000012E954):[AMQP0]rpc client 'sc.task.rpc' declare repeat!
[W] 17:09:59.253(000000000012E954):[AMQP0]exchange amq.direct already declare!!
[I] 17:09:59.253(000000000012E954):[AMQP0]declare queue 'sr.trade.rpc.78bee850a29a11e7aa31c1dd494152e2'
[I] 17:09:59.253(000000000012E954):[RPCC:sr.trade.rpc]create rpc client 'sr.trade.rpc' in conn AMQP0
[I] 17:09:59.257(000000000012E954):PBEncoder success load file 'E:\product\protocol\sr_trade.proto.js'
[I] 17:09:59.260(000000000012E954):[AMQP8]created
[I] 17:09:59.260(000000000012E954):[AMQP8]declare exchange 'amq.direct'
[I] 17:09:59.261(000000000012E954):[AMQP8]declare queue 'cf.wechat.rpc.78bff9c0a29a11e7aa31c1dd494152e2'
[I] 17:09:59.261(000000000012E954):[RPCC:cf.wechat.rpc]create rpc client 'cf.wechat.rpc' in conn AMQP8
[I] 17:09:59.282(000000000012E954):[redis]redis connect
[W] 17:09:59.287(000000000012E4AC):try restart worker 2# ...
[I] 17:09:59.293(000000000012E4AC):start worker success,pid=12ECEC(2#)
[T] 17:09:59.286(000000000012E954):Http is running,port is 18910
[I] 17:09:59.301(000000000012E954):[redis]redis ready
[I] 17:09:59.310(000000000012E954):[MP1]create connection #0
[T] 17:09:59.311(000000000012E954):[MP1]getConnection success,getIndex=0
[I] 17:09:59.312(000000000012E954):[MP1]create connection #1
[T] 17:09:59.312(000000000012E954):[MP1]getConnection success,getIndex=1
[T] 17:09:59.322(000000000012E954):[MySQL]Query success,used time:7 ms,sql="select * from cf_account where enabled=1 and function_mask like \"1%\""
[T] 17:09:59.330(000000000012E954):[MySQL]Query success,used time:14 ms,sql="SELECT * FROM `sc_org`"
[T] 17:09:59.331(000000000012E954):getConnection release,getIndex=0
[T] 17:09:59.332(000000000012E954):getConnection release,getIndex=1
[I] 17:09:59.332(000000000012E954):[AM]get account list success: [{"innerid":"HEDV35FASG-DGW423A-34TGGW53AAD66","name":"乐逛演示","org_id":"1","shop_id":null,"settlement_id":null,"method_code":1,"method_code_key":"wechat_test3_1","function_mask":"10","config":"{\"accountid\":\"gh_92368265694f\",\"fee_type\":\"CNY\",\"appid\":\"wx39bf9ff3da6fc1e7\",\"appsecret\":\"e00fc51118b318fb99cff35d217865fc\",\"mch_id\":\"1287801701\",\"sub_mch_id\":\"\",\"sign_key\":\"smartpaysmartpaysmartpaysmartpay\",\"key_file\":\"apiclient_key.pem\",\"cert_file\":\"apiclient_cert.pem\",\"pay_authorization_dir\":[\"\",\"\",\"\"],\"pay_native_callback\":\"\",\"pay_finish_notify\":\"1\",\"pay_alarm_notify\":\"\"}","enabled":1,"desc":null},{"innerid":"SE43RG3ASG-34GWW55A-34TG43HER452","name":"短信测试一","org_id":"1","shop_id":null,"settlement_id":null,"method_code":2,"method_code_key":"wechat_test1_2","function_mask":"10","config":"{\"url\" : \"http://211.147.239.62:9050/cgi-bin/sendsms\",\"username\" : \"shopperconnect@smartac\",\"password\" : \"shopCNT@smartc2016\"}","enabled":1,"desc":null},{"innerid":"SMFGSW423GWS-G43HTEHE2-HHEDR5462HS","name":"邮件测试一","org_id":"1","shop_id":null,"settlement_id":null,"method_code":3,"method_code_key":"wechat_test1_3","function_mask":"10","config":"{\"smtpserver\" : \"smtp.163.com\",\"port\": 25,\"username\" : \"zyqtest5@163.com\",\"password\" : \"zyqtest5881119\",\"SSL\":false}","enabled":1,"desc":null}]
[I] 17:09:59.365(000000000012E954):[AMQP5]AMQP5 connect 'amqp://guest:guest@172.16.0.81:5672' success!
[I] 17:09:59.368(000000000012E954):[AMQP6]AMQP6 connect 'amqp://guest:guest@172.16.0.81:5672' success!
[I] 17:09:59.369(000000000012E954):[AMQP8]AMQP8 connect 'amqp://guest:guest@172.16.0.81:5672' success!
[I] 17:09:59.370(000000000012E954):[AMQP7]AMQP7 connect 'amqp://guest:guest@172.16.0.81:5672' success!
[I] 17:09:59.371(000000000012E954):[AMQP0]AMQP0 connect 'amqp://guest:guest@172.16.0.81:5672' success!
[I] 17:09:59.371(000000000012E954):[AMQP1]AMQP1 connect 'amqp://guest:guest@172.16.0.81:5672' success!
[I] 17:09:59.372(000000000012E954):[AMQP4]AMQP4 connect 'amqp://guest:guest@172.16.0.81:5672' success!
[I] 17:09:59.384(000000000012E954):[AMQP5]success declare exchange 'amq.direct'
[I] 17:09:59.385(000000000012E954):[AMQP1]success declare exchange 'amq.direct'
[I] 17:09:59.385(000000000012E954):[AMQP7]success declare exchange 'amq.direct'
[I] 17:09:59.387(000000000012E954):[AMQP6]success declare exchange 'amq.direct'
[I] 17:09:59.387(000000000012E954):[AMQP8]success declare exchange 'amq.direct'
[I] 17:09:59.388(000000000012E954):[AMQP4]success declare exchange 'amq.direct'
[I] 17:09:59.389(000000000012E954):[AMQP0]success declare queue 'cf.rpc.785db580a29a11e7aa31c1dd494152e2'
[I] 17:09:59.389(000000000012E954):[AMQP5]success declare queue 'cf.wechat.rpc.78bbdb10a29a11e7aa31c1dd494152e2'
[I] 17:09:59.390(000000000012E954):[AMQP7]success declare queue 'sc.task.rpc.78bd88c0a29a11e7aa31c1dd494152e2'
[I] 17:09:59.391(000000000012E954):[AMQP0]success consume 'cf.rpc.785db580a29a11e7aa31c1dd494152e2'
[I] 17:09:59.392(000000000012E954):[AMQP5]success consume 'cf.wechat.rpc.78bbdb10a29a11e7aa31c1dd494152e2'
[I] 17:09:59.393(000000000012E954):[AMQP8]success declare queue 'cf.wechat.rpc.78bff9c0a29a11e7aa31c1dd494152e2'
[I] 17:09:59.394(000000000012E954):[AMQP1]success declare queue 'cf.wechat.rpc.78a63030a29a11e7aa31c1dd494152e2'
[I] 17:09:59.395(000000000012E954):[AMQP6]success declare queue 'cf.wechat.rpc.78bc9e60a29a11e7aa31c1dd494152e2'
[I] 17:09:59.395(000000000012E954):[AMQP7]success consume 'sc.task.rpc.78bd88c0a29a11e7aa31c1dd494152e2'
[I] 17:09:59.396(000000000012E954):[AMQP4]success declare queue 'cf.app.rpc.78baf0b0a29a11e7aa31c1dd494152e2'
[I] 17:09:59.396(000000000012E954):[AMQP0]success binding 'amq.direct'->'cf.rpc.785db580a29a11e7aa31c1dd494152e2'(cf.rpc.785db580a29a11e7aa31c1dd494152e2)
[I] 17:09:59.397(000000000012E954):[AMQP5]success binding 'amq.direct'->'cf.wechat.rpc.78bbdb10a29a11e7aa31c1dd494152e2'(cf.wechat.rpc.78bbdb10a29a11e7aa31c1dd494152e2)
[I] 17:09:59.397(000000000012E954):[AMQP8]success consume 'cf.wechat.rpc.78bff9c0a29a11e7aa31c1dd494152e2'
[I] 17:09:59.398(000000000012E954):[AMQP1]success consume 'cf.wechat.rpc.78a63030a29a11e7aa31c1dd494152e2'
[I] 17:09:59.398(000000000012E954):[AMQP4]success consume 'cf.app.rpc.78baf0b0a29a11e7aa31c1dd494152e2'
[I] 17:09:59.398(000000000012E954):[AMQP6]success consume 'cf.wechat.rpc.78bc9e60a29a11e7aa31c1dd494152e2'
[I] 17:09:59.399(000000000012E954):[AMQP7]success binding 'amq.direct'->'sc.task.rpc.78bd88c0a29a11e7aa31c1dd494152e2'(sc.task.rpc.78bd88c0a29a11e7aa31c1dd494152e2)
[I] 17:09:59.401(000000000012E954):[AMQP0]success declare queue 'cf.wechat.rpc.7871d9c0a29a11e7aa31c1dd494152e2'
[I] 17:09:59.401(000000000012E954):[AMQP8]success binding 'amq.direct'->'cf.wechat.rpc.78bff9c0a29a11e7aa31c1dd494152e2'(cf.wechat.rpc.78bff9c0a29a11e7aa31c1dd494152e2)
[I] 17:09:59.402(000000000012E954):[AMQP6]success binding 'amq.direct'->'cf.wechat.rpc.78bc9e60a29a11e7aa31c1dd494152e2'(cf.wechat.rpc.78bc9e60a29a11e7aa31c1dd494152e2)
[I] 17:09:59.403(000000000012E954):[AMQP1]success binding 'amq.direct'->'cf.wechat.rpc.78a63030a29a11e7aa31c1dd494152e2'(cf.wechat.rpc.78a63030a29a11e7aa31c1dd494152e2)
[I] 17:09:59.403(000000000012E954):[AMQP4]success binding 'amq.direct'->'cf.app.rpc.78baf0b0a29a11e7aa31c1dd494152e2'(cf.app.rpc.78baf0b0a29a11e7aa31c1dd494152e2)
[I] 17:09:59.404(000000000012E954):[AMQP7]success declare queue 'sr.customer.rewardfail.78bd88c1a29a11e7aa31c1dd494152e2'
[I] 17:09:59.404(000000000012E954):[AMQP0]success consume 'cf.wechat.rpc.7871d9c0a29a11e7aa31c1dd494152e2'
[I] 17:09:59.406(000000000012E954):[AMQP7]success consume 'sr.customer.rewardfail.78bd88c1a29a11e7aa31c1dd494152e2'
[I] 17:09:59.407(000000000012E954):[AMQP0]success binding 'amq.direct'->'cf.wechat.rpc.7871d9c0a29a11e7aa31c1dd494152e2'(cf.wechat.rpc.7871d9c0a29a11e7aa31c1dd494152e2)
[I] 17:09:59.407(000000000012E954):[AMQP4]success declare queue 'cf.wechat.rpc.78bb17c0a29a11e7aa31c1dd494152e2'
[I] 17:09:59.408(000000000012E954):[AMQP7]success binding 'amq.direct'->'sr.customer.rewardfail.78bd88c1a29a11e7aa31c1dd494152e2'(sr.customer.rewardfail.78bd88c1a29a11e7aa31c1dd494152e2)
[I] 17:09:59.409(000000000012E954):[AMQP0]success declare exchange 'cf.wechat.notify'
[I] 17:09:59.409(000000000012E954):[AMQP4]success consume 'cf.wechat.rpc.78bb17c0a29a11e7aa31c1dd494152e2'
[I] 17:09:59.417(000000000012E954):[AMQP4]success binding 'amq.direct'->'cf.wechat.rpc.78bb17c0a29a11e7aa31c1dd494152e2'(cf.wechat.rpc.78bb17c0a29a11e7aa31c1dd494152e2)
[I] 17:09:59.418(000000000012E954):[AMQP0]success declare queue 'jiaxingwang.sc_admin.wechat.787d9990a29a11e7aa31c1dd494152e2'
[I] 17:09:59.420(000000000012E954):[AMQP0]success consume 'jiaxingwang.sc_admin.wechat.787d9990a29a11e7aa31c1dd494152e2'
[I] 17:09:59.429(000000000012E954):[AMQP4]success declare queue 'cf.rpc.78bb17c1a29a11e7aa31c1dd494152e2'
[I] 17:09:59.430(000000000012E954):[AMQP0]success binding 'cf.wechat.notify'->'jiaxingwang.sc_admin.wechat.787d9990a29a11e7aa31c1dd494152e2'(#)
[I] 17:09:59.431(000000000012E954):[AMQP4]success consume 'cf.rpc.78bb17c1a29a11e7aa31c1dd494152e2'
[I] 17:09:59.435(000000000012E954):[AMQP4]success binding 'amq.direct'->'cf.rpc.78bb17c1a29a11e7aa31c1dd494152e2'(cf.rpc.78bb17c1a29a11e7aa31c1dd494152e2)
[I] 17:09:59.435(000000000012E954):[AMQP0]success declare queue 'cf.app.rpc.787d9991a29a11e7aa31c1dd494152e2'
[I] 17:09:59.445(000000000012E954):[AMQP0]success consume 'cf.app.rpc.787d9991a29a11e7aa31c1dd494152e2'
[I] 17:09:59.447(000000000012E954):[AMQP4]success declare queue 'sc.task.rpc.78bb3ed0a29a11e7aa31c1dd494152e2'
[I] 17:09:59.448(000000000012E954):[AMQP0]success binding 'amq.direct'->'cf.app.rpc.787d9991a29a11e7aa31c1dd494152e2'(cf.app.rpc.787d9991a29a11e7aa31c1dd494152e2)
[I] 17:09:59.449(000000000012E954):[AMQP4]success consume 'sc.task.rpc.78bb3ed0a29a11e7aa31c1dd494152e2'
[I] 17:09:59.452(000000000012E954):[AMQP4]success binding 'amq.direct'->'sc.task.rpc.78bb3ed0a29a11e7aa31c1dd494152e2'(sc.task.rpc.78bb3ed0a29a11e7aa31c1dd494152e2)
[I] 17:09:59.453(000000000012E954):[AMQP0]success declare queue 'cf.alipay.rpc.787fbc70a29a11e7aa31c1dd494152e2'
[I] 17:09:59.455(000000000012E954):[AMQP0]success consume 'cf.alipay.rpc.787fbc70a29a11e7aa31c1dd494152e2'
[I] 17:09:59.457(000000000012E954):[AMQP0]success binding 'amq.direct'->'cf.alipay.rpc.787fbc70a29a11e7aa31c1dd494152e2'(cf.alipay.rpc.787fbc70a29a11e7aa31c1dd494152e2)
[I] 17:09:59.460(000000000012E954):[AMQP0]success declare queue 'cf.ding.rpc.78811c00a29a11e7aa31c1dd494152e2'
[I] 17:09:59.462(000000000012E954):[AMQP0]success consume 'cf.ding.rpc.78811c00a29a11e7aa31c1dd494152e2'
[I] 17:09:59.464(000000000012E954):[AMQP0]success binding 'amq.direct'->'cf.ding.rpc.78811c00a29a11e7aa31c1dd494152e2'(cf.ding.rpc.78811c00a29a11e7aa31c1dd494152e2)
[I] 17:09:59.467(000000000012E954):[AMQP0]success declare exchange 'cf.ding.notify'
[I] 17:09:59.471(000000000012E954):[AMQP0]success declare queue 'jiaxingwang.sc_admin.ding.7882f0c0a29a11e7aa31c1dd494152e2'
[I] 17:09:59.474(000000000012E954):[AMQP0]success consume 'jiaxingwang.sc_admin.ding.7882f0c0a29a11e7aa31c1dd494152e2'
[I] 17:09:59.476(000000000012E954):[AMQP0]success binding 'cf.ding.notify'->'jiaxingwang.sc_admin.ding.7882f0c0a29a11e7aa31c1dd494152e2'(#)
[I] 17:09:59.479(000000000012E954):[AMQP0]success declare queue 'sr.customer.rpc.78845050a29a11e7aa31c1dd494152e2'
[I] 17:09:59.482(000000000012E954):[AMQP0]success consume 'sr.customer.rpc.78845050a29a11e7aa31c1dd494152e2'
[I] 17:09:59.485(000000000012E954):[AMQP0]success binding 'amq.direct'->'sr.customer.rpc.78845050a29a11e7aa31c1dd494152e2'(sr.customer.rpc.78845050a29a11e7aa31c1dd494152e2)
[I] 17:09:59.486(000000000012E954):[AMQP0]success declare exchange 'amq.direct'
[I] 17:09:59.489(000000000012E954):[AMQP0]success declare queue 'sc.task.rpc.78a71a90a29a11e7aa31c1dd494152e2'
[I] 17:09:59.490(000000000012E954):[AMQP0]success consume 'sc.task.rpc.78a71a90a29a11e7aa31c1dd494152e2'
[I] 17:09:59.492(000000000012E954):[AMQP0]success binding 'amq.direct'->'sc.task.rpc.78a71a90a29a11e7aa31c1dd494152e2'(sc.task.rpc.78a71a90a29a11e7aa31c1dd494152e2)
[I] 17:09:59.495(000000000012E954):[AMQP0]success declare queue 'sr.customer.tag.rpc.78abae70a29a11e7aa31c1dd494152e2'
[I] 17:09:59.497(000000000012E954):[AMQP0]success consume 'sr.customer.tag.rpc.78abae70a29a11e7aa31c1dd494152e2'
[I] 17:09:59.500(000000000012E954):[AMQP0]success binding 'amq.direct'->'sr.customer.tag.rpc.78abae70a29a11e7aa31c1dd494152e2'(sr.customer.tag.rpc.78abae70a29a11e7aa31c1dd494152e2)
[I] 17:09:59.503(000000000012E954):[AMQP0]success declare queue 'sr.customer.point.rpc.78abd580a29a11e7aa31c1dd494152e2'
[I] 17:09:59.505(000000000012E954):[AMQP0]success consume 'sr.customer.point.rpc.78abd580a29a11e7aa31c1dd494152e2'
[I] 17:09:59.507(000000000012E954):[AMQP0]success binding 'amq.direct'->'sr.customer.point.rpc.78abd580a29a11e7aa31c1dd494152e2'(sr.customer.point.rpc.78abd580a29a11e7aa31c1dd494152e2)
[I] 17:09:59.510(000000000012E954):[AMQP0]success declare queue 'sr.customer.coupon_class.rpc.78afa610a29a11e7aa31c1dd494152e2'
[I] 17:09:59.512(000000000012E954):[AMQP0]success consume 'sr.customer.coupon_class.rpc.78afa610a29a11e7aa31c1dd494152e2'
[I] 17:09:59.515(000000000012E954):[AMQP0]success binding 'amq.direct'->'sr.customer.coupon_class.rpc.78afa610a29a11e7aa31c1dd494152e2'(sr.customer.coupon_class.rpc.78afa610a29a11e7aa31c1dd494152e2)
[I] 17:09:59.518(000000000012E954):[AMQP0]success declare queue 'sr.customer.coupon.rpc.78afcd20a29a11e7aa31c1dd494152e2'
[I] 17:09:59.520(000000000012E954):[AMQP0]success consume 'sr.customer.coupon.rpc.78afcd20a29a11e7aa31c1dd494152e2'
[I] 17:09:59.522(000000000012E954):[AMQP0]success binding 'amq.direct'->'sr.customer.coupon.rpc.78afcd20a29a11e7aa31c1dd494152e2'(sr.customer.coupon.rpc.78afcd20a29a11e7aa31c1dd494152e2)
[I] 17:09:59.526(000000000012E954):[AMQP0]success declare queue 'cf.wxpay.rpc.78b30170a29a11e7aa31c1dd494152e2'
[I] 17:09:59.528(000000000012E954):[AMQP0]success consume 'cf.wxpay.rpc.78b30170a29a11e7aa31c1dd494152e2'
[I] 17:09:59.530(000000000012E954):[AMQP0]success binding 'amq.direct'->'cf.wxpay.rpc.78b30170a29a11e7aa31c1dd494152e2'(cf.wxpay.rpc.78b30170a29a11e7aa31c1dd494152e2)
[I] 17:09:59.533(000000000012E954):[AMQP0]success declare queue 'cf.baidu.rpc.78b83190a29a11e7aa31c1dd494152e2'
[I] 17:09:59.541(000000000012E954):[AMQP0]success consume 'cf.baidu.rpc.78b83190a29a11e7aa31c1dd494152e2'
[I] 17:09:59.543(000000000012E954):[AMQP0]success binding 'amq.direct'->'cf.baidu.rpc.78b83190a29a11e7aa31c1dd494152e2'(cf.baidu.rpc.78b83190a29a11e7aa31c1dd494152e2)
[I] 17:09:59.546(000000000012E954):[AMQP0]success declare queue 'sr.trade.rpc.78bee850a29a11e7aa31c1dd494152e2'
[I] 17:09:59.547(000000000012E954):[AMQP0]success consume 'sr.trade.rpc.78bee850a29a11e7aa31c1dd494152e2'
[I] 17:09:59.555(000000000012E954):[AMQP0]success binding 'amq.direct'->'sr.trade.rpc.78bee850a29a11e7aa31c1dd494152e2'(sr.trade.rpc.78bee850a29a11e7aa31c1dd494152e2)
[I] 17:09:59.808(000000000012D788):[AMQP0]created
[I] 17:09:59.818(000000000012D788):[AMQP0]declare queue 'cf.rpc.7914f790a29a11e78ee017db95a7112b'
[I] 17:09:59.819(000000000012D788):[RPCC:cf.rpc]create rpc client 'cf.rpc' in conn AMQP0
[I] 17:09:59.928(000000000012D788):PBEncoder success load file 'E:\product\protocol\cf.proto.js'
[I] 17:09:59.929(000000000012D788):[AMQP0]declare queue 'cf.wechat.rpc.7925e780a29a11e78ee017db95a7112b'
[I] 17:09:59.929(000000000012D788):[RPCC:cf.wechat.rpc]create rpc client 'cf.wechat.rpc' in conn AMQP0
[I] 17:09:59.989(000000000012D788):PBEncoder success load file 'E:\product\protocol\cf_wechat.proto.js'
[I] 17:09:59.989(000000000012D788):[AMQP0]declare exchange 'cf.wechat.notify'
[I] 17:09:59.989(000000000012D788):[AMQP0]declare queue 'jiaxingwang.sc_admin.wechat.792f3650a29a11e78ee017db95a7112b'
[I] 17:09:59.990(000000000012D788):[AMQP0]declare queue 'cf.app.rpc.792f5d60a29a11e78ee017db95a7112b'
[I] 17:09:59.990(000000000012D788):[RPCC:cf.app.rpc]create rpc client 'cf.app.rpc' in conn AMQP0
[I] 17:09:59.994(000000000012D788):PBEncoder success load file 'E:\product\protocol\cf_app.proto.js'
[I] 17:09:59.995(000000000012D788):[AMQP0]declare queue 'cf.alipay.rpc.793020b0a29a11e78ee017db95a7112b'
[I] 17:09:59.995(000000000012D788):[RPCC:cf.alipay.rpc]create rpc client 'cf.alipay.rpc' in conn AMQP0
[I] 17:10:00.004(000000000012D788):PBEncoder success load file 'E:\product\protocol\cf_alipay.proto.js'
[I] 17:10:00.004(000000000012D788):[AMQP0]declare queue 'cf.ding.rpc.79318040a29a11e78ee017db95a7112b'
[I] 17:10:00.004(000000000012D788):[RPCC:cf.ding.rpc]create rpc client 'cf.ding.rpc' in conn AMQP0
[I] 17:10:00.016(000000000012D788):PBEncoder success load file 'E:\product\protocol\cf_ding.proto.js'
[I] 17:10:00.017(000000000012D788):[AMQP0]declare exchange 'cf.ding.notify'
[I] 17:10:00.018(000000000012D788):[AMQP0]declare queue 'jiaxingwang.sc_admin.ding.7933a320a29a11e78ee017db95a7112b'
[I] 17:10:00.018(000000000012D788):[AM]init and reload account!
[I] 17:10:00.022(000000000012D788):[AM]reload account success, account number is: 0
[I] 17:10:00.026(000000000012D788):[AMQP0]declare queue 'sr.customer.rpc.7934dba0a29a11e78ee017db95a7112b'
[I] 17:10:00.027(000000000012D788):[RPCC:sr.customer.rpc]create rpc client 'sr.customer.rpc' in conn AMQP0
[D] 17:10:00.032(000000000012E4AC):worker process log socket connected!
[D] 17:10:00.020(000000000012ECEC):worker 2# ready to connect master log socket server, port=43913
[D] 17:10:00.034(000000000012ECEC):worker 2# log socket connected!
[I] 17:10:00.035(000000000012D788):PBEncoder success load file 'E:\product\protocol\sr_customer.proto.js'
[W] 17:10:00.036(000000000012D788):[AMQP0]rpc client 'cf.rpc' declare repeat!
[W] 17:10:00.036(000000000012D788):[AMQP0]rpc client 'cf.wechat.rpc' declare repeat!
[W] 17:10:00.037(000000000012D788):[AMQP0]rpc client 'cf.app.rpc' declare repeat!
[I] 17:10:00.214(000000000012D788):PBEncoder success load file 'E:\product\protocol\sc_system.proto.js'
[I] 17:10:00.288(000000000012D788):[AMQP1]created
[I] 17:10:00.289(000000000012D788):[AMQP1]declare exchange 'amq.direct'
[I] 17:10:00.290(000000000012D788):[AMQP1]declare queue 'cf.wechat.rpc.795cfd10a29a11e78ee017db95a7112b'
[I] 17:10:00.290(000000000012D788):[RPCC:cf.wechat.rpc]create rpc client 'cf.wechat.rpc' in conn AMQP1
[I] 17:10:00.291(000000000012D788):[AMQP2]created
[I] 17:10:00.298(000000000012D788):[AMQP0]declare exchange 'amq.direct'
[I] 17:10:00.304(000000000012D788):[AMQP0]declare queue 'sc.task.rpc.795e5ca0a29a11e78ee017db95a7112b'
[I] 17:10:00.304(000000000012D788):[RPCC:sc.task.rpc]create rpc client 'sc.task.rpc' in conn AMQP0
[I] 17:10:00.316(000000000012D788):PBEncoder success load file 'E:\product\protocol\sc_task.proto.js'
[I] 17:10:00.343(000000000012D788):[AMQP0]declare queue 'sr.customer.tag.rpc.79653a70a29a11e78ee017db95a7112b'
[I] 17:10:00.343(000000000012D788):[RPCC:sr.customer.tag.rpc]create rpc client 'sr.customer.tag.rpc' in conn AMQP0
[I] 17:10:00.344(000000000012D788):[AMQP0]declare queue 'sr.customer.point.rpc.79653a71a29a11e78ee017db95a7112b'
[I] 17:10:00.344(000000000012D788):[RPCC:sr.customer.point.rpc]create rpc client 'sr.customer.point.rpc' in conn AMQP0
[I] 17:10:00.351(000000000012D788):PBEncoder success load file 'E:\product\protocol\sr_customer_point.proto.js'
[I] 17:10:00.357(000000000012D788):PBEncoder success load file 'E:\product\protocol\sr_customer_tag.proto.js'
[W] 17:10:00.366(000000000012D788):[AMQP0]rpc client 'cf.wechat.rpc' declare repeat!
[I] 17:10:00.366(000000000012D788):[AMQP0]declare queue 'sr.customer.coupon_class.rpc.7968bce0a29a11e78ee017db95a7112b'
[I] 17:10:00.367(000000000012D788):[RPCC:sr.customer.coupon_class.rpc]create rpc client 'sr.customer.coupon_class.rpc' in conn AMQP0
[I] 17:10:00.367(000000000012D788):[AMQP0]declare queue 'sr.customer.coupon.rpc.7968e3f0a29a11e78ee017db95a7112b'
[I] 17:10:00.367(000000000012D788):[RPCC:sr.customer.coupon.rpc]create rpc client 'sr.customer.coupon.rpc' in conn AMQP0
[I] 17:10:00.378(000000000012D788):PBEncoder success load file 'E:\product\protocol\sr_customer_coupon.proto.js'
[W] 17:10:00.379(000000000012D788):[AMQP0]rpc client 'cf.wechat.rpc' declare repeat!
[I] 17:10:00.379(000000000012D788):[AMQP0]declare queue 'cf.wxpay.rpc.796ab8b0a29a11e78ee017db95a7112b'
[I] 17:10:00.379(000000000012D788):[RPCC:cf.wxpay.rpc]create rpc client 'cf.wxpay.rpc' in conn AMQP0
[I] 17:10:00.392(000000000012D788):PBEncoder success load file 'E:\product\protocol\cf_wxpay.proto.js'
[W] 17:10:00.392(000000000012D788):[AMQP0]rpc client 'sr.customer.point.rpc' declare repeat!
[W] 17:10:00.399(000000000012D788):[AMQP0]exchange amq.direct already declare!!
[W] 17:10:00.399(000000000012D788):[AMQP0]rpc client 'sr.customer.rpc' declare repeat!
[W] 17:10:00.400(000000000012D788):[AMQP0]rpc client 'sr.customer.coupon.rpc' declare repeat!
[W] 17:10:00.400(000000000012D788):[AMQP0]rpc client 'cf.wechat.rpc' declare repeat!
[W] 17:10:00.402(000000000012D788):[AMQP0]exchange amq.direct already declare!!
[I] 17:10:00.402(000000000012D788):[AMQP0]declare queue 'cf.baidu.rpc.796e3b20a29a11e78ee017db95a7112b'
[I] 17:10:00.402(000000000012D788):[RPCC:cf.baidu.rpc]create rpc client 'cf.baidu.rpc' in conn AMQP0
[I] 17:10:00.406(000000000012D788):PBEncoder success load file 'E:\product\protocol\cf_baidu.proto.js'
[I] 17:10:00.411(000000000012D788):[AMQP3]created
[I] 17:10:00.419(000000000012D788):[AMQP4]created
[I] 17:10:00.420(000000000012D788):[AMQP4]declare exchange 'amq.direct'
[I] 17:10:00.420(000000000012D788):[AMQP4]declare queue 'cf.app.rpc.7970fa40a29a11e78ee017db95a7112b'
[I] 17:10:00.420(000000000012D788):[RPCC:cf.app.rpc]create rpc client 'cf.app.rpc' in conn AMQP4
[I] 17:10:00.420(000000000012D788):[AMQP4]declare queue 'cf.wechat.rpc.7970fa41a29a11e78ee017db95a7112b'
[I] 17:10:00.421(000000000012D788):[RPCC:cf.wechat.rpc]create rpc client 'cf.wechat.rpc' in conn AMQP4
[I] 17:10:00.421(000000000012D788):[AMQP4]declare queue 'cf.rpc.79712150a29a11e78ee017db95a7112b'
[I] 17:10:00.421(000000000012D788):[RPCC:cf.rpc]create rpc client 'cf.rpc' in conn AMQP4
[I] 17:10:00.421(000000000012D788):[AMQP4]declare queue 'sc.task.rpc.79712151a29a11e78ee017db95a7112b'
[I] 17:10:00.422(000000000012D788):[RPCC:sc.task.rpc]create rpc client 'sc.task.rpc' in conn AMQP4
[I] 17:10:00.425(000000000012D788):[AMQP5]created
[I] 17:10:00.425(000000000012D788):[AMQP5]declare exchange 'amq.direct'
[I] 17:10:00.426(000000000012D788):[AMQP5]declare queue 'cf.wechat.rpc.7971e4a0a29a11e78ee017db95a7112b'
[I] 17:10:00.426(000000000012D788):[RPCC:cf.wechat.rpc]create rpc client 'cf.wechat.rpc' in conn AMQP5
[W] 17:10:00.428(000000000012D788):[AMQP0]rpc client 'sr.customer.point.rpc' declare repeat!
[I] 17:10:00.430(000000000012D788):[AMQP6]created
[I] 17:10:00.431(000000000012D788):[AMQP6]declare exchange 'amq.direct'
[I] 17:10:00.431(000000000012D788):[AMQP6]declare queue 'cf.wechat.rpc.7972a7f0a29a11e78ee017db95a7112b'
[I] 17:10:00.431(000000000012D788):[RPCC:cf.wechat.rpc]create rpc client 'cf.wechat.rpc' in conn AMQP6
[I] 17:10:00.436(000000000012D788):[AMQP7]created
[I] 17:10:00.436(000000000012D788):[AMQP7]declare exchange 'amq.direct'
[I] 17:10:00.437(000000000012D788):[AMQP7]declare queue 'sc.task.rpc.79739250a29a11e78ee017db95a7112b'
[I] 17:10:00.437(000000000012D788):[RPCC:sc.task.rpc]create rpc client 'sc.task.rpc' in conn AMQP7
[I] 17:10:00.437(000000000012D788):[AMQP7]declare queue 'sr.customer.rewardfail.79739251a29a11e78ee017db95a7112b'
[I] 17:10:00.437(000000000012D788):[RPCC:sr.customer.rewardfail]create rpc client 'sr.customer.rewardfail' in conn AMQP7
[W] 17:10:00.441(000000000012D788):[AMQP0]exchange amq.direct already declare!!
[W] 17:10:00.441(000000000012D788):[AMQP0]rpc client 'sr.customer.tag.rpc' declare repeat!
[W] 17:10:00.441(000000000012D788):[AMQP0]rpc client 'sc.task.rpc' declare repeat!
[W] 17:10:00.444(000000000012D788):[AMQP0]exchange amq.direct already declare!!
[I] 17:10:00.444(000000000012D788):[AMQP0]declare queue 'sr.trade.rpc.7974a3c0a29a11e78ee017db95a7112b'
[I] 17:10:00.444(000000000012D788):[RPCC:sr.trade.rpc]create rpc client 'sr.trade.rpc' in conn AMQP0
[I] 17:10:00.448(000000000012D788):PBEncoder success load file 'E:\product\protocol\sr_trade.proto.js'
[I] 17:10:00.451(000000000012D788):[AMQP8]created
[I] 17:10:00.452(000000000012D788):[AMQP8]declare exchange 'amq.direct'
[I] 17:10:00.452(000000000012D788):[AMQP8]declare queue 'cf.wechat.rpc.7975dc40a29a11e78ee017db95a7112b'
[I] 17:10:00.452(000000000012D788):[RPCC:cf.wechat.rpc]create rpc client 'cf.wechat.rpc' in conn AMQP8
[T] 17:10:00.471(000000000012D788):Http is running,port is 18910
[I] 17:10:00.476(000000000012D788):[redis]redis connect
[I] 17:10:00.489(000000000012D788):[redis]redis ready
[I] 17:10:00.490(000000000012D788):[MP1]create connection #0
[T] 17:10:00.490(000000000012D788):[MP1]getConnection success,getIndex=0
[I] 17:10:00.496(000000000012D788):[MP1]create connection #1
[T] 17:10:00.496(000000000012D788):[MP1]getConnection success,getIndex=1
[T] 17:10:00.499(000000000012D788):[MySQL]Query success,used time:7 ms,sql="select * from cf_account where enabled=1 and function_mask like \"1%\""
[T] 17:10:00.501(000000000012D788):getConnection release,getIndex=0
[I] 17:10:00.502(000000000012D788):[AM]get account list success: [{"innerid":"HEDV35FASG-DGW423A-34TGGW53AAD66","name":"乐逛演示","org_id":"1","shop_id":null,"settlement_id":null,"method_code":1,"method_code_key":"wechat_test3_1","function_mask":"10","config":"{\"accountid\":\"gh_92368265694f\",\"fee_type\":\"CNY\",\"appid\":\"wx39bf9ff3da6fc1e7\",\"appsecret\":\"e00fc51118b318fb99cff35d217865fc\",\"mch_id\":\"1287801701\",\"sub_mch_id\":\"\",\"sign_key\":\"smartpaysmartpaysmartpaysmartpay\",\"key_file\":\"apiclient_key.pem\",\"cert_file\":\"apiclient_cert.pem\",\"pay_authorization_dir\":[\"\",\"\",\"\"],\"pay_native_callback\":\"\",\"pay_finish_notify\":\"1\",\"pay_alarm_notify\":\"\"}","enabled":1,"desc":null},{"innerid":"SE43RG3ASG-34GWW55A-34TG43HER452","name":"短信测试一","org_id":"1","shop_id":null,"settlement_id":null,"method_code":2,"method_code_key":"wechat_test1_2","function_mask":"10","config":"{\"url\" : \"http://211.147.239.62:9050/cgi-bin/sendsms\",\"username\" : \"shopperconnect@smartac\",\"password\" : \"shopCNT@smartc2016\"}","enabled":1,"desc":null},{"innerid":"SMFGSW423GWS-G43HTEHE2-HHEDR5462HS","name":"邮件测试一","org_id":"1","shop_id":null,"settlement_id":null,"method_code":3,"method_code_key":"wechat_test1_3","function_mask":"10","config":"{\"smtpserver\" : \"smtp.163.com\",\"port\": 25,\"username\" : \"zyqtest5@163.com\",\"password\" : \"zyqtest5881119\",\"SSL\":false}","enabled":1,"desc":null}]
[T] 17:10:00.511(000000000012D788):[MySQL]Query success,used time:10 ms,sql="SELECT * FROM `sc_org`"
[T] 17:10:00.511(000000000012D788):getConnection release,getIndex=1
[I] 17:10:00.538(000000000012D788):[AMQP0]AMQP0 connect 'amqp://guest:guest@172.16.0.81:5672' success!
[I] 17:10:00.548(000000000012D788):[AMQP5]AMQP5 connect 'amqp://guest:guest@172.16.0.81:5672' success!
[I] 17:10:00.549(000000000012D788):[AMQP8]AMQP8 connect 'amqp://guest:guest@172.16.0.81:5672' success!
[I] 17:10:00.549(000000000012D788):[AMQP4]AMQP4 connect 'amqp://guest:guest@172.16.0.81:5672' success!
[I] 17:10:00.550(000000000012D788):[AMQP7]AMQP7 connect 'amqp://guest:guest@172.16.0.81:5672' success!
[I] 17:10:00.553(000000000012D788):[AMQP6]AMQP6 connect 'amqp://guest:guest@172.16.0.81:5672' success!
[I] 17:10:00.554(000000000012D788):[AMQP1]AMQP1 connect 'amqp://guest:guest@172.16.0.81:5672' success!
[I] 17:10:00.556(000000000012D788):[AMQP0]success declare queue 'cf.rpc.7914f790a29a11e78ee017db95a7112b'
[I] 17:10:00.560(000000000012D788):[AMQP0]success consume 'cf.rpc.7914f790a29a11e78ee017db95a7112b'
[I] 17:10:00.562(000000000012D788):[AMQP6]success declare exchange 'amq.direct'
[I] 17:10:00.563(000000000012D788):[AMQP5]success declare exchange 'amq.direct'
[I] 17:10:00.563(000000000012D788):[AMQP1]success declare exchange 'amq.direct'
[I] 17:10:00.564(000000000012D788):[AMQP8]success declare exchange 'amq.direct'
[I] 17:10:00.564(000000000012D788):[AMQP4]success declare exchange 'amq.direct'
[I] 17:10:00.565(000000000012D788):[AMQP7]success declare exchange 'amq.direct'
[I] 17:10:00.565(000000000012D788):[AMQP0]success binding 'amq.direct'->'cf.rpc.7914f790a29a11e78ee017db95a7112b'(cf.rpc.7914f790a29a11e78ee017db95a7112b)
[I] 17:10:00.568(000000000012D788):[AMQP6]success declare queue 'cf.wechat.rpc.7972a7f0a29a11e78ee017db95a7112b'
[I] 17:10:00.569(000000000012D788):[AMQP1]success declare queue 'cf.wechat.rpc.795cfd10a29a11e78ee017db95a7112b'
[I] 17:10:00.570(000000000012D788):[AMQP8]success declare queue 'cf.wechat.rpc.7975dc40a29a11e78ee017db95a7112b'
[I] 17:10:00.571(000000000012D788):[AMQP6]success consume 'cf.wechat.rpc.7972a7f0a29a11e78ee017db95a7112b'
[I] 17:10:00.572(000000000012D788):[AMQP5]success declare queue 'cf.wechat.rpc.7971e4a0a29a11e78ee017db95a7112b'
[I] 17:10:00.572(000000000012D788):[AMQP1]success consume 'cf.wechat.rpc.795cfd10a29a11e78ee017db95a7112b'
[I] 17:10:00.573(000000000012D788):[AMQP4]success declare queue 'cf.app.rpc.7970fa40a29a11e78ee017db95a7112b'
[I] 17:10:00.574(000000000012D788):[AMQP7]success declare queue 'sc.task.rpc.79739250a29a11e78ee017db95a7112b'
[I] 17:10:00.574(000000000012D788):[AMQP8]success consume 'cf.wechat.rpc.7975dc40a29a11e78ee017db95a7112b'
[I] 17:10:00.575(000000000012D788):[AMQP0]success declare queue 'cf.wechat.rpc.7925e780a29a11e78ee017db95a7112b'
[I] 17:10:00.575(000000000012D788):[AMQP5]success consume 'cf.wechat.rpc.7971e4a0a29a11e78ee017db95a7112b'
[I] 17:10:00.576(000000000012D788):[AMQP6]success binding 'amq.direct'->'cf.wechat.rpc.7972a7f0a29a11e78ee017db95a7112b'(cf.wechat.rpc.7972a7f0a29a11e78ee017db95a7112b)
[I] 17:10:00.576(000000000012D788):[AMQP7]success consume 'sc.task.rpc.79739250a29a11e78ee017db95a7112b'
[I] 17:10:00.577(000000000012D788):[AMQP4]success consume 'cf.app.rpc.7970fa40a29a11e78ee017db95a7112b'
[I] 17:10:00.578(000000000012D788):[AMQP1]success binding 'amq.direct'->'cf.wechat.rpc.795cfd10a29a11e78ee017db95a7112b'(cf.wechat.rpc.795cfd10a29a11e78ee017db95a7112b)
[I] 17:10:00.578(000000000012D788):[AMQP0]success consume 'cf.wechat.rpc.7925e780a29a11e78ee017db95a7112b'
[I] 17:10:00.580(000000000012D788):[AMQP8]success binding 'amq.direct'->'cf.wechat.rpc.7975dc40a29a11e78ee017db95a7112b'(cf.wechat.rpc.7975dc40a29a11e78ee017db95a7112b)
[I] 17:10:00.581(000000000012D788):[AMQP5]success binding 'amq.direct'->'cf.wechat.rpc.7971e4a0a29a11e78ee017db95a7112b'(cf.wechat.rpc.7971e4a0a29a11e78ee017db95a7112b)
[I] 17:10:00.581(000000000012D788):[AMQP4]success binding 'amq.direct'->'cf.app.rpc.7970fa40a29a11e78ee017db95a7112b'(cf.app.rpc.7970fa40a29a11e78ee017db95a7112b)
[I] 17:10:00.581(000000000012D788):[AMQP7]success binding 'amq.direct'->'sc.task.rpc.79739250a29a11e78ee017db95a7112b'(sc.task.rpc.79739250a29a11e78ee017db95a7112b)
[I] 17:10:00.583(000000000012D788):[AMQP0]success binding 'amq.direct'->'cf.wechat.rpc.7925e780a29a11e78ee017db95a7112b'(cf.wechat.rpc.7925e780a29a11e78ee017db95a7112b)
[I] 17:10:00.584(000000000012D788):[AMQP0]success declare exchange 'cf.wechat.notify'
[I] 17:10:00.585(000000000012D788):[AMQP4]success declare queue 'cf.wechat.rpc.7970fa41a29a11e78ee017db95a7112b'
[I] 17:10:00.585(000000000012D788):[AMQP7]success declare queue 'sr.customer.rewardfail.79739251a29a11e78ee017db95a7112b'
[I] 17:10:00.587(000000000012D788):[AMQP4]success consume 'cf.wechat.rpc.7970fa41a29a11e78ee017db95a7112b'
[I] 17:10:00.587(000000000012D788):[AMQP7]success consume 'sr.customer.rewardfail.79739251a29a11e78ee017db95a7112b'
[I] 17:10:00.589(000000000012D788):[AMQP4]success binding 'amq.direct'->'cf.wechat.rpc.7970fa41a29a11e78ee017db95a7112b'(cf.wechat.rpc.7970fa41a29a11e78ee017db95a7112b)
[I] 17:10:00.590(000000000012D788):[AMQP0]success declare queue 'jiaxingwang.sc_admin.wechat.792f3650a29a11e78ee017db95a7112b'
[I] 17:10:00.591(000000000012D788):[AMQP7]success binding 'amq.direct'->'sr.customer.rewardfail.79739251a29a11e78ee017db95a7112b'(sr.customer.rewardfail.79739251a29a11e78ee017db95a7112b)
[I] 17:10:00.592(000000000012D788):[AMQP0]success consume 'jiaxingwang.sc_admin.wechat.792f3650a29a11e78ee017db95a7112b'
[I] 17:10:00.593(000000000012D788):[AMQP4]success declare queue 'cf.rpc.79712150a29a11e78ee017db95a7112b'
[I] 17:10:00.595(000000000012D788):[AMQP0]success binding 'cf.wechat.notify'->'jiaxingwang.sc_admin.wechat.792f3650a29a11e78ee017db95a7112b'(#)
[I] 17:10:00.595(000000000012D788):[AMQP4]success consume 'cf.rpc.79712150a29a11e78ee017db95a7112b'
[I] 17:10:00.599(000000000012D788):[AMQP4]success binding 'amq.direct'->'cf.rpc.79712150a29a11e78ee017db95a7112b'(cf.rpc.79712150a29a11e78ee017db95a7112b)
[I] 17:10:00.600(000000000012D788):[AMQP0]success declare queue 'cf.app.rpc.792f5d60a29a11e78ee017db95a7112b'
[I] 17:10:00.602(000000000012D788):[AMQP0]success consume 'cf.app.rpc.792f5d60a29a11e78ee017db95a7112b'
[I] 17:10:00.604(000000000012D788):[AMQP4]success declare queue 'sc.task.rpc.79712151a29a11e78ee017db95a7112b'
[I] 17:10:00.605(000000000012D788):[AMQP0]success binding 'amq.direct'->'cf.app.rpc.792f5d60a29a11e78ee017db95a7112b'(cf.app.rpc.792f5d60a29a11e78ee017db95a7112b)
[I] 17:10:00.608(000000000012D788):[AMQP4]success consume 'sc.task.rpc.79712151a29a11e78ee017db95a7112b'
[I] 17:10:00.610(000000000012D788):[AMQP0]success declare queue 'cf.alipay.rpc.793020b0a29a11e78ee017db95a7112b'
[I] 17:10:00.612(000000000012D788):[AMQP0]success consume 'cf.alipay.rpc.793020b0a29a11e78ee017db95a7112b'
[I] 17:10:00.613(000000000012D788):[AMQP4]success binding 'amq.direct'->'sc.task.rpc.79712151a29a11e78ee017db95a7112b'(sc.task.rpc.79712151a29a11e78ee017db95a7112b)
[I] 17:10:00.615(000000000012D788):[AMQP0]success binding 'amq.direct'->'cf.alipay.rpc.793020b0a29a11e78ee017db95a7112b'(cf.alipay.rpc.793020b0a29a11e78ee017db95a7112b)
[I] 17:10:00.616(000000000012ECEC):[AMQP0]created
[I] 17:10:00.619(000000000012D788):[AMQP0]success declare queue 'cf.ding.rpc.79318040a29a11e78ee017db95a7112b'
[I] 17:10:00.620(000000000012D788):[AMQP0]success consume 'cf.ding.rpc.79318040a29a11e78ee017db95a7112b'
[I] 17:10:00.623(000000000012D788):[AMQP0]success binding 'amq.direct'->'cf.ding.rpc.79318040a29a11e78ee017db95a7112b'(cf.ding.rpc.79318040a29a11e78ee017db95a7112b)
[I] 17:10:00.625(000000000012D788):[AMQP0]success declare exchange 'cf.ding.notify'
[I] 17:10:00.626(000000000012ECEC):[AMQP0]declare queue 'cf.rpc.79904210a29a11e7b02523eee49f859d'
[I] 17:10:00.627(000000000012ECEC):[RPCC:cf.rpc]create rpc client 'cf.rpc' in conn AMQP0
[I] 17:10:00.628(000000000012D788):[AMQP0]success declare queue 'jiaxingwang.sc_admin.ding.7933a320a29a11e78ee017db95a7112b'
[I] 17:10:00.631(000000000012D788):[AMQP0]success consume 'jiaxingwang.sc_admin.ding.7933a320a29a11e78ee017db95a7112b'
[I] 17:10:00.633(000000000012D788):[AMQP0]success binding 'cf.ding.notify'->'jiaxingwang.sc_admin.ding.7933a320a29a11e78ee017db95a7112b'(#)
[I] 17:10:00.636(000000000012D788):[AMQP0]success declare queue 'sr.customer.rpc.7934dba0a29a11e78ee017db95a7112b'
[I] 17:10:00.639(000000000012D788):[AMQP0]success consume 'sr.customer.rpc.7934dba0a29a11e78ee017db95a7112b'
[I] 17:10:00.642(000000000012D788):[AMQP0]success binding 'amq.direct'->'sr.customer.rpc.7934dba0a29a11e78ee017db95a7112b'(sr.customer.rpc.7934dba0a29a11e78ee017db95a7112b)
[I] 17:10:00.644(000000000012D788):[AMQP0]success declare exchange 'amq.direct'
[I] 17:10:00.649(000000000012D788):[AMQP0]success declare queue 'sc.task.rpc.795e5ca0a29a11e78ee017db95a7112b'
[I] 17:10:00.650(000000000012D788):[AMQP0]success consume 'sc.task.rpc.795e5ca0a29a11e78ee017db95a7112b'
[I] 17:10:00.654(000000000012D788):[AMQP0]success binding 'amq.direct'->'sc.task.rpc.795e5ca0a29a11e78ee017db95a7112b'(sc.task.rpc.795e5ca0a29a11e78ee017db95a7112b)
[I] 17:10:00.658(000000000012D788):[AMQP0]success declare queue 'sr.customer.tag.rpc.79653a70a29a11e78ee017db95a7112b'
[I] 17:10:00.660(000000000012D788):[AMQP0]success consume 'sr.customer.tag.rpc.79653a70a29a11e78ee017db95a7112b'
[I] 17:10:00.662(000000000012D788):[AMQP0]success binding 'amq.direct'->'sr.customer.tag.rpc.79653a70a29a11e78ee017db95a7112b'(sr.customer.tag.rpc.79653a70a29a11e78ee017db95a7112b)
[I] 17:10:00.667(000000000012D788):[AMQP0]success declare queue 'sr.customer.point.rpc.79653a71a29a11e78ee017db95a7112b'
[I] 17:10:00.670(000000000012D788):[AMQP0]success consume 'sr.customer.point.rpc.79653a71a29a11e78ee017db95a7112b'
[I] 17:10:00.672(000000000012D788):[AMQP0]success binding 'amq.direct'->'sr.customer.point.rpc.79653a71a29a11e78ee017db95a7112b'(sr.customer.point.rpc.79653a71a29a11e78ee017db95a7112b)
[I] 17:10:00.676(000000000012D788):[AMQP0]success declare queue 'sr.customer.coupon_class.rpc.7968bce0a29a11e78ee017db95a7112b'
[I] 17:10:00.678(000000000012D788):[AMQP0]success consume 'sr.customer.coupon_class.rpc.7968bce0a29a11e78ee017db95a7112b'
[I] 17:10:00.682(000000000012D788):[AMQP0]success binding 'amq.direct'->'sr.customer.coupon_class.rpc.7968bce0a29a11e78ee017db95a7112b'(sr.customer.coupon_class.rpc.7968bce0a29a11e78ee017db95a7112b)
[I] 17:10:00.685(000000000012D788):[AMQP0]success declare queue 'sr.customer.coupon.rpc.7968e3f0a29a11e78ee017db95a7112b'
[I] 17:10:00.687(000000000012D788):[AMQP0]success consume 'sr.customer.coupon.rpc.7968e3f0a29a11e78ee017db95a7112b'
[I] 17:10:00.688(000000000012D788):[AMQP0]success binding 'amq.direct'->'sr.customer.coupon.rpc.7968e3f0a29a11e78ee017db95a7112b'(sr.customer.coupon.rpc.7968e3f0a29a11e78ee017db95a7112b)
[I] 17:10:00.693(000000000012D788):[AMQP0]success declare queue 'cf.wxpay.rpc.796ab8b0a29a11e78ee017db95a7112b'
[I] 17:10:00.695(000000000012D788):[AMQP0]success consume 'cf.wxpay.rpc.796ab8b0a29a11e78ee017db95a7112b'
[I] 17:10:00.697(000000000012D788):[AMQP0]success binding 'amq.direct'->'cf.wxpay.rpc.796ab8b0a29a11e78ee017db95a7112b'(cf.wxpay.rpc.796ab8b0a29a11e78ee017db95a7112b)
[I] 17:10:00.701(000000000012D788):[AMQP0]success declare queue 'cf.baidu.rpc.796e3b20a29a11e78ee017db95a7112b'
[I] 17:10:00.704(000000000012D788):[AMQP0]success consume 'cf.baidu.rpc.796e3b20a29a11e78ee017db95a7112b'
[I] 17:10:00.707(000000000012D788):[AMQP0]success binding 'amq.direct'->'cf.baidu.rpc.796e3b20a29a11e78ee017db95a7112b'(cf.baidu.rpc.796e3b20a29a11e78ee017db95a7112b)
[I] 17:10:00.710(000000000012D788):[AMQP0]success declare queue 'sr.trade.rpc.7974a3c0a29a11e78ee017db95a7112b'
[I] 17:10:00.713(000000000012D788):[AMQP0]success consume 'sr.trade.rpc.7974a3c0a29a11e78ee017db95a7112b'
[I] 17:10:00.715(000000000012D788):[AMQP0]success binding 'amq.direct'->'sr.trade.rpc.7974a3c0a29a11e78ee017db95a7112b'(sr.trade.rpc.7974a3c0a29a11e78ee017db95a7112b)
[I] 17:10:00.738(000000000012ECEC):PBEncoder success load file 'E:\product\protocol\cf.proto.js'
[I] 17:10:00.739(000000000012ECEC):[AMQP0]declare queue 'cf.wechat.rpc.79a18020a29a11e7b02523eee49f859d'
[I] 17:10:00.739(000000000012ECEC):[RPCC:cf.wechat.rpc]create rpc client 'cf.wechat.rpc' in conn AMQP0
[I] 17:10:00.794(000000000012ECEC):PBEncoder success load file 'E:\product\protocol\cf_wechat.proto.js'
[I] 17:10:00.795(000000000012ECEC):[AMQP0]declare exchange 'cf.wechat.notify'
[I] 17:10:00.795(000000000012ECEC):[AMQP0]declare queue 'jiaxingwang.sc_admin.wechat.79aa32b0a29a11e7b02523eee49f859d'
[I] 17:10:00.795(000000000012ECEC):[AMQP0]declare queue 'cf.app.rpc.79aa32b1a29a11e7b02523eee49f859d'
[I] 17:10:00.795(000000000012ECEC):[RPCC:cf.app.rpc]create rpc client 'cf.app.rpc' in conn AMQP0
[I] 17:10:00.799(000000000012ECEC):PBEncoder success load file 'E:\product\protocol\cf_app.proto.js'
[I] 17:10:00.800(000000000012ECEC):[AMQP0]declare queue 'cf.alipay.rpc.79aaf600a29a11e7b02523eee49f859d'
[I] 17:10:00.800(000000000012ECEC):[RPCC:cf.alipay.rpc]create rpc client 'cf.alipay.rpc' in conn AMQP0
[I] 17:10:00.807(000000000012ECEC):PBEncoder success load file 'E:\product\protocol\cf_alipay.proto.js'
[I] 17:10:00.808(000000000012ECEC):[AMQP0]declare queue 'cf.ding.rpc.79ac0770a29a11e7b02523eee49f859d'
[I] 17:10:00.808(000000000012ECEC):[RPCC:cf.ding.rpc]create rpc client 'cf.ding.rpc' in conn AMQP0
[I] 17:10:00.818(000000000012ECEC):PBEncoder success load file 'E:\product\protocol\cf_ding.proto.js'
[I] 17:10:00.819(000000000012ECEC):[AMQP0]declare exchange 'cf.ding.notify'
[I] 17:10:00.819(000000000012ECEC):[AMQP0]declare queue 'jiaxingwang.sc_admin.ding.79addc30a29a11e7b02523eee49f859d'
[I] 17:10:00.819(000000000012ECEC):[AM]init and reload account!
[I] 17:10:00.823(000000000012ECEC):[AM]reload account success, account number is: 0
[I] 17:10:00.826(000000000012ECEC):[AMQP0]declare queue 'sr.customer.rpc.79aeeda0a29a11e7b02523eee49f859d'
[I] 17:10:00.826(000000000012ECEC):[RPCC:sr.customer.rpc]create rpc client 'sr.customer.rpc' in conn AMQP0
[I] 17:10:00.834(000000000012ECEC):PBEncoder success load file 'E:\product\protocol\sr_customer.proto.js'
[W] 17:10:00.835(000000000012ECEC):[AMQP0]rpc client 'cf.rpc' declare repeat!
[W] 17:10:00.835(000000000012ECEC):[AMQP0]rpc client 'cf.wechat.rpc' declare repeat!
[W] 17:10:00.836(000000000012ECEC):[AMQP0]rpc client 'cf.app.rpc' declare repeat!
[I] 17:10:00.993(000000000012ECEC):PBEncoder success load file 'E:\product\protocol\sc_system.proto.js'
[I] 17:10:01.038(000000000012ECEC):[AMQP1]created
[I] 17:10:01.039(000000000012ECEC):[AMQP1]declare exchange 'amq.direct'
[I] 17:10:01.039(000000000012ECEC):[AMQP1]declare queue 'cf.wechat.rpc.79cf6df0a29a11e7b02523eee49f859d'
[I] 17:10:01.039(000000000012ECEC):[RPCC:cf.wechat.rpc]create rpc client 'cf.wechat.rpc' in conn AMQP1
[I] 17:10:01.040(000000000012ECEC):[AMQP2]created
[I] 17:10:01.044(000000000012ECEC):[AMQP0]declare exchange 'amq.direct'
[I] 17:10:01.044(000000000012ECEC):[AMQP0]declare queue 'sc.task.rpc.79d03140a29a11e7b02523eee49f859d'
[I] 17:10:01.044(000000000012ECEC):[RPCC:sc.task.rpc]create rpc client 'sc.task.rpc' in conn AMQP0
[I] 17:10:01.052(000000000012ECEC):PBEncoder success load file 'E:\product\protocol\sc_task.proto.js'
[I] 17:10:01.073(000000000012ECEC):[AMQP0]declare queue 'sr.customer.tag.rpc.79d49e10a29a11e7b02523eee49f859d'
[I] 17:10:01.073(000000000012ECEC):[RPCC:sr.customer.tag.rpc]create rpc client 'sr.customer.tag.rpc' in conn AMQP0
[I] 17:10:01.074(000000000012ECEC):[AMQP0]declare queue 'sr.customer.point.rpc.79d4c520a29a11e7b02523eee49f859d'
[I] 17:10:01.074(000000000012ECEC):[RPCC:sr.customer.point.rpc]create rpc client 'sr.customer.point.rpc' in conn AMQP0
[I] 17:10:01.080(000000000012ECEC):PBEncoder success load file 'E:\product\protocol\sr_customer_point.proto.js'
[I] 17:10:01.087(000000000012ECEC):PBEncoder success load file 'E:\product\protocol\sr_customer_tag.proto.js'
[W] 17:10:01.095(000000000012ECEC):[AMQP0]rpc client 'cf.wechat.rpc' declare repeat!
[I] 17:10:01.096(000000000012ECEC):[AMQP0]declare queue 'sr.customer.coupon_class.rpc.79d82080a29a11e7b02523eee49f859d'
[I] 17:10:01.096(000000000012ECEC):[RPCC:sr.customer.coupon_class.rpc]create rpc client 'sr.customer.coupon_class.rpc' in conn AMQP0
[I] 17:10:01.097(000000000012ECEC):[AMQP0]declare queue 'sr.customer.coupon.rpc.79d84790a29a11e7b02523eee49f859d'
[I] 17:10:01.097(000000000012ECEC):[RPCC:sr.customer.coupon.rpc]create rpc client 'sr.customer.coupon.rpc' in conn AMQP0
[I] 17:10:01.108(000000000012ECEC):PBEncoder success load file 'E:\product\protocol\sr_customer_coupon.proto.js'
[W] 17:10:01.109(000000000012ECEC):[AMQP0]rpc client 'cf.wechat.rpc' declare repeat!
[I] 17:10:01.109(000000000012ECEC):[AMQP0]declare queue 'cf.wxpay.rpc.79da1c50a29a11e7b02523eee49f859d'
[I] 17:10:01.109(000000000012ECEC):[RPCC:cf.wxpay.rpc]create rpc client 'cf.wxpay.rpc' in conn AMQP0
[I] 17:10:01.122(000000000012ECEC):PBEncoder success load file 'E:\product\protocol\cf_wxpay.proto.js'
[W] 17:10:01.123(000000000012ECEC):[AMQP0]rpc client 'sr.customer.point.rpc' declare repeat!
[W] 17:10:01.130(000000000012ECEC):[AMQP0]exchange amq.direct already declare!!
[W] 17:10:01.130(000000000012ECEC):[AMQP0]rpc client 'sr.customer.rpc' declare repeat!
[W] 17:10:01.130(000000000012ECEC):[AMQP0]rpc client 'sr.customer.coupon.rpc' declare repeat!
[W] 17:10:01.131(000000000012ECEC):[AMQP0]rpc client 'cf.wechat.rpc' declare repeat!
[W] 17:10:01.133(000000000012ECEC):[AMQP0]exchange amq.direct already declare!!
[I] 17:10:01.133(000000000012ECEC):[AMQP0]declare queue 'cf.baidu.rpc.79ddc5d0a29a11e7b02523eee49f859d'
[I] 17:10:01.134(000000000012ECEC):[RPCC:cf.baidu.rpc]create rpc client 'cf.baidu.rpc' in conn AMQP0
[I] 17:10:01.137(000000000012ECEC):PBEncoder success load file 'E:\product\protocol\cf_baidu.proto.js'
[I] 17:10:01.142(000000000012ECEC):[AMQP3]created
[I] 17:10:01.150(000000000012ECEC):[AMQP4]created
[I] 17:10:01.150(000000000012ECEC):[AMQP4]declare exchange 'amq.direct'
[I] 17:10:01.151(000000000012ECEC):[AMQP4]declare queue 'cf.app.rpc.79e084f0a29a11e7b02523eee49f859d'
[I] 17:10:01.151(000000000012ECEC):[RPCC:cf.app.rpc]create rpc client 'cf.app.rpc' in conn AMQP4
[I] 17:10:01.151(000000000012ECEC):[AMQP4]declare queue 'cf.wechat.rpc.79e084f1a29a11e7b02523eee49f859d'
[I] 17:10:01.151(000000000012ECEC):[RPCC:cf.wechat.rpc]create rpc client 'cf.wechat.rpc' in conn AMQP4
[I] 17:10:01.152(000000000012ECEC):[AMQP4]declare queue 'cf.rpc.79e084f2a29a11e7b02523eee49f859d'
[I] 17:10:01.152(000000000012ECEC):[RPCC:cf.rpc]create rpc client 'cf.rpc' in conn AMQP4
[I] 17:10:01.152(000000000012ECEC):[AMQP4]declare queue 'sc.task.rpc.79e0ac00a29a11e7b02523eee49f859d'
[I] 17:10:01.152(000000000012ECEC):[RPCC:sc.task.rpc]create rpc client 'sc.task.rpc' in conn AMQP4
[I] 17:10:01.155(000000000012ECEC):[AMQP5]created
[I] 17:10:01.156(000000000012ECEC):[AMQP5]declare exchange 'amq.direct'
[I] 17:10:01.156(000000000012ECEC):[AMQP5]declare queue 'cf.wechat.rpc.79e14840a29a11e7b02523eee49f859d'
[I] 17:10:01.156(000000000012ECEC):[RPCC:cf.wechat.rpc]create rpc client 'cf.wechat.rpc' in conn AMQP5
[W] 17:10:01.157(000000000012ECEC):[AMQP0]rpc client 'sr.customer.point.rpc' declare repeat!
[I] 17:10:01.160(000000000012ECEC):[AMQP6]created
[I] 17:10:01.160(000000000012ECEC):[AMQP6]declare exchange 'amq.direct'
[I] 17:10:01.160(000000000012ECEC):[AMQP6]declare queue 'cf.wechat.rpc.79e1e480a29a11e7b02523eee49f859d'
[I] 17:10:01.161(000000000012ECEC):[RPCC:cf.wechat.rpc]create rpc client 'cf.wechat.rpc' in conn AMQP6
[I] 17:10:01.165(000000000012ECEC):[AMQP7]created
[I] 17:10:01.165(000000000012ECEC):[AMQP7]declare exchange 'amq.direct'
[I] 17:10:01.166(000000000012ECEC):[AMQP7]declare queue 'sc.task.rpc.79e2cee0a29a11e7b02523eee49f859d'
[I] 17:10:01.166(000000000012ECEC):[RPCC:sc.task.rpc]create rpc client 'sc.task.rpc' in conn AMQP7
[I] 17:10:01.166(000000000012ECEC):[AMQP7]declare queue 'sr.customer.rewardfail.79e2cee1a29a11e7b02523eee49f859d'
[I] 17:10:01.166(000000000012ECEC):[RPCC:sr.customer.rewardfail]create rpc client 'sr.customer.rewardfail' in conn AMQP7
[W] 17:10:01.170(000000000012ECEC):[AMQP0]exchange amq.direct already declare!!
[W] 17:10:01.170(000000000012ECEC):[AMQP0]rpc client 'sr.customer.tag.rpc' declare repeat!
[W] 17:10:01.170(000000000012ECEC):[AMQP0]rpc client 'sc.task.rpc' declare repeat!
[W] 17:10:01.172(000000000012ECEC):[AMQP0]exchange amq.direct already declare!!
[I] 17:10:01.172(000000000012ECEC):[AMQP0]declare queue 'sr.trade.rpc.79e3b940a29a11e7b02523eee49f859d'
[I] 17:10:01.173(000000000012ECEC):[RPCC:sr.trade.rpc]create rpc client 'sr.trade.rpc' in conn AMQP0
[I] 17:10:01.176(000000000012ECEC):PBEncoder success load file 'E:\product\protocol\sr_trade.proto.js'
[I] 17:10:01.179(000000000012ECEC):[AMQP8]created
[I] 17:10:01.179(000000000012ECEC):[AMQP8]declare exchange 'amq.direct'
[I] 17:10:01.179(000000000012ECEC):[AMQP8]declare queue 'cf.wechat.rpc.79e4cab0a29a11e7b02523eee49f859d'
[I] 17:10:01.180(000000000012ECEC):[RPCC:cf.wechat.rpc]create rpc client 'cf.wechat.rpc' in conn AMQP8
[T] 17:10:01.199(000000000012ECEC):Http is running,port is 18910
[I] 17:10:01.203(000000000012ECEC):[redis]redis connect
[I] 17:10:01.216(000000000012ECEC):[redis]redis ready
[I] 17:10:01.216(000000000012ECEC):[MP1]create connection #0
[T] 17:10:01.217(000000000012ECEC):[MP1]getConnection success,getIndex=0
[I] 17:10:01.217(000000000012ECEC):[MP1]create connection #1
[T] 17:10:01.218(000000000012ECEC):[MP1]getConnection success,getIndex=1
[T] 17:10:01.224(000000000012ECEC):[MySQL]Query success,used time:4 ms,sql="select * from cf_account where enabled=1 and function_mask like \"1%\""
[T] 17:10:01.225(000000000012ECEC):getConnection release,getIndex=0
[I] 17:10:01.225(000000000012ECEC):[AM]get account list success: [{"innerid":"HEDV35FASG-DGW423A-34TGGW53AAD66","name":"乐逛演示","org_id":"1","shop_id":null,"settlement_id":null,"method_code":1,"method_code_key":"wechat_test3_1","function_mask":"10","config":"{\"accountid\":\"gh_92368265694f\",\"fee_type\":\"CNY\",\"appid\":\"wx39bf9ff3da6fc1e7\",\"appsecret\":\"e00fc51118b318fb99cff35d217865fc\",\"mch_id\":\"1287801701\",\"sub_mch_id\":\"\",\"sign_key\":\"smartpaysmartpaysmartpaysmartpay\",\"key_file\":\"apiclient_key.pem\",\"cert_file\":\"apiclient_cert.pem\",\"pay_authorization_dir\":[\"\",\"\",\"\"],\"pay_native_callback\":\"\",\"pay_finish_notify\":\"1\",\"pay_alarm_notify\":\"\"}","enabled":1,"desc":null},{"innerid":"SE43RG3ASG-34GWW55A-34TG43HER452","name":"短信测试一","org_id":"1","shop_id":null,"settlement_id":null,"method_code":2,"method_code_key":"wechat_test1_2","function_mask":"10","config":"{\"url\" : \"http://211.147.239.62:9050/cgi-bin/sendsms\",\"username\" : \"shopperconnect@smartac\",\"password\" : \"shopCNT@smartc2016\"}","enabled":1,"desc":null},{"innerid":"SMFGSW423GWS-G43HTEHE2-HHEDR5462HS","name":"邮件测试一","org_id":"1","shop_id":null,"settlement_id":null,"method_code":3,"method_code_key":"wechat_test1_3","function_mask":"10","config":"{\"smtpserver\" : \"smtp.163.com\",\"port\": 25,\"username\" : \"zyqtest5@163.com\",\"password\" : \"zyqtest5881119\",\"SSL\":false}","enabled":1,"desc":null}]
[T] 17:10:01.233(000000000012ECEC):[MySQL]Query success,used time:12 ms,sql="SELECT * FROM `sc_org`"
[T] 17:10:01.234(000000000012ECEC):getConnection release,getIndex=1
[I] 17:10:01.277(000000000012ECEC):[AMQP7]AMQP7 connect 'amqp://guest:guest@172.16.0.81:5672' success!
[I] 17:10:01.281(000000000012ECEC):[AMQP5]AMQP5 connect 'amqp://guest:guest@172.16.0.81:5672' success!
[I] 17:10:01.282(000000000012ECEC):[AMQP0]AMQP0 connect 'amqp://guest:guest@172.16.0.81:5672' success!
[I] 17:10:01.283(000000000012ECEC):[AMQP1]AMQP1 connect 'amqp://guest:guest@172.16.0.81:5672' success!
[I] 17:10:01.287(000000000012ECEC):[AMQP6]AMQP6 connect 'amqp://guest:guest@172.16.0.81:5672' success!
[I] 17:10:01.288(000000000012ECEC):[AMQP4]AMQP4 connect 'amqp://guest:guest@172.16.0.81:5672' success!
[I] 17:10:01.289(000000000012ECEC):[AMQP8]AMQP8 connect 'amqp://guest:guest@172.16.0.81:5672' success!
[I] 17:10:01.301(000000000012ECEC):[AMQP7]success declare exchange 'amq.direct'
[I] 17:10:01.302(000000000012ECEC):[AMQP6]success declare exchange 'amq.direct'
[I] 17:10:01.302(000000000012ECEC):[AMQP5]success declare exchange 'amq.direct'
[I] 17:10:01.303(000000000012ECEC):[AMQP1]success declare exchange 'amq.direct'
[I] 17:10:01.304(000000000012ECEC):[AMQP8]success declare exchange 'amq.direct'
[I] 17:10:01.305(000000000012ECEC):[AMQP4]success declare exchange 'amq.direct'
[I] 17:10:01.306(000000000012ECEC):[AMQP0]success declare queue 'cf.rpc.79904210a29a11e7b02523eee49f859d'
[I] 17:10:01.306(000000000012ECEC):[AMQP7]success declare queue 'sc.task.rpc.79e2cee0a29a11e7b02523eee49f859d'
[I] 17:10:01.308(000000000012ECEC):[AMQP6]success declare queue 'cf.wechat.rpc.79e1e480a29a11e7b02523eee49f859d'
[I] 17:10:01.309(000000000012ECEC):[AMQP7]success consume 'sc.task.rpc.79e2cee0a29a11e7b02523eee49f859d'
[I] 17:10:01.310(000000000012ECEC):[AMQP0]success consume 'cf.rpc.79904210a29a11e7b02523eee49f859d'
[I] 17:10:01.311(000000000012ECEC):[AMQP6]success consume 'cf.wechat.rpc.79e1e480a29a11e7b02523eee49f859d'
[I] 17:10:01.311(000000000012ECEC):[AMQP5]success declare queue 'cf.wechat.rpc.79e14840a29a11e7b02523eee49f859d'
[I] 17:10:01.312(000000000012ECEC):[AMQP8]success declare queue 'cf.wechat.rpc.79e4cab0a29a11e7b02523eee49f859d'
[I] 17:10:01.312(000000000012ECEC):[AMQP1]success declare queue 'cf.wechat.rpc.79cf6df0a29a11e7b02523eee49f859d'
[I] 17:10:01.314(000000000012ECEC):[AMQP4]success declare queue 'cf.app.rpc.79e084f0a29a11e7b02523eee49f859d'
[I] 17:10:01.314(000000000012ECEC):[AMQP7]success binding 'amq.direct'->'sc.task.rpc.79e2cee0a29a11e7b02523eee49f859d'(sc.task.rpc.79e2cee0a29a11e7b02523eee49f859d)
[I] 17:10:01.315(000000000012ECEC):[AMQP8]success consume 'cf.wechat.rpc.79e4cab0a29a11e7b02523eee49f859d'
[I] 17:10:01.316(000000000012ECEC):[AMQP5]success consume 'cf.wechat.rpc.79e14840a29a11e7b02523eee49f859d'
[I] 17:10:01.316(000000000012ECEC):[AMQP0]success binding 'amq.direct'->'cf.rpc.79904210a29a11e7b02523eee49f859d'(cf.rpc.79904210a29a11e7b02523eee49f859d)
[I] 17:10:01.316(000000000012ECEC):[AMQP6]success binding 'amq.direct'->'cf.wechat.rpc.79e1e480a29a11e7b02523eee49f859d'(cf.wechat.rpc.79e1e480a29a11e7b02523eee49f859d)
[I] 17:10:01.317(000000000012ECEC):[AMQP4]success consume 'cf.app.rpc.79e084f0a29a11e7b02523eee49f859d'
[I] 17:10:01.318(000000000012ECEC):[AMQP1]success consume 'cf.wechat.rpc.79cf6df0a29a11e7b02523eee49f859d'
[I] 17:10:01.320(000000000012ECEC):[AMQP7]success declare queue 'sr.customer.rewardfail.79e2cee1a29a11e7b02523eee49f859d'
[I] 17:10:01.320(000000000012ECEC):[AMQP8]success binding 'amq.direct'->'cf.wechat.rpc.79e4cab0a29a11e7b02523eee49f859d'(cf.wechat.rpc.79e4cab0a29a11e7b02523eee49f859d)
[I] 17:10:01.321(000000000012ECEC):[AMQP5]success binding 'amq.direct'->'cf.wechat.rpc.79e14840a29a11e7b02523eee49f859d'(cf.wechat.rpc.79e14840a29a11e7b02523eee49f859d)
[I] 17:10:01.322(000000000012ECEC):[AMQP1]success binding 'amq.direct'->'cf.wechat.rpc.79cf6df0a29a11e7b02523eee49f859d'(cf.wechat.rpc.79cf6df0a29a11e7b02523eee49f859d)
[I] 17:10:01.322(000000000012ECEC):[AMQP0]success declare queue 'cf.wechat.rpc.79a18020a29a11e7b02523eee49f859d'
[I] 17:10:01.323(000000000012ECEC):[AMQP4]success binding 'amq.direct'->'cf.app.rpc.79e084f0a29a11e7b02523eee49f859d'(cf.app.rpc.79e084f0a29a11e7b02523eee49f859d)
[I] 17:10:01.323(000000000012ECEC):[AMQP7]success consume 'sr.customer.rewardfail.79e2cee1a29a11e7b02523eee49f859d'
[I] 17:10:01.325(000000000012ECEC):[AMQP0]success consume 'cf.wechat.rpc.79a18020a29a11e7b02523eee49f859d'
[I] 17:10:01.325(000000000012ECEC):[AMQP7]success binding 'amq.direct'->'sr.customer.rewardfail.79e2cee1a29a11e7b02523eee49f859d'(sr.customer.rewardfail.79e2cee1a29a11e7b02523eee49f859d)
[I] 17:10:01.327(000000000012ECEC):[AMQP4]success declare queue 'cf.wechat.rpc.79e084f1a29a11e7b02523eee49f859d'
[I] 17:10:01.328(000000000012ECEC):[AMQP0]success binding 'amq.direct'->'cf.wechat.rpc.79a18020a29a11e7b02523eee49f859d'(cf.wechat.rpc.79a18020a29a11e7b02523eee49f859d)
[I] 17:10:01.329(000000000012ECEC):[AMQP4]success consume 'cf.wechat.rpc.79e084f1a29a11e7b02523eee49f859d'
[I] 17:10:01.330(000000000012ECEC):[AMQP0]success declare exchange 'cf.wechat.notify'
[I] 17:10:01.332(000000000012ECEC):[AMQP4]success binding 'amq.direct'->'cf.wechat.rpc.79e084f1a29a11e7b02523eee49f859d'(cf.wechat.rpc.79e084f1a29a11e7b02523eee49f859d)
[I] 17:10:01.334(000000000012ECEC):[AMQP0]success declare queue 'jiaxingwang.sc_admin.wechat.79aa32b0a29a11e7b02523eee49f859d'
[I] 17:10:01.336(000000000012ECEC):[AMQP4]success declare queue 'cf.rpc.79e084f2a29a11e7b02523eee49f859d'
[I] 17:10:01.342(000000000012ECEC):[AMQP0]success consume 'jiaxingwang.sc_admin.wechat.79aa32b0a29a11e7b02523eee49f859d'
[I] 17:10:01.342(000000000012ECEC):[AMQP4]success consume 'cf.rpc.79e084f2a29a11e7b02523eee49f859d'
[I] 17:10:01.344(000000000012ECEC):[AMQP0]success binding 'cf.wechat.notify'->'jiaxingwang.sc_admin.wechat.79aa32b0a29a11e7b02523eee49f859d'(#)
[I] 17:10:01.345(000000000012ECEC):[AMQP4]success binding 'amq.direct'->'cf.rpc.79e084f2a29a11e7b02523eee49f859d'(cf.rpc.79e084f2a29a11e7b02523eee49f859d)
[I] 17:10:01.348(000000000012ECEC):[AMQP0]success declare queue 'cf.app.rpc.79aa32b1a29a11e7b02523eee49f859d'
[I] 17:10:01.349(000000000012ECEC):[AMQP4]success declare queue 'sc.task.rpc.79e0ac00a29a11e7b02523eee49f859d'
[I] 17:10:01.350(000000000012ECEC):[AMQP0]success consume 'cf.app.rpc.79aa32b1a29a11e7b02523eee49f859d'
[I] 17:10:01.351(000000000012ECEC):[AMQP4]success consume 'sc.task.rpc.79e0ac00a29a11e7b02523eee49f859d'
[I] 17:10:01.353(000000000012ECEC):[AMQP0]success binding 'amq.direct'->'cf.app.rpc.79aa32b1a29a11e7b02523eee49f859d'(cf.app.rpc.79aa32b1a29a11e7b02523eee49f859d)
[I] 17:10:01.359(000000000012ECEC):[AMQP4]success binding 'amq.direct'->'sc.task.rpc.79e0ac00a29a11e7b02523eee49f859d'(sc.task.rpc.79e0ac00a29a11e7b02523eee49f859d)
[I] 17:10:01.362(000000000012ECEC):[AMQP0]success declare queue 'cf.alipay.rpc.79aaf600a29a11e7b02523eee49f859d'
[I] 17:10:01.364(000000000012ECEC):[AMQP0]success consume 'cf.alipay.rpc.79aaf600a29a11e7b02523eee49f859d'
[I] 17:10:01.367(000000000012ECEC):[AMQP0]success binding 'amq.direct'->'cf.alipay.rpc.79aaf600a29a11e7b02523eee49f859d'(cf.alipay.rpc.79aaf600a29a11e7b02523eee49f859d)
[I] 17:10:01.370(000000000012ECEC):[AMQP0]success declare queue 'cf.ding.rpc.79ac0770a29a11e7b02523eee49f859d'
[I] 17:10:01.372(000000000012ECEC):[AMQP0]success consume 'cf.ding.rpc.79ac0770a29a11e7b02523eee49f859d'
[I] 17:10:01.374(000000000012ECEC):[AMQP0]success binding 'amq.direct'->'cf.ding.rpc.79ac0770a29a11e7b02523eee49f859d'(cf.ding.rpc.79ac0770a29a11e7b02523eee49f859d)
[I] 17:10:01.375(000000000012ECEC):[AMQP0]success declare exchange 'cf.ding.notify'
[I] 17:10:01.378(000000000012ECEC):[AMQP0]success declare queue 'jiaxingwang.sc_admin.ding.79addc30a29a11e7b02523eee49f859d'
[I] 17:10:01.379(000000000012ECEC):[AMQP0]success consume 'jiaxingwang.sc_admin.ding.79addc30a29a11e7b02523eee49f859d'
[I] 17:10:01.382(000000000012ECEC):[AMQP0]success binding 'cf.ding.notify'->'jiaxingwang.sc_admin.ding.79addc30a29a11e7b02523eee49f859d'(#)
[I] 17:10:01.386(000000000012ECEC):[AMQP0]success declare queue 'sr.customer.rpc.79aeeda0a29a11e7b02523eee49f859d'
[I] 17:10:01.390(000000000012ECEC):[AMQP0]success consume 'sr.customer.rpc.79aeeda0a29a11e7b02523eee49f859d'
[I] 17:10:01.393(000000000012ECEC):[AMQP0]success binding 'amq.direct'->'sr.customer.rpc.79aeeda0a29a11e7b02523eee49f859d'(sr.customer.rpc.79aeeda0a29a11e7b02523eee49f859d)
[I] 17:10:01.394(000000000012ECEC):[AMQP0]success declare exchange 'amq.direct'
[I] 17:10:01.398(000000000012ECEC):[AMQP0]success declare queue 'sc.task.rpc.79d03140a29a11e7b02523eee49f859d'
[I] 17:10:01.400(000000000012ECEC):[AMQP0]success consume 'sc.task.rpc.79d03140a29a11e7b02523eee49f859d'
[I] 17:10:01.402(000000000012ECEC):[AMQP0]success binding 'amq.direct'->'sc.task.rpc.79d03140a29a11e7b02523eee49f859d'(sc.task.rpc.79d03140a29a11e7b02523eee49f859d)
[I] 17:10:01.406(000000000012ECEC):[AMQP0]success declare queue 'sr.customer.tag.rpc.79d49e10a29a11e7b02523eee49f859d'
[I] 17:10:01.407(000000000012ECEC):[AMQP0]success consume 'sr.customer.tag.rpc.79d49e10a29a11e7b02523eee49f859d'
[I] 17:10:01.409(000000000012ECEC):[AMQP0]success binding 'amq.direct'->'sr.customer.tag.rpc.79d49e10a29a11e7b02523eee49f859d'(sr.customer.tag.rpc.79d49e10a29a11e7b02523eee49f859d)
[I] 17:10:01.414(000000000012ECEC):[AMQP0]success declare queue 'sr.customer.point.rpc.79d4c520a29a11e7b02523eee49f859d'
[I] 17:10:01.416(000000000012ECEC):[AMQP0]success consume 'sr.customer.point.rpc.79d4c520a29a11e7b02523eee49f859d'
[I] 17:10:01.418(000000000012ECEC):[AMQP0]success binding 'amq.direct'->'sr.customer.point.rpc.79d4c520a29a11e7b02523eee49f859d'(sr.customer.point.rpc.79d4c520a29a11e7b02523eee49f859d)
[I] 17:10:01.421(000000000012ECEC):[AMQP0]success declare queue 'sr.customer.coupon_class.rpc.79d82080a29a11e7b02523eee49f859d'
[I] 17:10:01.423(000000000012ECEC):[AMQP0]success consume 'sr.customer.coupon_class.rpc.79d82080a29a11e7b02523eee49f859d'
[I] 17:10:01.425(000000000012ECEC):[AMQP0]success binding 'amq.direct'->'sr.customer.coupon_class.rpc.79d82080a29a11e7b02523eee49f859d'(sr.customer.coupon_class.rpc.79d82080a29a11e7b02523eee49f859d)
[I] 17:10:01.428(000000000012ECEC):[AMQP0]success declare queue 'sr.customer.coupon.rpc.79d84790a29a11e7b02523eee49f859d'
[I] 17:10:01.430(000000000012ECEC):[AMQP0]success consume 'sr.customer.coupon.rpc.79d84790a29a11e7b02523eee49f859d'
[I] 17:10:01.432(000000000012ECEC):[AMQP0]success binding 'amq.direct'->'sr.customer.coupon.rpc.79d84790a29a11e7b02523eee49f859d'(sr.customer.coupon.rpc.79d84790a29a11e7b02523eee49f859d)
[I] 17:10:01.435(000000000012ECEC):[AMQP0]success declare queue 'cf.wxpay.rpc.79da1c50a29a11e7b02523eee49f859d'
[I] 17:10:01.437(000000000012ECEC):[AMQP0]success consume 'cf.wxpay.rpc.79da1c50a29a11e7b02523eee49f859d'
[I] 17:10:01.439(000000000012ECEC):[AMQP0]success binding 'amq.direct'->'cf.wxpay.rpc.79da1c50a29a11e7b02523eee49f859d'(cf.wxpay.rpc.79da1c50a29a11e7b02523eee49f859d)
[I] 17:10:01.442(000000000012ECEC):[AMQP0]success declare queue 'cf.baidu.rpc.79ddc5d0a29a11e7b02523eee49f859d'
[I] 17:10:01.445(000000000012ECEC):[AMQP0]success consume 'cf.baidu.rpc.79ddc5d0a29a11e7b02523eee49f859d'
[I] 17:10:01.450(000000000012ECEC):[AMQP0]success binding 'amq.direct'->'cf.baidu.rpc.79ddc5d0a29a11e7b02523eee49f859d'(cf.baidu.rpc.79ddc5d0a29a11e7b02523eee49f859d)
[I] 17:10:01.453(000000000012ECEC):[AMQP0]success declare queue 'sr.trade.rpc.79e3b940a29a11e7b02523eee49f859d'
[I] 17:10:01.454(000000000012ECEC):[AMQP0]success consume 'sr.trade.rpc.79e3b940a29a11e7b02523eee49f859d'
[I] 17:10:01.458(000000000012ECEC):[AMQP0]success binding 'amq.direct'->'sr.trade.rpc.79e3b940a29a11e7b02523eee49f859d'(sr.trade.rpc.79e3b940a29a11e7b02523eee49f859d)
[I] 17:10:28.635(000000000012ECEC):login param :{"name":"admin","password":"e10adc3949ba59abbe56e057f20f883e"}
[T] 17:10:28.637(000000000012ECEC):[MP1]getConnection success,getIndex=2
[T] 17:10:28.639(000000000012ECEC):[MySQL]Query success,used time:2 ms,sql="SELECT `innerid`,`type`,`bindid`,`role_id`,`userid`,`name`,`language`,`profile_photo`,`birthday`,`position`,`mobile`,`gender`,`email`,`qq`,`weibo`,`wechat`,         `facebook`,`remark` FROM sc_user WHERE isdeleted = '0' AND userid = 'admin' AND `password` = 'e10adc3949ba59abbe56e057f20f883e';"
[T] 17:10:28.639(000000000012ECEC):getConnection release,getIndex=2
[I] 17:10:28.640(000000000012ECEC):no user info!
[I] 17:12:04.048(000000000012ECEC):login param :{"name":"admin","password":"e10adc3949ba59abbe56e057f20f883e"}
[T] 17:12:04.049(000000000012ECEC):[MP1]getConnection success,getIndex=3
[T] 17:12:04.051(000000000012ECEC):[MySQL]Query success,used time:1 ms,sql="SELECT `innerid`,`type`,`bindid`,`role_id`,`userid`,`name`,`language`,`profile_photo`,`birthday`,`position`,`mobile`,`gender`,`email`,`qq`,`weibo`,`wechat`,         `facebook`,`remark` FROM sc_user WHERE isdeleted = '0' AND userid = 'admin' AND `password` = 'e10adc3949ba59abbe56e057f20f883e';"
[T] 17:12:04.052(000000000012ECEC):getConnection release,getIndex=3
[T] 17:12:04.054(000000000012ECEC):[MP1]getConnection success,getIndex=4
[T] 17:12:04.129(000000000012ECEC):[MySQL]Query success,used time:75 ms,sql="SELECT menu.innerid,menu.menukey,module.modulekey,role.permission         FROM sc_role_define role LEFT JOIN sc_menu menu ON role.menu_key = menu.menukey         LEFT JOIN sc_module module ON menu.moduleid = module.innerid         WHERE role.role_id = (SELECT role_id FROM sc_user WHERE userid = 'admin' AND PASSWORD = 'e10adc3949ba59abbe56e057f20f883e' AND isdeleted = 0 LIMIT 1)         AND menu.isdisplay = 1 ORDER BY permission DESC"
[T] 17:12:04.129(000000000012ECEC):getConnection release,getIndex=4
[E] 17:12:04.130(000000000012ECEC):/api/login crash!err=ReferenceError: name is not defined
    at Object.login [as /api/login] (E:\product\scAdmin\js\sc\router\user.js:64:32)
    at next (native)
    at E:\product\scAdmin\js\sc\router\user.js:27:13
    at next (native)
    at onFulfilled (E:\product\node_modules\co\index.js:65:19)
    at tryCatcher (E:\product\node_modules\smartacjs\node_modules\bluebird\js\release\util.js:11:23)
    at Promise._settlePromiseFromHandler (E:\product\node_modules\smartacjs\node_modules\bluebird\js\release\promise.js:488:31)
    at Promise._settlePromise (E:\product\node_modules\smartacjs\node_modules\bluebird\js\release\promise.js:545:18)
    at Promise._settlePromise0 (E:\product\node_modules\smartacjs\node_modules\bluebird\js\release\promise.js:590:10)
    at Promise._settlePromises (E:\product\node_modules\smartacjs\node_modules\bluebird\js\release\promise.js:673:18)
    at Async._drainQueue (E:\product\node_modules\smartacjs\node_modules\bluebird\js\release\async.js:125:16)
    at Async._drainQueues (E:\product\node_modules\smartacjs\node_modules\bluebird\js\release\async.js:135:10)
    at Immediate.Async.drainQueues [as _onImmediate] (E:\product\node_modules\smartacjs\node_modules\bluebird\js\release\async.js:16:14)
    at tryOnImmediate (timers.js:534:15)
    at processImmediate [as _immediateCallback] (timers.js:514:5)
[W] 17:14:10.043(000000000012E4AC):recv 'Ctrl+C' break sign!next exit!
[D] 17:14:10.049(000000000012E4AC):worker process log socket error!err=Error: read ECONNRESET
    at exports._errnoException (util.js:890:11)
    at TCP.onread (net.js:550:26)
[D] 17:14:10.050(000000000012E4AC):worker process log socket close!
[D] 17:14:10.051(000000000012E4AC):worker process log socket error!err=Error: read ECONNRESET
    at exports._errnoException (util.js:890:11)
    at TCP.onread (net.js:550:26)
[D] 17:14:10.052(000000000012E4AC):worker process log socket close!
[W] 17:14:10.062(000000000012E4AC):worker 12ECEC(2#) died.
[W] 17:14:10.063(000000000012E4AC):worker 12E954(0#) died.
[D] 17:14:10.064(000000000012E4AC):worker process log socket error!err=Error: read ECONNRESET
    at exports._errnoException (util.js:890:11)
    at TCP.onread (net.js:550:26)
[D] 17:14:10.064(000000000012E4AC):worker process log socket close!
[W] 17:14:10.065(000000000012E4AC):worker 12D788(1#) died.
[W] 17:14:10.727(000000000012E4AC):try restart worker 0# ...
[I] 17:14:10.743(000000000012E4AC):start worker success,pid=1332D0(0#)
