[I] 00:03:15.705(000000000014ED4C):[redis]redis close
[T] 00:03:15.705(000000000014ED4C):[redis]redis reconnecting
[I] 00:03:15.707(000000000014ED4C):[redis]redis connect
[I] 00:03:15.708(000000000014ED4C):[redis]redis ready
[I] 00:03:17.706(000000000014EBE0):[redis]redis close
[T] 00:03:17.706(000000000014EBE0):[redis]redis reconnecting
[I] 00:03:17.710(000000000014EBE0):[redis]redis connect
[I] 00:03:17.711(000000000014EBE0):[redis]redis ready
[I] 00:03:30.218(000000000014F3E4):[redis]redis close
[T] 00:03:30.219(000000000014F3E4):[redis]redis reconnecting
[I] 00:03:30.222(000000000014F3E4):[redis]redis connect
[I] 00:03:30.223(000000000014F3E4):[redis]redis ready
[I] 00:08:16.841(000000000014ED4C):[redis]redis close
[T] 00:08:16.841(000000000014ED4C):[redis]redis reconnecting
[I] 00:08:16.844(000000000014ED4C):[redis]redis connect
[I] 00:08:16.846(000000000014ED4C):[redis]redis ready
[I] 00:08:18.843(000000000014EBE0):[redis]redis close
[T] 00:08:18.843(000000000014EBE0):[redis]redis reconnecting
[I] 00:08:18.846(000000000014EBE0):[redis]redis connect
[I] 00:08:18.848(000000000014EBE0):[redis]redis ready
[I] 00:08:31.354(000000000014F3E4):[redis]redis close
[T] 00:08:31.354(000000000014F3E4):[redis]redis reconnecting
[I] 00:08:31.356(000000000014F3E4):[redis]redis connect
[I] 00:08:31.357(000000000014F3E4):[redis]redis ready
[I] 00:13:17.645(000000000014ED4C):[redis]redis close
[T] 00:13:17.646(000000000014ED4C):[redis]redis reconnecting
[I] 00:13:17.648(000000000014ED4C):[redis]redis connect
[I] 00:13:17.649(000000000014ED4C):[redis]redis ready
[I] 00:13:19.645(000000000014EBE0):[redis]redis close
[T] 00:13:19.646(000000000014EBE0):[redis]redis reconnecting
[I] 00:13:19.649(000000000014EBE0):[redis]redis connect
[I] 00:13:19.650(000000000014EBE0):[redis]redis ready
[I] 00:13:32.061(000000000014F3E4):[redis]redis close
[T] 00:13:32.061(000000000014F3E4):[redis]redis reconnecting
[I] 00:13:32.066(000000000014F3E4):[redis]redis connect
[I] 00:13:32.068(000000000014F3E4):[redis]redis ready
[I] 00:18:18.796(000000000014ED4C):[redis]redis close
[T] 00:18:18.797(000000000014ED4C):[redis]redis reconnecting
[I] 00:18:18.800(000000000014ED4C):[redis]redis connect
[I] 00:18:18.804(000000000014ED4C):[redis]redis ready
[I] 00:18:20.799(000000000014EBE0):[redis]redis close
[T] 00:18:20.799(000000000014EBE0):[redis]redis reconnecting
[I] 00:18:20.802(000000000014EBE0):[redis]redis connect
[I] 00:18:20.805(000000000014EBE0):[redis]redis ready
[I] 00:18:33.215(000000000014F3E4):[redis]redis close
[T] 00:18:33.215(000000000014F3E4):[redis]redis reconnecting
[I] 00:18:33.218(000000000014F3E4):[redis]redis connect
[I] 00:18:33.221(000000000014F3E4):[redis]redis ready
[I] 00:23:19.876(000000000014ED4C):[redis]redis close
[T] 00:23:19.876(000000000014ED4C):[redis]redis reconnecting
[I] 00:23:19.880(000000000014ED4C):[redis]redis connect
[I] 00:23:19.881(000000000014ED4C):[redis]redis ready
[I] 00:23:21.879(000000000014EBE0):[redis]redis close
[T] 00:23:21.879(000000000014EBE0):[redis]redis reconnecting
[I] 00:23:21.883(000000000014EBE0):[redis]redis connect
[I] 00:23:21.884(000000000014EBE0):[redis]redis ready
[I] 00:23:34.294(000000000014F3E4):[redis]redis close
[T] 00:23:34.294(000000000014F3E4):[redis]redis reconnecting
[I] 00:23:34.297(000000000014F3E4):[redis]redis connect
[I] 00:23:34.298(000000000014F3E4):[redis]redis ready
[I] 00:28:20.719(000000000014ED4C):[redis]redis close
[T] 00:28:20.719(000000000014ED4C):[redis]redis reconnecting
[I] 00:28:20.722(000000000014ED4C):[redis]redis connect
[I] 00:28:20.723(000000000014ED4C):[redis]redis ready
[I] 00:28:22.720(000000000014EBE0):[redis]redis close
[T] 00:28:22.720(000000000014EBE0):[redis]redis reconnecting
[I] 00:28:22.723(000000000014EBE0):[redis]redis connect
[I] 00:28:22.724(000000000014EBE0):[redis]redis ready
[I] 00:28:35.231(000000000014F3E4):[redis]redis close
[T] 00:28:35.231(000000000014F3E4):[redis]redis reconnecting
[I] 00:28:35.235(000000000014F3E4):[redis]redis connect
[I] 00:28:35.237(000000000014F3E4):[redis]redis ready
[I] 00:33:21.859(000000000014ED4C):[redis]redis close
[T] 00:33:21.859(000000000014ED4C):[redis]redis reconnecting
[I] 00:33:21.863(000000000014ED4C):[redis]redis connect
[I] 00:33:21.864(000000000014ED4C):[redis]redis ready
[I] 00:33:23.762(000000000014EBE0):[redis]redis close
[T] 00:33:23.762(000000000014EBE0):[redis]redis reconnecting
[I] 00:33:23.764(000000000014EBE0):[redis]redis connect
[I] 00:33:23.766(000000000014EBE0):[redis]redis ready
[I] 00:33:36.176(000000000014F3E4):[redis]redis close
[T] 00:33:36.176(000000000014F3E4):[redis]redis reconnecting
[I] 00:33:36.179(000000000014F3E4):[redis]redis connect
[I] 00:33:36.181(000000000014F3E4):[redis]redis ready
[I] 00:38:22.110(000000000014ED4C):[redis]redis close
[T] 00:38:22.111(000000000014ED4C):[redis]redis reconnecting
[I] 00:38:22.114(000000000014ED4C):[redis]redis connect
[I] 00:38:22.116(000000000014ED4C):[redis]redis ready
[I] 00:38:24.012(000000000014EBE0):[redis]redis close
[T] 00:38:24.012(000000000014EBE0):[redis]redis reconnecting
[I] 00:38:24.015(000000000014EBE0):[redis]redis connect
[I] 00:38:24.016(000000000014EBE0):[redis]redis ready
[I] 00:38:37.521(000000000014F3E4):[redis]redis close
[T] 00:38:37.522(000000000014F3E4):[redis]redis reconnecting
[I] 00:38:37.524(000000000014F3E4):[redis]redis connect
[I] 00:38:37.525(000000000014F3E4):[redis]redis ready
[I] 00:43:22.993(000000000014ED4C):[redis]redis close
[T] 00:43:22.993(000000000014ED4C):[redis]redis reconnecting
[I] 00:43:22.995(000000000014ED4C):[redis]redis connect
[I] 00:43:22.996(000000000014ED4C):[redis]redis ready
[I] 00:43:24.993(000000000014EBE0):[redis]redis close
[T] 00:43:24.994(000000000014EBE0):[redis]redis reconnecting
[I] 00:43:24.997(000000000014EBE0):[redis]redis connect
[I] 00:43:24.998(000000000014EBE0):[redis]redis ready
[I] 00:43:38.610(000000000014F3E4):[redis]redis close
[T] 00:43:38.610(000000000014F3E4):[redis]redis reconnecting
[I] 00:43:38.615(000000000014F3E4):[redis]redis connect
[I] 00:43:38.616(000000000014F3E4):[redis]redis ready
[I] 00:48:24.543(000000000014ED4C):[redis]redis close
[T] 00:48:24.544(000000000014ED4C):[redis]redis reconnecting
[I] 00:48:24.547(000000000014ED4C):[redis]redis connect
[I] 00:48:24.548(000000000014ED4C):[redis]redis ready
[I] 00:48:26.544(000000000014EBE0):[redis]redis close
[T] 00:48:26.544(000000000014EBE0):[redis]redis reconnecting
[I] 00:48:26.547(000000000014EBE0):[redis]redis connect
[I] 00:48:26.548(000000000014EBE0):[redis]redis ready
[I] 00:48:40.058(000000000014F3E4):[redis]redis close
[T] 00:48:40.059(000000000014F3E4):[redis]redis reconnecting
[I] 00:48:40.062(000000000014F3E4):[redis]redis connect
[I] 00:48:40.063(000000000014F3E4):[redis]redis ready
[I] 00:53:25.835(000000000014ED4C):[redis]redis close
[T] 00:53:25.835(000000000014ED4C):[redis]redis reconnecting
[I] 00:53:25.839(000000000014ED4C):[redis]redis connect
[I] 00:53:25.841(000000000014ED4C):[redis]redis ready
[I] 00:53:27.836(000000000014EBE0):[redis]redis close
[T] 00:53:27.836(000000000014EBE0):[redis]redis reconnecting
[I] 00:53:27.839(000000000014EBE0):[redis]redis connect
[I] 00:53:27.840(000000000014EBE0):[redis]redis ready
[I] 00:53:41.248(000000000014F3E4):[redis]redis close
[T] 00:53:41.248(000000000014F3E4):[redis]redis reconnecting
[I] 00:53:41.251(000000000014F3E4):[redis]redis connect
[I] 00:53:41.252(000000000014F3E4):[redis]redis ready
[I] 00:58:26.193(000000000014ED4C):[redis]redis close
[T] 00:58:26.193(000000000014ED4C):[redis]redis reconnecting
[I] 00:58:26.197(000000000014ED4C):[redis]redis connect
[I] 00:58:26.199(000000000014ED4C):[redis]redis ready
[I] 00:58:28.195(000000000014EBE0):[redis]redis close
[T] 00:58:28.195(000000000014EBE0):[redis]redis reconnecting
[I] 00:58:28.198(000000000014EBE0):[redis]redis connect
[I] 00:58:28.200(000000000014EBE0):[redis]redis ready
[I] 00:58:42.503(000000000014F3E4):[redis]redis close
[T] 00:58:42.503(000000000014F3E4):[redis]redis reconnecting
[I] 00:58:42.505(000000000014F3E4):[redis]redis connect
[I] 00:58:42.506(000000000014F3E4):[redis]redis ready
[I] 01:03:27.422(000000000014ED4C):[redis]redis close
[T] 01:03:27.422(000000000014ED4C):[redis]redis reconnecting
[I] 01:03:27.425(000000000014ED4C):[redis]redis connect
[I] 01:03:27.426(000000000014ED4C):[redis]redis ready
[I] 01:03:29.424(000000000014EBE0):[redis]redis close
[T] 01:03:29.424(000000000014EBE0):[redis]redis reconnecting
[I] 01:03:29.426(000000000014EBE0):[redis]redis connect
[I] 01:03:29.427(000000000014EBE0):[redis]redis ready
[I] 01:03:43.839(000000000014F3E4):[redis]redis close
[T] 01:03:43.839(000000000014F3E4):[redis]redis reconnecting
[I] 01:03:43.841(000000000014F3E4):[redis]redis connect
[I] 01:03:43.843(000000000014F3E4):[redis]redis ready
[I] 01:08:28.607(000000000014ED4C):[redis]redis close
[T] 01:08:28.608(000000000014ED4C):[redis]redis reconnecting
[I] 01:08:28.612(000000000014ED4C):[redis]redis connect
[I] 01:08:28.613(000000000014ED4C):[redis]redis ready
[I] 01:08:30.508(000000000014EBE0):[redis]redis close
[T] 01:08:30.508(000000000014EBE0):[redis]redis reconnecting
[I] 01:08:30.512(000000000014EBE0):[redis]redis connect
[I] 01:08:30.513(000000000014EBE0):[redis]redis ready
[I] 01:08:44.818(000000000014F3E4):[redis]redis close
[T] 01:08:44.818(000000000014F3E4):[redis]redis reconnecting
[I] 01:08:44.824(000000000014F3E4):[redis]redis connect
[I] 01:08:44.825(000000000014F3E4):[redis]redis ready
[I] 01:13:29.187(000000000014ED4C):[redis]redis close
[T] 01:13:29.187(000000000014ED4C):[redis]redis reconnecting
[I] 01:13:29.189(000000000014ED4C):[redis]redis connect
[I] 01:13:29.190(000000000014ED4C):[redis]redis ready
[I] 01:13:31.088(000000000014EBE0):[redis]redis close
[T] 01:13:31.088(000000000014EBE0):[redis]redis reconnecting
[I] 01:13:31.090(000000000014EBE0):[redis]redis connect
[I] 01:13:31.092(000000000014EBE0):[redis]redis ready
[I] 01:13:45.495(000000000014F3E4):[redis]redis close
[T] 01:13:45.496(000000000014F3E4):[redis]redis reconnecting
[I] 01:13:45.499(000000000014F3E4):[redis]redis connect
[I] 01:13:45.501(000000000014F3E4):[redis]redis ready
[I] 01:18:30.777(000000000014ED4C):[redis]redis close
[T] 01:18:30.778(000000000014ED4C):[redis]redis reconnecting
[I] 01:18:30.780(000000000014ED4C):[redis]redis connect
[I] 01:18:30.781(000000000014ED4C):[redis]redis ready
[I] 01:18:32.678(000000000014EBE0):[redis]redis close
[T] 01:18:32.679(000000000014EBE0):[redis]redis reconnecting
[I] 01:18:32.682(000000000014EBE0):[redis]redis connect
[I] 01:18:32.684(000000000014EBE0):[redis]redis ready
[I] 01:18:46.189(000000000014F3E4):[redis]redis close
[T] 01:18:46.189(000000000014F3E4):[redis]redis reconnecting
[I] 01:18:46.191(000000000014F3E4):[redis]redis connect
[I] 01:18:46.193(000000000014F3E4):[redis]redis ready
[I] 01:23:31.957(000000000014ED4C):[redis]redis close
[T] 01:23:31.958(000000000014ED4C):[redis]redis reconnecting
[I] 01:23:31.962(000000000014ED4C):[redis]redis connect
[I] 01:23:31.964(000000000014ED4C):[redis]redis ready
[I] 01:23:33.858(000000000014EBE0):[redis]redis close
[T] 01:23:33.859(000000000014EBE0):[redis]redis reconnecting
[I] 01:23:33.862(000000000014EBE0):[redis]redis connect
[I] 01:23:33.863(000000000014EBE0):[redis]redis ready
[I] 01:23:47.565(000000000014F3E4):[redis]redis close
[T] 01:23:47.566(000000000014F3E4):[redis]redis reconnecting
[I] 01:23:47.569(000000000014F3E4):[redis]redis connect
[I] 01:23:47.571(000000000014F3E4):[redis]redis ready
[I] 01:28:32.451(000000000014ED4C):[redis]redis close
[T] 01:28:32.452(000000000014ED4C):[redis]redis reconnecting
[I] 01:28:32.456(000000000014ED4C):[redis]redis connect
[I] 01:28:32.458(000000000014ED4C):[redis]redis ready
[I] 01:28:34.350(000000000014EBE0):[redis]redis close
[T] 01:28:34.350(000000000014EBE0):[redis]redis reconnecting
[I] 01:28:34.353(000000000014EBE0):[redis]redis connect
[I] 01:28:34.354(000000000014EBE0):[redis]redis ready
[I] 01:28:48.959(000000000014F3E4):[redis]redis close
[T] 01:28:48.960(000000000014F3E4):[redis]redis reconnecting
[I] 01:28:48.963(000000000014F3E4):[redis]redis connect
[I] 01:28:48.965(000000000014F3E4):[redis]redis ready
[I] 01:33:33.345(000000000014ED4C):[redis]redis close
[T] 01:33:33.345(000000000014ED4C):[redis]redis reconnecting
[I] 01:33:33.348(000000000014ED4C):[redis]redis connect
[I] 01:33:33.350(000000000014ED4C):[redis]redis ready
[I] 01:33:35.247(000000000014EBE0):[redis]redis close
[T] 01:33:35.247(000000000014EBE0):[redis]redis reconnecting
[I] 01:33:35.251(000000000014EBE0):[redis]redis connect
[I] 01:33:35.253(000000000014EBE0):[redis]redis ready
[I] 01:33:49.855(000000000014F3E4):[redis]redis close
[T] 01:33:49.855(000000000014F3E4):[redis]redis reconnecting
[I] 01:33:49.858(000000000014F3E4):[redis]redis connect
[I] 01:33:49.860(000000000014F3E4):[redis]redis ready
[I] 01:38:34.650(000000000014ED4C):[redis]redis close
[T] 01:38:34.651(000000000014ED4C):[redis]redis reconnecting
[I] 01:38:34.654(000000000014ED4C):[redis]redis connect
[I] 01:38:34.656(000000000014ED4C):[redis]redis ready
[I] 01:38:36.552(000000000014EBE0):[redis]redis close
[T] 01:38:36.552(000000000014EBE0):[redis]redis reconnecting
[I] 01:38:36.556(000000000014EBE0):[redis]redis connect
[I] 01:38:36.557(000000000014EBE0):[redis]redis ready
[I] 01:38:50.260(000000000014F3E4):[redis]redis close
[T] 01:38:50.261(000000000014F3E4):[redis]redis reconnecting
[I] 01:38:50.264(000000000014F3E4):[redis]redis connect
[I] 01:38:50.265(000000000014F3E4):[redis]redis ready
[I] 01:43:35.296(000000000014ED4C):[redis]redis close
[T] 01:43:35.296(000000000014ED4C):[redis]redis reconnecting
[I] 01:43:35.299(000000000014ED4C):[redis]redis connect
[I] 01:43:35.300(000000000014ED4C):[redis]redis ready
[I] 01:43:37.199(000000000014EBE0):[redis]redis close
[T] 01:43:37.199(000000000014EBE0):[redis]redis reconnecting
[I] 01:43:37.203(000000000014EBE0):[redis]redis connect
[I] 01:43:37.205(000000000014EBE0):[redis]redis ready
[I] 01:43:51.810(000000000014F3E4):[redis]redis close
[T] 01:43:51.810(000000000014F3E4):[redis]redis reconnecting
[I] 01:43:51.812(000000000014F3E4):[redis]redis connect
[I] 01:43:51.813(000000000014F3E4):[redis]redis ready
[I] 01:48:36.654(000000000014ED4C):[redis]redis close
[T] 01:48:36.654(000000000014ED4C):[redis]redis reconnecting
[I] 01:48:36.658(000000000014ED4C):[redis]redis connect
[I] 01:48:36.660(000000000014ED4C):[redis]redis ready
[I] 01:48:38.555(000000000014EBE0):[redis]redis close
[T] 01:48:38.556(000000000014EBE0):[redis]redis reconnecting
[I] 01:48:38.559(000000000014EBE0):[redis]redis connect
[I] 01:48:38.560(000000000014EBE0):[redis]redis ready
[I] 01:48:52.068(000000000014F3E4):[redis]redis close
[T] 01:48:52.069(000000000014F3E4):[redis]redis reconnecting
[I] 01:48:52.072(000000000014F3E4):[redis]redis connect
[I] 01:48:52.073(000000000014F3E4):[redis]redis ready
[I] 01:53:37.442(000000000014ED4C):[redis]redis close
[T] 01:53:37.442(000000000014ED4C):[redis]redis reconnecting
[I] 01:53:37.446(000000000014ED4C):[redis]redis connect
[I] 01:53:37.447(000000000014ED4C):[redis]redis ready
[I] 01:53:39.341(000000000014EBE0):[redis]redis close
[T] 01:53:39.342(000000000014EBE0):[redis]redis reconnecting
[I] 01:53:39.345(000000000014EBE0):[redis]redis connect
[I] 01:53:39.346(000000000014EBE0):[redis]redis ready
[I] 01:53:54.049(000000000014F3E4):[redis]redis close
[T] 01:53:54.049(000000000014F3E4):[redis]redis reconnecting
[I] 01:53:54.052(000000000014F3E4):[redis]redis connect
[I] 01:53:54.053(000000000014F3E4):[redis]redis ready
[I] 01:58:38.263(000000000014ED4C):[redis]redis close
[T] 01:58:38.263(000000000014ED4C):[redis]redis reconnecting
[I] 01:58:38.266(000000000014ED4C):[redis]redis connect
[I] 01:58:38.267(000000000014ED4C):[redis]redis ready
[I] 01:58:40.165(000000000014EBE0):[redis]redis close
[T] 01:58:40.165(000000000014EBE0):[redis]redis reconnecting
[I] 01:58:40.168(000000000014EBE0):[redis]redis connect
[I] 01:58:40.169(000000000014EBE0):[redis]redis ready
[I] 01:58:54.876(000000000014F3E4):[redis]redis close
[T] 01:58:54.876(000000000014F3E4):[redis]redis reconnecting
[I] 01:58:54.880(000000000014F3E4):[redis]redis connect
[I] 01:58:54.881(000000000014F3E4):[redis]redis ready
[I] 02:03:39.624(000000000014ED4C):[redis]redis close
[T] 02:03:39.624(000000000014ED4C):[redis]redis reconnecting
[I] 02:03:39.627(000000000014ED4C):[redis]redis connect
[I] 02:03:39.628(000000000014ED4C):[redis]redis ready
[I] 02:03:41.526(000000000014EBE0):[redis]redis close
[T] 02:03:41.527(000000000014EBE0):[redis]redis reconnecting
[I] 02:03:41.529(000000000014EBE0):[redis]redis connect
[I] 02:03:41.531(000000000014EBE0):[redis]redis ready
[I] 02:03:56.034(000000000014F3E4):[redis]redis close
[T] 02:03:56.034(000000000014F3E4):[redis]redis reconnecting
[I] 02:03:56.038(000000000014F3E4):[redis]redis connect
[I] 02:03:56.039(000000000014F3E4):[redis]redis ready
[I] 02:08:40.272(000000000014ED4C):[redis]redis close
[T] 02:08:40.273(000000000014ED4C):[redis]redis reconnecting
[I] 02:08:40.276(000000000014ED4C):[redis]redis connect
[I] 02:08:40.277(000000000014ED4C):[redis]redis ready
[I] 02:08:42.172(000000000014EBE0):[redis]redis close
[T] 02:08:42.172(000000000014EBE0):[redis]redis reconnecting
[I] 02:08:42.176(000000000014EBE0):[redis]redis connect
[I] 02:08:42.178(000000000014EBE0):[redis]redis ready
[I] 02:08:56.787(000000000014F3E4):[redis]redis close
[T] 02:08:56.788(000000000014F3E4):[redis]redis reconnecting
[I] 02:08:56.791(000000000014F3E4):[redis]redis connect
[I] 02:08:56.792(000000000014F3E4):[redis]redis ready
[I] 02:13:41.152(000000000014ED4C):[redis]redis close
[T] 02:13:41.152(000000000014ED4C):[redis]redis reconnecting
[I] 02:13:41.156(000000000014ED4C):[redis]redis connect
[I] 02:13:41.157(000000000014ED4C):[redis]redis ready
[I] 02:13:43.954(000000000014EBE0):[redis]redis close
[T] 02:13:43.955(000000000014EBE0):[redis]redis reconnecting
[I] 02:13:43.958(000000000014EBE0):[redis]redis connect
[I] 02:13:43.960(000000000014EBE0):[redis]redis ready
[I] 02:13:57.467(000000000014F3E4):[redis]redis close
[T] 02:13:57.467(000000000014F3E4):[redis]redis reconnecting
[I] 02:13:57.470(000000000014F3E4):[redis]redis connect
[I] 02:13:57.471(000000000014F3E4):[redis]redis ready
[I] 02:18:42.242(000000000014ED4C):[redis]redis close
[T] 02:18:42.243(000000000014ED4C):[redis]redis reconnecting
[I] 02:18:42.245(000000000014ED4C):[redis]redis connect
[I] 02:18:42.246(000000000014ED4C):[redis]redis ready
[I] 02:18:44.143(000000000014EBE0):[redis]redis close
[T] 02:18:44.144(000000000014EBE0):[redis]redis reconnecting
[I] 02:18:44.146(000000000014EBE0):[redis]redis connect
[I] 02:18:44.148(000000000014EBE0):[redis]redis ready
[I] 02:18:58.769(000000000014F3E4):[redis]redis close
[T] 02:18:58.769(000000000014F3E4):[redis]redis reconnecting
[I] 02:18:58.774(000000000014F3E4):[redis]redis connect
[I] 02:18:58.775(000000000014F3E4):[redis]redis ready
[I] 02:23:44.010(000000000014ED4C):[redis]redis close
[T] 02:23:44.010(000000000014ED4C):[redis]redis reconnecting
[I] 02:23:44.013(000000000014ED4C):[redis]redis connect
[I] 02:23:44.014(000000000014ED4C):[redis]redis ready
[I] 02:23:45.911(000000000014EBE0):[redis]redis close
[T] 02:23:45.911(000000000014EBE0):[redis]redis reconnecting
[I] 02:23:45.914(000000000014EBE0):[redis]redis connect
[I] 02:23:45.916(000000000014EBE0):[redis]redis ready
[I] 02:23:59.426(000000000014F3E4):[redis]redis close
[T] 02:23:59.426(000000000014F3E4):[redis]redis reconnecting
[I] 02:23:59.429(000000000014F3E4):[redis]redis connect
[I] 02:23:59.430(000000000014F3E4):[redis]redis ready
[I] 02:28:44.467(000000000014ED4C):[redis]redis close
[T] 02:28:44.468(000000000014ED4C):[redis]redis reconnecting
[I] 02:28:44.471(000000000014ED4C):[redis]redis connect
[I] 02:28:44.473(000000000014ED4C):[redis]redis ready
[I] 02:28:46.370(000000000014EBE0):[redis]redis close
[T] 02:28:46.370(000000000014EBE0):[redis]redis reconnecting
[I] 02:28:46.374(000000000014EBE0):[redis]redis connect
[I] 02:28:46.376(000000000014EBE0):[redis]redis ready
[I] 02:29:00.683(000000000014F3E4):[redis]redis close
[T] 02:29:00.683(000000000014F3E4):[redis]redis reconnecting
[I] 02:29:00.688(000000000014F3E4):[redis]redis connect
[I] 02:29:00.690(000000000014F3E4):[redis]redis ready
[I] 02:33:45.906(000000000014ED4C):[redis]redis close
[T] 02:33:45.906(000000000014ED4C):[redis]redis reconnecting
[I] 02:33:45.910(000000000014ED4C):[redis]redis connect
[I] 02:33:45.911(000000000014ED4C):[redis]redis ready
[I] 02:33:47.805(000000000014EBE0):[redis]redis close
[T] 02:33:47.806(000000000014EBE0):[redis]redis reconnecting
[I] 02:33:47.809(000000000014EBE0):[redis]redis connect
[I] 02:33:47.810(000000000014EBE0):[redis]redis ready
[I] 02:34:02.121(000000000014F3E4):[redis]redis close
[T] 02:34:02.121(000000000014F3E4):[redis]redis reconnecting
[I] 02:34:02.125(000000000014F3E4):[redis]redis connect
[I] 02:34:02.127(000000000014F3E4):[redis]redis ready
[I] 02:38:47.204(000000000014ED4C):[redis]redis close
[T] 02:38:47.205(000000000014ED4C):[redis]redis reconnecting
[I] 02:38:47.208(000000000014ED4C):[redis]redis connect
[I] 02:38:47.210(000000000014ED4C):[redis]redis ready
[I] 02:38:49.007(000000000014EBE0):[redis]redis close
[T] 02:38:49.007(000000000014EBE0):[redis]redis reconnecting
[I] 02:38:49.011(000000000014EBE0):[redis]redis connect
[I] 02:38:49.013(000000000014EBE0):[redis]redis ready
[I] 02:39:02.219(000000000014F3E4):[redis]redis close
[T] 02:39:02.219(000000000014F3E4):[redis]redis reconnecting
[I] 02:39:02.221(000000000014F3E4):[redis]redis connect
[I] 02:39:02.222(000000000014F3E4):[redis]redis ready
[I] 02:43:48.450(000000000014ED4C):[redis]redis close
[T] 02:43:48.450(000000000014ED4C):[redis]redis reconnecting
[I] 02:43:48.454(000000000014ED4C):[redis]redis connect
[I] 02:43:48.456(000000000014ED4C):[redis]redis ready
[I] 02:43:49.251(000000000014EBE0):[redis]redis close
[T] 02:43:49.251(000000000014EBE0):[redis]redis reconnecting
[I] 02:43:49.253(000000000014EBE0):[redis]redis connect
[I] 02:43:49.255(000000000014EBE0):[redis]redis ready
[I] 02:44:03.669(000000000014F3E4):[redis]redis close
[T] 02:44:03.670(000000000014F3E4):[redis]redis reconnecting
[I] 02:44:03.673(000000000014F3E4):[redis]redis connect
[I] 02:44:03.674(000000000014F3E4):[redis]redis ready
[I] 02:48:49.499(000000000014ED4C):[redis]redis close
[T] 02:48:49.499(000000000014ED4C):[redis]redis reconnecting
[I] 02:48:49.502(000000000014ED4C):[redis]redis connect
[I] 02:48:49.504(000000000014ED4C):[redis]redis ready
[I] 02:48:50.398(000000000014EBE0):[redis]redis close
[T] 02:48:50.398(000000000014EBE0):[redis]redis reconnecting
[I] 02:48:50.402(000000000014EBE0):[redis]redis connect
[I] 02:48:50.404(000000000014EBE0):[redis]redis ready
[I] 02:49:04.615(000000000014F3E4):[redis]redis close
[T] 02:49:04.616(000000000014F3E4):[redis]redis reconnecting
[I] 02:49:04.618(000000000014F3E4):[redis]redis connect
[I] 02:49:04.620(000000000014F3E4):[redis]redis ready
[I] 02:53:50.598(000000000014ED4C):[redis]redis close
[T] 02:53:50.598(000000000014ED4C):[redis]redis reconnecting
[I] 02:53:50.602(000000000014ED4C):[redis]redis connect
[I] 02:53:50.603(000000000014ED4C):[redis]redis ready
[I] 02:53:51.397(000000000014EBE0):[redis]redis close
[T] 02:53:51.398(000000000014EBE0):[redis]redis reconnecting
[I] 02:53:51.400(000000000014EBE0):[redis]redis connect
[I] 02:53:51.401(000000000014EBE0):[redis]redis ready
[I] 02:54:05.708(000000000014F3E4):[redis]redis close
[T] 02:54:05.709(000000000014F3E4):[redis]redis reconnecting
[I] 02:54:05.712(000000000014F3E4):[redis]redis connect
[I] 02:54:05.713(000000000014F3E4):[redis]redis ready
[I] 02:58:51.863(000000000014ED4C):[redis]redis close
[T] 02:58:51.864(000000000014ED4C):[redis]redis reconnecting
[I] 02:58:51.867(000000000014ED4C):[redis]redis connect
[I] 02:58:51.868(000000000014ED4C):[redis]redis ready
[I] 02:58:52.665(000000000014EBE0):[redis]redis close
[T] 02:58:52.665(000000000014EBE0):[redis]redis reconnecting
[I] 02:58:52.668(000000000014EBE0):[redis]redis connect
[I] 02:58:52.669(000000000014EBE0):[redis]redis ready
[I] 02:59:07.078(000000000014F3E4):[redis]redis close
[T] 02:59:07.078(000000000014F3E4):[redis]redis reconnecting
[I] 02:59:07.080(000000000014F3E4):[redis]redis connect
[I] 02:59:07.082(000000000014F3E4):[redis]redis ready
[I] 03:03:48.086(000000000014ED4C):[redis]redis close
[T] 03:03:48.087(000000000014ED4C):[redis]redis reconnecting
[I] 03:03:48.091(000000000014ED4C):[redis]redis connect
[I] 03:03:48.092(000000000014ED4C):[redis]redis ready
[I] 03:03:49.889(000000000014EBE0):[redis]redis close
[T] 03:03:49.889(000000000014EBE0):[redis]redis reconnecting
[I] 03:03:49.892(000000000014EBE0):[redis]redis connect
[I] 03:03:49.893(000000000014EBE0):[redis]redis ready
[I] 03:04:03.110(000000000014F3E4):[redis]redis close
[T] 03:04:03.111(000000000014F3E4):[redis]redis reconnecting
[I] 03:04:03.113(000000000014F3E4):[redis]redis connect
[I] 03:04:03.115(000000000014F3E4):[redis]redis ready
[I] 03:08:49.755(000000000014ED4C):[redis]redis close
[T] 03:08:49.755(000000000014ED4C):[redis]redis reconnecting
[I] 03:08:49.758(000000000014ED4C):[redis]redis connect
[I] 03:08:49.759(000000000014ED4C):[redis]redis ready
[I] 03:08:50.554(000000000014EBE0):[redis]redis close
[T] 03:08:50.555(000000000014EBE0):[redis]redis reconnecting
[I] 03:08:50.558(000000000014EBE0):[redis]redis connect
[I] 03:08:50.559(000000000014EBE0):[redis]redis ready
[I] 03:09:04.868(000000000014F3E4):[redis]redis close
[T] 03:09:04.869(000000000014F3E4):[redis]redis reconnecting
[I] 03:09:04.872(000000000014F3E4):[redis]redis connect
[I] 03:09:04.873(000000000014F3E4):[redis]redis ready
[I] 03:13:50.143(000000000014ED4C):[redis]redis close
[T] 03:13:50.143(000000000014ED4C):[redis]redis reconnecting
[I] 03:13:50.145(000000000014ED4C):[redis]redis connect
[I] 03:13:50.146(000000000014ED4C):[redis]redis ready
[I] 03:13:51.943(000000000014EBE0):[redis]redis close
[T] 03:13:51.943(000000000014EBE0):[redis]redis reconnecting
[I] 03:13:51.945(000000000014EBE0):[redis]redis connect
[I] 03:13:51.947(000000000014EBE0):[redis]redis ready
[I] 03:14:05.258(000000000014F3E4):[redis]redis close
[T] 03:14:05.259(000000000014F3E4):[redis]redis reconnecting
[I] 03:14:05.262(000000000014F3E4):[redis]redis connect
[I] 03:14:05.263(000000000014F3E4):[redis]redis ready
[I] 03:18:51.420(000000000014ED4C):[redis]redis close
[T] 03:18:51.421(000000000014ED4C):[redis]redis reconnecting
[I] 03:18:51.424(000000000014ED4C):[redis]redis connect
[I] 03:18:51.425(000000000014ED4C):[redis]redis ready
[I] 03:18:52.220(000000000014EBE0):[redis]redis close
[T] 03:18:52.221(000000000014EBE0):[redis]redis reconnecting
[I] 03:18:52.224(000000000014EBE0):[redis]redis connect
[I] 03:18:52.225(000000000014EBE0):[redis]redis ready
[I] 03:19:06.640(000000000014F3E4):[redis]redis close
[T] 03:19:06.640(000000000014F3E4):[redis]redis reconnecting
[I] 03:19:06.644(000000000014F3E4):[redis]redis connect
[I] 03:19:06.646(000000000014F3E4):[redis]redis ready
[I] 03:23:52.602(000000000014ED4C):[redis]redis close
[T] 03:23:52.602(000000000014ED4C):[redis]redis reconnecting
[I] 03:23:52.606(000000000014ED4C):[redis]redis connect
[I] 03:23:52.607(000000000014ED4C):[redis]redis ready
[I] 03:23:53.403(000000000014EBE0):[redis]redis close
[T] 03:23:53.403(000000000014EBE0):[redis]redis reconnecting
[I] 03:23:53.407(000000000014EBE0):[redis]redis connect
[I] 03:23:53.408(000000000014EBE0):[redis]redis ready
[I] 03:24:07.822(000000000014F3E4):[redis]redis close
[T] 03:24:07.823(000000000014F3E4):[redis]redis reconnecting
[I] 03:24:07.826(000000000014F3E4):[redis]redis connect
[I] 03:24:07.828(000000000014F3E4):[redis]redis ready
[I] 03:28:53.660(000000000014ED4C):[redis]redis close
[T] 03:28:53.661(000000000014ED4C):[redis]redis reconnecting
[I] 03:28:53.663(000000000014ED4C):[redis]redis connect
[I] 03:28:53.664(000000000014ED4C):[redis]redis ready
[I] 03:28:54.462(000000000014EBE0):[redis]redis close
[T] 03:28:54.462(000000000014EBE0):[redis]redis reconnecting
[I] 03:28:54.465(000000000014EBE0):[redis]redis connect
[I] 03:28:54.467(000000000014EBE0):[redis]redis ready
[I] 03:29:08.869(000000000014F3E4):[redis]redis close
[T] 03:29:08.869(000000000014F3E4):[redis]redis reconnecting
[I] 03:29:08.871(000000000014F3E4):[redis]redis connect
[I] 03:29:08.872(000000000014F3E4):[redis]redis ready
[I] 03:33:54.426(000000000014ED4C):[redis]redis close
[T] 03:33:54.427(000000000014ED4C):[redis]redis reconnecting
[I] 03:33:54.430(000000000014ED4C):[redis]redis connect
[I] 03:33:54.431(000000000014ED4C):[redis]redis ready
[I] 03:33:55.227(000000000014EBE0):[redis]redis close
[T] 03:33:55.227(000000000014EBE0):[redis]redis reconnecting
[I] 03:33:55.230(000000000014EBE0):[redis]redis connect
[I] 03:33:55.231(000000000014EBE0):[redis]redis ready
[I] 03:34:09.731(000000000014F3E4):[redis]redis close
[T] 03:34:09.731(000000000014F3E4):[redis]redis reconnecting
[I] 03:34:09.735(000000000014F3E4):[redis]redis connect
[I] 03:34:09.737(000000000014F3E4):[redis]redis ready
[I] 03:38:55.079(000000000014ED4C):[redis]redis close
[T] 03:38:55.079(000000000014ED4C):[redis]redis reconnecting
[I] 03:38:55.082(000000000014ED4C):[redis]redis connect
[I] 03:38:55.084(000000000014ED4C):[redis]redis ready
[I] 03:38:56.882(000000000014EBE0):[redis]redis close
[T] 03:38:56.883(000000000014EBE0):[redis]redis reconnecting
[I] 03:38:56.886(000000000014EBE0):[redis]redis connect
[I] 03:38:56.887(000000000014EBE0):[redis]redis ready
[I] 03:39:10.201(000000000014F3E4):[redis]redis close
[T] 03:39:10.202(000000000014F3E4):[redis]redis reconnecting
[I] 03:39:10.205(000000000014F3E4):[redis]redis connect
[I] 03:39:10.206(000000000014F3E4):[redis]redis ready
[I] 03:43:56.472(000000000014ED4C):[redis]redis close
[T] 03:43:56.473(000000000014ED4C):[redis]redis reconnecting
[I] 03:43:56.476(000000000014ED4C):[redis]redis connect
[I] 03:43:56.477(000000000014ED4C):[redis]redis ready
[I] 03:43:57.272(000000000014EBE0):[redis]redis close
[T] 03:43:57.272(000000000014EBE0):[redis]redis reconnecting
[I] 03:43:57.274(000000000014EBE0):[redis]redis connect
[I] 03:43:57.276(000000000014EBE0):[redis]redis ready
[I] 03:44:11.586(000000000014F3E4):[redis]redis close
[T] 03:44:11.586(000000000014F3E4):[redis]redis reconnecting
[I] 03:44:11.590(000000000014F3E4):[redis]redis connect
[I] 03:44:11.592(000000000014F3E4):[redis]redis ready
[I] 03:48:57.348(000000000014ED4C):[redis]redis close
[T] 03:48:57.348(000000000014ED4C):[redis]redis reconnecting
[I] 03:48:57.350(000000000014ED4C):[redis]redis connect
[I] 03:48:57.352(000000000014ED4C):[redis]redis ready
[I] 03:48:58.151(000000000014EBE0):[redis]redis close
[T] 03:48:58.151(000000000014EBE0):[redis]redis reconnecting
[I] 03:48:58.154(000000000014EBE0):[redis]redis connect
[I] 03:48:58.156(000000000014EBE0):[redis]redis ready
[I] 03:49:12.567(000000000014F3E4):[redis]redis close
[T] 03:49:12.567(000000000014F3E4):[redis]redis reconnecting
[I] 03:49:12.571(000000000014F3E4):[redis]redis connect
[I] 03:49:12.572(000000000014F3E4):[redis]redis ready
[I] 03:53:58.246(000000000014ED4C):[redis]redis close
[T] 03:53:58.246(000000000014ED4C):[redis]redis reconnecting
[I] 03:53:58.249(000000000014ED4C):[redis]redis connect
[I] 03:53:58.251(000000000014ED4C):[redis]redis ready
[I] 03:53:59.947(000000000014EBE0):[redis]redis close
[T] 03:53:59.947(000000000014EBE0):[redis]redis reconnecting
[I] 03:53:59.952(000000000014EBE0):[redis]redis connect
[I] 03:53:59.953(000000000014EBE0):[redis]redis ready
[I] 03:54:13.259(000000000014F3E4):[redis]redis close
[T] 03:54:13.259(000000000014F3E4):[redis]redis reconnecting
[I] 03:54:13.262(000000000014F3E4):[redis]redis connect
[I] 03:54:13.263(000000000014F3E4):[redis]redis ready
[I] 03:58:59.621(000000000014ED4C):[redis]redis close
[T] 03:58:59.621(000000000014ED4C):[redis]redis reconnecting
[I] 03:58:59.624(000000000014ED4C):[redis]redis connect
[I] 03:58:59.625(000000000014ED4C):[redis]redis ready
[I] 03:59:00.320(000000000014EBE0):[redis]redis close
[T] 03:59:00.320(000000000014EBE0):[redis]redis reconnecting
[I] 03:59:00.324(000000000014EBE0):[redis]redis connect
[I] 03:59:00.325(000000000014EBE0):[redis]redis ready
[I] 03:59:14.633(000000000014F3E4):[redis]redis close
[T] 03:59:14.633(000000000014F3E4):[redis]redis reconnecting
[I] 03:59:14.636(000000000014F3E4):[redis]redis connect
[I] 03:59:14.638(000000000014F3E4):[redis]redis ready
[I] 04:04:00.868(000000000014ED4C):[redis]redis close
[T] 04:04:00.868(000000000014ED4C):[redis]redis reconnecting
[I] 04:04:00.872(000000000014ED4C):[redis]redis connect
[I] 04:04:00.874(000000000014ED4C):[redis]redis ready
[I] 04:04:01.570(000000000014EBE0):[redis]redis close
[T] 04:04:01.570(000000000014EBE0):[redis]redis reconnecting
[I] 04:04:01.572(000000000014EBE0):[redis]redis connect
[I] 04:04:01.574(000000000014EBE0):[redis]redis ready
[I] 04:04:15.885(000000000014F3E4):[redis]redis close
[T] 04:04:15.886(000000000014F3E4):[redis]redis reconnecting
[I] 04:04:15.890(000000000014F3E4):[redis]redis connect
[I] 04:04:15.892(000000000014F3E4):[redis]redis ready
[I] 04:09:01.132(000000000014ED4C):[redis]redis close
[T] 04:09:01.132(000000000014ED4C):[redis]redis reconnecting
[I] 04:09:01.135(000000000014ED4C):[redis]redis connect
[I] 04:09:01.136(000000000014ED4C):[redis]redis ready
[I] 04:09:02.933(000000000014EBE0):[redis]redis close
[T] 04:09:02.933(000000000014EBE0):[redis]redis reconnecting
[I] 04:09:02.936(000000000014EBE0):[redis]redis connect
[I] 04:09:02.938(000000000014EBE0):[redis]redis ready
[I] 04:09:16.242(000000000014F3E4):[redis]redis close
[T] 04:09:16.242(000000000014F3E4):[redis]redis reconnecting
[I] 04:09:16.245(000000000014F3E4):[redis]redis connect
[I] 04:09:16.246(000000000014F3E4):[redis]redis ready
[I] 04:14:03.161(000000000014ED4C):[redis]redis close
[T] 04:14:03.162(000000000014ED4C):[redis]redis reconnecting
[I] 04:14:03.165(000000000014ED4C):[redis]redis connect
[I] 04:14:03.166(000000000014ED4C):[redis]redis ready
[I] 04:14:03.961(000000000014EBE0):[redis]redis close
[T] 04:14:03.962(000000000014EBE0):[redis]redis reconnecting
[I] 04:14:03.964(000000000014EBE0):[redis]redis connect
[I] 04:14:03.966(000000000014EBE0):[redis]redis ready
[I] 04:14:17.266(000000000014F3E4):[redis]redis close
[T] 04:14:17.266(000000000014F3E4):[redis]redis reconnecting
[I] 04:14:17.268(000000000014F3E4):[redis]redis connect
[I] 04:14:17.270(000000000014F3E4):[redis]redis ready
[I] 04:19:04.285(000000000014EBE0):[redis]redis close
[T] 04:19:04.285(000000000014EBE0):[redis]redis reconnecting
[I] 04:19:04.288(000000000014EBE0):[redis]redis connect
[I] 04:19:04.290(000000000014EBE0):[redis]redis ready
[I] 04:19:04.485(000000000014ED4C):[redis]redis close
[T] 04:19:04.486(000000000014ED4C):[redis]redis reconnecting
[I] 04:19:04.489(000000000014ED4C):[redis]redis connect
[I] 04:19:04.491(000000000014ED4C):[redis]redis ready
[I] 04:19:18.497(000000000014F3E4):[redis]redis close
[T] 04:19:18.498(000000000014F3E4):[redis]redis reconnecting
[I] 04:19:18.500(000000000014F3E4):[redis]redis connect
[I] 04:19:18.502(000000000014F3E4):[redis]redis ready
[I] 04:24:05.137(000000000014EBE0):[redis]redis close
[T] 04:24:05.138(000000000014EBE0):[redis]redis reconnecting
[I] 04:24:05.141(000000000014EBE0):[redis]redis connect
[I] 04:24:05.142(000000000014EBE0):[redis]redis ready
[I] 04:24:05.337(000000000014ED4C):[redis]redis close
[T] 04:24:05.337(000000000014ED4C):[redis]redis reconnecting
[I] 04:24:05.339(000000000014ED4C):[redis]redis connect
[I] 04:24:05.341(000000000014ED4C):[redis]redis ready
[I] 04:24:19.551(000000000014F3E4):[redis]redis close
[T] 04:24:19.551(000000000014F3E4):[redis]redis reconnecting
[I] 04:24:19.555(000000000014F3E4):[redis]redis connect
[I] 04:24:19.557(000000000014F3E4):[redis]redis ready
[I] 04:29:06.901(000000000014EBE0):[redis]redis close
[T] 04:29:06.902(000000000014EBE0):[redis]redis reconnecting
[I] 04:29:06.905(000000000014EBE0):[redis]redis connect
[I] 04:29:06.907(000000000014EBE0):[redis]redis ready
[I] 04:29:07.103(000000000014ED4C):[redis]redis close
[T] 04:29:07.105(000000000014ED4C):[redis]redis reconnecting
[I] 04:29:07.109(000000000014ED4C):[redis]redis connect
[I] 04:29:07.111(000000000014ED4C):[redis]redis ready
[I] 04:29:20.210(000000000014F3E4):[redis]redis close
[T] 04:29:20.211(000000000014F3E4):[redis]redis reconnecting
[I] 04:29:20.215(000000000014F3E4):[redis]redis connect
[I] 04:29:20.216(000000000014F3E4):[redis]redis ready
[I] 04:34:07.282(000000000014EBE0):[redis]redis close
[T] 04:34:07.282(000000000014EBE0):[redis]redis reconnecting
[I] 04:34:07.285(000000000014EBE0):[redis]redis connect
[I] 04:34:07.286(000000000014EBE0):[redis]redis ready
[I] 04:34:07.382(000000000014ED4C):[redis]redis close
[T] 04:34:07.383(000000000014ED4C):[redis]redis reconnecting
[I] 04:34:07.387(000000000014ED4C):[redis]redis connect
[I] 04:34:07.393(000000000014ED4C):[redis]redis ready
[I] 04:34:21.591(000000000014F3E4):[redis]redis close
[T] 04:34:21.592(000000000014F3E4):[redis]redis reconnecting
[I] 04:34:21.595(000000000014F3E4):[redis]redis connect
[I] 04:34:21.596(000000000014F3E4):[redis]redis ready
[I] 04:39:08.957(000000000014EBE0):[redis]redis close
[T] 04:39:08.957(000000000014EBE0):[redis]redis reconnecting
[I] 04:39:08.960(000000000014EBE0):[redis]redis connect
[I] 04:39:08.961(000000000014EBE0):[redis]redis ready
[I] 04:39:09.058(000000000014ED4C):[redis]redis close
[T] 04:39:09.059(000000000014ED4C):[redis]redis reconnecting
[I] 04:39:09.063(000000000014ED4C):[redis]redis connect
[I] 04:39:09.064(000000000014ED4C):[redis]redis ready
[I] 04:39:22.163(000000000014F3E4):[redis]redis close
[T] 04:39:22.164(000000000014F3E4):[redis]redis reconnecting
[I] 04:39:22.168(000000000014F3E4):[redis]redis connect
[I] 04:39:22.169(000000000014F3E4):[redis]redis ready
[I] 04:44:09.806(000000000014EBE0):[redis]redis close
[T] 04:44:09.806(000000000014EBE0):[redis]redis reconnecting
[I] 04:44:09.819(000000000014EBE0):[redis]redis connect
[I] 04:44:09.823(000000000014EBE0):[redis]redis ready
[I] 04:44:09.906(000000000014ED4C):[redis]redis close
[T] 04:44:09.906(000000000014ED4C):[redis]redis reconnecting
[I] 04:44:09.920(000000000014ED4C):[redis]redis connect
[I] 04:44:09.923(000000000014ED4C):[redis]redis ready
[I] 04:44:24.012(000000000014F3E4):[redis]redis close
[T] 04:44:24.013(000000000014F3E4):[redis]redis reconnecting
[I] 04:44:24.020(000000000014F3E4):[redis]redis connect
[I] 04:44:24.022(000000000014F3E4):[redis]redis ready
[I] 04:49:10.342(000000000014EBE0):[redis]redis close
[T] 04:49:10.343(000000000014EBE0):[redis]redis reconnecting
[I] 04:49:10.346(000000000014EBE0):[redis]redis connect
[I] 04:49:10.347(000000000014EBE0):[redis]redis ready
[I] 04:49:10.443(000000000014ED4C):[redis]redis close
[T] 04:49:10.444(000000000014ED4C):[redis]redis reconnecting
[I] 04:49:10.446(000000000014ED4C):[redis]redis connect
[I] 04:49:10.448(000000000014ED4C):[redis]redis ready
[I] 04:49:24.657(000000000014F3E4):[redis]redis close
[T] 04:49:24.658(000000000014F3E4):[redis]redis reconnecting
[I] 04:49:24.660(000000000014F3E4):[redis]redis connect
[I] 04:49:24.661(000000000014F3E4):[redis]redis ready
[I] 04:54:11.703(000000000014EBE0):[redis]redis close
[T] 04:54:11.703(000000000014EBE0):[redis]redis reconnecting
[I] 04:54:11.707(000000000014EBE0):[redis]redis connect
[I] 04:54:11.708(000000000014EBE0):[redis]redis ready
[I] 04:54:11.804(000000000014ED4C):[redis]redis close
[T] 04:54:11.804(000000000014ED4C):[redis]redis reconnecting
[I] 04:54:11.806(000000000014ED4C):[redis]redis connect
[I] 04:54:11.807(000000000014ED4C):[redis]redis ready
[I] 04:54:26.021(000000000014F3E4):[redis]redis close
[T] 04:54:26.021(000000000014F3E4):[redis]redis reconnecting
[I] 04:54:26.024(000000000014F3E4):[redis]redis connect
[I] 04:54:26.025(000000000014F3E4):[redis]redis ready
[I] 04:59:12.363(000000000014EBE0):[redis]redis close
[T] 04:59:12.363(000000000014EBE0):[redis]redis reconnecting
[I] 04:59:12.366(000000000014EBE0):[redis]redis connect
[I] 04:59:12.367(000000000014EBE0):[redis]redis ready
[I] 04:59:12.563(000000000014ED4C):[redis]redis close
[T] 04:59:12.564(000000000014ED4C):[redis]redis reconnecting
[I] 04:59:12.567(000000000014ED4C):[redis]redis connect
[I] 04:59:12.569(000000000014ED4C):[redis]redis ready
[I] 04:59:26.670(000000000014F3E4):[redis]redis close
[T] 04:59:26.670(000000000014F3E4):[redis]redis reconnecting
[I] 04:59:26.672(000000000014F3E4):[redis]redis connect
[I] 04:59:26.673(000000000014F3E4):[redis]redis ready
[I] 05:04:13.944(000000000014EBE0):[redis]redis close
[T] 05:04:13.945(000000000014EBE0):[redis]redis reconnecting
[I] 05:04:13.948(000000000014EBE0):[redis]redis connect
[I] 05:04:13.950(000000000014EBE0):[redis]redis ready
[I] 05:04:14.244(000000000014ED4C):[redis]redis close
[T] 05:04:14.244(000000000014ED4C):[redis]redis reconnecting
[I] 05:04:14.246(000000000014ED4C):[redis]redis connect
[I] 05:04:14.247(000000000014ED4C):[redis]redis ready
[I] 05:04:27.451(000000000014F3E4):[redis]redis close
[T] 05:04:27.452(000000000014F3E4):[redis]redis reconnecting
[I] 05:04:27.455(000000000014F3E4):[redis]redis connect
[I] 05:04:27.456(000000000014F3E4):[redis]redis ready
[I] 05:09:14.802(000000000014EBE0):[redis]redis close
[T] 05:09:14.803(000000000014EBE0):[redis]redis reconnecting
[I] 05:09:14.806(000000000014EBE0):[redis]redis connect
[I] 05:09:14.807(000000000014EBE0):[redis]redis ready
[I] 05:09:16.103(000000000014ED4C):[redis]redis close
[T] 05:09:16.103(000000000014ED4C):[redis]redis reconnecting
[I] 05:09:16.107(000000000014ED4C):[redis]redis connect
[I] 05:09:16.108(000000000014ED4C):[redis]redis ready
[I] 05:09:28.216(000000000014F3E4):[redis]redis close
[T] 05:09:28.216(000000000014F3E4):[redis]redis reconnecting
[I] 05:09:28.220(000000000014F3E4):[redis]redis connect
[I] 05:09:28.222(000000000014F3E4):[redis]redis ready
[I] 05:14:16.070(000000000014EBE0):[redis]redis close
[T] 05:14:16.070(000000000014EBE0):[redis]redis reconnecting
[I] 05:14:16.073(000000000014EBE0):[redis]redis connect
[I] 05:14:16.074(000000000014EBE0):[redis]redis ready
[I] 05:14:16.370(000000000014ED4C):[redis]redis close
[T] 05:14:16.370(000000000014ED4C):[redis]redis reconnecting
[I] 05:14:16.374(000000000014ED4C):[redis]redis connect
[I] 05:14:16.375(000000000014ED4C):[redis]redis ready
[I] 05:14:29.479(000000000014F3E4):[redis]redis close
[T] 05:14:29.480(000000000014F3E4):[redis]redis reconnecting
[I] 05:14:29.483(000000000014F3E4):[redis]redis connect
[I] 05:14:29.485(000000000014F3E4):[redis]redis ready
[I] 05:19:16.255(000000000014EBE0):[redis]redis close
[T] 05:19:16.255(000000000014EBE0):[redis]redis reconnecting
[I] 05:19:16.258(000000000014EBE0):[redis]redis connect
[I] 05:19:16.259(000000000014EBE0):[redis]redis ready
[I] 05:19:17.554(000000000014ED4C):[redis]redis close
[T] 05:19:17.554(000000000014ED4C):[redis]redis reconnecting
[I] 05:19:17.557(000000000014ED4C):[redis]redis connect
[I] 05:19:17.558(000000000014ED4C):[redis]redis ready
[I] 05:19:30.662(000000000014F3E4):[redis]redis close
[T] 05:19:30.662(000000000014F3E4):[redis]redis reconnecting
[I] 05:19:30.665(000000000014F3E4):[redis]redis connect
[I] 05:19:30.667(000000000014F3E4):[redis]redis ready
[I] 05:24:17.623(000000000014EBE0):[redis]redis close
[T] 05:24:17.623(000000000014EBE0):[redis]redis reconnecting
[I] 05:24:17.626(000000000014EBE0):[redis]redis connect
[I] 05:24:17.627(000000000014EBE0):[redis]redis ready
[I] 05:24:18.924(000000000014ED4C):[redis]redis close
[T] 05:24:18.924(000000000014ED4C):[redis]redis reconnecting
[I] 05:24:18.927(000000000014ED4C):[redis]redis connect
[I] 05:24:18.928(000000000014ED4C):[redis]redis ready
[I] 05:24:31.830(000000000014F3E4):[redis]redis close
[T] 05:24:31.831(000000000014F3E4):[redis]redis reconnecting
[I] 05:24:31.833(000000000014F3E4):[redis]redis connect
[I] 05:24:31.834(000000000014F3E4):[redis]redis ready
[I] 05:29:18.466(000000000014EBE0):[redis]redis close
[T] 05:29:18.466(000000000014EBE0):[redis]redis reconnecting
[I] 05:29:18.468(000000000014EBE0):[redis]redis connect
[I] 05:29:18.469(000000000014EBE0):[redis]redis ready
[I] 05:29:19.765(000000000014ED4C):[redis]redis close
[T] 05:29:19.766(000000000014ED4C):[redis]redis reconnecting
[I] 05:29:19.768(000000000014ED4C):[redis]redis connect
[I] 05:29:19.769(000000000014ED4C):[redis]redis ready
[I] 05:29:32.871(000000000014F3E4):[redis]redis close
[T] 05:29:32.872(000000000014F3E4):[redis]redis reconnecting
[I] 05:29:32.875(000000000014F3E4):[redis]redis connect
[I] 05:29:32.877(000000000014F3E4):[redis]redis ready
[I] 05:34:20.132(000000000014EBE0):[redis]redis close
[T] 05:34:20.132(000000000014EBE0):[redis]redis reconnecting
[I] 05:34:20.136(000000000014EBE0):[redis]redis connect
[I] 05:34:20.137(000000000014EBE0):[redis]redis ready
[I] 05:34:20.332(000000000014ED4C):[redis]redis close
[T] 05:34:20.332(000000000014ED4C):[redis]redis reconnecting
[I] 05:34:20.335(000000000014ED4C):[redis]redis connect
[I] 05:34:20.336(000000000014ED4C):[redis]redis ready
[I] 05:34:33.442(000000000014F3E4):[redis]redis close
[T] 05:34:33.443(000000000014F3E4):[redis]redis reconnecting
[I] 05:34:33.446(000000000014F3E4):[redis]redis connect
[I] 05:34:33.447(000000000014F3E4):[redis]redis ready
[I] 05:39:20.633(000000000014EBE0):[redis]redis close
[T] 05:39:20.633(000000000014EBE0):[redis]redis reconnecting
[I] 05:39:20.636(000000000014EBE0):[redis]redis connect
[I] 05:39:20.637(000000000014EBE0):[redis]redis ready
[I] 05:39:21.832(000000000014ED4C):[redis]redis close
[T] 05:39:21.832(000000000014ED4C):[redis]redis reconnecting
[I] 05:39:21.834(000000000014ED4C):[redis]redis connect
[I] 05:39:21.835(000000000014ED4C):[redis]redis ready
[I] 05:39:34.844(000000000014F3E4):[redis]redis close
[T] 05:39:34.844(000000000014F3E4):[redis]redis reconnecting
[I] 05:39:34.848(000000000014F3E4):[redis]redis connect
[I] 05:39:34.849(000000000014F3E4):[redis]redis ready
[I] 05:44:21.564(000000000014EBE0):[redis]redis close
[T] 05:44:21.565(000000000014EBE0):[redis]redis reconnecting
[I] 05:44:21.568(000000000014EBE0):[redis]redis connect
[I] 05:44:21.570(000000000014EBE0):[redis]redis ready
[I] 05:44:22.869(000000000014ED4C):[redis]redis close
[T] 05:44:22.870(000000000014ED4C):[redis]redis reconnecting
[I] 05:44:22.873(000000000014ED4C):[redis]redis connect
[I] 05:44:22.874(000000000014ED4C):[redis]redis ready
[I] 05:44:35.877(000000000014F3E4):[redis]redis close
[T] 05:44:35.878(000000000014F3E4):[redis]redis reconnecting
[I] 05:44:35.881(000000000014F3E4):[redis]redis connect
[I] 05:44:35.882(000000000014F3E4):[redis]redis ready
[I] 05:49:23.013(000000000014EBE0):[redis]redis close
[T] 05:49:23.014(000000000014EBE0):[redis]redis reconnecting
[I] 05:49:23.017(000000000014EBE0):[redis]redis connect
[I] 05:49:23.019(000000000014EBE0):[redis]redis ready
[I] 05:49:23.413(000000000014ED4C):[redis]redis close
[T] 05:49:23.414(000000000014ED4C):[redis]redis reconnecting
[I] 05:49:23.416(000000000014ED4C):[redis]redis connect
[I] 05:49:23.418(000000000014ED4C):[redis]redis ready
[I] 05:49:36.420(000000000014F3E4):[redis]redis close
[T] 05:49:36.420(000000000014F3E4):[redis]redis reconnecting
[I] 05:49:36.422(000000000014F3E4):[redis]redis connect
[I] 05:49:36.423(000000000014F3E4):[redis]redis ready
[I] 05:54:23.603(000000000014EBE0):[redis]redis close
[T] 05:54:23.604(000000000014EBE0):[redis]redis reconnecting
[I] 05:54:23.607(000000000014EBE0):[redis]redis connect
[I] 05:54:23.609(000000000014EBE0):[redis]redis ready
[I] 05:54:25.006(000000000014ED4C):[redis]redis close
[T] 05:54:25.007(000000000014ED4C):[redis]redis reconnecting
[I] 05:54:25.010(000000000014ED4C):[redis]redis connect
[I] 05:54:25.012(000000000014ED4C):[redis]redis ready
[I] 05:54:37.921(000000000014F3E4):[redis]redis close
[T] 05:54:37.922(000000000014F3E4):[redis]redis reconnecting
[I] 05:54:37.925(000000000014F3E4):[redis]redis connect
[I] 05:54:37.927(000000000014F3E4):[redis]redis ready
[I] 05:59:24.762(000000000014EBE0):[redis]redis close
[T] 05:59:24.762(000000000014EBE0):[redis]redis reconnecting
[I] 05:59:24.766(000000000014EBE0):[redis]redis connect
[I] 05:59:24.767(000000000014EBE0):[redis]redis ready
[I] 05:59:26.164(000000000014ED4C):[redis]redis close
[T] 05:59:26.164(000000000014ED4C):[redis]redis reconnecting
[I] 05:59:26.168(000000000014ED4C):[redis]redis connect
[I] 05:59:26.169(000000000014ED4C):[redis]redis ready
[I] 05:59:39.080(000000000014F3E4):[redis]redis close
[T] 05:59:39.080(000000000014F3E4):[redis]redis reconnecting
[I] 05:59:39.084(000000000014F3E4):[redis]redis connect
[I] 05:59:39.086(000000000014F3E4):[redis]redis ready
[I] 06:04:25.962(000000000014EBE0):[redis]redis close
[T] 06:04:25.962(000000000014EBE0):[redis]redis reconnecting
[I] 06:04:25.965(000000000014EBE0):[redis]redis connect
[I] 06:04:25.967(000000000014EBE0):[redis]redis ready
[I] 06:04:26.461(000000000014ED4C):[redis]redis close
[T] 06:04:26.461(000000000014ED4C):[redis]redis reconnecting
[I] 06:04:26.465(000000000014ED4C):[redis]redis connect
[I] 06:04:26.466(000000000014ED4C):[redis]redis ready
[I] 06:04:39.372(000000000014F3E4):[redis]redis close
[T] 06:04:39.372(000000000014F3E4):[redis]redis reconnecting
[I] 06:04:39.374(000000000014F3E4):[redis]redis connect
[I] 06:04:39.375(000000000014F3E4):[redis]redis ready
[I] 06:09:26.999(000000000014EBE0):[redis]redis close
[T] 06:09:27.000(000000000014EBE0):[redis]redis reconnecting
[I] 06:09:27.003(000000000014EBE0):[redis]redis connect
[I] 06:09:27.004(000000000014EBE0):[redis]redis ready
[I] 06:09:27.500(000000000014ED4C):[redis]redis close
[T] 06:09:27.500(000000000014ED4C):[redis]redis reconnecting
[I] 06:09:27.502(000000000014ED4C):[redis]redis connect
[I] 06:09:27.503(000000000014ED4C):[redis]redis ready
[I] 06:09:40.308(000000000014F3E4):[redis]redis close
[T] 06:09:40.308(000000000014F3E4):[redis]redis reconnecting
[I] 06:09:40.311(000000000014F3E4):[redis]redis connect
[I] 06:09:40.312(000000000014F3E4):[redis]redis ready
[I] 06:14:27.388(000000000014EBE0):[redis]redis close
[T] 06:14:27.388(000000000014EBE0):[redis]redis reconnecting
[I] 06:14:27.390(000000000014EBE0):[redis]redis connect
[I] 06:14:27.392(000000000014EBE0):[redis]redis ready
[I] 06:14:28.890(000000000014ED4C):[redis]redis close
[T] 06:14:28.891(000000000014ED4C):[redis]redis reconnecting
[I] 06:14:28.894(000000000014ED4C):[redis]redis connect
[I] 06:14:28.896(000000000014ED4C):[redis]redis ready
[I] 06:14:41.806(000000000014F3E4):[redis]redis close
[T] 06:14:41.807(000000000014F3E4):[redis]redis reconnecting
[I] 06:14:41.809(000000000014F3E4):[redis]redis connect
[I] 06:14:41.811(000000000014F3E4):[redis]redis ready
[I] 06:19:28.782(000000000014EBE0):[redis]redis close
[T] 06:19:28.782(000000000014EBE0):[redis]redis reconnecting
[I] 06:19:28.785(000000000014EBE0):[redis]redis connect
[I] 06:19:28.786(000000000014EBE0):[redis]redis ready
[I] 06:19:29.383(000000000014ED4C):[redis]redis close
[T] 06:19:29.383(000000000014ED4C):[redis]redis reconnecting
[I] 06:19:29.386(000000000014ED4C):[redis]redis connect
[I] 06:19:29.388(000000000014ED4C):[redis]redis ready
[I] 06:19:43.304(000000000014F3E4):[redis]redis close
[T] 06:19:43.304(000000000014F3E4):[redis]redis reconnecting
[I] 06:19:43.307(000000000014F3E4):[redis]redis connect
[I] 06:19:43.309(000000000014F3E4):[redis]redis ready
[I] 06:24:30.258(000000000014EBE0):[redis]redis close
[T] 06:24:30.258(000000000014EBE0):[redis]redis reconnecting
[I] 06:24:30.260(000000000014EBE0):[redis]redis connect
[I] 06:24:30.261(000000000014EBE0):[redis]redis ready
[I] 06:24:30.858(000000000014ED4C):[redis]redis close
[T] 06:24:30.859(000000000014ED4C):[redis]redis reconnecting
[I] 06:24:30.862(000000000014ED4C):[redis]redis connect
[I] 06:24:30.864(000000000014ED4C):[redis]redis ready
[I] 06:24:43.874(000000000014F3E4):[redis]redis close
[T] 06:24:43.875(000000000014F3E4):[redis]redis reconnecting
[I] 06:24:43.878(000000000014F3E4):[redis]redis connect
[I] 06:24:43.879(000000000014F3E4):[redis]redis ready
[I] 06:29:31.221(000000000014EBE0):[redis]redis close
[T] 06:29:31.222(000000000014EBE0):[redis]redis reconnecting
[I] 06:29:31.225(000000000014EBE0):[redis]redis connect
[I] 06:29:31.226(000000000014EBE0):[redis]redis ready
[I] 06:29:31.821(000000000014ED4C):[redis]redis close
[T] 06:29:31.822(000000000014ED4C):[redis]redis reconnecting
[I] 06:29:31.825(000000000014ED4C):[redis]redis connect
[I] 06:29:31.826(000000000014ED4C):[redis]redis ready
[I] 06:29:44.628(000000000014F3E4):[redis]redis close
[T] 06:29:44.628(000000000014F3E4):[redis]redis reconnecting
[I] 06:29:44.630(000000000014F3E4):[redis]redis connect
[I] 06:29:44.631(000000000014F3E4):[redis]redis ready
[I] 06:34:31.706(000000000014EBE0):[redis]redis close
[T] 06:34:31.707(000000000014EBE0):[redis]redis reconnecting
[I] 06:34:31.710(000000000014EBE0):[redis]redis connect
[I] 06:34:31.711(000000000014EBE0):[redis]redis ready
[I] 06:34:33.408(000000000014ED4C):[redis]redis close
[T] 06:34:33.409(000000000014ED4C):[redis]redis reconnecting
[I] 06:34:33.412(000000000014ED4C):[redis]redis connect
[I] 06:34:33.413(000000000014ED4C):[redis]redis ready
[I] 06:34:46.120(000000000014F3E4):[redis]redis close
[T] 06:34:46.120(000000000014F3E4):[redis]redis reconnecting
[I] 06:34:46.123(000000000014F3E4):[redis]redis connect
[I] 06:34:46.124(000000000014F3E4):[redis]redis ready
[I] 06:39:32.513(000000000014EBE0):[redis]redis close
[T] 06:39:32.514(000000000014EBE0):[redis]redis reconnecting
[I] 06:39:32.516(000000000014EBE0):[redis]redis connect
[I] 06:39:32.517(000000000014EBE0):[redis]redis ready
[I] 06:39:35.218(000000000014ED4C):[redis]redis close
[T] 06:39:35.218(000000000014ED4C):[redis]redis reconnecting
[I] 06:39:35.221(000000000014ED4C):[redis]redis connect
[I] 06:39:35.222(000000000014ED4C):[redis]redis ready
[I] 06:39:46.828(000000000014F3E4):[redis]redis close
[T] 06:39:46.829(000000000014F3E4):[redis]redis reconnecting
[I] 06:39:46.832(000000000014F3E4):[redis]redis connect
[I] 06:39:46.834(000000000014F3E4):[redis]redis ready
[I] 06:44:33.831(000000000014EBE0):[redis]redis close
[T] 06:44:33.831(000000000014EBE0):[redis]redis reconnecting
[I] 06:44:33.833(000000000014EBE0):[redis]redis connect
[I] 06:44:33.836(000000000014EBE0):[redis]redis ready
[I] 06:44:35.532(000000000014ED4C):[redis]redis close
[T] 06:44:35.532(000000000014ED4C):[redis]redis reconnecting
[I] 06:44:35.534(000000000014ED4C):[redis]redis connect
[I] 06:44:35.536(000000000014ED4C):[redis]redis ready
[I] 06:44:48.340(000000000014F3E4):[redis]redis close
[T] 06:44:48.340(000000000014F3E4):[redis]redis reconnecting
[I] 06:44:48.343(000000000014F3E4):[redis]redis connect
[I] 06:44:48.344(000000000014F3E4):[redis]redis ready
[I] 06:49:35.312(000000000014EBE0):[redis]redis close
[T] 06:49:35.312(000000000014EBE0):[redis]redis reconnecting
[I] 06:49:35.315(000000000014EBE0):[redis]redis connect
[I] 06:49:35.317(000000000014EBE0):[redis]redis ready
[I] 06:49:36.912(000000000014ED4C):[redis]redis close
[T] 06:49:36.912(000000000014ED4C):[redis]redis reconnecting
[I] 06:49:36.916(000000000014ED4C):[redis]redis connect
[I] 06:49:36.917(000000000014ED4C):[redis]redis ready
[I] 06:49:48.624(000000000014F3E4):[redis]redis close
[T] 06:49:48.624(000000000014F3E4):[redis]redis reconnecting
[I] 06:49:48.628(000000000014F3E4):[redis]redis connect
[I] 06:49:48.629(000000000014F3E4):[redis]redis ready
[I] 06:54:35.699(000000000014EBE0):[redis]redis close
[T] 06:54:35.699(000000000014EBE0):[redis]redis reconnecting
[I] 06:54:35.701(000000000014EBE0):[redis]redis connect
[I] 06:54:35.703(000000000014EBE0):[redis]redis ready
[I] 06:54:37.402(000000000014ED4C):[redis]redis close
[T] 06:54:37.403(000000000014ED4C):[redis]redis reconnecting
[I] 06:54:37.406(000000000014ED4C):[redis]redis connect
[I] 06:54:37.407(000000000014ED4C):[redis]redis ready
[I] 06:54:50.120(000000000014F3E4):[redis]redis close
[T] 06:54:50.120(000000000014F3E4):[redis]redis reconnecting
[I] 06:54:50.123(000000000014F3E4):[redis]redis connect
[I] 06:54:50.124(000000000014F3E4):[redis]redis ready
[I] 06:59:37.341(000000000014EBE0):[redis]redis close
[T] 06:59:37.341(000000000014EBE0):[redis]redis reconnecting
[I] 06:59:37.345(000000000014EBE0):[redis]redis connect
[I] 06:59:37.346(000000000014EBE0):[redis]redis ready
[I] 06:59:39.143(000000000014ED4C):[redis]redis close
[T] 06:59:39.143(000000000014ED4C):[redis]redis reconnecting
[I] 06:59:39.146(000000000014ED4C):[redis]redis connect
[I] 06:59:39.147(000000000014ED4C):[redis]redis ready
[I] 06:59:50.749(000000000014F3E4):[redis]redis close
[T] 06:59:50.749(000000000014F3E4):[redis]redis reconnecting
[I] 06:59:50.753(000000000014F3E4):[redis]redis connect
[I] 06:59:50.755(000000000014F3E4):[redis]redis ready
[I] 07:04:38.014(000000000014EBE0):[redis]redis close
[T] 07:04:38.014(000000000014EBE0):[redis]redis reconnecting
[I] 07:04:38.016(000000000014EBE0):[redis]redis connect
[I] 07:04:38.017(000000000014EBE0):[redis]redis ready
[I] 07:04:39.618(000000000014ED4C):[redis]redis close
[T] 07:04:39.618(000000000014ED4C):[redis]redis reconnecting
[I] 07:04:39.620(000000000014ED4C):[redis]redis connect
[I] 07:04:39.621(000000000014ED4C):[redis]redis ready
[I] 07:04:52.226(000000000014F3E4):[redis]redis close
[T] 07:04:52.226(000000000014F3E4):[redis]redis reconnecting
[I] 07:04:52.229(000000000014F3E4):[redis]redis connect
[I] 07:04:52.231(000000000014F3E4):[redis]redis ready
[I] 07:09:39.050(000000000014EBE0):[redis]redis close
[T] 07:09:39.051(000000000014EBE0):[redis]redis reconnecting
[I] 07:09:39.054(000000000014EBE0):[redis]redis connect
[I] 07:09:39.056(000000000014EBE0):[redis]redis ready
[I] 07:09:40.651(000000000014ED4C):[redis]redis close
[T] 07:09:40.652(000000000014ED4C):[redis]redis reconnecting
[I] 07:09:40.654(000000000014ED4C):[redis]redis connect
[I] 07:09:40.656(000000000014ED4C):[redis]redis ready
[I] 07:09:53.361(000000000014F3E4):[redis]redis close
[T] 07:09:53.361(000000000014F3E4):[redis]redis reconnecting
[I] 07:09:53.365(000000000014F3E4):[redis]redis connect
[I] 07:09:53.366(000000000014F3E4):[redis]redis ready
[I] 07:14:39.902(000000000014EBE0):[redis]redis close
[T] 07:14:39.903(000000000014EBE0):[redis]redis reconnecting
[I] 07:14:39.906(000000000014EBE0):[redis]redis connect
[I] 07:14:39.907(000000000014EBE0):[redis]redis ready
[I] 07:14:41.603(000000000014ED4C):[redis]redis close
[T] 07:14:41.603(000000000014ED4C):[redis]redis reconnecting
[I] 07:14:41.605(000000000014ED4C):[redis]redis connect
[I] 07:14:41.606(000000000014ED4C):[redis]redis ready
[I] 07:14:54.108(000000000014F3E4):[redis]redis close
[T] 07:14:54.108(000000000014F3E4):[redis]redis reconnecting
[I] 07:14:54.110(000000000014F3E4):[redis]redis connect
[I] 07:14:54.111(000000000014F3E4):[redis]redis ready
[I] 07:19:40.722(000000000014EBE0):[redis]redis close
[T] 07:19:40.722(000000000014EBE0):[redis]redis reconnecting
[I] 07:19:40.725(000000000014EBE0):[redis]redis connect
[I] 07:19:40.727(000000000014EBE0):[redis]redis ready
[I] 07:19:42.524(000000000014ED4C):[redis]redis close
[T] 07:19:42.525(000000000014ED4C):[redis]redis reconnecting
[I] 07:19:42.528(000000000014ED4C):[redis]redis connect
[I] 07:19:42.530(000000000014ED4C):[redis]redis ready
[I] 07:19:55.134(000000000014F3E4):[redis]redis close
[T] 07:19:55.134(000000000014F3E4):[redis]redis reconnecting
[I] 07:19:55.137(000000000014F3E4):[redis]redis connect
[I] 07:19:55.138(000000000014F3E4):[redis]redis ready
[I] 07:24:42.277(000000000014EBE0):[redis]redis close
[T] 07:24:42.277(000000000014EBE0):[redis]redis reconnecting
[I] 07:24:42.282(000000000014EBE0):[redis]redis connect
[I] 07:24:42.283(000000000014EBE0):[redis]redis ready
[I] 07:24:44.080(000000000014ED4C):[redis]redis close
[T] 07:24:44.080(000000000014ED4C):[redis]redis reconnecting
[I] 07:24:44.082(000000000014ED4C):[redis]redis connect
[I] 07:24:44.084(000000000014ED4C):[redis]redis ready
[I] 07:24:55.584(000000000014F3E4):[redis]redis close
[T] 07:24:55.584(000000000014F3E4):[redis]redis reconnecting
[I] 07:24:55.587(000000000014F3E4):[redis]redis connect
[I] 07:24:55.588(000000000014F3E4):[redis]redis ready
[I] 07:29:43.338(000000000014EBE0):[redis]redis close
[T] 07:29:43.339(000000000014EBE0):[redis]redis reconnecting
[I] 07:29:43.341(000000000014EBE0):[redis]redis connect
[I] 07:29:43.342(000000000014EBE0):[redis]redis ready
[I] 07:29:45.140(000000000014ED4C):[redis]redis close
[T] 07:29:45.140(000000000014ED4C):[redis]redis reconnecting
[I] 07:29:45.143(000000000014ED4C):[redis]redis connect
[I] 07:29:45.145(000000000014ED4C):[redis]redis ready
[I] 07:29:56.446(000000000014F3E4):[redis]redis close
[T] 07:29:56.446(000000000014F3E4):[redis]redis reconnecting
[I] 07:29:56.450(000000000014F3E4):[redis]redis connect
[I] 07:29:56.453(000000000014F3E4):[redis]redis ready
[I] 07:34:44.113(000000000014EBE0):[redis]redis close
[T] 07:34:44.113(000000000014EBE0):[redis]redis reconnecting
[I] 07:34:44.115(000000000014EBE0):[redis]redis connect
[I] 07:34:44.116(000000000014EBE0):[redis]redis ready
[I] 07:34:46.014(000000000014ED4C):[redis]redis close
[T] 07:34:46.015(000000000014ED4C):[redis]redis reconnecting
[I] 07:34:46.018(000000000014ED4C):[redis]redis connect
[I] 07:34:46.019(000000000014ED4C):[redis]redis ready
[I] 07:34:58.424(000000000014F3E4):[redis]redis close
[T] 07:34:58.424(000000000014F3E4):[redis]redis reconnecting
[I] 07:34:58.428(000000000014F3E4):[redis]redis connect
[I] 07:34:58.429(000000000014F3E4):[redis]redis ready
[I] 07:39:44.572(000000000014EBE0):[redis]redis close
[T] 07:39:44.573(000000000014EBE0):[redis]redis reconnecting
[I] 07:39:44.576(000000000014EBE0):[redis]redis connect
[I] 07:39:44.578(000000000014EBE0):[redis]redis ready
[I] 07:39:46.474(000000000014ED4C):[redis]redis close
[T] 07:39:46.475(000000000014ED4C):[redis]redis reconnecting
[I] 07:39:46.478(000000000014ED4C):[redis]redis connect
[I] 07:39:46.479(000000000014ED4C):[redis]redis ready
[I] 07:39:58.794(000000000014F3E4):[redis]redis close
[T] 07:39:58.795(000000000014F3E4):[redis]redis reconnecting
[I] 07:39:58.798(000000000014F3E4):[redis]redis connect
[I] 07:39:58.799(000000000014F3E4):[redis]redis ready
[I] 07:44:46.156(000000000014EBE0):[redis]redis close
[T] 07:44:46.157(000000000014EBE0):[redis]redis reconnecting
[I] 07:44:46.159(000000000014EBE0):[redis]redis connect
[I] 07:44:46.160(000000000014EBE0):[redis]redis ready
[I] 07:44:48.058(000000000014ED4C):[redis]redis close
[T] 07:44:48.059(000000000014ED4C):[redis]redis reconnecting
[I] 07:44:48.062(000000000014ED4C):[redis]redis connect
[I] 07:44:48.063(000000000014ED4C):[redis]redis ready
[I] 07:45:00.370(000000000014F3E4):[redis]redis close
[T] 07:45:00.370(000000000014F3E4):[redis]redis reconnecting
[I] 07:45:00.373(000000000014F3E4):[redis]redis connect
[I] 07:45:00.376(000000000014F3E4):[redis]redis ready
[I] 07:49:46.937(000000000014EBE0):[redis]redis close
[T] 07:49:46.937(000000000014EBE0):[redis]redis reconnecting
[I] 07:49:46.940(000000000014EBE0):[redis]redis connect
[I] 07:49:46.941(000000000014EBE0):[redis]redis ready
[I] 07:49:48.840(000000000014ED4C):[redis]redis close
[T] 07:49:48.840(000000000014ED4C):[redis]redis reconnecting
[I] 07:49:48.843(000000000014ED4C):[redis]redis connect
[I] 07:49:48.845(000000000014ED4C):[redis]redis ready
[I] 07:50:01.277(000000000014F3E4):[redis]redis close
[T] 07:50:01.277(000000000014F3E4):[redis]redis reconnecting
[I] 07:50:01.280(000000000014F3E4):[redis]redis connect
[I] 07:50:01.281(000000000014F3E4):[redis]redis ready
[I] 07:54:47.552(000000000014EBE0):[redis]redis close
[T] 07:54:47.552(000000000014EBE0):[redis]redis reconnecting
[I] 07:54:47.554(000000000014EBE0):[redis]redis connect
[I] 07:54:47.555(000000000014EBE0):[redis]redis ready
[I] 07:54:50.455(000000000014ED4C):[redis]redis close
[T] 07:54:50.455(000000000014ED4C):[redis]redis reconnecting
[I] 07:54:50.457(000000000014ED4C):[redis]redis connect
[I] 07:54:50.458(000000000014ED4C):[redis]redis ready
[I] 07:55:01.764(000000000014F3E4):[redis]redis close
[T] 07:55:01.765(000000000014F3E4):[redis]redis reconnecting
[I] 07:55:01.768(000000000014F3E4):[redis]redis connect
[I] 07:55:01.769(000000000014F3E4):[redis]redis ready
[I] 07:59:48.830(000000000014EBE0):[redis]redis close
[T] 07:59:48.830(000000000014EBE0):[redis]redis reconnecting
[I] 07:59:48.834(000000000014EBE0):[redis]redis connect
[I] 07:59:48.835(000000000014EBE0):[redis]redis ready
[I] 07:59:50.830(000000000014ED4C):[redis]redis close
[T] 07:59:50.830(000000000014ED4C):[redis]redis reconnecting
[I] 07:59:50.834(000000000014ED4C):[redis]redis connect
[I] 07:59:50.836(000000000014ED4C):[redis]redis ready
[I] 08:00:03.240(000000000014F3E4):[redis]redis close
[T] 08:00:03.240(000000000014F3E4):[redis]redis reconnecting
[I] 08:00:03.244(000000000014F3E4):[redis]redis connect
[I] 08:00:03.246(000000000014F3E4):[redis]redis ready
[I] 08:04:50.327(000000000014EBE0):[redis]redis close
[T] 08:04:50.327(000000000014EBE0):[redis]redis reconnecting
[I] 08:04:50.330(000000000014EBE0):[redis]redis connect
[I] 08:04:50.331(000000000014EBE0):[redis]redis ready
[I] 08:04:52.331(000000000014ED4C):[redis]redis close
[T] 08:04:52.331(000000000014ED4C):[redis]redis reconnecting
[I] 08:04:52.334(000000000014ED4C):[redis]redis connect
[I] 08:04:52.335(000000000014ED4C):[redis]redis ready
[I] 08:05:03.542(000000000014F3E4):[redis]redis close
[T] 08:05:03.542(000000000014F3E4):[redis]redis reconnecting
[I] 08:05:03.545(000000000014F3E4):[redis]redis connect
[I] 08:05:03.546(000000000014F3E4):[redis]redis ready
[I] 08:09:50.953(000000000014EBE0):[redis]redis close
[T] 08:09:50.953(000000000014EBE0):[redis]redis reconnecting
[I] 08:09:50.956(000000000014EBE0):[redis]redis connect
[I] 08:09:50.957(000000000014EBE0):[redis]redis ready
[I] 08:09:52.954(000000000014ED4C):[redis]redis close
[T] 08:09:52.954(000000000014ED4C):[redis]redis reconnecting
[I] 08:09:52.956(000000000014ED4C):[redis]redis connect
[I] 08:09:52.957(000000000014ED4C):[redis]redis ready
[I] 08:10:05.162(000000000014F3E4):[redis]redis close
[T] 08:10:05.162(000000000014F3E4):[redis]redis reconnecting
[I] 08:10:05.166(000000000014F3E4):[redis]redis connect
[I] 08:10:05.167(000000000014F3E4):[redis]redis ready
[I] 08:14:52.509(000000000014EBE0):[redis]redis close
[T] 08:14:52.509(000000000014EBE0):[redis]redis reconnecting
[I] 08:14:52.512(000000000014EBE0):[redis]redis connect
[I] 08:14:52.513(000000000014EBE0):[redis]redis ready
[I] 08:14:54.512(000000000014ED4C):[redis]redis close
[T] 08:14:54.513(000000000014ED4C):[redis]redis reconnecting
[I] 08:14:54.517(000000000014ED4C):[redis]redis connect
[I] 08:14:54.518(000000000014ED4C):[redis]redis ready
[I] 08:15:05.737(000000000014F3E4):[redis]redis close
[T] 08:15:05.737(000000000014F3E4):[redis]redis reconnecting
[I] 08:15:05.741(000000000014F3E4):[redis]redis connect
[I] 08:15:05.742(000000000014F3E4):[redis]redis ready
[I] 08:19:53.771(000000000014EBE0):[redis]redis close
[T] 08:19:53.771(000000000014EBE0):[redis]redis reconnecting
[I] 08:19:53.774(000000000014EBE0):[redis]redis connect
[I] 08:19:53.775(000000000014EBE0):[redis]redis ready
[I] 08:19:55.773(000000000014ED4C):[redis]redis close
[T] 08:19:55.773(000000000014ED4C):[redis]redis reconnecting
[I] 08:19:55.777(000000000014ED4C):[redis]redis connect
[I] 08:19:55.778(000000000014ED4C):[redis]redis ready
[I] 08:20:06.887(000000000014F3E4):[redis]redis close
[T] 08:20:06.887(000000000014F3E4):[redis]redis reconnecting
[I] 08:20:06.891(000000000014F3E4):[redis]redis connect
[I] 08:20:06.892(000000000014F3E4):[redis]redis ready
[I] 08:24:54.798(000000000014EBE0):[redis]redis close
[T] 08:24:54.799(000000000014EBE0):[redis]redis reconnecting
[I] 08:24:54.802(000000000014EBE0):[redis]redis connect
[I] 08:24:54.803(000000000014EBE0):[redis]redis ready
[I] 08:24:56.803(000000000014ED4C):[redis]redis close
[T] 08:24:56.804(000000000014ED4C):[redis]redis reconnecting
[I] 08:24:56.807(000000000014ED4C):[redis]redis connect
[I] 08:24:56.808(000000000014ED4C):[redis]redis ready
[I] 08:25:08.012(000000000014F3E4):[redis]redis close
[T] 08:25:08.012(000000000014F3E4):[redis]redis reconnecting
[I] 08:25:08.014(000000000014F3E4):[redis]redis connect
[I] 08:25:08.015(000000000014F3E4):[redis]redis ready
[I] 08:29:55.765(000000000014EBE0):[redis]redis close
[T] 08:29:55.765(000000000014EBE0):[redis]redis reconnecting
[I] 08:29:55.769(000000000014EBE0):[redis]redis connect
[I] 08:29:55.770(000000000014EBE0):[redis]redis ready
[I] 08:29:57.767(000000000014ED4C):[redis]redis close
[T] 08:29:57.767(000000000014ED4C):[redis]redis reconnecting
[I] 08:29:57.770(000000000014ED4C):[redis]redis connect
[I] 08:29:57.772(000000000014ED4C):[redis]redis ready
[I] 08:30:08.888(000000000014F3E4):[redis]redis close
[T] 08:30:08.889(000000000014F3E4):[redis]redis reconnecting
[I] 08:30:08.891(000000000014F3E4):[redis]redis connect
[I] 08:30:08.893(000000000014F3E4):[redis]redis ready
[I] 08:34:56.938(000000000014EBE0):[redis]redis close
[T] 08:34:56.938(000000000014EBE0):[redis]redis reconnecting
[I] 08:34:56.942(000000000014EBE0):[redis]redis connect
[I] 08:34:56.943(000000000014EBE0):[redis]redis ready
[I] 08:34:58.938(000000000014ED4C):[redis]redis close
[T] 08:34:58.938(000000000014ED4C):[redis]redis reconnecting
[I] 08:34:58.941(000000000014ED4C):[redis]redis connect
[I] 08:34:58.942(000000000014ED4C):[redis]redis ready
[I] 08:35:09.950(000000000014F3E4):[redis]redis close
[T] 08:35:09.950(000000000014F3E4):[redis]redis reconnecting
[I] 08:35:09.954(000000000014F3E4):[redis]redis connect
[I] 08:35:09.955(000000000014F3E4):[redis]redis ready
[I] 08:39:58.411(000000000014EBE0):[redis]redis close
[T] 08:39:58.411(000000000014EBE0):[redis]redis reconnecting
[I] 08:39:58.414(000000000014EBE0):[redis]redis connect
[I] 08:39:58.415(000000000014EBE0):[redis]redis ready
[I] 08:40:00.415(000000000014ED4C):[redis]redis close
[T] 08:40:00.415(000000000014ED4C):[redis]redis reconnecting
[I] 08:40:00.418(000000000014ED4C):[redis]redis connect
[I] 08:40:00.419(000000000014ED4C):[redis]redis ready
[I] 08:40:11.522(000000000014F3E4):[redis]redis close
[T] 08:40:11.522(000000000014F3E4):[redis]redis reconnecting
[I] 08:40:11.527(000000000014F3E4):[redis]redis connect
[I] 08:40:11.529(000000000014F3E4):[redis]redis ready
[I] 08:44:59.160(000000000014EBE0):[redis]redis close
[T] 08:44:59.161(000000000014EBE0):[redis]redis reconnecting
[I] 08:44:59.165(000000000014EBE0):[redis]redis connect
[I] 08:44:59.166(000000000014EBE0):[redis]redis ready
[I] 08:45:01.061(000000000014ED4C):[redis]redis close
[T] 08:45:01.062(000000000014ED4C):[redis]redis reconnecting
[I] 08:45:01.065(000000000014ED4C):[redis]redis connect
[I] 08:45:01.066(000000000014ED4C):[redis]redis ready
[I] 08:45:12.068(000000000014F3E4):[redis]redis close
[T] 08:45:12.068(000000000014F3E4):[redis]redis reconnecting
[I] 08:45:12.070(000000000014F3E4):[redis]redis connect
[I] 08:45:12.071(000000000014F3E4):[redis]redis ready
[I] 08:50:00.120(000000000014EBE0):[redis]redis close
[T] 08:50:00.121(000000000014EBE0):[redis]redis reconnecting
[I] 08:50:00.124(000000000014EBE0):[redis]redis connect
[I] 08:50:00.125(000000000014EBE0):[redis]redis ready
[I] 08:50:02.022(000000000014ED4C):[redis]redis close
[T] 08:50:02.022(000000000014ED4C):[redis]redis reconnecting
[I] 08:50:02.025(000000000014ED4C):[redis]redis connect
[I] 08:50:02.026(000000000014ED4C):[redis]redis ready
[I] 08:50:13.128(000000000014F3E4):[redis]redis close
[T] 08:50:13.129(000000000014F3E4):[redis]redis reconnecting
[I] 08:50:13.133(000000000014F3E4):[redis]redis connect
[I] 08:50:13.134(000000000014F3E4):[redis]redis ready
[I] 08:55:01.381(000000000014EBE0):[redis]redis close
[T] 08:55:01.382(000000000014EBE0):[redis]redis reconnecting
[I] 08:55:01.385(000000000014EBE0):[redis]redis connect
[I] 08:55:01.386(000000000014EBE0):[redis]redis ready
[I] 08:55:03.181(000000000014ED4C):[redis]redis close
[T] 08:55:03.182(000000000014ED4C):[redis]redis reconnecting
[I] 08:55:03.185(000000000014ED4C):[redis]redis connect
[I] 08:55:03.186(000000000014ED4C):[redis]redis ready
[I] 08:55:14.184(000000000014F3E4):[redis]redis close
[T] 08:55:14.184(000000000014F3E4):[redis]redis reconnecting
[I] 08:55:14.186(000000000014F3E4):[redis]redis connect
[I] 08:55:14.187(000000000014F3E4):[redis]redis ready
[I] 09:00:01.580(000000000014EBE0):[redis]redis close
[T] 09:00:01.581(000000000014EBE0):[redis]redis reconnecting
[I] 09:00:01.586(000000000014EBE0):[redis]redis connect
[I] 09:00:01.589(000000000014EBE0):[redis]redis ready
[I] 09:00:04.484(000000000014ED4C):[redis]redis close
[T] 09:00:04.484(000000000014ED4C):[redis]redis reconnecting
[I] 09:00:04.486(000000000014ED4C):[redis]redis connect
[I] 09:00:04.487(000000000014ED4C):[redis]redis ready
[I] 09:00:15.399(000000000014F3E4):[redis]redis close
[T] 09:00:15.400(000000000014F3E4):[redis]redis reconnecting
[I] 09:00:15.402(000000000014F3E4):[redis]redis connect
[I] 09:00:15.403(000000000014F3E4):[redis]redis ready
[I] 09:05:03.447(000000000014EBE0):[redis]redis close
[T] 09:05:03.447(000000000014EBE0):[redis]redis reconnecting
[I] 09:05:03.450(000000000014EBE0):[redis]redis connect
[I] 09:05:03.452(000000000014EBE0):[redis]redis ready
[I] 09:05:05.347(000000000014ED4C):[redis]redis close
[T] 09:05:05.347(000000000014ED4C):[redis]redis reconnecting
[I] 09:05:05.350(000000000014ED4C):[redis]redis connect
[I] 09:05:05.352(000000000014ED4C):[redis]redis ready
[I] 09:05:16.357(000000000014F3E4):[redis]redis close
[T] 09:05:16.357(000000000014F3E4):[redis]redis reconnecting
[I] 09:05:16.360(000000000014F3E4):[redis]redis connect
[I] 09:05:16.361(000000000014F3E4):[redis]redis ready
[I] 09:10:03.677(000000000014EBE0):[redis]redis close
[T] 09:10:03.677(000000000014EBE0):[redis]redis reconnecting
[I] 09:10:03.680(000000000014EBE0):[redis]redis connect
[I] 09:10:03.681(000000000014EBE0):[redis]redis ready
[I] 09:10:06.479(000000000014ED4C):[redis]redis close
[T] 09:10:06.479(000000000014ED4C):[redis]redis reconnecting
[I] 09:10:06.482(000000000014ED4C):[redis]redis connect
[I] 09:10:06.484(000000000014ED4C):[redis]redis ready
[I] 09:10:17.489(000000000014F3E4):[redis]redis close
[T] 09:10:17.490(000000000014F3E4):[redis]redis reconnecting
[I] 09:10:17.492(000000000014F3E4):[redis]redis connect
[I] 09:10:17.493(000000000014F3E4):[redis]redis ready
[I] 09:15:04.654(000000000014EBE0):[redis]redis close
[T] 09:15:04.654(000000000014EBE0):[redis]redis reconnecting
[I] 09:15:04.656(000000000014EBE0):[redis]redis connect
[I] 09:15:04.658(000000000014EBE0):[redis]redis ready
[I] 09:15:07.456(000000000014ED4C):[redis]redis close
[T] 09:15:07.457(000000000014ED4C):[redis]redis reconnecting
[I] 09:15:07.460(000000000014ED4C):[redis]redis connect
[I] 09:15:07.461(000000000014ED4C):[redis]redis ready
[I] 09:15:18.467(000000000014F3E4):[redis]redis close
[T] 09:15:18.468(000000000014F3E4):[redis]redis reconnecting
[I] 09:15:18.470(000000000014F3E4):[redis]redis connect
[I] 09:15:18.471(000000000014F3E4):[redis]redis ready
[I] 09:20:05.606(000000000014EBE0):[redis]redis close
[T] 09:20:05.606(000000000014EBE0):[redis]redis reconnecting
[I] 09:20:05.608(000000000014EBE0):[redis]redis connect
[I] 09:20:05.609(000000000014EBE0):[redis]redis ready
[I] 09:20:07.607(000000000014ED4C):[redis]redis close
[T] 09:20:07.607(000000000014ED4C):[redis]redis reconnecting
[I] 09:20:07.609(000000000014ED4C):[redis]redis connect
[I] 09:20:07.610(000000000014ED4C):[redis]redis ready
[I] 09:20:18.721(000000000014F3E4):[redis]redis close
[T] 09:20:18.722(000000000014F3E4):[redis]redis reconnecting
[I] 09:20:18.725(000000000014F3E4):[redis]redis connect
[I] 09:20:18.727(000000000014F3E4):[redis]redis ready
[I] 09:25:06.895(000000000014EBE0):[redis]redis close
[T] 09:25:06.896(000000000014EBE0):[redis]redis reconnecting
[I] 09:25:06.898(000000000014EBE0):[redis]redis connect
[I] 09:25:06.900(000000000014EBE0):[redis]redis ready
[I] 09:25:08.896(000000000014ED4C):[redis]redis close
[T] 09:25:08.897(000000000014ED4C):[redis]redis reconnecting
[I] 09:25:08.900(000000000014ED4C):[redis]redis connect
[I] 09:25:08.903(000000000014ED4C):[redis]redis ready
[I] 09:25:20.009(000000000014F3E4):[redis]redis close
[T] 09:25:20.009(000000000014F3E4):[redis]redis reconnecting
[I] 09:25:20.014(000000000014F3E4):[redis]redis connect
[I] 09:25:20.015(000000000014F3E4):[redis]redis ready
[I] 09:30:08.349(000000000014EBE0):[redis]redis close
[T] 09:30:08.350(000000000014EBE0):[redis]redis reconnecting
[I] 09:30:08.353(000000000014EBE0):[redis]redis connect
[I] 09:30:08.354(000000000014EBE0):[redis]redis ready
[I] 09:30:10.352(000000000014ED4C):[redis]redis close
[T] 09:30:10.352(000000000014ED4C):[redis]redis reconnecting
[I] 09:30:10.356(000000000014ED4C):[redis]redis connect
[I] 09:30:10.358(000000000014ED4C):[redis]redis ready
[I] 09:30:21.464(000000000014F3E4):[redis]redis close
[T] 09:30:21.464(000000000014F3E4):[redis]redis reconnecting
[I] 09:30:21.468(000000000014F3E4):[redis]redis connect
[I] 09:30:21.469(000000000014F3E4):[redis]redis ready
[I] 09:35:08.913(000000000014EBE0):[redis]redis close
[T] 09:35:08.913(000000000014EBE0):[redis]redis reconnecting
[I] 09:35:08.915(000000000014EBE0):[redis]redis connect
[I] 09:35:08.916(000000000014EBE0):[redis]redis ready
[I] 09:35:10.924(000000000014ED4C):[redis]redis close
[T] 09:35:10.924(000000000014ED4C):[redis]redis reconnecting
[I] 09:35:10.926(000000000014ED4C):[redis]redis connect
[I] 09:35:10.928(000000000014ED4C):[redis]redis ready
[I] 09:35:21.934(000000000014F3E4):[redis]redis close
[T] 09:35:21.935(000000000014F3E4):[redis]redis reconnecting
[I] 09:35:21.938(000000000014F3E4):[redis]redis connect
[I] 09:35:21.939(000000000014F3E4):[redis]redis ready
[I] 09:40:10.509(000000000014EBE0):[redis]redis close
[T] 09:40:10.509(000000000014EBE0):[redis]redis reconnecting
[I] 09:40:10.513(000000000014EBE0):[redis]redis connect
[I] 09:40:10.514(000000000014EBE0):[redis]redis ready
[I] 09:40:12.512(000000000014ED4C):[redis]redis close
[T] 09:40:12.513(000000000014ED4C):[redis]redis reconnecting
[I] 09:40:12.516(000000000014ED4C):[redis]redis connect
[I] 09:40:12.517(000000000014ED4C):[redis]redis ready
[I] 09:40:22.626(000000000014F3E4):[redis]redis close
[T] 09:40:22.626(000000000014F3E4):[redis]redis reconnecting
[I] 09:40:22.630(000000000014F3E4):[redis]redis connect
[I] 09:40:22.631(000000000014F3E4):[redis]redis ready
[I] 09:45:10.711(000000000014EBE0):[redis]redis close
[T] 09:45:10.711(000000000014EBE0):[redis]redis reconnecting
[I] 09:45:10.714(000000000014EBE0):[redis]redis connect
[I] 09:45:10.715(000000000014EBE0):[redis]redis ready
[I] 09:45:12.712(000000000014ED4C):[redis]redis close
[T] 09:45:12.713(000000000014ED4C):[redis]redis reconnecting
[I] 09:45:12.716(000000000014ED4C):[redis]redis connect
[I] 09:45:12.717(000000000014ED4C):[redis]redis ready
[I] 09:45:23.918(000000000014F3E4):[redis]redis close
[T] 09:45:23.918(000000000014F3E4):[redis]redis reconnecting
[I] 09:45:23.920(000000000014F3E4):[redis]redis connect
[I] 09:45:23.921(000000000014F3E4):[redis]redis ready
[I] 09:50:12.482(000000000014EBE0):[redis]redis close
[T] 09:50:12.482(000000000014EBE0):[redis]redis reconnecting
[I] 09:50:12.485(000000000014EBE0):[redis]redis connect
[I] 09:50:12.486(000000000014EBE0):[redis]redis ready
[I] 09:50:14.484(000000000014ED4C):[redis]redis close
[T] 09:50:14.485(000000000014ED4C):[redis]redis reconnecting
[I] 09:50:14.488(000000000014ED4C):[redis]redis connect
[I] 09:50:14.490(000000000014ED4C):[redis]redis ready
[I] 09:50:25.494(000000000014F3E4):[redis]redis close
[T] 09:50:25.494(000000000014F3E4):[redis]redis reconnecting
[I] 09:50:25.497(000000000014F3E4):[redis]redis connect
[I] 09:50:25.498(000000000014F3E4):[redis]redis ready
[I] 09:55:13.139(000000000014EBE0):[redis]redis close
[T] 09:55:13.139(000000000014EBE0):[redis]redis reconnecting
[I] 09:55:13.142(000000000014EBE0):[redis]redis connect
[I] 09:55:13.143(000000000014EBE0):[redis]redis ready
[I] 09:55:15.141(000000000014ED4C):[redis]redis close
[T] 09:55:15.141(000000000014ED4C):[redis]redis reconnecting
[I] 09:55:15.145(000000000014ED4C):[redis]redis connect
[I] 09:55:15.147(000000000014ED4C):[redis]redis ready
[I] 09:55:26.151(000000000014F3E4):[redis]redis close
[T] 09:55:26.151(000000000014F3E4):[redis]redis reconnecting
[I] 09:55:26.154(000000000014F3E4):[redis]redis connect
[I] 09:55:26.155(000000000014F3E4):[redis]redis ready
[W] 09:58:29.686(000000000014EA24):recv 'Ctrl+C' break sign!next exit!
[D] 09:58:29.691(000000000014EA24):worker process log socket error!err=Error: read ECONNRESET
    at exports._errnoException (util.js:890:11)
    at TCP.onread (net.js:550:26)
[D] 09:58:29.692(000000000014EA24):worker process log socket close!
[D] 09:58:29.694(000000000014EA24):worker process log socket error!err=Error: read ECONNRESET
    at exports._errnoException (util.js:890:11)
    at TCP.onread (net.js:550:26)
[D] 09:58:29.694(000000000014EA24):worker process log socket close!
[W] 09:58:29.697(000000000014EA24):worker 14F3E4(2#) died.
[W] 09:58:29.698(000000000014EA24):worker 14EBE0(1#) died.
[D] 09:58:29.698(000000000014EA24):worker process log socket error!err=Error: read ECONNRESET
    at exports._errnoException (util.js:890:11)
    at TCP.onread (net.js:550:26)
[D] 09:58:29.698(000000000014EA24):worker process log socket close!
[W] 09:58:29.703(000000000014EA24):worker 14ED4C(0#) died.
[W] 09:58:30.563(000000000014EA24):try restart worker 0# ...
[I] 09:58:30.581(000000000014EA24):start worker success,pid=18DB7C(0#)
[D] 09:58:31.540(000000000014EA24):worker process log socket connected!
[D] 09:58:31.533(000000000018DB7C):worker 0# ready to connect master log socket server, port=50490
[D] 09:58:31.542(000000000018DB7C):worker 0# log socket connected!
[W] 09:58:31.601(000000000014EA24):try restart worker 1# ...
[I] 09:58:31.606(000000000014EA24):start worker success,pid=160240(1#)
