[D] 14:43:49.998(0000000000077F2C):master log socket server started! host=::, port=16407
[I] 14:43:50.007(0000000000077F2C):master log channel started!port=16407
[I] 14:43:50.076(0000000000077F2C):[AMQP0]created
[I] 14:43:50.082(0000000000077F2C):[AMQP0]declare exchange 'sc.system'
[I] 14:43:50.083(0000000000077F2C):[AMQP0]declare queue 'jiaxingwang.sc_admin.system.0de9c130a28611e7930bb30fcb9aa8ab'
[I] 14:43:50.189(0000000000077F2C):PBEncoder success load file 'E:\product\protocol\sc_system.proto.js'
[W] 14:43:51.008(0000000000077F2C):try restart worker 0# ...
[I] 14:43:51.023(0000000000077F2C):start worker success,pid=6EB04(0#)
[D] 14:43:51.674(0000000000077F2C):worker process log socket connected!
[D] 14:43:51.666(000000000006EB04):worker 0# ready to connect master log socket server, port=16407
[D] 14:43:51.674(000000000006EB04):worker 0# log socket connected!
[W] 14:43:52.039(0000000000077F2C):try restart worker 1# ...
[I] 14:43:52.044(0000000000077F2C):start worker success,pid=6A370(1#)
[I] 14:43:52.209(000000000006EB04):[AMQP0]created
[I] 14:43:52.219(000000000006EB04):[AMQP0]declare queue 'cf.rpc.0f2faeb0a28611e7a96669084bdad00e'
[I] 14:43:52.221(000000000006EB04):[RPCC:cf.rpc]create rpc client 'cf.rpc' in conn AMQP0
[I] 14:43:52.339(000000000006EB04):PBEncoder success load file 'E:\product\protocol\cf.proto.js'
[I] 14:43:52.339(000000000006EB04):[AMQP0]declare queue 'cf.wechat.rpc.0f41fe30a28611e7a96669084bdad00e'
[I] 14:43:52.340(000000000006EB04):[RPCC:cf.wechat.rpc]create rpc client 'cf.wechat.rpc' in conn AMQP0
[I] 14:43:52.402(000000000006EB04):PBEncoder success load file 'E:\product\protocol\cf_wechat.proto.js'
[I] 14:43:52.403(000000000006EB04):[AMQP0]declare exchange 'cf.wechat.notify'
[I] 14:43:52.403(000000000006EB04):[AMQP0]declare queue 'jiaxingwang.sc_admin.wechat.0f4bc230a28611e7a96669084bdad00e'
[I] 14:43:52.404(000000000006EB04):[AMQP0]declare queue 'cf.app.rpc.0f4be940a28611e7a96669084bdad00e'
[I] 14:43:52.404(000000000006EB04):[RPCC:cf.app.rpc]create rpc client 'cf.app.rpc' in conn AMQP0
[I] 14:43:52.408(000000000006EB04):PBEncoder success load file 'E:\product\protocol\cf_app.proto.js'
[I] 14:43:52.409(000000000006EB04):[AMQP0]declare queue 'cf.alipay.rpc.0f4c8580a28611e7a96669084bdad00e'
[I] 14:43:52.409(000000000006EB04):[RPCC:cf.alipay.rpc]create rpc client 'cf.alipay.rpc' in conn AMQP0
[I] 14:43:52.416(000000000006EB04):PBEncoder success load file 'E:\product\protocol\cf_alipay.proto.js'
[I] 14:43:52.416(000000000006EB04):[AMQP0]declare queue 'cf.ding.rpc.0f4dbe00a28611e7a96669084bdad00e'
[I] 14:43:52.417(000000000006EB04):[RPCC:cf.ding.rpc]create rpc client 'cf.ding.rpc' in conn AMQP0
[I] 14:43:52.427(000000000006EB04):PBEncoder success load file 'E:\product\protocol\cf_ding.proto.js'
[I] 14:43:52.428(000000000006EB04):[AMQP0]declare exchange 'cf.ding.notify'
[I] 14:43:52.428(000000000006EB04):[AMQP0]declare queue 'jiaxingwang.sc_admin.ding.0f4f92c0a28611e7a96669084bdad00e'
[I] 14:43:52.428(000000000006EB04):[AM]init and reload account!
[I] 14:43:52.432(000000000006EB04):[AM]reload account success, account number is: 0
[I] 14:43:52.435(000000000006EB04):[AMQP0]declare queue 'sr.customer.rpc.0f50a430a28611e7a96669084bdad00e'
[I] 14:43:52.436(000000000006EB04):[RPCC:sr.customer.rpc]create rpc client 'sr.customer.rpc' in conn AMQP0
[I] 14:43:52.443(000000000006EB04):PBEncoder success load file 'E:\product\protocol\sr_customer.proto.js'
[W] 14:43:52.444(000000000006EB04):[AMQP0]rpc client 'cf.rpc' declare repeat!
[W] 14:43:52.445(000000000006EB04):[AMQP0]rpc client 'cf.wechat.rpc' declare repeat!
[W] 14:43:52.445(000000000006EB04):[AMQP0]rpc client 'cf.app.rpc' declare repeat!
[I] 14:43:52.449(000000000006EB04):[AMQP0]declare exchange 'sc.system'
[I] 14:43:52.450(000000000006EB04):[AMQP0]declare queue 'jiaxingwang.sc_admin.system.0f52c710a28611e7a96669084bdad00e'
[I] 14:43:52.454(000000000006EB04):PBEncoder success load file 'E:\product\protocol\sc_system.proto.js'
[I] 14:43:52.653(000000000006EB04):[AMQP1]created
[I] 14:43:52.654(000000000006EB04):[AMQP1]declare exchange 'amq.direct'
[I] 14:43:52.654(000000000006EB04):[AMQP1]declare queue 'cf.wechat.rpc.0f720ee0a28611e7a96669084bdad00e'
[I] 14:43:52.655(000000000006EB04):[RPCC:cf.wechat.rpc]create rpc client 'cf.wechat.rpc' in conn AMQP1
[I] 14:43:52.656(000000000006EB04):[AMQP2]created
[I] 14:43:52.660(000000000006EB04):[AMQP0]declare exchange 'amq.direct'
[I] 14:43:52.660(000000000006EB04):[AMQP0]declare queue 'sc.task.rpc.0f72f940a28611e7a96669084bdad00e'
[I] 14:43:52.661(000000000006EB04):[RPCC:sc.task.rpc]create rpc client 'sc.task.rpc' in conn AMQP0
[I] 14:43:52.678(000000000006EB04):PBEncoder success load file 'E:\product\protocol\sc_task.proto.js'
[I] 14:43:52.700(000000000006EB04):[AMQP0]declare queue 'sr.customer.tag.rpc.0f7913c0a28611e7a96669084bdad00e'
[I] 14:43:52.701(000000000006EB04):[RPCC:sr.customer.tag.rpc]create rpc client 'sr.customer.tag.rpc' in conn AMQP0
[I] 14:43:52.705(000000000006EB04):[AMQP0]declare queue 'sr.customer.point.rpc.0f79d710a28611e7a96669084bdad00e'
[I] 14:43:52.705(000000000006EB04):[RPCC:sr.customer.point.rpc]create rpc client 'sr.customer.point.rpc' in conn AMQP0
[I] 14:43:52.712(000000000006EB04):PBEncoder success load file 'E:\product\protocol\sr_customer_point.proto.js'
[I] 14:43:52.718(000000000006EB04):PBEncoder success load file 'E:\product\protocol\sr_customer_tag.proto.js'
[W] 14:43:52.727(000000000006EB04):[AMQP0]rpc client 'cf.wechat.rpc' declare repeat!
[I] 14:43:52.727(000000000006EB04):[AMQP0]declare queue 'sr.customer.coupon_class.rpc.0f7d3270a28611e7a96669084bdad00e'
[I] 14:43:52.728(000000000006EB04):[RPCC:sr.customer.coupon_class.rpc]create rpc client 'sr.customer.coupon_class.rpc' in conn AMQP0
[I] 14:43:52.728(000000000006EB04):[AMQP0]declare queue 'sr.customer.coupon.rpc.0f7d5980a28611e7a96669084bdad00e'
[I] 14:43:52.728(000000000006EB04):[RPCC:sr.customer.coupon.rpc]create rpc client 'sr.customer.coupon.rpc' in conn AMQP0
[D] 14:43:52.732(0000000000077F2C):worker process log socket connected!
[D] 14:43:52.724(000000000006A370):worker 1# ready to connect master log socket server, port=16407
[D] 14:43:52.733(000000000006A370):worker 1# log socket connected!
[I] 14:43:52.738(000000000006EB04):PBEncoder success load file 'E:\product\protocol\sr_customer_coupon.proto.js'
[W] 14:43:52.739(000000000006EB04):[AMQP0]rpc client 'cf.wechat.rpc' declare repeat!
[I] 14:43:52.739(000000000006EB04):[AMQP0]declare queue 'cf.wxpay.rpc.0f7f0730a28611e7a96669084bdad00e'
[I] 14:43:52.739(000000000006EB04):[RPCC:cf.wxpay.rpc]create rpc client 'cf.wxpay.rpc' in conn AMQP0
[I] 14:43:52.755(000000000006EB04):PBEncoder success load file 'E:\product\protocol\cf_wxpay.proto.js'
[W] 14:43:52.756(000000000006EB04):[AMQP0]rpc client 'sr.customer.point.rpc' declare repeat!
[W] 14:43:52.765(000000000006EB04):[AMQP0]exchange amq.direct already declare!!
[W] 14:43:52.765(000000000006EB04):[AMQP0]rpc client 'sr.customer.rpc' declare repeat!
[W] 14:43:52.765(000000000006EB04):[AMQP0]rpc client 'sr.customer.coupon.rpc' declare repeat!
[W] 14:43:52.765(000000000006EB04):[AMQP0]rpc client 'cf.wechat.rpc' declare repeat!
[W] 14:43:52.768(000000000006EB04):[AMQP0]exchange amq.direct already declare!!
[I] 14:43:52.768(000000000006EB04):[AMQP0]declare queue 'cf.baidu.rpc.0f837400a28611e7a96669084bdad00e'
[I] 14:43:52.768(000000000006EB04):[RPCC:cf.baidu.rpc]create rpc client 'cf.baidu.rpc' in conn AMQP0
[I] 14:43:52.774(000000000006EB04):PBEncoder success load file 'E:\product\protocol\cf_baidu.proto.js'
[I] 14:43:52.782(000000000006EB04):[AMQP3]created
[I] 14:43:52.788(000000000006EB04):[AMQP4]created
[I] 14:43:52.789(000000000006EB04):[AMQP4]declare exchange 'amq.direct'
[I] 14:43:52.789(000000000006EB04):[AMQP4]declare queue 'cf.app.rpc.0f86a850a28611e7a96669084bdad00e'
[I] 14:43:52.789(000000000006EB04):[RPCC:cf.app.rpc]create rpc client 'cf.app.rpc' in conn AMQP4
[I] 14:43:52.790(000000000006EB04):[AMQP4]declare queue 'cf.wechat.rpc.0f86cf60a28611e7a96669084bdad00e'
[I] 14:43:52.790(000000000006EB04):[RPCC:cf.wechat.rpc]create rpc client 'cf.wechat.rpc' in conn AMQP4
[I] 14:43:52.790(000000000006EB04):[AMQP4]declare queue 'cf.rpc.0f86cf61a28611e7a96669084bdad00e'
[I] 14:43:52.791(000000000006EB04):[RPCC:cf.rpc]create rpc client 'cf.rpc' in conn AMQP4
[I] 14:43:52.791(000000000006EB04):[AMQP4]declare queue 'sc.task.rpc.0f86f670a28611e7a96669084bdad00e'
[I] 14:43:52.791(000000000006EB04):[RPCC:sc.task.rpc]create rpc client 'sc.task.rpc' in conn AMQP4
[I] 14:43:52.795(000000000006EB04):[AMQP5]created
[I] 14:43:52.795(000000000006EB04):[AMQP5]declare exchange 'amq.direct'
[I] 14:43:52.795(000000000006EB04):[AMQP5]declare queue 'cf.wechat.rpc.0f8792b0a28611e7a96669084bdad00e'
[I] 14:43:52.796(000000000006EB04):[RPCC:cf.wechat.rpc]create rpc client 'cf.wechat.rpc' in conn AMQP5
[W] 14:43:52.799(000000000006EB04):[AMQP0]rpc client 'sr.customer.point.rpc' declare repeat!
[I] 14:43:52.801(000000000006EB04):[AMQP6]created
[I] 14:43:52.802(000000000006EB04):[AMQP6]declare exchange 'amq.direct'
[I] 14:43:52.802(000000000006EB04):[AMQP6]declare queue 'cf.wechat.rpc.0f88a420a28611e7a96669084bdad00e'
[I] 14:43:52.802(000000000006EB04):[RPCC:cf.wechat.rpc]create rpc client 'cf.wechat.rpc' in conn AMQP6
[I] 14:43:52.806(000000000006EB04):[AMQP7]created
[I] 14:43:52.807(000000000006EB04):[AMQP7]declare exchange 'amq.direct'
[I] 14:43:52.807(000000000006EB04):[AMQP7]declare queue 'sc.task.rpc.0f896770a28611e7a96669084bdad00e'
[I] 14:43:52.807(000000000006EB04):[RPCC:sc.task.rpc]create rpc client 'sc.task.rpc' in conn AMQP7
[I] 14:43:52.807(000000000006EB04):[AMQP7]declare queue 'sr.customer.rewardfail.0f896771a28611e7a96669084bdad00e'
[I] 14:43:52.808(000000000006EB04):[RPCC:sr.customer.rewardfail]create rpc client 'sr.customer.rewardfail' in conn AMQP7
[W] 14:43:52.811(000000000006EB04):[AMQP0]exchange amq.direct already declare!!
[W] 14:43:52.811(000000000006EB04):[AMQP0]rpc client 'sr.customer.tag.rpc' declare repeat!
[W] 14:43:52.812(000000000006EB04):[AMQP0]rpc client 'sc.task.rpc' declare repeat!
[W] 14:43:52.814(000000000006EB04):[AMQP0]exchange amq.direct already declare!!
[I] 14:43:52.815(000000000006EB04):[AMQP0]declare queue 'sr.trade.rpc.0f8a9ff0a28611e7a96669084bdad00e'
[I] 14:43:52.815(000000000006EB04):[RPCC:sr.trade.rpc]create rpc client 'sr.trade.rpc' in conn AMQP0
[I] 14:43:52.818(000000000006EB04):PBEncoder success load file 'E:\product\protocol\sr_trade.proto.js'
[I] 14:43:52.821(000000000006EB04):[AMQP8]created
[I] 14:43:52.822(000000000006EB04):[AMQP8]declare exchange 'amq.direct'
[I] 14:43:52.822(000000000006EB04):[AMQP8]declare queue 'cf.wechat.rpc.0f8bb160a28611e7a96669084bdad00e'
[I] 14:43:52.822(000000000006EB04):[RPCC:cf.wechat.rpc]create rpc client 'cf.wechat.rpc' in conn AMQP8
[I] 14:43:52.845(000000000006EB04):[redis]redis connect
[T] 14:43:52.848(000000000006EB04):Http is running,port is 18910
[I] 14:43:52.856(000000000006EB04):[redis]redis ready
[I] 14:43:52.857(000000000006EB04):[MP1]create connection #0
[T] 14:43:52.857(000000000006EB04):[MP1]getConnection success,getIndex=0
[I] 14:43:52.858(000000000006EB04):[MP1]create connection #1
[T] 14:43:52.858(000000000006EB04):[MP1]getConnection success,getIndex=1
[T] 14:43:52.871(000000000006EB04):[MySQL]Query success,used time:10 ms,sql="SELECT * FROM `sc_org`"
[T] 14:43:52.871(000000000006EB04):getConnection release,getIndex=1
[T] 14:43:52.874(000000000006EB04):[MySQL]Query success,used time:15 ms,sql="select * from cf_account where enabled=1 and function_mask like \"1%\""
[T] 14:43:52.874(000000000006EB04):getConnection release,getIndex=0
[I] 14:43:52.875(000000000006EB04):[AM]get account list success: [{"innerid":"HEDV35FASG-DGW423A-34TGGW53AAD66","name":"乐逛演示","org_id":"1","shop_id":null,"settlement_id":null,"method_code":1,"method_code_key":"wechat_test3_1","function_mask":"10","config":"{\"accountid\":\"gh_92368265694f\",\"fee_type\":\"CNY\",\"appid\":\"wx39bf9ff3da6fc1e7\",\"appsecret\":\"e00fc51118b318fb99cff35d217865fc\",\"mch_id\":\"1287801701\",\"sub_mch_id\":\"\",\"sign_key\":\"smartpaysmartpaysmartpaysmartpay\",\"key_file\":\"apiclient_key.pem\",\"cert_file\":\"apiclient_cert.pem\",\"pay_authorization_dir\":[\"\",\"\",\"\"],\"pay_native_callback\":\"\",\"pay_finish_notify\":\"1\",\"pay_alarm_notify\":\"\"}","enabled":1,"desc":null},{"innerid":"SE43RG3ASG-34GWW55A-34TG43HER452","name":"短信测试一","org_id":"1","shop_id":null,"settlement_id":null,"method_code":2,"method_code_key":"wechat_test1_2","function_mask":"10","config":"{\"url\" : \"http://211.147.239.62:9050/cgi-bin/sendsms\",\"username\" : \"shopperconnect@smartac\",\"password\" : \"shopCNT@smartc2016\"}","enabled":1,"desc":null},{"innerid":"SMFGSW423GWS-G43HTEHE2-HHEDR5462HS","name":"邮件测试一","org_id":"1","shop_id":null,"settlement_id":null,"method_code":3,"method_code_key":"wechat_test1_3","function_mask":"10","config":"{\"smtpserver\" : \"smtp.163.com\",\"port\": 25,\"username\" : \"zyqtest5@163.com\",\"password\" : \"zyqtest5881119\",\"SSL\":false}","enabled":1,"desc":null}]
[W] 14:43:53.049(0000000000077F2C):try restart worker 2# ...
[I] 14:43:53.055(0000000000077F2C):start worker success,pid=7B210(2#)
[I] 14:43:53.376(000000000006A370):[AMQP0]created
[I] 14:43:53.386(000000000006A370):[AMQP0]declare queue 'cf.rpc.0fe19990a28611e7a5271159b25b9c4b'
[I] 14:43:53.387(000000000006A370):[RPCC:cf.rpc]create rpc client 'cf.rpc' in conn AMQP0
[I] 14:43:53.522(000000000006A370):PBEncoder success load file 'E:\product\protocol\cf.proto.js'
[I] 14:43:53.523(000000000006A370):[AMQP0]declare queue 'cf.wechat.rpc.0ff6a830a28611e7a5271159b25b9c4b'
[I] 14:43:53.524(000000000006A370):[RPCC:cf.wechat.rpc]create rpc client 'cf.wechat.rpc' in conn AMQP0
[I] 14:43:53.585(000000000006A370):PBEncoder success load file 'E:\product\protocol\cf_wechat.proto.js'
[I] 14:43:53.585(000000000006A370):[AMQP0]declare exchange 'cf.wechat.notify'
[I] 14:43:53.586(000000000006A370):[AMQP0]declare queue 'jiaxingwang.sc_admin.wechat.10004520a28611e7a5271159b25b9c4b'
[I] 14:43:53.586(000000000006A370):[AMQP0]declare queue 'cf.app.rpc.10004521a28611e7a5271159b25b9c4b'
[I] 14:43:53.586(000000000006A370):[RPCC:cf.app.rpc]create rpc client 'cf.app.rpc' in conn AMQP0
[I] 14:43:53.591(000000000006A370):PBEncoder success load file 'E:\product\protocol\cf_app.proto.js'
[I] 14:43:53.591(000000000006A370):[AMQP0]declare queue 'cf.alipay.rpc.10010870a28611e7a5271159b25b9c4b'
[I] 14:43:53.591(000000000006A370):[RPCC:cf.alipay.rpc]create rpc client 'cf.alipay.rpc' in conn AMQP0
[I] 14:43:53.599(000000000006A370):PBEncoder success load file 'E:\product\protocol\cf_alipay.proto.js'
[I] 14:43:53.599(000000000006A370):[AMQP0]declare queue 'cf.ding.rpc.100240f0a28611e7a5271159b25b9c4b'
[I] 14:43:53.600(000000000006A370):[RPCC:cf.ding.rpc]create rpc client 'cf.ding.rpc' in conn AMQP0
[I] 14:43:53.610(000000000006A370):PBEncoder success load file 'E:\product\protocol\cf_ding.proto.js'
[I] 14:43:53.611(000000000006A370):[AMQP0]declare exchange 'cf.ding.notify'
[I] 14:43:53.612(000000000006A370):[AMQP0]declare queue 'jiaxingwang.sc_admin.ding.10043cc0a28611e7a5271159b25b9c4b'
[I] 14:43:53.613(000000000006A370):[AM]init and reload account!
[I] 14:43:53.617(000000000006A370):[AM]reload account success, account number is: 0
[I] 14:43:53.620(000000000006A370):[AMQP0]declare queue 'sr.customer.rpc.10057540a28611e7a5271159b25b9c4b'
[I] 14:43:53.620(000000000006A370):[RPCC:sr.customer.rpc]create rpc client 'sr.customer.rpc' in conn AMQP0
[I] 14:43:53.629(000000000006A370):PBEncoder success load file 'E:\product\protocol\sr_customer.proto.js'
[W] 14:43:53.629(000000000006A370):[AMQP0]rpc client 'cf.rpc' declare repeat!
[W] 14:43:53.630(000000000006A370):[AMQP0]rpc client 'cf.wechat.rpc' declare repeat!
[W] 14:43:53.630(000000000006A370):[AMQP0]rpc client 'cf.app.rpc' declare repeat!
[I] 14:43:53.634(000000000006A370):[AMQP0]declare exchange 'sc.system'
[I] 14:43:53.634(000000000006A370):[AMQP0]declare queue 'jiaxingwang.sc_admin.system.10079820a28611e7a5271159b25b9c4b'
[I] 14:43:53.639(000000000006A370):PBEncoder success load file 'E:\product\protocol\sc_system.proto.js'
[D] 14:43:53.810(0000000000077F2C):worker process log socket connected!
[D] 14:43:53.799(000000000007B210):worker 2# ready to connect master log socket server, port=16407
[D] 14:43:53.811(000000000007B210):worker 2# log socket connected!
[I] 14:43:53.849(000000000006A370):[AMQP1]created
[I] 14:43:53.850(000000000006A370):[AMQP1]declare exchange 'amq.direct'
[I] 14:43:53.850(000000000006A370):[AMQP1]declare queue 'cf.wechat.rpc.10288da0a28611e7a5271159b25b9c4b'
[I] 14:43:53.851(000000000006A370):[RPCC:cf.wechat.rpc]create rpc client 'cf.wechat.rpc' in conn AMQP1
[I] 14:43:53.852(000000000006A370):[AMQP2]created
[I] 14:43:53.858(000000000006A370):[AMQP0]declare exchange 'amq.direct'
[I] 14:43:53.859(000000000006A370):[AMQP0]declare queue 'sc.task.rpc.1029ed30a28611e7a5271159b25b9c4b'
[I] 14:43:53.859(000000000006A370):[RPCC:sc.task.rpc]create rpc client 'sc.task.rpc' in conn AMQP0
[I] 14:43:53.867(000000000006A370):PBEncoder success load file 'E:\product\protocol\sc_task.proto.js'
[I] 14:43:53.893(000000000006A370):[AMQP0]declare queue 'sr.customer.tag.rpc.102f1d50a28611e7a5271159b25b9c4b'
[I] 14:43:53.894(000000000006A370):[RPCC:sr.customer.tag.rpc]create rpc client 'sr.customer.tag.rpc' in conn AMQP0
[I] 14:43:53.897(000000000006A370):[AMQP0]declare queue 'sr.customer.point.rpc.102fb990a28611e7a5271159b25b9c4b'
[I] 14:43:53.897(000000000006A370):[RPCC:sr.customer.point.rpc]create rpc client 'sr.customer.point.rpc' in conn AMQP0
[I] 14:43:53.903(000000000006A370):PBEncoder success load file 'E:\product\protocol\sr_customer_point.proto.js'
[I] 14:43:53.911(000000000006A370):PBEncoder success load file 'E:\product\protocol\sr_customer_tag.proto.js'
[W] 14:43:53.919(000000000006A370):[AMQP0]rpc client 'cf.wechat.rpc' declare repeat!
[I] 14:43:53.920(000000000006A370):[AMQP0]declare queue 'sr.customer.coupon_class.rpc.10333c00a28611e7a5271159b25b9c4b'
[I] 14:43:53.920(000000000006A370):[RPCC:sr.customer.coupon_class.rpc]create rpc client 'sr.customer.coupon_class.rpc' in conn AMQP0
[I] 14:43:53.921(000000000006A370):[AMQP0]declare queue 'sr.customer.coupon.rpc.10336310a28611e7a5271159b25b9c4b'
[I] 14:43:53.921(000000000006A370):[RPCC:sr.customer.coupon.rpc]create rpc client 'sr.customer.coupon.rpc' in conn AMQP0
[I] 14:43:53.933(000000000006A370):PBEncoder success load file 'E:\product\protocol\sr_customer_coupon.proto.js'
[W] 14:43:53.933(000000000006A370):[AMQP0]rpc client 'cf.wechat.rpc' declare repeat!
[I] 14:43:53.933(000000000006A370):[AMQP0]declare queue 'cf.wxpay.rpc.103537d0a28611e7a5271159b25b9c4b'
[I] 14:43:53.933(000000000006A370):[RPCC:cf.wxpay.rpc]create rpc client 'cf.wxpay.rpc' in conn AMQP0
[I] 14:43:53.949(000000000006A370):PBEncoder success load file 'E:\product\protocol\cf_wxpay.proto.js'
[W] 14:43:53.950(000000000006A370):[AMQP0]rpc client 'sr.customer.point.rpc' declare repeat!
[W] 14:43:53.958(000000000006A370):[AMQP0]exchange amq.direct already declare!!
[W] 14:43:53.958(000000000006A370):[AMQP0]rpc client 'sr.customer.rpc' declare repeat!
[W] 14:43:53.958(000000000006A370):[AMQP0]rpc client 'sr.customer.coupon.rpc' declare repeat!
[W] 14:43:53.958(000000000006A370):[AMQP0]rpc client 'cf.wechat.rpc' declare repeat!
[W] 14:43:53.960(000000000006A370):[AMQP0]exchange amq.direct already declare!!
[I] 14:43:53.961(000000000006A370):[AMQP0]declare queue 'cf.baidu.rpc.10397d90a28611e7a5271159b25b9c4b'
[I] 14:43:53.961(000000000006A370):[RPCC:cf.baidu.rpc]create rpc client 'cf.baidu.rpc' in conn AMQP0
[I] 14:43:53.967(000000000006A370):PBEncoder success load file 'E:\product\protocol\cf_baidu.proto.js'
[I] 14:43:53.972(000000000006A370):[AMQP3]created
[I] 14:43:53.979(000000000006A370):[AMQP4]created
[I] 14:43:53.980(000000000006A370):[AMQP4]declare exchange 'amq.direct'
[I] 14:43:53.980(000000000006A370):[AMQP4]declare queue 'cf.app.rpc.103c63c0a28611e7a5271159b25b9c4b'
[I] 14:43:53.980(000000000006A370):[RPCC:cf.app.rpc]create rpc client 'cf.app.rpc' in conn AMQP4
[I] 14:43:53.981(000000000006A370):[AMQP4]declare queue 'cf.wechat.rpc.103c8ad0a28611e7a5271159b25b9c4b'
[I] 14:43:53.981(000000000006A370):[RPCC:cf.wechat.rpc]create rpc client 'cf.wechat.rpc' in conn AMQP4
[I] 14:43:53.981(000000000006A370):[AMQP4]declare queue 'cf.rpc.103c8ad1a28611e7a5271159b25b9c4b'
[I] 14:43:53.981(000000000006A370):[RPCC:cf.rpc]create rpc client 'cf.rpc' in conn AMQP4
[I] 14:43:53.981(000000000006A370):[AMQP4]declare queue 'sc.task.rpc.103c8ad2a28611e7a5271159b25b9c4b'
[I] 14:43:53.982(000000000006A370):[RPCC:sc.task.rpc]create rpc client 'sc.task.rpc' in conn AMQP4
[I] 14:43:53.984(000000000006A370):[AMQP5]created
[I] 14:43:53.985(000000000006A370):[AMQP5]declare exchange 'amq.direct'
[I] 14:43:53.985(000000000006A370):[AMQP5]declare queue 'cf.wechat.rpc.103d2710a28611e7a5271159b25b9c4b'
[I] 14:43:53.985(000000000006A370):[RPCC:cf.wechat.rpc]create rpc client 'cf.wechat.rpc' in conn AMQP5
[W] 14:43:53.987(000000000006A370):[AMQP0]rpc client 'sr.customer.point.rpc' declare repeat!
[I] 14:43:53.989(000000000006A370):[AMQP6]created
[I] 14:43:53.990(000000000006A370):[AMQP6]declare exchange 'amq.direct'
[I] 14:43:53.990(000000000006A370):[AMQP6]declare queue 'cf.wechat.rpc.103dea60a28611e7a5271159b25b9c4b'
[I] 14:43:53.990(000000000006A370):[RPCC:cf.wechat.rpc]create rpc client 'cf.wechat.rpc' in conn AMQP6
[I] 14:43:53.995(000000000006A370):[AMQP7]created
[I] 14:43:53.995(000000000006A370):[AMQP7]declare exchange 'amq.direct'
[I] 14:43:53.995(000000000006A370):[AMQP7]declare queue 'sc.task.rpc.103eadb0a28611e7a5271159b25b9c4b'
[I] 14:43:53.996(000000000006A370):[RPCC:sc.task.rpc]create rpc client 'sc.task.rpc' in conn AMQP7
[I] 14:43:53.996(000000000006A370):[AMQP7]declare queue 'sr.customer.rewardfail.103ed4c0a28611e7a5271159b25b9c4b'
[I] 14:43:53.996(000000000006A370):[RPCC:sr.customer.rewardfail]create rpc client 'sr.customer.rewardfail' in conn AMQP7
[W] 14:43:53.999(000000000006A370):[AMQP0]exchange amq.direct already declare!!
[W] 14:43:53.999(000000000006A370):[AMQP0]rpc client 'sr.customer.tag.rpc' declare repeat!
[W] 14:43:54.000(000000000006A370):[AMQP0]rpc client 'sc.task.rpc' declare repeat!
[W] 14:43:54.002(000000000006A370):[AMQP0]exchange amq.direct already declare!!
[I] 14:43:54.002(000000000006A370):[AMQP0]declare queue 'sr.trade.rpc.103fbf20a28611e7a5271159b25b9c4b'
[I] 14:43:54.002(000000000006A370):[RPCC:sr.trade.rpc]create rpc client 'sr.trade.rpc' in conn AMQP0
[I] 14:43:54.006(000000000006A370):PBEncoder success load file 'E:\product\protocol\sr_trade.proto.js'
[I] 14:43:54.009(000000000006A370):[AMQP8]created
[I] 14:43:54.010(000000000006A370):[AMQP8]declare exchange 'amq.direct'
[I] 14:43:54.010(000000000006A370):[AMQP8]declare queue 'cf.wechat.rpc.1040f7a0a28611e7a5271159b25b9c4b'
[I] 14:43:54.010(000000000006A370):[RPCC:cf.wechat.rpc]create rpc client 'cf.wechat.rpc' in conn AMQP8
[T] 14:43:54.036(000000000006A370):Http is running,port is 18910
[I] 14:43:54.041(000000000006A370):[redis]redis connect
[I] 14:43:54.050(000000000006A370):[redis]redis ready
[I] 14:43:54.051(000000000006A370):[MP1]create connection #0
[T] 14:43:54.051(000000000006A370):[MP1]getConnection success,getIndex=0
[I] 14:43:54.052(000000000006A370):[MP1]create connection #1
[T] 14:43:54.052(000000000006A370):[MP1]getConnection success,getIndex=1
[T] 14:43:54.058(000000000006A370):[MySQL]Query success,used time:5 ms,sql="select * from cf_account where enabled=1 and function_mask like \"1%\""
[T] 14:43:54.059(000000000006A370):getConnection release,getIndex=0
[I] 14:43:54.059(000000000006A370):[AM]get account list success: [{"innerid":"HEDV35FASG-DGW423A-34TGGW53AAD66","name":"乐逛演示","org_id":"1","shop_id":null,"settlement_id":null,"method_code":1,"method_code_key":"wechat_test3_1","function_mask":"10","config":"{\"accountid\":\"gh_92368265694f\",\"fee_type\":\"CNY\",\"appid\":\"wx39bf9ff3da6fc1e7\",\"appsecret\":\"e00fc51118b318fb99cff35d217865fc\",\"mch_id\":\"1287801701\",\"sub_mch_id\":\"\",\"sign_key\":\"smartpaysmartpaysmartpaysmartpay\",\"key_file\":\"apiclient_key.pem\",\"cert_file\":\"apiclient_cert.pem\",\"pay_authorization_dir\":[\"\",\"\",\"\"],\"pay_native_callback\":\"\",\"pay_finish_notify\":\"1\",\"pay_alarm_notify\":\"\"}","enabled":1,"desc":null},{"innerid":"SE43RG3ASG-34GWW55A-34TG43HER452","name":"短信测试一","org_id":"1","shop_id":null,"settlement_id":null,"method_code":2,"method_code_key":"wechat_test1_2","function_mask":"10","config":"{\"url\" : \"http://211.147.239.62:9050/cgi-bin/sendsms\",\"username\" : \"shopperconnect@smartac\",\"password\" : \"shopCNT@smartc2016\"}","enabled":1,"desc":null},{"innerid":"SMFGSW423GWS-G43HTEHE2-HHEDR5462HS","name":"邮件测试一","org_id":"1","shop_id":null,"settlement_id":null,"method_code":3,"method_code_key":"wechat_test1_3","function_mask":"10","config":"{\"smtpserver\" : \"smtp.163.com\",\"port\": 25,\"username\" : \"zyqtest5@163.com\",\"password\" : \"zyqtest5881119\",\"SSL\":false}","enabled":1,"desc":null}]
[T] 14:43:54.067(000000000006A370):[MySQL]Query success,used time:13 ms,sql="SELECT * FROM `sc_org`"
[T] 14:43:54.067(000000000006A370):getConnection release,getIndex=1
[I] 14:43:54.352(000000000007B210):[AMQP0]created
[I] 14:43:54.361(000000000007B210):[AMQP0]declare queue 'cf.rpc.10765f80a28611e7b14fe542c209daba'
[I] 14:43:54.362(000000000007B210):[RPCC:cf.rpc]create rpc client 'cf.rpc' in conn AMQP0
[I] 14:43:54.468(000000000007B210):PBEncoder success load file 'E:\product\protocol\cf.proto.js'
[I] 14:43:54.468(000000000007B210):[AMQP0]declare queue 'cf.wechat.rpc.1086da40a28611e7b14fe542c209daba'
[I] 14:43:54.469(000000000007B210):[RPCC:cf.wechat.rpc]create rpc client 'cf.wechat.rpc' in conn AMQP0
[I] 14:43:54.529(000000000007B210):PBEncoder success load file 'E:\product\protocol\cf_wechat.proto.js'
[I] 14:43:54.530(000000000007B210):[AMQP0]declare exchange 'cf.wechat.notify'
[I] 14:43:54.530(000000000007B210):[AMQP0]declare queue 'jiaxingwang.sc_admin.wechat.10905020a28611e7b14fe542c209daba'
[I] 14:43:54.530(000000000007B210):[AMQP0]declare queue 'cf.app.rpc.10905021a28611e7b14fe542c209daba'
[I] 14:43:54.531(000000000007B210):[RPCC:cf.app.rpc]create rpc client 'cf.app.rpc' in conn AMQP0
[I] 14:43:54.535(000000000007B210):PBEncoder success load file 'E:\product\protocol\cf_app.proto.js'
[I] 14:43:54.535(000000000007B210):[AMQP0]declare queue 'cf.alipay.rpc.10911370a28611e7b14fe542c209daba'
[I] 14:43:54.536(000000000007B210):[RPCC:cf.alipay.rpc]create rpc client 'cf.alipay.rpc' in conn AMQP0
[I] 14:43:54.545(000000000007B210):PBEncoder success load file 'E:\product\protocol\cf_alipay.proto.js'
[I] 14:43:54.546(000000000007B210):[AMQP0]declare queue 'cf.ding.rpc.1092c120a28611e7b14fe542c209daba'
[I] 14:43:54.546(000000000007B210):[RPCC:cf.ding.rpc]create rpc client 'cf.ding.rpc' in conn AMQP0
[I] 14:43:54.556(000000000007B210):PBEncoder success load file 'E:\product\protocol\cf_ding.proto.js'
[I] 14:43:54.557(000000000007B210):[AMQP0]declare exchange 'cf.ding.notify'
[I] 14:43:54.557(000000000007B210):[AMQP0]declare queue 'jiaxingwang.sc_admin.ding.10946ed0a28611e7b14fe542c209daba'
[I] 14:43:54.558(000000000007B210):[AM]init and reload account!
[I] 14:43:54.562(000000000007B210):[AM]reload account success, account number is: 0
[I] 14:43:54.565(000000000007B210):[AMQP0]declare queue 'sr.customer.rpc.1095a750a28611e7b14fe542c209daba'
[I] 14:43:54.565(000000000007B210):[RPCC:sr.customer.rpc]create rpc client 'sr.customer.rpc' in conn AMQP0
[I] 14:43:54.572(000000000007B210):PBEncoder success load file 'E:\product\protocol\sr_customer.proto.js'
[W] 14:43:54.573(000000000007B210):[AMQP0]rpc client 'cf.rpc' declare repeat!
[W] 14:43:54.573(000000000007B210):[AMQP0]rpc client 'cf.wechat.rpc' declare repeat!
[W] 14:43:54.574(000000000007B210):[AMQP0]rpc client 'cf.app.rpc' declare repeat!
[I] 14:43:54.578(000000000007B210):[AMQP0]declare exchange 'sc.system'
[I] 14:43:54.578(000000000007B210):[AMQP0]declare queue 'jiaxingwang.sc_admin.system.1097a320a28611e7b14fe542c209daba'
[I] 14:43:54.582(000000000007B210):PBEncoder success load file 'E:\product\protocol\sc_system.proto.js'
[I] 14:43:54.771(000000000007B210):[AMQP1]created
[I] 14:43:54.772(000000000007B210):[AMQP1]declare exchange 'amq.direct'
[I] 14:43:54.772(000000000007B210):[AMQP1]declare queue 'cf.wechat.rpc.10b53d40a28611e7b14fe542c209daba'
[I] 14:43:54.773(000000000007B210):[RPCC:cf.wechat.rpc]create rpc client 'cf.wechat.rpc' in conn AMQP1
[I] 14:43:54.774(000000000007B210):[AMQP2]created
[I] 14:43:54.778(000000000007B210):[AMQP0]declare exchange 'amq.direct'
[I] 14:43:54.778(000000000007B210):[AMQP0]declare queue 'sc.task.rpc.10b627a0a28611e7b14fe542c209daba'
[I] 14:43:54.778(000000000007B210):[RPCC:sc.task.rpc]create rpc client 'sc.task.rpc' in conn AMQP0
[I] 14:43:54.784(000000000007B210):PBEncoder success load file 'E:\product\protocol\sc_task.proto.js'
[I] 14:43:54.812(000000000007B210):[AMQP0]declare queue 'sr.customer.tag.rpc.10bb57c0a28611e7b14fe542c209daba'
[I] 14:43:54.812(000000000007B210):[RPCC:sr.customer.tag.rpc]create rpc client 'sr.customer.tag.rpc' in conn AMQP0
[I] 14:43:54.815(000000000007B210):[AMQP0]declare queue 'sr.customer.point.rpc.10bbccf0a28611e7b14fe542c209daba'
[I] 14:43:54.815(000000000007B210):[RPCC:sr.customer.point.rpc]create rpc client 'sr.customer.point.rpc' in conn AMQP0
[I] 14:43:54.821(000000000007B210):PBEncoder success load file 'E:\product\protocol\sr_customer_point.proto.js'
[I] 14:43:54.828(000000000007B210):PBEncoder success load file 'E:\product\protocol\sr_customer_tag.proto.js'
[W] 14:43:54.837(000000000007B210):[AMQP0]rpc client 'cf.wechat.rpc' declare repeat!
[I] 14:43:54.837(000000000007B210):[AMQP0]declare queue 'sr.customer.coupon_class.rpc.10bf2850a28611e7b14fe542c209daba'
[I] 14:43:54.838(000000000007B210):[RPCC:sr.customer.coupon_class.rpc]create rpc client 'sr.customer.coupon_class.rpc' in conn AMQP0
[I] 14:43:54.838(000000000007B210):[AMQP0]declare queue 'sr.customer.coupon.rpc.10bf4f60a28611e7b14fe542c209daba'
[I] 14:43:54.838(000000000007B210):[RPCC:sr.customer.coupon.rpc]create rpc client 'sr.customer.coupon.rpc' in conn AMQP0
[I] 14:43:54.849(000000000007B210):PBEncoder success load file 'E:\product\protocol\sr_customer_coupon.proto.js'
[W] 14:43:54.850(000000000007B210):[AMQP0]rpc client 'cf.wechat.rpc' declare repeat!
[I] 14:43:54.850(000000000007B210):[AMQP0]declare queue 'cf.wxpay.rpc.10c12420a28611e7b14fe542c209daba'
[I] 14:43:54.850(000000000007B210):[RPCC:cf.wxpay.rpc]create rpc client 'cf.wxpay.rpc' in conn AMQP0
[I] 14:43:54.864(000000000007B210):PBEncoder success load file 'E:\product\protocol\cf_wxpay.proto.js'
[W] 14:43:54.864(000000000007B210):[AMQP0]rpc client 'sr.customer.point.rpc' declare repeat!
[W] 14:43:54.872(000000000007B210):[AMQP0]exchange amq.direct already declare!!
[W] 14:43:54.872(000000000007B210):[AMQP0]rpc client 'sr.customer.rpc' declare repeat!
[W] 14:43:54.872(000000000007B210):[AMQP0]rpc client 'sr.customer.coupon.rpc' declare repeat!
[W] 14:43:54.872(000000000007B210):[AMQP0]rpc client 'cf.wechat.rpc' declare repeat!
[W] 14:43:54.874(000000000007B210):[AMQP0]exchange amq.direct already declare!!
[I] 14:43:54.875(000000000007B210):[AMQP0]declare queue 'cf.baidu.rpc.10c4f4b0a28611e7b14fe542c209daba'
[I] 14:43:54.875(000000000007B210):[RPCC:cf.baidu.rpc]create rpc client 'cf.baidu.rpc' in conn AMQP0
[I] 14:43:54.880(000000000007B210):PBEncoder success load file 'E:\product\protocol\cf_baidu.proto.js'
[I] 14:43:54.885(000000000007B210):[AMQP3]created
[I] 14:43:54.892(000000000007B210):[AMQP4]created
[I] 14:43:54.893(000000000007B210):[AMQP4]declare exchange 'amq.direct'
[I] 14:43:54.893(000000000007B210):[AMQP4]declare queue 'cf.app.rpc.10c7b3d0a28611e7b14fe542c209daba'
[I] 14:43:54.893(000000000007B210):[RPCC:cf.app.rpc]create rpc client 'cf.app.rpc' in conn AMQP4
[I] 14:43:54.893(000000000007B210):[AMQP4]declare queue 'cf.wechat.rpc.10c7b3d1a28611e7b14fe542c209daba'
[I] 14:43:54.894(000000000007B210):[RPCC:cf.wechat.rpc]create rpc client 'cf.wechat.rpc' in conn AMQP4
[I] 14:43:54.894(000000000007B210):[AMQP4]declare queue 'cf.rpc.10c7dae0a28611e7b14fe542c209daba'
[I] 14:43:54.894(000000000007B210):[RPCC:cf.rpc]create rpc client 'cf.rpc' in conn AMQP4
[I] 14:43:54.894(000000000007B210):[AMQP4]declare queue 'sc.task.rpc.10c7dae1a28611e7b14fe542c209daba'
[I] 14:43:54.895(000000000007B210):[RPCC:sc.task.rpc]create rpc client 'sc.task.rpc' in conn AMQP4
[I] 14:43:54.897(000000000007B210):[AMQP5]created
[I] 14:43:54.898(000000000007B210):[AMQP5]declare exchange 'amq.direct'
[I] 14:43:54.898(000000000007B210):[AMQP5]declare queue 'cf.wechat.rpc.10c87720a28611e7b14fe542c209daba'
[I] 14:43:54.898(000000000007B210):[RPCC:cf.wechat.rpc]create rpc client 'cf.wechat.rpc' in conn AMQP5
[W] 14:43:54.900(000000000007B210):[AMQP0]rpc client 'sr.customer.point.rpc' declare repeat!
[I] 14:43:54.902(000000000007B210):[AMQP6]created
[I] 14:43:54.902(000000000007B210):[AMQP6]declare exchange 'amq.direct'
[I] 14:43:54.903(000000000007B210):[AMQP6]declare queue 'cf.wechat.rpc.10c93a70a28611e7b14fe542c209daba'
[I] 14:43:54.903(000000000007B210):[RPCC:cf.wechat.rpc]create rpc client 'cf.wechat.rpc' in conn AMQP6
[I] 14:43:54.907(000000000007B210):[AMQP7]created
[I] 14:43:54.908(000000000007B210):[AMQP7]declare exchange 'amq.direct'
[I] 14:43:54.908(000000000007B210):[AMQP7]declare queue 'sc.task.rpc.10c9fdc0a28611e7b14fe542c209daba'
[I] 14:43:54.908(000000000007B210):[RPCC:sc.task.rpc]create rpc client 'sc.task.rpc' in conn AMQP7
[I] 14:43:54.909(000000000007B210):[AMQP7]declare queue 'sr.customer.rewardfail.10ca24d0a28611e7b14fe542c209daba'
[I] 14:43:54.909(000000000007B210):[RPCC:sr.customer.rewardfail]create rpc client 'sr.customer.rewardfail' in conn AMQP7
[W] 14:43:54.912(000000000007B210):[AMQP0]exchange amq.direct already declare!!
[W] 14:43:54.913(000000000007B210):[AMQP0]rpc client 'sr.customer.tag.rpc' declare repeat!
[W] 14:43:54.913(000000000007B210):[AMQP0]rpc client 'sc.task.rpc' declare repeat!
[W] 14:43:54.915(000000000007B210):[AMQP0]exchange amq.direct already declare!!
[I] 14:43:54.915(000000000007B210):[AMQP0]declare queue 'sr.trade.rpc.10cb0f30a28611e7b14fe542c209daba'
[I] 14:43:54.916(000000000007B210):[RPCC:sr.trade.rpc]create rpc client 'sr.trade.rpc' in conn AMQP0
[I] 14:43:54.919(000000000007B210):PBEncoder success load file 'E:\product\protocol\sr_trade.proto.js'
[I] 14:43:54.922(000000000007B210):[AMQP8]created
[I] 14:43:54.922(000000000007B210):[AMQP8]declare exchange 'amq.direct'
[I] 14:43:54.923(000000000007B210):[AMQP8]declare queue 'cf.wechat.rpc.10cc47b0a28611e7b14fe542c209daba'
[I] 14:43:54.923(000000000007B210):[RPCC:cf.wechat.rpc]create rpc client 'cf.wechat.rpc' in conn AMQP8
[T] 14:43:54.940(000000000007B210):Http is running,port is 18910
[I] 14:43:54.945(000000000007B210):[redis]redis connect
[I] 14:43:54.953(000000000007B210):[redis]redis ready
[I] 14:43:54.954(000000000007B210):[MP1]create connection #0
[T] 14:43:54.955(000000000007B210):[MP1]getConnection success,getIndex=0
[I] 14:43:54.956(000000000007B210):[MP1]create connection #1
[T] 14:43:54.956(000000000007B210):[MP1]getConnection success,getIndex=1
[T] 14:43:54.960(000000000007B210):[MySQL]Query success,used time:4 ms,sql="select * from cf_account where enabled=1 and function_mask like \"1%\""
[T] 14:43:54.961(000000000007B210):getConnection release,getIndex=0
[I] 14:43:54.962(000000000007B210):[AM]get account list success: [{"innerid":"HEDV35FASG-DGW423A-34TGGW53AAD66","name":"乐逛演示","org_id":"1","shop_id":null,"settlement_id":null,"method_code":1,"method_code_key":"wechat_test3_1","function_mask":"10","config":"{\"accountid\":\"gh_92368265694f\",\"fee_type\":\"CNY\",\"appid\":\"wx39bf9ff3da6fc1e7\",\"appsecret\":\"e00fc51118b318fb99cff35d217865fc\",\"mch_id\":\"1287801701\",\"sub_mch_id\":\"\",\"sign_key\":\"smartpaysmartpaysmartpaysmartpay\",\"key_file\":\"apiclient_key.pem\",\"cert_file\":\"apiclient_cert.pem\",\"pay_authorization_dir\":[\"\",\"\",\"\"],\"pay_native_callback\":\"\",\"pay_finish_notify\":\"1\",\"pay_alarm_notify\":\"\"}","enabled":1,"desc":null},{"innerid":"SE43RG3ASG-34GWW55A-34TG43HER452","name":"短信测试一","org_id":"1","shop_id":null,"settlement_id":null,"method_code":2,"method_code_key":"wechat_test1_2","function_mask":"10","config":"{\"url\" : \"http://211.147.239.62:9050/cgi-bin/sendsms\",\"username\" : \"shopperconnect@smartac\",\"password\" : \"shopCNT@smartc2016\"}","enabled":1,"desc":null},{"innerid":"SMFGSW423GWS-G43HTEHE2-HHEDR5462HS","name":"邮件测试一","org_id":"1","shop_id":null,"settlement_id":null,"method_code":3,"method_code_key":"wechat_test1_3","function_mask":"10","config":"{\"smtpserver\" : \"smtp.163.com\",\"port\": 25,\"username\" : \"zyqtest5@163.com\",\"password\" : \"zyqtest5881119\",\"SSL\":false}","enabled":1,"desc":null}]
[T] 14:43:54.969(000000000007B210):[MySQL]Query success,used time:11 ms,sql="SELECT * FROM `sc_org`"
[T] 14:43:54.969(000000000007B210):getConnection release,getIndex=1
[E] 14:44:11.250(0000000000077F2C):[AMQP0]AMQP0 connect 'amqp://crmmq01:Mycrmmq01pass@172.16.0.148:5672' fail!error=Error: connect ETIMEDOUT 172.16.0.148:5672
    at Object.exports._errnoException (util.js:890:11)
    at exports._exceptionWithHostPort (util.js:913:20)
    at TCPConnectWrap.afterConnect [as oncomplete] (net.js:1059:14)
[E] 14:44:13.473(000000000006EB04):[AMQP0]AMQP0 connect 'amqp://crmmq01:Mycrmmq01pass@172.16.0.148:5672' fail!error=Error: connect ETIMEDOUT 172.16.0.148:5672
    at Object.exports._errnoException (util.js:890:11)
    at exports._exceptionWithHostPort (util.js:913:20)
    at TCPConnectWrap.afterConnect [as oncomplete] (net.js:1059:14)
[E] 14:44:13.833(000000000006EB04):[AMQP1]AMQP1 connect 'amqp://crmmq01:Mycrmmq01pass@172.16.0.148:5672' fail!error=Error: connect ETIMEDOUT 172.16.0.148:5672
    at Object.exports._errnoException (util.js:890:11)
    at exports._exceptionWithHostPort (util.js:913:20)
    at TCPConnectWrap.afterConnect [as oncomplete] (net.js:1059:14)
[E] 14:44:13.834(000000000006EB04):[AMQP4]AMQP4 connect 'amqp://crmmq01:Mycrmmq01pass@172.16.0.148:5672' fail!error=Error: connect ETIMEDOUT 172.16.0.148:5672
    at Object.exports._errnoException (util.js:890:11)
    at exports._exceptionWithHostPort (util.js:913:20)
    at TCPConnectWrap.afterConnect [as oncomplete] (net.js:1059:14)
[E] 14:44:13.835(000000000006EB04):[AMQP6]AMQP6 connect 'amqp://crmmq01:Mycrmmq01pass@172.16.0.148:5672' fail!error=Error: connect ETIMEDOUT 172.16.0.148:5672
    at Object.exports._errnoException (util.js:890:11)
    at exports._exceptionWithHostPort (util.js:913:20)
    at TCPConnectWrap.afterConnect [as oncomplete] (net.js:1059:14)
[E] 14:44:13.835(000000000006EB04):[AMQP8]AMQP8 connect 'amqp://crmmq01:Mycrmmq01pass@172.16.0.148:5672' fail!error=Error: connect ETIMEDOUT 172.16.0.148:5672
    at Object.exports._errnoException (util.js:890:11)
    at exports._exceptionWithHostPort (util.js:913:20)
    at TCPConnectWrap.afterConnect [as oncomplete] (net.js:1059:14)
[E] 14:44:13.841(000000000006EB04):[AMQP5]AMQP5 connect 'amqp://crmmq01:Mycrmmq01pass@172.16.0.148:5672' fail!error=Error: connect ETIMEDOUT 172.16.0.148:5672
    at Object.exports._errnoException (util.js:890:11)
    at exports._exceptionWithHostPort (util.js:913:20)
    at TCPConnectWrap.afterConnect [as oncomplete] (net.js:1059:14)
[E] 14:44:13.841(000000000006EB04):[AMQP7]AMQP7 connect 'amqp://crmmq01:Mycrmmq01pass@172.16.0.148:5672' fail!error=Error: connect ETIMEDOUT 172.16.0.148:5672
    at Object.exports._errnoException (util.js:890:11)
    at exports._exceptionWithHostPort (util.js:913:20)
    at TCPConnectWrap.afterConnect [as oncomplete] (net.js:1059:14)
[E] 14:44:14.653(000000000006A370):[AMQP0]AMQP0 connect 'amqp://crmmq01:Mycrmmq01pass@172.16.0.148:5672' fail!error=Error: connect ETIMEDOUT 172.16.0.148:5672
    at Object.exports._errnoException (util.js:890:11)
    at exports._exceptionWithHostPort (util.js:913:20)
    at TCPConnectWrap.afterConnect [as oncomplete] (net.js:1059:14)
[E] 14:44:15.036(000000000006A370):[AMQP1]AMQP1 connect 'amqp://crmmq01:Mycrmmq01pass@172.16.0.148:5672' fail!error=Error: connect ETIMEDOUT 172.16.0.148:5672
    at Object.exports._errnoException (util.js:890:11)
    at exports._exceptionWithHostPort (util.js:913:20)
    at TCPConnectWrap.afterConnect [as oncomplete] (net.js:1059:14)
[E] 14:44:15.036(000000000006A370):[AMQP5]AMQP5 connect 'amqp://crmmq01:Mycrmmq01pass@172.16.0.148:5672' fail!error=Error: connect ETIMEDOUT 172.16.0.148:5672
    at Object.exports._errnoException (util.js:890:11)
    at exports._exceptionWithHostPort (util.js:913:20)
    at TCPConnectWrap.afterConnect [as oncomplete] (net.js:1059:14)
[E] 14:44:15.037(000000000006A370):[AMQP7]AMQP7 connect 'amqp://crmmq01:Mycrmmq01pass@172.16.0.148:5672' fail!error=Error: connect ETIMEDOUT 172.16.0.148:5672
    at Object.exports._errnoException (util.js:890:11)
    at exports._exceptionWithHostPort (util.js:913:20)
    at TCPConnectWrap.afterConnect [as oncomplete] (net.js:1059:14)
[E] 14:44:15.040(000000000006A370):[AMQP4]AMQP4 connect 'amqp://crmmq01:Mycrmmq01pass@172.16.0.148:5672' fail!error=Error: connect ETIMEDOUT 172.16.0.148:5672
    at Object.exports._errnoException (util.js:890:11)
    at exports._exceptionWithHostPort (util.js:913:20)
    at TCPConnectWrap.afterConnect [as oncomplete] (net.js:1059:14)
[E] 14:44:15.040(000000000006A370):[AMQP6]AMQP6 connect 'amqp://crmmq01:Mycrmmq01pass@172.16.0.148:5672' fail!error=Error: connect ETIMEDOUT 172.16.0.148:5672
    at Object.exports._errnoException (util.js:890:11)
    at exports._exceptionWithHostPort (util.js:913:20)
    at TCPConnectWrap.afterConnect [as oncomplete] (net.js:1059:14)
[E] 14:44:15.041(000000000006A370):[AMQP8]AMQP8 connect 'amqp://crmmq01:Mycrmmq01pass@172.16.0.148:5672' fail!error=Error: connect ETIMEDOUT 172.16.0.148:5672
    at Object.exports._errnoException (util.js:890:11)
    at exports._exceptionWithHostPort (util.js:913:20)
    at TCPConnectWrap.afterConnect [as oncomplete] (net.js:1059:14)
[E] 14:44:15.594(000000000007B210):[AMQP0]AMQP0 connect 'amqp://crmmq01:Mycrmmq01pass@172.16.0.148:5672' fail!error=Error: connect ETIMEDOUT 172.16.0.148:5672
    at Object.exports._errnoException (util.js:890:11)
    at exports._exceptionWithHostPort (util.js:913:20)
    at TCPConnectWrap.afterConnect [as oncomplete] (net.js:1059:14)
[E] 14:44:15.934(000000000007B210):[AMQP1]AMQP1 connect 'amqp://crmmq01:Mycrmmq01pass@172.16.0.148:5672' fail!error=Error: connect ETIMEDOUT 172.16.0.148:5672
    at Object.exports._errnoException (util.js:890:11)
    at exports._exceptionWithHostPort (util.js:913:20)
    at TCPConnectWrap.afterConnect [as oncomplete] (net.js:1059:14)
[E] 14:44:15.935(000000000007B210):[AMQP5]AMQP5 connect 'amqp://crmmq01:Mycrmmq01pass@172.16.0.148:5672' fail!error=Error: connect ETIMEDOUT 172.16.0.148:5672
    at Object.exports._errnoException (util.js:890:11)
    at exports._exceptionWithHostPort (util.js:913:20)
    at TCPConnectWrap.afterConnect [as oncomplete] (net.js:1059:14)
[E] 14:44:15.936(000000000007B210):[AMQP7]AMQP7 connect 'amqp://crmmq01:Mycrmmq01pass@172.16.0.148:5672' fail!error=Error: connect ETIMEDOUT 172.16.0.148:5672
    at Object.exports._errnoException (util.js:890:11)
    at exports._exceptionWithHostPort (util.js:913:20)
    at TCPConnectWrap.afterConnect [as oncomplete] (net.js:1059:14)
[E] 14:44:15.940(000000000007B210):[AMQP4]AMQP4 connect 'amqp://crmmq01:Mycrmmq01pass@172.16.0.148:5672' fail!error=Error: connect ETIMEDOUT 172.16.0.148:5672
    at Object.exports._errnoException (util.js:890:11)
    at exports._exceptionWithHostPort (util.js:913:20)
    at TCPConnectWrap.afterConnect [as oncomplete] (net.js:1059:14)
[E] 14:44:15.941(000000000007B210):[AMQP6]AMQP6 connect 'amqp://crmmq01:Mycrmmq01pass@172.16.0.148:5672' fail!error=Error: connect ETIMEDOUT 172.16.0.148:5672
    at Object.exports._errnoException (util.js:890:11)
    at exports._exceptionWithHostPort (util.js:913:20)
    at TCPConnectWrap.afterConnect [as oncomplete] (net.js:1059:14)
[E] 14:44:15.941(000000000007B210):[AMQP8]AMQP8 connect 'amqp://crmmq01:Mycrmmq01pass@172.16.0.148:5672' fail!error=Error: connect ETIMEDOUT 172.16.0.148:5672
    at Object.exports._errnoException (util.js:890:11)
    at exports._exceptionWithHostPort (util.js:913:20)
    at TCPConnectWrap.afterConnect [as oncomplete] (net.js:1059:14)
[W] 14:44:21.458(0000000000077F2C):recv 'Ctrl+C' break sign!next exit!
[D] 14:44:21.463(0000000000077F2C):worker process log socket error!err=Error: read ECONNRESET
    at exports._errnoException (util.js:890:11)
    at TCP.onread (net.js:550:26)
[D] 14:44:21.464(0000000000077F2C):worker process log socket close!
[D] 14:44:21.464(0000000000077F2C):worker process log socket error!err=Error: read ECONNRESET
    at exports._errnoException (util.js:890:11)
    at TCP.onread (net.js:550:26)
[D] 14:44:21.465(0000000000077F2C):worker process log socket error!err=Error: read ECONNRESET
    at exports._errnoException (util.js:890:11)
    at TCP.onread (net.js:550:26)
[D] 14:44:21.465(0000000000077F2C):worker process log socket close!
[D] 14:44:21.466(0000000000077F2C):worker process log socket close!
[W] 14:44:21.472(0000000000077F2C):worker 7B210(2#) died.
[W] 14:44:21.473(0000000000077F2C):worker 6EB04(0#) died.
[W] 14:44:21.473(0000000000077F2C):worker 6A370(1#) died.
[W] 14:44:22.062(0000000000077F2C):try restart worker 0# ...
[I] 14:44:22.078(0000000000077F2C):start worker success,pid=7DFA4(0#)
