[D] 17:17:27.410(0000000000137520):master log socket server started! host=::, port=45338
[I] 17:17:27.421(0000000000137520):master log channel started!port=45338
[W] 17:17:28.422(0000000000137520):try restart worker 0# ...
[I] 17:17:28.438(0000000000137520):start worker success,pid=1358D0(0#)
[D] 17:17:29.138(0000000000137520):worker process log socket connected!
[D] 17:17:29.130(00000000001358D0):worker 0# ready to connect master log socket server, port=45338
[D] 17:17:29.138(00000000001358D0):worker 0# log socket connected!
[W] 17:17:29.455(0000000000137520):try restart worker 1# ...
[I] 17:17:29.461(0000000000137520):start worker success,pid=137514(1#)
[I] 17:17:29.675(00000000001358D0):[AMQP0]created
[I] 17:17:29.685(00000000001358D0):[AMQP0]declare queue 'cf.rpc.85393940a29b11e7bc85dd93c9a37ffc'
[I] 17:17:29.686(00000000001358D0):[RPCC:cf.rpc]create rpc client 'cf.rpc' in conn AMQP0
[I] 17:17:29.796(00000000001358D0):PBEncoder success load file 'E:\product\protocol\cf.proto.js'
[I] 17:17:29.797(00000000001358D0):[AMQP0]declare queue 'cf.wechat.rpc.854a7750a29b11e7bc85dd93c9a37ffc'
[I] 17:17:29.797(00000000001358D0):[RPCC:cf.wechat.rpc]create rpc client 'cf.wechat.rpc' in conn AMQP0
[I] 17:17:29.857(00000000001358D0):PBEncoder success load file 'E:\product\protocol\cf_wechat.proto.js'
[I] 17:17:29.857(00000000001358D0):[AMQP0]declare exchange 'cf.wechat.notify'
[I] 17:17:29.858(00000000001358D0):[AMQP0]declare queue 'jiaxingwang.sc_admin.wechat.8553c620a29b11e7bc85dd93c9a37ffc'
[I] 17:17:29.858(00000000001358D0):[AMQP0]declare queue 'cf.app.rpc.8553c621a29b11e7bc85dd93c9a37ffc'
[I] 17:17:29.858(00000000001358D0):[RPCC:cf.app.rpc]create rpc client 'cf.app.rpc' in conn AMQP0
[I] 17:17:29.863(00000000001358D0):PBEncoder success load file 'E:\product\protocol\cf_app.proto.js'
[I] 17:17:29.863(00000000001358D0):[AMQP0]declare queue 'cf.alipay.rpc.85548970a29b11e7bc85dd93c9a37ffc'
[I] 17:17:29.864(00000000001358D0):[RPCC:cf.alipay.rpc]create rpc client 'cf.alipay.rpc' in conn AMQP0
[I] 17:17:29.872(00000000001358D0):PBEncoder success load file 'E:\product\protocol\cf_alipay.proto.js'
[I] 17:17:29.872(00000000001358D0):[AMQP0]declare queue 'cf.ding.rpc.8555e900a29b11e7bc85dd93c9a37ffc'
[I] 17:17:29.872(00000000001358D0):[RPCC:cf.ding.rpc]create rpc client 'cf.ding.rpc' in conn AMQP0
[I] 17:17:29.884(00000000001358D0):PBEncoder success load file 'E:\product\protocol\cf_ding.proto.js'
[I] 17:17:29.884(00000000001358D0):[AMQP0]declare exchange 'cf.ding.notify'
[I] 17:17:29.884(00000000001358D0):[AMQP0]declare queue 'jiaxingwang.sc_admin.ding.8557bdc0a29b11e7bc85dd93c9a37ffc'
[I] 17:17:29.885(00000000001358D0):[AM]init and reload account!
[I] 17:17:29.890(00000000001358D0):[AM]reload account success, account number is: 0
[I] 17:17:29.893(00000000001358D0):[AMQP0]declare queue 'sr.customer.rpc.85591d50a29b11e7bc85dd93c9a37ffc'
[I] 17:17:29.894(00000000001358D0):[RPCC:sr.customer.rpc]create rpc client 'sr.customer.rpc' in conn AMQP0
[I] 17:17:29.902(00000000001358D0):PBEncoder success load file 'E:\product\protocol\sr_customer.proto.js'
[W] 17:17:29.903(00000000001358D0):[AMQP0]rpc client 'cf.rpc' declare repeat!
[W] 17:17:29.903(00000000001358D0):[AMQP0]rpc client 'cf.wechat.rpc' declare repeat!
[W] 17:17:29.903(00000000001358D0):[AMQP0]rpc client 'cf.app.rpc' declare repeat!
[I] 17:17:30.068(00000000001358D0):PBEncoder success load file 'E:\product\protocol\sc_system.proto.js'
[I] 17:17:30.111(00000000001358D0):[AMQP1]created
[I] 17:17:30.112(00000000001358D0):[AMQP1]declare exchange 'amq.direct'
[I] 17:17:30.113(00000000001358D0):[AMQP1]declare queue 'cf.wechat.rpc.857a8800a29b11e7bc85dd93c9a37ffc'
[I] 17:17:30.113(00000000001358D0):[RPCC:cf.wechat.rpc]create rpc client 'cf.wechat.rpc' in conn AMQP1
[I] 17:17:30.114(00000000001358D0):[AMQP2]created
[I] 17:17:30.118(00000000001358D0):[AMQP0]declare exchange 'amq.direct'
[I] 17:17:30.124(00000000001358D0):[AMQP0]declare queue 'sc.task.rpc.857b7260a29b11e7bc85dd93c9a37ffc'
[I] 17:17:30.124(00000000001358D0):[RPCC:sc.task.rpc]create rpc client 'sc.task.rpc' in conn AMQP0
[I] 17:17:30.133(00000000001358D0):PBEncoder success load file 'E:\product\protocol\sc_task.proto.js'
[D] 17:17:30.151(0000000000137520):worker process log socket connected!
[D] 17:17:30.136(0000000000137514):worker 1# ready to connect master log socket server, port=45338
[D] 17:17:30.153(0000000000137514):worker 1# log socket connected!
[I] 17:17:30.159(00000000001358D0):[AMQP0]declare queue 'sr.customer.tag.rpc.8581b3f0a29b11e7bc85dd93c9a37ffc'
[I] 17:17:30.159(00000000001358D0):[RPCC:sr.customer.tag.rpc]create rpc client 'sr.customer.tag.rpc' in conn AMQP0
[I] 17:17:30.160(00000000001358D0):[AMQP0]declare queue 'sr.customer.point.rpc.8581db00a29b11e7bc85dd93c9a37ffc'
[I] 17:17:30.161(00000000001358D0):[RPCC:sr.customer.point.rpc]create rpc client 'sr.customer.point.rpc' in conn AMQP0
[I] 17:17:30.170(00000000001358D0):PBEncoder success load file 'E:\product\protocol\sr_customer_point.proto.js'
[I] 17:17:30.178(00000000001358D0):PBEncoder success load file 'E:\product\protocol\sr_customer_tag.proto.js'
[W] 17:17:30.189(00000000001358D0):[AMQP0]rpc client 'cf.wechat.rpc' declare repeat!
[I] 17:17:30.189(00000000001358D0):[AMQP0]declare queue 'sr.customer.coupon_class.rpc.858647d0a29b11e7bc85dd93c9a37ffc'
[I] 17:17:30.190(00000000001358D0):[RPCC:sr.customer.coupon_class.rpc]create rpc client 'sr.customer.coupon_class.rpc' in conn AMQP0
[I] 17:17:30.190(00000000001358D0):[AMQP0]declare queue 'sr.customer.coupon.rpc.85866ee0a29b11e7bc85dd93c9a37ffc'
[I] 17:17:30.191(00000000001358D0):[RPCC:sr.customer.coupon.rpc]create rpc client 'sr.customer.coupon.rpc' in conn AMQP0
[I] 17:17:30.204(00000000001358D0):PBEncoder success load file 'E:\product\protocol\sr_customer_coupon.proto.js'
[W] 17:17:30.205(00000000001358D0):[AMQP0]rpc client 'cf.wechat.rpc' declare repeat!
[I] 17:17:30.205(00000000001358D0):[AMQP0]declare queue 'cf.wxpay.rpc.8588b8d0a29b11e7bc85dd93c9a37ffc'
[I] 17:17:30.205(00000000001358D0):[RPCC:cf.wxpay.rpc]create rpc client 'cf.wxpay.rpc' in conn AMQP0
[I] 17:17:30.223(00000000001358D0):PBEncoder success load file 'E:\product\protocol\cf_wxpay.proto.js'
[W] 17:17:30.223(00000000001358D0):[AMQP0]rpc client 'sr.customer.point.rpc' declare repeat!
[W] 17:17:30.231(00000000001358D0):[AMQP0]exchange amq.direct already declare!!
[W] 17:17:30.232(00000000001358D0):[AMQP0]rpc client 'sr.customer.rpc' declare repeat!
[W] 17:17:30.232(00000000001358D0):[AMQP0]rpc client 'sr.customer.coupon.rpc' declare repeat!
[W] 17:17:30.232(00000000001358D0):[AMQP0]rpc client 'cf.wechat.rpc' declare repeat!
[W] 17:17:30.235(00000000001358D0):[AMQP0]exchange amq.direct already declare!!
[I] 17:17:30.235(00000000001358D0):[AMQP0]declare queue 'cf.baidu.rpc.858d4cb0a29b11e7bc85dd93c9a37ffc'
[I] 17:17:30.236(00000000001358D0):[RPCC:cf.baidu.rpc]create rpc client 'cf.baidu.rpc' in conn AMQP0
[I] 17:17:30.240(00000000001358D0):PBEncoder success load file 'E:\product\protocol\cf_baidu.proto.js'
[I] 17:17:30.246(00000000001358D0):[AMQP3]created
[I] 17:17:30.256(00000000001358D0):[AMQP4]created
[I] 17:17:30.256(00000000001358D0):[AMQP4]declare exchange 'amq.direct'
[I] 17:17:30.257(00000000001358D0):[AMQP4]declare queue 'cf.app.rpc.8590a810a29b11e7bc85dd93c9a37ffc'
[I] 17:17:30.257(00000000001358D0):[RPCC:cf.app.rpc]create rpc client 'cf.app.rpc' in conn AMQP4
[I] 17:17:30.258(00000000001358D0):[AMQP4]declare queue 'cf.wechat.rpc.8590cf20a29b11e7bc85dd93c9a37ffc'
[I] 17:17:30.258(00000000001358D0):[RPCC:cf.wechat.rpc]create rpc client 'cf.wechat.rpc' in conn AMQP4
[I] 17:17:30.258(00000000001358D0):[AMQP4]declare queue 'cf.rpc.8590cf21a29b11e7bc85dd93c9a37ffc'
[I] 17:17:30.258(00000000001358D0):[RPCC:cf.rpc]create rpc client 'cf.rpc' in conn AMQP4
[I] 17:17:30.259(00000000001358D0):[AMQP4]declare queue 'sc.task.rpc.8590f630a29b11e7bc85dd93c9a37ffc'
[I] 17:17:30.259(00000000001358D0):[RPCC:sc.task.rpc]create rpc client 'sc.task.rpc' in conn AMQP4
[I] 17:17:30.262(00000000001358D0):[AMQP5]created
[I] 17:17:30.263(00000000001358D0):[AMQP5]declare exchange 'amq.direct'
[I] 17:17:30.263(00000000001358D0):[AMQP5]declare queue 'cf.wechat.rpc.85919270a29b11e7bc85dd93c9a37ffc'
[I] 17:17:30.263(00000000001358D0):[RPCC:cf.wechat.rpc]create rpc client 'cf.wechat.rpc' in conn AMQP5
[W] 17:17:30.265(00000000001358D0):[AMQP0]rpc client 'sr.customer.point.rpc' declare repeat!
[I] 17:17:30.270(00000000001358D0):[AMQP6]created
[I] 17:17:30.270(00000000001358D0):[AMQP6]declare exchange 'amq.direct'
[I] 17:17:30.271(00000000001358D0):[AMQP6]declare queue 'cf.wechat.rpc.8592a3e0a29b11e7bc85dd93c9a37ffc'
[I] 17:17:30.271(00000000001358D0):[RPCC:cf.wechat.rpc]create rpc client 'cf.wechat.rpc' in conn AMQP6
[I] 17:17:30.276(00000000001358D0):[AMQP7]created
[I] 17:17:30.276(00000000001358D0):[AMQP7]declare exchange 'amq.direct'
[I] 17:17:30.277(00000000001358D0):[AMQP7]declare queue 'sc.task.rpc.8593b550a29b11e7bc85dd93c9a37ffc'
[I] 17:17:30.277(00000000001358D0):[RPCC:sc.task.rpc]create rpc client 'sc.task.rpc' in conn AMQP7
[I] 17:17:30.277(00000000001358D0):[AMQP7]declare queue 'sr.customer.rewardfail.8593b551a29b11e7bc85dd93c9a37ffc'
[I] 17:17:30.277(00000000001358D0):[RPCC:sr.customer.rewardfail]create rpc client 'sr.customer.rewardfail' in conn AMQP7
[W] 17:17:30.282(00000000001358D0):[AMQP0]exchange amq.direct already declare!!
[W] 17:17:30.282(00000000001358D0):[AMQP0]rpc client 'sr.customer.tag.rpc' declare repeat!
[W] 17:17:30.282(00000000001358D0):[AMQP0]rpc client 'sc.task.rpc' declare repeat!
[W] 17:17:30.286(00000000001358D0):[AMQP0]exchange amq.direct already declare!!
[I] 17:17:30.286(00000000001358D0):[AMQP0]declare queue 'sr.trade.rpc.859514e0a29b11e7bc85dd93c9a37ffc'
[I] 17:17:30.286(00000000001358D0):[RPCC:sr.trade.rpc]create rpc client 'sr.trade.rpc' in conn AMQP0
[I] 17:17:30.291(00000000001358D0):PBEncoder success load file 'E:\product\protocol\sr_trade.proto.js'
[I] 17:17:30.294(00000000001358D0):[AMQP8]created
[I] 17:17:30.295(00000000001358D0):[AMQP8]declare exchange 'amq.direct'
[I] 17:17:30.296(00000000001358D0):[AMQP8]declare queue 'cf.wechat.rpc.85969b80a29b11e7bc85dd93c9a37ffc'
[I] 17:17:30.296(00000000001358D0):[RPCC:cf.wechat.rpc]create rpc client 'cf.wechat.rpc' in conn AMQP8
[I] 17:17:30.322(00000000001358D0):[redis]redis connect
[T] 17:17:30.326(00000000001358D0):Http is running,port is 18910
[I] 17:17:30.340(00000000001358D0):[redis]redis ready
[I] 17:17:30.341(00000000001358D0):[MP1]create connection #0
[T] 17:17:30.342(00000000001358D0):[MP1]getConnection success,getIndex=0
[I] 17:17:30.342(00000000001358D0):[MP1]create connection #1
[T] 17:17:30.342(00000000001358D0):[MP1]getConnection success,getIndex=1
[T] 17:17:30.352(00000000001358D0):[MySQL]Query success,used time:6 ms,sql="select * from cf_account where enabled=1 and function_mask like \"1%\""
[T] 17:17:30.359(00000000001358D0):[MySQL]Query success,used time:11 ms,sql="SELECT * FROM `sc_org`"
[T] 17:17:30.360(00000000001358D0):getConnection release,getIndex=0
[T] 17:17:30.360(00000000001358D0):getConnection release,getIndex=1
[I] 17:17:30.361(00000000001358D0):[AM]get account list success: [{"innerid":"HEDV35FASG-DGW423A-34TGGW53AAD66","name":"乐逛演示","org_id":"1","shop_id":null,"settlement_id":null,"method_code":1,"method_code_key":"wechat_test3_1","function_mask":"10","config":"{\"accountid\":\"gh_92368265694f\",\"fee_type\":\"CNY\",\"appid\":\"wx39bf9ff3da6fc1e7\",\"appsecret\":\"e00fc51118b318fb99cff35d217865fc\",\"mch_id\":\"1287801701\",\"sub_mch_id\":\"\",\"sign_key\":\"smartpaysmartpaysmartpaysmartpay\",\"key_file\":\"apiclient_key.pem\",\"cert_file\":\"apiclient_cert.pem\",\"pay_authorization_dir\":[\"\",\"\",\"\"],\"pay_native_callback\":\"\",\"pay_finish_notify\":\"1\",\"pay_alarm_notify\":\"\"}","enabled":1,"desc":null},{"innerid":"SE43RG3ASG-34GWW55A-34TG43HER452","name":"短信测试一","org_id":"1","shop_id":null,"settlement_id":null,"method_code":2,"method_code_key":"wechat_test1_2","function_mask":"10","config":"{\"url\" : \"http://211.147.239.62:9050/cgi-bin/sendsms\",\"username\" : \"shopperconnect@smartac\",\"password\" : \"shopCNT@smartc2016\"}","enabled":1,"desc":null},{"innerid":"SMFGSW423GWS-G43HTEHE2-HHEDR5462HS","name":"邮件测试一","org_id":"1","shop_id":null,"settlement_id":null,"method_code":3,"method_code_key":"wechat_test1_3","function_mask":"10","config":"{\"smtpserver\" : \"smtp.163.com\",\"port\": 25,\"username\" : \"zyqtest5@163.com\",\"password\" : \"zyqtest5881119\",\"SSL\":false}","enabled":1,"desc":null}]
[I] 17:17:30.396(00000000001358D0):[AMQP5]AMQP5 connect 'amqp://guest:guest@172.16.0.81:5672' success!
[I] 17:17:30.400(00000000001358D0):[AMQP0]AMQP0 connect 'amqp://guest:guest@172.16.0.81:5672' success!
[I] 17:17:30.401(00000000001358D0):[AMQP4]AMQP4 connect 'amqp://guest:guest@172.16.0.81:5672' success!
[I] 17:17:30.402(00000000001358D0):[AMQP6]AMQP6 connect 'amqp://guest:guest@172.16.0.81:5672' success!
[I] 17:17:30.403(00000000001358D0):[AMQP7]AMQP7 connect 'amqp://guest:guest@172.16.0.81:5672' success!
[I] 17:17:30.404(00000000001358D0):[AMQP8]AMQP8 connect 'amqp://guest:guest@172.16.0.81:5672' success!
[I] 17:17:30.405(00000000001358D0):[AMQP1]AMQP1 connect 'amqp://guest:guest@172.16.0.81:5672' success!
[I] 17:17:30.417(00000000001358D0):[AMQP5]success declare exchange 'amq.direct'
[I] 17:17:30.419(00000000001358D0):[AMQP6]success declare exchange 'amq.direct'
[I] 17:17:30.419(00000000001358D0):[AMQP7]success declare exchange 'amq.direct'
[I] 17:17:30.420(00000000001358D0):[AMQP8]success declare exchange 'amq.direct'
[I] 17:17:30.421(00000000001358D0):[AMQP1]success declare exchange 'amq.direct'
[I] 17:17:30.421(00000000001358D0):[AMQP4]success declare exchange 'amq.direct'
[I] 17:17:30.423(00000000001358D0):[AMQP0]success declare queue 'cf.rpc.85393940a29b11e7bc85dd93c9a37ffc'
[I] 17:17:30.432(00000000001358D0):[AMQP0]success consume 'cf.rpc.85393940a29b11e7bc85dd93c9a37ffc'
[I] 17:17:30.433(00000000001358D0):[AMQP1]success declare queue 'cf.wechat.rpc.857a8800a29b11e7bc85dd93c9a37ffc'
[I] 17:17:30.436(00000000001358D0):[AMQP8]success declare queue 'cf.wechat.rpc.85969b80a29b11e7bc85dd93c9a37ffc'
[I] 17:17:30.437(00000000001358D0):[AMQP6]success declare queue 'cf.wechat.rpc.8592a3e0a29b11e7bc85dd93c9a37ffc'
[I] 17:17:30.438(00000000001358D0):[AMQP5]success declare queue 'cf.wechat.rpc.85919270a29b11e7bc85dd93c9a37ffc'
[I] 17:17:30.439(00000000001358D0):[AMQP0]success binding 'amq.direct'->'cf.rpc.85393940a29b11e7bc85dd93c9a37ffc'(cf.rpc.85393940a29b11e7bc85dd93c9a37ffc)
[I] 17:17:30.440(00000000001358D0):[AMQP7]success declare queue 'sc.task.rpc.8593b550a29b11e7bc85dd93c9a37ffc'
[I] 17:17:30.440(00000000001358D0):[AMQP4]success declare queue 'cf.app.rpc.8590a810a29b11e7bc85dd93c9a37ffc'
[I] 17:17:30.441(00000000001358D0):[AMQP1]success consume 'cf.wechat.rpc.857a8800a29b11e7bc85dd93c9a37ffc'
[I] 17:17:30.442(00000000001358D0):[AMQP8]success consume 'cf.wechat.rpc.85969b80a29b11e7bc85dd93c9a37ffc'
[I] 17:17:30.442(00000000001358D0):[AMQP4]success consume 'cf.app.rpc.8590a810a29b11e7bc85dd93c9a37ffc'
[I] 17:17:30.443(00000000001358D0):[AMQP7]success consume 'sc.task.rpc.8593b550a29b11e7bc85dd93c9a37ffc'
[I] 17:17:30.443(00000000001358D0):[AMQP5]success consume 'cf.wechat.rpc.85919270a29b11e7bc85dd93c9a37ffc'
[I] 17:17:30.444(00000000001358D0):[AMQP6]success consume 'cf.wechat.rpc.8592a3e0a29b11e7bc85dd93c9a37ffc'
[I] 17:17:30.446(00000000001358D0):[AMQP0]success declare queue 'cf.wechat.rpc.854a7750a29b11e7bc85dd93c9a37ffc'
[I] 17:17:30.449(00000000001358D0):[AMQP0]success consume 'cf.wechat.rpc.854a7750a29b11e7bc85dd93c9a37ffc'
[I] 17:17:30.450(00000000001358D0):[AMQP4]success binding 'amq.direct'->'cf.app.rpc.8590a810a29b11e7bc85dd93c9a37ffc'(cf.app.rpc.8590a810a29b11e7bc85dd93c9a37ffc)
[I] 17:17:30.451(00000000001358D0):[AMQP8]success binding 'amq.direct'->'cf.wechat.rpc.85969b80a29b11e7bc85dd93c9a37ffc'(cf.wechat.rpc.85969b80a29b11e7bc85dd93c9a37ffc)
[I] 17:17:30.452(00000000001358D0):[AMQP6]success binding 'amq.direct'->'cf.wechat.rpc.8592a3e0a29b11e7bc85dd93c9a37ffc'(cf.wechat.rpc.8592a3e0a29b11e7bc85dd93c9a37ffc)
[I] 17:17:30.452(00000000001358D0):[AMQP1]success binding 'amq.direct'->'cf.wechat.rpc.857a8800a29b11e7bc85dd93c9a37ffc'(cf.wechat.rpc.857a8800a29b11e7bc85dd93c9a37ffc)
[I] 17:17:30.452(00000000001358D0):[AMQP5]success binding 'amq.direct'->'cf.wechat.rpc.85919270a29b11e7bc85dd93c9a37ffc'(cf.wechat.rpc.85919270a29b11e7bc85dd93c9a37ffc)
[I] 17:17:30.453(00000000001358D0):[AMQP7]success binding 'amq.direct'->'sc.task.rpc.8593b550a29b11e7bc85dd93c9a37ffc'(sc.task.rpc.8593b550a29b11e7bc85dd93c9a37ffc)
[I] 17:17:30.454(00000000001358D0):[AMQP0]success binding 'amq.direct'->'cf.wechat.rpc.854a7750a29b11e7bc85dd93c9a37ffc'(cf.wechat.rpc.854a7750a29b11e7bc85dd93c9a37ffc)
[I] 17:17:30.455(00000000001358D0):[AMQP0]success declare exchange 'cf.wechat.notify'
[I] 17:17:30.458(00000000001358D0):[AMQP4]success declare queue 'cf.wechat.rpc.8590cf20a29b11e7bc85dd93c9a37ffc'
[I] 17:17:30.458(00000000001358D0):[AMQP7]success declare queue 'sr.customer.rewardfail.8593b551a29b11e7bc85dd93c9a37ffc'
[I] 17:17:30.460(00000000001358D0):[AMQP4]success consume 'cf.wechat.rpc.8590cf20a29b11e7bc85dd93c9a37ffc'
[I] 17:17:30.462(00000000001358D0):[AMQP0]success declare queue 'jiaxingwang.sc_admin.wechat.8553c620a29b11e7bc85dd93c9a37ffc'
[I] 17:17:30.464(00000000001358D0):[AMQP0]success consume 'jiaxingwang.sc_admin.wechat.8553c620a29b11e7bc85dd93c9a37ffc'
[I] 17:17:30.464(00000000001358D0):[AMQP7]success consume 'sr.customer.rewardfail.8593b551a29b11e7bc85dd93c9a37ffc'
[I] 17:17:30.465(00000000001358D0):[AMQP4]success binding 'amq.direct'->'cf.wechat.rpc.8590cf20a29b11e7bc85dd93c9a37ffc'(cf.wechat.rpc.8590cf20a29b11e7bc85dd93c9a37ffc)
[W] 17:17:30.467(0000000000137520):try restart worker 2# ...
[I] 17:17:30.471(0000000000137520):start worker success,pid=136E6C(2#)
[I] 17:17:30.467(00000000001358D0):[AMQP7]success binding 'amq.direct'->'sr.customer.rewardfail.8593b551a29b11e7bc85dd93c9a37ffc'(sr.customer.rewardfail.8593b551a29b11e7bc85dd93c9a37ffc)
[I] 17:17:30.467(00000000001358D0):[AMQP0]success binding 'cf.wechat.notify'->'jiaxingwang.sc_admin.wechat.8553c620a29b11e7bc85dd93c9a37ffc'(#)
[I] 17:17:30.470(00000000001358D0):[AMQP4]success declare queue 'cf.rpc.8590cf21a29b11e7bc85dd93c9a37ffc'
[I] 17:17:30.472(00000000001358D0):[AMQP4]success consume 'cf.rpc.8590cf21a29b11e7bc85dd93c9a37ffc'
[I] 17:17:30.475(00000000001358D0):[AMQP0]success declare queue 'cf.app.rpc.8553c621a29b11e7bc85dd93c9a37ffc'
[I] 17:17:30.482(00000000001358D0):[AMQP4]success binding 'amq.direct'->'cf.rpc.8590cf21a29b11e7bc85dd93c9a37ffc'(cf.rpc.8590cf21a29b11e7bc85dd93c9a37ffc)
[I] 17:17:30.482(00000000001358D0):[AMQP0]success consume 'cf.app.rpc.8553c621a29b11e7bc85dd93c9a37ffc'
[I] 17:17:30.486(00000000001358D0):[AMQP0]success binding 'amq.direct'->'cf.app.rpc.8553c621a29b11e7bc85dd93c9a37ffc'(cf.app.rpc.8553c621a29b11e7bc85dd93c9a37ffc)
[I] 17:17:30.487(00000000001358D0):[AMQP4]success declare queue 'sc.task.rpc.8590f630a29b11e7bc85dd93c9a37ffc'
[I] 17:17:30.490(00000000001358D0):[AMQP4]success consume 'sc.task.rpc.8590f630a29b11e7bc85dd93c9a37ffc'
[I] 17:17:30.491(00000000001358D0):[AMQP0]success declare queue 'cf.alipay.rpc.85548970a29b11e7bc85dd93c9a37ffc'
[I] 17:17:30.493(00000000001358D0):[AMQP0]success consume 'cf.alipay.rpc.85548970a29b11e7bc85dd93c9a37ffc'
[I] 17:17:30.493(00000000001358D0):[AMQP4]success binding 'amq.direct'->'sc.task.rpc.8590f630a29b11e7bc85dd93c9a37ffc'(sc.task.rpc.8590f630a29b11e7bc85dd93c9a37ffc)
[I] 17:17:30.497(00000000001358D0):[AMQP0]success binding 'amq.direct'->'cf.alipay.rpc.85548970a29b11e7bc85dd93c9a37ffc'(cf.alipay.rpc.85548970a29b11e7bc85dd93c9a37ffc)
[I] 17:17:30.500(00000000001358D0):[AMQP0]success declare queue 'cf.ding.rpc.8555e900a29b11e7bc85dd93c9a37ffc'
[I] 17:17:30.502(00000000001358D0):[AMQP0]success consume 'cf.ding.rpc.8555e900a29b11e7bc85dd93c9a37ffc'
[I] 17:17:30.505(00000000001358D0):[AMQP0]success binding 'amq.direct'->'cf.ding.rpc.8555e900a29b11e7bc85dd93c9a37ffc'(cf.ding.rpc.8555e900a29b11e7bc85dd93c9a37ffc)
[I] 17:17:30.507(00000000001358D0):[AMQP0]success declare exchange 'cf.ding.notify'
[I] 17:17:30.511(00000000001358D0):[AMQP0]success declare queue 'jiaxingwang.sc_admin.ding.8557bdc0a29b11e7bc85dd93c9a37ffc'
[I] 17:17:30.513(00000000001358D0):[AMQP0]success consume 'jiaxingwang.sc_admin.ding.8557bdc0a29b11e7bc85dd93c9a37ffc'
[I] 17:17:30.515(00000000001358D0):[AMQP0]success binding 'cf.ding.notify'->'jiaxingwang.sc_admin.ding.8557bdc0a29b11e7bc85dd93c9a37ffc'(#)
[I] 17:17:30.520(00000000001358D0):[AMQP0]success declare queue 'sr.customer.rpc.85591d50a29b11e7bc85dd93c9a37ffc'
[I] 17:17:30.522(00000000001358D0):[AMQP0]success consume 'sr.customer.rpc.85591d50a29b11e7bc85dd93c9a37ffc'
[I] 17:17:30.525(00000000001358D0):[AMQP0]success binding 'amq.direct'->'sr.customer.rpc.85591d50a29b11e7bc85dd93c9a37ffc'(sr.customer.rpc.85591d50a29b11e7bc85dd93c9a37ffc)
[I] 17:17:30.526(00000000001358D0):[AMQP0]success declare exchange 'amq.direct'
[I] 17:17:30.531(00000000001358D0):[AMQP0]success declare queue 'sc.task.rpc.857b7260a29b11e7bc85dd93c9a37ffc'
[I] 17:17:30.533(00000000001358D0):[AMQP0]success consume 'sc.task.rpc.857b7260a29b11e7bc85dd93c9a37ffc'
[I] 17:17:30.536(00000000001358D0):[AMQP0]success binding 'amq.direct'->'sc.task.rpc.857b7260a29b11e7bc85dd93c9a37ffc'(sc.task.rpc.857b7260a29b11e7bc85dd93c9a37ffc)
[I] 17:17:30.541(00000000001358D0):[AMQP0]success declare queue 'sr.customer.tag.rpc.8581b3f0a29b11e7bc85dd93c9a37ffc'
[I] 17:17:30.542(00000000001358D0):[AMQP0]success consume 'sr.customer.tag.rpc.8581b3f0a29b11e7bc85dd93c9a37ffc'
[I] 17:17:30.545(00000000001358D0):[AMQP0]success binding 'amq.direct'->'sr.customer.tag.rpc.8581b3f0a29b11e7bc85dd93c9a37ffc'(sr.customer.tag.rpc.8581b3f0a29b11e7bc85dd93c9a37ffc)
[I] 17:17:30.549(00000000001358D0):[AMQP0]success declare queue 'sr.customer.point.rpc.8581db00a29b11e7bc85dd93c9a37ffc'
[I] 17:17:30.551(00000000001358D0):[AMQP0]success consume 'sr.customer.point.rpc.8581db00a29b11e7bc85dd93c9a37ffc'
[I] 17:17:30.554(00000000001358D0):[AMQP0]success binding 'amq.direct'->'sr.customer.point.rpc.8581db00a29b11e7bc85dd93c9a37ffc'(sr.customer.point.rpc.8581db00a29b11e7bc85dd93c9a37ffc)
[I] 17:17:30.558(00000000001358D0):[AMQP0]success declare queue 'sr.customer.coupon_class.rpc.858647d0a29b11e7bc85dd93c9a37ffc'
[I] 17:17:30.560(00000000001358D0):[AMQP0]success consume 'sr.customer.coupon_class.rpc.858647d0a29b11e7bc85dd93c9a37ffc'
[I] 17:17:30.569(00000000001358D0):[AMQP0]success binding 'amq.direct'->'sr.customer.coupon_class.rpc.858647d0a29b11e7bc85dd93c9a37ffc'(sr.customer.coupon_class.rpc.858647d0a29b11e7bc85dd93c9a37ffc)
[I] 17:17:30.576(00000000001358D0):[AMQP0]success declare queue 'sr.customer.coupon.rpc.85866ee0a29b11e7bc85dd93c9a37ffc'
[I] 17:17:30.579(00000000001358D0):[AMQP0]success consume 'sr.customer.coupon.rpc.85866ee0a29b11e7bc85dd93c9a37ffc'
[I] 17:17:30.583(00000000001358D0):[AMQP0]success binding 'amq.direct'->'sr.customer.coupon.rpc.85866ee0a29b11e7bc85dd93c9a37ffc'(sr.customer.coupon.rpc.85866ee0a29b11e7bc85dd93c9a37ffc)
[I] 17:17:30.588(00000000001358D0):[AMQP0]success declare queue 'cf.wxpay.rpc.8588b8d0a29b11e7bc85dd93c9a37ffc'
[I] 17:17:30.590(00000000001358D0):[AMQP0]success consume 'cf.wxpay.rpc.8588b8d0a29b11e7bc85dd93c9a37ffc'
[I] 17:17:30.593(00000000001358D0):[AMQP0]success binding 'amq.direct'->'cf.wxpay.rpc.8588b8d0a29b11e7bc85dd93c9a37ffc'(cf.wxpay.rpc.8588b8d0a29b11e7bc85dd93c9a37ffc)
[I] 17:17:30.598(00000000001358D0):[AMQP0]success declare queue 'cf.baidu.rpc.858d4cb0a29b11e7bc85dd93c9a37ffc'
[I] 17:17:30.600(00000000001358D0):[AMQP0]success consume 'cf.baidu.rpc.858d4cb0a29b11e7bc85dd93c9a37ffc'
[I] 17:17:30.602(00000000001358D0):[AMQP0]success binding 'amq.direct'->'cf.baidu.rpc.858d4cb0a29b11e7bc85dd93c9a37ffc'(cf.baidu.rpc.858d4cb0a29b11e7bc85dd93c9a37ffc)
[I] 17:17:30.605(00000000001358D0):[AMQP0]success declare queue 'sr.trade.rpc.859514e0a29b11e7bc85dd93c9a37ffc'
[I] 17:17:30.607(00000000001358D0):[AMQP0]success consume 'sr.trade.rpc.859514e0a29b11e7bc85dd93c9a37ffc'
[I] 17:17:30.609(00000000001358D0):[AMQP0]success binding 'amq.direct'->'sr.trade.rpc.859514e0a29b11e7bc85dd93c9a37ffc'(sr.trade.rpc.859514e0a29b11e7bc85dd93c9a37ffc)
[I] 17:17:30.764(0000000000137514):[AMQP0]created
[I] 17:17:30.774(0000000000137514):[AMQP0]declare queue 'cf.rpc.85df6450a29b11e7adfe797d6a0d111f'
[I] 17:17:30.775(0000000000137514):[RPCC:cf.rpc]create rpc client 'cf.rpc' in conn AMQP0
[I] 17:17:30.887(0000000000137514):PBEncoder success load file 'E:\product\protocol\cf.proto.js'
[I] 17:17:30.887(0000000000137514):[AMQP0]declare queue 'cf.wechat.rpc.85f0c970a29b11e7adfe797d6a0d111f'
[I] 17:17:30.888(0000000000137514):[RPCC:cf.wechat.rpc]create rpc client 'cf.wechat.rpc' in conn AMQP0
[I] 17:17:30.953(0000000000137514):PBEncoder success load file 'E:\product\protocol\cf_wechat.proto.js'
[I] 17:17:30.953(0000000000137514):[AMQP0]declare exchange 'cf.wechat.notify'
[I] 17:17:30.954(0000000000137514):[AMQP0]declare queue 'jiaxingwang.sc_admin.wechat.85fb02a0a29b11e7adfe797d6a0d111f'
[I] 17:17:30.954(0000000000137514):[AMQP0]declare queue 'cf.app.rpc.85fb02a1a29b11e7adfe797d6a0d111f'
[I] 17:17:30.954(0000000000137514):[RPCC:cf.app.rpc]create rpc client 'cf.app.rpc' in conn AMQP0
[I] 17:17:30.959(0000000000137514):PBEncoder success load file 'E:\product\protocol\cf_app.proto.js'
[I] 17:17:30.960(0000000000137514):[AMQP0]declare queue 'cf.alipay.rpc.85fbed00a29b11e7adfe797d6a0d111f'
[I] 17:17:30.960(0000000000137514):[RPCC:cf.alipay.rpc]create rpc client 'cf.alipay.rpc' in conn AMQP0
[I] 17:17:30.969(0000000000137514):PBEncoder success load file 'E:\product\protocol\cf_alipay.proto.js'
[I] 17:17:30.969(0000000000137514):[AMQP0]declare queue 'cf.ding.rpc.85fd4c90a29b11e7adfe797d6a0d111f'
[I] 17:17:30.970(0000000000137514):[RPCC:cf.ding.rpc]create rpc client 'cf.ding.rpc' in conn AMQP0
[I] 17:17:30.985(0000000000137514):PBEncoder success load file 'E:\product\protocol\cf_ding.proto.js'
[I] 17:17:30.986(0000000000137514):[AMQP0]declare exchange 'cf.ding.notify'
[I] 17:17:30.986(0000000000137514):[AMQP0]declare queue 'jiaxingwang.sc_admin.ding.85ffe4a0a29b11e7adfe797d6a0d111f'
[I] 17:17:30.986(0000000000137514):[AM]init and reload account!
[I] 17:17:30.991(0000000000137514):[AM]reload account success, account number is: 0
[I] 17:17:30.995(0000000000137514):[AMQP0]declare queue 'sr.customer.rpc.86014430a29b11e7adfe797d6a0d111f'
[I] 17:17:30.995(0000000000137514):[RPCC:sr.customer.rpc]create rpc client 'sr.customer.rpc' in conn AMQP0
[I] 17:17:31.005(0000000000137514):PBEncoder success load file 'E:\product\protocol\sr_customer.proto.js'
[W] 17:17:31.005(0000000000137514):[AMQP0]rpc client 'cf.rpc' declare repeat!
[W] 17:17:31.006(0000000000137514):[AMQP0]rpc client 'cf.wechat.rpc' declare repeat!
[W] 17:17:31.006(0000000000137514):[AMQP0]rpc client 'cf.app.rpc' declare repeat!
[I] 17:17:31.186(0000000000137514):PBEncoder success load file 'E:\product\protocol\sc_system.proto.js'
[D] 17:17:31.225(0000000000137520):worker process log socket connected!
[D] 17:17:31.212(0000000000136E6C):worker 2# ready to connect master log socket server, port=45338
[D] 17:17:31.226(0000000000136E6C):worker 2# log socket connected!
[I] 17:17:31.242(0000000000137514):[AMQP1]created
[I] 17:17:31.244(0000000000137514):[AMQP1]declare exchange 'amq.direct'
[I] 17:17:31.244(0000000000137514):[AMQP1]declare queue 'cf.wechat.rpc.862742c0a29b11e7adfe797d6a0d111f'
[I] 17:17:31.244(0000000000137514):[RPCC:cf.wechat.rpc]create rpc client 'cf.wechat.rpc' in conn AMQP1
[I] 17:17:31.247(0000000000137514):[AMQP2]created
[I] 17:17:31.251(0000000000137514):[AMQP0]declare exchange 'amq.direct'
[I] 17:17:31.253(0000000000137514):[AMQP0]declare queue 'sc.task.rpc.8628a250a29b11e7adfe797d6a0d111f'
[I] 17:17:31.253(0000000000137514):[RPCC:sc.task.rpc]create rpc client 'sc.task.rpc' in conn AMQP0
[I] 17:17:31.261(0000000000137514):PBEncoder success load file 'E:\product\protocol\sc_task.proto.js'
[I] 17:17:31.284(0000000000137514):[AMQP0]declare queue 'sr.customer.tag.rpc.862d5d40a29b11e7adfe797d6a0d111f'
[I] 17:17:31.284(0000000000137514):[RPCC:sr.customer.tag.rpc]create rpc client 'sr.customer.tag.rpc' in conn AMQP0
[I] 17:17:31.285(0000000000137514):[AMQP0]declare queue 'sr.customer.point.rpc.862d8450a29b11e7adfe797d6a0d111f'
[I] 17:17:31.285(0000000000137514):[RPCC:sr.customer.point.rpc]create rpc client 'sr.customer.point.rpc' in conn AMQP0
[I] 17:17:31.291(0000000000137514):PBEncoder success load file 'E:\product\protocol\sr_customer_point.proto.js'
[I] 17:17:31.297(0000000000137514):PBEncoder success load file 'E:\product\protocol\sr_customer_tag.proto.js'
[W] 17:17:31.306(0000000000137514):[AMQP0]rpc client 'cf.wechat.rpc' declare repeat!
[I] 17:17:31.307(0000000000137514):[AMQP0]declare queue 'sr.customer.coupon_class.rpc.8630dfb0a29b11e7adfe797d6a0d111f'
[I] 17:17:31.307(0000000000137514):[RPCC:sr.customer.coupon_class.rpc]create rpc client 'sr.customer.coupon_class.rpc' in conn AMQP0
[I] 17:17:31.308(0000000000137514):[AMQP0]declare queue 'sr.customer.coupon.rpc.863106c0a29b11e7adfe797d6a0d111f'
[I] 17:17:31.308(0000000000137514):[RPCC:sr.customer.coupon.rpc]create rpc client 'sr.customer.coupon.rpc' in conn AMQP0
[I] 17:17:31.322(0000000000137514):PBEncoder success load file 'E:\product\protocol\sr_customer_coupon.proto.js'
[W] 17:17:31.322(0000000000137514):[AMQP0]rpc client 'cf.wechat.rpc' declare repeat!
[I] 17:17:31.323(0000000000137514):[AMQP0]declare queue 'cf.wxpay.rpc.863350b0a29b11e7adfe797d6a0d111f'
[I] 17:17:31.324(0000000000137514):[RPCC:cf.wxpay.rpc]create rpc client 'cf.wxpay.rpc' in conn AMQP0
[I] 17:17:31.338(0000000000137514):PBEncoder success load file 'E:\product\protocol\cf_wxpay.proto.js'
[W] 17:17:31.338(0000000000137514):[AMQP0]rpc client 'sr.customer.point.rpc' declare repeat!
[W] 17:17:31.346(0000000000137514):[AMQP0]exchange amq.direct already declare!!
[W] 17:17:31.346(0000000000137514):[AMQP0]rpc client 'sr.customer.rpc' declare repeat!
[W] 17:17:31.346(0000000000137514):[AMQP0]rpc client 'sr.customer.coupon.rpc' declare repeat!
[W] 17:17:31.346(0000000000137514):[AMQP0]rpc client 'cf.wechat.rpc' declare repeat!
[W] 17:17:31.349(0000000000137514):[AMQP0]exchange amq.direct already declare!!
[I] 17:17:31.349(0000000000137514):[AMQP0]declare queue 'cf.baidu.rpc.86374850a29b11e7adfe797d6a0d111f'
[I] 17:17:31.349(0000000000137514):[RPCC:cf.baidu.rpc]create rpc client 'cf.baidu.rpc' in conn AMQP0
[I] 17:17:31.353(0000000000137514):PBEncoder success load file 'E:\product\protocol\cf_baidu.proto.js'
[I] 17:17:31.358(0000000000137514):[AMQP3]created
[I] 17:17:31.366(0000000000137514):[AMQP4]created
[I] 17:17:31.367(0000000000137514):[AMQP4]declare exchange 'amq.direct'
[I] 17:17:31.367(0000000000137514):[AMQP4]declare queue 'cf.app.rpc.863a0770a29b11e7adfe797d6a0d111f'
[I] 17:17:31.367(0000000000137514):[RPCC:cf.app.rpc]create rpc client 'cf.app.rpc' in conn AMQP4
[I] 17:17:31.368(0000000000137514):[AMQP4]declare queue 'cf.wechat.rpc.863a2e80a29b11e7adfe797d6a0d111f'
[I] 17:17:31.368(0000000000137514):[RPCC:cf.wechat.rpc]create rpc client 'cf.wechat.rpc' in conn AMQP4
[I] 17:17:31.368(0000000000137514):[AMQP4]declare queue 'cf.rpc.863a2e81a29b11e7adfe797d6a0d111f'
[I] 17:17:31.368(0000000000137514):[RPCC:cf.rpc]create rpc client 'cf.rpc' in conn AMQP4
[I] 17:17:31.368(0000000000137514):[AMQP4]declare queue 'sc.task.rpc.863a2e82a29b11e7adfe797d6a0d111f'
[I] 17:17:31.369(0000000000137514):[RPCC:sc.task.rpc]create rpc client 'sc.task.rpc' in conn AMQP4
[I] 17:17:31.371(0000000000137514):[AMQP5]created
[I] 17:17:31.372(0000000000137514):[AMQP5]declare exchange 'amq.direct'
[I] 17:17:31.372(0000000000137514):[AMQP5]declare queue 'cf.wechat.rpc.863acac0a29b11e7adfe797d6a0d111f'
[I] 17:17:31.372(0000000000137514):[RPCC:cf.wechat.rpc]create rpc client 'cf.wechat.rpc' in conn AMQP5
[W] 17:17:31.374(0000000000137514):[AMQP0]rpc client 'sr.customer.point.rpc' declare repeat!
[I] 17:17:31.376(0000000000137514):[AMQP6]created
[I] 17:17:31.376(0000000000137514):[AMQP6]declare exchange 'amq.direct'
[I] 17:17:31.377(0000000000137514):[AMQP6]declare queue 'cf.wechat.rpc.863b8e10a29b11e7adfe797d6a0d111f'
[I] 17:17:31.377(0000000000137514):[RPCC:cf.wechat.rpc]create rpc client 'cf.wechat.rpc' in conn AMQP6
[I] 17:17:31.382(0000000000137514):[AMQP7]created
[I] 17:17:31.382(0000000000137514):[AMQP7]declare exchange 'amq.direct'
[I] 17:17:31.383(0000000000137514):[AMQP7]declare queue 'sc.task.rpc.863c7870a29b11e7adfe797d6a0d111f'
[I] 17:17:31.383(0000000000137514):[RPCC:sc.task.rpc]create rpc client 'sc.task.rpc' in conn AMQP7
[I] 17:17:31.383(0000000000137514):[AMQP7]declare queue 'sr.customer.rewardfail.863c7871a29b11e7adfe797d6a0d111f'
[I] 17:17:31.383(0000000000137514):[RPCC:sr.customer.rewardfail]create rpc client 'sr.customer.rewardfail' in conn AMQP7
[W] 17:17:31.387(0000000000137514):[AMQP0]exchange amq.direct already declare!!
[W] 17:17:31.387(0000000000137514):[AMQP0]rpc client 'sr.customer.tag.rpc' declare repeat!
[W] 17:17:31.387(0000000000137514):[AMQP0]rpc client 'sc.task.rpc' declare repeat!
[W] 17:17:31.390(0000000000137514):[AMQP0]exchange amq.direct already declare!!
[I] 17:17:31.390(0000000000137514):[AMQP0]declare queue 'sr.trade.rpc.863d89e0a29b11e7adfe797d6a0d111f'
[I] 17:17:31.391(0000000000137514):[RPCC:sr.trade.rpc]create rpc client 'sr.trade.rpc' in conn AMQP0
[I] 17:17:31.394(0000000000137514):PBEncoder success load file 'E:\product\protocol\sr_trade.proto.js'
[I] 17:17:31.397(0000000000137514):[AMQP8]created
[I] 17:17:31.398(0000000000137514):[AMQP8]declare exchange 'amq.direct'
[I] 17:17:31.398(0000000000137514):[AMQP8]declare queue 'cf.wechat.rpc.863ec260a29b11e7adfe797d6a0d111f'
[I] 17:17:31.398(0000000000137514):[RPCC:cf.wechat.rpc]create rpc client 'cf.wechat.rpc' in conn AMQP8
[T] 17:17:31.419(0000000000137514):Http is running,port is 18910
[I] 17:17:31.424(0000000000137514):[redis]redis connect
[I] 17:17:31.441(0000000000137514):[redis]redis ready
[I] 17:17:31.444(0000000000137514):[MP1]create connection #0
[T] 17:17:31.445(0000000000137514):[MP1]getConnection success,getIndex=0
[I] 17:17:31.446(0000000000137514):[MP1]create connection #1
[T] 17:17:31.446(0000000000137514):[MP1]getConnection success,getIndex=1
[T] 17:17:31.455(0000000000137514):[MySQL]Query success,used time:6 ms,sql="select * from cf_account where enabled=1 and function_mask like \"1%\""
[T] 17:17:31.465(0000000000137514):[MySQL]Query success,used time:15 ms,sql="SELECT * FROM `sc_org`"
[T] 17:17:31.472(0000000000137514):getConnection release,getIndex=0
[T] 17:17:31.473(0000000000137514):getConnection release,getIndex=1
[I] 17:17:31.474(0000000000137514):[AM]get account list success: [{"innerid":"HEDV35FASG-DGW423A-34TGGW53AAD66","name":"乐逛演示","org_id":"1","shop_id":null,"settlement_id":null,"method_code":1,"method_code_key":"wechat_test3_1","function_mask":"10","config":"{\"accountid\":\"gh_92368265694f\",\"fee_type\":\"CNY\",\"appid\":\"wx39bf9ff3da6fc1e7\",\"appsecret\":\"e00fc51118b318fb99cff35d217865fc\",\"mch_id\":\"1287801701\",\"sub_mch_id\":\"\",\"sign_key\":\"smartpaysmartpaysmartpaysmartpay\",\"key_file\":\"apiclient_key.pem\",\"cert_file\":\"apiclient_cert.pem\",\"pay_authorization_dir\":[\"\",\"\",\"\"],\"pay_native_callback\":\"\",\"pay_finish_notify\":\"1\",\"pay_alarm_notify\":\"\"}","enabled":1,"desc":null},{"innerid":"SE43RG3ASG-34GWW55A-34TG43HER452","name":"短信测试一","org_id":"1","shop_id":null,"settlement_id":null,"method_code":2,"method_code_key":"wechat_test1_2","function_mask":"10","config":"{\"url\" : \"http://211.147.239.62:9050/cgi-bin/sendsms\",\"username\" : \"shopperconnect@smartac\",\"password\" : \"shopCNT@smartc2016\"}","enabled":1,"desc":null},{"innerid":"SMFGSW423GWS-G43HTEHE2-HHEDR5462HS","name":"邮件测试一","org_id":"1","shop_id":null,"settlement_id":null,"method_code":3,"method_code_key":"wechat_test1_3","function_mask":"10","config":"{\"smtpserver\" : \"smtp.163.com\",\"port\": 25,\"username\" : \"zyqtest5@163.com\",\"password\" : \"zyqtest5881119\",\"SSL\":false}","enabled":1,"desc":null}]
[I] 17:17:31.495(0000000000137514):[AMQP1]AMQP1 connect 'amqp://guest:guest@172.16.0.81:5672' success!
[I] 17:17:31.499(0000000000137514):[AMQP5]AMQP5 connect 'amqp://guest:guest@172.16.0.81:5672' success!
[I] 17:17:31.500(0000000000137514):[AMQP0]AMQP0 connect 'amqp://guest:guest@172.16.0.81:5672' success!
[I] 17:17:31.501(0000000000137514):[AMQP4]AMQP4 connect 'amqp://guest:guest@172.16.0.81:5672' success!
[I] 17:17:31.503(0000000000137514):[AMQP6]AMQP6 connect 'amqp://guest:guest@172.16.0.81:5672' success!
[I] 17:17:31.515(0000000000137514):[AMQP1]success declare exchange 'amq.direct'
[I] 17:17:31.516(0000000000137514):[AMQP8]AMQP8 connect 'amqp://guest:guest@172.16.0.81:5672' success!
[I] 17:17:31.518(0000000000137514):[AMQP7]AMQP7 connect 'amqp://guest:guest@172.16.0.81:5672' success!
[I] 17:17:31.519(0000000000137514):[AMQP6]success declare exchange 'amq.direct'
[I] 17:17:31.519(0000000000137514):[AMQP5]success declare exchange 'amq.direct'
[I] 17:17:31.519(0000000000137514):[AMQP4]success declare exchange 'amq.direct'
[I] 17:17:31.521(0000000000137514):[AMQP0]success declare queue 'cf.rpc.85df6450a29b11e7adfe797d6a0d111f'
[I] 17:17:31.523(0000000000137514):[AMQP1]success declare queue 'cf.wechat.rpc.862742c0a29b11e7adfe797d6a0d111f'
[I] 17:17:31.525(0000000000137514):[AMQP8]success declare exchange 'amq.direct'
[I] 17:17:31.526(0000000000137514):[AMQP7]success declare exchange 'amq.direct'
[I] 17:17:31.527(0000000000137514):[AMQP0]success consume 'cf.rpc.85df6450a29b11e7adfe797d6a0d111f'
[I] 17:17:31.528(0000000000137514):[AMQP1]success consume 'cf.wechat.rpc.862742c0a29b11e7adfe797d6a0d111f'
[I] 17:17:31.529(0000000000137514):[AMQP4]success declare queue 'cf.app.rpc.863a0770a29b11e7adfe797d6a0d111f'
[I] 17:17:31.530(0000000000137514):[AMQP6]success declare queue 'cf.wechat.rpc.863b8e10a29b11e7adfe797d6a0d111f'
[I] 17:17:31.531(0000000000137514):[AMQP5]success declare queue 'cf.wechat.rpc.863acac0a29b11e7adfe797d6a0d111f'
[I] 17:17:31.532(0000000000137514):[AMQP8]success declare queue 'cf.wechat.rpc.863ec260a29b11e7adfe797d6a0d111f'
[I] 17:17:31.533(0000000000137514):[AMQP4]success consume 'cf.app.rpc.863a0770a29b11e7adfe797d6a0d111f'
[I] 17:17:31.534(0000000000137514):[AMQP5]success consume 'cf.wechat.rpc.863acac0a29b11e7adfe797d6a0d111f'
[I] 17:17:31.534(0000000000137514):[AMQP6]success consume 'cf.wechat.rpc.863b8e10a29b11e7adfe797d6a0d111f'
[I] 17:17:31.535(0000000000137514):[AMQP0]success binding 'amq.direct'->'cf.rpc.85df6450a29b11e7adfe797d6a0d111f'(cf.rpc.85df6450a29b11e7adfe797d6a0d111f)
[I] 17:17:31.535(0000000000137514):[AMQP1]success binding 'amq.direct'->'cf.wechat.rpc.862742c0a29b11e7adfe797d6a0d111f'(cf.wechat.rpc.862742c0a29b11e7adfe797d6a0d111f)
[I] 17:17:31.536(0000000000137514):[AMQP7]success declare queue 'sc.task.rpc.863c7870a29b11e7adfe797d6a0d111f'
[I] 17:17:31.537(0000000000137514):[AMQP8]success consume 'cf.wechat.rpc.863ec260a29b11e7adfe797d6a0d111f'
[I] 17:17:31.537(0000000000137514):[AMQP6]success binding 'amq.direct'->'cf.wechat.rpc.863b8e10a29b11e7adfe797d6a0d111f'(cf.wechat.rpc.863b8e10a29b11e7adfe797d6a0d111f)
[I] 17:17:31.538(0000000000137514):[AMQP5]success binding 'amq.direct'->'cf.wechat.rpc.863acac0a29b11e7adfe797d6a0d111f'(cf.wechat.rpc.863acac0a29b11e7adfe797d6a0d111f)
[I] 17:17:31.539(0000000000137514):[AMQP4]success binding 'amq.direct'->'cf.app.rpc.863a0770a29b11e7adfe797d6a0d111f'(cf.app.rpc.863a0770a29b11e7adfe797d6a0d111f)
[I] 17:17:31.539(0000000000137514):[AMQP0]success declare queue 'cf.wechat.rpc.85f0c970a29b11e7adfe797d6a0d111f'
[I] 17:17:31.542(0000000000137514):[AMQP7]success consume 'sc.task.rpc.863c7870a29b11e7adfe797d6a0d111f'
[I] 17:17:31.544(0000000000137514):[AMQP8]success binding 'amq.direct'->'cf.wechat.rpc.863ec260a29b11e7adfe797d6a0d111f'(cf.wechat.rpc.863ec260a29b11e7adfe797d6a0d111f)
[I] 17:17:31.544(0000000000137514):[AMQP4]success declare queue 'cf.wechat.rpc.863a2e80a29b11e7adfe797d6a0d111f'
[I] 17:17:31.545(0000000000137514):[AMQP0]success consume 'cf.wechat.rpc.85f0c970a29b11e7adfe797d6a0d111f'
[I] 17:17:31.546(0000000000137514):[AMQP7]success binding 'amq.direct'->'sc.task.rpc.863c7870a29b11e7adfe797d6a0d111f'(sc.task.rpc.863c7870a29b11e7adfe797d6a0d111f)
[I] 17:17:31.547(0000000000137514):[AMQP4]success consume 'cf.wechat.rpc.863a2e80a29b11e7adfe797d6a0d111f'
[I] 17:17:31.548(0000000000137514):[AMQP0]success binding 'amq.direct'->'cf.wechat.rpc.85f0c970a29b11e7adfe797d6a0d111f'(cf.wechat.rpc.85f0c970a29b11e7adfe797d6a0d111f)
[I] 17:17:31.550(0000000000137514):[AMQP4]success binding 'amq.direct'->'cf.wechat.rpc.863a2e80a29b11e7adfe797d6a0d111f'(cf.wechat.rpc.863a2e80a29b11e7adfe797d6a0d111f)
[I] 17:17:31.551(0000000000137514):[AMQP7]success declare queue 'sr.customer.rewardfail.863c7871a29b11e7adfe797d6a0d111f'
[I] 17:17:31.553(0000000000137514):[AMQP0]success declare exchange 'cf.wechat.notify'
[I] 17:17:31.554(0000000000137514):[AMQP7]success consume 'sr.customer.rewardfail.863c7871a29b11e7adfe797d6a0d111f'
[I] 17:17:31.555(0000000000137514):[AMQP4]success declare queue 'cf.rpc.863a2e81a29b11e7adfe797d6a0d111f'
[I] 17:17:31.557(0000000000137514):[AMQP4]success consume 'cf.rpc.863a2e81a29b11e7adfe797d6a0d111f'
[I] 17:17:31.559(0000000000137514):[AMQP7]success binding 'amq.direct'->'sr.customer.rewardfail.863c7871a29b11e7adfe797d6a0d111f'(sr.customer.rewardfail.863c7871a29b11e7adfe797d6a0d111f)
[I] 17:17:31.560(0000000000137514):[AMQP0]success declare queue 'jiaxingwang.sc_admin.wechat.85fb02a0a29b11e7adfe797d6a0d111f'
[I] 17:17:31.562(0000000000137514):[AMQP4]success binding 'amq.direct'->'cf.rpc.863a2e81a29b11e7adfe797d6a0d111f'(cf.rpc.863a2e81a29b11e7adfe797d6a0d111f)
[I] 17:17:31.572(0000000000137514):[AMQP0]success consume 'jiaxingwang.sc_admin.wechat.85fb02a0a29b11e7adfe797d6a0d111f'
[I] 17:17:31.581(0000000000137514):[AMQP4]success declare queue 'sc.task.rpc.863a2e82a29b11e7adfe797d6a0d111f'
[I] 17:17:31.583(0000000000137514):[AMQP0]success binding 'cf.wechat.notify'->'jiaxingwang.sc_admin.wechat.85fb02a0a29b11e7adfe797d6a0d111f'(#)
[I] 17:17:31.592(0000000000137514):[AMQP4]success consume 'sc.task.rpc.863a2e82a29b11e7adfe797d6a0d111f'
[I] 17:17:31.595(0000000000137514):[AMQP0]success declare queue 'cf.app.rpc.85fb02a1a29b11e7adfe797d6a0d111f'
[I] 17:17:31.605(0000000000137514):[AMQP0]success consume 'cf.app.rpc.85fb02a1a29b11e7adfe797d6a0d111f'
[I] 17:17:31.605(0000000000137514):[AMQP4]success binding 'amq.direct'->'sc.task.rpc.863a2e82a29b11e7adfe797d6a0d111f'(sc.task.rpc.863a2e82a29b11e7adfe797d6a0d111f)
[I] 17:17:31.614(0000000000137514):[AMQP0]success binding 'amq.direct'->'cf.app.rpc.85fb02a1a29b11e7adfe797d6a0d111f'(cf.app.rpc.85fb02a1a29b11e7adfe797d6a0d111f)
[I] 17:17:31.645(0000000000137514):[AMQP0]success declare queue 'cf.alipay.rpc.85fbed00a29b11e7adfe797d6a0d111f'
[I] 17:17:31.656(0000000000137514):[AMQP0]success consume 'cf.alipay.rpc.85fbed00a29b11e7adfe797d6a0d111f'
[I] 17:17:31.661(0000000000137514):[AMQP0]success binding 'amq.direct'->'cf.alipay.rpc.85fbed00a29b11e7adfe797d6a0d111f'(cf.alipay.rpc.85fbed00a29b11e7adfe797d6a0d111f)
[I] 17:17:31.668(0000000000137514):[AMQP0]success declare queue 'cf.ding.rpc.85fd4c90a29b11e7adfe797d6a0d111f'
[I] 17:17:31.676(0000000000137514):[AMQP0]success consume 'cf.ding.rpc.85fd4c90a29b11e7adfe797d6a0d111f'
[I] 17:17:31.692(0000000000137514):[AMQP0]success binding 'amq.direct'->'cf.ding.rpc.85fd4c90a29b11e7adfe797d6a0d111f'(cf.ding.rpc.85fd4c90a29b11e7adfe797d6a0d111f)
[I] 17:17:31.694(0000000000137514):[AMQP0]success declare exchange 'cf.ding.notify'
[I] 17:17:31.697(0000000000137514):[AMQP0]success declare queue 'jiaxingwang.sc_admin.ding.85ffe4a0a29b11e7adfe797d6a0d111f'
[I] 17:17:31.705(0000000000137514):[AMQP0]success consume 'jiaxingwang.sc_admin.ding.85ffe4a0a29b11e7adfe797d6a0d111f'
[I] 17:17:31.712(0000000000137514):[AMQP0]success binding 'cf.ding.notify'->'jiaxingwang.sc_admin.ding.85ffe4a0a29b11e7adfe797d6a0d111f'(#)
[I] 17:17:31.721(0000000000137514):[AMQP0]success declare queue 'sr.customer.rpc.86014430a29b11e7adfe797d6a0d111f'
[I] 17:17:31.726(0000000000137514):[AMQP0]success consume 'sr.customer.rpc.86014430a29b11e7adfe797d6a0d111f'
[I] 17:17:31.735(0000000000137514):[AMQP0]success binding 'amq.direct'->'sr.customer.rpc.86014430a29b11e7adfe797d6a0d111f'(sr.customer.rpc.86014430a29b11e7adfe797d6a0d111f)
[I] 17:17:31.742(0000000000137514):[AMQP0]success declare exchange 'amq.direct'
[I] 17:17:31.748(0000000000137514):[AMQP0]success declare queue 'sc.task.rpc.8628a250a29b11e7adfe797d6a0d111f'
[I] 17:17:31.755(0000000000137514):[AMQP0]success consume 'sc.task.rpc.8628a250a29b11e7adfe797d6a0d111f'
[I] 17:17:31.759(0000000000137514):[AMQP0]success binding 'amq.direct'->'sc.task.rpc.8628a250a29b11e7adfe797d6a0d111f'(sc.task.rpc.8628a250a29b11e7adfe797d6a0d111f)
[I] 17:17:31.763(0000000000137514):[AMQP0]success declare queue 'sr.customer.tag.rpc.862d5d40a29b11e7adfe797d6a0d111f'
[I] 17:17:31.766(0000000000137514):[AMQP0]success consume 'sr.customer.tag.rpc.862d5d40a29b11e7adfe797d6a0d111f'
[I] 17:17:31.769(0000000000137514):[AMQP0]success binding 'amq.direct'->'sr.customer.tag.rpc.862d5d40a29b11e7adfe797d6a0d111f'(sr.customer.tag.rpc.862d5d40a29b11e7adfe797d6a0d111f)
[I] 17:17:31.772(0000000000137514):[AMQP0]success declare queue 'sr.customer.point.rpc.862d8450a29b11e7adfe797d6a0d111f'
[I] 17:17:31.775(0000000000137514):[AMQP0]success consume 'sr.customer.point.rpc.862d8450a29b11e7adfe797d6a0d111f'
[I] 17:17:31.778(0000000000137514):[AMQP0]success binding 'amq.direct'->'sr.customer.point.rpc.862d8450a29b11e7adfe797d6a0d111f'(sr.customer.point.rpc.862d8450a29b11e7adfe797d6a0d111f)
[I] 17:17:31.783(0000000000137514):[AMQP0]success declare queue 'sr.customer.coupon_class.rpc.8630dfb0a29b11e7adfe797d6a0d111f'
[I] 17:17:31.785(0000000000137514):[AMQP0]success consume 'sr.customer.coupon_class.rpc.8630dfb0a29b11e7adfe797d6a0d111f'
[I] 17:17:31.788(0000000000137514):[AMQP0]success binding 'amq.direct'->'sr.customer.coupon_class.rpc.8630dfb0a29b11e7adfe797d6a0d111f'(sr.customer.coupon_class.rpc.8630dfb0a29b11e7adfe797d6a0d111f)
[I] 17:17:31.792(0000000000137514):[AMQP0]success declare queue 'sr.customer.coupon.rpc.863106c0a29b11e7adfe797d6a0d111f'
[I] 17:17:31.794(0000000000137514):[AMQP0]success consume 'sr.customer.coupon.rpc.863106c0a29b11e7adfe797d6a0d111f'
[I] 17:17:31.797(0000000000137514):[AMQP0]success binding 'amq.direct'->'sr.customer.coupon.rpc.863106c0a29b11e7adfe797d6a0d111f'(sr.customer.coupon.rpc.863106c0a29b11e7adfe797d6a0d111f)
[I] 17:17:31.800(0000000000137514):[AMQP0]success declare queue 'cf.wxpay.rpc.863350b0a29b11e7adfe797d6a0d111f'
[I] 17:17:31.802(0000000000137514):[AMQP0]success consume 'cf.wxpay.rpc.863350b0a29b11e7adfe797d6a0d111f'
[I] 17:17:31.806(0000000000137514):[AMQP0]success binding 'amq.direct'->'cf.wxpay.rpc.863350b0a29b11e7adfe797d6a0d111f'(cf.wxpay.rpc.863350b0a29b11e7adfe797d6a0d111f)
[I] 17:17:31.810(0000000000137514):[AMQP0]success declare queue 'cf.baidu.rpc.86374850a29b11e7adfe797d6a0d111f'
[I] 17:17:31.812(0000000000137514):[AMQP0]success consume 'cf.baidu.rpc.86374850a29b11e7adfe797d6a0d111f'
[I] 17:17:31.815(0000000000137514):[AMQP0]success binding 'amq.direct'->'cf.baidu.rpc.86374850a29b11e7adfe797d6a0d111f'(cf.baidu.rpc.86374850a29b11e7adfe797d6a0d111f)
[I] 17:17:31.818(0000000000137514):[AMQP0]success declare queue 'sr.trade.rpc.863d89e0a29b11e7adfe797d6a0d111f'
[I] 17:17:31.820(0000000000137514):[AMQP0]success consume 'sr.trade.rpc.863d89e0a29b11e7adfe797d6a0d111f'
[I] 17:17:31.823(0000000000137514):[AMQP0]success binding 'amq.direct'->'sr.trade.rpc.863d89e0a29b11e7adfe797d6a0d111f'(sr.trade.rpc.863d89e0a29b11e7adfe797d6a0d111f)
[I] 17:17:31.858(0000000000136E6C):[AMQP0]created
[I] 17:17:31.868(0000000000136E6C):[AMQP0]declare queue 'cf.rpc.868652b0a29b11e7924c39d4ac203551'
[I] 17:17:31.869(0000000000136E6C):[RPCC:cf.rpc]create rpc client 'cf.rpc' in conn AMQP0
[I] 17:17:31.974(0000000000136E6C):PBEncoder success load file 'E:\product\protocol\cf.proto.js'
[I] 17:17:31.975(0000000000136E6C):[AMQP0]declare queue 'cf.wechat.rpc.8696a660a29b11e7924c39d4ac203551'
[I] 17:17:31.975(0000000000136E6C):[RPCC:cf.wechat.rpc]create rpc client 'cf.wechat.rpc' in conn AMQP0
[I] 17:17:32.034(0000000000136E6C):PBEncoder success load file 'E:\product\protocol\cf_wechat.proto.js'
[I] 17:17:32.034(0000000000136E6C):[AMQP0]declare exchange 'cf.wechat.notify'
[I] 17:17:32.034(0000000000136E6C):[AMQP0]declare queue 'jiaxingwang.sc_admin.wechat.869fce20a29b11e7924c39d4ac203551'
[I] 17:17:32.035(0000000000136E6C):[AMQP0]declare queue 'cf.app.rpc.869ff530a29b11e7924c39d4ac203551'
[I] 17:17:32.035(0000000000136E6C):[RPCC:cf.app.rpc]create rpc client 'cf.app.rpc' in conn AMQP0
[I] 17:17:32.039(0000000000136E6C):PBEncoder success load file 'E:\product\protocol\cf_app.proto.js'
[I] 17:17:32.040(0000000000136E6C):[AMQP0]declare queue 'cf.alipay.rpc.86a09170a29b11e7924c39d4ac203551'
[I] 17:17:32.040(0000000000136E6C):[RPCC:cf.alipay.rpc]create rpc client 'cf.alipay.rpc' in conn AMQP0
[I] 17:17:32.047(0000000000136E6C):PBEncoder success load file 'E:\product\protocol\cf_alipay.proto.js'
[I] 17:17:32.048(0000000000136E6C):[AMQP0]declare queue 'cf.ding.rpc.86a1f100a29b11e7924c39d4ac203551'
[I] 17:17:32.049(0000000000136E6C):[RPCC:cf.ding.rpc]create rpc client 'cf.ding.rpc' in conn AMQP0
[I] 17:17:32.059(0000000000136E6C):PBEncoder success load file 'E:\product\protocol\cf_ding.proto.js'
[I] 17:17:32.059(0000000000136E6C):[AMQP0]declare exchange 'cf.ding.notify'
[I] 17:17:32.059(0000000000136E6C):[AMQP0]declare queue 'jiaxingwang.sc_admin.ding.86a39eb0a29b11e7924c39d4ac203551'
[I] 17:17:32.060(0000000000136E6C):[AM]init and reload account!
[I] 17:17:32.064(0000000000136E6C):[AM]reload account success, account number is: 0
[I] 17:17:32.067(0000000000136E6C):[AMQP0]declare queue 'sr.customer.rpc.86a4d730a29b11e7924c39d4ac203551'
[I] 17:17:32.068(0000000000136E6C):[RPCC:sr.customer.rpc]create rpc client 'sr.customer.rpc' in conn AMQP0
[I] 17:17:32.075(0000000000136E6C):PBEncoder success load file 'E:\product\protocol\sr_customer.proto.js'
[W] 17:17:32.076(0000000000136E6C):[AMQP0]rpc client 'cf.rpc' declare repeat!
[W] 17:17:32.076(0000000000136E6C):[AMQP0]rpc client 'cf.wechat.rpc' declare repeat!
[W] 17:17:32.077(0000000000136E6C):[AMQP0]rpc client 'cf.app.rpc' declare repeat!
[I] 17:17:32.233(0000000000136E6C):PBEncoder success load file 'E:\product\protocol\sc_system.proto.js'
[I] 17:17:32.284(0000000000136E6C):[AMQP1]created
[I] 17:17:32.285(0000000000136E6C):[AMQP1]declare exchange 'amq.direct'
[I] 17:17:32.285(0000000000136E6C):[AMQP1]declare queue 'cf.wechat.rpc.86c61ad0a29b11e7924c39d4ac203551'
[I] 17:17:32.285(0000000000136E6C):[RPCC:cf.wechat.rpc]create rpc client 'cf.wechat.rpc' in conn AMQP1
[I] 17:17:32.287(0000000000136E6C):[AMQP2]created
[I] 17:17:32.290(0000000000136E6C):[AMQP0]declare exchange 'amq.direct'
[I] 17:17:32.291(0000000000136E6C):[AMQP0]declare queue 'sc.task.rpc.86c70530a29b11e7924c39d4ac203551'
[I] 17:17:32.291(0000000000136E6C):[RPCC:sc.task.rpc]create rpc client 'sc.task.rpc' in conn AMQP0
[I] 17:17:32.299(0000000000136E6C):PBEncoder success load file 'E:\product\protocol\sc_task.proto.js'
[I] 17:17:32.321(0000000000136E6C):[AMQP0]declare queue 'sr.customer.tag.rpc.86cb9910a29b11e7924c39d4ac203551'
[I] 17:17:32.321(0000000000136E6C):[RPCC:sr.customer.tag.rpc]create rpc client 'sr.customer.tag.rpc' in conn AMQP0
[I] 17:17:32.322(0000000000136E6C):[AMQP0]declare queue 'sr.customer.point.rpc.86cbc020a29b11e7924c39d4ac203551'
[I] 17:17:32.322(0000000000136E6C):[RPCC:sr.customer.point.rpc]create rpc client 'sr.customer.point.rpc' in conn AMQP0
[I] 17:17:32.329(0000000000136E6C):PBEncoder success load file 'E:\product\protocol\sr_customer_point.proto.js'
[I] 17:17:32.335(0000000000136E6C):PBEncoder success load file 'E:\product\protocol\sr_customer_tag.proto.js'
[W] 17:17:32.345(0000000000136E6C):[AMQP0]rpc client 'cf.wechat.rpc' declare repeat!
[I] 17:17:32.346(0000000000136E6C):[AMQP0]declare queue 'sr.customer.coupon_class.rpc.86cf69a0a29b11e7924c39d4ac203551'
[I] 17:17:32.346(0000000000136E6C):[RPCC:sr.customer.coupon_class.rpc]create rpc client 'sr.customer.coupon_class.rpc' in conn AMQP0
[I] 17:17:32.347(0000000000136E6C):[AMQP0]declare queue 'sr.customer.coupon.rpc.86cf90b0a29b11e7924c39d4ac203551'
[I] 17:17:32.347(0000000000136E6C):[RPCC:sr.customer.coupon.rpc]create rpc client 'sr.customer.coupon.rpc' in conn AMQP0
[I] 17:17:32.360(0000000000136E6C):PBEncoder success load file 'E:\product\protocol\sr_customer_coupon.proto.js'
[W] 17:17:32.360(0000000000136E6C):[AMQP0]rpc client 'cf.wechat.rpc' declare repeat!
[I] 17:17:32.361(0000000000136E6C):[AMQP0]declare queue 'cf.wxpay.rpc.86d1b390a29b11e7924c39d4ac203551'
[I] 17:17:32.361(0000000000136E6C):[RPCC:cf.wxpay.rpc]create rpc client 'cf.wxpay.rpc' in conn AMQP0
[I] 17:17:32.375(0000000000136E6C):PBEncoder success load file 'E:\product\protocol\cf_wxpay.proto.js'
[W] 17:17:32.375(0000000000136E6C):[AMQP0]rpc client 'sr.customer.point.rpc' declare repeat!
[W] 17:17:32.384(0000000000136E6C):[AMQP0]exchange amq.direct already declare!!
[W] 17:17:32.384(0000000000136E6C):[AMQP0]rpc client 'sr.customer.rpc' declare repeat!
[W] 17:17:32.384(0000000000136E6C):[AMQP0]rpc client 'sr.customer.coupon.rpc' declare repeat!
[W] 17:17:32.385(0000000000136E6C):[AMQP0]rpc client 'cf.wechat.rpc' declare repeat!
[W] 17:17:32.387(0000000000136E6C):[AMQP0]exchange amq.direct already declare!!
[I] 17:17:32.387(0000000000136E6C):[AMQP0]declare queue 'cf.baidu.rpc.86d5ab30a29b11e7924c39d4ac203551'
[I] 17:17:32.388(0000000000136E6C):[RPCC:cf.baidu.rpc]create rpc client 'cf.baidu.rpc' in conn AMQP0
[I] 17:17:32.391(0000000000136E6C):PBEncoder success load file 'E:\product\protocol\cf_baidu.proto.js'
[I] 17:17:32.396(0000000000136E6C):[AMQP3]created
[I] 17:17:32.404(0000000000136E6C):[AMQP4]created
[I] 17:17:32.405(0000000000136E6C):[AMQP4]declare exchange 'amq.direct'
[I] 17:17:32.405(0000000000136E6C):[AMQP4]declare queue 'cf.app.rpc.86d86a50a29b11e7924c39d4ac203551'
[I] 17:17:32.406(0000000000136E6C):[RPCC:cf.app.rpc]create rpc client 'cf.app.rpc' in conn AMQP4
[I] 17:17:32.406(0000000000136E6C):[AMQP4]declare queue 'cf.wechat.rpc.86d89160a29b11e7924c39d4ac203551'
[I] 17:17:32.406(0000000000136E6C):[RPCC:cf.wechat.rpc]create rpc client 'cf.wechat.rpc' in conn AMQP4
[I] 17:17:32.406(0000000000136E6C):[AMQP4]declare queue 'cf.rpc.86d89161a29b11e7924c39d4ac203551'
[I] 17:17:32.406(0000000000136E6C):[RPCC:cf.rpc]create rpc client 'cf.rpc' in conn AMQP4
[I] 17:17:32.407(0000000000136E6C):[AMQP4]declare queue 'sc.task.rpc.86d8b870a29b11e7924c39d4ac203551'
[I] 17:17:32.407(0000000000136E6C):[RPCC:sc.task.rpc]create rpc client 'sc.task.rpc' in conn AMQP4
[I] 17:17:32.409(0000000000136E6C):[AMQP5]created
[I] 17:17:32.410(0000000000136E6C):[AMQP5]declare exchange 'amq.direct'
[I] 17:17:32.410(0000000000136E6C):[AMQP5]declare queue 'cf.wechat.rpc.86d92da0a29b11e7924c39d4ac203551'
[I] 17:17:32.410(0000000000136E6C):[RPCC:cf.wechat.rpc]create rpc client 'cf.wechat.rpc' in conn AMQP5
[W] 17:17:32.412(0000000000136E6C):[AMQP0]rpc client 'sr.customer.point.rpc' declare repeat!
[I] 17:17:32.414(0000000000136E6C):[AMQP6]created
[I] 17:17:32.415(0000000000136E6C):[AMQP6]declare exchange 'amq.direct'
[I] 17:17:32.415(0000000000136E6C):[AMQP6]declare queue 'cf.wechat.rpc.86d9f0f0a29b11e7924c39d4ac203551'
[I] 17:17:32.415(0000000000136E6C):[RPCC:cf.wechat.rpc]create rpc client 'cf.wechat.rpc' in conn AMQP6
[I] 17:17:32.420(0000000000136E6C):[AMQP7]created
[I] 17:17:32.420(0000000000136E6C):[AMQP7]declare exchange 'amq.direct'
[I] 17:17:32.421(0000000000136E6C):[AMQP7]declare queue 'sc.task.rpc.86dadb50a29b11e7924c39d4ac203551'
[I] 17:17:32.421(0000000000136E6C):[RPCC:sc.task.rpc]create rpc client 'sc.task.rpc' in conn AMQP7
[I] 17:17:32.421(0000000000136E6C):[AMQP7]declare queue 'sr.customer.rewardfail.86dadb51a29b11e7924c39d4ac203551'
[I] 17:17:32.421(0000000000136E6C):[RPCC:sr.customer.rewardfail]create rpc client 'sr.customer.rewardfail' in conn AMQP7
[W] 17:17:32.425(0000000000136E6C):[AMQP0]exchange amq.direct already declare!!
[W] 17:17:32.425(0000000000136E6C):[AMQP0]rpc client 'sr.customer.tag.rpc' declare repeat!
[W] 17:17:32.425(0000000000136E6C):[AMQP0]rpc client 'sc.task.rpc' declare repeat!
[W] 17:17:32.428(0000000000136E6C):[AMQP0]exchange amq.direct already declare!!
[I] 17:17:32.428(0000000000136E6C):[AMQP0]declare queue 'sr.trade.rpc.86dbecc0a29b11e7924c39d4ac203551'
[I] 17:17:32.428(0000000000136E6C):[RPCC:sr.trade.rpc]create rpc client 'sr.trade.rpc' in conn AMQP0
[I] 17:17:32.432(0000000000136E6C):PBEncoder success load file 'E:\product\protocol\sr_trade.proto.js'
[I] 17:17:32.435(0000000000136E6C):[AMQP8]created
[I] 17:17:32.436(0000000000136E6C):[AMQP8]declare exchange 'amq.direct'
[I] 17:17:32.436(0000000000136E6C):[AMQP8]declare queue 'cf.wechat.rpc.86dd2540a29b11e7924c39d4ac203551'
[I] 17:17:32.436(0000000000136E6C):[RPCC:cf.wechat.rpc]create rpc client 'cf.wechat.rpc' in conn AMQP8
[T] 17:17:32.456(0000000000136E6C):Http is running,port is 18910
[I] 17:17:32.460(0000000000136E6C):[redis]redis connect
[I] 17:17:32.473(0000000000136E6C):[redis]redis ready
[I] 17:17:32.475(0000000000136E6C):[MP1]create connection #0
[T] 17:17:32.476(0000000000136E6C):[MP1]getConnection success,getIndex=0
[I] 17:17:32.476(0000000000136E6C):[MP1]create connection #1
[T] 17:17:32.477(0000000000136E6C):[MP1]getConnection success,getIndex=1
[T] 17:17:32.483(0000000000136E6C):[MySQL]Query success,used time:5 ms,sql="select * from cf_account where enabled=1 and function_mask like \"1%\""
[T] 17:17:32.491(0000000000136E6C):[MySQL]Query success,used time:12 ms,sql="SELECT * FROM `sc_org`"
[T] 17:17:32.493(0000000000136E6C):getConnection release,getIndex=0
[T] 17:17:32.493(0000000000136E6C):getConnection release,getIndex=1
[I] 17:17:32.493(0000000000136E6C):[AM]get account list success: [{"innerid":"HEDV35FASG-DGW423A-34TGGW53AAD66","name":"乐逛演示","org_id":"1","shop_id":null,"settlement_id":null,"method_code":1,"method_code_key":"wechat_test3_1","function_mask":"10","config":"{\"accountid\":\"gh_92368265694f\",\"fee_type\":\"CNY\",\"appid\":\"wx39bf9ff3da6fc1e7\",\"appsecret\":\"e00fc51118b318fb99cff35d217865fc\",\"mch_id\":\"1287801701\",\"sub_mch_id\":\"\",\"sign_key\":\"smartpaysmartpaysmartpaysmartpay\",\"key_file\":\"apiclient_key.pem\",\"cert_file\":\"apiclient_cert.pem\",\"pay_authorization_dir\":[\"\",\"\",\"\"],\"pay_native_callback\":\"\",\"pay_finish_notify\":\"1\",\"pay_alarm_notify\":\"\"}","enabled":1,"desc":null},{"innerid":"SE43RG3ASG-34GWW55A-34TG43HER452","name":"短信测试一","org_id":"1","shop_id":null,"settlement_id":null,"method_code":2,"method_code_key":"wechat_test1_2","function_mask":"10","config":"{\"url\" : \"http://211.147.239.62:9050/cgi-bin/sendsms\",\"username\" : \"shopperconnect@smartac\",\"password\" : \"shopCNT@smartc2016\"}","enabled":1,"desc":null},{"innerid":"SMFGSW423GWS-G43HTEHE2-HHEDR5462HS","name":"邮件测试一","org_id":"1","shop_id":null,"settlement_id":null,"method_code":3,"method_code_key":"wechat_test1_3","function_mask":"10","config":"{\"smtpserver\" : \"smtp.163.com\",\"port\": 25,\"username\" : \"zyqtest5@163.com\",\"password\" : \"zyqtest5881119\",\"SSL\":false}","enabled":1,"desc":null}]
[I] 17:17:32.530(0000000000136E6C):[AMQP0]AMQP0 connect 'amqp://guest:guest@172.16.0.81:5672' success!
[I] 17:17:32.542(0000000000136E6C):[AMQP6]AMQP6 connect 'amqp://guest:guest@172.16.0.81:5672' success!
[I] 17:17:32.543(0000000000136E6C):[AMQP1]AMQP1 connect 'amqp://guest:guest@172.16.0.81:5672' success!
[I] 17:17:32.544(0000000000136E6C):[AMQP8]AMQP8 connect 'amqp://guest:guest@172.16.0.81:5672' success!
[I] 17:17:32.545(0000000000136E6C):[AMQP7]AMQP7 connect 'amqp://guest:guest@172.16.0.81:5672' success!
[I] 17:17:32.549(0000000000136E6C):[AMQP4]AMQP4 connect 'amqp://guest:guest@172.16.0.81:5672' success!
[I] 17:17:32.550(0000000000136E6C):[AMQP5]AMQP5 connect 'amqp://guest:guest@172.16.0.81:5672' success!
[I] 17:17:32.551(0000000000136E6C):[AMQP0]success declare queue 'cf.rpc.868652b0a29b11e7924c39d4ac203551'
[I] 17:17:32.555(0000000000136E6C):[AMQP7]success declare exchange 'amq.direct'
[I] 17:17:32.556(0000000000136E6C):[AMQP1]success declare exchange 'amq.direct'
[I] 17:17:32.558(0000000000136E6C):[AMQP8]success declare exchange 'amq.direct'
[I] 17:17:32.558(0000000000136E6C):[AMQP6]success declare exchange 'amq.direct'
[I] 17:17:32.559(0000000000136E6C):[AMQP4]success declare exchange 'amq.direct'
[I] 17:17:32.560(0000000000136E6C):[AMQP0]success consume 'cf.rpc.868652b0a29b11e7924c39d4ac203551'
[I] 17:17:32.561(0000000000136E6C):[AMQP7]success declare queue 'sc.task.rpc.86dadb50a29b11e7924c39d4ac203551'
[I] 17:17:32.567(0000000000136E6C):[AMQP5]success declare exchange 'amq.direct'
[I] 17:17:32.567(0000000000136E6C):[AMQP7]success consume 'sc.task.rpc.86dadb50a29b11e7924c39d4ac203551'
[I] 17:17:32.568(0000000000136E6C):[AMQP0]success binding 'amq.direct'->'cf.rpc.868652b0a29b11e7924c39d4ac203551'(cf.rpc.868652b0a29b11e7924c39d4ac203551)
[I] 17:17:32.569(0000000000136E6C):[AMQP8]success declare queue 'cf.wechat.rpc.86dd2540a29b11e7924c39d4ac203551'
[I] 17:17:32.570(0000000000136E6C):[AMQP7]success binding 'amq.direct'->'sc.task.rpc.86dadb50a29b11e7924c39d4ac203551'(sc.task.rpc.86dadb50a29b11e7924c39d4ac203551)
[I] 17:17:32.571(0000000000136E6C):[AMQP4]success declare queue 'cf.app.rpc.86d86a50a29b11e7924c39d4ac203551'
[I] 17:17:32.572(0000000000136E6C):[AMQP1]success declare queue 'cf.wechat.rpc.86c61ad0a29b11e7924c39d4ac203551'
[I] 17:17:32.572(0000000000136E6C):[AMQP5]success declare queue 'cf.wechat.rpc.86d92da0a29b11e7924c39d4ac203551'
[I] 17:17:32.573(0000000000136E6C):[AMQP6]success declare queue 'cf.wechat.rpc.86d9f0f0a29b11e7924c39d4ac203551'
[I] 17:17:32.573(0000000000136E6C):[AMQP4]success consume 'cf.app.rpc.86d86a50a29b11e7924c39d4ac203551'
[I] 17:17:32.574(0000000000136E6C):[AMQP8]success consume 'cf.wechat.rpc.86dd2540a29b11e7924c39d4ac203551'
[I] 17:17:32.574(0000000000136E6C):[AMQP1]success consume 'cf.wechat.rpc.86c61ad0a29b11e7924c39d4ac203551'
[I] 17:17:32.575(0000000000136E6C):[AMQP7]success declare queue 'sr.customer.rewardfail.86dadb51a29b11e7924c39d4ac203551'
[I] 17:17:32.576(0000000000136E6C):[AMQP0]success declare queue 'cf.wechat.rpc.8696a660a29b11e7924c39d4ac203551'
[I] 17:17:32.578(0000000000136E6C):[AMQP6]success consume 'cf.wechat.rpc.86d9f0f0a29b11e7924c39d4ac203551'
[I] 17:17:32.580(0000000000136E6C):[AMQP5]success consume 'cf.wechat.rpc.86d92da0a29b11e7924c39d4ac203551'
[I] 17:17:32.581(0000000000136E6C):[AMQP7]success consume 'sr.customer.rewardfail.86dadb51a29b11e7924c39d4ac203551'
[I] 17:17:32.582(0000000000136E6C):[AMQP4]success binding 'amq.direct'->'cf.app.rpc.86d86a50a29b11e7924c39d4ac203551'(cf.app.rpc.86d86a50a29b11e7924c39d4ac203551)
[I] 17:17:32.583(0000000000136E6C):[AMQP1]success binding 'amq.direct'->'cf.wechat.rpc.86c61ad0a29b11e7924c39d4ac203551'(cf.wechat.rpc.86c61ad0a29b11e7924c39d4ac203551)
[I] 17:17:32.584(0000000000136E6C):[AMQP8]success binding 'amq.direct'->'cf.wechat.rpc.86dd2540a29b11e7924c39d4ac203551'(cf.wechat.rpc.86dd2540a29b11e7924c39d4ac203551)
[I] 17:17:32.587(0000000000136E6C):[AMQP0]success consume 'cf.wechat.rpc.8696a660a29b11e7924c39d4ac203551'
[I] 17:17:32.587(0000000000136E6C):[AMQP5]success binding 'amq.direct'->'cf.wechat.rpc.86d92da0a29b11e7924c39d4ac203551'(cf.wechat.rpc.86d92da0a29b11e7924c39d4ac203551)
[I] 17:17:32.588(0000000000136E6C):[AMQP6]success binding 'amq.direct'->'cf.wechat.rpc.86d9f0f0a29b11e7924c39d4ac203551'(cf.wechat.rpc.86d9f0f0a29b11e7924c39d4ac203551)
[I] 17:17:32.588(0000000000136E6C):[AMQP7]success binding 'amq.direct'->'sr.customer.rewardfail.86dadb51a29b11e7924c39d4ac203551'(sr.customer.rewardfail.86dadb51a29b11e7924c39d4ac203551)
[I] 17:17:32.590(0000000000136E6C):[AMQP0]success binding 'amq.direct'->'cf.wechat.rpc.8696a660a29b11e7924c39d4ac203551'(cf.wechat.rpc.8696a660a29b11e7924c39d4ac203551)
[I] 17:17:32.591(0000000000136E6C):[AMQP4]success declare queue 'cf.wechat.rpc.86d89160a29b11e7924c39d4ac203551'
[I] 17:17:32.593(0000000000136E6C):[AMQP0]success declare exchange 'cf.wechat.notify'
[I] 17:17:32.594(0000000000136E6C):[AMQP4]success consume 'cf.wechat.rpc.86d89160a29b11e7924c39d4ac203551'
[I] 17:17:32.597(0000000000136E6C):[AMQP0]success declare queue 'jiaxingwang.sc_admin.wechat.869fce20a29b11e7924c39d4ac203551'
[I] 17:17:32.599(0000000000136E6C):[AMQP0]success consume 'jiaxingwang.sc_admin.wechat.869fce20a29b11e7924c39d4ac203551'
[I] 17:17:32.600(0000000000136E6C):[AMQP4]success binding 'amq.direct'->'cf.wechat.rpc.86d89160a29b11e7924c39d4ac203551'(cf.wechat.rpc.86d89160a29b11e7924c39d4ac203551)
[I] 17:17:32.606(0000000000136E6C):[AMQP0]success binding 'cf.wechat.notify'->'jiaxingwang.sc_admin.wechat.869fce20a29b11e7924c39d4ac203551'(#)
[I] 17:17:32.607(0000000000136E6C):[AMQP4]success declare queue 'cf.rpc.86d89161a29b11e7924c39d4ac203551'
[I] 17:17:32.609(0000000000136E6C):[AMQP4]success consume 'cf.rpc.86d89161a29b11e7924c39d4ac203551'
[I] 17:17:32.612(0000000000136E6C):[AMQP0]success declare queue 'cf.app.rpc.869ff530a29b11e7924c39d4ac203551'
[I] 17:17:32.614(0000000000136E6C):[AMQP4]success binding 'amq.direct'->'cf.rpc.86d89161a29b11e7924c39d4ac203551'(cf.rpc.86d89161a29b11e7924c39d4ac203551)
[I] 17:17:32.617(0000000000136E6C):[AMQP0]success consume 'cf.app.rpc.869ff530a29b11e7924c39d4ac203551'
[I] 17:17:32.618(0000000000136E6C):[AMQP4]success declare queue 'sc.task.rpc.86d8b870a29b11e7924c39d4ac203551'
[I] 17:17:32.621(0000000000136E6C):[AMQP4]success consume 'sc.task.rpc.86d8b870a29b11e7924c39d4ac203551'
[I] 17:17:32.622(0000000000136E6C):[AMQP0]success binding 'amq.direct'->'cf.app.rpc.869ff530a29b11e7924c39d4ac203551'(cf.app.rpc.869ff530a29b11e7924c39d4ac203551)
[I] 17:17:32.624(0000000000136E6C):[AMQP4]success binding 'amq.direct'->'sc.task.rpc.86d8b870a29b11e7924c39d4ac203551'(sc.task.rpc.86d8b870a29b11e7924c39d4ac203551)
[I] 17:17:32.627(0000000000136E6C):[AMQP0]success declare queue 'cf.alipay.rpc.86a09170a29b11e7924c39d4ac203551'
[I] 17:17:32.633(0000000000136E6C):[AMQP0]success consume 'cf.alipay.rpc.86a09170a29b11e7924c39d4ac203551'
[I] 17:17:32.637(0000000000136E6C):[AMQP0]success binding 'amq.direct'->'cf.alipay.rpc.86a09170a29b11e7924c39d4ac203551'(cf.alipay.rpc.86a09170a29b11e7924c39d4ac203551)
[I] 17:17:32.641(0000000000136E6C):[AMQP0]success declare queue 'cf.ding.rpc.86a1f100a29b11e7924c39d4ac203551'
[I] 17:17:32.642(0000000000136E6C):[AMQP0]success consume 'cf.ding.rpc.86a1f100a29b11e7924c39d4ac203551'
[I] 17:17:32.645(0000000000136E6C):[AMQP0]success binding 'amq.direct'->'cf.ding.rpc.86a1f100a29b11e7924c39d4ac203551'(cf.ding.rpc.86a1f100a29b11e7924c39d4ac203551)
[I] 17:17:32.646(0000000000136E6C):[AMQP0]success declare exchange 'cf.ding.notify'
[I] 17:17:32.654(0000000000136E6C):[AMQP0]success declare queue 'jiaxingwang.sc_admin.ding.86a39eb0a29b11e7924c39d4ac203551'
[I] 17:17:32.656(0000000000136E6C):[AMQP0]success consume 'jiaxingwang.sc_admin.ding.86a39eb0a29b11e7924c39d4ac203551'
[I] 17:17:32.659(0000000000136E6C):[AMQP0]success binding 'cf.ding.notify'->'jiaxingwang.sc_admin.ding.86a39eb0a29b11e7924c39d4ac203551'(#)
[I] 17:17:32.663(0000000000136E6C):[AMQP0]success declare queue 'sr.customer.rpc.86a4d730a29b11e7924c39d4ac203551'
[I] 17:17:32.666(0000000000136E6C):[AMQP0]success consume 'sr.customer.rpc.86a4d730a29b11e7924c39d4ac203551'
[I] 17:17:32.669(0000000000136E6C):[AMQP0]success binding 'amq.direct'->'sr.customer.rpc.86a4d730a29b11e7924c39d4ac203551'(sr.customer.rpc.86a4d730a29b11e7924c39d4ac203551)
[I] 17:17:32.673(0000000000136E6C):[AMQP0]success declare exchange 'amq.direct'
[I] 17:17:32.677(0000000000136E6C):[AMQP0]success declare queue 'sc.task.rpc.86c70530a29b11e7924c39d4ac203551'
[I] 17:17:32.679(0000000000136E6C):[AMQP0]success consume 'sc.task.rpc.86c70530a29b11e7924c39d4ac203551'
[I] 17:17:32.682(0000000000136E6C):[AMQP0]success binding 'amq.direct'->'sc.task.rpc.86c70530a29b11e7924c39d4ac203551'(sc.task.rpc.86c70530a29b11e7924c39d4ac203551)
[I] 17:17:32.689(0000000000136E6C):[AMQP0]success declare queue 'sr.customer.tag.rpc.86cb9910a29b11e7924c39d4ac203551'
[I] 17:17:32.692(0000000000136E6C):[AMQP0]success consume 'sr.customer.tag.rpc.86cb9910a29b11e7924c39d4ac203551'
[I] 17:17:32.695(0000000000136E6C):[AMQP0]success binding 'amq.direct'->'sr.customer.tag.rpc.86cb9910a29b11e7924c39d4ac203551'(sr.customer.tag.rpc.86cb9910a29b11e7924c39d4ac203551)
[I] 17:17:32.699(0000000000136E6C):[AMQP0]success declare queue 'sr.customer.point.rpc.86cbc020a29b11e7924c39d4ac203551'
[I] 17:17:32.701(0000000000136E6C):[AMQP0]success consume 'sr.customer.point.rpc.86cbc020a29b11e7924c39d4ac203551'
[I] 17:17:32.704(0000000000136E6C):[AMQP0]success binding 'amq.direct'->'sr.customer.point.rpc.86cbc020a29b11e7924c39d4ac203551'(sr.customer.point.rpc.86cbc020a29b11e7924c39d4ac203551)
[I] 17:17:32.708(0000000000136E6C):[AMQP0]success declare queue 'sr.customer.coupon_class.rpc.86cf69a0a29b11e7924c39d4ac203551'
[I] 17:17:32.710(0000000000136E6C):[AMQP0]success consume 'sr.customer.coupon_class.rpc.86cf69a0a29b11e7924c39d4ac203551'
[I] 17:17:32.712(0000000000136E6C):[AMQP0]success binding 'amq.direct'->'sr.customer.coupon_class.rpc.86cf69a0a29b11e7924c39d4ac203551'(sr.customer.coupon_class.rpc.86cf69a0a29b11e7924c39d4ac203551)
[I] 17:17:32.716(0000000000136E6C):[AMQP0]success declare queue 'sr.customer.coupon.rpc.86cf90b0a29b11e7924c39d4ac203551'
[I] 17:17:32.719(0000000000136E6C):[AMQP0]success consume 'sr.customer.coupon.rpc.86cf90b0a29b11e7924c39d4ac203551'
[I] 17:17:32.721(0000000000136E6C):[AMQP0]success binding 'amq.direct'->'sr.customer.coupon.rpc.86cf90b0a29b11e7924c39d4ac203551'(sr.customer.coupon.rpc.86cf90b0a29b11e7924c39d4ac203551)
[I] 17:17:32.725(0000000000136E6C):[AMQP0]success declare queue 'cf.wxpay.rpc.86d1b390a29b11e7924c39d4ac203551'
[I] 17:17:32.729(0000000000136E6C):[AMQP0]success consume 'cf.wxpay.rpc.86d1b390a29b11e7924c39d4ac203551'
[I] 17:17:32.733(0000000000136E6C):[AMQP0]success binding 'amq.direct'->'cf.wxpay.rpc.86d1b390a29b11e7924c39d4ac203551'(cf.wxpay.rpc.86d1b390a29b11e7924c39d4ac203551)
[I] 17:17:32.738(0000000000136E6C):[AMQP0]success declare queue 'cf.baidu.rpc.86d5ab30a29b11e7924c39d4ac203551'
[I] 17:17:32.739(0000000000136E6C):[AMQP0]success consume 'cf.baidu.rpc.86d5ab30a29b11e7924c39d4ac203551'
[I] 17:17:32.743(0000000000136E6C):[AMQP0]success binding 'amq.direct'->'cf.baidu.rpc.86d5ab30a29b11e7924c39d4ac203551'(cf.baidu.rpc.86d5ab30a29b11e7924c39d4ac203551)
[I] 17:17:32.755(0000000000136E6C):[AMQP0]success declare queue 'sr.trade.rpc.86dbecc0a29b11e7924c39d4ac203551'
[I] 17:17:32.757(0000000000136E6C):[AMQP0]success consume 'sr.trade.rpc.86dbecc0a29b11e7924c39d4ac203551'
[I] 17:17:32.760(0000000000136E6C):[AMQP0]success binding 'amq.direct'->'sr.trade.rpc.86dbecc0a29b11e7924c39d4ac203551'(sr.trade.rpc.86dbecc0a29b11e7924c39d4ac203551)
[I] 17:17:36.833(0000000000136E6C):login param :{"name":"admin","password":"e10adc3949ba59abbe56e057f20f883e"}
[T] 17:17:36.835(0000000000136E6C):[MP1]getConnection success,getIndex=2
[T] 17:17:36.837(0000000000136E6C):[MySQL]Query success,used time:2 ms,sql="SELECT `innerid`,`type`,`bindid`,`role_id`,`userid`,`name`,`language`,`profile_photo`,`birthday`,`position`,`mobile`,`gender`,`email`,`qq`,`weibo`,`wechat`,         `facebook`,`remark` FROM sc_user WHERE isdeleted = '0' AND userid = 'admin' AND `password` = 'e10adc3949ba59abbe56e057f20f883e';"
[T] 17:17:36.838(0000000000136E6C):getConnection release,getIndex=2
[T] 17:17:36.839(0000000000136E6C):[MP1]getConnection success,getIndex=3
[T] 17:17:36.841(0000000000136E6C):[MySQL]Query success,used time:2 ms,sql="SELECT menu.innerid,menu.menukey,module.modulekey,role.permission         FROM sc_role_define role LEFT JOIN sc_menu menu ON role.menu_key = menu.menukey         LEFT JOIN sc_module module ON menu.moduleid = module.innerid         WHERE role.role_id = (SELECT role_id FROM sc_user WHERE userid = 'admin' AND PASSWORD = 'e10adc3949ba59abbe56e057f20f883e' AND isdeleted = 0 LIMIT 1)         AND menu.isdisplay = 1 ORDER BY permission DESC"
[T] 17:17:36.841(0000000000136E6C):getConnection release,getIndex=3
[I] 17:17:36.843(0000000000136E6C):userinfo:{"innerid":"4ceea494-6ec7-5401-59a9-af7451ce5f8a","type":1,"bindid":"1","role_id":"a9eae0c5-a7a1-11e5-9d85-005056bbd22e","userid":"admin","name":"admin","language":0,"profile_photo":"","birthday":"1899-12-31T16:00:00.000Z","position":"超级管理员","mobile":"","gender":1,"email":"","qq":"","weibo":"","wechat":"","facebook":"","remark":"","User_int_TenantID":"1","user_id":"admin","staff_id":"4ceea494-6ec7-5401-59a9-af7451ce5f8a"}
[I] 17:22:32.138(00000000001358D0):[redis]redis close
[T] 17:22:32.138(00000000001358D0):[redis]redis reconnecting
[I] 17:22:32.142(00000000001358D0):[redis]redis connect
[I] 17:22:32.144(00000000001358D0):[redis]redis ready
[I] 17:22:33.238(0000000000137514):[redis]redis close
[T] 17:22:33.238(0000000000137514):[redis]redis reconnecting
[I] 17:22:33.242(0000000000137514):[redis]redis connect
[I] 17:22:33.244(0000000000137514):[redis]redis ready
[I] 17:22:38.351(0000000000136E6C):[redis]redis close
[T] 17:22:38.352(0000000000136E6C):[redis]redis reconnecting
[I] 17:22:38.357(0000000000136E6C):[redis]redis connect
[I] 17:22:38.359(0000000000136E6C):[redis]redis ready
[I] 17:27:32.698(00000000001358D0):[redis]redis close
[T] 17:27:32.699(00000000001358D0):[redis]redis reconnecting
[I] 17:27:32.702(00000000001358D0):[redis]redis connect
[I] 17:27:32.703(00000000001358D0):[redis]redis ready
[I] 17:27:33.898(0000000000137514):[redis]redis close
[T] 17:27:33.899(0000000000137514):[redis]redis reconnecting
[I] 17:27:33.902(0000000000137514):[redis]redis connect
[I] 17:27:33.903(0000000000137514):[redis]redis ready
[I] 17:27:40.108(0000000000136E6C):[redis]redis close
[T] 17:27:40.109(0000000000136E6C):[redis]redis reconnecting
[I] 17:27:40.112(0000000000136E6C):[redis]redis connect
[I] 17:27:40.113(0000000000136E6C):[redis]redis ready
[W] 17:27:44.736(0000000000137520):recv 'Ctrl+C' break sign!next exit!
[D] 17:27:44.747(0000000000137520):worker process log socket error!err=Error: read ECONNRESET
    at exports._errnoException (util.js:890:11)
    at TCP.onread (net.js:550:26)
[D] 17:27:44.747(0000000000137520):worker process log socket close!
[D] 17:27:44.748(0000000000137520):worker process log socket error!err=Error: read ECONNRESET
    at exports._errnoException (util.js:890:11)
    at TCP.onread (net.js:550:26)
[D] 17:27:44.749(0000000000137520):worker process log socket close!
[D] 17:27:44.761(0000000000137520):worker process log socket error!err=Error: read ECONNRESET
    at exports._errnoException (util.js:890:11)
    at TCP.onread (net.js:550:26)
[D] 17:27:44.762(0000000000137520):worker process log socket close!
[W] 17:27:44.770(0000000000137520):worker 1358D0(0#) died.
[W] 17:27:44.771(0000000000137520):worker 136E6C(2#) died.
[W] 17:27:44.771(0000000000137520):worker 137514(1#) died.
[W] 17:27:45.722(0000000000137520):try restart worker 0# ...
[I] 17:27:45.739(0000000000137520):start worker success,pid=2BEA4(0#)
