[D] 16:02:23.496(0000000000165480):master log socket server started! host=::, port=31726
[I] 16:02:23.505(0000000000165480):master log channel started!port=31726
[W] 16:02:24.506(0000000000165480):try restart worker 0# ...
[I] 16:02:24.523(0000000000165480):start worker success,pid=186610(0#)
[D] 16:02:25.233(0000000000165480):worker process log socket connected!
[D] 16:02:25.224(0000000000186610):worker 0# ready to connect master log socket server, port=31726
[D] 16:02:25.235(0000000000186610):worker 0# log socket connected!
[W] 16:02:25.546(0000000000165480):try restart worker 1# ...
[I] 16:02:25.592(0000000000165480):start worker success,pid=17F6B0(1#)
[I] 16:02:25.919(0000000000186610):[AMQP0]created
[I] 16:02:25.930(0000000000186610):[AMQP0]declare queue 'cf.rpc.08c6bf90a29111e78a9583d3075cf070'
[I] 16:02:25.931(0000000000186610):[RPCC:cf.rpc]create rpc client 'cf.rpc' in conn AMQP0
[I] 16:02:26.055(0000000000186610):PBEncoder success load file 'E:\product\protocol\cf.proto.js'
[I] 16:02:26.056(0000000000186610):[AMQP0]declare queue 'cf.wechat.rpc.08da2080a29111e78a9583d3075cf070'
[I] 16:02:26.057(0000000000186610):[RPCC:cf.wechat.rpc]create rpc client 'cf.wechat.rpc' in conn AMQP0
[I] 16:02:26.129(0000000000186610):PBEncoder success load file 'E:\product\protocol\cf_wechat.proto.js'
[I] 16:02:26.130(0000000000186610):[AMQP0]declare exchange 'cf.wechat.notify'
[I] 16:02:26.131(0000000000186610):[AMQP0]declare queue 'jiaxingwang.sc_admin.wechat.08e56b20a29111e78a9583d3075cf070'
[I] 16:02:26.131(0000000000186610):[AMQP0]declare queue 'cf.app.rpc.08e59230a29111e78a9583d3075cf070'
[I] 16:02:26.132(0000000000186610):[RPCC:cf.app.rpc]create rpc client 'cf.app.rpc' in conn AMQP0
[I] 16:02:26.137(0000000000186610):PBEncoder success load file 'E:\product\protocol\cf_app.proto.js'
[I] 16:02:26.138(0000000000186610):[AMQP0]declare queue 'cf.alipay.rpc.08e6a3a0a29111e78a9583d3075cf070'
[I] 16:02:26.138(0000000000186610):[RPCC:cf.alipay.rpc]create rpc client 'cf.alipay.rpc' in conn AMQP0
[I] 16:02:26.147(0000000000186610):PBEncoder success load file 'E:\product\protocol\cf_alipay.proto.js'
[I] 16:02:26.147(0000000000186610):[AMQP0]declare queue 'cf.ding.rpc.08e80330a29111e78a9583d3075cf070'
[I] 16:02:26.147(0000000000186610):[RPCC:cf.ding.rpc]create rpc client 'cf.ding.rpc' in conn AMQP0
[I] 16:02:26.160(0000000000186610):PBEncoder success load file 'E:\product\protocol\cf_ding.proto.js'
[I] 16:02:26.161(0000000000186610):[AMQP0]declare exchange 'cf.ding.notify'
[I] 16:02:26.161(0000000000186610):[AMQP0]declare queue 'jiaxingwang.sc_admin.ding.08ea2610a29111e78a9583d3075cf070'
[I] 16:02:26.161(0000000000186610):[AM]init and reload account!
[I] 16:02:26.165(0000000000186610):[AM]reload account success, account number is: 0
[I] 16:02:26.169(0000000000186610):[AMQP0]declare queue 'sr.customer.rpc.08eb5e90a29111e78a9583d3075cf070'
[I] 16:02:26.169(0000000000186610):[RPCC:sr.customer.rpc]create rpc client 'sr.customer.rpc' in conn AMQP0
[I] 16:02:26.178(0000000000186610):PBEncoder success load file 'E:\product\protocol\sr_customer.proto.js'
[W] 16:02:26.179(0000000000186610):[AMQP0]rpc client 'cf.rpc' declare repeat!
[W] 16:02:26.179(0000000000186610):[AMQP0]rpc client 'cf.wechat.rpc' declare repeat!
[W] 16:02:26.179(0000000000186610):[AMQP0]rpc client 'cf.app.rpc' declare repeat!
[I] 16:02:26.371(0000000000186610):PBEncoder success load file 'E:\product\protocol\sc_system.proto.js'
[D] 16:02:26.486(0000000000165480):worker process log socket connected!
[D] 16:02:26.468(000000000017F6B0):worker 1# ready to connect master log socket server, port=31726
[D] 16:02:26.491(000000000017F6B0):worker 1# log socket connected!
[E] 16:02:26.552(0000000000186610):Global caught exception: SyntaxError: Block-scoped declarations (let, const, function, class) not yet supported outside strict mode
    at exports.runInThisContext (vm.js:53:16)
    at Module._compile (module.js:387:25)
    at Object.Module._extensions..js (module.js:422:10)
    at Module.load (module.js:357:32)
    at Function.Module._load (module.js:314:12)
    at Module.require (module.js:367:17)
    at require (internal/module.js:16:19)
    at Object.<anonymous> (E:\product\scAdmin\js\sc\router\user.js:25:36)
    at Module._compile (module.js:413:34)
    at Object.Module._extensions..js (module.js:422:10)
    at Module.load (module.js:357:32)
    at Function.Module._load (module.js:314:12)
    at Module.require (module.js:367:17)
    at require (internal/module.js:16:19)
    at loadFile (E:\product\scAdmin\js\module_manager.js:35:20)
    at E:\product\scAdmin\js\module_manager.js:83:17
    at Array.forEach (native)
    at Object.readdir (E:\product\scAdmin\js\module_manager.js:71:11)
    at Object.<anonymous> (E:\product\scAdmin\js\sc\module_main.js:8:12)
    at Module._compile (module.js:413:34)
    at Object.Module._extensions..js (module.js:422:10)
    at Module.load (module.js:357:32)
    at Function.Module._load (module.js:314:12)
    at Module.require (module.js:367:17)
    at require (internal/module.js:16:19)
    at E:\product\scAdmin\js\module_manager.js:28:9
    at Array.forEach (native)
    at Object.exports.loadRoute (E:\product\scAdmin\js\module_manager.js:18:13)
[I] 16:02:26.562(0000000000186610):[redis]redis connect
[I] 16:02:26.586(0000000000186610):[redis]redis ready
[I] 16:02:26.589(0000000000186610):[MP1]create connection #0
[T] 16:02:26.590(0000000000186610):[MP1]getConnection success,getIndex=0
[I] 16:02:26.591(0000000000186610):[MP1]create connection #1
[T] 16:02:26.591(0000000000186610):[MP1]getConnection success,getIndex=1
[T] 16:02:26.626(0000000000186610):[MySQL]Query success,used time:27 ms,sql="SELECT * FROM `sc_org`"
[T] 16:02:26.627(0000000000186610):[MySQL]Query success,used time:28 ms,sql="select * from cf_account where enabled=1 and function_mask like \"1%\""
[T] 16:02:26.633(0000000000186610):getConnection release,getIndex=0
[T] 16:02:26.636(0000000000186610):getConnection release,getIndex=1
[I] 16:02:26.638(0000000000186610):[AM]get account list success: [{"innerid":"HEDV35FASG-DGW423A-34TGGW53AAD66","name":"乐逛演示","org_id":"1","shop_id":null,"settlement_id":null,"method_code":1,"method_code_key":"wechat_test3_1","function_mask":"10","config":"{\"accountid\":\"gh_92368265694f\",\"fee_type\":\"CNY\",\"appid\":\"wx39bf9ff3da6fc1e7\",\"appsecret\":\"e00fc51118b318fb99cff35d217865fc\",\"mch_id\":\"1287801701\",\"sub_mch_id\":\"\",\"sign_key\":\"smartpaysmartpaysmartpaysmartpay\",\"key_file\":\"apiclient_key.pem\",\"cert_file\":\"apiclient_cert.pem\",\"pay_authorization_dir\":[\"\",\"\",\"\"],\"pay_native_callback\":\"\",\"pay_finish_notify\":\"1\",\"pay_alarm_notify\":\"\"}","enabled":1,"desc":null},{"innerid":"SE43RG3ASG-34GWW55A-34TG43HER452","name":"短信测试一","org_id":"1","shop_id":null,"settlement_id":null,"method_code":2,"method_code_key":"wechat_test1_2","function_mask":"10","config":"{\"url\" : \"http://211.147.239.62:9050/cgi-bin/sendsms\",\"username\" : \"shopperconnect@smartac\",\"password\" : \"shopCNT@smartc2016\"}","enabled":1,"desc":null},{"innerid":"SMFGSW423GWS-G43HTEHE2-HHEDR5462HS","name":"邮件测试一","org_id":"1","shop_id":null,"settlement_id":null,"method_code":3,"method_code_key":"wechat_test1_3","function_mask":"10","config":"{\"smtpserver\" : \"smtp.163.com\",\"port\": 25,\"username\" : \"zyqtest5@163.com\",\"password\" : \"zyqtest5881119\",\"SSL\":false}","enabled":1,"desc":null}]
[W] 16:02:26.644(0000000000165480):try restart worker 2# ...
[I] 16:02:26.675(0000000000165480):start worker success,pid=189B4C(2#)
[I] 16:02:26.650(0000000000186610):[AMQP0]AMQP0 connect 'amqp://guest:guest@172.16.0.81:5672' success!
[I] 16:02:26.669(0000000000186610):[AMQP0]success declare queue 'cf.rpc.08c6bf90a29111e78a9583d3075cf070'
[I] 16:02:26.672(0000000000186610):[AMQP0]success consume 'cf.rpc.08c6bf90a29111e78a9583d3075cf070'
[I] 16:02:26.675(0000000000186610):[AMQP0]success binding 'amq.direct'->'cf.rpc.08c6bf90a29111e78a9583d3075cf070'(cf.rpc.08c6bf90a29111e78a9583d3075cf070)
[I] 16:02:26.679(0000000000186610):[AMQP0]success declare queue 'cf.wechat.rpc.08da2080a29111e78a9583d3075cf070'
[I] 16:02:26.681(0000000000186610):[AMQP0]success consume 'cf.wechat.rpc.08da2080a29111e78a9583d3075cf070'
[I] 16:02:26.689(0000000000186610):[AMQP0]success binding 'amq.direct'->'cf.wechat.rpc.08da2080a29111e78a9583d3075cf070'(cf.wechat.rpc.08da2080a29111e78a9583d3075cf070)
[I] 16:02:26.691(0000000000186610):[AMQP0]success declare exchange 'cf.wechat.notify'
[I] 16:02:26.696(0000000000186610):[AMQP0]success declare queue 'jiaxingwang.sc_admin.wechat.08e56b20a29111e78a9583d3075cf070'
[I] 16:02:26.699(0000000000186610):[AMQP0]success consume 'jiaxingwang.sc_admin.wechat.08e56b20a29111e78a9583d3075cf070'
[I] 16:02:26.702(0000000000186610):[AMQP0]success binding 'cf.wechat.notify'->'jiaxingwang.sc_admin.wechat.08e56b20a29111e78a9583d3075cf070'(#)
[I] 16:02:26.705(0000000000186610):[AMQP0]success declare queue 'cf.app.rpc.08e59230a29111e78a9583d3075cf070'
[I] 16:02:26.707(0000000000186610):[AMQP0]success consume 'cf.app.rpc.08e59230a29111e78a9583d3075cf070'
[I] 16:02:26.710(0000000000186610):[AMQP0]success binding 'amq.direct'->'cf.app.rpc.08e59230a29111e78a9583d3075cf070'(cf.app.rpc.08e59230a29111e78a9583d3075cf070)
[I] 16:02:26.715(0000000000186610):[AMQP0]success declare queue 'cf.alipay.rpc.08e6a3a0a29111e78a9583d3075cf070'
[I] 16:02:26.718(0000000000186610):[AMQP0]success consume 'cf.alipay.rpc.08e6a3a0a29111e78a9583d3075cf070'
[I] 16:02:26.728(0000000000186610):[AMQP0]success binding 'amq.direct'->'cf.alipay.rpc.08e6a3a0a29111e78a9583d3075cf070'(cf.alipay.rpc.08e6a3a0a29111e78a9583d3075cf070)
[I] 16:02:26.735(0000000000186610):[AMQP0]success declare queue 'cf.ding.rpc.08e80330a29111e78a9583d3075cf070'
[I] 16:02:26.745(0000000000186610):[AMQP0]success consume 'cf.ding.rpc.08e80330a29111e78a9583d3075cf070'
[I] 16:02:26.749(0000000000186610):[AMQP0]success binding 'amq.direct'->'cf.ding.rpc.08e80330a29111e78a9583d3075cf070'(cf.ding.rpc.08e80330a29111e78a9583d3075cf070)
[I] 16:02:26.751(0000000000186610):[AMQP0]success declare exchange 'cf.ding.notify'
[I] 16:02:26.754(0000000000186610):[AMQP0]success declare queue 'jiaxingwang.sc_admin.ding.08ea2610a29111e78a9583d3075cf070'
[I] 16:02:26.756(0000000000186610):[AMQP0]success consume 'jiaxingwang.sc_admin.ding.08ea2610a29111e78a9583d3075cf070'
[I] 16:02:26.759(0000000000186610):[AMQP0]success binding 'cf.ding.notify'->'jiaxingwang.sc_admin.ding.08ea2610a29111e78a9583d3075cf070'(#)
[I] 16:02:26.763(0000000000186610):[AMQP0]success declare queue 'sr.customer.rpc.08eb5e90a29111e78a9583d3075cf070'
[I] 16:02:26.765(0000000000186610):[AMQP0]success consume 'sr.customer.rpc.08eb5e90a29111e78a9583d3075cf070'
[I] 16:02:26.767(0000000000186610):[AMQP0]success binding 'amq.direct'->'sr.customer.rpc.08eb5e90a29111e78a9583d3075cf070'(sr.customer.rpc.08eb5e90a29111e78a9583d3075cf070)
[I] 16:02:27.255(000000000017F6B0):[AMQP0]created
[I] 16:02:27.264(000000000017F6B0):[AMQP0]declare queue 'cf.rpc.09927400a29111e7a9f91d91781ea9c7'
[I] 16:02:27.266(000000000017F6B0):[RPCC:cf.rpc]create rpc client 'cf.rpc' in conn AMQP0
[I] 16:02:27.375(000000000017F6B0):PBEncoder success load file 'E:\product\protocol\cf.proto.js'
[I] 16:02:27.376(000000000017F6B0):[AMQP0]declare queue 'cf.wechat.rpc.09a38b00a29111e7a9f91d91781ea9c7'
[I] 16:02:27.376(000000000017F6B0):[RPCC:cf.wechat.rpc]create rpc client 'cf.wechat.rpc' in conn AMQP0
[I] 16:02:27.435(000000000017F6B0):PBEncoder success load file 'E:\product\protocol\cf_wechat.proto.js'
[I] 16:02:27.436(000000000017F6B0):[AMQP0]declare exchange 'cf.wechat.notify'
[I] 16:02:27.437(000000000017F6B0):[AMQP0]declare queue 'jiaxingwang.sc_admin.wechat.09acd9d0a29111e7a9f91d91781ea9c7'
[I] 16:02:27.437(000000000017F6B0):[AMQP0]declare queue 'cf.app.rpc.09acd9d1a29111e7a9f91d91781ea9c7'
[I] 16:02:27.438(000000000017F6B0):[RPCC:cf.app.rpc]create rpc client 'cf.app.rpc' in conn AMQP0
[I] 16:02:27.443(000000000017F6B0):PBEncoder success load file 'E:\product\protocol\cf_app.proto.js'
[I] 16:02:27.443(000000000017F6B0):[AMQP0]declare queue 'cf.alipay.rpc.09adc430a29111e7a9f91d91781ea9c7'
[I] 16:02:27.444(000000000017F6B0):[RPCC:cf.alipay.rpc]create rpc client 'cf.alipay.rpc' in conn AMQP0
[I] 16:02:27.451(000000000017F6B0):PBEncoder success load file 'E:\product\protocol\cf_alipay.proto.js'
[I] 16:02:27.451(000000000017F6B0):[AMQP0]declare queue 'cf.ding.rpc.09aefcb0a29111e7a9f91d91781ea9c7'
[I] 16:02:27.451(000000000017F6B0):[RPCC:cf.ding.rpc]create rpc client 'cf.ding.rpc' in conn AMQP0
[I] 16:02:27.462(000000000017F6B0):PBEncoder success load file 'E:\product\protocol\cf_ding.proto.js'
[I] 16:02:27.463(000000000017F6B0):[AMQP0]declare exchange 'cf.ding.notify'
[I] 16:02:27.463(000000000017F6B0):[AMQP0]declare queue 'jiaxingwang.sc_admin.ding.09b0d170a29111e7a9f91d91781ea9c7'
[I] 16:02:27.463(000000000017F6B0):[AM]init and reload account!
[I] 16:02:27.468(000000000017F6B0):[AM]reload account success, account number is: 0
[I] 16:02:27.472(000000000017F6B0):[AMQP0]declare queue 'sr.customer.rpc.09b209f0a29111e7a9f91d91781ea9c7'
[I] 16:02:27.472(000000000017F6B0):[RPCC:sr.customer.rpc]create rpc client 'sr.customer.rpc' in conn AMQP0
[I] 16:02:27.480(000000000017F6B0):PBEncoder success load file 'E:\product\protocol\sr_customer.proto.js'
[W] 16:02:27.481(000000000017F6B0):[AMQP0]rpc client 'cf.rpc' declare repeat!
[W] 16:02:27.481(000000000017F6B0):[AMQP0]rpc client 'cf.wechat.rpc' declare repeat!
[W] 16:02:27.482(000000000017F6B0):[AMQP0]rpc client 'cf.app.rpc' declare repeat!
[D] 16:02:27.522(0000000000165480):worker process log socket connected!
[D] 16:02:27.514(0000000000189B4C):worker 2# ready to connect master log socket server, port=31726
[D] 16:02:27.524(0000000000189B4C):worker 2# log socket connected!
[I] 16:02:27.685(000000000017F6B0):PBEncoder success load file 'E:\product\protocol\sc_system.proto.js'
[E] 16:02:27.845(000000000017F6B0):Global caught exception: SyntaxError: Block-scoped declarations (let, const, function, class) not yet supported outside strict mode
    at exports.runInThisContext (vm.js:53:16)
    at Module._compile (module.js:387:25)
    at Object.Module._extensions..js (module.js:422:10)
    at Module.load (module.js:357:32)
    at Function.Module._load (module.js:314:12)
    at Module.require (module.js:367:17)
    at require (internal/module.js:16:19)
    at Object.<anonymous> (E:\product\scAdmin\js\sc\router\user.js:25:36)
    at Module._compile (module.js:413:34)
    at Object.Module._extensions..js (module.js:422:10)
    at Module.load (module.js:357:32)
    at Function.Module._load (module.js:314:12)
    at Module.require (module.js:367:17)
    at require (internal/module.js:16:19)
    at loadFile (E:\product\scAdmin\js\module_manager.js:35:20)
    at E:\product\scAdmin\js\module_manager.js:83:17
    at Array.forEach (native)
    at Object.readdir (E:\product\scAdmin\js\module_manager.js:71:11)
    at Object.<anonymous> (E:\product\scAdmin\js\sc\module_main.js:8:12)
    at Module._compile (module.js:413:34)
    at Object.Module._extensions..js (module.js:422:10)
    at Module.load (module.js:357:32)
    at Function.Module._load (module.js:314:12)
    at Module.require (module.js:367:17)
    at require (internal/module.js:16:19)
    at E:\product\scAdmin\js\module_manager.js:28:9
    at Array.forEach (native)
    at Object.exports.loadRoute (E:\product\scAdmin\js\module_manager.js:18:13)
[I] 16:02:27.853(000000000017F6B0):[redis]redis connect
[I] 16:02:27.864(000000000017F6B0):[redis]redis ready
[I] 16:02:27.866(000000000017F6B0):[MP1]create connection #0
[T] 16:02:27.867(000000000017F6B0):[MP1]getConnection success,getIndex=0
[I] 16:02:27.868(000000000017F6B0):[MP1]create connection #1
[T] 16:02:27.868(000000000017F6B0):[MP1]getConnection success,getIndex=1
[T] 16:02:27.874(000000000017F6B0):[MySQL]Query success,used time:5 ms,sql="select * from cf_account where enabled=1 and function_mask like \"1%\""
[T] 16:02:27.881(000000000017F6B0):[MySQL]Query success,used time:10 ms,sql="SELECT * FROM `sc_org`"
[T] 16:02:27.882(000000000017F6B0):getConnection release,getIndex=0
[T] 16:02:27.884(000000000017F6B0):getConnection release,getIndex=1
[I] 16:02:27.884(000000000017F6B0):[AM]get account list success: [{"innerid":"HEDV35FASG-DGW423A-34TGGW53AAD66","name":"乐逛演示","org_id":"1","shop_id":null,"settlement_id":null,"method_code":1,"method_code_key":"wechat_test3_1","function_mask":"10","config":"{\"accountid\":\"gh_92368265694f\",\"fee_type\":\"CNY\",\"appid\":\"wx39bf9ff3da6fc1e7\",\"appsecret\":\"e00fc51118b318fb99cff35d217865fc\",\"mch_id\":\"1287801701\",\"sub_mch_id\":\"\",\"sign_key\":\"smartpaysmartpaysmartpaysmartpay\",\"key_file\":\"apiclient_key.pem\",\"cert_file\":\"apiclient_cert.pem\",\"pay_authorization_dir\":[\"\",\"\",\"\"],\"pay_native_callback\":\"\",\"pay_finish_notify\":\"1\",\"pay_alarm_notify\":\"\"}","enabled":1,"desc":null},{"innerid":"SE43RG3ASG-34GWW55A-34TG43HER452","name":"短信测试一","org_id":"1","shop_id":null,"settlement_id":null,"method_code":2,"method_code_key":"wechat_test1_2","function_mask":"10","config":"{\"url\" : \"http://211.147.239.62:9050/cgi-bin/sendsms\",\"username\" : \"shopperconnect@smartac\",\"password\" : \"shopCNT@smartc2016\"}","enabled":1,"desc":null},{"innerid":"SMFGSW423GWS-G43HTEHE2-HHEDR5462HS","name":"邮件测试一","org_id":"1","shop_id":null,"settlement_id":null,"method_code":3,"method_code_key":"wechat_test1_3","function_mask":"10","config":"{\"smtpserver\" : \"smtp.163.com\",\"port\": 25,\"username\" : \"zyqtest5@163.com\",\"password\" : \"zyqtest5881119\",\"SSL\":false}","enabled":1,"desc":null}]
[I] 16:02:27.916(000000000017F6B0):[AMQP0]AMQP0 connect 'amqp://guest:guest@172.16.0.81:5672' success!
[I] 16:02:27.928(000000000017F6B0):[AMQP0]success declare queue 'cf.rpc.09927400a29111e7a9f91d91781ea9c7'
[I] 16:02:27.931(000000000017F6B0):[AMQP0]success consume 'cf.rpc.09927400a29111e7a9f91d91781ea9c7'
[I] 16:02:27.941(000000000017F6B0):[AMQP0]success binding 'amq.direct'->'cf.rpc.09927400a29111e7a9f91d91781ea9c7'(cf.rpc.09927400a29111e7a9f91d91781ea9c7)
[I] 16:02:27.945(000000000017F6B0):[AMQP0]success declare queue 'cf.wechat.rpc.09a38b00a29111e7a9f91d91781ea9c7'
[I] 16:02:27.947(000000000017F6B0):[AMQP0]success consume 'cf.wechat.rpc.09a38b00a29111e7a9f91d91781ea9c7'
[I] 16:02:27.950(000000000017F6B0):[AMQP0]success binding 'amq.direct'->'cf.wechat.rpc.09a38b00a29111e7a9f91d91781ea9c7'(cf.wechat.rpc.09a38b00a29111e7a9f91d91781ea9c7)
[I] 16:02:27.952(000000000017F6B0):[AMQP0]success declare exchange 'cf.wechat.notify'
[I] 16:02:27.956(000000000017F6B0):[AMQP0]success declare queue 'jiaxingwang.sc_admin.wechat.09acd9d0a29111e7a9f91d91781ea9c7'
[I] 16:02:27.958(000000000017F6B0):[AMQP0]success consume 'jiaxingwang.sc_admin.wechat.09acd9d0a29111e7a9f91d91781ea9c7'
[I] 16:02:27.960(000000000017F6B0):[AMQP0]success binding 'cf.wechat.notify'->'jiaxingwang.sc_admin.wechat.09acd9d0a29111e7a9f91d91781ea9c7'(#)
[I] 16:02:27.964(000000000017F6B0):[AMQP0]success declare queue 'cf.app.rpc.09acd9d1a29111e7a9f91d91781ea9c7'
[I] 16:02:27.966(000000000017F6B0):[AMQP0]success consume 'cf.app.rpc.09acd9d1a29111e7a9f91d91781ea9c7'
[I] 16:02:27.968(000000000017F6B0):[AMQP0]success binding 'amq.direct'->'cf.app.rpc.09acd9d1a29111e7a9f91d91781ea9c7'(cf.app.rpc.09acd9d1a29111e7a9f91d91781ea9c7)
[I] 16:02:27.973(000000000017F6B0):[AMQP0]success declare queue 'cf.alipay.rpc.09adc430a29111e7a9f91d91781ea9c7'
[I] 16:02:27.975(000000000017F6B0):[AMQP0]success consume 'cf.alipay.rpc.09adc430a29111e7a9f91d91781ea9c7'
[I] 16:02:27.977(000000000017F6B0):[AMQP0]success binding 'amq.direct'->'cf.alipay.rpc.09adc430a29111e7a9f91d91781ea9c7'(cf.alipay.rpc.09adc430a29111e7a9f91d91781ea9c7)
[I] 16:02:27.981(000000000017F6B0):[AMQP0]success declare queue 'cf.ding.rpc.09aefcb0a29111e7a9f91d91781ea9c7'
[I] 16:02:27.982(000000000017F6B0):[AMQP0]success consume 'cf.ding.rpc.09aefcb0a29111e7a9f91d91781ea9c7'
[I] 16:02:27.985(000000000017F6B0):[AMQP0]success binding 'amq.direct'->'cf.ding.rpc.09aefcb0a29111e7a9f91d91781ea9c7'(cf.ding.rpc.09aefcb0a29111e7a9f91d91781ea9c7)
[I] 16:02:27.986(000000000017F6B0):[AMQP0]success declare exchange 'cf.ding.notify'
[I] 16:02:27.990(000000000017F6B0):[AMQP0]success declare queue 'jiaxingwang.sc_admin.ding.09b0d170a29111e7a9f91d91781ea9c7'
[I] 16:02:27.992(000000000017F6B0):[AMQP0]success consume 'jiaxingwang.sc_admin.ding.09b0d170a29111e7a9f91d91781ea9c7'
[I] 16:02:27.995(000000000017F6B0):[AMQP0]success binding 'cf.ding.notify'->'jiaxingwang.sc_admin.ding.09b0d170a29111e7a9f91d91781ea9c7'(#)
[I] 16:02:27.999(000000000017F6B0):[AMQP0]success declare queue 'sr.customer.rpc.09b209f0a29111e7a9f91d91781ea9c7'
[I] 16:02:28.001(000000000017F6B0):[AMQP0]success consume 'sr.customer.rpc.09b209f0a29111e7a9f91d91781ea9c7'
[I] 16:02:28.003(000000000017F6B0):[AMQP0]success binding 'amq.direct'->'sr.customer.rpc.09b209f0a29111e7a9f91d91781ea9c7'(sr.customer.rpc.09b209f0a29111e7a9f91d91781ea9c7)
[I] 16:02:28.084(0000000000189B4C):[AMQP0]created
[I] 16:02:28.094(0000000000189B4C):[AMQP0]declare queue 'cf.rpc.0a10f2d0a29111e7920199b5d9b8f748'
[I] 16:02:28.095(0000000000189B4C):[RPCC:cf.rpc]create rpc client 'cf.rpc' in conn AMQP0
[I] 16:02:28.200(0000000000189B4C):PBEncoder success load file 'E:\product\protocol\cf.proto.js'
[I] 16:02:28.201(0000000000189B4C):[AMQP0]declare queue 'cf.wechat.rpc.0a216d90a29111e7920199b5d9b8f748'
[I] 16:02:28.202(0000000000189B4C):[RPCC:cf.wechat.rpc]create rpc client 'cf.wechat.rpc' in conn AMQP0
[I] 16:02:28.258(0000000000189B4C):PBEncoder success load file 'E:\product\protocol\cf_wechat.proto.js'
[I] 16:02:28.259(0000000000189B4C):[AMQP0]declare exchange 'cf.wechat.notify'
[I] 16:02:28.259(0000000000189B4C):[AMQP0]declare queue 'jiaxingwang.sc_admin.wechat.0a2a4730a29111e7920199b5d9b8f748'
[I] 16:02:28.259(0000000000189B4C):[AMQP0]declare queue 'cf.app.rpc.0a2a4731a29111e7920199b5d9b8f748'
[I] 16:02:28.259(0000000000189B4C):[RPCC:cf.app.rpc]create rpc client 'cf.app.rpc' in conn AMQP0
[I] 16:02:28.264(0000000000189B4C):PBEncoder success load file 'E:\product\protocol\cf_app.proto.js'
[I] 16:02:28.264(0000000000189B4C):[AMQP0]declare queue 'cf.alipay.rpc.0a2b0a80a29111e7920199b5d9b8f748'
[I] 16:02:28.264(0000000000189B4C):[RPCC:cf.alipay.rpc]create rpc client 'cf.alipay.rpc' in conn AMQP0
[I] 16:02:28.272(0000000000189B4C):PBEncoder success load file 'E:\product\protocol\cf_alipay.proto.js'
[I] 16:02:28.272(0000000000189B4C):[AMQP0]declare queue 'cf.ding.rpc.0a2c4300a29111e7920199b5d9b8f748'
[I] 16:02:28.272(0000000000189B4C):[RPCC:cf.ding.rpc]create rpc client 'cf.ding.rpc' in conn AMQP0
[I] 16:02:28.283(0000000000189B4C):PBEncoder success load file 'E:\product\protocol\cf_ding.proto.js'
[I] 16:02:28.283(0000000000189B4C):[AMQP0]declare exchange 'cf.ding.notify'
[I] 16:02:28.283(0000000000189B4C):[AMQP0]declare queue 'jiaxingwang.sc_admin.ding.0a2df0b0a29111e7920199b5d9b8f748'
[I] 16:02:28.283(0000000000189B4C):[AM]init and reload account!
[I] 16:02:28.287(0000000000189B4C):[AM]reload account success, account number is: 0
[I] 16:02:28.290(0000000000189B4C):[AMQP0]declare queue 'sr.customer.rpc.0a2f0220a29111e7920199b5d9b8f748'
[I] 16:02:28.290(0000000000189B4C):[RPCC:sr.customer.rpc]create rpc client 'sr.customer.rpc' in conn AMQP0
[I] 16:02:28.298(0000000000189B4C):PBEncoder success load file 'E:\product\protocol\sr_customer.proto.js'
[W] 16:02:28.298(0000000000189B4C):[AMQP0]rpc client 'cf.rpc' declare repeat!
[W] 16:02:28.299(0000000000189B4C):[AMQP0]rpc client 'cf.wechat.rpc' declare repeat!
[W] 16:02:28.299(0000000000189B4C):[AMQP0]rpc client 'cf.app.rpc' declare repeat!
[I] 16:02:28.465(0000000000189B4C):PBEncoder success load file 'E:\product\protocol\sc_system.proto.js'
[E] 16:02:28.609(0000000000189B4C):Global caught exception: SyntaxError: Block-scoped declarations (let, const, function, class) not yet supported outside strict mode
    at exports.runInThisContext (vm.js:53:16)
    at Module._compile (module.js:387:25)
    at Object.Module._extensions..js (module.js:422:10)
    at Module.load (module.js:357:32)
    at Function.Module._load (module.js:314:12)
    at Module.require (module.js:367:17)
    at require (internal/module.js:16:19)
    at Object.<anonymous> (E:\product\scAdmin\js\sc\router\user.js:25:36)
    at Module._compile (module.js:413:34)
    at Object.Module._extensions..js (module.js:422:10)
    at Module.load (module.js:357:32)
    at Function.Module._load (module.js:314:12)
    at Module.require (module.js:367:17)
    at require (internal/module.js:16:19)
    at loadFile (E:\product\scAdmin\js\module_manager.js:35:20)
    at E:\product\scAdmin\js\module_manager.js:83:17
    at Array.forEach (native)
    at Object.readdir (E:\product\scAdmin\js\module_manager.js:71:11)
    at Object.<anonymous> (E:\product\scAdmin\js\sc\module_main.js:8:12)
    at Module._compile (module.js:413:34)
    at Object.Module._extensions..js (module.js:422:10)
    at Module.load (module.js:357:32)
    at Function.Module._load (module.js:314:12)
    at Module.require (module.js:367:17)
    at require (internal/module.js:16:19)
    at E:\product\scAdmin\js\module_manager.js:28:9
    at Array.forEach (native)
    at Object.exports.loadRoute (E:\product\scAdmin\js\module_manager.js:18:13)
[I] 16:02:28.616(0000000000189B4C):[redis]redis connect
[I] 16:02:28.628(0000000000189B4C):[redis]redis ready
[I] 16:02:28.630(0000000000189B4C):[MP1]create connection #0
[T] 16:02:28.631(0000000000189B4C):[MP1]getConnection success,getIndex=0
[I] 16:02:28.631(0000000000189B4C):[MP1]create connection #1
[T] 16:02:28.632(0000000000189B4C):[MP1]getConnection success,getIndex=1
[T] 16:02:28.637(0000000000189B4C):[MySQL]Query success,used time:5 ms,sql="select * from cf_account where enabled=1 and function_mask like \"1%\""
[T] 16:02:28.644(0000000000189B4C):[MySQL]Query success,used time:11 ms,sql="SELECT * FROM `sc_org`"
[T] 16:02:28.645(0000000000189B4C):getConnection release,getIndex=0
[T] 16:02:28.648(0000000000189B4C):getConnection release,getIndex=1
[I] 16:02:28.648(0000000000189B4C):[AM]get account list success: [{"innerid":"HEDV35FASG-DGW423A-34TGGW53AAD66","name":"乐逛演示","org_id":"1","shop_id":null,"settlement_id":null,"method_code":1,"method_code_key":"wechat_test3_1","function_mask":"10","config":"{\"accountid\":\"gh_92368265694f\",\"fee_type\":\"CNY\",\"appid\":\"wx39bf9ff3da6fc1e7\",\"appsecret\":\"e00fc51118b318fb99cff35d217865fc\",\"mch_id\":\"1287801701\",\"sub_mch_id\":\"\",\"sign_key\":\"smartpaysmartpaysmartpaysmartpay\",\"key_file\":\"apiclient_key.pem\",\"cert_file\":\"apiclient_cert.pem\",\"pay_authorization_dir\":[\"\",\"\",\"\"],\"pay_native_callback\":\"\",\"pay_finish_notify\":\"1\",\"pay_alarm_notify\":\"\"}","enabled":1,"desc":null},{"innerid":"SE43RG3ASG-34GWW55A-34TG43HER452","name":"短信测试一","org_id":"1","shop_id":null,"settlement_id":null,"method_code":2,"method_code_key":"wechat_test1_2","function_mask":"10","config":"{\"url\" : \"http://211.147.239.62:9050/cgi-bin/sendsms\",\"username\" : \"shopperconnect@smartac\",\"password\" : \"shopCNT@smartc2016\"}","enabled":1,"desc":null},{"innerid":"SMFGSW423GWS-G43HTEHE2-HHEDR5462HS","name":"邮件测试一","org_id":"1","shop_id":null,"settlement_id":null,"method_code":3,"method_code_key":"wechat_test1_3","function_mask":"10","config":"{\"smtpserver\" : \"smtp.163.com\",\"port\": 25,\"username\" : \"zyqtest5@163.com\",\"password\" : \"zyqtest5881119\",\"SSL\":false}","enabled":1,"desc":null}]
[I] 16:02:28.678(0000000000189B4C):[AMQP0]AMQP0 connect 'amqp://guest:guest@172.16.0.81:5672' success!
[I] 16:02:28.691(0000000000189B4C):[AMQP0]success declare queue 'cf.rpc.0a10f2d0a29111e7920199b5d9b8f748'
[I] 16:02:28.694(0000000000189B4C):[AMQP0]success consume 'cf.rpc.0a10f2d0a29111e7920199b5d9b8f748'
[I] 16:02:28.696(0000000000189B4C):[AMQP0]success binding 'amq.direct'->'cf.rpc.0a10f2d0a29111e7920199b5d9b8f748'(cf.rpc.0a10f2d0a29111e7920199b5d9b8f748)
[I] 16:02:28.700(0000000000189B4C):[AMQP0]success declare queue 'cf.wechat.rpc.0a216d90a29111e7920199b5d9b8f748'
[I] 16:02:28.704(0000000000189B4C):[AMQP0]success consume 'cf.wechat.rpc.0a216d90a29111e7920199b5d9b8f748'
[I] 16:02:28.707(0000000000189B4C):[AMQP0]success binding 'amq.direct'->'cf.wechat.rpc.0a216d90a29111e7920199b5d9b8f748'(cf.wechat.rpc.0a216d90a29111e7920199b5d9b8f748)
[I] 16:02:28.709(0000000000189B4C):[AMQP0]success declare exchange 'cf.wechat.notify'
[I] 16:02:28.718(0000000000189B4C):[AMQP0]success declare queue 'jiaxingwang.sc_admin.wechat.0a2a4730a29111e7920199b5d9b8f748'
[I] 16:02:28.727(0000000000189B4C):[AMQP0]success consume 'jiaxingwang.sc_admin.wechat.0a2a4730a29111e7920199b5d9b8f748'
[I] 16:02:28.733(0000000000189B4C):[AMQP0]success binding 'cf.wechat.notify'->'jiaxingwang.sc_admin.wechat.0a2a4730a29111e7920199b5d9b8f748'(#)
[I] 16:02:28.745(0000000000189B4C):[AMQP0]success declare queue 'cf.app.rpc.0a2a4731a29111e7920199b5d9b8f748'
[I] 16:02:28.754(0000000000189B4C):[AMQP0]success consume 'cf.app.rpc.0a2a4731a29111e7920199b5d9b8f748'
[I] 16:02:28.759(0000000000189B4C):[AMQP0]success binding 'amq.direct'->'cf.app.rpc.0a2a4731a29111e7920199b5d9b8f748'(cf.app.rpc.0a2a4731a29111e7920199b5d9b8f748)
[I] 16:02:28.764(0000000000189B4C):[AMQP0]success declare queue 'cf.alipay.rpc.0a2b0a80a29111e7920199b5d9b8f748'
[I] 16:02:28.768(0000000000189B4C):[AMQP0]success consume 'cf.alipay.rpc.0a2b0a80a29111e7920199b5d9b8f748'
[I] 16:02:28.770(0000000000189B4C):[AMQP0]success binding 'amq.direct'->'cf.alipay.rpc.0a2b0a80a29111e7920199b5d9b8f748'(cf.alipay.rpc.0a2b0a80a29111e7920199b5d9b8f748)
[I] 16:02:28.774(0000000000189B4C):[AMQP0]success declare queue 'cf.ding.rpc.0a2c4300a29111e7920199b5d9b8f748'
[I] 16:02:28.777(0000000000189B4C):[AMQP0]success consume 'cf.ding.rpc.0a2c4300a29111e7920199b5d9b8f748'
[I] 16:02:28.779(0000000000189B4C):[AMQP0]success binding 'amq.direct'->'cf.ding.rpc.0a2c4300a29111e7920199b5d9b8f748'(cf.ding.rpc.0a2c4300a29111e7920199b5d9b8f748)
[I] 16:02:28.780(0000000000189B4C):[AMQP0]success declare exchange 'cf.ding.notify'
[I] 16:02:28.783(0000000000189B4C):[AMQP0]success declare queue 'jiaxingwang.sc_admin.ding.0a2df0b0a29111e7920199b5d9b8f748'
[I] 16:02:28.785(0000000000189B4C):[AMQP0]success consume 'jiaxingwang.sc_admin.ding.0a2df0b0a29111e7920199b5d9b8f748'
[I] 16:02:28.787(0000000000189B4C):[AMQP0]success binding 'cf.ding.notify'->'jiaxingwang.sc_admin.ding.0a2df0b0a29111e7920199b5d9b8f748'(#)
[I] 16:02:28.791(0000000000189B4C):[AMQP0]success declare queue 'sr.customer.rpc.0a2f0220a29111e7920199b5d9b8f748'
[I] 16:02:28.793(0000000000189B4C):[AMQP0]success consume 'sr.customer.rpc.0a2f0220a29111e7920199b5d9b8f748'
[I] 16:02:28.796(0000000000189B4C):[AMQP0]success binding 'amq.direct'->'sr.customer.rpc.0a2f0220a29111e7920199b5d9b8f748'(sr.customer.rpc.0a2f0220a29111e7920199b5d9b8f748)
[W] 16:02:32.266(0000000000165480):recv 'Ctrl+C' break sign!next exit!
[D] 16:02:32.271(0000000000165480):worker process log socket error!err=Error: read ECONNRESET
    at exports._errnoException (util.js:890:11)
    at TCP.onread (net.js:550:26)
[D] 16:02:32.272(0000000000165480):worker process log socket close!
[D] 16:02:32.273(0000000000165480):worker process log socket error!err=Error: read ECONNRESET
    at exports._errnoException (util.js:890:11)
    at TCP.onread (net.js:550:26)
[D] 16:02:32.273(0000000000165480):worker process log socket close!
[D] 16:02:32.274(0000000000165480):worker process log socket error!err=Error: read ECONNRESET
    at exports._errnoException (util.js:890:11)
    at TCP.onread (net.js:550:26)
[D] 16:02:32.274(0000000000165480):worker process log socket close!
[W] 16:02:32.280(0000000000165480):worker 189B4C(2#) died.
[W] 16:02:32.280(0000000000165480):worker 17F6B0(1#) died.
[W] 16:02:32.281(0000000000165480):worker 186610(0#) died.
[W] 16:02:32.713(0000000000165480):try restart worker 0# ...
[I] 16:02:32.793(0000000000165480):start worker success,pid=10ED1C(0#)
