[D] 13:15:31.740(00000000001EB6D0):master log socket server started! host=::, port=2839
[I] 13:15:31.752(00000000001EB6D0):master log channel started!port=2839
[I] 13:15:31.832(00000000001EB6D0):[AMQP0]created
[I] 13:15:31.838(00000000001EB6D0):[AMQP0]declare exchange 'sc.system'
[I] 13:15:31.839(00000000001EB6D0):[AMQP0]declare queue 'jiaxingwang.sc_admin.system.b7e9e0f0a27911e79b07a9ad8a4319ac'
[I] 13:15:31.951(00000000001EB6D0):PBEncoder success load file 'E:\product\protocol\sc_system.proto.js'
[W] 13:15:32.753(00000000001EB6D0):try restart worker 0# ...
[I] 13:15:32.768(00000000001EB6D0):start worker success,pid=1F9C7C(0#)
[D] 13:15:33.417(00000000001EB6D0):worker process log socket connected!
[D] 13:15:33.402(00000000001F9C7C):worker 0# ready to connect master log socket server, port=2839
[D] 13:15:33.411(00000000001F9C7C):worker 0# log socket connected!
[W] 13:15:33.784(00000000001EB6D0):try restart worker 1# ...
[I] 13:15:33.790(00000000001EB6D0):start worker success,pid=1F9980(1#)
[I] 13:15:33.930(00000000001F9C7C):[AMQP0]created
[I] 13:15:33.939(00000000001F9C7C):[AMQP0]declare queue 'cf.rpc.b92a2920a27911e786e8b53d580834e1'
[I] 13:15:33.940(00000000001F9C7C):[RPCC:cf.rpc]create rpc client 'cf.rpc' in conn AMQP0
[I] 13:15:34.052(00000000001F9C7C):PBEncoder success load file 'E:\product\protocol\cf.proto.js'
[I] 13:15:34.053(00000000001F9C7C):[AMQP0]declare queue 'cf.wechat.rpc.b93bb550a27911e786e8b53d580834e1'
[I] 13:15:34.053(00000000001F9C7C):[RPCC:cf.wechat.rpc]create rpc client 'cf.wechat.rpc' in conn AMQP0
[I] 13:15:34.122(00000000001F9C7C):PBEncoder success load file 'E:\product\protocol\cf_wechat.proto.js'
[I] 13:15:34.122(00000000001F9C7C):[AMQP0]declare exchange 'cf.wechat.notify'
[I] 13:15:34.123(00000000001F9C7C):[AMQP0]declare queue 'jiaxingwang.sc_admin.wechat.b94663b0a27911e786e8b53d580834e1'
[I] 13:15:34.123(00000000001F9C7C):[AMQP0]declare queue 'cf.app.rpc.b94663b1a27911e786e8b53d580834e1'
[I] 13:15:34.123(00000000001F9C7C):[RPCC:cf.app.rpc]create rpc client 'cf.app.rpc' in conn AMQP0
[I] 13:15:34.129(00000000001F9C7C):PBEncoder success load file 'E:\product\protocol\cf_app.proto.js'
[I] 13:15:34.129(00000000001F9C7C):[AMQP0]declare queue 'cf.alipay.rpc.b9474e10a27911e786e8b53d580834e1'
[I] 13:15:34.130(00000000001F9C7C):[RPCC:cf.alipay.rpc]create rpc client 'cf.alipay.rpc' in conn AMQP0
[I] 13:15:34.148(00000000001F9C7C):PBEncoder success load file 'E:\product\protocol\cf_alipay.proto.js'
[I] 13:15:34.149(00000000001F9C7C):[AMQP0]declare queue 'cf.ding.rpc.b94a5b50a27911e786e8b53d580834e1'
[I] 13:15:34.149(00000000001F9C7C):[RPCC:cf.ding.rpc]create rpc client 'cf.ding.rpc' in conn AMQP0
[I] 13:15:34.160(00000000001F9C7C):PBEncoder success load file 'E:\product\protocol\cf_ding.proto.js'
[I] 13:15:34.160(00000000001F9C7C):[AMQP0]declare exchange 'cf.ding.notify'
[I] 13:15:34.160(00000000001F9C7C):[AMQP0]declare queue 'jiaxingwang.sc_admin.ding.b94c0900a27911e786e8b53d580834e1'
[I] 13:15:34.160(00000000001F9C7C):[AM]init and reload account!
[I] 13:15:34.164(00000000001F9C7C):[AM]reload account success, account number is: 0
[I] 13:15:34.169(00000000001F9C7C):[AMQP0]declare queue 'sr.customer.rpc.b94d6890a27911e786e8b53d580834e1'
[I] 13:15:34.169(00000000001F9C7C):[RPCC:sr.customer.rpc]create rpc client 'sr.customer.rpc' in conn AMQP0
[I] 13:15:34.177(00000000001F9C7C):PBEncoder success load file 'E:\product\protocol\sr_customer.proto.js'
[W] 13:15:34.177(00000000001F9C7C):[AMQP0]rpc client 'cf.rpc' declare repeat!
[W] 13:15:34.178(00000000001F9C7C):[AMQP0]rpc client 'cf.wechat.rpc' declare repeat!
[W] 13:15:34.178(00000000001F9C7C):[AMQP0]rpc client 'cf.app.rpc' declare repeat!
[I] 13:15:34.182(00000000001F9C7C):[AMQP0]declare exchange 'sc.system'
[I] 13:15:34.183(00000000001F9C7C):[AMQP0]declare queue 'jiaxingwang.sc_admin.system.b94f8b70a27911e786e8b53d580834e1'
[I] 13:15:34.188(00000000001F9C7C):PBEncoder success load file 'E:\product\protocol\sc_system.proto.js'
[W] 13:15:34.397(00000000001F9C7C):[AMQP0]rpc client 'cf.wechat.rpc' declare repeat!
[D] 13:15:34.493(00000000001EB6D0):worker process log socket connected!
[D] 13:15:34.485(00000000001F9980):worker 1# ready to connect master log socket server, port=2839
[D] 13:15:34.494(00000000001F9980):worker 1# log socket connected!
[E] 13:15:34.539(00000000001F9C7C):Global caught exception: SyntaxError: Block-scoped declarations (let, const, function, class) not yet supported outside strict mode
    at exports.runInThisContext (vm.js:53:16)
    at Module._compile (module.js:387:25)
    at Object.Module._extensions..js (module.js:422:10)
    at Module.load (module.js:357:32)
    at Function.Module._load (module.js:314:12)
    at Module.require (module.js:367:17)
    at require (internal/module.js:16:19)
    at Object.<anonymous> (E:\product\scAdmin\js\sc\router\user.js:26:36)
    at Module._compile (module.js:413:34)
    at Object.Module._extensions..js (module.js:422:10)
    at Module.load (module.js:357:32)
    at Function.Module._load (module.js:314:12)
    at Module.require (module.js:367:17)
    at require (internal/module.js:16:19)
    at loadFile (E:\product\scAdmin\js\module_manager.js:35:20)
    at E:\product\scAdmin\js\module_manager.js:83:17
    at Array.forEach (native)
    at Object.readdir (E:\product\scAdmin\js\module_manager.js:71:11)
    at Object.<anonymous> (E:\product\scAdmin\js\sc\module_main.js:8:12)
    at Module._compile (module.js:413:34)
    at Object.Module._extensions..js (module.js:422:10)
    at Module.load (module.js:357:32)
    at Function.Module._load (module.js:314:12)
    at Module.require (module.js:367:17)
    at require (internal/module.js:16:19)
    at E:\product\scAdmin\js\module_manager.js:28:9
    at Array.forEach (native)
    at Object.exports.loadRoute (E:\product\scAdmin\js\module_manager.js:18:13)
[W] 13:15:34.796(00000000001EB6D0):try restart worker 2# ...
[I] 13:15:34.800(00000000001EB6D0):start worker success,pid=15754(2#)
[I] 13:15:34.997(00000000001F9980):[AMQP0]created
[I] 13:15:35.009(00000000001F9980):[AMQP0]declare queue 'cf.rpc.b9cd6e00a27911e787f0631d49743868'
[I] 13:15:35.009(00000000001F9980):[RPCC:cf.rpc]create rpc client 'cf.rpc' in conn AMQP0
[I] 13:15:35.116(00000000001F9980):PBEncoder success load file 'E:\product\protocol\cf.proto.js'
[I] 13:15:35.117(00000000001F9980):[AMQP0]declare queue 'cf.wechat.rpc.b9de0fd0a27911e787f0631d49743868'
[I] 13:15:35.117(00000000001F9980):[RPCC:cf.wechat.rpc]create rpc client 'cf.wechat.rpc' in conn AMQP0
[I] 13:15:35.168(00000000001F9980):PBEncoder success load file 'E:\product\protocol\cf_wechat.proto.js'
[I] 13:15:35.169(00000000001F9980):[AMQP0]declare exchange 'cf.wechat.notify'
[I] 13:15:35.169(00000000001F9980):[AMQP0]declare queue 'jiaxingwang.sc_admin.wechat.b9e5ff10a27911e787f0631d49743868'
[I] 13:15:35.169(00000000001F9980):[AMQP0]declare queue 'cf.app.rpc.b9e5ff11a27911e787f0631d49743868'
[I] 13:15:35.169(00000000001F9980):[RPCC:cf.app.rpc]create rpc client 'cf.app.rpc' in conn AMQP0
[I] 13:15:35.175(00000000001F9980):PBEncoder success load file 'E:\product\protocol\cf_app.proto.js'
[I] 13:15:35.175(00000000001F9980):[AMQP0]declare queue 'cf.alipay.rpc.b9e6e970a27911e787f0631d49743868'
[I] 13:15:35.175(00000000001F9980):[RPCC:cf.alipay.rpc]create rpc client 'cf.alipay.rpc' in conn AMQP0
[I] 13:15:35.193(00000000001F9980):PBEncoder success load file 'E:\product\protocol\cf_alipay.proto.js'
[I] 13:15:35.194(00000000001F9980):[AMQP0]declare queue 'cf.ding.rpc.b9e9cfa0a27911e787f0631d49743868'
[I] 13:15:35.194(00000000001F9980):[RPCC:cf.ding.rpc]create rpc client 'cf.ding.rpc' in conn AMQP0
[I] 13:15:35.204(00000000001F9980):PBEncoder success load file 'E:\product\protocol\cf_ding.proto.js'
[I] 13:15:35.205(00000000001F9980):[AMQP0]declare exchange 'cf.ding.notify'
[I] 13:15:35.205(00000000001F9980):[AMQP0]declare queue 'jiaxingwang.sc_admin.ding.b9eb7d50a27911e787f0631d49743868'
[I] 13:15:35.206(00000000001F9980):[AM]init and reload account!
[I] 13:15:35.210(00000000001F9980):[AM]reload account success, account number is: 0
[I] 13:15:35.220(00000000001F9980):[AMQP0]declare queue 'sr.customer.rpc.b9edc740a27911e787f0631d49743868'
[I] 13:15:35.221(00000000001F9980):[RPCC:sr.customer.rpc]create rpc client 'sr.customer.rpc' in conn AMQP0
[I] 13:15:35.230(00000000001F9980):PBEncoder success load file 'E:\product\protocol\sr_customer.proto.js'
[W] 13:15:35.231(00000000001F9980):[AMQP0]rpc client 'cf.rpc' declare repeat!
[W] 13:15:35.232(00000000001F9980):[AMQP0]rpc client 'cf.wechat.rpc' declare repeat!
[W] 13:15:35.233(00000000001F9980):[AMQP0]rpc client 'cf.app.rpc' declare repeat!
[I] 13:15:35.237(00000000001F9980):[AMQP0]declare exchange 'sc.system'
[I] 13:15:35.239(00000000001F9980):[AMQP0]declare queue 'jiaxingwang.sc_admin.system.b9f0ad70a27911e787f0631d49743868'
[I] 13:15:35.244(00000000001F9980):PBEncoder success load file 'E:\product\protocol\sc_system.proto.js'
[W] 13:15:35.440(00000000001F9980):[AMQP0]rpc client 'cf.wechat.rpc' declare repeat!
[D] 13:15:35.472(00000000001EB6D0):worker process log socket connected!
[D] 13:15:35.458(0000000000015754):worker 2# ready to connect master log socket server, port=2839
[D] 13:15:35.474(0000000000015754):worker 2# log socket connected!
[E] 13:15:35.583(00000000001F9980):Global caught exception: SyntaxError: Block-scoped declarations (let, const, function, class) not yet supported outside strict mode
    at exports.runInThisContext (vm.js:53:16)
    at Module._compile (module.js:387:25)
    at Object.Module._extensions..js (module.js:422:10)
    at Module.load (module.js:357:32)
    at Function.Module._load (module.js:314:12)
    at Module.require (module.js:367:17)
    at require (internal/module.js:16:19)
    at Object.<anonymous> (E:\product\scAdmin\js\sc\router\user.js:26:36)
    at Module._compile (module.js:413:34)
    at Object.Module._extensions..js (module.js:422:10)
    at Module.load (module.js:357:32)
    at Function.Module._load (module.js:314:12)
    at Module.require (module.js:367:17)
    at require (internal/module.js:16:19)
    at loadFile (E:\product\scAdmin\js\module_manager.js:35:20)
    at E:\product\scAdmin\js\module_manager.js:83:17
    at Array.forEach (native)
    at Object.readdir (E:\product\scAdmin\js\module_manager.js:71:11)
    at Object.<anonymous> (E:\product\scAdmin\js\sc\module_main.js:8:12)
    at Module._compile (module.js:413:34)
    at Object.Module._extensions..js (module.js:422:10)
    at Module.load (module.js:357:32)
    at Function.Module._load (module.js:314:12)
    at Module.require (module.js:367:17)
    at require (internal/module.js:16:19)
    at E:\product\scAdmin\js\module_manager.js:28:9
    at Array.forEach (native)
    at Object.exports.loadRoute (E:\product\scAdmin\js\module_manager.js:18:13)
[I] 13:15:35.960(0000000000015754):[AMQP0]created
[I] 13:15:35.969(0000000000015754):[AMQP0]declare queue 'cf.rpc.ba5fea00a27911e78cfe29cba79e7fae'
[I] 13:15:35.969(0000000000015754):[RPCC:cf.rpc]create rpc client 'cf.rpc' in conn AMQP0
[I] 13:15:36.077(0000000000015754):PBEncoder success load file 'E:\product\protocol\cf.proto.js'
[I] 13:15:36.077(0000000000015754):[AMQP0]declare queue 'cf.wechat.rpc.ba708bd0a27911e78cfe29cba79e7fae'
[I] 13:15:36.078(0000000000015754):[RPCC:cf.wechat.rpc]create rpc client 'cf.wechat.rpc' in conn AMQP0
[I] 13:15:36.128(0000000000015754):PBEncoder success load file 'E:\product\protocol\cf_wechat.proto.js'
[I] 13:15:36.129(0000000000015754):[AMQP0]declare exchange 'cf.wechat.notify'
[I] 13:15:36.129(0000000000015754):[AMQP0]declare queue 'jiaxingwang.sc_admin.wechat.ba787b10a27911e78cfe29cba79e7fae'
[I] 13:15:36.130(0000000000015754):[AMQP0]declare queue 'cf.app.rpc.ba78a220a27911e78cfe29cba79e7fae'
[I] 13:15:36.130(0000000000015754):[RPCC:cf.app.rpc]create rpc client 'cf.app.rpc' in conn AMQP0
[I] 13:15:36.136(0000000000015754):PBEncoder success load file 'E:\product\protocol\cf_app.proto.js'
[I] 13:15:36.136(0000000000015754):[AMQP0]declare queue 'cf.alipay.rpc.ba798c80a27911e78cfe29cba79e7fae'
[I] 13:15:36.137(0000000000015754):[RPCC:cf.alipay.rpc]create rpc client 'cf.alipay.rpc' in conn AMQP0
[I] 13:15:36.155(0000000000015754):PBEncoder success load file 'E:\product\protocol\cf_alipay.proto.js'
[I] 13:15:36.156(0000000000015754):[AMQP0]declare queue 'cf.ding.rpc.ba7c99c0a27911e78cfe29cba79e7fae'
[I] 13:15:36.156(0000000000015754):[RPCC:cf.ding.rpc]create rpc client 'cf.ding.rpc' in conn AMQP0
[I] 13:15:36.166(0000000000015754):PBEncoder success load file 'E:\product\protocol\cf_ding.proto.js'
[I] 13:15:36.166(0000000000015754):[AMQP0]declare exchange 'cf.ding.notify'
[I] 13:15:36.166(0000000000015754):[AMQP0]declare queue 'jiaxingwang.sc_admin.ding.ba7e2060a27911e78cfe29cba79e7fae'
[I] 13:15:36.167(0000000000015754):[AM]init and reload account!
[I] 13:15:36.170(0000000000015754):[AM]reload account success, account number is: 0
[I] 13:15:36.173(0000000000015754):[AMQP0]declare queue 'sr.customer.rpc.ba7f31d0a27911e78cfe29cba79e7fae'
[I] 13:15:36.174(0000000000015754):[RPCC:sr.customer.rpc]create rpc client 'sr.customer.rpc' in conn AMQP0
[I] 13:15:36.181(0000000000015754):PBEncoder success load file 'E:\product\protocol\sr_customer.proto.js'
[W] 13:15:36.182(0000000000015754):[AMQP0]rpc client 'cf.rpc' declare repeat!
[W] 13:15:36.182(0000000000015754):[AMQP0]rpc client 'cf.wechat.rpc' declare repeat!
[W] 13:15:36.182(0000000000015754):[AMQP0]rpc client 'cf.app.rpc' declare repeat!
[I] 13:15:36.186(0000000000015754):[AMQP0]declare exchange 'sc.system'
[I] 13:15:36.186(0000000000015754):[AMQP0]declare queue 'jiaxingwang.sc_admin.system.ba812da0a27911e78cfe29cba79e7fae'
[I] 13:15:36.191(0000000000015754):PBEncoder success load file 'E:\product\protocol\sc_system.proto.js'
[W] 13:15:36.378(0000000000015754):[AMQP0]rpc client 'cf.wechat.rpc' declare repeat!
[E] 13:15:36.501(0000000000015754):Global caught exception: SyntaxError: Block-scoped declarations (let, const, function, class) not yet supported outside strict mode
    at exports.runInThisContext (vm.js:53:16)
    at Module._compile (module.js:387:25)
    at Object.Module._extensions..js (module.js:422:10)
    at Module.load (module.js:357:32)
    at Function.Module._load (module.js:314:12)
    at Module.require (module.js:367:17)
    at require (internal/module.js:16:19)
    at Object.<anonymous> (E:\product\scAdmin\js\sc\router\user.js:26:36)
    at Module._compile (module.js:413:34)
    at Object.Module._extensions..js (module.js:422:10)
    at Module.load (module.js:357:32)
    at Function.Module._load (module.js:314:12)
    at Module.require (module.js:367:17)
    at require (internal/module.js:16:19)
    at loadFile (E:\product\scAdmin\js\module_manager.js:35:20)
    at E:\product\scAdmin\js\module_manager.js:83:17
    at Array.forEach (native)
    at Object.readdir (E:\product\scAdmin\js\module_manager.js:71:11)
    at Object.<anonymous> (E:\product\scAdmin\js\sc\module_main.js:8:12)
    at Module._compile (module.js:413:34)
    at Object.Module._extensions..js (module.js:422:10)
    at Module.load (module.js:357:32)
    at Function.Module._load (module.js:314:12)
    at Module.require (module.js:367:17)
    at require (internal/module.js:16:19)
    at E:\product\scAdmin\js\module_manager.js:28:9
    at Array.forEach (native)
    at Object.exports.loadRoute (E:\product\scAdmin\js\module_manager.js:18:13)
[I] 13:15:37.196(00000000001F9C7C):[redis]redis close
[T] 13:15:37.198(00000000001F9C7C):[redis]redis reconnecting
[E] 13:15:37.200(00000000001F9C7C):redis error:cmd={}
[W] 13:15:37.325(00000000001EB6D0):recv 'Ctrl+C' break sign!next exit!
[D] 13:15:37.330(00000000001EB6D0):worker process log socket error!err=Error: read ECONNRESET
    at exports._errnoException (util.js:890:11)
    at TCP.onread (net.js:550:26)
[D] 13:15:37.331(00000000001EB6D0):worker process log socket close!
[D] 13:15:37.333(00000000001EB6D0):worker process log socket error!err=Error: read ECONNRESET
    at exports._errnoException (util.js:890:11)
    at TCP.onread (net.js:550:26)
[D] 13:15:37.333(00000000001EB6D0):worker process log socket close!
[D] 13:15:37.337(00000000001EB6D0):worker process log socket error!err=Error: read ECONNRESET
    at exports._errnoException (util.js:890:11)
    at TCP.onread (net.js:550:26)
[D] 13:15:37.337(00000000001EB6D0):worker process log socket close!
[W] 13:15:37.344(00000000001EB6D0):worker 15754(2#) died.
[W] 13:15:37.345(00000000001EB6D0):worker 1F9980(1#) died.
[W] 13:15:37.345(00000000001EB6D0):worker 1F9C7C(0#) died.
[W] 13:15:37.805(00000000001EB6D0):try restart worker 0# ...
[I] 13:15:37.810(00000000001EB6D0):start worker success,pid=1FE424(0#)
