[D] 16:45:02.284(000000000015AAA0):master log socket server started! host=::, port=39281
[I] 16:45:02.295(000000000015AAA0):master log channel started!port=39281
[W] 16:45:03.295(000000000015AAA0):try restart worker 0# ...
[I] 16:45:03.305(000000000015AAA0):start worker success,pid=16696C(0#)
[D] 16:45:03.957(000000000015AAA0):worker process log socket connected!
[D] 16:45:03.949(000000000016696C):worker 0# ready to connect master log socket server, port=39281
[D] 16:45:03.960(000000000016696C):worker 0# log socket connected!
[W] 16:45:04.315(000000000015AAA0):try restart worker 1# ...
[I] 16:45:04.322(000000000015AAA0):start worker success,pid=169DD4(1#)
[I] 16:45:04.491(000000000016696C):[AMQP0]created
[I] 16:45:04.500(000000000016696C):[AMQP0]declare queue 'cf.rpc.fdcd8c30a29611e791d5e18de3eed03b'
[I] 16:45:04.501(000000000016696C):[RPCC:cf.rpc]create rpc client 'cf.rpc' in conn AMQP0
[I] 16:45:04.611(000000000016696C):PBEncoder success load file 'E:\product\protocol\cf.proto.js'
[I] 16:45:04.611(000000000016696C):[AMQP0]declare queue 'cf.wechat.rpc.fddea330a29611e791d5e18de3eed03b'
[I] 16:45:04.612(000000000016696C):[RPCC:cf.wechat.rpc]create rpc client 'cf.wechat.rpc' in conn AMQP0
[I] 16:45:04.670(000000000016696C):PBEncoder success load file 'E:\product\protocol\cf_wechat.proto.js'
[I] 16:45:04.671(000000000016696C):[AMQP0]declare exchange 'cf.wechat.notify'
[I] 16:45:04.671(000000000016696C):[AMQP0]declare queue 'jiaxingwang.sc_admin.wechat.fde7caf0a29611e791d5e18de3eed03b'
[I] 16:45:04.672(000000000016696C):[AMQP0]declare queue 'cf.app.rpc.fde7f200a29611e791d5e18de3eed03b'
[I] 16:45:04.672(000000000016696C):[RPCC:cf.app.rpc]create rpc client 'cf.app.rpc' in conn AMQP0
[I] 16:45:04.677(000000000016696C):PBEncoder success load file 'E:\product\protocol\cf_app.proto.js'
[I] 16:45:04.677(000000000016696C):[AMQP0]declare queue 'cf.alipay.rpc.fde8b550a29611e791d5e18de3eed03b'
[I] 16:45:04.677(000000000016696C):[RPCC:cf.alipay.rpc]create rpc client 'cf.alipay.rpc' in conn AMQP0
[I] 16:45:04.685(000000000016696C):PBEncoder success load file 'E:\product\protocol\cf_alipay.proto.js'
[I] 16:45:04.685(000000000016696C):[AMQP0]declare queue 'cf.ding.rpc.fde9edd0a29611e791d5e18de3eed03b'
[I] 16:45:04.686(000000000016696C):[RPCC:cf.ding.rpc]create rpc client 'cf.ding.rpc' in conn AMQP0
[I] 16:45:04.697(000000000016696C):PBEncoder success load file 'E:\product\protocol\cf_ding.proto.js'
[I] 16:45:04.697(000000000016696C):[AMQP0]declare exchange 'cf.ding.notify'
[I] 16:45:04.697(000000000016696C):[AMQP0]declare queue 'jiaxingwang.sc_admin.ding.fdebc290a29611e791d5e18de3eed03b'
[I] 16:45:04.697(000000000016696C):[AM]init and reload account!
[I] 16:45:04.701(000000000016696C):[AM]reload account success, account number is: 0
[I] 16:45:04.704(000000000016696C):[AMQP0]declare queue 'sr.customer.rpc.fdecd400a29611e791d5e18de3eed03b'
[I] 16:45:04.705(000000000016696C):[RPCC:sr.customer.rpc]create rpc client 'sr.customer.rpc' in conn AMQP0
[I] 16:45:04.713(000000000016696C):PBEncoder success load file 'E:\product\protocol\sr_customer.proto.js'
[W] 16:45:04.713(000000000016696C):[AMQP0]rpc client 'cf.rpc' declare repeat!
[W] 16:45:04.714(000000000016696C):[AMQP0]rpc client 'cf.wechat.rpc' declare repeat!
[W] 16:45:04.714(000000000016696C):[AMQP0]rpc client 'cf.app.rpc' declare repeat!
[I] 16:45:04.877(000000000016696C):PBEncoder success load file 'E:\product\protocol\sc_system.proto.js'
[I] 16:45:04.927(000000000016696C):[AMQP1]created
[I] 16:45:04.927(000000000016696C):[AMQP1]declare exchange 'amq.direct'
[I] 16:45:04.928(000000000016696C):[AMQP1]declare queue 'cf.wechat.rpc.fe0f0200a29611e791d5e18de3eed03b'
[I] 16:45:04.928(000000000016696C):[RPCC:cf.wechat.rpc]create rpc client 'cf.wechat.rpc' in conn AMQP1
[I] 16:45:04.930(000000000016696C):[AMQP2]created
[I] 16:45:04.941(000000000016696C):[AMQP0]declare exchange 'amq.direct'
[I] 16:45:04.942(000000000016696C):[AMQP0]declare queue 'sc.task.rpc.fe10fdd0a29611e791d5e18de3eed03b'
[I] 16:45:04.942(000000000016696C):[RPCC:sc.task.rpc]create rpc client 'sc.task.rpc' in conn AMQP0
[I] 16:45:04.950(000000000016696C):PBEncoder success load file 'E:\product\protocol\sc_task.proto.js'
[I] 16:45:04.972(000000000016696C):[AMQP0]declare queue 'sr.customer.tag.rpc.fe15b8c0a29611e791d5e18de3eed03b'
[I] 16:45:04.973(000000000016696C):[RPCC:sr.customer.tag.rpc]create rpc client 'sr.customer.tag.rpc' in conn AMQP0
[I] 16:45:04.973(000000000016696C):[AMQP0]declare queue 'sr.customer.point.rpc.fe15dfd0a29611e791d5e18de3eed03b'
[I] 16:45:04.973(000000000016696C):[RPCC:sr.customer.point.rpc]create rpc client 'sr.customer.point.rpc' in conn AMQP0
[I] 16:45:04.982(000000000016696C):PBEncoder success load file 'E:\product\protocol\sr_customer_point.proto.js'
[I] 16:45:04.988(000000000016696C):PBEncoder success load file 'E:\product\protocol\sr_customer_tag.proto.js'
[W] 16:45:04.997(000000000016696C):[AMQP0]rpc client 'cf.wechat.rpc' declare repeat!
[I] 16:45:04.998(000000000016696C):[AMQP0]declare queue 'sr.customer.coupon_class.rpc.fe198950a29611e791d5e18de3eed03b'
[I] 16:45:04.998(000000000016696C):[RPCC:sr.customer.coupon_class.rpc]create rpc client 'sr.customer.coupon_class.rpc' in conn AMQP0
[I] 16:45:04.998(000000000016696C):[AMQP0]declare queue 'sr.customer.coupon.rpc.fe19b060a29611e791d5e18de3eed03b'
[I] 16:45:04.999(000000000016696C):[RPCC:sr.customer.coupon.rpc]create rpc client 'sr.customer.coupon.rpc' in conn AMQP0
[I] 16:45:05.010(000000000016696C):PBEncoder success load file 'E:\product\protocol\sr_customer_coupon.proto.js'
[W] 16:45:05.011(000000000016696C):[AMQP0]rpc client 'cf.wechat.rpc' declare repeat!
[I] 16:45:05.011(000000000016696C):[AMQP0]declare queue 'cf.wxpay.rpc.fe1bac30a29611e791d5e18de3eed03b'
[I] 16:45:05.011(000000000016696C):[RPCC:cf.wxpay.rpc]create rpc client 'cf.wxpay.rpc' in conn AMQP0
[I] 16:45:05.025(000000000016696C):PBEncoder success load file 'E:\product\protocol\cf_wxpay.proto.js'
[W] 16:45:05.025(000000000016696C):[AMQP0]rpc client 'sr.customer.point.rpc' declare repeat!
[W] 16:45:05.033(000000000016696C):[AMQP0]exchange amq.direct already declare!!
[W] 16:45:05.034(000000000016696C):[AMQP0]rpc client 'sr.customer.rpc' declare repeat!
[W] 16:45:05.034(000000000016696C):[AMQP0]rpc client 'sr.customer.coupon.rpc' declare repeat!
[W] 16:45:05.034(000000000016696C):[AMQP0]rpc client 'cf.wechat.rpc' declare repeat!
[W] 16:45:05.036(000000000016696C):[AMQP0]exchange amq.direct already declare!!
[I] 16:45:05.037(000000000016696C):[AMQP0]declare queue 'cf.baidu.rpc.fe1fa3d0a29611e791d5e18de3eed03b'
[I] 16:45:05.037(000000000016696C):[RPCC:cf.baidu.rpc]create rpc client 'cf.baidu.rpc' in conn AMQP0
[I] 16:45:05.041(000000000016696C):PBEncoder success load file 'E:\product\protocol\cf_baidu.proto.js'
[I] 16:45:05.047(000000000016696C):[AMQP3]created
[I] 16:45:05.056(000000000016696C):[AMQP4]created
[I] 16:45:05.057(000000000016696C):[AMQP4]declare exchange 'amq.direct'
[I] 16:45:05.057(000000000016696C):[AMQP4]declare queue 'cf.app.rpc.fe22b110a29611e791d5e18de3eed03b'
[I] 16:45:05.057(000000000016696C):[RPCC:cf.app.rpc]create rpc client 'cf.app.rpc' in conn AMQP4
[I] 16:45:05.058(000000000016696C):[AMQP4]declare queue 'cf.wechat.rpc.fe22d820a29611e791d5e18de3eed03b'
[I] 16:45:05.058(000000000016696C):[RPCC:cf.wechat.rpc]create rpc client 'cf.wechat.rpc' in conn AMQP4
[I] 16:45:05.058(000000000016696C):[AMQP4]declare queue 'cf.rpc.fe22d821a29611e791d5e18de3eed03b'
[I] 16:45:05.058(000000000016696C):[RPCC:cf.rpc]create rpc client 'cf.rpc' in conn AMQP4
[I] 16:45:05.059(000000000016696C):[AMQP4]declare queue 'sc.task.rpc.fe22ff30a29611e791d5e18de3eed03b'
[I] 16:45:05.059(000000000016696C):[RPCC:sc.task.rpc]create rpc client 'sc.task.rpc' in conn AMQP4
[I] 16:45:05.061(000000000016696C):[AMQP5]created
[I] 16:45:05.062(000000000016696C):[AMQP5]declare exchange 'amq.direct'
[I] 16:45:05.062(000000000016696C):[AMQP5]declare queue 'cf.wechat.rpc.fe237460a29611e791d5e18de3eed03b'
[I] 16:45:05.062(000000000016696C):[RPCC:cf.wechat.rpc]create rpc client 'cf.wechat.rpc' in conn AMQP5
[W] 16:45:05.064(000000000016696C):[AMQP0]rpc client 'sr.customer.point.rpc' declare repeat!
[D] 16:45:05.068(000000000015AAA0):worker process log socket connected!
[I] 16:45:05.068(000000000016696C):[AMQP6]created
[I] 16:45:05.068(000000000016696C):[AMQP6]declare exchange 'amq.direct'
[I] 16:45:05.069(000000000016696C):[AMQP6]declare queue 'cf.wechat.rpc.fe245ec0a29611e791d5e18de3eed03b'
[I] 16:45:05.069(000000000016696C):[RPCC:cf.wechat.rpc]create rpc client 'cf.wechat.rpc' in conn AMQP6
[D] 16:45:05.059(0000000000169DD4):worker 1# ready to connect master log socket server, port=39281
[D] 16:45:05.069(0000000000169DD4):worker 1# log socket connected!
[I] 16:45:05.074(000000000016696C):[AMQP7]created
[I] 16:45:05.074(000000000016696C):[AMQP7]declare exchange 'amq.direct'
[I] 16:45:05.075(000000000016696C):[AMQP7]declare queue 'sc.task.rpc.fe257030a29611e791d5e18de3eed03b'
[I] 16:45:05.075(000000000016696C):[RPCC:sc.task.rpc]create rpc client 'sc.task.rpc' in conn AMQP7
[I] 16:45:05.075(000000000016696C):[AMQP7]declare queue 'sr.customer.rewardfail.fe257031a29611e791d5e18de3eed03b'
[I] 16:45:05.076(000000000016696C):[RPCC:sr.customer.rewardfail]create rpc client 'sr.customer.rewardfail' in conn AMQP7
[W] 16:45:05.079(000000000016696C):[AMQP0]exchange amq.direct already declare!!
[W] 16:45:05.079(000000000016696C):[AMQP0]rpc client 'sr.customer.tag.rpc' declare repeat!
[W] 16:45:05.080(000000000016696C):[AMQP0]rpc client 'sc.task.rpc' declare repeat!
[W] 16:45:05.082(000000000016696C):[AMQP0]exchange amq.direct already declare!!
[I] 16:45:05.083(000000000016696C):[AMQP0]declare queue 'sr.trade.rpc.fe2681a0a29611e791d5e18de3eed03b'
[I] 16:45:05.083(000000000016696C):[RPCC:sr.trade.rpc]create rpc client 'sr.trade.rpc' in conn AMQP0
[I] 16:45:05.089(000000000016696C):PBEncoder success load file 'E:\product\protocol\sr_trade.proto.js'
[I] 16:45:05.093(000000000016696C):[AMQP8]created
[I] 16:45:05.094(000000000016696C):[AMQP8]declare exchange 'amq.direct'
[I] 16:45:05.094(000000000016696C):[AMQP8]declare queue 'cf.wechat.rpc.fe285660a29611e791d5e18de3eed03b'
[I] 16:45:05.094(000000000016696C):[RPCC:cf.wechat.rpc]create rpc client 'cf.wechat.rpc' in conn AMQP8
[I] 16:45:05.119(000000000016696C):[redis]redis connect
[T] 16:45:05.123(000000000016696C):Http is running,port is 18910
[I] 16:45:05.139(000000000016696C):[redis]redis ready
[I] 16:45:05.141(000000000016696C):[MP1]create connection #0
[T] 16:45:05.142(000000000016696C):[MP1]getConnection success,getIndex=0
[I] 16:45:05.144(000000000016696C):[MP1]create connection #1
[T] 16:45:05.144(000000000016696C):[MP1]getConnection success,getIndex=1
[T] 16:45:05.163(000000000016696C):[MySQL]Query success,used time:17 ms,sql="SELECT * FROM `sc_org`"
[T] 16:45:05.164(000000000016696C):[MySQL]Query success,used time:17 ms,sql="select * from cf_account where enabled=1 and function_mask like \"1%\""
[T] 16:45:05.166(000000000016696C):getConnection release,getIndex=0
[T] 16:45:05.166(000000000016696C):getConnection release,getIndex=1
[I] 16:45:05.168(000000000016696C):[AM]get account list success: [{"innerid":"HEDV35FASG-DGW423A-34TGGW53AAD66","name":"乐逛演示","org_id":"1","shop_id":null,"settlement_id":null,"method_code":1,"method_code_key":"wechat_test3_1","function_mask":"10","config":"{\"accountid\":\"gh_92368265694f\",\"fee_type\":\"CNY\",\"appid\":\"wx39bf9ff3da6fc1e7\",\"appsecret\":\"e00fc51118b318fb99cff35d217865fc\",\"mch_id\":\"1287801701\",\"sub_mch_id\":\"\",\"sign_key\":\"smartpaysmartpaysmartpaysmartpay\",\"key_file\":\"apiclient_key.pem\",\"cert_file\":\"apiclient_cert.pem\",\"pay_authorization_dir\":[\"\",\"\",\"\"],\"pay_native_callback\":\"\",\"pay_finish_notify\":\"1\",\"pay_alarm_notify\":\"\"}","enabled":1,"desc":null},{"innerid":"SE43RG3ASG-34GWW55A-34TG43HER452","name":"短信测试一","org_id":"1","shop_id":null,"settlement_id":null,"method_code":2,"method_code_key":"wechat_test1_2","function_mask":"10","config":"{\"url\" : \"http://211.147.239.62:9050/cgi-bin/sendsms\",\"username\" : \"shopperconnect@smartac\",\"password\" : \"shopCNT@smartc2016\"}","enabled":1,"desc":null},{"innerid":"SMFGSW423GWS-G43HTEHE2-HHEDR5462HS","name":"邮件测试一","org_id":"1","shop_id":null,"settlement_id":null,"method_code":3,"method_code_key":"wechat_test1_3","function_mask":"10","config":"{\"smtpserver\" : \"smtp.163.com\",\"port\": 25,\"username\" : \"zyqtest5@163.com\",\"password\" : \"zyqtest5881119\",\"SSL\":false}","enabled":1,"desc":null}]
[I] 16:45:05.191(000000000016696C):[AMQP0]AMQP0 connect 'amqp://guest:guest@172.16.0.81:5672' success!
[I] 16:45:05.195(000000000016696C):[AMQP1]AMQP1 connect 'amqp://guest:guest@172.16.0.81:5672' success!
[I] 16:45:05.196(000000000016696C):[AMQP5]AMQP5 connect 'amqp://guest:guest@172.16.0.81:5672' success!
[I] 16:45:05.196(000000000016696C):[AMQP7]AMQP7 connect 'amqp://guest:guest@172.16.0.81:5672' success!
[I] 16:45:05.198(000000000016696C):[AMQP4]AMQP4 connect 'amqp://guest:guest@172.16.0.81:5672' success!
[I] 16:45:05.199(000000000016696C):[AMQP8]AMQP8 connect 'amqp://guest:guest@172.16.0.81:5672' success!
[I] 16:45:05.200(000000000016696C):[AMQP6]AMQP6 connect 'amqp://guest:guest@172.16.0.81:5672' success!
[I] 16:45:05.212(000000000016696C):[AMQP0]success declare queue 'cf.rpc.fdcd8c30a29611e791d5e18de3eed03b'
[I] 16:45:05.212(000000000016696C):[AMQP8]success declare exchange 'amq.direct'
[I] 16:45:05.213(000000000016696C):[AMQP5]success declare exchange 'amq.direct'
[I] 16:45:05.214(000000000016696C):[AMQP6]success declare exchange 'amq.direct'
[I] 16:45:05.215(000000000016696C):[AMQP1]success declare exchange 'amq.direct'
[I] 16:45:05.216(000000000016696C):[AMQP7]success declare exchange 'amq.direct'
[I] 16:45:05.216(000000000016696C):[AMQP4]success declare exchange 'amq.direct'
[I] 16:45:05.218(000000000016696C):[AMQP0]success consume 'cf.rpc.fdcd8c30a29611e791d5e18de3eed03b'
[I] 16:45:05.221(000000000016696C):[AMQP8]success declare queue 'cf.wechat.rpc.fe285660a29611e791d5e18de3eed03b'
[I] 16:45:05.221(000000000016696C):[AMQP0]success binding 'amq.direct'->'cf.rpc.fdcd8c30a29611e791d5e18de3eed03b'(cf.rpc.fdcd8c30a29611e791d5e18de3eed03b)
[I] 16:45:05.222(000000000016696C):[AMQP5]success declare queue 'cf.wechat.rpc.fe237460a29611e791d5e18de3eed03b'
[I] 16:45:05.223(000000000016696C):[AMQP4]success declare queue 'cf.app.rpc.fe22b110a29611e791d5e18de3eed03b'
[I] 16:45:05.223(000000000016696C):[AMQP1]success declare queue 'cf.wechat.rpc.fe0f0200a29611e791d5e18de3eed03b'
[I] 16:45:05.224(000000000016696C):[AMQP7]success declare queue 'sc.task.rpc.fe257030a29611e791d5e18de3eed03b'
[I] 16:45:05.225(000000000016696C):[AMQP6]success declare queue 'cf.wechat.rpc.fe245ec0a29611e791d5e18de3eed03b'
[I] 16:45:05.225(000000000016696C):[AMQP8]success consume 'cf.wechat.rpc.fe285660a29611e791d5e18de3eed03b'
[I] 16:45:05.226(000000000016696C):[AMQP4]success consume 'cf.app.rpc.fe22b110a29611e791d5e18de3eed03b'
[I] 16:45:05.226(000000000016696C):[AMQP5]success consume 'cf.wechat.rpc.fe237460a29611e791d5e18de3eed03b'
[I] 16:45:05.227(000000000016696C):[AMQP0]success declare queue 'cf.wechat.rpc.fddea330a29611e791d5e18de3eed03b'
[I] 16:45:05.227(000000000016696C):[AMQP6]success consume 'cf.wechat.rpc.fe245ec0a29611e791d5e18de3eed03b'
[I] 16:45:05.227(000000000016696C):[AMQP7]success consume 'sc.task.rpc.fe257030a29611e791d5e18de3eed03b'
[I] 16:45:05.228(000000000016696C):[AMQP1]success consume 'cf.wechat.rpc.fe0f0200a29611e791d5e18de3eed03b'
[I] 16:45:05.229(000000000016696C):[AMQP8]success binding 'amq.direct'->'cf.wechat.rpc.fe285660a29611e791d5e18de3eed03b'(cf.wechat.rpc.fe285660a29611e791d5e18de3eed03b)
[I] 16:45:05.229(000000000016696C):[AMQP5]success binding 'amq.direct'->'cf.wechat.rpc.fe237460a29611e791d5e18de3eed03b'(cf.wechat.rpc.fe237460a29611e791d5e18de3eed03b)
[I] 16:45:05.230(000000000016696C):[AMQP4]success binding 'amq.direct'->'cf.app.rpc.fe22b110a29611e791d5e18de3eed03b'(cf.app.rpc.fe22b110a29611e791d5e18de3eed03b)
[I] 16:45:05.231(000000000016696C):[AMQP0]success consume 'cf.wechat.rpc.fddea330a29611e791d5e18de3eed03b'
[I] 16:45:05.232(000000000016696C):[AMQP6]success binding 'amq.direct'->'cf.wechat.rpc.fe245ec0a29611e791d5e18de3eed03b'(cf.wechat.rpc.fe245ec0a29611e791d5e18de3eed03b)
[I] 16:45:05.232(000000000016696C):[AMQP1]success binding 'amq.direct'->'cf.wechat.rpc.fe0f0200a29611e791d5e18de3eed03b'(cf.wechat.rpc.fe0f0200a29611e791d5e18de3eed03b)
[I] 16:45:05.232(000000000016696C):[AMQP7]success binding 'amq.direct'->'sc.task.rpc.fe257030a29611e791d5e18de3eed03b'(sc.task.rpc.fe257030a29611e791d5e18de3eed03b)
[I] 16:45:05.233(000000000016696C):[AMQP0]success binding 'amq.direct'->'cf.wechat.rpc.fddea330a29611e791d5e18de3eed03b'(cf.wechat.rpc.fddea330a29611e791d5e18de3eed03b)
[I] 16:45:05.234(000000000016696C):[AMQP4]success declare queue 'cf.wechat.rpc.fe22d820a29611e791d5e18de3eed03b'
[I] 16:45:05.235(000000000016696C):[AMQP7]success declare queue 'sr.customer.rewardfail.fe257031a29611e791d5e18de3eed03b'
[I] 16:45:05.235(000000000016696C):[AMQP0]success declare exchange 'cf.wechat.notify'
[I] 16:45:05.236(000000000016696C):[AMQP4]success consume 'cf.wechat.rpc.fe22d820a29611e791d5e18de3eed03b'
[I] 16:45:05.236(000000000016696C):[AMQP7]success consume 'sr.customer.rewardfail.fe257031a29611e791d5e18de3eed03b'
[I] 16:45:05.239(000000000016696C):[AMQP7]success binding 'amq.direct'->'sr.customer.rewardfail.fe257031a29611e791d5e18de3eed03b'(sr.customer.rewardfail.fe257031a29611e791d5e18de3eed03b)
[I] 16:45:05.239(000000000016696C):[AMQP4]success binding 'amq.direct'->'cf.wechat.rpc.fe22d820a29611e791d5e18de3eed03b'(cf.wechat.rpc.fe22d820a29611e791d5e18de3eed03b)
[I] 16:45:05.239(000000000016696C):[AMQP0]success declare queue 'jiaxingwang.sc_admin.wechat.fde7caf0a29611e791d5e18de3eed03b'
[I] 16:45:05.242(000000000016696C):[AMQP0]success consume 'jiaxingwang.sc_admin.wechat.fde7caf0a29611e791d5e18de3eed03b'
[I] 16:45:05.244(000000000016696C):[AMQP4]success declare queue 'cf.rpc.fe22d821a29611e791d5e18de3eed03b'
[I] 16:45:05.244(000000000016696C):[AMQP0]success binding 'cf.wechat.notify'->'jiaxingwang.sc_admin.wechat.fde7caf0a29611e791d5e18de3eed03b'(#)
[I] 16:45:05.246(000000000016696C):[AMQP4]success consume 'cf.rpc.fe22d821a29611e791d5e18de3eed03b'
[I] 16:45:05.247(000000000016696C):[AMQP0]success declare queue 'cf.app.rpc.fde7f200a29611e791d5e18de3eed03b'
[I] 16:45:05.248(000000000016696C):[AMQP4]success binding 'amq.direct'->'cf.rpc.fe22d821a29611e791d5e18de3eed03b'(cf.rpc.fe22d821a29611e791d5e18de3eed03b)
[I] 16:45:05.248(000000000016696C):[AMQP0]success consume 'cf.app.rpc.fde7f200a29611e791d5e18de3eed03b'
[I] 16:45:05.250(000000000016696C):[AMQP4]success declare queue 'sc.task.rpc.fe22ff30a29611e791d5e18de3eed03b'
[I] 16:45:05.251(000000000016696C):[AMQP0]success binding 'amq.direct'->'cf.app.rpc.fde7f200a29611e791d5e18de3eed03b'(cf.app.rpc.fde7f200a29611e791d5e18de3eed03b)
[I] 16:45:05.252(000000000016696C):[AMQP4]success consume 'sc.task.rpc.fe22ff30a29611e791d5e18de3eed03b'
[I] 16:45:05.254(000000000016696C):[AMQP0]success declare queue 'cf.alipay.rpc.fde8b550a29611e791d5e18de3eed03b'
[I] 16:45:05.254(000000000016696C):[AMQP4]success binding 'amq.direct'->'sc.task.rpc.fe22ff30a29611e791d5e18de3eed03b'(sc.task.rpc.fe22ff30a29611e791d5e18de3eed03b)
[I] 16:45:05.255(000000000016696C):[AMQP0]success consume 'cf.alipay.rpc.fde8b550a29611e791d5e18de3eed03b'
[I] 16:45:05.256(000000000016696C):[AMQP0]success binding 'amq.direct'->'cf.alipay.rpc.fde8b550a29611e791d5e18de3eed03b'(cf.alipay.rpc.fde8b550a29611e791d5e18de3eed03b)
[I] 16:45:05.258(000000000016696C):[AMQP0]success declare queue 'cf.ding.rpc.fde9edd0a29611e791d5e18de3eed03b'
[I] 16:45:05.260(000000000016696C):[AMQP0]success consume 'cf.ding.rpc.fde9edd0a29611e791d5e18de3eed03b'
[I] 16:45:05.261(000000000016696C):[AMQP0]success binding 'amq.direct'->'cf.ding.rpc.fde9edd0a29611e791d5e18de3eed03b'(cf.ding.rpc.fde9edd0a29611e791d5e18de3eed03b)
[I] 16:45:05.267(000000000016696C):[AMQP0]success declare exchange 'cf.ding.notify'
[I] 16:45:05.271(000000000016696C):[AMQP0]success declare queue 'jiaxingwang.sc_admin.ding.fdebc290a29611e791d5e18de3eed03b'
[I] 16:45:05.273(000000000016696C):[AMQP0]success consume 'jiaxingwang.sc_admin.ding.fdebc290a29611e791d5e18de3eed03b'
[I] 16:45:05.275(000000000016696C):[AMQP0]success binding 'cf.ding.notify'->'jiaxingwang.sc_admin.ding.fdebc290a29611e791d5e18de3eed03b'(#)
[I] 16:45:05.278(000000000016696C):[AMQP0]success declare queue 'sr.customer.rpc.fdecd400a29611e791d5e18de3eed03b'
[I] 16:45:05.281(000000000016696C):[AMQP0]success consume 'sr.customer.rpc.fdecd400a29611e791d5e18de3eed03b'
[I] 16:45:05.285(000000000016696C):[AMQP0]success binding 'amq.direct'->'sr.customer.rpc.fdecd400a29611e791d5e18de3eed03b'(sr.customer.rpc.fdecd400a29611e791d5e18de3eed03b)
[I] 16:45:05.287(000000000016696C):[AMQP0]success declare exchange 'amq.direct'
[I] 16:45:05.290(000000000016696C):[AMQP0]success declare queue 'sc.task.rpc.fe10fdd0a29611e791d5e18de3eed03b'
[I] 16:45:05.292(000000000016696C):[AMQP0]success consume 'sc.task.rpc.fe10fdd0a29611e791d5e18de3eed03b'
[I] 16:45:05.295(000000000016696C):[AMQP0]success binding 'amq.direct'->'sc.task.rpc.fe10fdd0a29611e791d5e18de3eed03b'(sc.task.rpc.fe10fdd0a29611e791d5e18de3eed03b)
[I] 16:45:05.298(000000000016696C):[AMQP0]success declare queue 'sr.customer.tag.rpc.fe15b8c0a29611e791d5e18de3eed03b'
[I] 16:45:05.300(000000000016696C):[AMQP0]success consume 'sr.customer.tag.rpc.fe15b8c0a29611e791d5e18de3eed03b'
[I] 16:45:05.303(000000000016696C):[AMQP0]success binding 'amq.direct'->'sr.customer.tag.rpc.fe15b8c0a29611e791d5e18de3eed03b'(sr.customer.tag.rpc.fe15b8c0a29611e791d5e18de3eed03b)
[I] 16:45:05.307(000000000016696C):[AMQP0]success declare queue 'sr.customer.point.rpc.fe15dfd0a29611e791d5e18de3eed03b'
[I] 16:45:05.309(000000000016696C):[AMQP0]success consume 'sr.customer.point.rpc.fe15dfd0a29611e791d5e18de3eed03b'
[I] 16:45:05.312(000000000016696C):[AMQP0]success binding 'amq.direct'->'sr.customer.point.rpc.fe15dfd0a29611e791d5e18de3eed03b'(sr.customer.point.rpc.fe15dfd0a29611e791d5e18de3eed03b)
[I] 16:45:05.316(000000000016696C):[AMQP0]success declare queue 'sr.customer.coupon_class.rpc.fe198950a29611e791d5e18de3eed03b'
[I] 16:45:05.318(000000000016696C):[AMQP0]success consume 'sr.customer.coupon_class.rpc.fe198950a29611e791d5e18de3eed03b'
[I] 16:45:05.321(000000000016696C):[AMQP0]success binding 'amq.direct'->'sr.customer.coupon_class.rpc.fe198950a29611e791d5e18de3eed03b'(sr.customer.coupon_class.rpc.fe198950a29611e791d5e18de3eed03b)
[I] 16:45:05.326(000000000016696C):[AMQP0]success declare queue 'sr.customer.coupon.rpc.fe19b060a29611e791d5e18de3eed03b'
[W] 16:45:05.329(000000000015AAA0):try restart worker 2# ...
[I] 16:45:05.334(000000000015AAA0):start worker success,pid=1F84BC(2#)
[I] 16:45:05.328(000000000016696C):[AMQP0]success consume 'sr.customer.coupon.rpc.fe19b060a29611e791d5e18de3eed03b'
[I] 16:45:05.331(000000000016696C):[AMQP0]success binding 'amq.direct'->'sr.customer.coupon.rpc.fe19b060a29611e791d5e18de3eed03b'(sr.customer.coupon.rpc.fe19b060a29611e791d5e18de3eed03b)
[I] 16:45:05.334(000000000016696C):[AMQP0]success declare queue 'cf.wxpay.rpc.fe1bac30a29611e791d5e18de3eed03b'
[I] 16:45:05.336(000000000016696C):[AMQP0]success consume 'cf.wxpay.rpc.fe1bac30a29611e791d5e18de3eed03b'
[I] 16:45:05.338(000000000016696C):[AMQP0]success binding 'amq.direct'->'cf.wxpay.rpc.fe1bac30a29611e791d5e18de3eed03b'(cf.wxpay.rpc.fe1bac30a29611e791d5e18de3eed03b)
[I] 16:45:05.341(000000000016696C):[AMQP0]success declare queue 'cf.baidu.rpc.fe1fa3d0a29611e791d5e18de3eed03b'
[I] 16:45:05.342(000000000016696C):[AMQP0]success consume 'cf.baidu.rpc.fe1fa3d0a29611e791d5e18de3eed03b'
[I] 16:45:05.344(000000000016696C):[AMQP0]success binding 'amq.direct'->'cf.baidu.rpc.fe1fa3d0a29611e791d5e18de3eed03b'(cf.baidu.rpc.fe1fa3d0a29611e791d5e18de3eed03b)
[I] 16:45:05.346(000000000016696C):[AMQP0]success declare queue 'sr.trade.rpc.fe2681a0a29611e791d5e18de3eed03b'
[I] 16:45:05.348(000000000016696C):[AMQP0]success consume 'sr.trade.rpc.fe2681a0a29611e791d5e18de3eed03b'
[I] 16:45:05.350(000000000016696C):[AMQP0]success binding 'amq.direct'->'sr.trade.rpc.fe2681a0a29611e791d5e18de3eed03b'(sr.trade.rpc.fe2681a0a29611e791d5e18de3eed03b)
[I] 16:45:05.678(0000000000169DD4):[AMQP0]created
[I] 16:45:05.688(0000000000169DD4):[AMQP0]declare queue 'cf.rpc.fe82d270a29611e79fc66dbbee62869f'
[I] 16:45:05.689(0000000000169DD4):[RPCC:cf.rpc]create rpc client 'cf.rpc' in conn AMQP0
[I] 16:45:05.798(0000000000169DD4):PBEncoder success load file 'E:\product\protocol\cf.proto.js'
[I] 16:45:05.799(0000000000169DD4):[AMQP0]declare queue 'cf.wechat.rpc.fe93e970a29611e79fc66dbbee62869f'
[I] 16:45:05.799(0000000000169DD4):[RPCC:cf.wechat.rpc]create rpc client 'cf.wechat.rpc' in conn AMQP0
[I] 16:45:05.855(0000000000169DD4):PBEncoder success load file 'E:\product\protocol\cf_wechat.proto.js'
[I] 16:45:05.856(0000000000169DD4):[AMQP0]declare exchange 'cf.wechat.notify'
[I] 16:45:05.856(0000000000169DD4):[AMQP0]declare queue 'jiaxingwang.sc_admin.wechat.fe9c9c00a29611e79fc66dbbee62869f'
[I] 16:45:05.857(0000000000169DD4):[AMQP0]declare queue 'cf.app.rpc.fe9cc310a29611e79fc66dbbee62869f'
[I] 16:45:05.857(0000000000169DD4):[RPCC:cf.app.rpc]create rpc client 'cf.app.rpc' in conn AMQP0
[I] 16:45:05.863(0000000000169DD4):PBEncoder success load file 'E:\product\protocol\cf_app.proto.js'
[I] 16:45:05.863(0000000000169DD4):[AMQP0]declare queue 'cf.alipay.rpc.fe9dad70a29611e79fc66dbbee62869f'
[I] 16:45:05.863(0000000000169DD4):[RPCC:cf.alipay.rpc]create rpc client 'cf.alipay.rpc' in conn AMQP0
[I] 16:45:05.870(0000000000169DD4):PBEncoder success load file 'E:\product\protocol\cf_alipay.proto.js'
[I] 16:45:05.871(0000000000169DD4):[AMQP0]declare queue 'cf.ding.rpc.fe9ee5f0a29611e79fc66dbbee62869f'
[I] 16:45:05.871(0000000000169DD4):[RPCC:cf.ding.rpc]create rpc client 'cf.ding.rpc' in conn AMQP0
[I] 16:45:05.882(0000000000169DD4):PBEncoder success load file 'E:\product\protocol\cf_ding.proto.js'
[I] 16:45:05.882(0000000000169DD4):[AMQP0]declare exchange 'cf.ding.notify'
[I] 16:45:05.883(0000000000169DD4):[AMQP0]declare queue 'jiaxingwang.sc_admin.ding.fea0bab0a29611e79fc66dbbee62869f'
[I] 16:45:05.883(0000000000169DD4):[AM]init and reload account!
[I] 16:45:05.888(0000000000169DD4):[AM]reload account success, account number is: 0
[I] 16:45:05.891(0000000000169DD4):[AMQP0]declare queue 'sr.customer.rpc.fea1f330a29611e79fc66dbbee62869f'
[I] 16:45:05.892(0000000000169DD4):[RPCC:sr.customer.rpc]create rpc client 'sr.customer.rpc' in conn AMQP0
[I] 16:45:05.901(0000000000169DD4):PBEncoder success load file 'E:\product\protocol\sr_customer.proto.js'
[W] 16:45:05.901(0000000000169DD4):[AMQP0]rpc client 'cf.rpc' declare repeat!
[W] 16:45:05.902(0000000000169DD4):[AMQP0]rpc client 'cf.wechat.rpc' declare repeat!
[W] 16:45:05.902(0000000000169DD4):[AMQP0]rpc client 'cf.app.rpc' declare repeat!
[D] 16:45:06.025(000000000015AAA0):worker process log socket connected!
[D] 16:45:06.018(00000000001F84BC):worker 2# ready to connect master log socket server, port=39281
[D] 16:45:06.027(00000000001F84BC):worker 2# log socket connected!
[I] 16:45:06.072(0000000000169DD4):PBEncoder success load file 'E:\product\protocol\sc_system.proto.js'
[I] 16:45:06.124(0000000000169DD4):[AMQP1]created
[I] 16:45:06.125(0000000000169DD4):[AMQP1]declare exchange 'amq.direct'
[I] 16:45:06.126(0000000000169DD4):[AMQP1]declare queue 'cf.wechat.rpc.fec5cee0a29611e79fc66dbbee62869f'
[I] 16:45:06.126(0000000000169DD4):[RPCC:cf.wechat.rpc]create rpc client 'cf.wechat.rpc' in conn AMQP1
[I] 16:45:06.127(0000000000169DD4):[AMQP2]created
[I] 16:45:06.132(0000000000169DD4):[AMQP0]declare exchange 'amq.direct'
[I] 16:45:06.132(0000000000169DD4):[AMQP0]declare queue 'sc.task.rpc.fec6b940a29611e79fc66dbbee62869f'
[I] 16:45:06.133(0000000000169DD4):[RPCC:sc.task.rpc]create rpc client 'sc.task.rpc' in conn AMQP0
[I] 16:45:06.140(0000000000169DD4):PBEncoder success load file 'E:\product\protocol\sc_task.proto.js'
[I] 16:45:06.163(0000000000169DD4):[AMQP0]declare queue 'sr.customer.tag.rpc.fecb7430a29611e79fc66dbbee62869f'
[I] 16:45:06.163(0000000000169DD4):[RPCC:sr.customer.tag.rpc]create rpc client 'sr.customer.tag.rpc' in conn AMQP0
[I] 16:45:06.164(0000000000169DD4):[AMQP0]declare queue 'sr.customer.point.rpc.fecb9b40a29611e79fc66dbbee62869f'
[I] 16:45:06.164(0000000000169DD4):[RPCC:sr.customer.point.rpc]create rpc client 'sr.customer.point.rpc' in conn AMQP0
[I] 16:45:06.172(0000000000169DD4):PBEncoder success load file 'E:\product\protocol\sr_customer_point.proto.js'
[I] 16:45:06.178(0000000000169DD4):PBEncoder success load file 'E:\product\protocol\sr_customer_tag.proto.js'
[W] 16:45:06.186(0000000000169DD4):[AMQP0]rpc client 'cf.wechat.rpc' declare repeat!
[I] 16:45:06.187(0000000000169DD4):[AMQP0]declare queue 'sr.customer.coupon_class.rpc.fecf1db0a29611e79fc66dbbee62869f'
[I] 16:45:06.187(0000000000169DD4):[RPCC:sr.customer.coupon_class.rpc]create rpc client 'sr.customer.coupon_class.rpc' in conn AMQP0
[I] 16:45:06.188(0000000000169DD4):[AMQP0]declare queue 'sr.customer.coupon.rpc.fecf1db1a29611e79fc66dbbee62869f'
[I] 16:45:06.188(0000000000169DD4):[RPCC:sr.customer.coupon.rpc]create rpc client 'sr.customer.coupon.rpc' in conn AMQP0
[I] 16:45:06.199(0000000000169DD4):PBEncoder success load file 'E:\product\protocol\sr_customer_coupon.proto.js'
[W] 16:45:06.199(0000000000169DD4):[AMQP0]rpc client 'cf.wechat.rpc' declare repeat!
[I] 16:45:06.200(0000000000169DD4):[AMQP0]declare queue 'cf.wxpay.rpc.fed11980a29611e79fc66dbbee62869f'
[I] 16:45:06.200(0000000000169DD4):[RPCC:cf.wxpay.rpc]create rpc client 'cf.wxpay.rpc' in conn AMQP0
[I] 16:45:06.213(0000000000169DD4):PBEncoder success load file 'E:\product\protocol\cf_wxpay.proto.js'
[W] 16:45:06.214(0000000000169DD4):[AMQP0]rpc client 'sr.customer.point.rpc' declare repeat!
[W] 16:45:06.220(0000000000169DD4):[AMQP0]exchange amq.direct already declare!!
[W] 16:45:06.221(0000000000169DD4):[AMQP0]rpc client 'sr.customer.rpc' declare repeat!
[W] 16:45:06.221(0000000000169DD4):[AMQP0]rpc client 'sr.customer.coupon.rpc' declare repeat!
[W] 16:45:06.221(0000000000169DD4):[AMQP0]rpc client 'cf.wechat.rpc' declare repeat!
[W] 16:45:06.223(0000000000169DD4):[AMQP0]exchange amq.direct already declare!!
[I] 16:45:06.224(0000000000169DD4):[AMQP0]declare queue 'cf.baidu.rpc.fed4c300a29611e79fc66dbbee62869f'
[I] 16:45:06.224(0000000000169DD4):[RPCC:cf.baidu.rpc]create rpc client 'cf.baidu.rpc' in conn AMQP0
[I] 16:45:06.227(0000000000169DD4):PBEncoder success load file 'E:\product\protocol\cf_baidu.proto.js'
[I] 16:45:06.232(0000000000169DD4):[AMQP3]created
[I] 16:45:06.240(0000000000169DD4):[AMQP4]created
[I] 16:45:06.240(0000000000169DD4):[AMQP4]declare exchange 'amq.direct'
[I] 16:45:06.241(0000000000169DD4):[AMQP4]declare queue 'cf.app.rpc.fed75b10a29611e79fc66dbbee62869f'
[I] 16:45:06.241(0000000000169DD4):[RPCC:cf.app.rpc]create rpc client 'cf.app.rpc' in conn AMQP4
[I] 16:45:06.241(0000000000169DD4):[AMQP4]declare queue 'cf.wechat.rpc.fed75b11a29611e79fc66dbbee62869f'
[I] 16:45:06.241(0000000000169DD4):[RPCC:cf.wechat.rpc]create rpc client 'cf.wechat.rpc' in conn AMQP4
[I] 16:45:06.242(0000000000169DD4):[AMQP4]declare queue 'cf.rpc.fed78220a29611e79fc66dbbee62869f'
[I] 16:45:06.242(0000000000169DD4):[RPCC:cf.rpc]create rpc client 'cf.rpc' in conn AMQP4
[I] 16:45:06.242(0000000000169DD4):[AMQP4]declare queue 'sc.task.rpc.fed78221a29611e79fc66dbbee62869f'
[I] 16:45:06.242(0000000000169DD4):[RPCC:sc.task.rpc]create rpc client 'sc.task.rpc' in conn AMQP4
[I] 16:45:06.245(0000000000169DD4):[AMQP5]created
[I] 16:45:06.245(0000000000169DD4):[AMQP5]declare exchange 'amq.direct'
[I] 16:45:06.245(0000000000169DD4):[AMQP5]declare queue 'cf.wechat.rpc.fed7f750a29611e79fc66dbbee62869f'
[I] 16:45:06.246(0000000000169DD4):[RPCC:cf.wechat.rpc]create rpc client 'cf.wechat.rpc' in conn AMQP5
[W] 16:45:06.247(0000000000169DD4):[AMQP0]rpc client 'sr.customer.point.rpc' declare repeat!
[I] 16:45:06.249(0000000000169DD4):[AMQP6]created
[I] 16:45:06.250(0000000000169DD4):[AMQP6]declare exchange 'amq.direct'
[I] 16:45:06.251(0000000000169DD4):[AMQP6]declare queue 'cf.wechat.rpc.fed8baa0a29611e79fc66dbbee62869f'
[I] 16:45:06.251(0000000000169DD4):[RPCC:cf.wechat.rpc]create rpc client 'cf.wechat.rpc' in conn AMQP6
[I] 16:45:06.255(0000000000169DD4):[AMQP7]created
[I] 16:45:06.256(0000000000169DD4):[AMQP7]declare exchange 'amq.direct'
[I] 16:45:06.256(0000000000169DD4):[AMQP7]declare queue 'sc.task.rpc.fed9a500a29611e79fc66dbbee62869f'
[I] 16:45:06.256(0000000000169DD4):[RPCC:sc.task.rpc]create rpc client 'sc.task.rpc' in conn AMQP7
[I] 16:45:06.257(0000000000169DD4):[AMQP7]declare queue 'sr.customer.rewardfail.fed9cc10a29611e79fc66dbbee62869f'
[I] 16:45:06.257(0000000000169DD4):[RPCC:sr.customer.rewardfail]create rpc client 'sr.customer.rewardfail' in conn AMQP7
[W] 16:45:06.260(0000000000169DD4):[AMQP0]exchange amq.direct already declare!!
[W] 16:45:06.260(0000000000169DD4):[AMQP0]rpc client 'sr.customer.tag.rpc' declare repeat!
[W] 16:45:06.261(0000000000169DD4):[AMQP0]rpc client 'sc.task.rpc' declare repeat!
[W] 16:45:06.263(0000000000169DD4):[AMQP0]exchange amq.direct already declare!!
[I] 16:45:06.263(0000000000169DD4):[AMQP0]declare queue 'sr.trade.rpc.fedab670a29611e79fc66dbbee62869f'
[I] 16:45:06.264(0000000000169DD4):[RPCC:sr.trade.rpc]create rpc client 'sr.trade.rpc' in conn AMQP0
[I] 16:45:06.267(0000000000169DD4):PBEncoder success load file 'E:\product\protocol\sr_trade.proto.js'
[I] 16:45:06.270(0000000000169DD4):[AMQP8]created
[I] 16:45:06.271(0000000000169DD4):[AMQP8]declare exchange 'amq.direct'
[I] 16:45:06.271(0000000000169DD4):[AMQP8]declare queue 'cf.wechat.rpc.fedbeef0a29611e79fc66dbbee62869f'
[I] 16:45:06.271(0000000000169DD4):[RPCC:cf.wechat.rpc]create rpc client 'cf.wechat.rpc' in conn AMQP8
[T] 16:45:06.291(0000000000169DD4):Http is running,port is 18910
[I] 16:45:06.296(0000000000169DD4):[redis]redis connect
[I] 16:45:06.308(0000000000169DD4):[redis]redis ready
[I] 16:45:06.310(0000000000169DD4):[MP1]create connection #0
[T] 16:45:06.311(0000000000169DD4):[MP1]getConnection success,getIndex=0
[I] 16:45:06.312(0000000000169DD4):[MP1]create connection #1
[T] 16:45:06.312(0000000000169DD4):[MP1]getConnection success,getIndex=1
[T] 16:45:06.318(0000000000169DD4):[MySQL]Query success,used time:5 ms,sql="select * from cf_account where enabled=1 and function_mask like \"1%\""
[T] 16:45:06.325(0000000000169DD4):[MySQL]Query success,used time:11 ms,sql="SELECT * FROM `sc_org`"
[T] 16:45:06.326(0000000000169DD4):getConnection release,getIndex=0
[T] 16:45:06.327(0000000000169DD4):getConnection release,getIndex=1
[I] 16:45:06.327(0000000000169DD4):[AM]get account list success: [{"innerid":"HEDV35FASG-DGW423A-34TGGW53AAD66","name":"乐逛演示","org_id":"1","shop_id":null,"settlement_id":null,"method_code":1,"method_code_key":"wechat_test3_1","function_mask":"10","config":"{\"accountid\":\"gh_92368265694f\",\"fee_type\":\"CNY\",\"appid\":\"wx39bf9ff3da6fc1e7\",\"appsecret\":\"e00fc51118b318fb99cff35d217865fc\",\"mch_id\":\"1287801701\",\"sub_mch_id\":\"\",\"sign_key\":\"smartpaysmartpaysmartpaysmartpay\",\"key_file\":\"apiclient_key.pem\",\"cert_file\":\"apiclient_cert.pem\",\"pay_authorization_dir\":[\"\",\"\",\"\"],\"pay_native_callback\":\"\",\"pay_finish_notify\":\"1\",\"pay_alarm_notify\":\"\"}","enabled":1,"desc":null},{"innerid":"SE43RG3ASG-34GWW55A-34TG43HER452","name":"短信测试一","org_id":"1","shop_id":null,"settlement_id":null,"method_code":2,"method_code_key":"wechat_test1_2","function_mask":"10","config":"{\"url\" : \"http://211.147.239.62:9050/cgi-bin/sendsms\",\"username\" : \"shopperconnect@smartac\",\"password\" : \"shopCNT@smartc2016\"}","enabled":1,"desc":null},{"innerid":"SMFGSW423GWS-G43HTEHE2-HHEDR5462HS","name":"邮件测试一","org_id":"1","shop_id":null,"settlement_id":null,"method_code":3,"method_code_key":"wechat_test1_3","function_mask":"10","config":"{\"smtpserver\" : \"smtp.163.com\",\"port\": 25,\"username\" : \"zyqtest5@163.com\",\"password\" : \"zyqtest5881119\",\"SSL\":false}","enabled":1,"desc":null}]
[I] 16:45:06.358(0000000000169DD4):[AMQP0]AMQP0 connect 'amqp://guest:guest@172.16.0.81:5672' success!
[I] 16:45:06.362(0000000000169DD4):[AMQP6]AMQP6 connect 'amqp://guest:guest@172.16.0.81:5672' success!
[I] 16:45:06.363(0000000000169DD4):[AMQP1]AMQP1 connect 'amqp://guest:guest@172.16.0.81:5672' success!
[I] 16:45:06.365(0000000000169DD4):[AMQP4]AMQP4 connect 'amqp://guest:guest@172.16.0.81:5672' success!
[I] 16:45:06.366(0000000000169DD4):[AMQP5]AMQP5 connect 'amqp://guest:guest@172.16.0.81:5672' success!
[I] 16:45:06.367(0000000000169DD4):[AMQP7]AMQP7 connect 'amqp://guest:guest@172.16.0.81:5672' success!
[I] 16:45:06.368(0000000000169DD4):[AMQP8]AMQP8 connect 'amqp://guest:guest@172.16.0.81:5672' success!
[I] 16:45:06.379(0000000000169DD4):[AMQP0]success declare queue 'cf.rpc.fe82d270a29611e79fc66dbbee62869f'
[I] 16:45:06.380(0000000000169DD4):[AMQP8]success declare exchange 'amq.direct'
[I] 16:45:06.381(0000000000169DD4):[AMQP1]success declare exchange 'amq.direct'
[I] 16:45:06.383(0000000000169DD4):[AMQP6]success declare exchange 'amq.direct'
[I] 16:45:06.384(0000000000169DD4):[AMQP7]success declare exchange 'amq.direct'
[I] 16:45:06.384(0000000000169DD4):[AMQP4]success declare exchange 'amq.direct'
[I] 16:45:06.385(0000000000169DD4):[AMQP5]success declare exchange 'amq.direct'
[I] 16:45:06.386(0000000000169DD4):[AMQP0]success consume 'cf.rpc.fe82d270a29611e79fc66dbbee62869f'
[I] 16:45:06.388(0000000000169DD4):[AMQP7]success declare queue 'sc.task.rpc.fed9a500a29611e79fc66dbbee62869f'
[I] 16:45:06.389(0000000000169DD4):[AMQP8]success declare queue 'cf.wechat.rpc.fedbeef0a29611e79fc66dbbee62869f'
[I] 16:45:06.389(0000000000169DD4):[AMQP0]success binding 'amq.direct'->'cf.rpc.fe82d270a29611e79fc66dbbee62869f'(cf.rpc.fe82d270a29611e79fc66dbbee62869f)
[I] 16:45:06.391(0000000000169DD4):[AMQP1]success declare queue 'cf.wechat.rpc.fec5cee0a29611e79fc66dbbee62869f'
[I] 16:45:06.392(0000000000169DD4):[AMQP6]success declare queue 'cf.wechat.rpc.fed8baa0a29611e79fc66dbbee62869f'
[I] 16:45:06.394(0000000000169DD4):[AMQP4]success declare queue 'cf.app.rpc.fed75b10a29611e79fc66dbbee62869f'
[I] 16:45:06.395(0000000000169DD4):[AMQP7]success consume 'sc.task.rpc.fed9a500a29611e79fc66dbbee62869f'
[I] 16:45:06.396(0000000000169DD4):[AMQP5]success declare queue 'cf.wechat.rpc.fed7f750a29611e79fc66dbbee62869f'
[I] 16:45:06.397(0000000000169DD4):[AMQP8]success consume 'cf.wechat.rpc.fedbeef0a29611e79fc66dbbee62869f'
[I] 16:45:06.398(0000000000169DD4):[AMQP0]success declare queue 'cf.wechat.rpc.fe93e970a29611e79fc66dbbee62869f'
[I] 16:45:06.398(0000000000169DD4):[AMQP1]success consume 'cf.wechat.rpc.fec5cee0a29611e79fc66dbbee62869f'
[I] 16:45:06.399(0000000000169DD4):[AMQP5]success consume 'cf.wechat.rpc.fed7f750a29611e79fc66dbbee62869f'
[I] 16:45:06.399(0000000000169DD4):[AMQP6]success consume 'cf.wechat.rpc.fed8baa0a29611e79fc66dbbee62869f'
[I] 16:45:06.399(0000000000169DD4):[AMQP4]success consume 'cf.app.rpc.fed75b10a29611e79fc66dbbee62869f'
[I] 16:45:06.401(0000000000169DD4):[AMQP0]success consume 'cf.wechat.rpc.fe93e970a29611e79fc66dbbee62869f'
[I] 16:45:06.402(0000000000169DD4):[AMQP7]success binding 'amq.direct'->'sc.task.rpc.fed9a500a29611e79fc66dbbee62869f'(sc.task.rpc.fed9a500a29611e79fc66dbbee62869f)
[I] 16:45:06.402(0000000000169DD4):[AMQP8]success binding 'amq.direct'->'cf.wechat.rpc.fedbeef0a29611e79fc66dbbee62869f'(cf.wechat.rpc.fedbeef0a29611e79fc66dbbee62869f)
[I] 16:45:06.404(0000000000169DD4):[AMQP1]success binding 'amq.direct'->'cf.wechat.rpc.fec5cee0a29611e79fc66dbbee62869f'(cf.wechat.rpc.fec5cee0a29611e79fc66dbbee62869f)
[I] 16:45:06.405(0000000000169DD4):[AMQP4]success binding 'amq.direct'->'cf.app.rpc.fed75b10a29611e79fc66dbbee62869f'(cf.app.rpc.fed75b10a29611e79fc66dbbee62869f)
[I] 16:45:06.406(0000000000169DD4):[AMQP0]success binding 'amq.direct'->'cf.wechat.rpc.fe93e970a29611e79fc66dbbee62869f'(cf.wechat.rpc.fe93e970a29611e79fc66dbbee62869f)
[I] 16:45:06.406(0000000000169DD4):[AMQP6]success binding 'amq.direct'->'cf.wechat.rpc.fed8baa0a29611e79fc66dbbee62869f'(cf.wechat.rpc.fed8baa0a29611e79fc66dbbee62869f)
[I] 16:45:06.406(0000000000169DD4):[AMQP5]success binding 'amq.direct'->'cf.wechat.rpc.fed7f750a29611e79fc66dbbee62869f'(cf.wechat.rpc.fed7f750a29611e79fc66dbbee62869f)
[I] 16:45:06.407(0000000000169DD4):[AMQP7]success declare queue 'sr.customer.rewardfail.fed9cc10a29611e79fc66dbbee62869f'
[I] 16:45:06.408(0000000000169DD4):[AMQP0]success declare exchange 'cf.wechat.notify'
[I] 16:45:06.409(0000000000169DD4):[AMQP7]success consume 'sr.customer.rewardfail.fed9cc10a29611e79fc66dbbee62869f'
[I] 16:45:06.411(0000000000169DD4):[AMQP7]success binding 'amq.direct'->'sr.customer.rewardfail.fed9cc10a29611e79fc66dbbee62869f'(sr.customer.rewardfail.fed9cc10a29611e79fc66dbbee62869f)
[I] 16:45:06.412(0000000000169DD4):[AMQP4]success declare queue 'cf.wechat.rpc.fed75b11a29611e79fc66dbbee62869f'
[I] 16:45:06.412(0000000000169DD4):[AMQP0]success declare queue 'jiaxingwang.sc_admin.wechat.fe9c9c00a29611e79fc66dbbee62869f'
[I] 16:45:06.413(0000000000169DD4):[AMQP4]success consume 'cf.wechat.rpc.fed75b11a29611e79fc66dbbee62869f'
[I] 16:45:06.414(0000000000169DD4):[AMQP0]success consume 'jiaxingwang.sc_admin.wechat.fe9c9c00a29611e79fc66dbbee62869f'
[I] 16:45:06.416(0000000000169DD4):[AMQP4]success binding 'amq.direct'->'cf.wechat.rpc.fed75b11a29611e79fc66dbbee62869f'(cf.wechat.rpc.fed75b11a29611e79fc66dbbee62869f)
[I] 16:45:06.417(0000000000169DD4):[AMQP0]success binding 'cf.wechat.notify'->'jiaxingwang.sc_admin.wechat.fe9c9c00a29611e79fc66dbbee62869f'(#)
[I] 16:45:06.419(0000000000169DD4):[AMQP4]success declare queue 'cf.rpc.fed78220a29611e79fc66dbbee62869f'
[I] 16:45:06.421(0000000000169DD4):[AMQP4]success consume 'cf.rpc.fed78220a29611e79fc66dbbee62869f'
[I] 16:45:06.422(0000000000169DD4):[AMQP0]success declare queue 'cf.app.rpc.fe9cc310a29611e79fc66dbbee62869f'
[I] 16:45:06.423(0000000000169DD4):[AMQP4]success binding 'amq.direct'->'cf.rpc.fed78220a29611e79fc66dbbee62869f'(cf.rpc.fed78220a29611e79fc66dbbee62869f)
[I] 16:45:06.424(0000000000169DD4):[AMQP0]success consume 'cf.app.rpc.fe9cc310a29611e79fc66dbbee62869f'
[I] 16:45:06.425(0000000000169DD4):[AMQP4]success declare queue 'sc.task.rpc.fed78221a29611e79fc66dbbee62869f'
[I] 16:45:06.428(0000000000169DD4):[AMQP4]success consume 'sc.task.rpc.fed78221a29611e79fc66dbbee62869f'
[I] 16:45:06.428(0000000000169DD4):[AMQP0]success binding 'amq.direct'->'cf.app.rpc.fe9cc310a29611e79fc66dbbee62869f'(cf.app.rpc.fe9cc310a29611e79fc66dbbee62869f)
[I] 16:45:06.431(0000000000169DD4):[AMQP4]success binding 'amq.direct'->'sc.task.rpc.fed78221a29611e79fc66dbbee62869f'(sc.task.rpc.fed78221a29611e79fc66dbbee62869f)
[I] 16:45:06.432(0000000000169DD4):[AMQP0]success declare queue 'cf.alipay.rpc.fe9dad70a29611e79fc66dbbee62869f'
[I] 16:45:06.434(0000000000169DD4):[AMQP0]success consume 'cf.alipay.rpc.fe9dad70a29611e79fc66dbbee62869f'
[I] 16:45:06.436(0000000000169DD4):[AMQP0]success binding 'amq.direct'->'cf.alipay.rpc.fe9dad70a29611e79fc66dbbee62869f'(cf.alipay.rpc.fe9dad70a29611e79fc66dbbee62869f)
[I] 16:45:06.439(0000000000169DD4):[AMQP0]success declare queue 'cf.ding.rpc.fe9ee5f0a29611e79fc66dbbee62869f'
[I] 16:45:06.441(0000000000169DD4):[AMQP0]success consume 'cf.ding.rpc.fe9ee5f0a29611e79fc66dbbee62869f'
[I] 16:45:06.443(0000000000169DD4):[AMQP0]success binding 'amq.direct'->'cf.ding.rpc.fe9ee5f0a29611e79fc66dbbee62869f'(cf.ding.rpc.fe9ee5f0a29611e79fc66dbbee62869f)
[I] 16:45:06.444(0000000000169DD4):[AMQP0]success declare exchange 'cf.ding.notify'
[I] 16:45:06.447(0000000000169DD4):[AMQP0]success declare queue 'jiaxingwang.sc_admin.ding.fea0bab0a29611e79fc66dbbee62869f'
[I] 16:45:06.448(0000000000169DD4):[AMQP0]success consume 'jiaxingwang.sc_admin.ding.fea0bab0a29611e79fc66dbbee62869f'
[I] 16:45:06.451(0000000000169DD4):[AMQP0]success binding 'cf.ding.notify'->'jiaxingwang.sc_admin.ding.fea0bab0a29611e79fc66dbbee62869f'(#)
[I] 16:45:06.454(0000000000169DD4):[AMQP0]success declare queue 'sr.customer.rpc.fea1f330a29611e79fc66dbbee62869f'
[I] 16:45:06.457(0000000000169DD4):[AMQP0]success consume 'sr.customer.rpc.fea1f330a29611e79fc66dbbee62869f'
[I] 16:45:06.460(0000000000169DD4):[AMQP0]success binding 'amq.direct'->'sr.customer.rpc.fea1f330a29611e79fc66dbbee62869f'(sr.customer.rpc.fea1f330a29611e79fc66dbbee62869f)
[I] 16:45:06.461(0000000000169DD4):[AMQP0]success declare exchange 'amq.direct'
[I] 16:45:06.468(0000000000169DD4):[AMQP0]success declare queue 'sc.task.rpc.fec6b940a29611e79fc66dbbee62869f'
[I] 16:45:06.471(0000000000169DD4):[AMQP0]success consume 'sc.task.rpc.fec6b940a29611e79fc66dbbee62869f'
[I] 16:45:06.474(0000000000169DD4):[AMQP0]success binding 'amq.direct'->'sc.task.rpc.fec6b940a29611e79fc66dbbee62869f'(sc.task.rpc.fec6b940a29611e79fc66dbbee62869f)
[I] 16:45:06.479(0000000000169DD4):[AMQP0]success declare queue 'sr.customer.tag.rpc.fecb7430a29611e79fc66dbbee62869f'
[I] 16:45:06.482(0000000000169DD4):[AMQP0]success consume 'sr.customer.tag.rpc.fecb7430a29611e79fc66dbbee62869f'
[I] 16:45:06.487(0000000000169DD4):[AMQP0]success binding 'amq.direct'->'sr.customer.tag.rpc.fecb7430a29611e79fc66dbbee62869f'(sr.customer.tag.rpc.fecb7430a29611e79fc66dbbee62869f)
[I] 16:45:06.491(0000000000169DD4):[AMQP0]success declare queue 'sr.customer.point.rpc.fecb9b40a29611e79fc66dbbee62869f'
[I] 16:45:06.493(0000000000169DD4):[AMQP0]success consume 'sr.customer.point.rpc.fecb9b40a29611e79fc66dbbee62869f'
[I] 16:45:06.495(0000000000169DD4):[AMQP0]success binding 'amq.direct'->'sr.customer.point.rpc.fecb9b40a29611e79fc66dbbee62869f'(sr.customer.point.rpc.fecb9b40a29611e79fc66dbbee62869f)
[I] 16:45:06.499(0000000000169DD4):[AMQP0]success declare queue 'sr.customer.coupon_class.rpc.fecf1db0a29611e79fc66dbbee62869f'
[I] 16:45:06.500(0000000000169DD4):[AMQP0]success consume 'sr.customer.coupon_class.rpc.fecf1db0a29611e79fc66dbbee62869f'
[I] 16:45:06.502(0000000000169DD4):[AMQP0]success binding 'amq.direct'->'sr.customer.coupon_class.rpc.fecf1db0a29611e79fc66dbbee62869f'(sr.customer.coupon_class.rpc.fecf1db0a29611e79fc66dbbee62869f)
[I] 16:45:06.509(0000000000169DD4):[AMQP0]success declare queue 'sr.customer.coupon.rpc.fecf1db1a29611e79fc66dbbee62869f'
[I] 16:45:06.514(0000000000169DD4):[AMQP0]success consume 'sr.customer.coupon.rpc.fecf1db1a29611e79fc66dbbee62869f'
[I] 16:45:06.517(0000000000169DD4):[AMQP0]success binding 'amq.direct'->'sr.customer.coupon.rpc.fecf1db1a29611e79fc66dbbee62869f'(sr.customer.coupon.rpc.fecf1db1a29611e79fc66dbbee62869f)
[I] 16:45:06.521(0000000000169DD4):[AMQP0]success declare queue 'cf.wxpay.rpc.fed11980a29611e79fc66dbbee62869f'
[I] 16:45:06.522(0000000000169DD4):[AMQP0]success consume 'cf.wxpay.rpc.fed11980a29611e79fc66dbbee62869f'
[I] 16:45:06.524(0000000000169DD4):[AMQP0]success binding 'amq.direct'->'cf.wxpay.rpc.fed11980a29611e79fc66dbbee62869f'(cf.wxpay.rpc.fed11980a29611e79fc66dbbee62869f)
[I] 16:45:06.537(0000000000169DD4):[AMQP0]success declare queue 'cf.baidu.rpc.fed4c300a29611e79fc66dbbee62869f'
[I] 16:45:06.539(0000000000169DD4):[AMQP0]success consume 'cf.baidu.rpc.fed4c300a29611e79fc66dbbee62869f'
[I] 16:45:06.542(0000000000169DD4):[AMQP0]success binding 'amq.direct'->'cf.baidu.rpc.fed4c300a29611e79fc66dbbee62869f'(cf.baidu.rpc.fed4c300a29611e79fc66dbbee62869f)
[I] 16:45:06.546(0000000000169DD4):[AMQP0]success declare queue 'sr.trade.rpc.fedab670a29611e79fc66dbbee62869f'
[I] 16:45:06.547(0000000000169DD4):[AMQP0]success consume 'sr.trade.rpc.fedab670a29611e79fc66dbbee62869f'
[I] 16:45:06.549(0000000000169DD4):[AMQP0]success binding 'amq.direct'->'sr.trade.rpc.fedab670a29611e79fc66dbbee62869f'(sr.trade.rpc.fedab670a29611e79fc66dbbee62869f)
[I] 16:45:06.576(00000000001F84BC):[AMQP0]created
[I] 16:45:06.586(00000000001F84BC):[AMQP0]declare queue 'cf.rpc.ff0bd890a29611e7a1a6ef04fbfa5216'
[I] 16:45:06.588(00000000001F84BC):[RPCC:cf.rpc]create rpc client 'cf.rpc' in conn AMQP0
[I] 16:45:06.697(00000000001F84BC):PBEncoder success load file 'E:\product\protocol\cf.proto.js'
[I] 16:45:06.698(00000000001F84BC):[AMQP0]declare queue 'cf.wechat.rpc.ff1d16a0a29611e7a1a6ef04fbfa5216'
[I] 16:45:06.698(00000000001F84BC):[RPCC:cf.wechat.rpc]create rpc client 'cf.wechat.rpc' in conn AMQP0
[I] 16:45:06.765(00000000001F84BC):PBEncoder success load file 'E:\product\protocol\cf_wechat.proto.js'
[I] 16:45:06.766(00000000001F84BC):[AMQP0]declare exchange 'cf.wechat.notify'
[I] 16:45:06.766(00000000001F84BC):[AMQP0]declare queue 'jiaxingwang.sc_admin.wechat.ff2776e0a29611e7a1a6ef04fbfa5216'
[I] 16:45:06.766(00000000001F84BC):[AMQP0]declare queue 'cf.app.rpc.ff2776e1a29611e7a1a6ef04fbfa5216'
[I] 16:45:06.767(00000000001F84BC):[RPCC:cf.app.rpc]create rpc client 'cf.app.rpc' in conn AMQP0
[I] 16:45:06.771(00000000001F84BC):PBEncoder success load file 'E:\product\protocol\cf_app.proto.js'
[I] 16:45:06.771(00000000001F84BC):[AMQP0]declare queue 'cf.alipay.rpc.ff283a30a29611e7a1a6ef04fbfa5216'
[I] 16:45:06.772(00000000001F84BC):[RPCC:cf.alipay.rpc]create rpc client 'cf.alipay.rpc' in conn AMQP0
[I] 16:45:06.779(00000000001F84BC):PBEncoder success load file 'E:\product\protocol\cf_alipay.proto.js'
[I] 16:45:06.779(00000000001F84BC):[AMQP0]declare queue 'cf.ding.rpc.ff2972b0a29611e7a1a6ef04fbfa5216'
[I] 16:45:06.779(00000000001F84BC):[RPCC:cf.ding.rpc]create rpc client 'cf.ding.rpc' in conn AMQP0
[I] 16:45:06.790(00000000001F84BC):PBEncoder success load file 'E:\product\protocol\cf_ding.proto.js'
[I] 16:45:06.790(00000000001F84BC):[AMQP0]declare exchange 'cf.ding.notify'
[I] 16:45:06.790(00000000001F84BC):[AMQP0]declare queue 'jiaxingwang.sc_admin.ding.ff2b2060a29611e7a1a6ef04fbfa5216'
[I] 16:45:06.791(00000000001F84BC):[AM]init and reload account!
[I] 16:45:06.795(00000000001F84BC):[AM]reload account success, account number is: 0
[I] 16:45:06.798(00000000001F84BC):[AMQP0]declare queue 'sr.customer.rpc.ff2c58e0a29611e7a1a6ef04fbfa5216'
[I] 16:45:06.798(00000000001F84BC):[RPCC:sr.customer.rpc]create rpc client 'sr.customer.rpc' in conn AMQP0
[I] 16:45:06.806(00000000001F84BC):PBEncoder success load file 'E:\product\protocol\sr_customer.proto.js'
[W] 16:45:06.807(00000000001F84BC):[AMQP0]rpc client 'cf.rpc' declare repeat!
[W] 16:45:06.807(00000000001F84BC):[AMQP0]rpc client 'cf.wechat.rpc' declare repeat!
[W] 16:45:06.808(00000000001F84BC):[AMQP0]rpc client 'cf.app.rpc' declare repeat!
[I] 16:45:06.970(00000000001F84BC):PBEncoder success load file 'E:\product\protocol\sc_system.proto.js'
[I] 16:45:07.021(00000000001F84BC):[AMQP1]created
[I] 16:45:07.022(00000000001F84BC):[AMQP1]declare exchange 'amq.direct'
[I] 16:45:07.022(00000000001F84BC):[AMQP1]declare queue 'cf.wechat.rpc.ff4e86e0a29611e7a1a6ef04fbfa5216'
[I] 16:45:07.023(00000000001F84BC):[RPCC:cf.wechat.rpc]create rpc client 'cf.wechat.rpc' in conn AMQP1
[I] 16:45:07.024(00000000001F84BC):[AMQP2]created
[I] 16:45:07.028(00000000001F84BC):[AMQP0]declare exchange 'amq.direct'
[I] 16:45:07.029(00000000001F84BC):[AMQP0]declare queue 'sc.task.rpc.ff4f9850a29611e7a1a6ef04fbfa5216'
[I] 16:45:07.029(00000000001F84BC):[RPCC:sc.task.rpc]create rpc client 'sc.task.rpc' in conn AMQP0
[I] 16:45:07.036(00000000001F84BC):PBEncoder success load file 'E:\product\protocol\sc_task.proto.js'
[I] 16:45:07.059(00000000001F84BC):[AMQP0]declare queue 'sr.customer.tag.rpc.ff542c30a29611e7a1a6ef04fbfa5216'
[I] 16:45:07.059(00000000001F84BC):[RPCC:sr.customer.tag.rpc]create rpc client 'sr.customer.tag.rpc' in conn AMQP0
[I] 16:45:07.060(00000000001F84BC):[AMQP0]declare queue 'sr.customer.point.rpc.ff545340a29611e7a1a6ef04fbfa5216'
[I] 16:45:07.060(00000000001F84BC):[RPCC:sr.customer.point.rpc]create rpc client 'sr.customer.point.rpc' in conn AMQP0
[I] 16:45:07.069(00000000001F84BC):PBEncoder success load file 'E:\product\protocol\sr_customer_point.proto.js'
[I] 16:45:07.076(00000000001F84BC):PBEncoder success load file 'E:\product\protocol\sr_customer_tag.proto.js'
[W] 16:45:07.085(00000000001F84BC):[AMQP0]rpc client 'cf.wechat.rpc' declare repeat!
[I] 16:45:07.086(00000000001F84BC):[AMQP0]declare queue 'sr.customer.coupon_class.rpc.ff584ae0a29611e7a1a6ef04fbfa5216'
[I] 16:45:07.086(00000000001F84BC):[RPCC:sr.customer.coupon_class.rpc]create rpc client 'sr.customer.coupon_class.rpc' in conn AMQP0
[I] 16:45:07.087(00000000001F84BC):[AMQP0]declare queue 'sr.customer.coupon.rpc.ff5871f0a29611e7a1a6ef04fbfa5216'
[I] 16:45:07.087(00000000001F84BC):[RPCC:sr.customer.coupon.rpc]create rpc client 'sr.customer.coupon.rpc' in conn AMQP0
[I] 16:45:07.098(00000000001F84BC):PBEncoder success load file 'E:\product\protocol\sr_customer_coupon.proto.js'
[W] 16:45:07.099(00000000001F84BC):[AMQP0]rpc client 'cf.wechat.rpc' declare repeat!
[I] 16:45:07.099(00000000001F84BC):[AMQP0]declare queue 'cf.wxpay.rpc.ff5a46b0a29611e7a1a6ef04fbfa5216'
[I] 16:45:07.099(00000000001F84BC):[RPCC:cf.wxpay.rpc]create rpc client 'cf.wxpay.rpc' in conn AMQP0
[I] 16:45:07.112(00000000001F84BC):PBEncoder success load file 'E:\product\protocol\cf_wxpay.proto.js'
[W] 16:45:07.113(00000000001F84BC):[AMQP0]rpc client 'sr.customer.point.rpc' declare repeat!
[W] 16:45:07.120(00000000001F84BC):[AMQP0]exchange amq.direct already declare!!
[W] 16:45:07.120(00000000001F84BC):[AMQP0]rpc client 'sr.customer.rpc' declare repeat!
[W] 16:45:07.120(00000000001F84BC):[AMQP0]rpc client 'sr.customer.coupon.rpc' declare repeat!
[W] 16:45:07.120(00000000001F84BC):[AMQP0]rpc client 'cf.wechat.rpc' declare repeat!
[W] 16:45:07.123(00000000001F84BC):[AMQP0]exchange amq.direct already declare!!
[I] 16:45:07.123(00000000001F84BC):[AMQP0]declare queue 'cf.baidu.rpc.ff5df030a29611e7a1a6ef04fbfa5216'
[I] 16:45:07.123(00000000001F84BC):[RPCC:cf.baidu.rpc]create rpc client 'cf.baidu.rpc' in conn AMQP0
[I] 16:45:07.127(00000000001F84BC):PBEncoder success load file 'E:\product\protocol\cf_baidu.proto.js'
[I] 16:45:07.131(00000000001F84BC):[AMQP3]created
[I] 16:45:07.140(00000000001F84BC):[AMQP4]created
[I] 16:45:07.140(00000000001F84BC):[AMQP4]declare exchange 'amq.direct'
[I] 16:45:07.141(00000000001F84BC):[AMQP4]declare queue 'cf.app.rpc.ff608840a29611e7a1a6ef04fbfa5216'
[I] 16:45:07.141(00000000001F84BC):[RPCC:cf.app.rpc]create rpc client 'cf.app.rpc' in conn AMQP4
[I] 16:45:07.141(00000000001F84BC):[AMQP4]declare queue 'cf.wechat.rpc.ff60af50a29611e7a1a6ef04fbfa5216'
[I] 16:45:07.141(00000000001F84BC):[RPCC:cf.wechat.rpc]create rpc client 'cf.wechat.rpc' in conn AMQP4
[I] 16:45:07.141(00000000001F84BC):[AMQP4]declare queue 'cf.rpc.ff60af51a29611e7a1a6ef04fbfa5216'
[I] 16:45:07.142(00000000001F84BC):[RPCC:cf.rpc]create rpc client 'cf.rpc' in conn AMQP4
[I] 16:45:07.142(00000000001F84BC):[AMQP4]declare queue 'sc.task.rpc.ff60d660a29611e7a1a6ef04fbfa5216'
[I] 16:45:07.142(00000000001F84BC):[RPCC:sc.task.rpc]create rpc client 'sc.task.rpc' in conn AMQP4
[I] 16:45:07.145(00000000001F84BC):[AMQP5]created
[I] 16:45:07.145(00000000001F84BC):[AMQP5]declare exchange 'amq.direct'
[I] 16:45:07.146(00000000001F84BC):[AMQP5]declare queue 'cf.wechat.rpc.ff614b90a29611e7a1a6ef04fbfa5216'
[I] 16:45:07.146(00000000001F84BC):[RPCC:cf.wechat.rpc]create rpc client 'cf.wechat.rpc' in conn AMQP5
[W] 16:45:07.147(00000000001F84BC):[AMQP0]rpc client 'sr.customer.point.rpc' declare repeat!
[I] 16:45:07.150(00000000001F84BC):[AMQP6]created
[I] 16:45:07.150(00000000001F84BC):[AMQP6]declare exchange 'amq.direct'
[I] 16:45:07.150(00000000001F84BC):[AMQP6]declare queue 'cf.wechat.rpc.ff620ee0a29611e7a1a6ef04fbfa5216'
[I] 16:45:07.151(00000000001F84BC):[RPCC:cf.wechat.rpc]create rpc client 'cf.wechat.rpc' in conn AMQP6
[I] 16:45:07.155(00000000001F84BC):[AMQP7]created
[I] 16:45:07.156(00000000001F84BC):[AMQP7]declare exchange 'amq.direct'
[I] 16:45:07.156(00000000001F84BC):[AMQP7]declare queue 'sc.task.rpc.ff62f940a29611e7a1a6ef04fbfa5216'
[I] 16:45:07.156(00000000001F84BC):[RPCC:sc.task.rpc]create rpc client 'sc.task.rpc' in conn AMQP7
[I] 16:45:07.157(00000000001F84BC):[AMQP7]declare queue 'sr.customer.rewardfail.ff632050a29611e7a1a6ef04fbfa5216'
[I] 16:45:07.157(00000000001F84BC):[RPCC:sr.customer.rewardfail]create rpc client 'sr.customer.rewardfail' in conn AMQP7
[W] 16:45:07.160(00000000001F84BC):[AMQP0]exchange amq.direct already declare!!
[W] 16:45:07.160(00000000001F84BC):[AMQP0]rpc client 'sr.customer.tag.rpc' declare repeat!
[W] 16:45:07.160(00000000001F84BC):[AMQP0]rpc client 'sc.task.rpc' declare repeat!
[W] 16:45:07.163(00000000001F84BC):[AMQP0]exchange amq.direct already declare!!
[I] 16:45:07.163(00000000001F84BC):[AMQP0]declare queue 'sr.trade.rpc.ff640ab0a29611e7a1a6ef04fbfa5216'
[I] 16:45:07.163(00000000001F84BC):[RPCC:sr.trade.rpc]create rpc client 'sr.trade.rpc' in conn AMQP0
[I] 16:45:07.167(00000000001F84BC):PBEncoder success load file 'E:\product\protocol\sr_trade.proto.js'
[I] 16:45:07.170(00000000001F84BC):[AMQP8]created
[I] 16:45:07.170(00000000001F84BC):[AMQP8]declare exchange 'amq.direct'
[I] 16:45:07.170(00000000001F84BC):[AMQP8]declare queue 'cf.wechat.rpc.ff651c20a29611e7a1a6ef04fbfa5216'
[I] 16:45:07.171(00000000001F84BC):[RPCC:cf.wechat.rpc]create rpc client 'cf.wechat.rpc' in conn AMQP8
[T] 16:45:07.191(00000000001F84BC):Http is running,port is 18910
[I] 16:45:07.197(00000000001F84BC):[redis]redis connect
[I] 16:45:07.211(00000000001F84BC):[redis]redis ready
[I] 16:45:07.213(00000000001F84BC):[MP1]create connection #0
[T] 16:45:07.214(00000000001F84BC):[MP1]getConnection success,getIndex=0
[I] 16:45:07.215(00000000001F84BC):[MP1]create connection #1
[T] 16:45:07.216(00000000001F84BC):[MP1]getConnection success,getIndex=1
[T] 16:45:07.224(00000000001F84BC):[MySQL]Query success,used time:6 ms,sql="select * from cf_account where enabled=1 and function_mask like \"1%\""
[T] 16:45:07.232(00000000001F84BC):[MySQL]Query success,used time:13 ms,sql="SELECT * FROM `sc_org`"
[T] 16:45:07.233(00000000001F84BC):getConnection release,getIndex=0
[T] 16:45:07.233(00000000001F84BC):getConnection release,getIndex=1
[I] 16:45:07.233(00000000001F84BC):[AM]get account list success: [{"innerid":"HEDV35FASG-DGW423A-34TGGW53AAD66","name":"乐逛演示","org_id":"1","shop_id":null,"settlement_id":null,"method_code":1,"method_code_key":"wechat_test3_1","function_mask":"10","config":"{\"accountid\":\"gh_92368265694f\",\"fee_type\":\"CNY\",\"appid\":\"wx39bf9ff3da6fc1e7\",\"appsecret\":\"e00fc51118b318fb99cff35d217865fc\",\"mch_id\":\"1287801701\",\"sub_mch_id\":\"\",\"sign_key\":\"smartpaysmartpaysmartpaysmartpay\",\"key_file\":\"apiclient_key.pem\",\"cert_file\":\"apiclient_cert.pem\",\"pay_authorization_dir\":[\"\",\"\",\"\"],\"pay_native_callback\":\"\",\"pay_finish_notify\":\"1\",\"pay_alarm_notify\":\"\"}","enabled":1,"desc":null},{"innerid":"SE43RG3ASG-34GWW55A-34TG43HER452","name":"短信测试一","org_id":"1","shop_id":null,"settlement_id":null,"method_code":2,"method_code_key":"wechat_test1_2","function_mask":"10","config":"{\"url\" : \"http://211.147.239.62:9050/cgi-bin/sendsms\",\"username\" : \"shopperconnect@smartac\",\"password\" : \"shopCNT@smartc2016\"}","enabled":1,"desc":null},{"innerid":"SMFGSW423GWS-G43HTEHE2-HHEDR5462HS","name":"邮件测试一","org_id":"1","shop_id":null,"settlement_id":null,"method_code":3,"method_code_key":"wechat_test1_3","function_mask":"10","config":"{\"smtpserver\" : \"smtp.163.com\",\"port\": 25,\"username\" : \"zyqtest5@163.com\",\"password\" : \"zyqtest5881119\",\"SSL\":false}","enabled":1,"desc":null}]
[I] 16:45:07.263(00000000001F84BC):[AMQP0]AMQP0 connect 'amqp://guest:guest@172.16.0.81:5672' success!
[I] 16:45:07.267(00000000001F84BC):[AMQP4]AMQP4 connect 'amqp://guest:guest@172.16.0.81:5672' success!
[I] 16:45:07.268(00000000001F84BC):[AMQP6]AMQP6 connect 'amqp://guest:guest@172.16.0.81:5672' success!
[I] 16:45:07.269(00000000001F84BC):[AMQP5]AMQP5 connect 'amqp://guest:guest@172.16.0.81:5672' success!
[I] 16:45:07.271(00000000001F84BC):[AMQP8]AMQP8 connect 'amqp://guest:guest@172.16.0.81:5672' success!
[I] 16:45:07.272(00000000001F84BC):[AMQP1]AMQP1 connect 'amqp://guest:guest@172.16.0.81:5672' success!
[I] 16:45:07.273(00000000001F84BC):[AMQP7]AMQP7 connect 'amqp://guest:guest@172.16.0.81:5672' success!
[I] 16:45:07.286(00000000001F84BC):[AMQP8]success declare exchange 'amq.direct'
[I] 16:45:07.287(00000000001F84BC):[AMQP5]success declare exchange 'amq.direct'
[I] 16:45:07.287(00000000001F84BC):[AMQP4]success declare exchange 'amq.direct'
[I] 16:45:07.289(00000000001F84BC):[AMQP6]success declare exchange 'amq.direct'
[I] 16:45:07.289(00000000001F84BC):[AMQP7]success declare exchange 'amq.direct'
[I] 16:45:07.290(00000000001F84BC):[AMQP1]success declare exchange 'amq.direct'
[I] 16:45:07.291(00000000001F84BC):[AMQP0]success declare queue 'cf.rpc.ff0bd890a29611e7a1a6ef04fbfa5216'
[I] 16:45:07.292(00000000001F84BC):[AMQP8]success declare queue 'cf.wechat.rpc.ff651c20a29611e7a1a6ef04fbfa5216'
[I] 16:45:07.293(00000000001F84BC):[AMQP8]success consume 'cf.wechat.rpc.ff651c20a29611e7a1a6ef04fbfa5216'
[I] 16:45:07.294(00000000001F84BC):[AMQP0]success consume 'cf.rpc.ff0bd890a29611e7a1a6ef04fbfa5216'
[I] 16:45:07.295(00000000001F84BC):[AMQP6]success declare queue 'cf.wechat.rpc.ff620ee0a29611e7a1a6ef04fbfa5216'
[I] 16:45:07.296(00000000001F84BC):[AMQP4]success declare queue 'cf.app.rpc.ff608840a29611e7a1a6ef04fbfa5216'
[I] 16:45:07.297(00000000001F84BC):[AMQP5]success declare queue 'cf.wechat.rpc.ff614b90a29611e7a1a6ef04fbfa5216'
[I] 16:45:07.298(00000000001F84BC):[AMQP7]success declare queue 'sc.task.rpc.ff62f940a29611e7a1a6ef04fbfa5216'
[I] 16:45:07.298(00000000001F84BC):[AMQP1]success declare queue 'cf.wechat.rpc.ff4e86e0a29611e7a1a6ef04fbfa5216'
[I] 16:45:07.300(00000000001F84BC):[AMQP8]success binding 'amq.direct'->'cf.wechat.rpc.ff651c20a29611e7a1a6ef04fbfa5216'(cf.wechat.rpc.ff651c20a29611e7a1a6ef04fbfa5216)
[I] 16:45:07.300(00000000001F84BC):[AMQP0]success binding 'amq.direct'->'cf.rpc.ff0bd890a29611e7a1a6ef04fbfa5216'(cf.rpc.ff0bd890a29611e7a1a6ef04fbfa5216)
[I] 16:45:07.301(00000000001F84BC):[AMQP6]success consume 'cf.wechat.rpc.ff620ee0a29611e7a1a6ef04fbfa5216'
[I] 16:45:07.302(00000000001F84BC):[AMQP4]success consume 'cf.app.rpc.ff608840a29611e7a1a6ef04fbfa5216'
[I] 16:45:07.302(00000000001F84BC):[AMQP7]success consume 'sc.task.rpc.ff62f940a29611e7a1a6ef04fbfa5216'
[I] 16:45:07.302(00000000001F84BC):[AMQP5]success consume 'cf.wechat.rpc.ff614b90a29611e7a1a6ef04fbfa5216'
[I] 16:45:07.303(00000000001F84BC):[AMQP1]success consume 'cf.wechat.rpc.ff4e86e0a29611e7a1a6ef04fbfa5216'
[I] 16:45:07.304(00000000001F84BC):[AMQP6]success binding 'amq.direct'->'cf.wechat.rpc.ff620ee0a29611e7a1a6ef04fbfa5216'(cf.wechat.rpc.ff620ee0a29611e7a1a6ef04fbfa5216)
[I] 16:45:07.306(00000000001F84BC):[AMQP0]success declare queue 'cf.wechat.rpc.ff1d16a0a29611e7a1a6ef04fbfa5216'
[I] 16:45:07.306(00000000001F84BC):[AMQP4]success binding 'amq.direct'->'cf.app.rpc.ff608840a29611e7a1a6ef04fbfa5216'(cf.app.rpc.ff608840a29611e7a1a6ef04fbfa5216)
[I] 16:45:07.307(00000000001F84BC):[AMQP1]success binding 'amq.direct'->'cf.wechat.rpc.ff4e86e0a29611e7a1a6ef04fbfa5216'(cf.wechat.rpc.ff4e86e0a29611e7a1a6ef04fbfa5216)
[I] 16:45:07.308(00000000001F84BC):[AMQP5]success binding 'amq.direct'->'cf.wechat.rpc.ff614b90a29611e7a1a6ef04fbfa5216'(cf.wechat.rpc.ff614b90a29611e7a1a6ef04fbfa5216)
[I] 16:45:07.308(00000000001F84BC):[AMQP0]success consume 'cf.wechat.rpc.ff1d16a0a29611e7a1a6ef04fbfa5216'
[I] 16:45:07.309(00000000001F84BC):[AMQP7]success binding 'amq.direct'->'sc.task.rpc.ff62f940a29611e7a1a6ef04fbfa5216'(sc.task.rpc.ff62f940a29611e7a1a6ef04fbfa5216)
[I] 16:45:07.311(00000000001F84BC):[AMQP4]success declare queue 'cf.wechat.rpc.ff60af50a29611e7a1a6ef04fbfa5216'
[I] 16:45:07.312(00000000001F84BC):[AMQP0]success binding 'amq.direct'->'cf.wechat.rpc.ff1d16a0a29611e7a1a6ef04fbfa5216'(cf.wechat.rpc.ff1d16a0a29611e7a1a6ef04fbfa5216)
[I] 16:45:07.313(00000000001F84BC):[AMQP4]success consume 'cf.wechat.rpc.ff60af50a29611e7a1a6ef04fbfa5216'
[I] 16:45:07.313(00000000001F84BC):[AMQP7]success declare queue 'sr.customer.rewardfail.ff632050a29611e7a1a6ef04fbfa5216'
[I] 16:45:07.314(00000000001F84BC):[AMQP0]success declare exchange 'cf.wechat.notify'
[I] 16:45:07.315(00000000001F84BC):[AMQP7]success consume 'sr.customer.rewardfail.ff632050a29611e7a1a6ef04fbfa5216'
[I] 16:45:07.316(00000000001F84BC):[AMQP4]success binding 'amq.direct'->'cf.wechat.rpc.ff60af50a29611e7a1a6ef04fbfa5216'(cf.wechat.rpc.ff60af50a29611e7a1a6ef04fbfa5216)
[I] 16:45:07.317(00000000001F84BC):[AMQP7]success binding 'amq.direct'->'sr.customer.rewardfail.ff632050a29611e7a1a6ef04fbfa5216'(sr.customer.rewardfail.ff632050a29611e7a1a6ef04fbfa5216)
[I] 16:45:07.318(00000000001F84BC):[AMQP0]success declare queue 'jiaxingwang.sc_admin.wechat.ff2776e0a29611e7a1a6ef04fbfa5216'
[I] 16:45:07.320(00000000001F84BC):[AMQP4]success declare queue 'cf.rpc.ff60af51a29611e7a1a6ef04fbfa5216'
[I] 16:45:07.320(00000000001F84BC):[AMQP0]success consume 'jiaxingwang.sc_admin.wechat.ff2776e0a29611e7a1a6ef04fbfa5216'
[I] 16:45:07.321(00000000001F84BC):[AMQP4]success consume 'cf.rpc.ff60af51a29611e7a1a6ef04fbfa5216'
[I] 16:45:07.323(00000000001F84BC):[AMQP0]success binding 'cf.wechat.notify'->'jiaxingwang.sc_admin.wechat.ff2776e0a29611e7a1a6ef04fbfa5216'(#)
[I] 16:45:07.324(00000000001F84BC):[AMQP4]success binding 'amq.direct'->'cf.rpc.ff60af51a29611e7a1a6ef04fbfa5216'(cf.rpc.ff60af51a29611e7a1a6ef04fbfa5216)
[I] 16:45:07.329(00000000001F84BC):[AMQP0]success declare queue 'cf.app.rpc.ff2776e1a29611e7a1a6ef04fbfa5216'
[I] 16:45:07.330(00000000001F84BC):[AMQP4]success declare queue 'sc.task.rpc.ff60d660a29611e7a1a6ef04fbfa5216'
[I] 16:45:07.331(00000000001F84BC):[AMQP0]success consume 'cf.app.rpc.ff2776e1a29611e7a1a6ef04fbfa5216'
[I] 16:45:07.332(00000000001F84BC):[AMQP4]success consume 'sc.task.rpc.ff60d660a29611e7a1a6ef04fbfa5216'
[I] 16:45:07.335(00000000001F84BC):[AMQP0]success binding 'amq.direct'->'cf.app.rpc.ff2776e1a29611e7a1a6ef04fbfa5216'(cf.app.rpc.ff2776e1a29611e7a1a6ef04fbfa5216)
[I] 16:45:07.335(00000000001F84BC):[AMQP4]success binding 'amq.direct'->'sc.task.rpc.ff60d660a29611e7a1a6ef04fbfa5216'(sc.task.rpc.ff60d660a29611e7a1a6ef04fbfa5216)
[I] 16:45:07.340(00000000001F84BC):[AMQP0]success declare queue 'cf.alipay.rpc.ff283a30a29611e7a1a6ef04fbfa5216'
[I] 16:45:07.341(00000000001F84BC):[AMQP0]success consume 'cf.alipay.rpc.ff283a30a29611e7a1a6ef04fbfa5216'
[I] 16:45:07.344(00000000001F84BC):[AMQP0]success binding 'amq.direct'->'cf.alipay.rpc.ff283a30a29611e7a1a6ef04fbfa5216'(cf.alipay.rpc.ff283a30a29611e7a1a6ef04fbfa5216)
[I] 16:45:07.349(00000000001F84BC):[AMQP0]success declare queue 'cf.ding.rpc.ff2972b0a29611e7a1a6ef04fbfa5216'
[I] 16:45:07.351(00000000001F84BC):[AMQP0]success consume 'cf.ding.rpc.ff2972b0a29611e7a1a6ef04fbfa5216'
[I] 16:45:07.353(00000000001F84BC):[AMQP0]success binding 'amq.direct'->'cf.ding.rpc.ff2972b0a29611e7a1a6ef04fbfa5216'(cf.ding.rpc.ff2972b0a29611e7a1a6ef04fbfa5216)
[I] 16:45:07.356(00000000001F84BC):[AMQP0]success declare exchange 'cf.ding.notify'
[I] 16:45:07.362(00000000001F84BC):[AMQP0]success declare queue 'jiaxingwang.sc_admin.ding.ff2b2060a29611e7a1a6ef04fbfa5216'
[I] 16:45:07.365(00000000001F84BC):[AMQP0]success consume 'jiaxingwang.sc_admin.ding.ff2b2060a29611e7a1a6ef04fbfa5216'
[I] 16:45:07.367(00000000001F84BC):[AMQP0]success binding 'cf.ding.notify'->'jiaxingwang.sc_admin.ding.ff2b2060a29611e7a1a6ef04fbfa5216'(#)
[I] 16:45:07.370(00000000001F84BC):[AMQP0]success declare queue 'sr.customer.rpc.ff2c58e0a29611e7a1a6ef04fbfa5216'
[I] 16:45:07.373(00000000001F84BC):[AMQP0]success consume 'sr.customer.rpc.ff2c58e0a29611e7a1a6ef04fbfa5216'
[I] 16:45:07.376(00000000001F84BC):[AMQP0]success binding 'amq.direct'->'sr.customer.rpc.ff2c58e0a29611e7a1a6ef04fbfa5216'(sr.customer.rpc.ff2c58e0a29611e7a1a6ef04fbfa5216)
[I] 16:45:07.378(00000000001F84BC):[AMQP0]success declare exchange 'amq.direct'
[I] 16:45:07.381(00000000001F84BC):[AMQP0]success declare queue 'sc.task.rpc.ff4f9850a29611e7a1a6ef04fbfa5216'
[I] 16:45:07.383(00000000001F84BC):[AMQP0]success consume 'sc.task.rpc.ff4f9850a29611e7a1a6ef04fbfa5216'
[I] 16:45:07.385(00000000001F84BC):[AMQP0]success binding 'amq.direct'->'sc.task.rpc.ff4f9850a29611e7a1a6ef04fbfa5216'(sc.task.rpc.ff4f9850a29611e7a1a6ef04fbfa5216)
[I] 16:45:07.388(00000000001F84BC):[AMQP0]success declare queue 'sr.customer.tag.rpc.ff542c30a29611e7a1a6ef04fbfa5216'
[I] 16:45:07.389(00000000001F84BC):[AMQP0]success consume 'sr.customer.tag.rpc.ff542c30a29611e7a1a6ef04fbfa5216'
[I] 16:45:07.392(00000000001F84BC):[AMQP0]success binding 'amq.direct'->'sr.customer.tag.rpc.ff542c30a29611e7a1a6ef04fbfa5216'(sr.customer.tag.rpc.ff542c30a29611e7a1a6ef04fbfa5216)
[I] 16:45:07.396(00000000001F84BC):[AMQP0]success declare queue 'sr.customer.point.rpc.ff545340a29611e7a1a6ef04fbfa5216'
[I] 16:45:07.398(00000000001F84BC):[AMQP0]success consume 'sr.customer.point.rpc.ff545340a29611e7a1a6ef04fbfa5216'
[I] 16:45:07.402(00000000001F84BC):[AMQP0]success binding 'amq.direct'->'sr.customer.point.rpc.ff545340a29611e7a1a6ef04fbfa5216'(sr.customer.point.rpc.ff545340a29611e7a1a6ef04fbfa5216)
[I] 16:45:07.405(00000000001F84BC):[AMQP0]success declare queue 'sr.customer.coupon_class.rpc.ff584ae0a29611e7a1a6ef04fbfa5216'
[I] 16:45:07.407(00000000001F84BC):[AMQP0]success consume 'sr.customer.coupon_class.rpc.ff584ae0a29611e7a1a6ef04fbfa5216'
[I] 16:45:07.409(00000000001F84BC):[AMQP0]success binding 'amq.direct'->'sr.customer.coupon_class.rpc.ff584ae0a29611e7a1a6ef04fbfa5216'(sr.customer.coupon_class.rpc.ff584ae0a29611e7a1a6ef04fbfa5216)
[I] 16:45:07.414(00000000001F84BC):[AMQP0]success declare queue 'sr.customer.coupon.rpc.ff5871f0a29611e7a1a6ef04fbfa5216'
[I] 16:45:07.415(00000000001F84BC):[AMQP0]success consume 'sr.customer.coupon.rpc.ff5871f0a29611e7a1a6ef04fbfa5216'
[I] 16:45:07.418(00000000001F84BC):[AMQP0]success binding 'amq.direct'->'sr.customer.coupon.rpc.ff5871f0a29611e7a1a6ef04fbfa5216'(sr.customer.coupon.rpc.ff5871f0a29611e7a1a6ef04fbfa5216)
[I] 16:45:07.421(00000000001F84BC):[AMQP0]success declare queue 'cf.wxpay.rpc.ff5a46b0a29611e7a1a6ef04fbfa5216'
[I] 16:45:07.422(00000000001F84BC):[AMQP0]success consume 'cf.wxpay.rpc.ff5a46b0a29611e7a1a6ef04fbfa5216'
[I] 16:45:07.425(00000000001F84BC):[AMQP0]success binding 'amq.direct'->'cf.wxpay.rpc.ff5a46b0a29611e7a1a6ef04fbfa5216'(cf.wxpay.rpc.ff5a46b0a29611e7a1a6ef04fbfa5216)
[I] 16:45:07.429(00000000001F84BC):[AMQP0]success declare queue 'cf.baidu.rpc.ff5df030a29611e7a1a6ef04fbfa5216'
[I] 16:45:07.430(00000000001F84BC):[AMQP0]success consume 'cf.baidu.rpc.ff5df030a29611e7a1a6ef04fbfa5216'
[I] 16:45:07.432(00000000001F84BC):[AMQP0]success binding 'amq.direct'->'cf.baidu.rpc.ff5df030a29611e7a1a6ef04fbfa5216'(cf.baidu.rpc.ff5df030a29611e7a1a6ef04fbfa5216)
[I] 16:45:07.437(00000000001F84BC):[AMQP0]success declare queue 'sr.trade.rpc.ff640ab0a29611e7a1a6ef04fbfa5216'
[I] 16:45:07.438(00000000001F84BC):[AMQP0]success consume 'sr.trade.rpc.ff640ab0a29611e7a1a6ef04fbfa5216'
[I] 16:45:07.441(00000000001F84BC):[AMQP0]success binding 'amq.direct'->'sr.trade.rpc.ff640ab0a29611e7a1a6ef04fbfa5216'(sr.trade.rpc.ff640ab0a29611e7a1a6ef04fbfa5216)
[E] 16:46:36.271(0000000000169DD4):/api/login?name=admin&password=21232f297a57a5a743894a0e4a801fc3 crash!err=TypeError: msgProcesser[req.url](...)[(intermediate value)] is not a function
    at E:\product\scAdmin\js\sc\router\user.js:36:41
    at next (native)
    at onFulfilled (E:\product\node_modules\co\index.js:65:19)
    at E:\product\node_modules\co\index.js:54:5
    at co (E:\product\node_modules\co\index.js:50:10)
    at processMessage (E:\product\scAdmin\js\sc\router\user.js:34:5)
    at Layer.handle [as handle_request] (E:\product\node_modules\express\lib\router\layer.js:82:5)
    at next (E:\product\node_modules\express\lib\router\route.js:110:13)
    at Route.dispatch (E:\product\node_modules\express\lib\router\route.js:91:3)
    at Layer.handle [as handle_request] (E:\product\node_modules\express\lib\router\layer.js:82:5)
    at E:\product\node_modules\express\lib\router\index.js:267:22
    at Function.proto.process_params (E:\product\node_modules\express\lib\router\index.js:321:12)
    at next (E:\product\node_modules\express\lib\router\index.js:261:10)
    at E:\product\scAdmin\js\interface_http.js:101:9
    at Layer.handle [as handle_request] (E:\product\node_modules\express\lib\router\layer.js:82:5)
    at trim_prefix (E:\product\node_modules\express\lib\router\index.js:302:13)
    at E:\product\node_modules\express\lib\router\index.js:270:7
    at Function.proto.process_params (E:\product\node_modules\express\lib\router\index.js:321:12)
    at next (E:\product\node_modules\express\lib\router\index.js:261:10)
    at exports.routeFilter (E:\product\scAdmin\js\session_manager.js:114:9)
    at Layer.handle [as handle_request] (E:\product\node_modules\express\lib\router\layer.js:82:5)
    at trim_prefix (E:\product\node_modules\express\lib\router\index.js:302:13)
    at E:\product\node_modules\express\lib\router\index.js:270:7
    at Function.proto.process_params (E:\product\node_modules\express\lib\router\index.js:321:12)
    at next (E:\product\node_modules\express\lib\router\index.js:261:10)
    at methodOverride (E:\product\node_modules\method-override\index.js:63:14)
    at Layer.handle [as handle_request] (E:\product\node_modules\express\lib\router\layer.js:82:5)
    at trim_prefix (E:\product\node_modules\express\lib\router\index.js:302:13)
[E] 16:47:49.513(0000000000169DD4):/api/login?name=admin&password=21232f297a57a5a743894a0e4a801fc3 crash!err=TypeError: msgProcesser[req.url](...)[(intermediate value)] is not a function
    at E:\product\scAdmin\js\sc\router\user.js:36:41
    at next (native)
    at onFulfilled (E:\product\node_modules\co\index.js:65:19)
    at E:\product\node_modules\co\index.js:54:5
    at co (E:\product\node_modules\co\index.js:50:10)
    at processMessage (E:\product\scAdmin\js\sc\router\user.js:34:5)
    at Layer.handle [as handle_request] (E:\product\node_modules\express\lib\router\layer.js:82:5)
    at next (E:\product\node_modules\express\lib\router\route.js:110:13)
    at Route.dispatch (E:\product\node_modules\express\lib\router\route.js:91:3)
    at Layer.handle [as handle_request] (E:\product\node_modules\express\lib\router\layer.js:82:5)
    at E:\product\node_modules\express\lib\router\index.js:267:22
    at Function.proto.process_params (E:\product\node_modules\express\lib\router\index.js:321:12)
    at next (E:\product\node_modules\express\lib\router\index.js:261:10)
    at E:\product\scAdmin\js\interface_http.js:101:9
    at Layer.handle [as handle_request] (E:\product\node_modules\express\lib\router\layer.js:82:5)
    at trim_prefix (E:\product\node_modules\express\lib\router\index.js:302:13)
    at E:\product\node_modules\express\lib\router\index.js:270:7
    at Function.proto.process_params (E:\product\node_modules\express\lib\router\index.js:321:12)
    at next (E:\product\node_modules\express\lib\router\index.js:261:10)
    at exports.routeFilter (E:\product\scAdmin\js\session_manager.js:114:9)
    at Layer.handle [as handle_request] (E:\product\node_modules\express\lib\router\layer.js:82:5)
    at trim_prefix (E:\product\node_modules\express\lib\router\index.js:302:13)
    at E:\product\node_modules\express\lib\router\index.js:270:7
    at Function.proto.process_params (E:\product\node_modules\express\lib\router\index.js:321:12)
    at next (E:\product\node_modules\express\lib\router\index.js:261:10)
    at methodOverride (E:\product\node_modules\method-override\index.js:63:14)
    at Layer.handle [as handle_request] (E:\product\node_modules\express\lib\router\layer.js:82:5)
    at trim_prefix (E:\product\node_modules\express\lib\router\index.js:302:13)
[I] 16:50:05.810(000000000016696C):[redis]redis close
[T] 16:50:05.813(000000000016696C):[redis]redis reconnecting
[I] 16:50:05.821(000000000016696C):[redis]redis connect
[I] 16:50:05.823(000000000016696C):[redis]redis ready
[I] 16:50:08.011(00000000001F84BC):[redis]redis close
[T] 16:50:08.012(00000000001F84BC):[redis]redis reconnecting
[I] 16:50:08.016(00000000001F84BC):[redis]redis connect
[I] 16:50:08.018(00000000001F84BC):[redis]redis ready
[I] 16:50:08.111(0000000000169DD4):[redis]redis close
[T] 16:50:08.112(0000000000169DD4):[redis]redis reconnecting
[I] 16:50:08.115(0000000000169DD4):[redis]redis connect
[I] 16:50:08.117(0000000000169DD4):[redis]redis ready
[W] 16:50:40.270(000000000015AAA0):recv 'Ctrl+C' break sign!next exit!
[D] 16:50:40.275(000000000015AAA0):worker process log socket error!err=Error: read ECONNRESET
    at exports._errnoException (util.js:890:11)
    at TCP.onread (net.js:550:26)
[D] 16:50:40.276(000000000015AAA0):worker process log socket close!
[D] 16:50:40.280(000000000015AAA0):worker process log socket error!err=Error: read ECONNRESET
    at exports._errnoException (util.js:890:11)
    at TCP.onread (net.js:550:26)
[D] 16:50:40.281(000000000015AAA0):worker process log socket close!
[D] 16:50:40.281(000000000015AAA0):worker process log socket error!err=Error: read ECONNRESET
    at exports._errnoException (util.js:890:11)
    at TCP.onread (net.js:550:26)
[D] 16:50:40.281(000000000015AAA0):worker process log socket close!
[W] 16:50:40.290(000000000015AAA0):worker 16696C(0#) died.
[W] 16:50:40.291(000000000015AAA0):worker 1F84BC(2#) died.
[W] 16:50:40.291(000000000015AAA0):worker 169DD4(1#) died.
[W] 16:50:40.604(000000000015AAA0):try restart worker 0# ...
[I] 16:50:40.621(000000000015AAA0):start worker success,pid=62FE8(0#)
[D] 16:50:41.542(000000000015AAA0):worker process log socket connected!
[D] 16:50:41.529(0000000000062FE8):worker 0# ready to connect master log socket server, port=39281
[D] 16:50:41.544(0000000000062FE8):worker 0# log socket connected!
[W] 16:50:41.638(000000000015AAA0):try restart worker 1# ...
[I] 16:50:41.645(000000000015AAA0):start worker success,pid=B2A98(1#)
[D] 16:50:42.307(000000000015AAA0):worker process log socket error!err=Error: read ECONNRESET
    at exports._errnoException (util.js:890:11)
    at TCP.onread (net.js:550:26)
[D] 16:50:42.307(000000000015AAA0):worker process log socket close!
[W] 16:50:42.312(000000000015AAA0):worker 62FE8(0#) died.
