[D] 14:45:56.365(000000000007E370):master log socket server started! host=::, port=16752
[I] 14:45:56.373(000000000007E370):master log channel started!port=16752
[I] 14:45:56.442(000000000007E370):[AMQP0]created
[I] 14:45:56.448(000000000007E370):[AMQP0]declare exchange 'sc.system'
[I] 14:45:56.449(000000000007E370):[AMQP0]declare queue 'jiaxingwang.sc_admin.system.593b8600a28611e79913a3f101b0697a'
[I] 14:45:56.549(000000000007E370):PBEncoder success load file 'E:\product\protocol\sc_system.proto.js'
[I] 14:45:56.612(000000000007E370):[AMQP0]AMQP0 connect 'amqp://guest:guest@172.16.0.81:5672' success!
[I] 14:45:56.623(000000000007E370):[AMQP0]success declare exchange 'sc.system'
[I] 14:45:56.628(000000000007E370):[AMQP0]success declare queue 'jiaxingwang.sc_admin.system.593b8600a28611e79913a3f101b0697a'
[I] 14:45:56.630(000000000007E370):[AMQP0]success consume 'jiaxingwang.sc_admin.system.593b8600a28611e79913a3f101b0697a'
[I] 14:45:56.632(000000000007E370):[AMQP0]success binding 'sc.system'->'jiaxingwang.sc_admin.system.593b8600a28611e79913a3f101b0697a'()
[D] 14:45:56.826(000000000007E370):[sc_admin][jiaxingwang.sc_admin.-1]drop unknown message '{"content":null,"header":{"sender":"jiaxingwang.sc_admin","sender_type":"sc_admin","version":null},"res_error":null,"ntf_basedata_changed":null,"ntf_config_changed":null,"ntf_status":{"status":2},"ping":null,"pong":null}'
[W] 14:45:57.374(000000000007E370):try restart worker 0# ...
[I] 14:45:57.389(000000000007E370):start worker success,pid=81480(0#)
[D] 14:45:58.043(000000000007E370):worker process log socket connected!
[D] 14:45:58.036(0000000000081480):worker 0# ready to connect master log socket server, port=16752
[D] 14:45:58.044(0000000000081480):worker 0# log socket connected!
[W] 14:45:58.403(000000000007E370):try restart worker 1# ...
[I] 14:45:58.408(000000000007E370):start worker success,pid=82E54(1#)
[I] 14:45:58.770(0000000000081480):[AMQP0]created
[I] 14:45:58.780(0000000000081480):[AMQP0]declare queue 'cf.rpc.5a9f5bc0a28611e79928f385d3b85c4a'
[I] 14:45:58.781(0000000000081480):[RPCC:cf.rpc]create rpc client 'cf.rpc' in conn AMQP0
[I] 14:45:58.903(0000000000081480):PBEncoder success load file 'E:\product\protocol\cf.proto.js'
[I] 14:45:58.904(0000000000081480):[AMQP0]declare queue 'cf.wechat.rpc.5ab24780a28611e79928f385d3b85c4a'
[I] 14:45:58.905(0000000000081480):[RPCC:cf.wechat.rpc]create rpc client 'cf.wechat.rpc' in conn AMQP0
[I] 14:45:58.990(0000000000081480):PBEncoder success load file 'E:\product\protocol\cf_wechat.proto.js'
[I] 14:45:58.992(0000000000081480):[AMQP0]declare exchange 'cf.wechat.notify'
[I] 14:45:58.994(0000000000081480):[AMQP0]declare queue 'jiaxingwang.sc_admin.wechat.5ac00320a28611e79928f385d3b85c4a'
[I] 14:45:58.996(0000000000081480):[AMQP0]declare queue 'cf.app.rpc.5ac05140a28611e79928f385d3b85c4a'
[I] 14:45:58.997(0000000000081480):[RPCC:cf.app.rpc]create rpc client 'cf.app.rpc' in conn AMQP0
[I] 14:45:59.002(0000000000081480):PBEncoder success load file 'E:\product\protocol\cf_app.proto.js'
[I] 14:45:59.002(0000000000081480):[AMQP0]declare queue 'cf.alipay.rpc.5ac13ba0a28611e79928f385d3b85c4a'
[I] 14:45:59.003(0000000000081480):[RPCC:cf.alipay.rpc]create rpc client 'cf.alipay.rpc' in conn AMQP0
[I] 14:45:59.011(0000000000081480):PBEncoder success load file 'E:\product\protocol\cf_alipay.proto.js'
[I] 14:45:59.012(0000000000081480):[AMQP0]declare queue 'cf.ding.rpc.5ac2c240a28611e79928f385d3b85c4a'
[I] 14:45:59.013(0000000000081480):[RPCC:cf.ding.rpc]create rpc client 'cf.ding.rpc' in conn AMQP0
[I] 14:45:59.023(0000000000081480):PBEncoder success load file 'E:\product\protocol\cf_ding.proto.js'
[I] 14:45:59.024(0000000000081480):[AMQP0]declare exchange 'cf.ding.notify'
[I] 14:45:59.025(0000000000081480):[AMQP0]declare queue 'jiaxingwang.sc_admin.ding.5ac4be10a28611e79928f385d3b85c4a'
[I] 14:45:59.025(0000000000081480):[AM]init and reload account!
[I] 14:45:59.030(0000000000081480):[AM]reload account success, account number is: 0
[I] 14:45:59.033(0000000000081480):[AMQP0]declare queue 'sr.customer.rpc.5ac5f690a28611e79928f385d3b85c4a'
[I] 14:45:59.034(0000000000081480):[RPCC:sr.customer.rpc]create rpc client 'sr.customer.rpc' in conn AMQP0
[I] 14:45:59.052(0000000000081480):PBEncoder success load file 'E:\product\protocol\sr_customer.proto.js'
[W] 14:45:59.053(0000000000081480):[AMQP0]rpc client 'cf.rpc' declare repeat!
[W] 14:45:59.053(0000000000081480):[AMQP0]rpc client 'cf.wechat.rpc' declare repeat!
[W] 14:45:59.054(0000000000081480):[AMQP0]rpc client 'cf.app.rpc' declare repeat!
[I] 14:45:59.059(0000000000081480):[AMQP0]declare exchange 'sc.system'
[I] 14:45:59.068(0000000000081480):[AMQP0]declare queue 'jiaxingwang.sc_admin.system.5acb4dc0a28611e79928f385d3b85c4a'
[I] 14:45:59.073(0000000000081480):PBEncoder success load file 'E:\product\protocol\sc_system.proto.js'
[D] 14:45:59.224(000000000007E370):worker process log socket connected!
[D] 14:45:59.213(0000000000082E54):worker 1# ready to connect master log socket server, port=16752
[D] 14:45:59.225(0000000000082E54):worker 1# log socket connected!
[I] 14:45:59.319(0000000000081480):[AMQP1]created
[I] 14:45:59.321(0000000000081480):[AMQP1]declare exchange 'amq.direct'
[I] 14:45:59.322(0000000000081480):[AMQP1]declare queue 'cf.wechat.rpc.5af20fa0a28611e79928f385d3b85c4a'
[I] 14:45:59.322(0000000000081480):[RPCC:cf.wechat.rpc]create rpc client 'cf.wechat.rpc' in conn AMQP1
[I] 14:45:59.324(0000000000081480):[AMQP2]created
[I] 14:45:59.329(0000000000081480):[AMQP0]declare exchange 'amq.direct'
[I] 14:45:59.329(0000000000081480):[AMQP0]declare queue 'sc.task.rpc.5af32110a28611e79928f385d3b85c4a'
[I] 14:45:59.331(0000000000081480):[RPCC:sc.task.rpc]create rpc client 'sc.task.rpc' in conn AMQP0
[I] 14:45:59.339(0000000000081480):PBEncoder success load file 'E:\product\protocol\sc_task.proto.js'
[I] 14:45:59.367(0000000000081480):[AMQP0]declare queue 'sr.customer.tag.rpc.5af8ed70a28611e79928f385d3b85c4a'
[I] 14:45:59.368(0000000000081480):[RPCC:sr.customer.tag.rpc]create rpc client 'sr.customer.tag.rpc' in conn AMQP0
[I] 14:45:59.371(0000000000081480):[AMQP0]declare queue 'sr.customer.point.rpc.5af989b0a28611e79928f385d3b85c4a'
[I] 14:45:59.372(0000000000081480):[RPCC:sr.customer.point.rpc]create rpc client 'sr.customer.point.rpc' in conn AMQP0
[I] 14:45:59.378(0000000000081480):PBEncoder success load file 'E:\product\protocol\sr_customer_point.proto.js'
[I] 14:45:59.385(0000000000081480):PBEncoder success load file 'E:\product\protocol\sr_customer_tag.proto.js'
[W] 14:45:59.394(0000000000081480):[AMQP0]rpc client 'cf.wechat.rpc' declare repeat!
[I] 14:45:59.395(0000000000081480):[AMQP0]declare queue 'sr.customer.coupon_class.rpc.5afd3330a28611e79928f385d3b85c4a'
[I] 14:45:59.397(0000000000081480):[RPCC:sr.customer.coupon_class.rpc]create rpc client 'sr.customer.coupon_class.rpc' in conn AMQP0
[I] 14:45:59.397(0000000000081480):[AMQP0]declare queue 'sr.customer.coupon.rpc.5afd8150a28611e79928f385d3b85c4a'
[I] 14:45:59.398(0000000000081480):[RPCC:sr.customer.coupon.rpc]create rpc client 'sr.customer.coupon.rpc' in conn AMQP0
[W] 14:45:59.411(000000000007E370):try restart worker 2# ...
[I] 14:45:59.416(000000000007E370):start worker success,pid=84168(2#)
[I] 14:45:59.420(0000000000081480):PBEncoder success load file 'E:\product\protocol\sr_customer_coupon.proto.js'
[W] 14:45:59.421(0000000000081480):[AMQP0]rpc client 'cf.wechat.rpc' declare repeat!
[I] 14:45:59.421(0000000000081480):[AMQP0]declare queue 'cf.wxpay.rpc.5b012ad0a28611e79928f385d3b85c4a'
[I] 14:45:59.430(0000000000081480):[RPCC:cf.wxpay.rpc]create rpc client 'cf.wxpay.rpc' in conn AMQP0
[I] 14:45:59.445(0000000000081480):PBEncoder success load file 'E:\product\protocol\cf_wxpay.proto.js'
[W] 14:45:59.446(0000000000081480):[AMQP0]rpc client 'sr.customer.point.rpc' declare repeat!
[W] 14:45:59.455(0000000000081480):[AMQP0]exchange amq.direct already declare!!
[W] 14:45:59.456(0000000000081480):[AMQP0]rpc client 'sr.customer.rpc' declare repeat!
[W] 14:45:59.456(0000000000081480):[AMQP0]rpc client 'sr.customer.coupon.rpc' declare repeat!
[W] 14:45:59.457(0000000000081480):[AMQP0]rpc client 'cf.wechat.rpc' declare repeat!
[W] 14:45:59.460(0000000000081480):[AMQP0]exchange amq.direct already declare!!
[I] 14:45:59.462(0000000000081480):[AMQP0]declare queue 'cf.baidu.rpc.5b076c60a28611e79928f385d3b85c4a'
[I] 14:45:59.462(0000000000081480):[RPCC:cf.baidu.rpc]create rpc client 'cf.baidu.rpc' in conn AMQP0
[I] 14:45:59.468(0000000000081480):PBEncoder success load file 'E:\product\protocol\cf_baidu.proto.js'
[I] 14:45:59.475(0000000000081480):[AMQP3]created
[I] 14:45:59.483(0000000000081480):[AMQP4]created
[I] 14:45:59.485(0000000000081480):[AMQP4]declare exchange 'amq.direct'
[I] 14:45:59.486(0000000000081480):[AMQP4]declare queue 'cf.app.rpc.5b0b15e0a28611e79928f385d3b85c4a'
[I] 14:45:59.486(0000000000081480):[RPCC:cf.app.rpc]create rpc client 'cf.app.rpc' in conn AMQP4
[I] 14:45:59.487(0000000000081480):[AMQP4]declare queue 'cf.wechat.rpc.5b0b3cf0a28611e79928f385d3b85c4a'
[I] 14:45:59.488(0000000000081480):[RPCC:cf.wechat.rpc]create rpc client 'cf.wechat.rpc' in conn AMQP4
[I] 14:45:59.489(0000000000081480):[AMQP4]declare queue 'cf.rpc.5b0b8b10a28611e79928f385d3b85c4a'
[I] 14:45:59.489(0000000000081480):[RPCC:cf.rpc]create rpc client 'cf.rpc' in conn AMQP4
[I] 14:45:59.490(0000000000081480):[AMQP4]declare queue 'sc.task.rpc.5b0bb220a28611e79928f385d3b85c4a'
[I] 14:45:59.490(0000000000081480):[RPCC:sc.task.rpc]create rpc client 'sc.task.rpc' in conn AMQP4
[I] 14:45:59.494(0000000000081480):[AMQP5]created
[I] 14:45:59.495(0000000000081480):[AMQP5]declare exchange 'amq.direct'
[I] 14:45:59.496(0000000000081480):[AMQP5]declare queue 'cf.wechat.rpc.5b0c9c80a28611e79928f385d3b85c4a'
[I] 14:45:59.496(0000000000081480):[RPCC:cf.wechat.rpc]create rpc client 'cf.wechat.rpc' in conn AMQP5
[W] 14:45:59.499(0000000000081480):[AMQP0]rpc client 'sr.customer.point.rpc' declare repeat!
[I] 14:45:59.502(0000000000081480):[AMQP6]created
[I] 14:45:59.503(0000000000081480):[AMQP6]declare exchange 'amq.direct'
[I] 14:45:59.503(0000000000081480):[AMQP6]declare queue 'cf.wechat.rpc.5b0dadf0a28611e79928f385d3b85c4a'
[I] 14:45:59.503(0000000000081480):[RPCC:cf.wechat.rpc]create rpc client 'cf.wechat.rpc' in conn AMQP6
[I] 14:45:59.509(0000000000081480):[AMQP7]created
[I] 14:45:59.511(0000000000081480):[AMQP7]declare exchange 'amq.direct'
[I] 14:45:59.511(0000000000081480):[AMQP7]declare queue 'sc.task.rpc.5b0ee670a28611e79928f385d3b85c4a'
[I] 14:45:59.512(0000000000081480):[RPCC:sc.task.rpc]create rpc client 'sc.task.rpc' in conn AMQP7
[I] 14:45:59.512(0000000000081480):[AMQP7]declare queue 'sr.customer.rewardfail.5b0f0d80a28611e79928f385d3b85c4a'
[I] 14:45:59.513(0000000000081480):[RPCC:sr.customer.rewardfail]create rpc client 'sr.customer.rewardfail' in conn AMQP7
[W] 14:45:59.517(0000000000081480):[AMQP0]exchange amq.direct already declare!!
[W] 14:45:59.517(0000000000081480):[AMQP0]rpc client 'sr.customer.tag.rpc' declare repeat!
[W] 14:45:59.518(0000000000081480):[AMQP0]rpc client 'sc.task.rpc' declare repeat!
[W] 14:45:59.521(0000000000081480):[AMQP0]exchange amq.direct already declare!!
[I] 14:45:59.522(0000000000081480):[AMQP0]declare queue 'sr.trade.rpc.5b106d10a28611e79928f385d3b85c4a'
[I] 14:45:59.522(0000000000081480):[RPCC:sr.trade.rpc]create rpc client 'sr.trade.rpc' in conn AMQP0
[I] 14:45:59.535(0000000000081480):PBEncoder success load file 'E:\product\protocol\sr_trade.proto.js'
[I] 14:45:59.540(0000000000081480):[AMQP8]created
[I] 14:45:59.541(0000000000081480):[AMQP8]declare exchange 'amq.direct'
[I] 14:45:59.550(0000000000081480):[AMQP8]declare queue 'cf.wechat.rpc.5b14d9e0a28611e79928f385d3b85c4a'
[I] 14:45:59.551(0000000000081480):[RPCC:cf.wechat.rpc]create rpc client 'cf.wechat.rpc' in conn AMQP8
[T] 14:45:59.574(0000000000081480):Http is running,port is 18910
[I] 14:45:59.580(0000000000081480):[redis]redis connect
[I] 14:45:59.594(0000000000081480):[redis]redis ready
[I] 14:45:59.595(0000000000081480):[MP1]create connection #0
[T] 14:45:59.596(0000000000081480):[MP1]getConnection success,getIndex=0
[I] 14:45:59.597(0000000000081480):[MP1]create connection #1
[T] 14:45:59.597(0000000000081480):[MP1]getConnection success,getIndex=1
[T] 14:45:59.605(0000000000081480):[MySQL]Query success,used time:5 ms,sql="select * from cf_account where enabled=1 and function_mask like \"1%\""
[T] 14:45:59.613(0000000000081480):[MySQL]Query success,used time:12 ms,sql="SELECT * FROM `sc_org`"
[T] 14:45:59.614(0000000000081480):getConnection release,getIndex=0
[T] 14:45:59.615(0000000000081480):getConnection release,getIndex=1
[I] 14:45:59.615(0000000000081480):[AM]get account list success: [{"innerid":"HEDV35FASG-DGW423A-34TGGW53AAD66","name":"乐逛演示","org_id":"1","shop_id":null,"settlement_id":null,"method_code":1,"method_code_key":"wechat_test3_1","function_mask":"10","config":"{\"accountid\":\"gh_92368265694f\",\"fee_type\":\"CNY\",\"appid\":\"wx39bf9ff3da6fc1e7\",\"appsecret\":\"e00fc51118b318fb99cff35d217865fc\",\"mch_id\":\"1287801701\",\"sub_mch_id\":\"\",\"sign_key\":\"smartpaysmartpaysmartpaysmartpay\",\"key_file\":\"apiclient_key.pem\",\"cert_file\":\"apiclient_cert.pem\",\"pay_authorization_dir\":[\"\",\"\",\"\"],\"pay_native_callback\":\"\",\"pay_finish_notify\":\"1\",\"pay_alarm_notify\":\"\"}","enabled":1,"desc":null},{"innerid":"SE43RG3ASG-34GWW55A-34TG43HER452","name":"短信测试一","org_id":"1","shop_id":null,"settlement_id":null,"method_code":2,"method_code_key":"wechat_test1_2","function_mask":"10","config":"{\"url\" : \"http://211.147.239.62:9050/cgi-bin/sendsms\",\"username\" : \"shopperconnect@smartac\",\"password\" : \"shopCNT@smartc2016\"}","enabled":1,"desc":null},{"innerid":"SMFGSW423GWS-G43HTEHE2-HHEDR5462HS","name":"邮件测试一","org_id":"1","shop_id":null,"settlement_id":null,"method_code":3,"method_code_key":"wechat_test1_3","function_mask":"10","config":"{\"smtpserver\" : \"smtp.163.com\",\"port\": 25,\"username\" : \"zyqtest5@163.com\",\"password\" : \"zyqtest5881119\",\"SSL\":false}","enabled":1,"desc":null}]
[I] 14:45:59.645(0000000000081480):[AMQP0]AMQP0 connect 'amqp://guest:guest@172.16.0.81:5672' success!
[I] 14:45:59.649(0000000000081480):[AMQP1]AMQP1 connect 'amqp://guest:guest@172.16.0.81:5672' success!
[I] 14:45:59.650(0000000000081480):[AMQP4]AMQP4 connect 'amqp://guest:guest@172.16.0.81:5672' success!
[I] 14:45:59.651(0000000000081480):[AMQP8]AMQP8 connect 'amqp://guest:guest@172.16.0.81:5672' success!
[I] 14:45:59.655(0000000000081480):[AMQP5]AMQP5 connect 'amqp://guest:guest@172.16.0.81:5672' success!
[I] 14:45:59.656(0000000000081480):[AMQP7]AMQP7 connect 'amqp://guest:guest@172.16.0.81:5672' success!
[I] 14:45:59.657(0000000000081480):[AMQP6]AMQP6 connect 'amqp://guest:guest@172.16.0.81:5672' success!
[I] 14:45:59.676(0000000000081480):[AMQP0]success declare queue 'cf.rpc.5a9f5bc0a28611e79928f385d3b85c4a'
[I] 14:45:59.679(0000000000081480):[AMQP1]success declare exchange 'amq.direct'
[I] 14:45:59.680(0000000000081480):[AMQP7]success declare exchange 'amq.direct'
[I] 14:45:59.683(0000000000081480):[AMQP6]success declare exchange 'amq.direct'
[I] 14:45:59.683(0000000000081480):[AMQP5]success declare exchange 'amq.direct'
[I] 14:45:59.683(0000000000081480):[AMQP4]success declare exchange 'amq.direct'
[I] 14:45:59.684(0000000000081480):[AMQP8]success declare exchange 'amq.direct'
[I] 14:45:59.685(0000000000081480):[AMQP0]success consume 'cf.rpc.5a9f5bc0a28611e79928f385d3b85c4a'
[I] 14:45:59.688(0000000000081480):[AMQP0]success binding 'amq.direct'->'cf.rpc.5a9f5bc0a28611e79928f385d3b85c4a'(cf.rpc.5a9f5bc0a28611e79928f385d3b85c4a)
[I] 14:45:59.692(0000000000081480):[AMQP1]success declare queue 'cf.wechat.rpc.5af20fa0a28611e79928f385d3b85c4a'
[I] 14:45:59.693(0000000000081480):[AMQP7]success declare queue 'sc.task.rpc.5b0ee670a28611e79928f385d3b85c4a'
[I] 14:45:59.694(0000000000081480):[AMQP5]success declare queue 'cf.wechat.rpc.5b0c9c80a28611e79928f385d3b85c4a'
[I] 14:45:59.694(0000000000081480):[AMQP6]success declare queue 'cf.wechat.rpc.5b0dadf0a28611e79928f385d3b85c4a'
[I] 14:45:59.695(0000000000081480):[AMQP8]success declare queue 'cf.wechat.rpc.5b14d9e0a28611e79928f385d3b85c4a'
[I] 14:45:59.695(0000000000081480):[AMQP4]success declare queue 'cf.app.rpc.5b0b15e0a28611e79928f385d3b85c4a'
[I] 14:45:59.696(0000000000081480):[AMQP0]success declare queue 'cf.wechat.rpc.5ab24780a28611e79928f385d3b85c4a'
[I] 14:45:59.697(0000000000081480):[AMQP1]success consume 'cf.wechat.rpc.5af20fa0a28611e79928f385d3b85c4a'
[I] 14:45:59.697(0000000000081480):[AMQP7]success consume 'sc.task.rpc.5b0ee670a28611e79928f385d3b85c4a'
[I] 14:45:59.698(0000000000081480):[AMQP6]success consume 'cf.wechat.rpc.5b0dadf0a28611e79928f385d3b85c4a'
[I] 14:45:59.699(0000000000081480):[AMQP5]success consume 'cf.wechat.rpc.5b0c9c80a28611e79928f385d3b85c4a'
[I] 14:45:59.699(0000000000081480):[AMQP8]success consume 'cf.wechat.rpc.5b14d9e0a28611e79928f385d3b85c4a'
[I] 14:45:59.699(0000000000081480):[AMQP4]success consume 'cf.app.rpc.5b0b15e0a28611e79928f385d3b85c4a'
[I] 14:45:59.700(0000000000081480):[AMQP0]success consume 'cf.wechat.rpc.5ab24780a28611e79928f385d3b85c4a'
[I] 14:45:59.703(0000000000081480):[AMQP1]success binding 'amq.direct'->'cf.wechat.rpc.5af20fa0a28611e79928f385d3b85c4a'(cf.wechat.rpc.5af20fa0a28611e79928f385d3b85c4a)
[I] 14:45:59.703(0000000000081480):[AMQP7]success binding 'amq.direct'->'sc.task.rpc.5b0ee670a28611e79928f385d3b85c4a'(sc.task.rpc.5b0ee670a28611e79928f385d3b85c4a)
[I] 14:45:59.704(0000000000081480):[AMQP6]success binding 'amq.direct'->'cf.wechat.rpc.5b0dadf0a28611e79928f385d3b85c4a'(cf.wechat.rpc.5b0dadf0a28611e79928f385d3b85c4a)
[I] 14:45:59.704(0000000000081480):[AMQP4]success binding 'amq.direct'->'cf.app.rpc.5b0b15e0a28611e79928f385d3b85c4a'(cf.app.rpc.5b0b15e0a28611e79928f385d3b85c4a)
[I] 14:45:59.705(0000000000081480):[AMQP8]success binding 'amq.direct'->'cf.wechat.rpc.5b14d9e0a28611e79928f385d3b85c4a'(cf.wechat.rpc.5b14d9e0a28611e79928f385d3b85c4a)
[I] 14:45:59.705(0000000000081480):[AMQP5]success binding 'amq.direct'->'cf.wechat.rpc.5b0c9c80a28611e79928f385d3b85c4a'(cf.wechat.rpc.5b0c9c80a28611e79928f385d3b85c4a)
[I] 14:45:59.706(0000000000081480):[AMQP0]success binding 'amq.direct'->'cf.wechat.rpc.5ab24780a28611e79928f385d3b85c4a'(cf.wechat.rpc.5ab24780a28611e79928f385d3b85c4a)
[I] 14:45:59.709(0000000000081480):[AMQP7]success declare queue 'sr.customer.rewardfail.5b0f0d80a28611e79928f385d3b85c4a'
[I] 14:45:59.711(0000000000081480):[AMQP0]success declare exchange 'cf.wechat.notify'
[I] 14:45:59.711(0000000000081480):[AMQP4]success declare queue 'cf.wechat.rpc.5b0b3cf0a28611e79928f385d3b85c4a'
[I] 14:45:59.712(0000000000081480):[AMQP7]success consume 'sr.customer.rewardfail.5b0f0d80a28611e79928f385d3b85c4a'
[I] 14:45:59.713(0000000000081480):[AMQP4]success consume 'cf.wechat.rpc.5b0b3cf0a28611e79928f385d3b85c4a'
[I] 14:45:59.720(0000000000081480):[AMQP0]success declare queue 'jiaxingwang.sc_admin.wechat.5ac00320a28611e79928f385d3b85c4a'
[I] 14:45:59.721(0000000000081480):[AMQP7]success binding 'amq.direct'->'sr.customer.rewardfail.5b0f0d80a28611e79928f385d3b85c4a'(sr.customer.rewardfail.5b0f0d80a28611e79928f385d3b85c4a)
[I] 14:45:59.721(0000000000081480):[AMQP4]success binding 'amq.direct'->'cf.wechat.rpc.5b0b3cf0a28611e79928f385d3b85c4a'(cf.wechat.rpc.5b0b3cf0a28611e79928f385d3b85c4a)
[I] 14:45:59.722(0000000000081480):[AMQP0]success consume 'jiaxingwang.sc_admin.wechat.5ac00320a28611e79928f385d3b85c4a'
[I] 14:45:59.725(0000000000081480):[AMQP4]success declare queue 'cf.rpc.5b0b8b10a28611e79928f385d3b85c4a'
[I] 14:45:59.725(0000000000081480):[AMQP0]success binding 'cf.wechat.notify'->'jiaxingwang.sc_admin.wechat.5ac00320a28611e79928f385d3b85c4a'(#)
[I] 14:45:59.728(0000000000081480):[AMQP4]success consume 'cf.rpc.5b0b8b10a28611e79928f385d3b85c4a'
[I] 14:45:59.730(0000000000081480):[AMQP0]success declare queue 'cf.app.rpc.5ac05140a28611e79928f385d3b85c4a'
[I] 14:45:59.733(0000000000081480):[AMQP4]success binding 'amq.direct'->'cf.rpc.5b0b8b10a28611e79928f385d3b85c4a'(cf.rpc.5b0b8b10a28611e79928f385d3b85c4a)
[I] 14:45:59.734(0000000000081480):[AMQP0]success consume 'cf.app.rpc.5ac05140a28611e79928f385d3b85c4a'
[I] 14:45:59.737(0000000000081480):[AMQP0]success binding 'amq.direct'->'cf.app.rpc.5ac05140a28611e79928f385d3b85c4a'(cf.app.rpc.5ac05140a28611e79928f385d3b85c4a)
[I] 14:45:59.738(0000000000081480):[AMQP4]success declare queue 'sc.task.rpc.5b0bb220a28611e79928f385d3b85c4a'
[I] 14:45:59.742(0000000000081480):[AMQP4]success consume 'sc.task.rpc.5b0bb220a28611e79928f385d3b85c4a'
[I] 14:45:59.743(0000000000081480):[AMQP0]success declare queue 'cf.alipay.rpc.5ac13ba0a28611e79928f385d3b85c4a'
[I] 14:45:59.744(0000000000081480):[AMQP0]success consume 'cf.alipay.rpc.5ac13ba0a28611e79928f385d3b85c4a'
[I] 14:45:59.745(0000000000081480):[AMQP4]success binding 'amq.direct'->'sc.task.rpc.5b0bb220a28611e79928f385d3b85c4a'(sc.task.rpc.5b0bb220a28611e79928f385d3b85c4a)
[I] 14:45:59.746(0000000000081480):[AMQP0]success binding 'amq.direct'->'cf.alipay.rpc.5ac13ba0a28611e79928f385d3b85c4a'(cf.alipay.rpc.5ac13ba0a28611e79928f385d3b85c4a)
[I] 14:45:59.750(0000000000081480):[AMQP0]success declare queue 'cf.ding.rpc.5ac2c240a28611e79928f385d3b85c4a'
[I] 14:45:59.751(0000000000081480):[AMQP0]success consume 'cf.ding.rpc.5ac2c240a28611e79928f385d3b85c4a'
[I] 14:45:59.753(0000000000081480):[AMQP0]success binding 'amq.direct'->'cf.ding.rpc.5ac2c240a28611e79928f385d3b85c4a'(cf.ding.rpc.5ac2c240a28611e79928f385d3b85c4a)
[I] 14:45:59.755(0000000000081480):[AMQP0]success declare exchange 'cf.ding.notify'
[I] 14:45:59.758(0000000000081480):[AMQP0]success declare queue 'jiaxingwang.sc_admin.ding.5ac4be10a28611e79928f385d3b85c4a'
[I] 14:45:59.759(0000000000081480):[AMQP0]success consume 'jiaxingwang.sc_admin.ding.5ac4be10a28611e79928f385d3b85c4a'
[I] 14:45:59.762(0000000000081480):[AMQP0]success binding 'cf.ding.notify'->'jiaxingwang.sc_admin.ding.5ac4be10a28611e79928f385d3b85c4a'(#)
[I] 14:45:59.767(0000000000081480):[AMQP0]success declare queue 'sr.customer.rpc.5ac5f690a28611e79928f385d3b85c4a'
[I] 14:45:59.769(0000000000081480):[AMQP0]success consume 'sr.customer.rpc.5ac5f690a28611e79928f385d3b85c4a'
[I] 14:45:59.771(0000000000081480):[AMQP0]success binding 'amq.direct'->'sr.customer.rpc.5ac5f690a28611e79928f385d3b85c4a'(sr.customer.rpc.5ac5f690a28611e79928f385d3b85c4a)
[I] 14:45:59.773(0000000000081480):[AMQP0]success declare exchange 'sc.system'
[I] 14:45:59.776(0000000000081480):[AMQP0]success declare queue 'jiaxingwang.sc_admin.system.5acb4dc0a28611e79928f385d3b85c4a'
[I] 14:45:59.777(0000000000081480):[AMQP0]success consume 'jiaxingwang.sc_admin.system.5acb4dc0a28611e79928f385d3b85c4a'
[I] 14:45:59.780(0000000000081480):[AMQP0]success binding 'sc.system'->'jiaxingwang.sc_admin.system.5acb4dc0a28611e79928f385d3b85c4a'()
[I] 14:45:59.781(0000000000081480):[AMQP0]success declare exchange 'amq.direct'
[I] 14:45:59.784(0000000000081480):[AMQP0]success declare queue 'sc.task.rpc.5af32110a28611e79928f385d3b85c4a'
[I] 14:45:59.786(0000000000081480):[AMQP0]success consume 'sc.task.rpc.5af32110a28611e79928f385d3b85c4a'
[I] 14:45:59.788(0000000000081480):[AMQP0]success binding 'amq.direct'->'sc.task.rpc.5af32110a28611e79928f385d3b85c4a'(sc.task.rpc.5af32110a28611e79928f385d3b85c4a)
[I] 14:45:59.792(0000000000081480):[AMQP0]success declare queue 'sr.customer.tag.rpc.5af8ed70a28611e79928f385d3b85c4a'
[I] 14:45:59.793(0000000000081480):[AMQP0]success consume 'sr.customer.tag.rpc.5af8ed70a28611e79928f385d3b85c4a'
[I] 14:45:59.795(0000000000081480):[AMQP0]success binding 'amq.direct'->'sr.customer.tag.rpc.5af8ed70a28611e79928f385d3b85c4a'(sr.customer.tag.rpc.5af8ed70a28611e79928f385d3b85c4a)
[I] 14:45:59.800(0000000000081480):[AMQP0]success declare queue 'sr.customer.point.rpc.5af989b0a28611e79928f385d3b85c4a'
[I] 14:45:59.802(0000000000081480):[AMQP0]success consume 'sr.customer.point.rpc.5af989b0a28611e79928f385d3b85c4a'
[I] 14:45:59.804(0000000000081480):[AMQP0]success binding 'amq.direct'->'sr.customer.point.rpc.5af989b0a28611e79928f385d3b85c4a'(sr.customer.point.rpc.5af989b0a28611e79928f385d3b85c4a)
[I] 14:45:59.807(0000000000081480):[AMQP0]success declare queue 'sr.customer.coupon_class.rpc.5afd3330a28611e79928f385d3b85c4a'
[I] 14:45:59.808(0000000000081480):[AMQP0]success consume 'sr.customer.coupon_class.rpc.5afd3330a28611e79928f385d3b85c4a'
[I] 14:45:59.810(0000000000081480):[AMQP0]success binding 'amq.direct'->'sr.customer.coupon_class.rpc.5afd3330a28611e79928f385d3b85c4a'(sr.customer.coupon_class.rpc.5afd3330a28611e79928f385d3b85c4a)
[I] 14:45:59.814(0000000000081480):[AMQP0]success declare queue 'sr.customer.coupon.rpc.5afd8150a28611e79928f385d3b85c4a'
[I] 14:45:59.816(0000000000081480):[AMQP0]success consume 'sr.customer.coupon.rpc.5afd8150a28611e79928f385d3b85c4a'
[I] 14:45:59.818(0000000000081480):[AMQP0]success binding 'amq.direct'->'sr.customer.coupon.rpc.5afd8150a28611e79928f385d3b85c4a'(sr.customer.coupon.rpc.5afd8150a28611e79928f385d3b85c4a)
[I] 14:45:59.821(0000000000081480):[AMQP0]success declare queue 'cf.wxpay.rpc.5b012ad0a28611e79928f385d3b85c4a'
[I] 14:45:59.822(0000000000081480):[AMQP0]success consume 'cf.wxpay.rpc.5b012ad0a28611e79928f385d3b85c4a'
[I] 14:45:59.824(0000000000081480):[AMQP0]success binding 'amq.direct'->'cf.wxpay.rpc.5b012ad0a28611e79928f385d3b85c4a'(cf.wxpay.rpc.5b012ad0a28611e79928f385d3b85c4a)
[I] 14:45:59.829(0000000000081480):[AMQP0]success declare queue 'cf.baidu.rpc.5b076c60a28611e79928f385d3b85c4a'
[I] 14:45:59.831(0000000000081480):[AMQP0]success consume 'cf.baidu.rpc.5b076c60a28611e79928f385d3b85c4a'
[I] 14:45:59.833(0000000000081480):[AMQP0]success binding 'amq.direct'->'cf.baidu.rpc.5b076c60a28611e79928f385d3b85c4a'(cf.baidu.rpc.5b076c60a28611e79928f385d3b85c4a)
[I] 14:45:59.837(0000000000081480):[AMQP0]success declare queue 'sr.trade.rpc.5b106d10a28611e79928f385d3b85c4a'
[I] 14:45:59.838(0000000000081480):[AMQP0]success consume 'sr.trade.rpc.5b106d10a28611e79928f385d3b85c4a'
[I] 14:45:59.840(0000000000081480):[AMQP0]success binding 'amq.direct'->'sr.trade.rpc.5b106d10a28611e79928f385d3b85c4a'(sr.trade.rpc.5b106d10a28611e79928f385d3b85c4a)
[I] 14:45:59.911(0000000000082E54):[AMQP0]created
[I] 14:45:59.922(0000000000082E54):[AMQP0]declare queue 'cf.rpc.5b4d7610a28611e7a1be052664797f54'
[I] 14:45:59.923(0000000000082E54):[RPCC:cf.rpc]create rpc client 'cf.rpc' in conn AMQP0
[I] 14:46:00.032(0000000000082E54):PBEncoder success load file 'E:\product\protocol\cf.proto.js'
[I] 14:46:00.033(0000000000082E54):[AMQP0]declare queue 'cf.wechat.rpc.5b5e8d10a28611e7a1be052664797f54'
[I] 14:46:00.033(0000000000082E54):[RPCC:cf.wechat.rpc]create rpc client 'cf.wechat.rpc' in conn AMQP0
[I] 14:46:00.090(0000000000082E54):PBEncoder success load file 'E:\product\protocol\cf_wechat.proto.js'
[I] 14:46:00.091(0000000000082E54):[AMQP0]declare exchange 'cf.wechat.notify'
[I] 14:46:00.092(0000000000082E54):[AMQP0]declare queue 'jiaxingwang.sc_admin.wechat.5b678dc0a28611e7a1be052664797f54'
[I] 14:46:00.092(0000000000082E54):[AMQP0]declare queue 'cf.app.rpc.5b678dc1a28611e7a1be052664797f54'
[I] 14:46:00.093(0000000000082E54):[RPCC:cf.app.rpc]create rpc client 'cf.app.rpc' in conn AMQP0
[I] 14:46:00.097(0000000000082E54):PBEncoder success load file 'E:\product\protocol\cf_app.proto.js'
[I] 14:46:00.098(0000000000082E54):[AMQP0]declare queue 'cf.alipay.rpc.5b687820a28611e7a1be052664797f54'
[I] 14:46:00.099(0000000000082E54):[RPCC:cf.alipay.rpc]create rpc client 'cf.alipay.rpc' in conn AMQP0
[I] 14:46:00.106(0000000000082E54):PBEncoder success load file 'E:\product\protocol\cf_alipay.proto.js'
[I] 14:46:00.107(0000000000082E54):[AMQP0]declare queue 'cf.ding.rpc.5b69d7b0a28611e7a1be052664797f54'
[I] 14:46:00.107(0000000000082E54):[RPCC:cf.ding.rpc]create rpc client 'cf.ding.rpc' in conn AMQP0
[I] 14:46:00.224(0000000000082E54):PBEncoder success load file 'E:\product\protocol\cf_ding.proto.js'
[I] 14:46:00.225(0000000000082E54):[AMQP0]declare exchange 'cf.ding.notify'
[I] 14:46:00.226(0000000000082E54):[AMQP0]declare queue 'jiaxingwang.sc_admin.ding.5b7c0020a28611e7a1be052664797f54'
[I] 14:46:00.226(0000000000082E54):[AM]init and reload account!
[I] 14:46:00.238(0000000000082E54):[AM]reload account success, account number is: 0
[I] 14:46:00.242(0000000000082E54):[AMQP0]declare queue 'sr.customer.rpc.5b7e7120a28611e7a1be052664797f54'
[I] 14:46:00.250(0000000000082E54):[RPCC:sr.customer.rpc]create rpc client 'sr.customer.rpc' in conn AMQP0
[I] 14:46:00.258(0000000000082E54):PBEncoder success load file 'E:\product\protocol\sr_customer.proto.js'
[W] 14:46:00.259(0000000000082E54):[AMQP0]rpc client 'cf.rpc' declare repeat!
[W] 14:46:00.260(0000000000082E54):[AMQP0]rpc client 'cf.wechat.rpc' declare repeat!
[W] 14:46:00.260(0000000000082E54):[AMQP0]rpc client 'cf.app.rpc' declare repeat!
[I] 14:46:00.273(0000000000082E54):[AMQP0]declare exchange 'sc.system'
[I] 14:46:00.273(0000000000082E54):[AMQP0]declare queue 'jiaxingwang.sc_admin.system.5b832c10a28611e7a1be052664797f54'
[I] 14:46:00.278(0000000000082E54):PBEncoder success load file 'E:\product\protocol\sc_system.proto.js'
[D] 14:46:00.452(000000000007E370):worker process log socket connected!
[D] 14:46:00.442(0000000000084168):worker 2# ready to connect master log socket server, port=16752
[D] 14:46:00.454(0000000000084168):worker 2# log socket connected!
[I] 14:46:00.503(0000000000082E54):[AMQP1]created
[I] 14:46:00.504(0000000000082E54):[AMQP1]declare exchange 'amq.direct'
[I] 14:46:00.505(0000000000082E54):[AMQP1]declare queue 'cf.wechat.rpc.5ba69290a28611e7a1be052664797f54'
[I] 14:46:00.505(0000000000082E54):[RPCC:cf.wechat.rpc]create rpc client 'cf.wechat.rpc' in conn AMQP1
[I] 14:46:00.506(0000000000082E54):[AMQP2]created
[I] 14:46:00.511(0000000000082E54):[AMQP0]declare exchange 'amq.direct'
[I] 14:46:00.511(0000000000082E54):[AMQP0]declare queue 'sc.task.rpc.5ba77cf0a28611e7a1be052664797f54'
[I] 14:46:00.514(0000000000082E54):[RPCC:sc.task.rpc]create rpc client 'sc.task.rpc' in conn AMQP0
[I] 14:46:00.521(0000000000082E54):PBEncoder success load file 'E:\product\protocol\sc_task.proto.js'
[I] 14:46:00.548(0000000000082E54):[AMQP0]declare queue 'sr.customer.tag.rpc.5bad2240a28611e7a1be052664797f54'
[I] 14:46:00.548(0000000000082E54):[RPCC:sr.customer.tag.rpc]create rpc client 'sr.customer.tag.rpc' in conn AMQP0
[I] 14:46:00.551(0000000000082E54):[AMQP0]declare queue 'sr.customer.point.rpc.5bad9770a28611e7a1be052664797f54'
[I] 14:46:00.551(0000000000082E54):[RPCC:sr.customer.point.rpc]create rpc client 'sr.customer.point.rpc' in conn AMQP0
[I] 14:46:00.557(0000000000082E54):PBEncoder success load file 'E:\product\protocol\sr_customer_point.proto.js'
[I] 14:46:00.565(0000000000082E54):PBEncoder success load file 'E:\product\protocol\sr_customer_tag.proto.js'
[W] 14:46:00.575(0000000000082E54):[AMQP0]rpc client 'cf.wechat.rpc' declare repeat!
[I] 14:46:00.575(0000000000082E54):[AMQP0]declare queue 'sr.customer.coupon_class.rpc.5bb140f0a28611e7a1be052664797f54'
[I] 14:46:00.576(0000000000082E54):[RPCC:sr.customer.coupon_class.rpc]create rpc client 'sr.customer.coupon_class.rpc' in conn AMQP0
[I] 14:46:00.577(0000000000082E54):[AMQP0]declare queue 'sr.customer.coupon.rpc.5bb18f10a28611e7a1be052664797f54'
[I] 14:46:00.577(0000000000082E54):[RPCC:sr.customer.coupon.rpc]create rpc client 'sr.customer.coupon.rpc' in conn AMQP0
[I] 14:46:00.589(0000000000082E54):PBEncoder success load file 'E:\product\protocol\sr_customer_coupon.proto.js'
[W] 14:46:00.589(0000000000082E54):[AMQP0]rpc client 'cf.wechat.rpc' declare repeat!
[I] 14:46:00.590(0000000000082E54):[AMQP0]declare queue 'cf.wxpay.rpc.5bb38ae0a28611e7a1be052664797f54'
[I] 14:46:00.590(0000000000082E54):[RPCC:cf.wxpay.rpc]create rpc client 'cf.wxpay.rpc' in conn AMQP0
[I] 14:46:00.602(0000000000082E54):PBEncoder success load file 'E:\product\protocol\cf_wxpay.proto.js'
[W] 14:46:00.603(0000000000082E54):[AMQP0]rpc client 'sr.customer.point.rpc' declare repeat!
[W] 14:46:00.610(0000000000082E54):[AMQP0]exchange amq.direct already declare!!
[W] 14:46:00.610(0000000000082E54):[AMQP0]rpc client 'sr.customer.rpc' declare repeat!
[W] 14:46:00.610(0000000000082E54):[AMQP0]rpc client 'sr.customer.coupon.rpc' declare repeat!
[W] 14:46:00.611(0000000000082E54):[AMQP0]rpc client 'cf.wechat.rpc' declare repeat!
[W] 14:46:00.613(0000000000082E54):[AMQP0]exchange amq.direct already declare!!
[I] 14:46:00.613(0000000000082E54):[AMQP0]declare queue 'cf.baidu.rpc.5bb70d50a28611e7a1be052664797f54'
[I] 14:46:00.613(0000000000082E54):[RPCC:cf.baidu.rpc]create rpc client 'cf.baidu.rpc' in conn AMQP0
[I] 14:46:00.619(0000000000082E54):PBEncoder success load file 'E:\product\protocol\cf_baidu.proto.js'
[I] 14:46:00.623(0000000000082E54):[AMQP3]created
[I] 14:46:00.631(0000000000082E54):[AMQP4]created
[I] 14:46:00.632(0000000000082E54):[AMQP4]declare exchange 'amq.direct'
[I] 14:46:00.632(0000000000082E54):[AMQP4]declare queue 'cf.app.rpc.5bb9f380a28611e7a1be052664797f54'
[I] 14:46:00.632(0000000000082E54):[RPCC:cf.app.rpc]create rpc client 'cf.app.rpc' in conn AMQP4
[I] 14:46:00.633(0000000000082E54):[AMQP4]declare queue 'cf.wechat.rpc.5bba1a90a28611e7a1be052664797f54'
[I] 14:46:00.633(0000000000082E54):[RPCC:cf.wechat.rpc]create rpc client 'cf.wechat.rpc' in conn AMQP4
[I] 14:46:00.633(0000000000082E54):[AMQP4]declare queue 'cf.rpc.5bba1a91a28611e7a1be052664797f54'
[I] 14:46:00.633(0000000000082E54):[RPCC:cf.rpc]create rpc client 'cf.rpc' in conn AMQP4
[I] 14:46:00.634(0000000000082E54):[AMQP4]declare queue 'sc.task.rpc.5bba1a92a28611e7a1be052664797f54'
[I] 14:46:00.634(0000000000082E54):[RPCC:sc.task.rpc]create rpc client 'sc.task.rpc' in conn AMQP4
[I] 14:46:00.637(0000000000082E54):[AMQP5]created
[I] 14:46:00.637(0000000000082E54):[AMQP5]declare exchange 'amq.direct'
[I] 14:46:00.638(0000000000082E54):[AMQP5]declare queue 'cf.wechat.rpc.5bbadde0a28611e7a1be052664797f54'
[I] 14:46:00.638(0000000000082E54):[RPCC:cf.wechat.rpc]create rpc client 'cf.wechat.rpc' in conn AMQP5
[W] 14:46:00.639(0000000000082E54):[AMQP0]rpc client 'sr.customer.point.rpc' declare repeat!
[I] 14:46:00.642(0000000000082E54):[AMQP6]created
[I] 14:46:00.642(0000000000082E54):[AMQP6]declare exchange 'amq.direct'
[I] 14:46:00.642(0000000000082E54):[AMQP6]declare queue 'cf.wechat.rpc.5bbb7a20a28611e7a1be052664797f54'
[I] 14:46:00.643(0000000000082E54):[RPCC:cf.wechat.rpc]create rpc client 'cf.wechat.rpc' in conn AMQP6
[I] 14:46:00.650(0000000000082E54):[AMQP7]created
[I] 14:46:00.650(0000000000082E54):[AMQP7]declare exchange 'amq.direct'
[I] 14:46:00.650(0000000000082E54):[AMQP7]declare queue 'sc.task.rpc.5bbcb2a0a28611e7a1be052664797f54'
[I] 14:46:00.651(0000000000082E54):[RPCC:sc.task.rpc]create rpc client 'sc.task.rpc' in conn AMQP7
[I] 14:46:00.651(0000000000082E54):[AMQP7]declare queue 'sr.customer.rewardfail.5bbcd9b0a28611e7a1be052664797f54'
[I] 14:46:00.651(0000000000082E54):[RPCC:sr.customer.rewardfail]create rpc client 'sr.customer.rewardfail' in conn AMQP7
[W] 14:46:00.654(0000000000082E54):[AMQP0]exchange amq.direct already declare!!
[W] 14:46:00.655(0000000000082E54):[AMQP0]rpc client 'sr.customer.tag.rpc' declare repeat!
[W] 14:46:00.655(0000000000082E54):[AMQP0]rpc client 'sc.task.rpc' declare repeat!
[W] 14:46:00.658(0000000000082E54):[AMQP0]exchange amq.direct already declare!!
[I] 14:46:00.658(0000000000082E54):[AMQP0]declare queue 'sr.trade.rpc.5bbdeb20a28611e7a1be052664797f54'
[I] 14:46:00.658(0000000000082E54):[RPCC:sr.trade.rpc]create rpc client 'sr.trade.rpc' in conn AMQP0
[I] 14:46:00.661(0000000000082E54):PBEncoder success load file 'E:\product\protocol\sr_trade.proto.js'
[I] 14:46:00.664(0000000000082E54):[AMQP8]created
[I] 14:46:00.665(0000000000082E54):[AMQP8]declare exchange 'amq.direct'
[I] 14:46:00.665(0000000000082E54):[AMQP8]declare queue 'cf.wechat.rpc.5bbefc90a28611e7a1be052664797f54'
[I] 14:46:00.665(0000000000082E54):[RPCC:cf.wechat.rpc]create rpc client 'cf.wechat.rpc' in conn AMQP8
[T] 14:46:00.687(0000000000082E54):Http is running,port is 18910
[I] 14:46:00.692(0000000000082E54):[redis]redis connect
[I] 14:46:00.705(0000000000082E54):[redis]redis ready
[I] 14:46:00.708(0000000000082E54):[MP1]create connection #0
[T] 14:46:00.708(0000000000082E54):[MP1]getConnection success,getIndex=0
[I] 14:46:00.709(0000000000082E54):[MP1]create connection #1
[T] 14:46:00.709(0000000000082E54):[MP1]getConnection success,getIndex=1
[T] 14:46:00.717(0000000000082E54):[MySQL]Query success,used time:6 ms,sql="select * from cf_account where enabled=1 and function_mask like \"1%\""
[T] 14:46:00.724(0000000000082E54):[MySQL]Query success,used time:12 ms,sql="SELECT * FROM `sc_org`"
[T] 14:46:00.725(0000000000082E54):getConnection release,getIndex=0
[T] 14:46:00.726(0000000000082E54):getConnection release,getIndex=1
[I] 14:46:00.726(0000000000082E54):[AM]get account list success: [{"innerid":"HEDV35FASG-DGW423A-34TGGW53AAD66","name":"乐逛演示","org_id":"1","shop_id":null,"settlement_id":null,"method_code":1,"method_code_key":"wechat_test3_1","function_mask":"10","config":"{\"accountid\":\"gh_92368265694f\",\"fee_type\":\"CNY\",\"appid\":\"wx39bf9ff3da6fc1e7\",\"appsecret\":\"e00fc51118b318fb99cff35d217865fc\",\"mch_id\":\"1287801701\",\"sub_mch_id\":\"\",\"sign_key\":\"smartpaysmartpaysmartpaysmartpay\",\"key_file\":\"apiclient_key.pem\",\"cert_file\":\"apiclient_cert.pem\",\"pay_authorization_dir\":[\"\",\"\",\"\"],\"pay_native_callback\":\"\",\"pay_finish_notify\":\"1\",\"pay_alarm_notify\":\"\"}","enabled":1,"desc":null},{"innerid":"SE43RG3ASG-34GWW55A-34TG43HER452","name":"短信测试一","org_id":"1","shop_id":null,"settlement_id":null,"method_code":2,"method_code_key":"wechat_test1_2","function_mask":"10","config":"{\"url\" : \"http://211.147.239.62:9050/cgi-bin/sendsms\",\"username\" : \"shopperconnect@smartac\",\"password\" : \"shopCNT@smartc2016\"}","enabled":1,"desc":null},{"innerid":"SMFGSW423GWS-G43HTEHE2-HHEDR5462HS","name":"邮件测试一","org_id":"1","shop_id":null,"settlement_id":null,"method_code":3,"method_code_key":"wechat_test1_3","function_mask":"10","config":"{\"smtpserver\" : \"smtp.163.com\",\"port\": 25,\"username\" : \"zyqtest5@163.com\",\"password\" : \"zyqtest5881119\",\"SSL\":false}","enabled":1,"desc":null}]
[I] 14:46:00.756(0000000000082E54):[AMQP1]AMQP1 connect 'amqp://guest:guest@172.16.0.81:5672' success!
[I] 14:46:00.760(0000000000082E54):[AMQP5]AMQP5 connect 'amqp://guest:guest@172.16.0.81:5672' success!
[I] 14:46:00.761(0000000000082E54):[AMQP0]AMQP0 connect 'amqp://guest:guest@172.16.0.81:5672' success!
[I] 14:46:00.762(0000000000082E54):[AMQP4]AMQP4 connect 'amqp://guest:guest@172.16.0.81:5672' success!
[I] 14:46:00.764(0000000000082E54):[AMQP6]AMQP6 connect 'amqp://guest:guest@172.16.0.81:5672' success!
[I] 14:46:00.765(0000000000082E54):[AMQP7]AMQP7 connect 'amqp://guest:guest@172.16.0.81:5672' success!
[I] 14:46:00.766(0000000000082E54):[AMQP8]AMQP8 connect 'amqp://guest:guest@172.16.0.81:5672' success!
[I] 14:46:00.779(0000000000082E54):[AMQP1]success declare exchange 'amq.direct'
[I] 14:46:00.781(0000000000082E54):[AMQP6]success declare exchange 'amq.direct'
[I] 14:46:00.781(0000000000082E54):[AMQP5]success declare exchange 'amq.direct'
[I] 14:46:00.783(0000000000082E54):[AMQP8]success declare exchange 'amq.direct'
[I] 14:46:00.784(0000000000082E54):[AMQP4]success declare exchange 'amq.direct'
[I] 14:46:00.784(0000000000082E54):[AMQP7]success declare exchange 'amq.direct'
[I] 14:46:00.786(0000000000082E54):[AMQP0]success declare queue 'cf.rpc.5b4d7610a28611e7a1be052664797f54'
[I] 14:46:00.786(0000000000082E54):[AMQP1]success declare queue 'cf.wechat.rpc.5ba69290a28611e7a1be052664797f54'
[I] 14:46:00.788(0000000000082E54):[AMQP0]success consume 'cf.rpc.5b4d7610a28611e7a1be052664797f54'
[I] 14:46:00.790(0000000000082E54):[AMQP1]success consume 'cf.wechat.rpc.5ba69290a28611e7a1be052664797f54'
[I] 14:46:00.790(0000000000082E54):[AMQP5]success declare queue 'cf.wechat.rpc.5bbadde0a28611e7a1be052664797f54'
[I] 14:46:00.790(0000000000082E54):[AMQP6]success declare queue 'cf.wechat.rpc.5bbb7a20a28611e7a1be052664797f54'
[I] 14:46:00.791(0000000000082E54):[AMQP7]success declare queue 'sc.task.rpc.5bbcb2a0a28611e7a1be052664797f54'
[I] 14:46:00.792(0000000000082E54):[AMQP8]success declare queue 'cf.wechat.rpc.5bbefc90a28611e7a1be052664797f54'
[I] 14:46:00.792(0000000000082E54):[AMQP4]success declare queue 'cf.app.rpc.5bb9f380a28611e7a1be052664797f54'
[I] 14:46:00.792(0000000000082E54):[AMQP0]success binding 'amq.direct'->'cf.rpc.5b4d7610a28611e7a1be052664797f54'(cf.rpc.5b4d7610a28611e7a1be052664797f54)
[I] 14:46:00.793(0000000000082E54):[AMQP5]success consume 'cf.wechat.rpc.5bbadde0a28611e7a1be052664797f54'
[I] 14:46:00.793(0000000000082E54):[AMQP7]success consume 'sc.task.rpc.5bbcb2a0a28611e7a1be052664797f54'
[I] 14:46:00.794(0000000000082E54):[AMQP6]success consume 'cf.wechat.rpc.5bbb7a20a28611e7a1be052664797f54'
[I] 14:46:00.794(0000000000082E54):[AMQP1]success binding 'amq.direct'->'cf.wechat.rpc.5ba69290a28611e7a1be052664797f54'(cf.wechat.rpc.5ba69290a28611e7a1be052664797f54)
[I] 14:46:00.795(0000000000082E54):[AMQP4]success consume 'cf.app.rpc.5bb9f380a28611e7a1be052664797f54'
[I] 14:46:00.796(0000000000082E54):[AMQP8]success consume 'cf.wechat.rpc.5bbefc90a28611e7a1be052664797f54'
[I] 14:46:00.797(0000000000082E54):[AMQP0]success declare queue 'cf.wechat.rpc.5b5e8d10a28611e7a1be052664797f54'
[I] 14:46:00.797(0000000000082E54):[AMQP5]success binding 'amq.direct'->'cf.wechat.rpc.5bbadde0a28611e7a1be052664797f54'(cf.wechat.rpc.5bbadde0a28611e7a1be052664797f54)
[I] 14:46:00.798(0000000000082E54):[AMQP7]success binding 'amq.direct'->'sc.task.rpc.5bbcb2a0a28611e7a1be052664797f54'(sc.task.rpc.5bbcb2a0a28611e7a1be052664797f54)
[I] 14:46:00.799(0000000000082E54):[AMQP6]success binding 'amq.direct'->'cf.wechat.rpc.5bbb7a20a28611e7a1be052664797f54'(cf.wechat.rpc.5bbb7a20a28611e7a1be052664797f54)
[I] 14:46:00.799(0000000000082E54):[AMQP4]success binding 'amq.direct'->'cf.app.rpc.5bb9f380a28611e7a1be052664797f54'(cf.app.rpc.5bb9f380a28611e7a1be052664797f54)
[I] 14:46:00.800(0000000000082E54):[AMQP0]success consume 'cf.wechat.rpc.5b5e8d10a28611e7a1be052664797f54'
[I] 14:46:00.800(0000000000082E54):[AMQP8]success binding 'amq.direct'->'cf.wechat.rpc.5bbefc90a28611e7a1be052664797f54'(cf.wechat.rpc.5bbefc90a28611e7a1be052664797f54)
[I] 14:46:00.804(0000000000082E54):[AMQP0]success binding 'amq.direct'->'cf.wechat.rpc.5b5e8d10a28611e7a1be052664797f54'(cf.wechat.rpc.5b5e8d10a28611e7a1be052664797f54)
[I] 14:46:00.805(0000000000082E54):[AMQP7]success declare queue 'sr.customer.rewardfail.5bbcd9b0a28611e7a1be052664797f54'
[I] 14:46:00.806(0000000000082E54):[AMQP4]success declare queue 'cf.wechat.rpc.5bba1a90a28611e7a1be052664797f54'
[I] 14:46:00.806(0000000000082E54):[AMQP0]success declare exchange 'cf.wechat.notify'
[I] 14:46:00.808(0000000000082E54):[AMQP7]success consume 'sr.customer.rewardfail.5bbcd9b0a28611e7a1be052664797f54'
[I] 14:46:00.808(0000000000082E54):[AMQP4]success consume 'cf.wechat.rpc.5bba1a90a28611e7a1be052664797f54'
[I] 14:46:00.809(0000000000082E54):[AMQP7]success binding 'amq.direct'->'sr.customer.rewardfail.5bbcd9b0a28611e7a1be052664797f54'(sr.customer.rewardfail.5bbcd9b0a28611e7a1be052664797f54)
[I] 14:46:00.810(0000000000082E54):[AMQP4]success binding 'amq.direct'->'cf.wechat.rpc.5bba1a90a28611e7a1be052664797f54'(cf.wechat.rpc.5bba1a90a28611e7a1be052664797f54)
[I] 14:46:00.811(0000000000082E54):[AMQP0]success declare queue 'jiaxingwang.sc_admin.wechat.5b678dc0a28611e7a1be052664797f54'
[I] 14:46:00.813(0000000000082E54):[AMQP0]success consume 'jiaxingwang.sc_admin.wechat.5b678dc0a28611e7a1be052664797f54'
[I] 14:46:00.813(0000000000082E54):[AMQP4]success declare queue 'cf.rpc.5bba1a91a28611e7a1be052664797f54'
[I] 14:46:00.814(0000000000082E54):[AMQP4]success consume 'cf.rpc.5bba1a91a28611e7a1be052664797f54'
[I] 14:46:00.815(0000000000082E54):[AMQP0]success binding 'cf.wechat.notify'->'jiaxingwang.sc_admin.wechat.5b678dc0a28611e7a1be052664797f54'(#)
[I] 14:46:00.817(0000000000082E54):[AMQP4]success binding 'amq.direct'->'cf.rpc.5bba1a91a28611e7a1be052664797f54'(cf.rpc.5bba1a91a28611e7a1be052664797f54)
[I] 14:46:00.820(0000000000082E54):[AMQP0]success declare queue 'cf.app.rpc.5b678dc1a28611e7a1be052664797f54'
[I] 14:46:00.821(0000000000082E54):[AMQP4]success declare queue 'sc.task.rpc.5bba1a92a28611e7a1be052664797f54'
[I] 14:46:00.822(0000000000082E54):[AMQP0]success consume 'cf.app.rpc.5b678dc1a28611e7a1be052664797f54'
[I] 14:46:00.823(0000000000082E54):[AMQP4]success consume 'sc.task.rpc.5bba1a92a28611e7a1be052664797f54'
[I] 14:46:00.825(0000000000082E54):[AMQP0]success binding 'amq.direct'->'cf.app.rpc.5b678dc1a28611e7a1be052664797f54'(cf.app.rpc.5b678dc1a28611e7a1be052664797f54)
[I] 14:46:00.826(0000000000082E54):[AMQP4]success binding 'amq.direct'->'sc.task.rpc.5bba1a92a28611e7a1be052664797f54'(sc.task.rpc.5bba1a92a28611e7a1be052664797f54)
[I] 14:46:00.828(0000000000082E54):[AMQP0]success declare queue 'cf.alipay.rpc.5b687820a28611e7a1be052664797f54'
[I] 14:46:00.830(0000000000082E54):[AMQP0]success consume 'cf.alipay.rpc.5b687820a28611e7a1be052664797f54'
[I] 14:46:00.832(0000000000082E54):[AMQP0]success binding 'amq.direct'->'cf.alipay.rpc.5b687820a28611e7a1be052664797f54'(cf.alipay.rpc.5b687820a28611e7a1be052664797f54)
[I] 14:46:00.835(0000000000082E54):[AMQP0]success declare queue 'cf.ding.rpc.5b69d7b0a28611e7a1be052664797f54'
[I] 14:46:00.836(0000000000082E54):[AMQP0]success consume 'cf.ding.rpc.5b69d7b0a28611e7a1be052664797f54'
[I] 14:46:00.839(0000000000082E54):[AMQP0]success binding 'amq.direct'->'cf.ding.rpc.5b69d7b0a28611e7a1be052664797f54'(cf.ding.rpc.5b69d7b0a28611e7a1be052664797f54)
[I] 14:46:00.839(0000000000082E54):[AMQP0]success declare exchange 'cf.ding.notify'
[I] 14:46:00.843(0000000000082E54):[AMQP0]success declare queue 'jiaxingwang.sc_admin.ding.5b7c0020a28611e7a1be052664797f54'
[I] 14:46:00.844(0000000000082E54):[AMQP0]success consume 'jiaxingwang.sc_admin.ding.5b7c0020a28611e7a1be052664797f54'
[I] 14:46:00.847(0000000000082E54):[AMQP0]success binding 'cf.ding.notify'->'jiaxingwang.sc_admin.ding.5b7c0020a28611e7a1be052664797f54'(#)
[I] 14:46:00.851(0000000000082E54):[AMQP0]success declare queue 'sr.customer.rpc.5b7e7120a28611e7a1be052664797f54'
[I] 14:46:00.853(0000000000082E54):[AMQP0]success consume 'sr.customer.rpc.5b7e7120a28611e7a1be052664797f54'
[I] 14:46:00.854(0000000000082E54):[AMQP0]success binding 'amq.direct'->'sr.customer.rpc.5b7e7120a28611e7a1be052664797f54'(sr.customer.rpc.5b7e7120a28611e7a1be052664797f54)
[I] 14:46:00.855(0000000000082E54):[AMQP0]success declare exchange 'sc.system'
[I] 14:46:00.858(0000000000082E54):[AMQP0]success declare queue 'jiaxingwang.sc_admin.system.5b832c10a28611e7a1be052664797f54'
[I] 14:46:00.859(0000000000082E54):[AMQP0]success consume 'jiaxingwang.sc_admin.system.5b832c10a28611e7a1be052664797f54'
[I] 14:46:00.862(0000000000082E54):[AMQP0]success binding 'sc.system'->'jiaxingwang.sc_admin.system.5b832c10a28611e7a1be052664797f54'()
[I] 14:46:00.863(0000000000082E54):[AMQP0]success declare exchange 'amq.direct'
[I] 14:46:00.866(0000000000082E54):[AMQP0]success declare queue 'sc.task.rpc.5ba77cf0a28611e7a1be052664797f54'
[I] 14:46:00.867(0000000000082E54):[AMQP0]success consume 'sc.task.rpc.5ba77cf0a28611e7a1be052664797f54'
[I] 14:46:00.870(0000000000082E54):[AMQP0]success binding 'amq.direct'->'sc.task.rpc.5ba77cf0a28611e7a1be052664797f54'(sc.task.rpc.5ba77cf0a28611e7a1be052664797f54)
[I] 14:46:00.874(0000000000082E54):[AMQP0]success declare queue 'sr.customer.tag.rpc.5bad2240a28611e7a1be052664797f54'
[I] 14:46:00.876(0000000000082E54):[AMQP0]success consume 'sr.customer.tag.rpc.5bad2240a28611e7a1be052664797f54'
[I] 14:46:00.877(0000000000082E54):[AMQP0]success binding 'amq.direct'->'sr.customer.tag.rpc.5bad2240a28611e7a1be052664797f54'(sr.customer.tag.rpc.5bad2240a28611e7a1be052664797f54)
[I] 14:46:00.881(0000000000082E54):[AMQP0]success declare queue 'sr.customer.point.rpc.5bad9770a28611e7a1be052664797f54'
[I] 14:46:00.882(0000000000082E54):[AMQP0]success consume 'sr.customer.point.rpc.5bad9770a28611e7a1be052664797f54'
[I] 14:46:00.884(0000000000082E54):[AMQP0]success binding 'amq.direct'->'sr.customer.point.rpc.5bad9770a28611e7a1be052664797f54'(sr.customer.point.rpc.5bad9770a28611e7a1be052664797f54)
[I] 14:46:00.888(0000000000082E54):[AMQP0]success declare queue 'sr.customer.coupon_class.rpc.5bb140f0a28611e7a1be052664797f54'
[I] 14:46:00.889(0000000000082E54):[AMQP0]success consume 'sr.customer.coupon_class.rpc.5bb140f0a28611e7a1be052664797f54'
[I] 14:46:00.891(0000000000082E54):[AMQP0]success binding 'amq.direct'->'sr.customer.coupon_class.rpc.5bb140f0a28611e7a1be052664797f54'(sr.customer.coupon_class.rpc.5bb140f0a28611e7a1be052664797f54)
[I] 14:46:00.895(0000000000082E54):[AMQP0]success declare queue 'sr.customer.coupon.rpc.5bb18f10a28611e7a1be052664797f54'
[I] 14:46:00.896(0000000000082E54):[AMQP0]success consume 'sr.customer.coupon.rpc.5bb18f10a28611e7a1be052664797f54'
[I] 14:46:00.898(0000000000082E54):[AMQP0]success binding 'amq.direct'->'sr.customer.coupon.rpc.5bb18f10a28611e7a1be052664797f54'(sr.customer.coupon.rpc.5bb18f10a28611e7a1be052664797f54)
[I] 14:46:00.901(0000000000082E54):[AMQP0]success declare queue 'cf.wxpay.rpc.5bb38ae0a28611e7a1be052664797f54'
[I] 14:46:00.903(0000000000082E54):[AMQP0]success consume 'cf.wxpay.rpc.5bb38ae0a28611e7a1be052664797f54'
[I] 14:46:00.905(0000000000082E54):[AMQP0]success binding 'amq.direct'->'cf.wxpay.rpc.5bb38ae0a28611e7a1be052664797f54'(cf.wxpay.rpc.5bb38ae0a28611e7a1be052664797f54)
[I] 14:46:00.908(0000000000082E54):[AMQP0]success declare queue 'cf.baidu.rpc.5bb70d50a28611e7a1be052664797f54'
[I] 14:46:00.909(0000000000082E54):[AMQP0]success consume 'cf.baidu.rpc.5bb70d50a28611e7a1be052664797f54'
[I] 14:46:00.911(0000000000082E54):[AMQP0]success binding 'amq.direct'->'cf.baidu.rpc.5bb70d50a28611e7a1be052664797f54'(cf.baidu.rpc.5bb70d50a28611e7a1be052664797f54)
[I] 14:46:00.924(0000000000082E54):[AMQP0]success declare queue 'sr.trade.rpc.5bbdeb20a28611e7a1be052664797f54'
[I] 14:46:00.925(0000000000082E54):[AMQP0]success consume 'sr.trade.rpc.5bbdeb20a28611e7a1be052664797f54'
[I] 14:46:00.927(0000000000082E54):[AMQP0]success binding 'amq.direct'->'sr.trade.rpc.5bbdeb20a28611e7a1be052664797f54'(sr.trade.rpc.5bbdeb20a28611e7a1be052664797f54)
[I] 14:46:01.014(0000000000084168):[AMQP0]created
[I] 14:46:01.024(0000000000084168):[AMQP0]declare queue 'cf.rpc.5bf59cf0a28611e7b13521fc7ffe691c'
[I] 14:46:01.024(0000000000084168):[RPCC:cf.rpc]create rpc client 'cf.rpc' in conn AMQP0
[I] 14:46:01.134(0000000000084168):PBEncoder success load file 'E:\product\protocol\cf.proto.js'
[I] 14:46:01.135(0000000000084168):[AMQP0]declare queue 'cf.wechat.rpc.5c068ce0a28611e7b13521fc7ffe691c'
[I] 14:46:01.135(0000000000084168):[RPCC:cf.wechat.rpc]create rpc client 'cf.wechat.rpc' in conn AMQP0
[I] 14:46:01.196(0000000000084168):PBEncoder success load file 'E:\product\protocol\cf_wechat.proto.js'
[I] 14:46:01.196(0000000000084168):[AMQP0]declare exchange 'cf.wechat.notify'
[I] 14:46:01.196(0000000000084168):[AMQP0]declare queue 'jiaxingwang.sc_admin.wechat.5c1002c0a28611e7b13521fc7ffe691c'
[I] 14:46:01.197(0000000000084168):[AMQP0]declare queue 'cf.app.rpc.5c1029d0a28611e7b13521fc7ffe691c'
[I] 14:46:01.197(0000000000084168):[RPCC:cf.app.rpc]create rpc client 'cf.app.rpc' in conn AMQP0
[I] 14:46:01.202(0000000000084168):PBEncoder success load file 'E:\product\protocol\cf_app.proto.js'
[I] 14:46:01.202(0000000000084168):[AMQP0]declare queue 'cf.alipay.rpc.5c10ed20a28611e7b13521fc7ffe691c'
[I] 14:46:01.202(0000000000084168):[RPCC:cf.alipay.rpc]create rpc client 'cf.alipay.rpc' in conn AMQP0
[I] 14:46:01.209(0000000000084168):PBEncoder success load file 'E:\product\protocol\cf_alipay.proto.js'
[I] 14:46:01.210(0000000000084168):[AMQP0]declare queue 'cf.ding.rpc.5c1225a0a28611e7b13521fc7ffe691c'
[I] 14:46:01.210(0000000000084168):[RPCC:cf.ding.rpc]create rpc client 'cf.ding.rpc' in conn AMQP0
[I] 14:46:01.221(0000000000084168):PBEncoder success load file 'E:\product\protocol\cf_ding.proto.js'
[I] 14:46:01.222(0000000000084168):[AMQP0]declare exchange 'cf.ding.notify'
[I] 14:46:01.222(0000000000084168):[AMQP0]declare queue 'jiaxingwang.sc_admin.ding.5c13fa60a28611e7b13521fc7ffe691c'
[I] 14:46:01.222(0000000000084168):[AM]init and reload account!
[I] 14:46:01.226(0000000000084168):[AM]reload account success, account number is: 0
[I] 14:46:01.230(0000000000084168):[AMQP0]declare queue 'sr.customer.rpc.5c1532e0a28611e7b13521fc7ffe691c'
[I] 14:46:01.230(0000000000084168):[RPCC:sr.customer.rpc]create rpc client 'sr.customer.rpc' in conn AMQP0
[I] 14:46:01.239(0000000000084168):PBEncoder success load file 'E:\product\protocol\sr_customer.proto.js'
[W] 14:46:01.239(0000000000084168):[AMQP0]rpc client 'cf.rpc' declare repeat!
[W] 14:46:01.240(0000000000084168):[AMQP0]rpc client 'cf.wechat.rpc' declare repeat!
[W] 14:46:01.240(0000000000084168):[AMQP0]rpc client 'cf.app.rpc' declare repeat!
[I] 14:46:01.244(0000000000084168):[AMQP0]declare exchange 'sc.system'
[I] 14:46:01.244(0000000000084168):[AMQP0]declare queue 'jiaxingwang.sc_admin.system.5c1755c0a28611e7b13521fc7ffe691c'
[I] 14:46:01.249(0000000000084168):PBEncoder success load file 'E:\product\protocol\sc_system.proto.js'
[I] 14:46:01.445(0000000000084168):[AMQP1]created
[I] 14:46:01.446(0000000000084168):[AMQP1]declare exchange 'amq.direct'
[I] 14:46:01.447(0000000000084168):[AMQP1]declare queue 'cf.wechat.rpc.5c364f70a28611e7b13521fc7ffe691c'
[I] 14:46:01.447(0000000000084168):[RPCC:cf.wechat.rpc]create rpc client 'cf.wechat.rpc' in conn AMQP1
[I] 14:46:01.448(0000000000084168):[AMQP2]created
[I] 14:46:01.452(0000000000084168):[AMQP0]declare exchange 'amq.direct'
[I] 14:46:01.453(0000000000084168):[AMQP0]declare queue 'sc.task.rpc.5c3712c0a28611e7b13521fc7ffe691c'
[I] 14:46:01.453(0000000000084168):[RPCC:sc.task.rpc]create rpc client 'sc.task.rpc' in conn AMQP0
[I] 14:46:01.461(0000000000084168):PBEncoder success load file 'E:\product\protocol\sc_task.proto.js'
[I] 14:46:01.484(0000000000084168):[AMQP0]declare queue 'sr.customer.tag.rpc.5c3bf4c0a28611e7b13521fc7ffe691c'
[I] 14:46:01.485(0000000000084168):[RPCC:sr.customer.tag.rpc]create rpc client 'sr.customer.tag.rpc' in conn AMQP0
[I] 14:46:01.487(0000000000084168):[AMQP0]declare queue 'sr.customer.point.rpc.5c3c69f0a28611e7b13521fc7ffe691c'
[I] 14:46:01.488(0000000000084168):[RPCC:sr.customer.point.rpc]create rpc client 'sr.customer.point.rpc' in conn AMQP0
[I] 14:46:01.492(0000000000084168):PBEncoder success load file 'E:\product\protocol\sr_customer_point.proto.js'
[I] 14:46:01.498(0000000000084168):PBEncoder success load file 'E:\product\protocol\sr_customer_tag.proto.js'
[W] 14:46:01.508(0000000000084168):[AMQP0]rpc client 'cf.wechat.rpc' declare repeat!
[I] 14:46:01.508(0000000000084168):[AMQP0]declare queue 'sr.customer.coupon_class.rpc.5c3f9e40a28611e7b13521fc7ffe691c'
[I] 14:46:01.509(0000000000084168):[RPCC:sr.customer.coupon_class.rpc]create rpc client 'sr.customer.coupon_class.rpc' in conn AMQP0
[I] 14:46:01.509(0000000000084168):[AMQP0]declare queue 'sr.customer.coupon.rpc.5c3fc550a28611e7b13521fc7ffe691c'
[I] 14:46:01.509(0000000000084168):[RPCC:sr.customer.coupon.rpc]create rpc client 'sr.customer.coupon.rpc' in conn AMQP0
[I] 14:46:01.521(0000000000084168):PBEncoder success load file 'E:\product\protocol\sr_customer_coupon.proto.js'
[W] 14:46:01.522(0000000000084168):[AMQP0]rpc client 'cf.wechat.rpc' declare repeat!
[I] 14:46:01.522(0000000000084168):[AMQP0]declare queue 'cf.wxpay.rpc.5c41c120a28611e7b13521fc7ffe691c'
[I] 14:46:01.522(0000000000084168):[RPCC:cf.wxpay.rpc]create rpc client 'cf.wxpay.rpc' in conn AMQP0
[I] 14:46:01.534(0000000000084168):PBEncoder success load file 'E:\product\protocol\cf_wxpay.proto.js'
[W] 14:46:01.535(0000000000084168):[AMQP0]rpc client 'sr.customer.point.rpc' declare repeat!
[W] 14:46:01.541(0000000000084168):[AMQP0]exchange amq.direct already declare!!
[W] 14:46:01.542(0000000000084168):[AMQP0]rpc client 'sr.customer.rpc' declare repeat!
[W] 14:46:01.542(0000000000084168):[AMQP0]rpc client 'sr.customer.coupon.rpc' declare repeat!
[W] 14:46:01.542(0000000000084168):[AMQP0]rpc client 'cf.wechat.rpc' declare repeat!
[W] 14:46:01.544(0000000000084168):[AMQP0]exchange amq.direct already declare!!
[I] 14:46:01.544(0000000000084168):[AMQP0]declare queue 'cf.baidu.rpc.5c451c80a28611e7b13521fc7ffe691c'
[I] 14:46:01.544(0000000000084168):[RPCC:cf.baidu.rpc]create rpc client 'cf.baidu.rpc' in conn AMQP0
[I] 14:46:01.550(0000000000084168):PBEncoder success load file 'E:\product\protocol\cf_baidu.proto.js'
[I] 14:46:01.554(0000000000084168):[AMQP3]created
[I] 14:46:01.561(0000000000084168):[AMQP4]created
[I] 14:46:01.561(0000000000084168):[AMQP4]declare exchange 'amq.direct'
[I] 14:46:01.561(0000000000084168):[AMQP4]declare queue 'cf.app.rpc.5c47b490a28611e7b13521fc7ffe691c'
[I] 14:46:01.562(0000000000084168):[RPCC:cf.app.rpc]create rpc client 'cf.app.rpc' in conn AMQP4
[I] 14:46:01.562(0000000000084168):[AMQP4]declare queue 'cf.wechat.rpc.5c47dba0a28611e7b13521fc7ffe691c'
[I] 14:46:01.562(0000000000084168):[RPCC:cf.wechat.rpc]create rpc client 'cf.wechat.rpc' in conn AMQP4
[I] 14:46:01.562(0000000000084168):[AMQP4]declare queue 'cf.rpc.5c47dba1a28611e7b13521fc7ffe691c'
[I] 14:46:01.563(0000000000084168):[RPCC:cf.rpc]create rpc client 'cf.rpc' in conn AMQP4
[I] 14:46:01.563(0000000000084168):[AMQP4]declare queue 'sc.task.rpc.5c4802b0a28611e7b13521fc7ffe691c'
[I] 14:46:01.563(0000000000084168):[RPCC:sc.task.rpc]create rpc client 'sc.task.rpc' in conn AMQP4
[I] 14:46:01.566(0000000000084168):[AMQP5]created
[I] 14:46:01.566(0000000000084168):[AMQP5]declare exchange 'amq.direct'
[I] 14:46:01.567(0000000000084168):[AMQP5]declare queue 'cf.wechat.rpc.5c489ef0a28611e7b13521fc7ffe691c'
[I] 14:46:01.567(0000000000084168):[RPCC:cf.wechat.rpc]create rpc client 'cf.wechat.rpc' in conn AMQP5
[W] 14:46:01.569(0000000000084168):[AMQP0]rpc client 'sr.customer.point.rpc' declare repeat!
[I] 14:46:01.570(0000000000084168):[AMQP6]created
[I] 14:46:01.571(0000000000084168):[AMQP6]declare exchange 'amq.direct'
[I] 14:46:01.571(0000000000084168):[AMQP6]declare queue 'cf.wechat.rpc.5c493b30a28611e7b13521fc7ffe691c'
[I] 14:46:01.571(0000000000084168):[RPCC:cf.wechat.rpc]create rpc client 'cf.wechat.rpc' in conn AMQP6
[I] 14:46:01.576(0000000000084168):[AMQP7]created
[I] 14:46:01.576(0000000000084168):[AMQP7]declare exchange 'amq.direct'
[I] 14:46:01.576(0000000000084168):[AMQP7]declare queue 'sc.task.rpc.5c49fe80a28611e7b13521fc7ffe691c'
[I] 14:46:01.577(0000000000084168):[RPCC:sc.task.rpc]create rpc client 'sc.task.rpc' in conn AMQP7
[I] 14:46:01.577(0000000000084168):[AMQP7]declare queue 'sr.customer.rewardfail.5c4a2590a28611e7b13521fc7ffe691c'
[I] 14:46:01.577(0000000000084168):[RPCC:sr.customer.rewardfail]create rpc client 'sr.customer.rewardfail' in conn AMQP7
[W] 14:46:01.580(0000000000084168):[AMQP0]exchange amq.direct already declare!!
[W] 14:46:01.580(0000000000084168):[AMQP0]rpc client 'sr.customer.tag.rpc' declare repeat!
[W] 14:46:01.580(0000000000084168):[AMQP0]rpc client 'sc.task.rpc' declare repeat!
[W] 14:46:01.583(0000000000084168):[AMQP0]exchange amq.direct already declare!!
[I] 14:46:01.583(0000000000084168):[AMQP0]declare queue 'sr.trade.rpc.5c4b0ff0a28611e7b13521fc7ffe691c'
[I] 14:46:01.583(0000000000084168):[RPCC:sr.trade.rpc]create rpc client 'sr.trade.rpc' in conn AMQP0
[I] 14:46:01.587(0000000000084168):PBEncoder success load file 'E:\product\protocol\sr_trade.proto.js'
[I] 14:46:01.590(0000000000084168):[AMQP8]created
[I] 14:46:01.590(0000000000084168):[AMQP8]declare exchange 'amq.direct'
[I] 14:46:01.590(0000000000084168):[AMQP8]declare queue 'cf.wechat.rpc.5c4c2160a28611e7b13521fc7ffe691c'
[I] 14:46:01.590(0000000000084168):[RPCC:cf.wechat.rpc]create rpc client 'cf.wechat.rpc' in conn AMQP8
[T] 14:46:01.609(0000000000084168):Http is running,port is 18910
[I] 14:46:01.614(0000000000084168):[redis]redis connect
[I] 14:46:01.626(0000000000084168):[redis]redis ready
[I] 14:46:01.628(0000000000084168):[MP1]create connection #0
[T] 14:46:01.628(0000000000084168):[MP1]getConnection success,getIndex=0
[I] 14:46:01.629(0000000000084168):[MP1]create connection #1
[T] 14:46:01.629(0000000000084168):[MP1]getConnection success,getIndex=1
[T] 14:46:01.637(0000000000084168):[MySQL]Query success,used time:7 ms,sql="select * from cf_account where enabled=1 and function_mask like \"1%\""
[T] 14:46:01.643(0000000000084168):[MySQL]Query success,used time:12 ms,sql="SELECT * FROM `sc_org`"
[T] 14:46:01.644(0000000000084168):getConnection release,getIndex=0
[T] 14:46:01.645(0000000000084168):getConnection release,getIndex=1
[I] 14:46:01.645(0000000000084168):[AM]get account list success: [{"innerid":"HEDV35FASG-DGW423A-34TGGW53AAD66","name":"乐逛演示","org_id":"1","shop_id":null,"settlement_id":null,"method_code":1,"method_code_key":"wechat_test3_1","function_mask":"10","config":"{\"accountid\":\"gh_92368265694f\",\"fee_type\":\"CNY\",\"appid\":\"wx39bf9ff3da6fc1e7\",\"appsecret\":\"e00fc51118b318fb99cff35d217865fc\",\"mch_id\":\"1287801701\",\"sub_mch_id\":\"\",\"sign_key\":\"smartpaysmartpaysmartpaysmartpay\",\"key_file\":\"apiclient_key.pem\",\"cert_file\":\"apiclient_cert.pem\",\"pay_authorization_dir\":[\"\",\"\",\"\"],\"pay_native_callback\":\"\",\"pay_finish_notify\":\"1\",\"pay_alarm_notify\":\"\"}","enabled":1,"desc":null},{"innerid":"SE43RG3ASG-34GWW55A-34TG43HER452","name":"短信测试一","org_id":"1","shop_id":null,"settlement_id":null,"method_code":2,"method_code_key":"wechat_test1_2","function_mask":"10","config":"{\"url\" : \"http://211.147.239.62:9050/cgi-bin/sendsms\",\"username\" : \"shopperconnect@smartac\",\"password\" : \"shopCNT@smartc2016\"}","enabled":1,"desc":null},{"innerid":"SMFGSW423GWS-G43HTEHE2-HHEDR5462HS","name":"邮件测试一","org_id":"1","shop_id":null,"settlement_id":null,"method_code":3,"method_code_key":"wechat_test1_3","function_mask":"10","config":"{\"smtpserver\" : \"smtp.163.com\",\"port\": 25,\"username\" : \"zyqtest5@163.com\",\"password\" : \"zyqtest5881119\",\"SSL\":false}","enabled":1,"desc":null}]
[I] 14:46:01.675(0000000000084168):[AMQP0]AMQP0 connect 'amqp://guest:guest@172.16.0.81:5672' success!
[I] 14:46:01.679(0000000000084168):[AMQP4]AMQP4 connect 'amqp://guest:guest@172.16.0.81:5672' success!
[I] 14:46:01.680(0000000000084168):[AMQP1]AMQP1 connect 'amqp://guest:guest@172.16.0.81:5672' success!
[I] 14:46:01.681(0000000000084168):[AMQP8]AMQP8 connect 'amqp://guest:guest@172.16.0.81:5672' success!
[I] 14:46:01.682(0000000000084168):[AMQP7]AMQP7 connect 'amqp://guest:guest@172.16.0.81:5672' success!
[I] 14:46:01.684(0000000000084168):[AMQP6]AMQP6 connect 'amqp://guest:guest@172.16.0.81:5672' success!
[I] 14:46:01.685(0000000000084168):[AMQP5]AMQP5 connect 'amqp://guest:guest@172.16.0.81:5672' success!
[I] 14:46:01.698(0000000000084168):[AMQP0]success declare queue 'cf.rpc.5bf59cf0a28611e7b13521fc7ffe691c'
[I] 14:46:01.699(0000000000084168):[AMQP4]success declare exchange 'amq.direct'
[I] 14:46:01.699(0000000000084168):[AMQP1]success declare exchange 'amq.direct'
[I] 14:46:01.700(0000000000084168):[AMQP6]success declare exchange 'amq.direct'
[I] 14:46:01.700(0000000000084168):[AMQP8]success declare exchange 'amq.direct'
[I] 14:46:01.701(0000000000084168):[AMQP5]success declare exchange 'amq.direct'
[I] 14:46:01.701(0000000000084168):[AMQP7]success declare exchange 'amq.direct'
[I] 14:46:01.702(0000000000084168):[AMQP0]success consume 'cf.rpc.5bf59cf0a28611e7b13521fc7ffe691c'
[I] 14:46:01.705(0000000000084168):[AMQP4]success declare queue 'cf.app.rpc.5c47b490a28611e7b13521fc7ffe691c'
[I] 14:46:01.707(0000000000084168):[AMQP0]success binding 'amq.direct'->'cf.rpc.5bf59cf0a28611e7b13521fc7ffe691c'(cf.rpc.5bf59cf0a28611e7b13521fc7ffe691c)
[I] 14:46:01.707(0000000000084168):[AMQP6]success declare queue 'cf.wechat.rpc.5c493b30a28611e7b13521fc7ffe691c'
[I] 14:46:01.708(0000000000084168):[AMQP1]success declare queue 'cf.wechat.rpc.5c364f70a28611e7b13521fc7ffe691c'
[I] 14:46:01.708(0000000000084168):[AMQP8]success declare queue 'cf.wechat.rpc.5c4c2160a28611e7b13521fc7ffe691c'
[I] 14:46:01.709(0000000000084168):[AMQP7]success declare queue 'sc.task.rpc.5c49fe80a28611e7b13521fc7ffe691c'
[I] 14:46:01.709(0000000000084168):[AMQP5]success declare queue 'cf.wechat.rpc.5c489ef0a28611e7b13521fc7ffe691c'
[I] 14:46:01.710(0000000000084168):[AMQP4]success consume 'cf.app.rpc.5c47b490a28611e7b13521fc7ffe691c'
[I] 14:46:01.710(0000000000084168):[AMQP6]success consume 'cf.wechat.rpc.5c493b30a28611e7b13521fc7ffe691c'
[I] 14:46:01.711(0000000000084168):[AMQP7]success consume 'sc.task.rpc.5c49fe80a28611e7b13521fc7ffe691c'
[I] 14:46:01.711(0000000000084168):[AMQP1]success consume 'cf.wechat.rpc.5c364f70a28611e7b13521fc7ffe691c'
[I] 14:46:01.712(0000000000084168):[AMQP8]success consume 'cf.wechat.rpc.5c4c2160a28611e7b13521fc7ffe691c'
[I] 14:46:01.713(0000000000084168):[AMQP5]success consume 'cf.wechat.rpc.5c489ef0a28611e7b13521fc7ffe691c'
[I] 14:46:01.713(0000000000084168):[AMQP4]success binding 'amq.direct'->'cf.app.rpc.5c47b490a28611e7b13521fc7ffe691c'(cf.app.rpc.5c47b490a28611e7b13521fc7ffe691c)
[I] 14:46:01.714(0000000000084168):[AMQP0]success declare queue 'cf.wechat.rpc.5c068ce0a28611e7b13521fc7ffe691c'
[I] 14:46:01.716(0000000000084168):[AMQP7]success binding 'amq.direct'->'sc.task.rpc.5c49fe80a28611e7b13521fc7ffe691c'(sc.task.rpc.5c49fe80a28611e7b13521fc7ffe691c)
[I] 14:46:01.717(0000000000084168):[AMQP6]success binding 'amq.direct'->'cf.wechat.rpc.5c493b30a28611e7b13521fc7ffe691c'(cf.wechat.rpc.5c493b30a28611e7b13521fc7ffe691c)
[I] 14:46:01.717(0000000000084168):[AMQP8]success binding 'amq.direct'->'cf.wechat.rpc.5c4c2160a28611e7b13521fc7ffe691c'(cf.wechat.rpc.5c4c2160a28611e7b13521fc7ffe691c)
[I] 14:46:01.717(0000000000084168):[AMQP1]success binding 'amq.direct'->'cf.wechat.rpc.5c364f70a28611e7b13521fc7ffe691c'(cf.wechat.rpc.5c364f70a28611e7b13521fc7ffe691c)
[I] 14:46:01.718(0000000000084168):[AMQP0]success consume 'cf.wechat.rpc.5c068ce0a28611e7b13521fc7ffe691c'
[I] 14:46:01.718(0000000000084168):[AMQP5]success binding 'amq.direct'->'cf.wechat.rpc.5c489ef0a28611e7b13521fc7ffe691c'(cf.wechat.rpc.5c489ef0a28611e7b13521fc7ffe691c)
[I] 14:46:01.719(0000000000084168):[AMQP4]success declare queue 'cf.wechat.rpc.5c47dba0a28611e7b13521fc7ffe691c'
[I] 14:46:01.719(0000000000084168):[AMQP7]success declare queue 'sr.customer.rewardfail.5c4a2590a28611e7b13521fc7ffe691c'
[I] 14:46:01.720(0000000000084168):[AMQP0]success binding 'amq.direct'->'cf.wechat.rpc.5c068ce0a28611e7b13521fc7ffe691c'(cf.wechat.rpc.5c068ce0a28611e7b13521fc7ffe691c)
[I] 14:46:01.720(0000000000084168):[AMQP4]success consume 'cf.wechat.rpc.5c47dba0a28611e7b13521fc7ffe691c'
[I] 14:46:01.721(0000000000084168):[AMQP7]success consume 'sr.customer.rewardfail.5c4a2590a28611e7b13521fc7ffe691c'
[I] 14:46:01.721(0000000000084168):[AMQP0]success declare exchange 'cf.wechat.notify'
[I] 14:46:01.723(0000000000084168):[AMQP4]success binding 'amq.direct'->'cf.wechat.rpc.5c47dba0a28611e7b13521fc7ffe691c'(cf.wechat.rpc.5c47dba0a28611e7b13521fc7ffe691c)
[I] 14:46:01.723(0000000000084168):[AMQP7]success binding 'amq.direct'->'sr.customer.rewardfail.5c4a2590a28611e7b13521fc7ffe691c'(sr.customer.rewardfail.5c4a2590a28611e7b13521fc7ffe691c)
[I] 14:46:01.725(0000000000084168):[AMQP0]success declare queue 'jiaxingwang.sc_admin.wechat.5c1002c0a28611e7b13521fc7ffe691c'
[I] 14:46:01.727(0000000000084168):[AMQP4]success declare queue 'cf.rpc.5c47dba1a28611e7b13521fc7ffe691c'
[I] 14:46:01.728(0000000000084168):[AMQP0]success consume 'jiaxingwang.sc_admin.wechat.5c1002c0a28611e7b13521fc7ffe691c'
[I] 14:46:01.728(0000000000084168):[AMQP4]success consume 'cf.rpc.5c47dba1a28611e7b13521fc7ffe691c'
[I] 14:46:01.730(0000000000084168):[AMQP0]success binding 'cf.wechat.notify'->'jiaxingwang.sc_admin.wechat.5c1002c0a28611e7b13521fc7ffe691c'(#)
[I] 14:46:01.731(0000000000084168):[AMQP4]success binding 'amq.direct'->'cf.rpc.5c47dba1a28611e7b13521fc7ffe691c'(cf.rpc.5c47dba1a28611e7b13521fc7ffe691c)
[I] 14:46:01.734(0000000000084168):[AMQP0]success declare queue 'cf.app.rpc.5c1029d0a28611e7b13521fc7ffe691c'
[I] 14:46:01.735(0000000000084168):[AMQP4]success declare queue 'sc.task.rpc.5c4802b0a28611e7b13521fc7ffe691c'
[I] 14:46:01.736(0000000000084168):[AMQP0]success consume 'cf.app.rpc.5c1029d0a28611e7b13521fc7ffe691c'
[I] 14:46:01.737(0000000000084168):[AMQP4]success consume 'sc.task.rpc.5c4802b0a28611e7b13521fc7ffe691c'
[I] 14:46:01.739(0000000000084168):[AMQP0]success binding 'amq.direct'->'cf.app.rpc.5c1029d0a28611e7b13521fc7ffe691c'(cf.app.rpc.5c1029d0a28611e7b13521fc7ffe691c)
[I] 14:46:01.739(0000000000084168):[AMQP4]success binding 'amq.direct'->'sc.task.rpc.5c4802b0a28611e7b13521fc7ffe691c'(sc.task.rpc.5c4802b0a28611e7b13521fc7ffe691c)
[I] 14:46:01.742(0000000000084168):[AMQP0]success declare queue 'cf.alipay.rpc.5c10ed20a28611e7b13521fc7ffe691c'
[I] 14:46:01.743(0000000000084168):[AMQP0]success consume 'cf.alipay.rpc.5c10ed20a28611e7b13521fc7ffe691c'
[I] 14:46:01.745(0000000000084168):[AMQP0]success binding 'amq.direct'->'cf.alipay.rpc.5c10ed20a28611e7b13521fc7ffe691c'(cf.alipay.rpc.5c10ed20a28611e7b13521fc7ffe691c)
[I] 14:46:01.748(0000000000084168):[AMQP0]success declare queue 'cf.ding.rpc.5c1225a0a28611e7b13521fc7ffe691c'
[I] 14:46:01.749(0000000000084168):[AMQP0]success consume 'cf.ding.rpc.5c1225a0a28611e7b13521fc7ffe691c'
[I] 14:46:01.751(0000000000084168):[AMQP0]success binding 'amq.direct'->'cf.ding.rpc.5c1225a0a28611e7b13521fc7ffe691c'(cf.ding.rpc.5c1225a0a28611e7b13521fc7ffe691c)
[I] 14:46:01.752(0000000000084168):[AMQP0]success declare exchange 'cf.ding.notify'
[I] 14:46:01.755(0000000000084168):[AMQP0]success declare queue 'jiaxingwang.sc_admin.ding.5c13fa60a28611e7b13521fc7ffe691c'
[I] 14:46:01.756(0000000000084168):[AMQP0]success consume 'jiaxingwang.sc_admin.ding.5c13fa60a28611e7b13521fc7ffe691c'
[I] 14:46:01.758(0000000000084168):[AMQP0]success binding 'cf.ding.notify'->'jiaxingwang.sc_admin.ding.5c13fa60a28611e7b13521fc7ffe691c'(#)
[I] 14:46:01.763(0000000000084168):[AMQP0]success declare queue 'sr.customer.rpc.5c1532e0a28611e7b13521fc7ffe691c'
[I] 14:46:01.765(0000000000084168):[AMQP0]success consume 'sr.customer.rpc.5c1532e0a28611e7b13521fc7ffe691c'
[I] 14:46:01.767(0000000000084168):[AMQP0]success binding 'amq.direct'->'sr.customer.rpc.5c1532e0a28611e7b13521fc7ffe691c'(sr.customer.rpc.5c1532e0a28611e7b13521fc7ffe691c)
[I] 14:46:01.768(0000000000084168):[AMQP0]success declare exchange 'sc.system'
[I] 14:46:01.771(0000000000084168):[AMQP0]success declare queue 'jiaxingwang.sc_admin.system.5c1755c0a28611e7b13521fc7ffe691c'
[I] 14:46:01.772(0000000000084168):[AMQP0]success consume 'jiaxingwang.sc_admin.system.5c1755c0a28611e7b13521fc7ffe691c'
[I] 14:46:01.774(0000000000084168):[AMQP0]success binding 'sc.system'->'jiaxingwang.sc_admin.system.5c1755c0a28611e7b13521fc7ffe691c'()
[I] 14:46:01.775(0000000000084168):[AMQP0]success declare exchange 'amq.direct'
[I] 14:46:01.777(0000000000084168):[AMQP0]success declare queue 'sc.task.rpc.5c3712c0a28611e7b13521fc7ffe691c'
[I] 14:46:01.779(0000000000084168):[AMQP0]success consume 'sc.task.rpc.5c3712c0a28611e7b13521fc7ffe691c'
[I] 14:46:01.781(0000000000084168):[AMQP0]success binding 'amq.direct'->'sc.task.rpc.5c3712c0a28611e7b13521fc7ffe691c'(sc.task.rpc.5c3712c0a28611e7b13521fc7ffe691c)
[I] 14:46:01.785(0000000000084168):[AMQP0]success declare queue 'sr.customer.tag.rpc.5c3bf4c0a28611e7b13521fc7ffe691c'
[I] 14:46:01.787(0000000000084168):[AMQP0]success consume 'sr.customer.tag.rpc.5c3bf4c0a28611e7b13521fc7ffe691c'
[I] 14:46:01.789(0000000000084168):[AMQP0]success binding 'amq.direct'->'sr.customer.tag.rpc.5c3bf4c0a28611e7b13521fc7ffe691c'(sr.customer.tag.rpc.5c3bf4c0a28611e7b13521fc7ffe691c)
[I] 14:46:01.792(0000000000084168):[AMQP0]success declare queue 'sr.customer.point.rpc.5c3c69f0a28611e7b13521fc7ffe691c'
[I] 14:46:01.793(0000000000084168):[AMQP0]success consume 'sr.customer.point.rpc.5c3c69f0a28611e7b13521fc7ffe691c'
[I] 14:46:01.795(0000000000084168):[AMQP0]success binding 'amq.direct'->'sr.customer.point.rpc.5c3c69f0a28611e7b13521fc7ffe691c'(sr.customer.point.rpc.5c3c69f0a28611e7b13521fc7ffe691c)
[I] 14:46:01.798(0000000000084168):[AMQP0]success declare queue 'sr.customer.coupon_class.rpc.5c3f9e40a28611e7b13521fc7ffe691c'
[I] 14:46:01.799(0000000000084168):[AMQP0]success consume 'sr.customer.coupon_class.rpc.5c3f9e40a28611e7b13521fc7ffe691c'
[I] 14:46:01.801(0000000000084168):[AMQP0]success binding 'amq.direct'->'sr.customer.coupon_class.rpc.5c3f9e40a28611e7b13521fc7ffe691c'(sr.customer.coupon_class.rpc.5c3f9e40a28611e7b13521fc7ffe691c)
[I] 14:46:01.804(0000000000084168):[AMQP0]success declare queue 'sr.customer.coupon.rpc.5c3fc550a28611e7b13521fc7ffe691c'
[I] 14:46:01.805(0000000000084168):[AMQP0]success consume 'sr.customer.coupon.rpc.5c3fc550a28611e7b13521fc7ffe691c'
[I] 14:46:01.807(0000000000084168):[AMQP0]success binding 'amq.direct'->'sr.customer.coupon.rpc.5c3fc550a28611e7b13521fc7ffe691c'(sr.customer.coupon.rpc.5c3fc550a28611e7b13521fc7ffe691c)
[I] 14:46:01.811(0000000000084168):[AMQP0]success declare queue 'cf.wxpay.rpc.5c41c120a28611e7b13521fc7ffe691c'
[I] 14:46:01.812(0000000000084168):[AMQP0]success consume 'cf.wxpay.rpc.5c41c120a28611e7b13521fc7ffe691c'
[I] 14:46:01.814(0000000000084168):[AMQP0]success binding 'amq.direct'->'cf.wxpay.rpc.5c41c120a28611e7b13521fc7ffe691c'(cf.wxpay.rpc.5c41c120a28611e7b13521fc7ffe691c)
[I] 14:46:01.817(0000000000084168):[AMQP0]success declare queue 'cf.baidu.rpc.5c451c80a28611e7b13521fc7ffe691c'
[I] 14:46:01.819(0000000000084168):[AMQP0]success consume 'cf.baidu.rpc.5c451c80a28611e7b13521fc7ffe691c'
[I] 14:46:01.821(0000000000084168):[AMQP0]success binding 'amq.direct'->'cf.baidu.rpc.5c451c80a28611e7b13521fc7ffe691c'(cf.baidu.rpc.5c451c80a28611e7b13521fc7ffe691c)
[I] 14:46:01.832(0000000000084168):[AMQP0]success declare queue 'sr.trade.rpc.5c4b0ff0a28611e7b13521fc7ffe691c'
[I] 14:46:01.834(0000000000084168):[AMQP0]success consume 'sr.trade.rpc.5c4b0ff0a28611e7b13521fc7ffe691c'
[I] 14:46:01.836(0000000000084168):[AMQP0]success binding 'amq.direct'->'sr.trade.rpc.5c4b0ff0a28611e7b13521fc7ffe691c'(sr.trade.rpc.5c4b0ff0a28611e7b13521fc7ffe691c)
[T] 14:48:56.560(000000000007E370):[sc_admin][jiaxingwang.sc_admin.-1]success update process info:{"pid":516976,"pindex":-1,"mem_used":37,"mem_total":1024,"db_query_count":0,"db_query_times":0,"db_link_occupy":0,"message_in_count":1,"message_out_count":1}
[T] 14:48:59.078(0000000000081480):[sc_admin][jiaxingwang.sc_admin.0]success update process info:{"pid":529536,"pindex":0,"mem_used":72,"mem_total":1024,"db_query_count":2,"db_query_times":17,"db_link_occupy":0,"is_redis_connected":true}
[I] 14:48:59.080(0000000000081480):[MP1]create connection #2
[T] 14:48:59.080(0000000000081480):[MP1]getConnection success,getIndex=2
[T] 14:48:59.081(0000000000081480):[MySQL]Query success,used time:1 ms,sql="select 1;"
[T] 14:48:59.081(0000000000081480):getConnection release,getIndex=2
[T] 14:49:00.284(0000000000082E54):[sc_admin][jiaxingwang.sc_admin.1]success update process info:{"pid":536148,"pindex":1,"mem_used":76,"mem_total":1024,"db_query_count":2,"db_query_times":18,"db_link_occupy":0,"is_redis_connected":true}
[I] 14:49:00.286(0000000000082E54):[MP1]create connection #2
[T] 14:49:00.286(0000000000082E54):[MP1]getConnection success,getIndex=2
[T] 14:49:00.288(0000000000082E54):[MySQL]Query success,used time:0 ms,sql="select 1;"
[T] 14:49:00.288(0000000000082E54):getConnection release,getIndex=2
[T] 14:49:01.256(0000000000084168):[sc_admin][jiaxingwang.sc_admin.2]success update process info:{"pid":541032,"pindex":2,"mem_used":76,"mem_total":1024,"db_query_count":2,"db_query_times":19,"db_link_occupy":0,"is_redis_connected":true}
[I] 14:49:01.258(0000000000084168):[MP1]create connection #2
[T] 14:49:01.258(0000000000084168):[MP1]getConnection success,getIndex=2
[T] 14:49:01.260(0000000000084168):[MySQL]Query success,used time:1 ms,sql="select 1;"
[T] 14:49:01.264(0000000000084168):getConnection release,getIndex=2
[I] 14:51:01.034(0000000000081480):[redis]redis close
[T] 14:51:01.035(0000000000081480):[redis]redis reconnecting
[I] 14:51:01.040(0000000000081480):[redis]redis connect
[I] 14:51:01.042(0000000000081480):[redis]redis ready
[I] 14:51:01.135(0000000000082E54):[redis]redis close
[T] 14:51:01.136(0000000000082E54):[redis]redis reconnecting
[I] 14:51:01.141(0000000000082E54):[redis]redis connect
[I] 14:51:01.143(0000000000082E54):[redis]redis ready
[I] 14:51:02.139(0000000000084168):[redis]redis close
[T] 14:51:02.140(0000000000084168):[redis]redis reconnecting
[I] 14:51:02.143(0000000000084168):[redis]redis connect
[I] 14:51:02.144(0000000000084168):[redis]redis ready
[W] 14:51:21.416(000000000007E370):recv 'Ctrl+C' break sign!next exit!
[D] 14:51:21.422(000000000007E370):worker process log socket error!err=Error: read ECONNRESET
    at exports._errnoException (util.js:890:11)
    at TCP.onread (net.js:550:26)
[D] 14:51:21.423(000000000007E370):worker process log socket close!
[D] 14:51:21.424(000000000007E370):worker process log socket error!err=Error: read ECONNRESET
    at exports._errnoException (util.js:890:11)
    at TCP.onread (net.js:550:26)
[D] 14:51:21.425(000000000007E370):worker process log socket error!err=Error: read ECONNRESET
    at exports._errnoException (util.js:890:11)
    at TCP.onread (net.js:550:26)
[D] 14:51:21.425(000000000007E370):worker process log socket close!
[D] 14:51:21.425(000000000007E370):worker process log socket close!
[W] 14:51:21.431(000000000007E370):worker 81480(0#) died.
[W] 14:51:21.431(000000000007E370):worker 82E54(1#) died.
[W] 14:51:21.433(000000000007E370):worker 84168(2#) died.
[W] 14:51:21.543(000000000007E370):try restart worker 0# ...
[I] 14:51:21.569(000000000007E370):start worker success,pid=7C834(0#)
[W] 14:51:22.596(000000000007E370):try restart worker 1# ...
[I] 14:51:22.604(000000000007E370):start worker success,pid=89E2C(1#)
