[D] 16:53:21.408(000000000011AA9C):master log socket server started! host=::, port=40931
[I] 16:53:21.418(000000000011AA9C):master log channel started!port=40931
[W] 16:53:22.419(000000000011AA9C):try restart worker 0# ...
[I] 16:53:22.430(000000000011AA9C):start worker success,pid=11AAE0(0#)
[D] 16:53:23.057(000000000011AA9C):worker process log socket connected!
[D] 16:53:23.048(000000000011AAE0):worker 0# ready to connect master log socket server, port=40931
[D] 16:53:23.057(000000000011AAE0):worker 0# log socket connected!
[W] 16:53:23.442(000000000011AA9C):try restart worker 1# ...
[I] 16:53:23.447(000000000011AA9C):start worker success,pid=11B4D8(1#)
[I] 16:53:23.620(000000000011AAE0):[AMQP0]created
[I] 16:53:23.632(000000000011AAE0):[AMQP0]declare queue 'cf.rpc.274ee4e0a29811e78a0fab6acaa6e015'
[I] 16:53:23.633(000000000011AAE0):[RPCC:cf.rpc]create rpc client 'cf.rpc' in conn AMQP0
[I] 16:53:23.744(000000000011AAE0):PBEncoder success load file 'E:\product\protocol\cf.proto.js'
[I] 16:53:23.744(000000000011AAE0):[AMQP0]declare queue 'cf.wechat.rpc.27604a00a29811e78a0fab6acaa6e015'
[I] 16:53:23.745(000000000011AAE0):[RPCC:cf.wechat.rpc]create rpc client 'cf.wechat.rpc' in conn AMQP0
[I] 16:53:23.802(000000000011AAE0):PBEncoder success load file 'E:\product\protocol\cf_wechat.proto.js'
[I] 16:53:23.803(000000000011AAE0):[AMQP0]declare exchange 'cf.wechat.notify'
[I] 16:53:23.803(000000000011AAE0):[AMQP0]declare queue 'jiaxingwang.sc_admin.wechat.27694ab0a29811e78a0fab6acaa6e015'
[I] 16:53:23.803(000000000011AAE0):[AMQP0]declare queue 'cf.app.rpc.27694ab1a29811e78a0fab6acaa6e015'
[I] 16:53:23.804(000000000011AAE0):[RPCC:cf.app.rpc]create rpc client 'cf.app.rpc' in conn AMQP0
[I] 16:53:23.808(000000000011AAE0):PBEncoder success load file 'E:\product\protocol\cf_app.proto.js'
[I] 16:53:23.808(000000000011AAE0):[AMQP0]declare queue 'cf.alipay.rpc.276a0e00a29811e78a0fab6acaa6e015'
[I] 16:53:23.809(000000000011AAE0):[RPCC:cf.alipay.rpc]create rpc client 'cf.alipay.rpc' in conn AMQP0
[I] 16:53:23.816(000000000011AAE0):PBEncoder success load file 'E:\product\protocol\cf_alipay.proto.js'
[I] 16:53:23.818(000000000011AAE0):[AMQP0]declare queue 'cf.ding.rpc.276b6d90a29811e78a0fab6acaa6e015'
[I] 16:53:23.818(000000000011AAE0):[RPCC:cf.ding.rpc]create rpc client 'cf.ding.rpc' in conn AMQP0
[I] 16:53:23.828(000000000011AAE0):PBEncoder success load file 'E:\product\protocol\cf_ding.proto.js'
[I] 16:53:23.829(000000000011AAE0):[AMQP0]declare exchange 'cf.ding.notify'
[I] 16:53:23.829(000000000011AAE0):[AMQP0]declare queue 'jiaxingwang.sc_admin.ding.276d4250a29811e78a0fab6acaa6e015'
[I] 16:53:23.829(000000000011AAE0):[AM]init and reload account!
[I] 16:53:23.834(000000000011AAE0):[AM]reload account success, account number is: 0
[I] 16:53:23.837(000000000011AAE0):[AMQP0]declare queue 'sr.customer.rpc.276e7ad0a29811e78a0fab6acaa6e015'
[I] 16:53:23.837(000000000011AAE0):[RPCC:sr.customer.rpc]create rpc client 'sr.customer.rpc' in conn AMQP0
[I] 16:53:23.846(000000000011AAE0):PBEncoder success load file 'E:\product\protocol\sr_customer.proto.js'
[W] 16:53:23.847(000000000011AAE0):[AMQP0]rpc client 'cf.rpc' declare repeat!
[W] 16:53:23.847(000000000011AAE0):[AMQP0]rpc client 'cf.wechat.rpc' declare repeat!
[W] 16:53:23.847(000000000011AAE0):[AMQP0]rpc client 'cf.app.rpc' declare repeat!
[I] 16:53:24.067(000000000011AAE0):PBEncoder success load file 'E:\product\protocol\sc_system.proto.js'
[I] 16:53:24.126(000000000011AAE0):[AMQP1]created
[I] 16:53:24.127(000000000011AAE0):[AMQP1]declare exchange 'amq.direct'
[I] 16:53:24.127(000000000011AAE0):[AMQP1]declare queue 'cf.wechat.rpc.279abaf0a29811e78a0fab6acaa6e015'
[I] 16:53:24.127(000000000011AAE0):[RPCC:cf.wechat.rpc]create rpc client 'cf.wechat.rpc' in conn AMQP1
[I] 16:53:24.129(000000000011AAE0):[AMQP2]created
[I] 16:53:24.133(000000000011AAE0):[AMQP0]declare exchange 'amq.direct'
[I] 16:53:24.134(000000000011AAE0):[AMQP0]declare queue 'sc.task.rpc.279bcc60a29811e78a0fab6acaa6e015'
[I] 16:53:24.134(000000000011AAE0):[RPCC:sc.task.rpc]create rpc client 'sc.task.rpc' in conn AMQP0
[I] 16:53:24.142(000000000011AAE0):PBEncoder success load file 'E:\product\protocol\sc_task.proto.js'
[I] 16:53:24.163(000000000011AAE0):[AMQP0]declare queue 'sr.customer.tag.rpc.27a03930a29811e78a0fab6acaa6e015'
[I] 16:53:24.164(000000000011AAE0):[RPCC:sr.customer.tag.rpc]create rpc client 'sr.customer.tag.rpc' in conn AMQP0
[I] 16:53:24.164(000000000011AAE0):[AMQP0]declare queue 'sr.customer.point.rpc.27a06040a29811e78a0fab6acaa6e015'
[I] 16:53:24.164(000000000011AAE0):[RPCC:sr.customer.point.rpc]create rpc client 'sr.customer.point.rpc' in conn AMQP0
[I] 16:53:24.172(000000000011AAE0):PBEncoder success load file 'E:\product\protocol\sr_customer_point.proto.js'
[I] 16:53:24.179(000000000011AAE0):PBEncoder success load file 'E:\product\protocol\sr_customer_tag.proto.js'
[W] 16:53:24.188(000000000011AAE0):[AMQP0]rpc client 'cf.wechat.rpc' declare repeat!
[I] 16:53:24.189(000000000011AAE0):[AMQP0]declare queue 'sr.customer.coupon_class.rpc.27a430d0a29811e78a0fab6acaa6e015'
[I] 16:53:24.189(000000000011AAE0):[RPCC:sr.customer.coupon_class.rpc]create rpc client 'sr.customer.coupon_class.rpc' in conn AMQP0
[I] 16:53:24.189(000000000011AAE0):[AMQP0]declare queue 'sr.customer.coupon.rpc.27a430d1a29811e78a0fab6acaa6e015'
[I] 16:53:24.190(000000000011AAE0):[RPCC:sr.customer.coupon.rpc]create rpc client 'sr.customer.coupon.rpc' in conn AMQP0
[I] 16:53:24.202(000000000011AAE0):PBEncoder success load file 'E:\product\protocol\sr_customer_coupon.proto.js'
[W] 16:53:24.202(000000000011AAE0):[AMQP0]rpc client 'cf.wechat.rpc' declare repeat!
[I] 16:53:24.203(000000000011AAE0):[AMQP0]declare queue 'cf.wxpay.rpc.27a62ca0a29811e78a0fab6acaa6e015'
[I] 16:53:24.203(000000000011AAE0):[RPCC:cf.wxpay.rpc]create rpc client 'cf.wxpay.rpc' in conn AMQP0
[I] 16:53:24.218(000000000011AAE0):PBEncoder success load file 'E:\product\protocol\cf_wxpay.proto.js'
[W] 16:53:24.218(000000000011AAE0):[AMQP0]rpc client 'sr.customer.point.rpc' declare repeat!
[W] 16:53:24.226(000000000011AAE0):[AMQP0]exchange amq.direct already declare!!
[W] 16:53:24.226(000000000011AAE0):[AMQP0]rpc client 'sr.customer.rpc' declare repeat!
[W] 16:53:24.226(000000000011AAE0):[AMQP0]rpc client 'sr.customer.coupon.rpc' declare repeat!
[W] 16:53:24.226(000000000011AAE0):[AMQP0]rpc client 'cf.wechat.rpc' declare repeat!
[W] 16:53:24.230(000000000011AAE0):[AMQP0]exchange amq.direct already declare!!
[I] 16:53:24.231(000000000011AAE0):[AMQP0]declare queue 'cf.baidu.rpc.27aa9970a29811e78a0fab6acaa6e015'
[I] 16:53:24.231(000000000011AAE0):[RPCC:cf.baidu.rpc]create rpc client 'cf.baidu.rpc' in conn AMQP0
[I] 16:53:24.236(000000000011AAE0):PBEncoder success load file 'E:\product\protocol\cf_baidu.proto.js'
[I] 16:53:24.242(000000000011AAE0):[AMQP3]created
[I] 16:53:24.251(000000000011AAE0):[AMQP4]created
[I] 16:53:24.252(000000000011AAE0):[AMQP4]declare exchange 'amq.direct'
[I] 16:53:24.252(000000000011AAE0):[AMQP4]declare queue 'cf.app.rpc.27adcdc0a29811e78a0fab6acaa6e015'
[I] 16:53:24.252(000000000011AAE0):[RPCC:cf.app.rpc]create rpc client 'cf.app.rpc' in conn AMQP4
[I] 16:53:24.253(000000000011AAE0):[AMQP4]declare queue 'cf.wechat.rpc.27adf4d0a29811e78a0fab6acaa6e015'
[I] 16:53:24.253(000000000011AAE0):[RPCC:cf.wechat.rpc]create rpc client 'cf.wechat.rpc' in conn AMQP4
[I] 16:53:24.253(000000000011AAE0):[AMQP4]declare queue 'cf.rpc.27adf4d1a29811e78a0fab6acaa6e015'
[I] 16:53:24.253(000000000011AAE0):[RPCC:cf.rpc]create rpc client 'cf.rpc' in conn AMQP4
[I] 16:53:24.254(000000000011AAE0):[AMQP4]declare queue 'sc.task.rpc.27adf4d2a29811e78a0fab6acaa6e015'
[I] 16:53:24.254(000000000011AAE0):[RPCC:sc.task.rpc]create rpc client 'sc.task.rpc' in conn AMQP4
[I] 16:53:24.256(000000000011AAE0):[AMQP5]created
[I] 16:53:24.257(000000000011AAE0):[AMQP5]declare exchange 'amq.direct'
[I] 16:53:24.257(000000000011AAE0):[AMQP5]declare queue 'cf.wechat.rpc.27ae9110a29811e78a0fab6acaa6e015'
[I] 16:53:24.257(000000000011AAE0):[RPCC:cf.wechat.rpc]create rpc client 'cf.wechat.rpc' in conn AMQP5
[W] 16:53:24.259(000000000011AAE0):[AMQP0]rpc client 'sr.customer.point.rpc' declare repeat!
[I] 16:53:24.262(000000000011AAE0):[AMQP6]created
[I] 16:53:24.262(000000000011AAE0):[AMQP6]declare exchange 'amq.direct'
[I] 16:53:24.262(000000000011AAE0):[AMQP6]declare queue 'cf.wechat.rpc.27af5460a29811e78a0fab6acaa6e015'
[I] 16:53:24.263(000000000011AAE0):[RPCC:cf.wechat.rpc]create rpc client 'cf.wechat.rpc' in conn AMQP6
[I] 16:53:24.267(000000000011AAE0):[AMQP7]created
[I] 16:53:24.268(000000000011AAE0):[AMQP7]declare exchange 'amq.direct'
[I] 16:53:24.268(000000000011AAE0):[AMQP7]declare queue 'sc.task.rpc.27b03ec0a29811e78a0fab6acaa6e015'
[I] 16:53:24.268(000000000011AAE0):[RPCC:sc.task.rpc]create rpc client 'sc.task.rpc' in conn AMQP7
[I] 16:53:24.269(000000000011AAE0):[AMQP7]declare queue 'sr.customer.rewardfail.27b065d0a29811e78a0fab6acaa6e015'
[I] 16:53:24.269(000000000011AAE0):[RPCC:sr.customer.rewardfail]create rpc client 'sr.customer.rewardfail' in conn AMQP7
[W] 16:53:24.274(000000000011AAE0):[AMQP0]exchange amq.direct already declare!!
[W] 16:53:24.274(000000000011AAE0):[AMQP0]rpc client 'sr.customer.tag.rpc' declare repeat!
[W] 16:53:24.274(000000000011AAE0):[AMQP0]rpc client 'sc.task.rpc' declare repeat!
[W] 16:53:24.277(000000000011AAE0):[AMQP0]exchange amq.direct already declare!!
[I] 16:53:24.277(000000000011AAE0):[AMQP0]declare queue 'sr.trade.rpc.27b19e50a29811e78a0fab6acaa6e015'
[I] 16:53:24.277(000000000011AAE0):[RPCC:sr.trade.rpc]create rpc client 'sr.trade.rpc' in conn AMQP0
[I] 16:53:24.281(000000000011AAE0):PBEncoder success load file 'E:\product\protocol\sr_trade.proto.js'
[I] 16:53:24.284(000000000011AAE0):[AMQP8]created
[I] 16:53:24.284(000000000011AAE0):[AMQP8]declare exchange 'amq.direct'
[I] 16:53:24.285(000000000011AAE0):[AMQP8]declare queue 'cf.wechat.rpc.27b2d6d0a29811e78a0fab6acaa6e015'
[I] 16:53:24.285(000000000011AAE0):[RPCC:cf.wechat.rpc]create rpc client 'cf.wechat.rpc' in conn AMQP8
[I] 16:53:24.309(000000000011AAE0):[redis]redis connect
[D] 16:53:24.311(000000000011AA9C):worker process log socket connected!
[T] 16:53:24.312(000000000011AAE0):Http is running,port is 18910
[D] 16:53:24.288(000000000011B4D8):worker 1# ready to connect master log socket server, port=40931
[D] 16:53:24.314(000000000011B4D8):worker 1# log socket connected!
[I] 16:53:24.327(000000000011AAE0):[redis]redis ready
[I] 16:53:24.330(000000000011AAE0):[MP1]create connection #0
[T] 16:53:24.330(000000000011AAE0):[MP1]getConnection success,getIndex=0
[I] 16:53:24.331(000000000011AAE0):[MP1]create connection #1
[T] 16:53:24.331(000000000011AAE0):[MP1]getConnection success,getIndex=1
[T] 16:53:24.340(000000000011AAE0):[MySQL]Query success,used time:7 ms,sql="select * from cf_account where enabled=1 and function_mask like \"1%\""
[T] 16:53:24.341(000000000011AAE0):getConnection release,getIndex=0
[I] 16:53:24.342(000000000011AAE0):[AM]get account list success: [{"innerid":"HEDV35FASG-DGW423A-34TGGW53AAD66","name":"乐逛演示","org_id":"1","shop_id":null,"settlement_id":null,"method_code":1,"method_code_key":"wechat_test3_1","function_mask":"10","config":"{\"accountid\":\"gh_92368265694f\",\"fee_type\":\"CNY\",\"appid\":\"wx39bf9ff3da6fc1e7\",\"appsecret\":\"e00fc51118b318fb99cff35d217865fc\",\"mch_id\":\"1287801701\",\"sub_mch_id\":\"\",\"sign_key\":\"smartpaysmartpaysmartpaysmartpay\",\"key_file\":\"apiclient_key.pem\",\"cert_file\":\"apiclient_cert.pem\",\"pay_authorization_dir\":[\"\",\"\",\"\"],\"pay_native_callback\":\"\",\"pay_finish_notify\":\"1\",\"pay_alarm_notify\":\"\"}","enabled":1,"desc":null},{"innerid":"SE43RG3ASG-34GWW55A-34TG43HER452","name":"短信测试一","org_id":"1","shop_id":null,"settlement_id":null,"method_code":2,"method_code_key":"wechat_test1_2","function_mask":"10","config":"{\"url\" : \"http://211.147.239.62:9050/cgi-bin/sendsms\",\"username\" : \"shopperconnect@smartac\",\"password\" : \"shopCNT@smartc2016\"}","enabled":1,"desc":null},{"innerid":"SMFGSW423GWS-G43HTEHE2-HHEDR5462HS","name":"邮件测试一","org_id":"1","shop_id":null,"settlement_id":null,"method_code":3,"method_code_key":"wechat_test1_3","function_mask":"10","config":"{\"smtpserver\" : \"smtp.163.com\",\"port\": 25,\"username\" : \"zyqtest5@163.com\",\"password\" : \"zyqtest5881119\",\"SSL\":false}","enabled":1,"desc":null}]
[T] 16:53:24.350(000000000011AAE0):[MySQL]Query success,used time:16 ms,sql="SELECT * FROM `sc_org`"
[T] 16:53:24.351(000000000011AAE0):getConnection release,getIndex=1
[I] 16:53:24.381(000000000011AAE0):[AMQP6]AMQP6 connect 'amqp://guest:guest@172.16.0.81:5672' success!
[I] 16:53:24.384(000000000011AAE0):[AMQP8]AMQP8 connect 'amqp://guest:guest@172.16.0.81:5672' success!
[I] 16:53:24.386(000000000011AAE0):[AMQP7]AMQP7 connect 'amqp://guest:guest@172.16.0.81:5672' success!
[I] 16:53:24.387(000000000011AAE0):[AMQP4]AMQP4 connect 'amqp://guest:guest@172.16.0.81:5672' success!
[I] 16:53:24.388(000000000011AAE0):[AMQP5]AMQP5 connect 'amqp://guest:guest@172.16.0.81:5672' success!
[I] 16:53:24.389(000000000011AAE0):[AMQP0]AMQP0 connect 'amqp://guest:guest@172.16.0.81:5672' success!
[I] 16:53:24.391(000000000011AAE0):[AMQP1]AMQP1 connect 'amqp://guest:guest@172.16.0.81:5672' success!
[I] 16:53:24.402(000000000011AAE0):[AMQP6]success declare exchange 'amq.direct'
[I] 16:53:24.403(000000000011AAE0):[AMQP8]success declare exchange 'amq.direct'
[I] 16:53:24.404(000000000011AAE0):[AMQP1]success declare exchange 'amq.direct'
[I] 16:53:24.406(000000000011AAE0):[AMQP4]success declare exchange 'amq.direct'
[I] 16:53:24.406(000000000011AAE0):[AMQP7]success declare exchange 'amq.direct'
[I] 16:53:24.408(000000000011AAE0):[AMQP5]success declare exchange 'amq.direct'
[I] 16:53:24.409(000000000011AAE0):[AMQP0]success declare queue 'cf.rpc.274ee4e0a29811e78a0fab6acaa6e015'
[I] 16:53:24.409(000000000011AAE0):[AMQP6]success declare queue 'cf.wechat.rpc.27af5460a29811e78a0fab6acaa6e015'
[I] 16:53:24.414(000000000011AAE0):[AMQP0]success consume 'cf.rpc.274ee4e0a29811e78a0fab6acaa6e015'
[I] 16:53:24.414(000000000011AAE0):[AMQP6]success consume 'cf.wechat.rpc.27af5460a29811e78a0fab6acaa6e015'
[I] 16:53:24.415(000000000011AAE0):[AMQP4]success declare queue 'cf.app.rpc.27adcdc0a29811e78a0fab6acaa6e015'
[I] 16:53:24.417(000000000011AAE0):[AMQP8]success declare queue 'cf.wechat.rpc.27b2d6d0a29811e78a0fab6acaa6e015'
[I] 16:53:24.418(000000000011AAE0):[AMQP7]success declare queue 'sc.task.rpc.27b03ec0a29811e78a0fab6acaa6e015'
[I] 16:53:24.419(000000000011AAE0):[AMQP1]success declare queue 'cf.wechat.rpc.279abaf0a29811e78a0fab6acaa6e015'
[I] 16:53:24.420(000000000011AAE0):[AMQP6]success binding 'amq.direct'->'cf.wechat.rpc.27af5460a29811e78a0fab6acaa6e015'(cf.wechat.rpc.27af5460a29811e78a0fab6acaa6e015)
[I] 16:53:24.421(000000000011AAE0):[AMQP5]success declare queue 'cf.wechat.rpc.27ae9110a29811e78a0fab6acaa6e015'
[I] 16:53:24.421(000000000011AAE0):[AMQP0]success binding 'amq.direct'->'cf.rpc.274ee4e0a29811e78a0fab6acaa6e015'(cf.rpc.274ee4e0a29811e78a0fab6acaa6e015)
[I] 16:53:24.421(000000000011AAE0):[AMQP4]success consume 'cf.app.rpc.27adcdc0a29811e78a0fab6acaa6e015'
[I] 16:53:24.422(000000000011AAE0):[AMQP8]success consume 'cf.wechat.rpc.27b2d6d0a29811e78a0fab6acaa6e015'
[I] 16:53:24.423(000000000011AAE0):[AMQP7]success consume 'sc.task.rpc.27b03ec0a29811e78a0fab6acaa6e015'
[I] 16:53:24.423(000000000011AAE0):[AMQP1]success consume 'cf.wechat.rpc.279abaf0a29811e78a0fab6acaa6e015'
[I] 16:53:24.423(000000000011AAE0):[AMQP5]success consume 'cf.wechat.rpc.27ae9110a29811e78a0fab6acaa6e015'
[I] 16:53:24.424(000000000011AAE0):[AMQP4]success binding 'amq.direct'->'cf.app.rpc.27adcdc0a29811e78a0fab6acaa6e015'(cf.app.rpc.27adcdc0a29811e78a0fab6acaa6e015)
[I] 16:53:24.426(000000000011AAE0):[AMQP8]success binding 'amq.direct'->'cf.wechat.rpc.27b2d6d0a29811e78a0fab6acaa6e015'(cf.wechat.rpc.27b2d6d0a29811e78a0fab6acaa6e015)
[I] 16:53:24.427(000000000011AAE0):[AMQP1]success binding 'amq.direct'->'cf.wechat.rpc.279abaf0a29811e78a0fab6acaa6e015'(cf.wechat.rpc.279abaf0a29811e78a0fab6acaa6e015)
[I] 16:53:24.428(000000000011AAE0):[AMQP0]success declare queue 'cf.wechat.rpc.27604a00a29811e78a0fab6acaa6e015'
[I] 16:53:24.428(000000000011AAE0):[AMQP7]success binding 'amq.direct'->'sc.task.rpc.27b03ec0a29811e78a0fab6acaa6e015'(sc.task.rpc.27b03ec0a29811e78a0fab6acaa6e015)
[I] 16:53:24.429(000000000011AAE0):[AMQP5]success binding 'amq.direct'->'cf.wechat.rpc.27ae9110a29811e78a0fab6acaa6e015'(cf.wechat.rpc.27ae9110a29811e78a0fab6acaa6e015)
[I] 16:53:24.429(000000000011AAE0):[AMQP4]success declare queue 'cf.wechat.rpc.27adf4d0a29811e78a0fab6acaa6e015'
[I] 16:53:24.432(000000000011AAE0):[AMQP0]success consume 'cf.wechat.rpc.27604a00a29811e78a0fab6acaa6e015'
[I] 16:53:24.432(000000000011AAE0):[AMQP4]success consume 'cf.wechat.rpc.27adf4d0a29811e78a0fab6acaa6e015'
[I] 16:53:24.434(000000000011AAE0):[AMQP7]success declare queue 'sr.customer.rewardfail.27b065d0a29811e78a0fab6acaa6e015'
[I] 16:53:24.435(000000000011AAE0):[AMQP0]success binding 'amq.direct'->'cf.wechat.rpc.27604a00a29811e78a0fab6acaa6e015'(cf.wechat.rpc.27604a00a29811e78a0fab6acaa6e015)
[I] 16:53:24.435(000000000011AAE0):[AMQP4]success binding 'amq.direct'->'cf.wechat.rpc.27adf4d0a29811e78a0fab6acaa6e015'(cf.wechat.rpc.27adf4d0a29811e78a0fab6acaa6e015)
[I] 16:53:24.436(000000000011AAE0):[AMQP7]success consume 'sr.customer.rewardfail.27b065d0a29811e78a0fab6acaa6e015'
[I] 16:53:24.436(000000000011AAE0):[AMQP0]success declare exchange 'cf.wechat.notify'
[I] 16:53:24.437(000000000011AAE0):[AMQP7]success binding 'amq.direct'->'sr.customer.rewardfail.27b065d0a29811e78a0fab6acaa6e015'(sr.customer.rewardfail.27b065d0a29811e78a0fab6acaa6e015)
[I] 16:53:24.439(000000000011AAE0):[AMQP4]success declare queue 'cf.rpc.27adf4d1a29811e78a0fab6acaa6e015'
[I] 16:53:24.440(000000000011AAE0):[AMQP0]success declare queue 'jiaxingwang.sc_admin.wechat.27694ab0a29811e78a0fab6acaa6e015'
[I] 16:53:24.442(000000000011AAE0):[AMQP4]success consume 'cf.rpc.27adf4d1a29811e78a0fab6acaa6e015'
[I] 16:53:24.442(000000000011AAE0):[AMQP0]success consume 'jiaxingwang.sc_admin.wechat.27694ab0a29811e78a0fab6acaa6e015'
[I] 16:53:24.444(000000000011AAE0):[AMQP4]success binding 'amq.direct'->'cf.rpc.27adf4d1a29811e78a0fab6acaa6e015'(cf.rpc.27adf4d1a29811e78a0fab6acaa6e015)
[I] 16:53:24.447(000000000011AAE0):[AMQP0]success binding 'cf.wechat.notify'->'jiaxingwang.sc_admin.wechat.27694ab0a29811e78a0fab6acaa6e015'(#)
[I] 16:53:24.448(000000000011AAE0):[AMQP4]success declare queue 'sc.task.rpc.27adf4d2a29811e78a0fab6acaa6e015'
[W] 16:53:24.452(000000000011AA9C):try restart worker 2# ...
[I] 16:53:24.461(000000000011AA9C):start worker success,pid=11A030(2#)
[I] 16:53:24.451(000000000011AAE0):[AMQP4]success consume 'sc.task.rpc.27adf4d2a29811e78a0fab6acaa6e015'
[I] 16:53:24.456(000000000011AAE0):[AMQP0]success declare queue 'cf.app.rpc.27694ab1a29811e78a0fab6acaa6e015'
[I] 16:53:24.459(000000000011AAE0):[AMQP4]success binding 'amq.direct'->'sc.task.rpc.27adf4d2a29811e78a0fab6acaa6e015'(sc.task.rpc.27adf4d2a29811e78a0fab6acaa6e015)
[I] 16:53:24.460(000000000011AAE0):[AMQP0]success consume 'cf.app.rpc.27694ab1a29811e78a0fab6acaa6e015'
[I] 16:53:24.463(000000000011AAE0):[AMQP0]success binding 'amq.direct'->'cf.app.rpc.27694ab1a29811e78a0fab6acaa6e015'(cf.app.rpc.27694ab1a29811e78a0fab6acaa6e015)
[I] 16:53:24.467(000000000011AAE0):[AMQP0]success declare queue 'cf.alipay.rpc.276a0e00a29811e78a0fab6acaa6e015'
[I] 16:53:24.469(000000000011AAE0):[AMQP0]success consume 'cf.alipay.rpc.276a0e00a29811e78a0fab6acaa6e015'
[I] 16:53:24.472(000000000011AAE0):[AMQP0]success binding 'amq.direct'->'cf.alipay.rpc.276a0e00a29811e78a0fab6acaa6e015'(cf.alipay.rpc.276a0e00a29811e78a0fab6acaa6e015)
[I] 16:53:24.476(000000000011AAE0):[AMQP0]success declare queue 'cf.ding.rpc.276b6d90a29811e78a0fab6acaa6e015'
[I] 16:53:24.478(000000000011AAE0):[AMQP0]success consume 'cf.ding.rpc.276b6d90a29811e78a0fab6acaa6e015'
[I] 16:53:24.480(000000000011AAE0):[AMQP0]success binding 'amq.direct'->'cf.ding.rpc.276b6d90a29811e78a0fab6acaa6e015'(cf.ding.rpc.276b6d90a29811e78a0fab6acaa6e015)
[I] 16:53:24.486(000000000011AAE0):[AMQP0]success declare exchange 'cf.ding.notify'
[I] 16:53:24.490(000000000011AAE0):[AMQP0]success declare queue 'jiaxingwang.sc_admin.ding.276d4250a29811e78a0fab6acaa6e015'
[I] 16:53:24.492(000000000011AAE0):[AMQP0]success consume 'jiaxingwang.sc_admin.ding.276d4250a29811e78a0fab6acaa6e015'
[I] 16:53:24.495(000000000011AAE0):[AMQP0]success binding 'cf.ding.notify'->'jiaxingwang.sc_admin.ding.276d4250a29811e78a0fab6acaa6e015'(#)
[I] 16:53:24.499(000000000011AAE0):[AMQP0]success declare queue 'sr.customer.rpc.276e7ad0a29811e78a0fab6acaa6e015'
[I] 16:53:24.501(000000000011AAE0):[AMQP0]success consume 'sr.customer.rpc.276e7ad0a29811e78a0fab6acaa6e015'
[I] 16:53:24.505(000000000011AAE0):[AMQP0]success binding 'amq.direct'->'sr.customer.rpc.276e7ad0a29811e78a0fab6acaa6e015'(sr.customer.rpc.276e7ad0a29811e78a0fab6acaa6e015)
[I] 16:53:24.506(000000000011AAE0):[AMQP0]success declare exchange 'amq.direct'
[I] 16:53:24.510(000000000011AAE0):[AMQP0]success declare queue 'sc.task.rpc.279bcc60a29811e78a0fab6acaa6e015'
[I] 16:53:24.512(000000000011AAE0):[AMQP0]success consume 'sc.task.rpc.279bcc60a29811e78a0fab6acaa6e015'
[I] 16:53:24.515(000000000011AAE0):[AMQP0]success binding 'amq.direct'->'sc.task.rpc.279bcc60a29811e78a0fab6acaa6e015'(sc.task.rpc.279bcc60a29811e78a0fab6acaa6e015)
[I] 16:53:24.519(000000000011AAE0):[AMQP0]success declare queue 'sr.customer.tag.rpc.27a03930a29811e78a0fab6acaa6e015'
[I] 16:53:24.522(000000000011AAE0):[AMQP0]success consume 'sr.customer.tag.rpc.27a03930a29811e78a0fab6acaa6e015'
[I] 16:53:24.525(000000000011AAE0):[AMQP0]success binding 'amq.direct'->'sr.customer.tag.rpc.27a03930a29811e78a0fab6acaa6e015'(sr.customer.tag.rpc.27a03930a29811e78a0fab6acaa6e015)
[I] 16:53:24.540(000000000011AAE0):[AMQP0]success declare queue 'sr.customer.point.rpc.27a06040a29811e78a0fab6acaa6e015'
[I] 16:53:24.543(000000000011AAE0):[AMQP0]success consume 'sr.customer.point.rpc.27a06040a29811e78a0fab6acaa6e015'
[I] 16:53:24.546(000000000011AAE0):[AMQP0]success binding 'amq.direct'->'sr.customer.point.rpc.27a06040a29811e78a0fab6acaa6e015'(sr.customer.point.rpc.27a06040a29811e78a0fab6acaa6e015)
[I] 16:53:24.551(000000000011AAE0):[AMQP0]success declare queue 'sr.customer.coupon_class.rpc.27a430d0a29811e78a0fab6acaa6e015'
[I] 16:53:24.553(000000000011AAE0):[AMQP0]success consume 'sr.customer.coupon_class.rpc.27a430d0a29811e78a0fab6acaa6e015'
[I] 16:53:24.555(000000000011AAE0):[AMQP0]success binding 'amq.direct'->'sr.customer.coupon_class.rpc.27a430d0a29811e78a0fab6acaa6e015'(sr.customer.coupon_class.rpc.27a430d0a29811e78a0fab6acaa6e015)
[I] 16:53:24.558(000000000011AAE0):[AMQP0]success declare queue 'sr.customer.coupon.rpc.27a430d1a29811e78a0fab6acaa6e015'
[I] 16:53:24.564(000000000011AAE0):[AMQP0]success consume 'sr.customer.coupon.rpc.27a430d1a29811e78a0fab6acaa6e015'
[I] 16:53:24.567(000000000011AAE0):[AMQP0]success binding 'amq.direct'->'sr.customer.coupon.rpc.27a430d1a29811e78a0fab6acaa6e015'(sr.customer.coupon.rpc.27a430d1a29811e78a0fab6acaa6e015)
[I] 16:53:24.571(000000000011AAE0):[AMQP0]success declare queue 'cf.wxpay.rpc.27a62ca0a29811e78a0fab6acaa6e015'
[I] 16:53:24.577(000000000011AAE0):[AMQP0]success consume 'cf.wxpay.rpc.27a62ca0a29811e78a0fab6acaa6e015'
[I] 16:53:24.636(000000000011AAE0):[AMQP0]success binding 'amq.direct'->'cf.wxpay.rpc.27a62ca0a29811e78a0fab6acaa6e015'(cf.wxpay.rpc.27a62ca0a29811e78a0fab6acaa6e015)
[I] 16:53:24.640(000000000011AAE0):[AMQP0]success declare queue 'cf.baidu.rpc.27aa9970a29811e78a0fab6acaa6e015'
[I] 16:53:24.643(000000000011AAE0):[AMQP0]success consume 'cf.baidu.rpc.27aa9970a29811e78a0fab6acaa6e015'
[I] 16:53:24.648(000000000011AAE0):[AMQP0]success binding 'amq.direct'->'cf.baidu.rpc.27aa9970a29811e78a0fab6acaa6e015'(cf.baidu.rpc.27aa9970a29811e78a0fab6acaa6e015)
[I] 16:53:24.651(000000000011AAE0):[AMQP0]success declare queue 'sr.trade.rpc.27b19e50a29811e78a0fab6acaa6e015'
[I] 16:53:24.654(000000000011AAE0):[AMQP0]success consume 'sr.trade.rpc.27b19e50a29811e78a0fab6acaa6e015'
[I] 16:53:24.656(000000000011AAE0):[AMQP0]success binding 'amq.direct'->'sr.trade.rpc.27b19e50a29811e78a0fab6acaa6e015'(sr.trade.rpc.27b19e50a29811e78a0fab6acaa6e015)
[I] 16:53:25.015(000000000011B4D8):[AMQP0]created
[I] 16:53:25.025(000000000011B4D8):[AMQP0]declare queue 'cf.rpc.28239a00a29811e7aef91b8a8bbe0e4e'
[I] 16:53:25.026(000000000011B4D8):[RPCC:cf.rpc]create rpc client 'cf.rpc' in conn AMQP0
[I] 16:53:25.134(000000000011B4D8):PBEncoder success load file 'E:\product\protocol\cf.proto.js'
[I] 16:53:25.134(000000000011B4D8):[AMQP0]declare queue 'cf.wechat.rpc.283462e0a29811e7aef91b8a8bbe0e4e'
[I] 16:53:25.135(000000000011B4D8):[RPCC:cf.wechat.rpc]create rpc client 'cf.wechat.rpc' in conn AMQP0
[I] 16:53:25.197(000000000011B4D8):PBEncoder success load file 'E:\product\protocol\cf_wechat.proto.js'
[I] 16:53:25.198(000000000011B4D8):[AMQP0]declare exchange 'cf.wechat.notify'
[I] 16:53:25.198(000000000011B4D8):[AMQP0]declare queue 'jiaxingwang.sc_admin.wechat.283e26e0a29811e7aef91b8a8bbe0e4e'
[I] 16:53:25.198(000000000011B4D8):[AMQP0]declare queue 'cf.app.rpc.283e26e1a29811e7aef91b8a8bbe0e4e'
[I] 16:53:25.199(000000000011B4D8):[RPCC:cf.app.rpc]create rpc client 'cf.app.rpc' in conn AMQP0
[I] 16:53:25.203(000000000011B4D8):PBEncoder success load file 'E:\product\protocol\cf_app.proto.js'
[I] 16:53:25.204(000000000011B4D8):[AMQP0]declare queue 'cf.alipay.rpc.283f1140a29811e7aef91b8a8bbe0e4e'
[I] 16:53:25.204(000000000011B4D8):[RPCC:cf.alipay.rpc]create rpc client 'cf.alipay.rpc' in conn AMQP0
[I] 16:53:25.211(000000000011B4D8):PBEncoder success load file 'E:\product\protocol\cf_alipay.proto.js'
[I] 16:53:25.212(000000000011B4D8):[AMQP0]declare queue 'cf.ding.rpc.284049c0a29811e7aef91b8a8bbe0e4e'
[I] 16:53:25.212(000000000011B4D8):[RPCC:cf.ding.rpc]create rpc client 'cf.ding.rpc' in conn AMQP0
[D] 16:53:25.223(000000000011AA9C):worker process log socket connected!
[I] 16:53:25.224(000000000011B4D8):PBEncoder success load file 'E:\product\protocol\cf_ding.proto.js'
[I] 16:53:25.225(000000000011B4D8):[AMQP0]declare exchange 'cf.ding.notify'
[I] 16:53:25.225(000000000011B4D8):[AMQP0]declare queue 'jiaxingwang.sc_admin.ding.28424590a29811e7aef91b8a8bbe0e4e'
[I] 16:53:25.225(000000000011B4D8):[AM]init and reload account!
[D] 16:53:25.213(000000000011A030):worker 2# ready to connect master log socket server, port=40931
[D] 16:53:25.223(000000000011A030):worker 2# log socket connected!
[I] 16:53:25.230(000000000011B4D8):[AM]reload account success, account number is: 0
[I] 16:53:25.233(000000000011B4D8):[AMQP0]declare queue 'sr.customer.rpc.28437e10a29811e7aef91b8a8bbe0e4e'
[I] 16:53:25.234(000000000011B4D8):[RPCC:sr.customer.rpc]create rpc client 'sr.customer.rpc' in conn AMQP0
[I] 16:53:25.243(000000000011B4D8):PBEncoder success load file 'E:\product\protocol\sr_customer.proto.js'
[W] 16:53:25.244(000000000011B4D8):[AMQP0]rpc client 'cf.rpc' declare repeat!
[W] 16:53:25.246(000000000011B4D8):[AMQP0]rpc client 'cf.wechat.rpc' declare repeat!
[W] 16:53:25.246(000000000011B4D8):[AMQP0]rpc client 'cf.app.rpc' declare repeat!
[I] 16:53:25.434(000000000011B4D8):PBEncoder success load file 'E:\product\protocol\sc_system.proto.js'
[I] 16:53:25.477(000000000011B4D8):[AMQP1]created
[I] 16:53:25.478(000000000011B4D8):[AMQP1]declare exchange 'amq.direct'
[I] 16:53:25.478(000000000011B4D8):[AMQP1]declare queue 'cf.wechat.rpc.2868e060a29811e7aef91b8a8bbe0e4e'
[I] 16:53:25.479(000000000011B4D8):[RPCC:cf.wechat.rpc]create rpc client 'cf.wechat.rpc' in conn AMQP1
[I] 16:53:25.481(000000000011B4D8):[AMQP2]created
[I] 16:53:25.485(000000000011B4D8):[AMQP0]declare exchange 'amq.direct'
[I] 16:53:25.486(000000000011B4D8):[AMQP0]declare queue 'sc.task.rpc.286a18e0a29811e7aef91b8a8bbe0e4e'
[I] 16:53:25.486(000000000011B4D8):[RPCC:sc.task.rpc]create rpc client 'sc.task.rpc' in conn AMQP0
[I] 16:53:25.494(000000000011B4D8):PBEncoder success load file 'E:\product\protocol\sc_task.proto.js'
[I] 16:53:25.527(000000000011B4D8):[AMQP0]declare queue 'sr.customer.tag.rpc.28703360a29811e7aef91b8a8bbe0e4e'
[I] 16:53:25.527(000000000011B4D8):[RPCC:sr.customer.tag.rpc]create rpc client 'sr.customer.tag.rpc' in conn AMQP0
[I] 16:53:25.527(000000000011B4D8):[AMQP0]declare queue 'sr.customer.point.rpc.28705a70a29811e7aef91b8a8bbe0e4e'
[I] 16:53:25.528(000000000011B4D8):[RPCC:sr.customer.point.rpc]create rpc client 'sr.customer.point.rpc' in conn AMQP0
[I] 16:53:25.535(000000000011B4D8):PBEncoder success load file 'E:\product\protocol\sr_customer_point.proto.js'
[I] 16:53:25.542(000000000011B4D8):PBEncoder success load file 'E:\product\protocol\sr_customer_tag.proto.js'
[W] 16:53:25.551(000000000011B4D8):[AMQP0]rpc client 'cf.wechat.rpc' declare repeat!
[I] 16:53:25.551(000000000011B4D8):[AMQP0]declare queue 'sr.customer.coupon_class.rpc.287403f0a29811e7aef91b8a8bbe0e4e'
[I] 16:53:25.552(000000000011B4D8):[RPCC:sr.customer.coupon_class.rpc]create rpc client 'sr.customer.coupon_class.rpc' in conn AMQP0
[I] 16:53:25.552(000000000011B4D8):[AMQP0]declare queue 'sr.customer.coupon.rpc.28742b00a29811e7aef91b8a8bbe0e4e'
[I] 16:53:25.553(000000000011B4D8):[RPCC:sr.customer.coupon.rpc]create rpc client 'sr.customer.coupon.rpc' in conn AMQP0
[I] 16:53:25.565(000000000011B4D8):PBEncoder success load file 'E:\product\protocol\sr_customer_coupon.proto.js'
[W] 16:53:25.565(000000000011B4D8):[AMQP0]rpc client 'cf.wechat.rpc' declare repeat!
[I] 16:53:25.566(000000000011B4D8):[AMQP0]declare queue 'cf.wxpay.rpc.28764de0a29811e7aef91b8a8bbe0e4e'
[I] 16:53:25.566(000000000011B4D8):[RPCC:cf.wxpay.rpc]create rpc client 'cf.wxpay.rpc' in conn AMQP0
[I] 16:53:25.578(000000000011B4D8):PBEncoder success load file 'E:\product\protocol\cf_wxpay.proto.js'
[W] 16:53:25.579(000000000011B4D8):[AMQP0]rpc client 'sr.customer.point.rpc' declare repeat!
[W] 16:53:25.586(000000000011B4D8):[AMQP0]exchange amq.direct already declare!!
[W] 16:53:25.586(000000000011B4D8):[AMQP0]rpc client 'sr.customer.rpc' declare repeat!
[W] 16:53:25.587(000000000011B4D8):[AMQP0]rpc client 'sr.customer.coupon.rpc' declare repeat!
[W] 16:53:25.587(000000000011B4D8):[AMQP0]rpc client 'cf.wechat.rpc' declare repeat!
[W] 16:53:25.589(000000000011B4D8):[AMQP0]exchange amq.direct already declare!!
[I] 16:53:25.589(000000000011B4D8):[AMQP0]declare queue 'cf.baidu.rpc.2879d050a29811e7aef91b8a8bbe0e4e'
[I] 16:53:25.590(000000000011B4D8):[RPCC:cf.baidu.rpc]create rpc client 'cf.baidu.rpc' in conn AMQP0
[I] 16:53:25.593(000000000011B4D8):PBEncoder success load file 'E:\product\protocol\cf_baidu.proto.js'
[I] 16:53:25.598(000000000011B4D8):[AMQP3]created
[I] 16:53:25.606(000000000011B4D8):[AMQP4]created
[I] 16:53:25.607(000000000011B4D8):[AMQP4]declare exchange 'amq.direct'
[I] 16:53:25.607(000000000011B4D8):[AMQP4]declare queue 'cf.app.rpc.287c8f70a29811e7aef91b8a8bbe0e4e'
[I] 16:53:25.607(000000000011B4D8):[RPCC:cf.app.rpc]create rpc client 'cf.app.rpc' in conn AMQP4
[I] 16:53:25.608(000000000011B4D8):[AMQP4]declare queue 'cf.wechat.rpc.287cb680a29811e7aef91b8a8bbe0e4e'
[I] 16:53:25.608(000000000011B4D8):[RPCC:cf.wechat.rpc]create rpc client 'cf.wechat.rpc' in conn AMQP4
[I] 16:53:25.608(000000000011B4D8):[AMQP4]declare queue 'cf.rpc.287cb681a29811e7aef91b8a8bbe0e4e'
[I] 16:53:25.608(000000000011B4D8):[RPCC:cf.rpc]create rpc client 'cf.rpc' in conn AMQP4
[I] 16:53:25.609(000000000011B4D8):[AMQP4]declare queue 'sc.task.rpc.287cdd90a29811e7aef91b8a8bbe0e4e'
[I] 16:53:25.609(000000000011B4D8):[RPCC:sc.task.rpc]create rpc client 'sc.task.rpc' in conn AMQP4
[I] 16:53:25.611(000000000011B4D8):[AMQP5]created
[I] 16:53:25.612(000000000011B4D8):[AMQP5]declare exchange 'amq.direct'
[I] 16:53:25.612(000000000011B4D8):[AMQP5]declare queue 'cf.wechat.rpc.287d52c0a29811e7aef91b8a8bbe0e4e'
[I] 16:53:25.612(000000000011B4D8):[RPCC:cf.wechat.rpc]create rpc client 'cf.wechat.rpc' in conn AMQP5
[W] 16:53:25.614(000000000011B4D8):[AMQP0]rpc client 'sr.customer.point.rpc' declare repeat!
[I] 16:53:25.617(000000000011B4D8):[AMQP6]created
[I] 16:53:25.617(000000000011B4D8):[AMQP6]declare exchange 'amq.direct'
[I] 16:53:25.617(000000000011B4D8):[AMQP6]declare queue 'cf.wechat.rpc.287e1610a29811e7aef91b8a8bbe0e4e'
[I] 16:53:25.618(000000000011B4D8):[RPCC:cf.wechat.rpc]create rpc client 'cf.wechat.rpc' in conn AMQP6
[I] 16:53:25.622(000000000011B4D8):[AMQP7]created
[I] 16:53:25.623(000000000011B4D8):[AMQP7]declare exchange 'amq.direct'
[I] 16:53:25.623(000000000011B4D8):[AMQP7]declare queue 'sc.task.rpc.287f0070a29811e7aef91b8a8bbe0e4e'
[I] 16:53:25.623(000000000011B4D8):[RPCC:sc.task.rpc]create rpc client 'sc.task.rpc' in conn AMQP7
[I] 16:53:25.623(000000000011B4D8):[AMQP7]declare queue 'sr.customer.rewardfail.287f0071a29811e7aef91b8a8bbe0e4e'
[I] 16:53:25.623(000000000011B4D8):[RPCC:sr.customer.rewardfail]create rpc client 'sr.customer.rewardfail' in conn AMQP7
[W] 16:53:25.627(000000000011B4D8):[AMQP0]exchange amq.direct already declare!!
[W] 16:53:25.627(000000000011B4D8):[AMQP0]rpc client 'sr.customer.tag.rpc' declare repeat!
[W] 16:53:25.627(000000000011B4D8):[AMQP0]rpc client 'sc.task.rpc' declare repeat!
[W] 16:53:25.629(000000000011B4D8):[AMQP0]exchange amq.direct already declare!!
[I] 16:53:25.630(000000000011B4D8):[AMQP0]declare queue 'sr.trade.rpc.288011e0a29811e7aef91b8a8bbe0e4e'
[I] 16:53:25.630(000000000011B4D8):[RPCC:sr.trade.rpc]create rpc client 'sr.trade.rpc' in conn AMQP0
[I] 16:53:25.633(000000000011B4D8):PBEncoder success load file 'E:\product\protocol\sr_trade.proto.js'
[I] 16:53:25.636(000000000011B4D8):[AMQP8]created
[I] 16:53:25.637(000000000011B4D8):[AMQP8]declare exchange 'amq.direct'
[I] 16:53:25.637(000000000011B4D8):[AMQP8]declare queue 'cf.wechat.rpc.28812350a29811e7aef91b8a8bbe0e4e'
[I] 16:53:25.637(000000000011B4D8):[RPCC:cf.wechat.rpc]create rpc client 'cf.wechat.rpc' in conn AMQP8
[T] 16:53:25.661(000000000011B4D8):Http is running,port is 18910
[I] 16:53:25.665(000000000011B4D8):[redis]redis connect
[I] 16:53:25.680(000000000011B4D8):[redis]redis ready
[I] 16:53:25.683(000000000011B4D8):[MP1]create connection #0
[T] 16:53:25.683(000000000011B4D8):[MP1]getConnection success,getIndex=0
[I] 16:53:25.684(000000000011B4D8):[MP1]create connection #1
[T] 16:53:25.684(000000000011B4D8):[MP1]getConnection success,getIndex=1
[T] 16:53:25.693(000000000011B4D8):[MySQL]Query success,used time:7 ms,sql="select * from cf_account where enabled=1 and function_mask like \"1%\""
[T] 16:53:25.701(000000000011B4D8):[MySQL]Query success,used time:13 ms,sql="SELECT * FROM `sc_org`"
[T] 16:53:25.701(000000000011B4D8):getConnection release,getIndex=0
[T] 16:53:25.702(000000000011B4D8):getConnection release,getIndex=1
[I] 16:53:25.702(000000000011B4D8):[AM]get account list success: [{"innerid":"HEDV35FASG-DGW423A-34TGGW53AAD66","name":"乐逛演示","org_id":"1","shop_id":null,"settlement_id":null,"method_code":1,"method_code_key":"wechat_test3_1","function_mask":"10","config":"{\"accountid\":\"gh_92368265694f\",\"fee_type\":\"CNY\",\"appid\":\"wx39bf9ff3da6fc1e7\",\"appsecret\":\"e00fc51118b318fb99cff35d217865fc\",\"mch_id\":\"1287801701\",\"sub_mch_id\":\"\",\"sign_key\":\"smartpaysmartpaysmartpaysmartpay\",\"key_file\":\"apiclient_key.pem\",\"cert_file\":\"apiclient_cert.pem\",\"pay_authorization_dir\":[\"\",\"\",\"\"],\"pay_native_callback\":\"\",\"pay_finish_notify\":\"1\",\"pay_alarm_notify\":\"\"}","enabled":1,"desc":null},{"innerid":"SE43RG3ASG-34GWW55A-34TG43HER452","name":"短信测试一","org_id":"1","shop_id":null,"settlement_id":null,"method_code":2,"method_code_key":"wechat_test1_2","function_mask":"10","config":"{\"url\" : \"http://211.147.239.62:9050/cgi-bin/sendsms\",\"username\" : \"shopperconnect@smartac\",\"password\" : \"shopCNT@smartc2016\"}","enabled":1,"desc":null},{"innerid":"SMFGSW423GWS-G43HTEHE2-HHEDR5462HS","name":"邮件测试一","org_id":"1","shop_id":null,"settlement_id":null,"method_code":3,"method_code_key":"wechat_test1_3","function_mask":"10","config":"{\"smtpserver\" : \"smtp.163.com\",\"port\": 25,\"username\" : \"zyqtest5@163.com\",\"password\" : \"zyqtest5881119\",\"SSL\":false}","enabled":1,"desc":null}]
[I] 16:53:25.732(000000000011B4D8):[AMQP0]AMQP0 connect 'amqp://guest:guest@172.16.0.81:5672' success!
[I] 16:53:25.736(000000000011B4D8):[AMQP1]AMQP1 connect 'amqp://guest:guest@172.16.0.81:5672' success!
[I] 16:53:25.737(000000000011B4D8):[AMQP4]AMQP4 connect 'amqp://guest:guest@172.16.0.81:5672' success!
[I] 16:53:25.738(000000000011B4D8):[AMQP5]AMQP5 connect 'amqp://guest:guest@172.16.0.81:5672' success!
[I] 16:53:25.740(000000000011B4D8):[AMQP7]AMQP7 connect 'amqp://guest:guest@172.16.0.81:5672' success!
[I] 16:53:25.741(000000000011B4D8):[AMQP8]AMQP8 connect 'amqp://guest:guest@172.16.0.81:5672' success!
[I] 16:53:25.742(000000000011B4D8):[AMQP6]AMQP6 connect 'amqp://guest:guest@172.16.0.81:5672' success!
[I] 16:53:25.753(000000000011B4D8):[AMQP0]success declare queue 'cf.rpc.28239a00a29811e7aef91b8a8bbe0e4e'
[I] 16:53:25.754(000000000011B4D8):[AMQP4]success declare exchange 'amq.direct'
[I] 16:53:25.755(000000000011B4D8):[AMQP1]success declare exchange 'amq.direct'
[I] 16:53:25.757(000000000011B4D8):[AMQP5]success declare exchange 'amq.direct'
[I] 16:53:25.757(000000000011B4D8):[AMQP6]success declare exchange 'amq.direct'
[I] 16:53:25.758(000000000011B4D8):[AMQP7]success declare exchange 'amq.direct'
[I] 16:53:25.759(000000000011B4D8):[AMQP8]success declare exchange 'amq.direct'
[I] 16:53:25.759(000000000011B4D8):[AMQP0]success consume 'cf.rpc.28239a00a29811e7aef91b8a8bbe0e4e'
[I] 16:53:25.762(000000000011B4D8):[AMQP5]success declare queue 'cf.wechat.rpc.287d52c0a29811e7aef91b8a8bbe0e4e'
[I] 16:53:25.762(000000000011B4D8):[AMQP4]success declare queue 'cf.app.rpc.287c8f70a29811e7aef91b8a8bbe0e4e'
[I] 16:53:25.763(000000000011B4D8):[AMQP1]success declare queue 'cf.wechat.rpc.2868e060a29811e7aef91b8a8bbe0e4e'
[I] 16:53:25.764(000000000011B4D8):[AMQP6]success declare queue 'cf.wechat.rpc.287e1610a29811e7aef91b8a8bbe0e4e'
[I] 16:53:25.765(000000000011B4D8):[AMQP0]success binding 'amq.direct'->'cf.rpc.28239a00a29811e7aef91b8a8bbe0e4e'(cf.rpc.28239a00a29811e7aef91b8a8bbe0e4e)
[I] 16:53:25.765(000000000011B4D8):[AMQP4]success consume 'cf.app.rpc.287c8f70a29811e7aef91b8a8bbe0e4e'
[I] 16:53:25.765(000000000011B4D8):[AMQP5]success consume 'cf.wechat.rpc.287d52c0a29811e7aef91b8a8bbe0e4e'
[I] 16:53:25.766(000000000011B4D8):[AMQP7]success declare queue 'sc.task.rpc.287f0070a29811e7aef91b8a8bbe0e4e'
[I] 16:53:25.766(000000000011B4D8):[AMQP8]success declare queue 'cf.wechat.rpc.28812350a29811e7aef91b8a8bbe0e4e'
[I] 16:53:25.766(000000000011B4D8):[AMQP1]success consume 'cf.wechat.rpc.2868e060a29811e7aef91b8a8bbe0e4e'
[I] 16:53:25.767(000000000011B4D8):[AMQP6]success consume 'cf.wechat.rpc.287e1610a29811e7aef91b8a8bbe0e4e'
[I] 16:53:25.768(000000000011B4D8):[AMQP0]success declare queue 'cf.wechat.rpc.283462e0a29811e7aef91b8a8bbe0e4e'
[I] 16:53:25.768(000000000011B4D8):[AMQP7]success consume 'sc.task.rpc.287f0070a29811e7aef91b8a8bbe0e4e'
[I] 16:53:25.769(000000000011B4D8):[AMQP8]success consume 'cf.wechat.rpc.28812350a29811e7aef91b8a8bbe0e4e'
[I] 16:53:25.769(000000000011B4D8):[AMQP5]success binding 'amq.direct'->'cf.wechat.rpc.287d52c0a29811e7aef91b8a8bbe0e4e'(cf.wechat.rpc.287d52c0a29811e7aef91b8a8bbe0e4e)
[I] 16:53:25.770(000000000011B4D8):[AMQP4]success binding 'amq.direct'->'cf.app.rpc.287c8f70a29811e7aef91b8a8bbe0e4e'(cf.app.rpc.287c8f70a29811e7aef91b8a8bbe0e4e)
[I] 16:53:25.770(000000000011B4D8):[AMQP1]success binding 'amq.direct'->'cf.wechat.rpc.2868e060a29811e7aef91b8a8bbe0e4e'(cf.wechat.rpc.2868e060a29811e7aef91b8a8bbe0e4e)
[I] 16:53:25.771(000000000011B4D8):[AMQP0]success consume 'cf.wechat.rpc.283462e0a29811e7aef91b8a8bbe0e4e'
[I] 16:53:25.772(000000000011B4D8):[AMQP6]success binding 'amq.direct'->'cf.wechat.rpc.287e1610a29811e7aef91b8a8bbe0e4e'(cf.wechat.rpc.287e1610a29811e7aef91b8a8bbe0e4e)
[I] 16:53:25.772(000000000011B4D8):[AMQP7]success binding 'amq.direct'->'sc.task.rpc.287f0070a29811e7aef91b8a8bbe0e4e'(sc.task.rpc.287f0070a29811e7aef91b8a8bbe0e4e)
[I] 16:53:25.772(000000000011B4D8):[AMQP8]success binding 'amq.direct'->'cf.wechat.rpc.28812350a29811e7aef91b8a8bbe0e4e'(cf.wechat.rpc.28812350a29811e7aef91b8a8bbe0e4e)
[I] 16:53:25.774(000000000011B4D8):[AMQP4]success declare queue 'cf.wechat.rpc.287cb680a29811e7aef91b8a8bbe0e4e'
[I] 16:53:25.775(000000000011B4D8):[AMQP0]success binding 'amq.direct'->'cf.wechat.rpc.283462e0a29811e7aef91b8a8bbe0e4e'(cf.wechat.rpc.283462e0a29811e7aef91b8a8bbe0e4e)
[I] 16:53:25.775(000000000011B4D8):[AMQP4]success consume 'cf.wechat.rpc.287cb680a29811e7aef91b8a8bbe0e4e'
[I] 16:53:25.776(000000000011B4D8):[AMQP7]success declare queue 'sr.customer.rewardfail.287f0071a29811e7aef91b8a8bbe0e4e'
[I] 16:53:25.776(000000000011B4D8):[AMQP0]success declare exchange 'cf.wechat.notify'
[I] 16:53:25.778(000000000011B4D8):[AMQP4]success binding 'amq.direct'->'cf.wechat.rpc.287cb680a29811e7aef91b8a8bbe0e4e'(cf.wechat.rpc.287cb680a29811e7aef91b8a8bbe0e4e)
[I] 16:53:25.779(000000000011B4D8):[AMQP7]success consume 'sr.customer.rewardfail.287f0071a29811e7aef91b8a8bbe0e4e'
[I] 16:53:25.780(000000000011B4D8):[AMQP0]success declare queue 'jiaxingwang.sc_admin.wechat.283e26e0a29811e7aef91b8a8bbe0e4e'
[I] 16:53:25.782(000000000011B4D8):[AMQP0]success consume 'jiaxingwang.sc_admin.wechat.283e26e0a29811e7aef91b8a8bbe0e4e'
[I] 16:53:25.783(000000000011B4D8):[AMQP7]success binding 'amq.direct'->'sr.customer.rewardfail.287f0071a29811e7aef91b8a8bbe0e4e'(sr.customer.rewardfail.287f0071a29811e7aef91b8a8bbe0e4e)
[I] 16:53:25.784(000000000011B4D8):[AMQP4]success declare queue 'cf.rpc.287cb681a29811e7aef91b8a8bbe0e4e'
[I] 16:53:25.785(000000000011B4D8):[AMQP0]success binding 'cf.wechat.notify'->'jiaxingwang.sc_admin.wechat.283e26e0a29811e7aef91b8a8bbe0e4e'(#)
[I] 16:53:25.786(000000000011B4D8):[AMQP4]success consume 'cf.rpc.287cb681a29811e7aef91b8a8bbe0e4e'
[I] 16:53:25.788(000000000011B4D8):[AMQP4]success binding 'amq.direct'->'cf.rpc.287cb681a29811e7aef91b8a8bbe0e4e'(cf.rpc.287cb681a29811e7aef91b8a8bbe0e4e)
[I] 16:53:25.789(000000000011B4D8):[AMQP0]success declare queue 'cf.app.rpc.283e26e1a29811e7aef91b8a8bbe0e4e'
[I] 16:53:25.789(000000000011A030):[AMQP0]created
[I] 16:53:25.790(000000000011B4D8):[AMQP0]success consume 'cf.app.rpc.283e26e1a29811e7aef91b8a8bbe0e4e'
[I] 16:53:25.792(000000000011B4D8):[AMQP4]success declare queue 'sc.task.rpc.287cdd90a29811e7aef91b8a8bbe0e4e'
[I] 16:53:25.794(000000000011B4D8):[AMQP0]success binding 'amq.direct'->'cf.app.rpc.283e26e1a29811e7aef91b8a8bbe0e4e'(cf.app.rpc.283e26e1a29811e7aef91b8a8bbe0e4e)
[I] 16:53:25.794(000000000011B4D8):[AMQP4]success consume 'sc.task.rpc.287cdd90a29811e7aef91b8a8bbe0e4e'
[I] 16:53:25.798(000000000011B4D8):[AMQP4]success binding 'amq.direct'->'sc.task.rpc.287cdd90a29811e7aef91b8a8bbe0e4e'(sc.task.rpc.287cdd90a29811e7aef91b8a8bbe0e4e)
[I] 16:53:25.798(000000000011B4D8):[AMQP0]success declare queue 'cf.alipay.rpc.283f1140a29811e7aef91b8a8bbe0e4e'
[I] 16:53:25.799(000000000011A030):[AMQP0]declare queue 'cf.rpc.2899b460a29811e7b00743694927f617'
[I] 16:53:25.800(000000000011A030):[RPCC:cf.rpc]create rpc client 'cf.rpc' in conn AMQP0
[I] 16:53:25.800(000000000011B4D8):[AMQP0]success consume 'cf.alipay.rpc.283f1140a29811e7aef91b8a8bbe0e4e'
[I] 16:53:25.802(000000000011B4D8):[AMQP0]success binding 'amq.direct'->'cf.alipay.rpc.283f1140a29811e7aef91b8a8bbe0e4e'(cf.alipay.rpc.283f1140a29811e7aef91b8a8bbe0e4e)
[I] 16:53:25.807(000000000011B4D8):[AMQP0]success declare queue 'cf.ding.rpc.284049c0a29811e7aef91b8a8bbe0e4e'
[I] 16:53:25.808(000000000011B4D8):[AMQP0]success consume 'cf.ding.rpc.284049c0a29811e7aef91b8a8bbe0e4e'
[I] 16:53:25.811(000000000011B4D8):[AMQP0]success binding 'amq.direct'->'cf.ding.rpc.284049c0a29811e7aef91b8a8bbe0e4e'(cf.ding.rpc.284049c0a29811e7aef91b8a8bbe0e4e)
[I] 16:53:25.812(000000000011B4D8):[AMQP0]success declare exchange 'cf.ding.notify'
[I] 16:53:25.815(000000000011B4D8):[AMQP0]success declare queue 'jiaxingwang.sc_admin.ding.28424590a29811e7aef91b8a8bbe0e4e'
[I] 16:53:25.818(000000000011B4D8):[AMQP0]success consume 'jiaxingwang.sc_admin.ding.28424590a29811e7aef91b8a8bbe0e4e'
[I] 16:53:25.822(000000000011B4D8):[AMQP0]success binding 'cf.ding.notify'->'jiaxingwang.sc_admin.ding.28424590a29811e7aef91b8a8bbe0e4e'(#)
[I] 16:53:25.827(000000000011B4D8):[AMQP0]success declare queue 'sr.customer.rpc.28437e10a29811e7aef91b8a8bbe0e4e'
[I] 16:53:25.831(000000000011B4D8):[AMQP0]success consume 'sr.customer.rpc.28437e10a29811e7aef91b8a8bbe0e4e'
[I] 16:53:25.835(000000000011B4D8):[AMQP0]success binding 'amq.direct'->'sr.customer.rpc.28437e10a29811e7aef91b8a8bbe0e4e'(sr.customer.rpc.28437e10a29811e7aef91b8a8bbe0e4e)
[I] 16:53:25.836(000000000011B4D8):[AMQP0]success declare exchange 'amq.direct'
[I] 16:53:25.840(000000000011B4D8):[AMQP0]success declare queue 'sc.task.rpc.286a18e0a29811e7aef91b8a8bbe0e4e'
[I] 16:53:25.841(000000000011B4D8):[AMQP0]success consume 'sc.task.rpc.286a18e0a29811e7aef91b8a8bbe0e4e'
[I] 16:53:25.844(000000000011B4D8):[AMQP0]success binding 'amq.direct'->'sc.task.rpc.286a18e0a29811e7aef91b8a8bbe0e4e'(sc.task.rpc.286a18e0a29811e7aef91b8a8bbe0e4e)
[I] 16:53:25.848(000000000011B4D8):[AMQP0]success declare queue 'sr.customer.tag.rpc.28703360a29811e7aef91b8a8bbe0e4e'
[I] 16:53:25.849(000000000011B4D8):[AMQP0]success consume 'sr.customer.tag.rpc.28703360a29811e7aef91b8a8bbe0e4e'
[I] 16:53:25.851(000000000011B4D8):[AMQP0]success binding 'amq.direct'->'sr.customer.tag.rpc.28703360a29811e7aef91b8a8bbe0e4e'(sr.customer.tag.rpc.28703360a29811e7aef91b8a8bbe0e4e)
[I] 16:53:25.859(000000000011B4D8):[AMQP0]success declare queue 'sr.customer.point.rpc.28705a70a29811e7aef91b8a8bbe0e4e'
[I] 16:53:25.861(000000000011B4D8):[AMQP0]success consume 'sr.customer.point.rpc.28705a70a29811e7aef91b8a8bbe0e4e'
[I] 16:53:25.864(000000000011B4D8):[AMQP0]success binding 'amq.direct'->'sr.customer.point.rpc.28705a70a29811e7aef91b8a8bbe0e4e'(sr.customer.point.rpc.28705a70a29811e7aef91b8a8bbe0e4e)
[I] 16:53:25.867(000000000011B4D8):[AMQP0]success declare queue 'sr.customer.coupon_class.rpc.287403f0a29811e7aef91b8a8bbe0e4e'
[I] 16:53:25.869(000000000011B4D8):[AMQP0]success consume 'sr.customer.coupon_class.rpc.287403f0a29811e7aef91b8a8bbe0e4e'
[I] 16:53:25.871(000000000011B4D8):[AMQP0]success binding 'amq.direct'->'sr.customer.coupon_class.rpc.287403f0a29811e7aef91b8a8bbe0e4e'(sr.customer.coupon_class.rpc.287403f0a29811e7aef91b8a8bbe0e4e)
[I] 16:53:25.876(000000000011B4D8):[AMQP0]success declare queue 'sr.customer.coupon.rpc.28742b00a29811e7aef91b8a8bbe0e4e'
[I] 16:53:25.878(000000000011B4D8):[AMQP0]success consume 'sr.customer.coupon.rpc.28742b00a29811e7aef91b8a8bbe0e4e'
[I] 16:53:25.880(000000000011B4D8):[AMQP0]success binding 'amq.direct'->'sr.customer.coupon.rpc.28742b00a29811e7aef91b8a8bbe0e4e'(sr.customer.coupon.rpc.28742b00a29811e7aef91b8a8bbe0e4e)
[I] 16:53:25.884(000000000011B4D8):[AMQP0]success declare queue 'cf.wxpay.rpc.28764de0a29811e7aef91b8a8bbe0e4e'
[I] 16:53:25.886(000000000011B4D8):[AMQP0]success consume 'cf.wxpay.rpc.28764de0a29811e7aef91b8a8bbe0e4e'
[I] 16:53:25.889(000000000011B4D8):[AMQP0]success binding 'amq.direct'->'cf.wxpay.rpc.28764de0a29811e7aef91b8a8bbe0e4e'(cf.wxpay.rpc.28764de0a29811e7aef91b8a8bbe0e4e)
[I] 16:53:25.893(000000000011B4D8):[AMQP0]success declare queue 'cf.baidu.rpc.2879d050a29811e7aef91b8a8bbe0e4e'
[I] 16:53:25.895(000000000011B4D8):[AMQP0]success consume 'cf.baidu.rpc.2879d050a29811e7aef91b8a8bbe0e4e'
[I] 16:53:25.897(000000000011B4D8):[AMQP0]success binding 'amq.direct'->'cf.baidu.rpc.2879d050a29811e7aef91b8a8bbe0e4e'(cf.baidu.rpc.2879d050a29811e7aef91b8a8bbe0e4e)
[I] 16:53:25.901(000000000011B4D8):[AMQP0]success declare queue 'sr.trade.rpc.288011e0a29811e7aef91b8a8bbe0e4e'
[I] 16:53:25.903(000000000011B4D8):[AMQP0]success consume 'sr.trade.rpc.288011e0a29811e7aef91b8a8bbe0e4e'
[I] 16:53:25.905(000000000011B4D8):[AMQP0]success binding 'amq.direct'->'sr.trade.rpc.288011e0a29811e7aef91b8a8bbe0e4e'(sr.trade.rpc.288011e0a29811e7aef91b8a8bbe0e4e)
[I] 16:53:25.911(000000000011A030):PBEncoder success load file 'E:\product\protocol\cf.proto.js'
[I] 16:53:25.912(000000000011A030):[AMQP0]declare queue 'cf.wechat.rpc.28ab1980a29811e7b00743694927f617'
[I] 16:53:25.912(000000000011A030):[RPCC:cf.wechat.rpc]create rpc client 'cf.wechat.rpc' in conn AMQP0
[I] 16:53:25.972(000000000011A030):PBEncoder success load file 'E:\product\protocol\cf_wechat.proto.js'
[I] 16:53:25.973(000000000011A030):[AMQP0]declare exchange 'cf.wechat.notify'
[I] 16:53:25.973(000000000011A030):[AMQP0]declare queue 'jiaxingwang.sc_admin.wechat.28b46850a29811e7b00743694927f617'
[I] 16:53:25.974(000000000011A030):[AMQP0]declare queue 'cf.app.rpc.28b48f60a29811e7b00743694927f617'
[I] 16:53:25.974(000000000011A030):[RPCC:cf.app.rpc]create rpc client 'cf.app.rpc' in conn AMQP0
[I] 16:53:25.978(000000000011A030):PBEncoder success load file 'E:\product\protocol\cf_app.proto.js'
[I] 16:53:25.979(000000000011A030):[AMQP0]declare queue 'cf.alipay.rpc.28b552b0a29811e7b00743694927f617'
[I] 16:53:25.979(000000000011A030):[RPCC:cf.alipay.rpc]create rpc client 'cf.alipay.rpc' in conn AMQP0
[I] 16:53:25.988(000000000011A030):PBEncoder success load file 'E:\product\protocol\cf_alipay.proto.js'
[I] 16:53:25.989(000000000011A030):[AMQP0]declare queue 'cf.ding.rpc.28b6d950a29811e7b00743694927f617'
[I] 16:53:25.989(000000000011A030):[RPCC:cf.ding.rpc]create rpc client 'cf.ding.rpc' in conn AMQP0
[I] 16:53:26.001(000000000011A030):PBEncoder success load file 'E:\product\protocol\cf_ding.proto.js'
[I] 16:53:26.001(000000000011A030):[AMQP0]declare exchange 'cf.ding.notify'
[I] 16:53:26.001(000000000011A030):[AMQP0]declare queue 'jiaxingwang.sc_admin.ding.28b8ae10a29811e7b00743694927f617'
[I] 16:53:26.001(000000000011A030):[AM]init and reload account!
[I] 16:53:26.006(000000000011A030):[AM]reload account success, account number is: 0
[I] 16:53:26.009(000000000011A030):[AMQP0]declare queue 'sr.customer.rpc.28b9bf80a29811e7b00743694927f617'
[I] 16:53:26.009(000000000011A030):[RPCC:sr.customer.rpc]create rpc client 'sr.customer.rpc' in conn AMQP0
[I] 16:53:26.018(000000000011A030):PBEncoder success load file 'E:\product\protocol\sr_customer.proto.js'
[W] 16:53:26.018(000000000011A030):[AMQP0]rpc client 'cf.rpc' declare repeat!
[W] 16:53:26.019(000000000011A030):[AMQP0]rpc client 'cf.wechat.rpc' declare repeat!
[W] 16:53:26.019(000000000011A030):[AMQP0]rpc client 'cf.app.rpc' declare repeat!
[I] 16:53:26.182(000000000011A030):PBEncoder success load file 'E:\product\protocol\sc_system.proto.js'
[I] 16:53:26.230(000000000011A030):[AMQP1]created
[I] 16:53:26.231(000000000011A030):[AMQP1]declare exchange 'amq.direct'
[I] 16:53:26.231(000000000011A030):[AMQP1]declare queue 'cf.wechat.rpc.28dbc670a29811e7b00743694927f617'
[I] 16:53:26.232(000000000011A030):[RPCC:cf.wechat.rpc]create rpc client 'cf.wechat.rpc' in conn AMQP1
[I] 16:53:26.233(000000000011A030):[AMQP2]created
[I] 16:53:26.236(000000000011A030):[AMQP0]declare exchange 'amq.direct'
[I] 16:53:26.237(000000000011A030):[AMQP0]declare queue 'sc.task.rpc.28dcb0d0a29811e7b00743694927f617'
[I] 16:53:26.237(000000000011A030):[RPCC:sc.task.rpc]create rpc client 'sc.task.rpc' in conn AMQP0
[I] 16:53:26.242(000000000011A030):PBEncoder success load file 'E:\product\protocol\sc_task.proto.js'
[I] 16:53:26.263(000000000011A030):[AMQP0]declare queue 'sr.customer.tag.rpc.28e0a870a29811e7b00743694927f617'
[I] 16:53:26.263(000000000011A030):[RPCC:sr.customer.tag.rpc]create rpc client 'sr.customer.tag.rpc' in conn AMQP0
[I] 16:53:26.264(000000000011A030):[AMQP0]declare queue 'sr.customer.point.rpc.28e0cf80a29811e7b00743694927f617'
[I] 16:53:26.264(000000000011A030):[RPCC:sr.customer.point.rpc]create rpc client 'sr.customer.point.rpc' in conn AMQP0
[I] 16:53:26.270(000000000011A030):PBEncoder success load file 'E:\product\protocol\sr_customer_point.proto.js'
[I] 16:53:26.276(000000000011A030):PBEncoder success load file 'E:\product\protocol\sr_customer_tag.proto.js'
[W] 16:53:26.285(000000000011A030):[AMQP0]rpc client 'cf.wechat.rpc' declare repeat!
[I] 16:53:26.285(000000000011A030):[AMQP0]declare queue 'sr.customer.coupon_class.rpc.28e403d0a29811e7b00743694927f617'
[I] 16:53:26.286(000000000011A030):[RPCC:sr.customer.coupon_class.rpc]create rpc client 'sr.customer.coupon_class.rpc' in conn AMQP0
[I] 16:53:26.286(000000000011A030):[AMQP0]declare queue 'sr.customer.coupon.rpc.28e42ae0a29811e7b00743694927f617'
[I] 16:53:26.286(000000000011A030):[RPCC:sr.customer.coupon.rpc]create rpc client 'sr.customer.coupon.rpc' in conn AMQP0
[I] 16:53:26.298(000000000011A030):PBEncoder success load file 'E:\product\protocol\sr_customer_coupon.proto.js'
[W] 16:53:26.298(000000000011A030):[AMQP0]rpc client 'cf.wechat.rpc' declare repeat!
[I] 16:53:26.298(000000000011A030):[AMQP0]declare queue 'cf.wxpay.rpc.28e5ffa0a29811e7b00743694927f617'
[I] 16:53:26.298(000000000011A030):[RPCC:cf.wxpay.rpc]create rpc client 'cf.wxpay.rpc' in conn AMQP0
[I] 16:53:26.311(000000000011A030):PBEncoder success load file 'E:\product\protocol\cf_wxpay.proto.js'
[W] 16:53:26.312(000000000011A030):[AMQP0]rpc client 'sr.customer.point.rpc' declare repeat!
[W] 16:53:26.318(000000000011A030):[AMQP0]exchange amq.direct already declare!!
[W] 16:53:26.319(000000000011A030):[AMQP0]rpc client 'sr.customer.rpc' declare repeat!
[W] 16:53:26.319(000000000011A030):[AMQP0]rpc client 'sr.customer.coupon.rpc' declare repeat!
[W] 16:53:26.319(000000000011A030):[AMQP0]rpc client 'cf.wechat.rpc' declare repeat!
[W] 16:53:26.322(000000000011A030):[AMQP0]exchange amq.direct already declare!!
[I] 16:53:26.322(000000000011A030):[AMQP0]declare queue 'cf.baidu.rpc.28e9a920a29811e7b00743694927f617'
[I] 16:53:26.322(000000000011A030):[RPCC:cf.baidu.rpc]create rpc client 'cf.baidu.rpc' in conn AMQP0
[I] 16:53:26.325(000000000011A030):PBEncoder success load file 'E:\product\protocol\cf_baidu.proto.js'
[I] 16:53:26.330(000000000011A030):[AMQP3]created
[I] 16:53:26.338(000000000011A030):[AMQP4]created
[I] 16:53:26.339(000000000011A030):[AMQP4]declare exchange 'amq.direct'
[I] 16:53:26.339(000000000011A030):[AMQP4]declare queue 'cf.app.rpc.28ec4130a29811e7b00743694927f617'
[I] 16:53:26.339(000000000011A030):[RPCC:cf.app.rpc]create rpc client 'cf.app.rpc' in conn AMQP4
[I] 16:53:26.340(000000000011A030):[AMQP4]declare queue 'cf.wechat.rpc.28ec6840a29811e7b00743694927f617'
[I] 16:53:26.340(000000000011A030):[RPCC:cf.wechat.rpc]create rpc client 'cf.wechat.rpc' in conn AMQP4
[I] 16:53:26.340(000000000011A030):[AMQP4]declare queue 'cf.rpc.28ec6841a29811e7b00743694927f617'
[I] 16:53:26.340(000000000011A030):[RPCC:cf.rpc]create rpc client 'cf.rpc' in conn AMQP4
[I] 16:53:26.341(000000000011A030):[AMQP4]declare queue 'sc.task.rpc.28ec8f50a29811e7b00743694927f617'
[I] 16:53:26.341(000000000011A030):[RPCC:sc.task.rpc]create rpc client 'sc.task.rpc' in conn AMQP4
[I] 16:53:26.343(000000000011A030):[AMQP5]created
[I] 16:53:26.344(000000000011A030):[AMQP5]declare exchange 'amq.direct'
[I] 16:53:26.344(000000000011A030):[AMQP5]declare queue 'cf.wechat.rpc.28ed0480a29811e7b00743694927f617'
[I] 16:53:26.344(000000000011A030):[RPCC:cf.wechat.rpc]create rpc client 'cf.wechat.rpc' in conn AMQP5
[W] 16:53:26.346(000000000011A030):[AMQP0]rpc client 'sr.customer.point.rpc' declare repeat!
[I] 16:53:26.348(000000000011A030):[AMQP6]created
[I] 16:53:26.349(000000000011A030):[AMQP6]declare exchange 'amq.direct'
[I] 16:53:26.349(000000000011A030):[AMQP6]declare queue 'cf.wechat.rpc.28edc7d0a29811e7b00743694927f617'
[I] 16:53:26.349(000000000011A030):[RPCC:cf.wechat.rpc]create rpc client 'cf.wechat.rpc' in conn AMQP6
[I] 16:53:26.354(000000000011A030):[AMQP7]created
[I] 16:53:26.354(000000000011A030):[AMQP7]declare exchange 'amq.direct'
[I] 16:53:26.355(000000000011A030):[AMQP7]declare queue 'sc.task.rpc.28eeb230a29811e7b00743694927f617'
[I] 16:53:26.355(000000000011A030):[RPCC:sc.task.rpc]create rpc client 'sc.task.rpc' in conn AMQP7
[I] 16:53:26.355(000000000011A030):[AMQP7]declare queue 'sr.customer.rewardfail.28eeb231a29811e7b00743694927f617'
[I] 16:53:26.355(000000000011A030):[RPCC:sr.customer.rewardfail]create rpc client 'sr.customer.rewardfail' in conn AMQP7
[W] 16:53:26.359(000000000011A030):[AMQP0]exchange amq.direct already declare!!
[W] 16:53:26.359(000000000011A030):[AMQP0]rpc client 'sr.customer.tag.rpc' declare repeat!
[W] 16:53:26.359(000000000011A030):[AMQP0]rpc client 'sc.task.rpc' declare repeat!
[W] 16:53:26.362(000000000011A030):[AMQP0]exchange amq.direct already declare!!
[I] 16:53:26.362(000000000011A030):[AMQP0]declare queue 'sr.trade.rpc.28efc3a0a29811e7b00743694927f617'
[I] 16:53:26.362(000000000011A030):[RPCC:sr.trade.rpc]create rpc client 'sr.trade.rpc' in conn AMQP0
[I] 16:53:26.366(000000000011A030):PBEncoder success load file 'E:\product\protocol\sr_trade.proto.js'
[I] 16:53:26.369(000000000011A030):[AMQP8]created
[I] 16:53:26.369(000000000011A030):[AMQP8]declare exchange 'amq.direct'
[I] 16:53:26.369(000000000011A030):[AMQP8]declare queue 'cf.wechat.rpc.28f0d510a29811e7b00743694927f617'
[I] 16:53:26.370(000000000011A030):[RPCC:cf.wechat.rpc]create rpc client 'cf.wechat.rpc' in conn AMQP8
[I] 16:53:26.401(000000000011A030):[redis]redis connect
[T] 16:53:26.411(000000000011A030):Http is running,port is 18910
[I] 16:53:26.419(000000000011A030):[redis]redis ready
[I] 16:53:26.421(000000000011A030):[MP1]create connection #0
[T] 16:53:26.422(000000000011A030):[MP1]getConnection success,getIndex=0
[I] 16:53:26.422(000000000011A030):[MP1]create connection #1
[T] 16:53:26.423(000000000011A030):[MP1]getConnection success,getIndex=1
[T] 16:53:26.431(000000000011A030):[MySQL]Query success,used time:7 ms,sql="select * from cf_account where enabled=1 and function_mask like \"1%\""
[T] 16:53:26.438(000000000011A030):[MySQL]Query success,used time:12 ms,sql="SELECT * FROM `sc_org`"
[T] 16:53:26.439(000000000011A030):getConnection release,getIndex=0
[T] 16:53:26.439(000000000011A030):getConnection release,getIndex=1
[I] 16:53:26.439(000000000011A030):[AM]get account list success: [{"innerid":"HEDV35FASG-DGW423A-34TGGW53AAD66","name":"乐逛演示","org_id":"1","shop_id":null,"settlement_id":null,"method_code":1,"method_code_key":"wechat_test3_1","function_mask":"10","config":"{\"accountid\":\"gh_92368265694f\",\"fee_type\":\"CNY\",\"appid\":\"wx39bf9ff3da6fc1e7\",\"appsecret\":\"e00fc51118b318fb99cff35d217865fc\",\"mch_id\":\"1287801701\",\"sub_mch_id\":\"\",\"sign_key\":\"smartpaysmartpaysmartpaysmartpay\",\"key_file\":\"apiclient_key.pem\",\"cert_file\":\"apiclient_cert.pem\",\"pay_authorization_dir\":[\"\",\"\",\"\"],\"pay_native_callback\":\"\",\"pay_finish_notify\":\"1\",\"pay_alarm_notify\":\"\"}","enabled":1,"desc":null},{"innerid":"SE43RG3ASG-34GWW55A-34TG43HER452","name":"短信测试一","org_id":"1","shop_id":null,"settlement_id":null,"method_code":2,"method_code_key":"wechat_test1_2","function_mask":"10","config":"{\"url\" : \"http://211.147.239.62:9050/cgi-bin/sendsms\",\"username\" : \"shopperconnect@smartac\",\"password\" : \"shopCNT@smartc2016\"}","enabled":1,"desc":null},{"innerid":"SMFGSW423GWS-G43HTEHE2-HHEDR5462HS","name":"邮件测试一","org_id":"1","shop_id":null,"settlement_id":null,"method_code":3,"method_code_key":"wechat_test1_3","function_mask":"10","config":"{\"smtpserver\" : \"smtp.163.com\",\"port\": 25,\"username\" : \"zyqtest5@163.com\",\"password\" : \"zyqtest5881119\",\"SSL\":false}","enabled":1,"desc":null}]
[I] 16:53:26.470(000000000011A030):[AMQP0]AMQP0 connect 'amqp://guest:guest@172.16.0.81:5672' success!
[I] 16:53:26.473(000000000011A030):[AMQP1]AMQP1 connect 'amqp://guest:guest@172.16.0.81:5672' success!
[I] 16:53:26.474(000000000011A030):[AMQP4]AMQP4 connect 'amqp://guest:guest@172.16.0.81:5672' success!
[I] 16:53:26.475(000000000011A030):[AMQP5]AMQP5 connect 'amqp://guest:guest@172.16.0.81:5672' success!
[I] 16:53:26.476(000000000011A030):[AMQP6]AMQP6 connect 'amqp://guest:guest@172.16.0.81:5672' success!
[I] 16:53:26.478(000000000011A030):[AMQP8]AMQP8 connect 'amqp://guest:guest@172.16.0.81:5672' success!
[I] 16:53:26.479(000000000011A030):[AMQP7]AMQP7 connect 'amqp://guest:guest@172.16.0.81:5672' success!
[I] 16:53:26.491(000000000011A030):[AMQP8]success declare exchange 'amq.direct'
[I] 16:53:26.492(000000000011A030):[AMQP4]success declare exchange 'amq.direct'
[I] 16:53:26.493(000000000011A030):[AMQP7]success declare exchange 'amq.direct'
[I] 16:53:26.496(000000000011A030):[AMQP6]success declare exchange 'amq.direct'
[I] 16:53:26.496(000000000011A030):[AMQP1]success declare exchange 'amq.direct'
[I] 16:53:26.497(000000000011A030):[AMQP0]success declare queue 'cf.rpc.2899b460a29811e7b00743694927f617'
[I] 16:53:26.497(000000000011A030):[AMQP5]success declare exchange 'amq.direct'
[I] 16:53:26.498(000000000011A030):[AMQP8]success declare queue 'cf.wechat.rpc.28f0d510a29811e7b00743694927f617'
[I] 16:53:26.499(000000000011A030):[AMQP0]success consume 'cf.rpc.2899b460a29811e7b00743694927f617'
[I] 16:53:26.500(000000000011A030):[AMQP8]success consume 'cf.wechat.rpc.28f0d510a29811e7b00743694927f617'
[I] 16:53:26.502(000000000011A030):[AMQP0]success binding 'amq.direct'->'cf.rpc.2899b460a29811e7b00743694927f617'(cf.rpc.2899b460a29811e7b00743694927f617)
[I] 16:53:26.504(000000000011A030):[AMQP4]success declare queue 'cf.app.rpc.28ec4130a29811e7b00743694927f617'
[I] 16:53:26.504(000000000011A030):[AMQP7]success declare queue 'sc.task.rpc.28eeb230a29811e7b00743694927f617'
[I] 16:53:26.505(000000000011A030):[AMQP6]success declare queue 'cf.wechat.rpc.28edc7d0a29811e7b00743694927f617'
[I] 16:53:26.505(000000000011A030):[AMQP8]success binding 'amq.direct'->'cf.wechat.rpc.28f0d510a29811e7b00743694927f617'(cf.wechat.rpc.28f0d510a29811e7b00743694927f617)
[I] 16:53:26.506(000000000011A030):[AMQP1]success declare queue 'cf.wechat.rpc.28dbc670a29811e7b00743694927f617'
[I] 16:53:26.507(000000000011A030):[AMQP5]success declare queue 'cf.wechat.rpc.28ed0480a29811e7b00743694927f617'
[I] 16:53:26.507(000000000011A030):[AMQP4]success consume 'cf.app.rpc.28ec4130a29811e7b00743694927f617'
[I] 16:53:26.508(000000000011A030):[AMQP0]success declare queue 'cf.wechat.rpc.28ab1980a29811e7b00743694927f617'
[I] 16:53:26.508(000000000011A030):[AMQP7]success consume 'sc.task.rpc.28eeb230a29811e7b00743694927f617'
[I] 16:53:26.508(000000000011A030):[AMQP6]success consume 'cf.wechat.rpc.28edc7d0a29811e7b00743694927f617'
[I] 16:53:26.509(000000000011A030):[AMQP5]success consume 'cf.wechat.rpc.28ed0480a29811e7b00743694927f617'
[I] 16:53:26.510(000000000011A030):[AMQP1]success consume 'cf.wechat.rpc.28dbc670a29811e7b00743694927f617'
[I] 16:53:26.511(000000000011A030):[AMQP4]success binding 'amq.direct'->'cf.app.rpc.28ec4130a29811e7b00743694927f617'(cf.app.rpc.28ec4130a29811e7b00743694927f617)
[I] 16:53:26.512(000000000011A030):[AMQP0]success consume 'cf.wechat.rpc.28ab1980a29811e7b00743694927f617'
[I] 16:53:26.513(000000000011A030):[AMQP6]success binding 'amq.direct'->'cf.wechat.rpc.28edc7d0a29811e7b00743694927f617'(cf.wechat.rpc.28edc7d0a29811e7b00743694927f617)
[I] 16:53:26.514(000000000011A030):[AMQP7]success binding 'amq.direct'->'sc.task.rpc.28eeb230a29811e7b00743694927f617'(sc.task.rpc.28eeb230a29811e7b00743694927f617)
[I] 16:53:26.514(000000000011A030):[AMQP5]success binding 'amq.direct'->'cf.wechat.rpc.28ed0480a29811e7b00743694927f617'(cf.wechat.rpc.28ed0480a29811e7b00743694927f617)
[I] 16:53:26.514(000000000011A030):[AMQP1]success binding 'amq.direct'->'cf.wechat.rpc.28dbc670a29811e7b00743694927f617'(cf.wechat.rpc.28dbc670a29811e7b00743694927f617)
[I] 16:53:26.516(000000000011A030):[AMQP0]success binding 'amq.direct'->'cf.wechat.rpc.28ab1980a29811e7b00743694927f617'(cf.wechat.rpc.28ab1980a29811e7b00743694927f617)
[I] 16:53:26.517(000000000011A030):[AMQP4]success declare queue 'cf.wechat.rpc.28ec6840a29811e7b00743694927f617'
[I] 16:53:26.518(000000000011A030):[AMQP0]success declare exchange 'cf.wechat.notify'
[I] 16:53:26.519(000000000011A030):[AMQP7]success declare queue 'sr.customer.rewardfail.28eeb231a29811e7b00743694927f617'
[I] 16:53:26.519(000000000011A030):[AMQP4]success consume 'cf.wechat.rpc.28ec6840a29811e7b00743694927f617'
[I] 16:53:26.520(000000000011A030):[AMQP7]success consume 'sr.customer.rewardfail.28eeb231a29811e7b00743694927f617'
[I] 16:53:26.522(000000000011A030):[AMQP4]success binding 'amq.direct'->'cf.wechat.rpc.28ec6840a29811e7b00743694927f617'(cf.wechat.rpc.28ec6840a29811e7b00743694927f617)
[I] 16:53:26.523(000000000011A030):[AMQP0]success declare queue 'jiaxingwang.sc_admin.wechat.28b46850a29811e7b00743694927f617'
[I] 16:53:26.523(000000000011A030):[AMQP7]success binding 'amq.direct'->'sr.customer.rewardfail.28eeb231a29811e7b00743694927f617'(sr.customer.rewardfail.28eeb231a29811e7b00743694927f617)
[I] 16:53:26.524(000000000011A030):[AMQP0]success consume 'jiaxingwang.sc_admin.wechat.28b46850a29811e7b00743694927f617'
[I] 16:53:26.527(000000000011A030):[AMQP4]success declare queue 'cf.rpc.28ec6841a29811e7b00743694927f617'
[I] 16:53:26.534(000000000011A030):[AMQP4]success consume 'cf.rpc.28ec6841a29811e7b00743694927f617'
[I] 16:53:26.537(000000000011A030):[AMQP0]success binding 'cf.wechat.notify'->'jiaxingwang.sc_admin.wechat.28b46850a29811e7b00743694927f617'(#)
[I] 16:53:26.539(000000000011A030):[AMQP4]success binding 'amq.direct'->'cf.rpc.28ec6841a29811e7b00743694927f617'(cf.rpc.28ec6841a29811e7b00743694927f617)
[I] 16:53:26.541(000000000011A030):[AMQP0]success declare queue 'cf.app.rpc.28b48f60a29811e7b00743694927f617'
[I] 16:53:26.542(000000000011A030):[AMQP0]success consume 'cf.app.rpc.28b48f60a29811e7b00743694927f617'
[I] 16:53:26.544(000000000011A030):[AMQP4]success declare queue 'sc.task.rpc.28ec8f50a29811e7b00743694927f617'
[I] 16:53:26.546(000000000011A030):[AMQP4]success consume 'sc.task.rpc.28ec8f50a29811e7b00743694927f617'
[I] 16:53:26.547(000000000011A030):[AMQP0]success binding 'amq.direct'->'cf.app.rpc.28b48f60a29811e7b00743694927f617'(cf.app.rpc.28b48f60a29811e7b00743694927f617)
[I] 16:53:26.548(000000000011A030):[AMQP4]success binding 'amq.direct'->'sc.task.rpc.28ec8f50a29811e7b00743694927f617'(sc.task.rpc.28ec8f50a29811e7b00743694927f617)
[I] 16:53:26.551(000000000011A030):[AMQP0]success declare queue 'cf.alipay.rpc.28b552b0a29811e7b00743694927f617'
[I] 16:53:26.553(000000000011A030):[AMQP0]success consume 'cf.alipay.rpc.28b552b0a29811e7b00743694927f617'
[I] 16:53:26.555(000000000011A030):[AMQP0]success binding 'amq.direct'->'cf.alipay.rpc.28b552b0a29811e7b00743694927f617'(cf.alipay.rpc.28b552b0a29811e7b00743694927f617)
[I] 16:53:26.558(000000000011A030):[AMQP0]success declare queue 'cf.ding.rpc.28b6d950a29811e7b00743694927f617'
[I] 16:53:26.560(000000000011A030):[AMQP0]success consume 'cf.ding.rpc.28b6d950a29811e7b00743694927f617'
[I] 16:53:26.562(000000000011A030):[AMQP0]success binding 'amq.direct'->'cf.ding.rpc.28b6d950a29811e7b00743694927f617'(cf.ding.rpc.28b6d950a29811e7b00743694927f617)
[I] 16:53:26.563(000000000011A030):[AMQP0]success declare exchange 'cf.ding.notify'
[I] 16:53:26.567(000000000011A030):[AMQP0]success declare queue 'jiaxingwang.sc_admin.ding.28b8ae10a29811e7b00743694927f617'
[I] 16:53:26.568(000000000011A030):[AMQP0]success consume 'jiaxingwang.sc_admin.ding.28b8ae10a29811e7b00743694927f617'
[I] 16:53:26.571(000000000011A030):[AMQP0]success binding 'cf.ding.notify'->'jiaxingwang.sc_admin.ding.28b8ae10a29811e7b00743694927f617'(#)
[I] 16:53:26.575(000000000011A030):[AMQP0]success declare queue 'sr.customer.rpc.28b9bf80a29811e7b00743694927f617'
[I] 16:53:26.577(000000000011A030):[AMQP0]success consume 'sr.customer.rpc.28b9bf80a29811e7b00743694927f617'
[I] 16:53:26.580(000000000011A030):[AMQP0]success binding 'amq.direct'->'sr.customer.rpc.28b9bf80a29811e7b00743694927f617'(sr.customer.rpc.28b9bf80a29811e7b00743694927f617)
[I] 16:53:26.581(000000000011A030):[AMQP0]success declare exchange 'amq.direct'
[I] 16:53:26.585(000000000011A030):[AMQP0]success declare queue 'sc.task.rpc.28dcb0d0a29811e7b00743694927f617'
[I] 16:53:26.586(000000000011A030):[AMQP0]success consume 'sc.task.rpc.28dcb0d0a29811e7b00743694927f617'
[I] 16:53:26.588(000000000011A030):[AMQP0]success binding 'amq.direct'->'sc.task.rpc.28dcb0d0a29811e7b00743694927f617'(sc.task.rpc.28dcb0d0a29811e7b00743694927f617)
[I] 16:53:26.591(000000000011A030):[AMQP0]success declare queue 'sr.customer.tag.rpc.28e0a870a29811e7b00743694927f617'
[I] 16:53:26.592(000000000011A030):[AMQP0]success consume 'sr.customer.tag.rpc.28e0a870a29811e7b00743694927f617'
[I] 16:53:26.594(000000000011A030):[AMQP0]success binding 'amq.direct'->'sr.customer.tag.rpc.28e0a870a29811e7b00743694927f617'(sr.customer.tag.rpc.28e0a870a29811e7b00743694927f617)
[I] 16:53:26.597(000000000011A030):[AMQP0]success declare queue 'sr.customer.point.rpc.28e0cf80a29811e7b00743694927f617'
[I] 16:53:26.599(000000000011A030):[AMQP0]success consume 'sr.customer.point.rpc.28e0cf80a29811e7b00743694927f617'
[I] 16:53:26.601(000000000011A030):[AMQP0]success binding 'amq.direct'->'sr.customer.point.rpc.28e0cf80a29811e7b00743694927f617'(sr.customer.point.rpc.28e0cf80a29811e7b00743694927f617)
[I] 16:53:26.604(000000000011A030):[AMQP0]success declare queue 'sr.customer.coupon_class.rpc.28e403d0a29811e7b00743694927f617'
[I] 16:53:26.606(000000000011A030):[AMQP0]success consume 'sr.customer.coupon_class.rpc.28e403d0a29811e7b00743694927f617'
[I] 16:53:26.608(000000000011A030):[AMQP0]success binding 'amq.direct'->'sr.customer.coupon_class.rpc.28e403d0a29811e7b00743694927f617'(sr.customer.coupon_class.rpc.28e403d0a29811e7b00743694927f617)
[I] 16:53:26.611(000000000011A030):[AMQP0]success declare queue 'sr.customer.coupon.rpc.28e42ae0a29811e7b00743694927f617'
[I] 16:53:26.612(000000000011A030):[AMQP0]success consume 'sr.customer.coupon.rpc.28e42ae0a29811e7b00743694927f617'
[I] 16:53:26.614(000000000011A030):[AMQP0]success binding 'amq.direct'->'sr.customer.coupon.rpc.28e42ae0a29811e7b00743694927f617'(sr.customer.coupon.rpc.28e42ae0a29811e7b00743694927f617)
[I] 16:53:26.617(000000000011A030):[AMQP0]success declare queue 'cf.wxpay.rpc.28e5ffa0a29811e7b00743694927f617'
[I] 16:53:26.619(000000000011A030):[AMQP0]success consume 'cf.wxpay.rpc.28e5ffa0a29811e7b00743694927f617'
[I] 16:53:26.621(000000000011A030):[AMQP0]success binding 'amq.direct'->'cf.wxpay.rpc.28e5ffa0a29811e7b00743694927f617'(cf.wxpay.rpc.28e5ffa0a29811e7b00743694927f617)
[I] 16:53:26.624(000000000011A030):[AMQP0]success declare queue 'cf.baidu.rpc.28e9a920a29811e7b00743694927f617'
[I] 16:53:26.625(000000000011A030):[AMQP0]success consume 'cf.baidu.rpc.28e9a920a29811e7b00743694927f617'
[I] 16:53:26.627(000000000011A030):[AMQP0]success binding 'amq.direct'->'cf.baidu.rpc.28e9a920a29811e7b00743694927f617'(cf.baidu.rpc.28e9a920a29811e7b00743694927f617)
[I] 16:53:26.630(000000000011A030):[AMQP0]success declare queue 'sr.trade.rpc.28efc3a0a29811e7b00743694927f617'
[I] 16:53:26.632(000000000011A030):[AMQP0]success consume 'sr.trade.rpc.28efc3a0a29811e7b00743694927f617'
[I] 16:53:26.634(000000000011A030):[AMQP0]success binding 'amq.direct'->'sr.trade.rpc.28efc3a0a29811e7b00743694927f617'(sr.trade.rpc.28efc3a0a29811e7b00743694927f617)
[I] 16:53:39.478(000000000011A030):2222222222
[W] 16:54:30.276(000000000011AA9C):recv 'Ctrl+C' break sign!next exit!
[D] 16:54:30.279(000000000011AA9C):worker process log socket error!err=Error: read ECONNRESET
    at exports._errnoException (util.js:890:11)
    at TCP.onread (net.js:550:26)
[D] 16:54:30.280(000000000011AA9C):worker process log socket close!
[D] 16:54:30.287(000000000011AA9C):worker process log socket error!err=Error: read ECONNRESET
    at exports._errnoException (util.js:890:11)
    at TCP.onread (net.js:550:26)
[D] 16:54:30.287(000000000011AA9C):worker process log socket close!
[D] 16:54:30.291(000000000011AA9C):worker process log socket error!err=Error: read ECONNRESET
    at exports._errnoException (util.js:890:11)
    at TCP.onread (net.js:550:26)
[D] 16:54:30.291(000000000011AA9C):worker process log socket close!
[W] 16:54:30.298(000000000011AA9C):worker 11AAE0(0#) died.
[W] 16:54:30.298(000000000011AA9C):worker 11B4D8(1#) died.
[W] 16:54:30.299(000000000011AA9C):worker 11A030(2#) died.
[W] 16:54:30.763(000000000011AA9C):try restart worker 0# ...
[I] 16:54:30.793(000000000011AA9C):start worker success,pid=11BE7C(0#)
[D] 16:54:31.752(000000000011AA9C):worker process log socket connected!
[D] 16:54:31.716(000000000011BE7C):worker 0# ready to connect master log socket server, port=40931
[D] 16:54:31.752(000000000011BE7C):worker 0# log socket connected!
[W] 16:54:31.823(000000000011AA9C):try restart worker 1# ...
[I] 16:54:31.841(000000000011AA9C):start worker success,pid=11CDA8(1#)
[D] 16:54:32.608(000000000011AA9C):worker process log socket error!err=Error: read ECONNRESET
    at exports._errnoException (util.js:890:11)
    at TCP.onread (net.js:550:26)
[D] 16:54:32.608(000000000011AA9C):worker process log socket close!
