[D] 17:07:25.416(0000000000129E3C):master log socket server started! host=::, port=43391
[I] 17:07:25.426(0000000000129E3C):master log channel started!port=43391
[W] 17:07:26.427(0000000000129E3C):try restart worker 0# ...
[I] 17:07:26.445(0000000000129E3C):start worker success,pid=129C80(0#)
[D] 17:07:27.092(0000000000129E3C):worker process log socket connected!
[D] 17:07:27.083(0000000000129C80):worker 0# ready to connect master log socket server, port=43391
[D] 17:07:27.093(0000000000129C80):worker 0# log socket connected!
[W] 17:07:27.465(0000000000129E3C):try restart worker 1# ...
[I] 17:07:27.471(0000000000129E3C):start worker success,pid=12C918(1#)
[I] 17:07:27.670(0000000000129C80):[AMQP0]created
[I] 17:07:27.680(0000000000129C80):[AMQP0]declare queue 'cf.rpc.1e668cf0a29a11e7b0c94920c4d3a4ad'
[I] 17:07:27.682(0000000000129C80):[RPCC:cf.rpc]create rpc client 'cf.rpc' in conn AMQP0
[I] 17:07:27.808(0000000000129C80):PBEncoder success load file 'E:\product\protocol\cf.proto.js'
[I] 17:07:27.809(0000000000129C80):[AMQP0]declare queue 'cf.wechat.rpc.1e7a6310a29a11e7b0c94920c4d3a4ad'
[I] 17:07:27.809(0000000000129C80):[RPCC:cf.wechat.rpc]create rpc client 'cf.wechat.rpc' in conn AMQP0
[I] 17:07:27.871(0000000000129C80):PBEncoder success load file 'E:\product\protocol\cf_wechat.proto.js'
[I] 17:07:27.872(0000000000129C80):[AMQP0]declare exchange 'cf.wechat.notify'
[I] 17:07:27.872(0000000000129C80):[AMQP0]declare queue 'jiaxingwang.sc_admin.wechat.1e840000a29a11e7b0c94920c4d3a4ad'
[I] 17:07:27.873(0000000000129C80):[AMQP0]declare queue 'cf.app.rpc.1e842710a29a11e7b0c94920c4d3a4ad'
[I] 17:07:27.873(0000000000129C80):[RPCC:cf.app.rpc]create rpc client 'cf.app.rpc' in conn AMQP0
[I] 17:07:27.877(0000000000129C80):PBEncoder success load file 'E:\product\protocol\cf_app.proto.js'
[I] 17:07:27.878(0000000000129C80):[AMQP0]declare queue 'cf.alipay.rpc.1e84ea60a29a11e7b0c94920c4d3a4ad'
[I] 17:07:27.879(0000000000129C80):[RPCC:cf.alipay.rpc]create rpc client 'cf.alipay.rpc' in conn AMQP0
[I] 17:07:27.887(0000000000129C80):PBEncoder success load file 'E:\product\protocol\cf_alipay.proto.js'
[I] 17:07:27.888(0000000000129C80):[AMQP0]declare queue 'cf.ding.rpc.1e867100a29a11e7b0c94920c4d3a4ad'
[I] 17:07:27.888(0000000000129C80):[RPCC:cf.ding.rpc]create rpc client 'cf.ding.rpc' in conn AMQP0
[I] 17:07:27.899(0000000000129C80):PBEncoder success load file 'E:\product\protocol\cf_ding.proto.js'
[I] 17:07:27.900(0000000000129C80):[AMQP0]declare exchange 'cf.ding.notify'
[I] 17:07:27.900(0000000000129C80):[AMQP0]declare queue 'jiaxingwang.sc_admin.ding.1e8845c0a29a11e7b0c94920c4d3a4ad'
[I] 17:07:27.900(0000000000129C80):[AM]init and reload account!
[I] 17:07:27.904(0000000000129C80):[AM]reload account success, account number is: 0
[I] 17:07:27.908(0000000000129C80):[AMQP0]declare queue 'sr.customer.rpc.1e897e40a29a11e7b0c94920c4d3a4ad'
[I] 17:07:27.908(0000000000129C80):[RPCC:sr.customer.rpc]create rpc client 'sr.customer.rpc' in conn AMQP0
[I] 17:07:27.916(0000000000129C80):PBEncoder success load file 'E:\product\protocol\sr_customer.proto.js'
[W] 17:07:27.916(0000000000129C80):[AMQP0]rpc client 'cf.rpc' declare repeat!
[W] 17:07:27.917(0000000000129C80):[AMQP0]rpc client 'cf.wechat.rpc' declare repeat!
[W] 17:07:27.917(0000000000129C80):[AMQP0]rpc client 'cf.app.rpc' declare repeat!
[I] 17:07:28.076(0000000000129C80):PBEncoder success load file 'E:\product\protocol\sc_system.proto.js'
[I] 17:07:28.119(0000000000129C80):[AMQP1]created
[I] 17:07:28.120(0000000000129C80):[AMQP1]declare exchange 'amq.direct'
[I] 17:07:28.120(0000000000129C80):[AMQP1]declare queue 'cf.wechat.rpc.1ea9d780a29a11e7b0c94920c4d3a4ad'
[I] 17:07:28.121(0000000000129C80):[RPCC:cf.wechat.rpc]create rpc client 'cf.wechat.rpc' in conn AMQP1
[I] 17:07:28.122(0000000000129C80):[AMQP2]created
[I] 17:07:28.126(0000000000129C80):[AMQP0]declare exchange 'amq.direct'
[I] 17:07:28.132(0000000000129C80):[AMQP0]declare queue 'sc.task.rpc.1eaae8f0a29a11e7b0c94920c4d3a4ad'
[I] 17:07:28.133(0000000000129C80):[RPCC:sc.task.rpc]create rpc client 'sc.task.rpc' in conn AMQP0
[I] 17:07:28.141(0000000000129C80):PBEncoder success load file 'E:\product\protocol\sc_task.proto.js'
[I] 17:07:28.163(0000000000129C80):[AMQP0]declare queue 'sr.customer.tag.rpc.1eb06730a29a11e7b0c94920c4d3a4ad'
[I] 17:07:28.164(0000000000129C80):[RPCC:sr.customer.tag.rpc]create rpc client 'sr.customer.tag.rpc' in conn AMQP0
[I] 17:07:28.165(0000000000129C80):[AMQP0]declare queue 'sr.customer.point.rpc.1eb08e40a29a11e7b0c94920c4d3a4ad'
[I] 17:07:28.165(0000000000129C80):[RPCC:sr.customer.point.rpc]create rpc client 'sr.customer.point.rpc' in conn AMQP0
[I] 17:07:28.172(0000000000129C80):PBEncoder success load file 'E:\product\protocol\sr_customer_point.proto.js'
[I] 17:07:28.178(0000000000129C80):PBEncoder success load file 'E:\product\protocol\sr_customer_tag.proto.js'
[W] 17:07:28.187(0000000000129C80):[AMQP0]rpc client 'cf.wechat.rpc' declare repeat!
[I] 17:07:28.188(0000000000129C80):[AMQP0]declare queue 'sr.customer.coupon_class.rpc.1eb437c0a29a11e7b0c94920c4d3a4ad'
[I] 17:07:28.188(0000000000129C80):[RPCC:sr.customer.coupon_class.rpc]create rpc client 'sr.customer.coupon_class.rpc' in conn AMQP0
[I] 17:07:28.189(0000000000129C80):[AMQP0]declare queue 'sr.customer.coupon.rpc.1eb45ed0a29a11e7b0c94920c4d3a4ad'
[I] 17:07:28.189(0000000000129C80):[RPCC:sr.customer.coupon.rpc]create rpc client 'sr.customer.coupon.rpc' in conn AMQP0
[I] 17:07:28.202(0000000000129C80):PBEncoder success load file 'E:\product\protocol\sr_customer_coupon.proto.js'
[W] 17:07:28.203(0000000000129C80):[AMQP0]rpc client 'cf.wechat.rpc' declare repeat!
[I] 17:07:28.203(0000000000129C80):[AMQP0]declare queue 'cf.wxpay.rpc.1eb681b0a29a11e7b0c94920c4d3a4ad'
[I] 17:07:28.203(0000000000129C80):[RPCC:cf.wxpay.rpc]create rpc client 'cf.wxpay.rpc' in conn AMQP0
[I] 17:07:28.216(0000000000129C80):PBEncoder success load file 'E:\product\protocol\cf_wxpay.proto.js'
[W] 17:07:28.216(0000000000129C80):[AMQP0]rpc client 'sr.customer.point.rpc' declare repeat!
[D] 17:07:28.223(0000000000129E3C):worker process log socket connected!
[W] 17:07:28.224(0000000000129C80):[AMQP0]exchange amq.direct already declare!!
[W] 17:07:28.224(0000000000129C80):[AMQP0]rpc client 'sr.customer.rpc' declare repeat!
[W] 17:07:28.224(0000000000129C80):[AMQP0]rpc client 'sr.customer.coupon.rpc' declare repeat!
[W] 17:07:28.225(0000000000129C80):[AMQP0]rpc client 'cf.wechat.rpc' declare repeat!
[D] 17:07:28.214(000000000012C918):worker 1# ready to connect master log socket server, port=43391
[D] 17:07:28.224(000000000012C918):worker 1# log socket connected!
[W] 17:07:28.227(0000000000129C80):[AMQP0]exchange amq.direct already declare!!
[I] 17:07:28.227(0000000000129C80):[AMQP0]declare queue 'cf.baidu.rpc.1eba2b30a29a11e7b0c94920c4d3a4ad'
[I] 17:07:28.227(0000000000129C80):[RPCC:cf.baidu.rpc]create rpc client 'cf.baidu.rpc' in conn AMQP0
[I] 17:07:28.231(0000000000129C80):PBEncoder success load file 'E:\product\protocol\cf_baidu.proto.js'
[I] 17:07:28.236(0000000000129C80):[AMQP3]created
[I] 17:07:28.246(0000000000129C80):[AMQP4]created
[I] 17:07:28.247(0000000000129C80):[AMQP4]declare exchange 'amq.direct'
[I] 17:07:28.247(0000000000129C80):[AMQP4]declare queue 'cf.app.rpc.1ebd3870a29a11e7b0c94920c4d3a4ad'
[I] 17:07:28.247(0000000000129C80):[RPCC:cf.app.rpc]create rpc client 'cf.app.rpc' in conn AMQP4
[I] 17:07:28.247(0000000000129C80):[AMQP4]declare queue 'cf.wechat.rpc.1ebd3871a29a11e7b0c94920c4d3a4ad'
[I] 17:07:28.248(0000000000129C80):[RPCC:cf.wechat.rpc]create rpc client 'cf.wechat.rpc' in conn AMQP4
[I] 17:07:28.248(0000000000129C80):[AMQP4]declare queue 'cf.rpc.1ebd5f80a29a11e7b0c94920c4d3a4ad'
[I] 17:07:28.248(0000000000129C80):[RPCC:cf.rpc]create rpc client 'cf.rpc' in conn AMQP4
[I] 17:07:28.248(0000000000129C80):[AMQP4]declare queue 'sc.task.rpc.1ebd5f81a29a11e7b0c94920c4d3a4ad'
[I] 17:07:28.248(0000000000129C80):[RPCC:sc.task.rpc]create rpc client 'sc.task.rpc' in conn AMQP4
[I] 17:07:28.251(0000000000129C80):[AMQP5]created
[I] 17:07:28.252(0000000000129C80):[AMQP5]declare exchange 'amq.direct'
[I] 17:07:28.252(0000000000129C80):[AMQP5]declare queue 'cf.wechat.rpc.1ebdfbc0a29a11e7b0c94920c4d3a4ad'
[I] 17:07:28.252(0000000000129C80):[RPCC:cf.wechat.rpc]create rpc client 'cf.wechat.rpc' in conn AMQP5
[W] 17:07:28.254(0000000000129C80):[AMQP0]rpc client 'sr.customer.point.rpc' declare repeat!
[I] 17:07:28.256(0000000000129C80):[AMQP6]created
[I] 17:07:28.257(0000000000129C80):[AMQP6]declare exchange 'amq.direct'
[I] 17:07:28.257(0000000000129C80):[AMQP6]declare queue 'cf.wechat.rpc.1ebebf10a29a11e7b0c94920c4d3a4ad'
[I] 17:07:28.258(0000000000129C80):[RPCC:cf.wechat.rpc]create rpc client 'cf.wechat.rpc' in conn AMQP6
[I] 17:07:28.262(0000000000129C80):[AMQP7]created
[I] 17:07:28.263(0000000000129C80):[AMQP7]declare exchange 'amq.direct'
[I] 17:07:28.263(0000000000129C80):[AMQP7]declare queue 'sc.task.rpc.1ebfa970a29a11e7b0c94920c4d3a4ad'
[I] 17:07:28.263(0000000000129C80):[RPCC:sc.task.rpc]create rpc client 'sc.task.rpc' in conn AMQP7
[I] 17:07:28.263(0000000000129C80):[AMQP7]declare queue 'sr.customer.rewardfail.1ebfa971a29a11e7b0c94920c4d3a4ad'
[I] 17:07:28.263(0000000000129C80):[RPCC:sr.customer.rewardfail]create rpc client 'sr.customer.rewardfail' in conn AMQP7
[W] 17:07:28.267(0000000000129C80):[AMQP0]exchange amq.direct already declare!!
[W] 17:07:28.267(0000000000129C80):[AMQP0]rpc client 'sr.customer.tag.rpc' declare repeat!
[W] 17:07:28.268(0000000000129C80):[AMQP0]rpc client 'sc.task.rpc' declare repeat!
[W] 17:07:28.270(0000000000129C80):[AMQP0]exchange amq.direct already declare!!
[I] 17:07:28.270(0000000000129C80):[AMQP0]declare queue 'sr.trade.rpc.1ec0bae0a29a11e7b0c94920c4d3a4ad'
[I] 17:07:28.271(0000000000129C80):[RPCC:sr.trade.rpc]create rpc client 'sr.trade.rpc' in conn AMQP0
[I] 17:07:28.274(0000000000129C80):PBEncoder success load file 'E:\product\protocol\sr_trade.proto.js'
[I] 17:07:28.277(0000000000129C80):[AMQP8]created
[I] 17:07:28.278(0000000000129C80):[AMQP8]declare exchange 'amq.direct'
[I] 17:07:28.278(0000000000129C80):[AMQP8]declare queue 'cf.wechat.rpc.1ec1f360a29a11e7b0c94920c4d3a4ad'
[I] 17:07:28.278(0000000000129C80):[RPCC:cf.wechat.rpc]create rpc client 'cf.wechat.rpc' in conn AMQP8
[T] 17:07:28.298(0000000000129C80):Http is running,port is 18910
[I] 17:07:28.303(0000000000129C80):[redis]redis connect
[I] 17:07:28.318(0000000000129C80):[redis]redis ready
[I] 17:07:28.321(0000000000129C80):[MP1]create connection #0
[T] 17:07:28.321(0000000000129C80):[MP1]getConnection success,getIndex=0
[I] 17:07:28.322(0000000000129C80):[MP1]create connection #1
[T] 17:07:28.322(0000000000129C80):[MP1]getConnection success,getIndex=1
[T] 17:07:28.338(0000000000129C80):[MySQL]Query success,used time:14 ms,sql="SELECT * FROM `sc_org`"
[T] 17:07:28.339(0000000000129C80):[MySQL]Query success,used time:14 ms,sql="select * from cf_account where enabled=1 and function_mask like \"1%\""
[T] 17:07:28.340(0000000000129C80):getConnection release,getIndex=0
[T] 17:07:28.341(0000000000129C80):getConnection release,getIndex=1
[I] 17:07:28.342(0000000000129C80):[AM]get account list success: [{"innerid":"HEDV35FASG-DGW423A-34TGGW53AAD66","name":"乐逛演示","org_id":"1","shop_id":null,"settlement_id":null,"method_code":1,"method_code_key":"wechat_test3_1","function_mask":"10","config":"{\"accountid\":\"gh_92368265694f\",\"fee_type\":\"CNY\",\"appid\":\"wx39bf9ff3da6fc1e7\",\"appsecret\":\"e00fc51118b318fb99cff35d217865fc\",\"mch_id\":\"1287801701\",\"sub_mch_id\":\"\",\"sign_key\":\"smartpaysmartpaysmartpaysmartpay\",\"key_file\":\"apiclient_key.pem\",\"cert_file\":\"apiclient_cert.pem\",\"pay_authorization_dir\":[\"\",\"\",\"\"],\"pay_native_callback\":\"\",\"pay_finish_notify\":\"1\",\"pay_alarm_notify\":\"\"}","enabled":1,"desc":null},{"innerid":"SE43RG3ASG-34GWW55A-34TG43HER452","name":"短信测试一","org_id":"1","shop_id":null,"settlement_id":null,"method_code":2,"method_code_key":"wechat_test1_2","function_mask":"10","config":"{\"url\" : \"http://211.147.239.62:9050/cgi-bin/sendsms\",\"username\" : \"shopperconnect@smartac\",\"password\" : \"shopCNT@smartc2016\"}","enabled":1,"desc":null},{"innerid":"SMFGSW423GWS-G43HTEHE2-HHEDR5462HS","name":"邮件测试一","org_id":"1","shop_id":null,"settlement_id":null,"method_code":3,"method_code_key":"wechat_test1_3","function_mask":"10","config":"{\"smtpserver\" : \"smtp.163.com\",\"port\": 25,\"username\" : \"zyqtest5@163.com\",\"password\" : \"zyqtest5881119\",\"SSL\":false}","enabled":1,"desc":null}]
[I] 17:07:28.369(0000000000129C80):[AMQP0]AMQP0 connect 'amqp://guest:guest@172.16.0.81:5672' success!
[I] 17:07:28.372(0000000000129C80):[AMQP4]AMQP4 connect 'amqp://guest:guest@172.16.0.81:5672' success!
[I] 17:07:28.374(0000000000129C80):[AMQP5]AMQP5 connect 'amqp://guest:guest@172.16.0.81:5672' success!
[I] 17:07:28.375(0000000000129C80):[AMQP1]AMQP1 connect 'amqp://guest:guest@172.16.0.81:5672' success!
[I] 17:07:28.376(0000000000129C80):[AMQP8]AMQP8 connect 'amqp://guest:guest@172.16.0.81:5672' success!
[I] 17:07:28.378(0000000000129C80):[AMQP6]AMQP6 connect 'amqp://guest:guest@172.16.0.81:5672' success!
[I] 17:07:28.378(0000000000129C80):[AMQP7]AMQP7 connect 'amqp://guest:guest@172.16.0.81:5672' success!
[I] 17:07:28.392(0000000000129C80):[AMQP0]success declare queue 'cf.rpc.1e668cf0a29a11e7b0c94920c4d3a4ad'
[I] 17:07:28.393(0000000000129C80):[AMQP6]success declare exchange 'amq.direct'
[I] 17:07:28.394(0000000000129C80):[AMQP4]success declare exchange 'amq.direct'
[I] 17:07:28.395(0000000000129C80):[AMQP1]success declare exchange 'amq.direct'
[I] 17:07:28.396(0000000000129C80):[AMQP8]success declare exchange 'amq.direct'
[I] 17:07:28.396(0000000000129C80):[AMQP7]success declare exchange 'amq.direct'
[I] 17:07:28.396(0000000000129C80):[AMQP5]success declare exchange 'amq.direct'
[I] 17:07:28.397(0000000000129C80):[AMQP0]success consume 'cf.rpc.1e668cf0a29a11e7b0c94920c4d3a4ad'
[I] 17:07:28.400(0000000000129C80):[AMQP0]success binding 'amq.direct'->'cf.rpc.1e668cf0a29a11e7b0c94920c4d3a4ad'(cf.rpc.1e668cf0a29a11e7b0c94920c4d3a4ad)
[I] 17:07:28.404(0000000000129C80):[AMQP6]success declare queue 'cf.wechat.rpc.1ebebf10a29a11e7b0c94920c4d3a4ad'
[I] 17:07:28.405(0000000000129C80):[AMQP4]success declare queue 'cf.app.rpc.1ebd3870a29a11e7b0c94920c4d3a4ad'
[I] 17:07:28.406(0000000000129C80):[AMQP1]success declare queue 'cf.wechat.rpc.1ea9d780a29a11e7b0c94920c4d3a4ad'
[I] 17:07:28.406(0000000000129C80):[AMQP8]success declare queue 'cf.wechat.rpc.1ec1f360a29a11e7b0c94920c4d3a4ad'
[I] 17:07:28.407(0000000000129C80):[AMQP7]success declare queue 'sc.task.rpc.1ebfa970a29a11e7b0c94920c4d3a4ad'
[I] 17:07:28.408(0000000000129C80):[AMQP5]success declare queue 'cf.wechat.rpc.1ebdfbc0a29a11e7b0c94920c4d3a4ad'
[I] 17:07:28.409(0000000000129C80):[AMQP0]success declare queue 'cf.wechat.rpc.1e7a6310a29a11e7b0c94920c4d3a4ad'
[I] 17:07:28.409(0000000000129C80):[AMQP6]success consume 'cf.wechat.rpc.1ebebf10a29a11e7b0c94920c4d3a4ad'
[I] 17:07:28.410(0000000000129C80):[AMQP7]success consume 'sc.task.rpc.1ebfa970a29a11e7b0c94920c4d3a4ad'
[I] 17:07:28.411(0000000000129C80):[AMQP8]success consume 'cf.wechat.rpc.1ec1f360a29a11e7b0c94920c4d3a4ad'
[I] 17:07:28.411(0000000000129C80):[AMQP4]success consume 'cf.app.rpc.1ebd3870a29a11e7b0c94920c4d3a4ad'
[I] 17:07:28.412(0000000000129C80):[AMQP5]success consume 'cf.wechat.rpc.1ebdfbc0a29a11e7b0c94920c4d3a4ad'
[I] 17:07:28.412(0000000000129C80):[AMQP1]success consume 'cf.wechat.rpc.1ea9d780a29a11e7b0c94920c4d3a4ad'
[I] 17:07:28.414(0000000000129C80):[AMQP0]success consume 'cf.wechat.rpc.1e7a6310a29a11e7b0c94920c4d3a4ad'
[I] 17:07:28.415(0000000000129C80):[AMQP6]success binding 'amq.direct'->'cf.wechat.rpc.1ebebf10a29a11e7b0c94920c4d3a4ad'(cf.wechat.rpc.1ebebf10a29a11e7b0c94920c4d3a4ad)
[I] 17:07:28.416(0000000000129C80):[AMQP7]success binding 'amq.direct'->'sc.task.rpc.1ebfa970a29a11e7b0c94920c4d3a4ad'(sc.task.rpc.1ebfa970a29a11e7b0c94920c4d3a4ad)
[I] 17:07:28.418(0000000000129C80):[AMQP4]success binding 'amq.direct'->'cf.app.rpc.1ebd3870a29a11e7b0c94920c4d3a4ad'(cf.app.rpc.1ebd3870a29a11e7b0c94920c4d3a4ad)
[I] 17:07:28.418(0000000000129C80):[AMQP5]success binding 'amq.direct'->'cf.wechat.rpc.1ebdfbc0a29a11e7b0c94920c4d3a4ad'(cf.wechat.rpc.1ebdfbc0a29a11e7b0c94920c4d3a4ad)
[I] 17:07:28.418(0000000000129C80):[AMQP1]success binding 'amq.direct'->'cf.wechat.rpc.1ea9d780a29a11e7b0c94920c4d3a4ad'(cf.wechat.rpc.1ea9d780a29a11e7b0c94920c4d3a4ad)
[I] 17:07:28.418(0000000000129C80):[AMQP8]success binding 'amq.direct'->'cf.wechat.rpc.1ec1f360a29a11e7b0c94920c4d3a4ad'(cf.wechat.rpc.1ec1f360a29a11e7b0c94920c4d3a4ad)
[I] 17:07:28.422(0000000000129C80):[AMQP0]success binding 'amq.direct'->'cf.wechat.rpc.1e7a6310a29a11e7b0c94920c4d3a4ad'(cf.wechat.rpc.1e7a6310a29a11e7b0c94920c4d3a4ad)
[I] 17:07:28.422(0000000000129C80):[AMQP7]success declare queue 'sr.customer.rewardfail.1ebfa971a29a11e7b0c94920c4d3a4ad'
[I] 17:07:28.423(0000000000129C80):[AMQP4]success declare queue 'cf.wechat.rpc.1ebd3871a29a11e7b0c94920c4d3a4ad'
[I] 17:07:28.424(0000000000129C80):[AMQP0]success declare exchange 'cf.wechat.notify'
[I] 17:07:28.424(0000000000129C80):[AMQP7]success consume 'sr.customer.rewardfail.1ebfa971a29a11e7b0c94920c4d3a4ad'
[I] 17:07:28.425(0000000000129C80):[AMQP4]success consume 'cf.wechat.rpc.1ebd3871a29a11e7b0c94920c4d3a4ad'
[I] 17:07:28.427(0000000000129C80):[AMQP7]success binding 'amq.direct'->'sr.customer.rewardfail.1ebfa971a29a11e7b0c94920c4d3a4ad'(sr.customer.rewardfail.1ebfa971a29a11e7b0c94920c4d3a4ad)
[I] 17:07:28.428(0000000000129C80):[AMQP4]success binding 'amq.direct'->'cf.wechat.rpc.1ebd3871a29a11e7b0c94920c4d3a4ad'(cf.wechat.rpc.1ebd3871a29a11e7b0c94920c4d3a4ad)
[I] 17:07:28.429(0000000000129C80):[AMQP0]success declare queue 'jiaxingwang.sc_admin.wechat.1e840000a29a11e7b0c94920c4d3a4ad'
[I] 17:07:28.432(0000000000129C80):[AMQP0]success consume 'jiaxingwang.sc_admin.wechat.1e840000a29a11e7b0c94920c4d3a4ad'
[I] 17:07:28.433(0000000000129C80):[AMQP4]success declare queue 'cf.rpc.1ebd5f80a29a11e7b0c94920c4d3a4ad'
[I] 17:07:28.434(0000000000129C80):[AMQP4]success consume 'cf.rpc.1ebd5f80a29a11e7b0c94920c4d3a4ad'
[I] 17:07:28.435(0000000000129C80):[AMQP0]success binding 'cf.wechat.notify'->'jiaxingwang.sc_admin.wechat.1e840000a29a11e7b0c94920c4d3a4ad'(#)
[I] 17:07:28.437(0000000000129C80):[AMQP4]success binding 'amq.direct'->'cf.rpc.1ebd5f80a29a11e7b0c94920c4d3a4ad'(cf.rpc.1ebd5f80a29a11e7b0c94920c4d3a4ad)
[I] 17:07:28.439(0000000000129C80):[AMQP0]success declare queue 'cf.app.rpc.1e842710a29a11e7b0c94920c4d3a4ad'
[I] 17:07:28.441(0000000000129C80):[AMQP0]success consume 'cf.app.rpc.1e842710a29a11e7b0c94920c4d3a4ad'
[I] 17:07:28.442(0000000000129C80):[AMQP4]success declare queue 'sc.task.rpc.1ebd5f81a29a11e7b0c94920c4d3a4ad'
[I] 17:07:28.444(0000000000129C80):[AMQP0]success binding 'amq.direct'->'cf.app.rpc.1e842710a29a11e7b0c94920c4d3a4ad'(cf.app.rpc.1e842710a29a11e7b0c94920c4d3a4ad)
[I] 17:07:28.445(0000000000129C80):[AMQP4]success consume 'sc.task.rpc.1ebd5f81a29a11e7b0c94920c4d3a4ad'
[I] 17:07:28.449(0000000000129C80):[AMQP0]success declare queue 'cf.alipay.rpc.1e84ea60a29a11e7b0c94920c4d3a4ad'
[I] 17:07:28.450(0000000000129C80):[AMQP4]success binding 'amq.direct'->'sc.task.rpc.1ebd5f81a29a11e7b0c94920c4d3a4ad'(sc.task.rpc.1ebd5f81a29a11e7b0c94920c4d3a4ad)
[I] 17:07:28.451(0000000000129C80):[AMQP0]success consume 'cf.alipay.rpc.1e84ea60a29a11e7b0c94920c4d3a4ad'
[I] 17:07:28.453(0000000000129C80):[AMQP0]success binding 'amq.direct'->'cf.alipay.rpc.1e84ea60a29a11e7b0c94920c4d3a4ad'(cf.alipay.rpc.1e84ea60a29a11e7b0c94920c4d3a4ad)
[I] 17:07:28.457(0000000000129C80):[AMQP0]success declare queue 'cf.ding.rpc.1e867100a29a11e7b0c94920c4d3a4ad'
[I] 17:07:28.458(0000000000129C80):[AMQP0]success consume 'cf.ding.rpc.1e867100a29a11e7b0c94920c4d3a4ad'
[I] 17:07:28.461(0000000000129C80):[AMQP0]success binding 'amq.direct'->'cf.ding.rpc.1e867100a29a11e7b0c94920c4d3a4ad'(cf.ding.rpc.1e867100a29a11e7b0c94920c4d3a4ad)
[I] 17:07:28.463(0000000000129C80):[AMQP0]success declare exchange 'cf.ding.notify'
[I] 17:07:28.466(0000000000129C80):[AMQP0]success declare queue 'jiaxingwang.sc_admin.ding.1e8845c0a29a11e7b0c94920c4d3a4ad'
[I] 17:07:28.468(0000000000129C80):[AMQP0]success consume 'jiaxingwang.sc_admin.ding.1e8845c0a29a11e7b0c94920c4d3a4ad'
[I] 17:07:28.470(0000000000129C80):[AMQP0]success binding 'cf.ding.notify'->'jiaxingwang.sc_admin.ding.1e8845c0a29a11e7b0c94920c4d3a4ad'(#)
[W] 17:07:28.476(0000000000129E3C):try restart worker 2# ...
[I] 17:07:28.482(0000000000129E3C):start worker success,pid=12A7B4(2#)
[I] 17:07:28.474(0000000000129C80):[AMQP0]success declare queue 'sr.customer.rpc.1e897e40a29a11e7b0c94920c4d3a4ad'
[I] 17:07:28.478(0000000000129C80):[AMQP0]success consume 'sr.customer.rpc.1e897e40a29a11e7b0c94920c4d3a4ad'
[I] 17:07:28.480(0000000000129C80):[AMQP0]success binding 'amq.direct'->'sr.customer.rpc.1e897e40a29a11e7b0c94920c4d3a4ad'(sr.customer.rpc.1e897e40a29a11e7b0c94920c4d3a4ad)
[I] 17:07:28.482(0000000000129C80):[AMQP0]success declare exchange 'amq.direct'
[I] 17:07:28.486(0000000000129C80):[AMQP0]success declare queue 'sc.task.rpc.1eaae8f0a29a11e7b0c94920c4d3a4ad'
[I] 17:07:28.488(0000000000129C80):[AMQP0]success consume 'sc.task.rpc.1eaae8f0a29a11e7b0c94920c4d3a4ad'
[I] 17:07:28.491(0000000000129C80):[AMQP0]success binding 'amq.direct'->'sc.task.rpc.1eaae8f0a29a11e7b0c94920c4d3a4ad'(sc.task.rpc.1eaae8f0a29a11e7b0c94920c4d3a4ad)
[I] 17:07:28.494(0000000000129C80):[AMQP0]success declare queue 'sr.customer.tag.rpc.1eb06730a29a11e7b0c94920c4d3a4ad'
[I] 17:07:28.497(0000000000129C80):[AMQP0]success consume 'sr.customer.tag.rpc.1eb06730a29a11e7b0c94920c4d3a4ad'
[I] 17:07:28.499(0000000000129C80):[AMQP0]success binding 'amq.direct'->'sr.customer.tag.rpc.1eb06730a29a11e7b0c94920c4d3a4ad'(sr.customer.tag.rpc.1eb06730a29a11e7b0c94920c4d3a4ad)
[I] 17:07:28.503(0000000000129C80):[AMQP0]success declare queue 'sr.customer.point.rpc.1eb08e40a29a11e7b0c94920c4d3a4ad'
[I] 17:07:28.505(0000000000129C80):[AMQP0]success consume 'sr.customer.point.rpc.1eb08e40a29a11e7b0c94920c4d3a4ad'
[I] 17:07:28.508(0000000000129C80):[AMQP0]success binding 'amq.direct'->'sr.customer.point.rpc.1eb08e40a29a11e7b0c94920c4d3a4ad'(sr.customer.point.rpc.1eb08e40a29a11e7b0c94920c4d3a4ad)
[I] 17:07:28.512(0000000000129C80):[AMQP0]success declare queue 'sr.customer.coupon_class.rpc.1eb437c0a29a11e7b0c94920c4d3a4ad'
[I] 17:07:28.513(0000000000129C80):[AMQP0]success consume 'sr.customer.coupon_class.rpc.1eb437c0a29a11e7b0c94920c4d3a4ad'
[I] 17:07:28.516(0000000000129C80):[AMQP0]success binding 'amq.direct'->'sr.customer.coupon_class.rpc.1eb437c0a29a11e7b0c94920c4d3a4ad'(sr.customer.coupon_class.rpc.1eb437c0a29a11e7b0c94920c4d3a4ad)
[I] 17:07:28.519(0000000000129C80):[AMQP0]success declare queue 'sr.customer.coupon.rpc.1eb45ed0a29a11e7b0c94920c4d3a4ad'
[I] 17:07:28.521(0000000000129C80):[AMQP0]success consume 'sr.customer.coupon.rpc.1eb45ed0a29a11e7b0c94920c4d3a4ad'
[I] 17:07:28.528(0000000000129C80):[AMQP0]success binding 'amq.direct'->'sr.customer.coupon.rpc.1eb45ed0a29a11e7b0c94920c4d3a4ad'(sr.customer.coupon.rpc.1eb45ed0a29a11e7b0c94920c4d3a4ad)
[I] 17:07:28.532(0000000000129C80):[AMQP0]success declare queue 'cf.wxpay.rpc.1eb681b0a29a11e7b0c94920c4d3a4ad'
[I] 17:07:28.533(0000000000129C80):[AMQP0]success consume 'cf.wxpay.rpc.1eb681b0a29a11e7b0c94920c4d3a4ad'
[I] 17:07:28.536(0000000000129C80):[AMQP0]success binding 'amq.direct'->'cf.wxpay.rpc.1eb681b0a29a11e7b0c94920c4d3a4ad'(cf.wxpay.rpc.1eb681b0a29a11e7b0c94920c4d3a4ad)
[I] 17:07:28.539(0000000000129C80):[AMQP0]success declare queue 'cf.baidu.rpc.1eba2b30a29a11e7b0c94920c4d3a4ad'
[I] 17:07:28.548(0000000000129C80):[AMQP0]success consume 'cf.baidu.rpc.1eba2b30a29a11e7b0c94920c4d3a4ad'
[I] 17:07:28.550(0000000000129C80):[AMQP0]success binding 'amq.direct'->'cf.baidu.rpc.1eba2b30a29a11e7b0c94920c4d3a4ad'(cf.baidu.rpc.1eba2b30a29a11e7b0c94920c4d3a4ad)
[I] 17:07:28.554(0000000000129C80):[AMQP0]success declare queue 'sr.trade.rpc.1ec0bae0a29a11e7b0c94920c4d3a4ad'
[I] 17:07:28.555(0000000000129C80):[AMQP0]success consume 'sr.trade.rpc.1ec0bae0a29a11e7b0c94920c4d3a4ad'
[I] 17:07:28.557(0000000000129C80):[AMQP0]success binding 'amq.direct'->'sr.trade.rpc.1ec0bae0a29a11e7b0c94920c4d3a4ad'(sr.trade.rpc.1ec0bae0a29a11e7b0c94920c4d3a4ad)
[I] 17:07:28.870(000000000012C918):[AMQP0]created
[I] 17:07:28.882(000000000012C918):[AMQP0]declare queue 'cf.rpc.1f1dcf00a29a11e7af1bbbdc82a658cd'
[I] 17:07:28.883(000000000012C918):[RPCC:cf.rpc]create rpc client 'cf.rpc' in conn AMQP0
[I] 17:07:28.996(000000000012C918):PBEncoder success load file 'E:\product\protocol\cf.proto.js'
[I] 17:07:28.997(000000000012C918):[AMQP0]declare queue 'cf.wechat.rpc.1f2fa950a29a11e7af1bbbdc82a658cd'
[I] 17:07:28.998(000000000012C918):[RPCC:cf.wechat.rpc]create rpc client 'cf.wechat.rpc' in conn AMQP0
[I] 17:07:29.061(000000000012C918):PBEncoder success load file 'E:\product\protocol\cf_wechat.proto.js'
[I] 17:07:29.061(000000000012C918):[AMQP0]declare exchange 'cf.wechat.notify'
[I] 17:07:29.062(000000000012C918):[AMQP0]declare queue 'jiaxingwang.sc_admin.wechat.1f399460a29a11e7af1bbbdc82a658cd'
[I] 17:07:29.062(000000000012C918):[AMQP0]declare queue 'cf.app.rpc.1f399461a29a11e7af1bbbdc82a658cd'
[I] 17:07:29.063(000000000012C918):[RPCC:cf.app.rpc]create rpc client 'cf.app.rpc' in conn AMQP0
[I] 17:07:29.068(000000000012C918):PBEncoder success load file 'E:\product\protocol\cf_app.proto.js'
[I] 17:07:29.069(000000000012C918):[AMQP0]declare queue 'cf.alipay.rpc.1f3aa5d0a29a11e7af1bbbdc82a658cd'
[I] 17:07:29.069(000000000012C918):[RPCC:cf.alipay.rpc]create rpc client 'cf.alipay.rpc' in conn AMQP0
[I] 17:07:29.078(000000000012C918):PBEncoder success load file 'E:\product\protocol\cf_alipay.proto.js'
[I] 17:07:29.078(000000000012C918):[AMQP0]declare queue 'cf.ding.rpc.1f3c0560a29a11e7af1bbbdc82a658cd'
[I] 17:07:29.078(000000000012C918):[RPCC:cf.ding.rpc]create rpc client 'cf.ding.rpc' in conn AMQP0
[I] 17:07:29.090(000000000012C918):PBEncoder success load file 'E:\product\protocol\cf_ding.proto.js'
[I] 17:07:29.091(000000000012C918):[AMQP0]declare exchange 'cf.ding.notify'
[I] 17:07:29.091(000000000012C918):[AMQP0]declare queue 'jiaxingwang.sc_admin.ding.1f3e0130a29a11e7af1bbbdc82a658cd'
[I] 17:07:29.091(000000000012C918):[AM]init and reload account!
[I] 17:07:29.096(000000000012C918):[AM]reload account success, account number is: 0
[I] 17:07:29.099(000000000012C918):[AMQP0]declare queue 'sr.customer.rpc.1f3f39b0a29a11e7af1bbbdc82a658cd'
[I] 17:07:29.099(000000000012C918):[RPCC:sr.customer.rpc]create rpc client 'sr.customer.rpc' in conn AMQP0
[I] 17:07:29.109(000000000012C918):PBEncoder success load file 'E:\product\protocol\sr_customer.proto.js'
[W] 17:07:29.110(000000000012C918):[AMQP0]rpc client 'cf.rpc' declare repeat!
[W] 17:07:29.110(000000000012C918):[AMQP0]rpc client 'cf.wechat.rpc' declare repeat!
[W] 17:07:29.110(000000000012C918):[AMQP0]rpc client 'cf.app.rpc' declare repeat!
[I] 17:07:29.303(000000000012C918):PBEncoder success load file 'E:\product\protocol\sc_system.proto.js'
[D] 17:07:29.363(0000000000129E3C):worker process log socket connected!
[D] 17:07:29.345(000000000012A7B4):worker 2# ready to connect master log socket server, port=43391
[D] 17:07:29.365(000000000012A7B4):worker 2# log socket connected!
[I] 17:07:29.386(000000000012C918):[AMQP1]created
[I] 17:07:29.387(000000000012C918):[AMQP1]declare exchange 'amq.direct'
[I] 17:07:29.388(000000000012C918):[AMQP1]declare queue 'cf.wechat.rpc.1f6b2bb0a29a11e7af1bbbdc82a658cd'
[I] 17:07:29.388(000000000012C918):[RPCC:cf.wechat.rpc]create rpc client 'cf.wechat.rpc' in conn AMQP1
[I] 17:07:29.389(000000000012C918):[AMQP2]created
[I] 17:07:29.393(000000000012C918):[AMQP0]declare exchange 'amq.direct'
[I] 17:07:29.394(000000000012C918):[AMQP0]declare queue 'sc.task.rpc.1f6c3d20a29a11e7af1bbbdc82a658cd'
[I] 17:07:29.394(000000000012C918):[RPCC:sc.task.rpc]create rpc client 'sc.task.rpc' in conn AMQP0
[I] 17:07:29.402(000000000012C918):PBEncoder success load file 'E:\product\protocol\sc_task.proto.js'
[I] 17:07:29.424(000000000012C918):[AMQP0]declare queue 'sr.customer.tag.rpc.1f70d100a29a11e7af1bbbdc82a658cd'
[I] 17:07:29.424(000000000012C918):[RPCC:sr.customer.tag.rpc]create rpc client 'sr.customer.tag.rpc' in conn AMQP0
[I] 17:07:29.425(000000000012C918):[AMQP0]declare queue 'sr.customer.point.rpc.1f70d101a29a11e7af1bbbdc82a658cd'
[I] 17:07:29.425(000000000012C918):[RPCC:sr.customer.point.rpc]create rpc client 'sr.customer.point.rpc' in conn AMQP0
[I] 17:07:29.433(000000000012C918):PBEncoder success load file 'E:\product\protocol\sr_customer_point.proto.js'
[I] 17:07:29.440(000000000012C918):PBEncoder success load file 'E:\product\protocol\sr_customer_tag.proto.js'
[W] 17:07:29.449(000000000012C918):[AMQP0]rpc client 'cf.wechat.rpc' declare repeat!
[I] 17:07:29.450(000000000012C918):[AMQP0]declare queue 'sr.customer.coupon_class.rpc.1f74a190a29a11e7af1bbbdc82a658cd'
[I] 17:07:29.450(000000000012C918):[RPCC:sr.customer.coupon_class.rpc]create rpc client 'sr.customer.coupon_class.rpc' in conn AMQP0
[I] 17:07:29.450(000000000012C918):[AMQP0]declare queue 'sr.customer.coupon.rpc.1f74c8a0a29a11e7af1bbbdc82a658cd'
[I] 17:07:29.450(000000000012C918):[RPCC:sr.customer.coupon.rpc]create rpc client 'sr.customer.coupon.rpc' in conn AMQP0
[I] 17:07:29.462(000000000012C918):PBEncoder success load file 'E:\product\protocol\sr_customer_coupon.proto.js'
[W] 17:07:29.462(000000000012C918):[AMQP0]rpc client 'cf.wechat.rpc' declare repeat!
[I] 17:07:29.462(000000000012C918):[AMQP0]declare queue 'cf.wxpay.rpc.1f769d60a29a11e7af1bbbdc82a658cd'
[I] 17:07:29.462(000000000012C918):[RPCC:cf.wxpay.rpc]create rpc client 'cf.wxpay.rpc' in conn AMQP0
[I] 17:07:29.476(000000000012C918):PBEncoder success load file 'E:\product\protocol\cf_wxpay.proto.js'
[W] 17:07:29.477(000000000012C918):[AMQP0]rpc client 'sr.customer.point.rpc' declare repeat!
[W] 17:07:29.485(000000000012C918):[AMQP0]exchange amq.direct already declare!!
[W] 17:07:29.485(000000000012C918):[AMQP0]rpc client 'sr.customer.rpc' declare repeat!
[W] 17:07:29.485(000000000012C918):[AMQP0]rpc client 'sr.customer.coupon.rpc' declare repeat!
[W] 17:07:29.485(000000000012C918):[AMQP0]rpc client 'cf.wechat.rpc' declare repeat!
[W] 17:07:29.487(000000000012C918):[AMQP0]exchange amq.direct already declare!!
[I] 17:07:29.488(000000000012C918):[AMQP0]declare queue 'cf.baidu.rpc.1f7a9500a29a11e7af1bbbdc82a658cd'
[I] 17:07:29.488(000000000012C918):[RPCC:cf.baidu.rpc]create rpc client 'cf.baidu.rpc' in conn AMQP0
[I] 17:07:29.492(000000000012C918):PBEncoder success load file 'E:\product\protocol\cf_baidu.proto.js'
[I] 17:07:29.496(000000000012C918):[AMQP3]created
[I] 17:07:29.508(000000000012C918):[AMQP4]created
[I] 17:07:29.508(000000000012C918):[AMQP4]declare exchange 'amq.direct'
[I] 17:07:29.509(000000000012C918):[AMQP4]declare queue 'cf.app.rpc.1f7dc950a29a11e7af1bbbdc82a658cd'
[I] 17:07:29.509(000000000012C918):[RPCC:cf.app.rpc]create rpc client 'cf.app.rpc' in conn AMQP4
[I] 17:07:29.509(000000000012C918):[AMQP4]declare queue 'cf.wechat.rpc.1f7dc951a29a11e7af1bbbdc82a658cd'
[I] 17:07:29.509(000000000012C918):[RPCC:cf.wechat.rpc]create rpc client 'cf.wechat.rpc' in conn AMQP4
[I] 17:07:29.510(000000000012C918):[AMQP4]declare queue 'cf.rpc.1f7df060a29a11e7af1bbbdc82a658cd'
[I] 17:07:29.510(000000000012C918):[RPCC:cf.rpc]create rpc client 'cf.rpc' in conn AMQP4
[I] 17:07:29.511(000000000012C918):[AMQP4]declare queue 'sc.task.rpc.1f7df061a29a11e7af1bbbdc82a658cd'
[I] 17:07:29.511(000000000012C918):[RPCC:sc.task.rpc]create rpc client 'sc.task.rpc' in conn AMQP4
[I] 17:07:29.514(000000000012C918):[AMQP5]created
[I] 17:07:29.514(000000000012C918):[AMQP5]declare exchange 'amq.direct'
[I] 17:07:29.515(000000000012C918):[AMQP5]declare queue 'cf.wechat.rpc.1f7eb3b0a29a11e7af1bbbdc82a658cd'
[I] 17:07:29.515(000000000012C918):[RPCC:cf.wechat.rpc]create rpc client 'cf.wechat.rpc' in conn AMQP5
[W] 17:07:29.517(000000000012C918):[AMQP0]rpc client 'sr.customer.point.rpc' declare repeat!
[I] 17:07:29.519(000000000012C918):[AMQP6]created
[I] 17:07:29.520(000000000012C918):[AMQP6]declare exchange 'amq.direct'
[I] 17:07:29.520(000000000012C918):[AMQP6]declare queue 'cf.wechat.rpc.1f7f7700a29a11e7af1bbbdc82a658cd'
[I] 17:07:29.521(000000000012C918):[RPCC:cf.wechat.rpc]create rpc client 'cf.wechat.rpc' in conn AMQP6
[I] 17:07:29.526(000000000012C918):[AMQP7]created
[I] 17:07:29.526(000000000012C918):[AMQP7]declare exchange 'amq.direct'
[I] 17:07:29.526(000000000012C918):[AMQP7]declare queue 'sc.task.rpc.1f806160a29a11e7af1bbbdc82a658cd'
[I] 17:07:29.527(000000000012C918):[RPCC:sc.task.rpc]create rpc client 'sc.task.rpc' in conn AMQP7
[I] 17:07:29.527(000000000012C918):[AMQP7]declare queue 'sr.customer.rewardfail.1f808870a29a11e7af1bbbdc82a658cd'
[I] 17:07:29.527(000000000012C918):[RPCC:sr.customer.rewardfail]create rpc client 'sr.customer.rewardfail' in conn AMQP7
[W] 17:07:29.531(000000000012C918):[AMQP0]exchange amq.direct already declare!!
[W] 17:07:29.531(000000000012C918):[AMQP0]rpc client 'sr.customer.tag.rpc' declare repeat!
[W] 17:07:29.531(000000000012C918):[AMQP0]rpc client 'sc.task.rpc' declare repeat!
[W] 17:07:29.534(000000000012C918):[AMQP0]exchange amq.direct already declare!!
[I] 17:07:29.535(000000000012C918):[AMQP0]declare queue 'sr.trade.rpc.1f8199e0a29a11e7af1bbbdc82a658cd'
[I] 17:07:29.535(000000000012C918):[RPCC:sr.trade.rpc]create rpc client 'sr.trade.rpc' in conn AMQP0
[I] 17:07:29.538(000000000012C918):PBEncoder success load file 'E:\product\protocol\sr_trade.proto.js'
[I] 17:07:29.541(000000000012C918):[AMQP8]created
[I] 17:07:29.542(000000000012C918):[AMQP8]declare exchange 'amq.direct'
[I] 17:07:29.542(000000000012C918):[AMQP8]declare queue 'cf.wechat.rpc.1f82d260a29a11e7af1bbbdc82a658cd'
[I] 17:07:29.542(000000000012C918):[RPCC:cf.wechat.rpc]create rpc client 'cf.wechat.rpc' in conn AMQP8
[T] 17:07:29.564(000000000012C918):Http is running,port is 18910
[I] 17:07:29.569(000000000012C918):[redis]redis connect
[I] 17:07:29.583(000000000012C918):[redis]redis ready
[I] 17:07:29.584(000000000012C918):[MP1]create connection #0
[T] 17:07:29.584(000000000012C918):[MP1]getConnection success,getIndex=0
[I] 17:07:29.585(000000000012C918):[MP1]create connection #1
[T] 17:07:29.585(000000000012C918):[MP1]getConnection success,getIndex=1
[T] 17:07:29.593(000000000012C918):[MySQL]Query success,used time:5 ms,sql="select * from cf_account where enabled=1 and function_mask like \"1%\""
[T] 17:07:29.603(000000000012C918):[MySQL]Query success,used time:14 ms,sql="SELECT * FROM `sc_org`"
[T] 17:07:29.604(000000000012C918):getConnection release,getIndex=0
[T] 17:07:29.605(000000000012C918):getConnection release,getIndex=1
[I] 17:07:29.606(000000000012C918):[AM]get account list success: [{"innerid":"HEDV35FASG-DGW423A-34TGGW53AAD66","name":"乐逛演示","org_id":"1","shop_id":null,"settlement_id":null,"method_code":1,"method_code_key":"wechat_test3_1","function_mask":"10","config":"{\"accountid\":\"gh_92368265694f\",\"fee_type\":\"CNY\",\"appid\":\"wx39bf9ff3da6fc1e7\",\"appsecret\":\"e00fc51118b318fb99cff35d217865fc\",\"mch_id\":\"1287801701\",\"sub_mch_id\":\"\",\"sign_key\":\"smartpaysmartpaysmartpaysmartpay\",\"key_file\":\"apiclient_key.pem\",\"cert_file\":\"apiclient_cert.pem\",\"pay_authorization_dir\":[\"\",\"\",\"\"],\"pay_native_callback\":\"\",\"pay_finish_notify\":\"1\",\"pay_alarm_notify\":\"\"}","enabled":1,"desc":null},{"innerid":"SE43RG3ASG-34GWW55A-34TG43HER452","name":"短信测试一","org_id":"1","shop_id":null,"settlement_id":null,"method_code":2,"method_code_key":"wechat_test1_2","function_mask":"10","config":"{\"url\" : \"http://211.147.239.62:9050/cgi-bin/sendsms\",\"username\" : \"shopperconnect@smartac\",\"password\" : \"shopCNT@smartc2016\"}","enabled":1,"desc":null},{"innerid":"SMFGSW423GWS-G43HTEHE2-HHEDR5462HS","name":"邮件测试一","org_id":"1","shop_id":null,"settlement_id":null,"method_code":3,"method_code_key":"wechat_test1_3","function_mask":"10","config":"{\"smtpserver\" : \"smtp.163.com\",\"port\": 25,\"username\" : \"zyqtest5@163.com\",\"password\" : \"zyqtest5881119\",\"SSL\":false}","enabled":1,"desc":null}]
[I] 17:07:29.633(000000000012C918):[AMQP8]AMQP8 connect 'amqp://guest:guest@172.16.0.81:5672' success!
[I] 17:07:29.637(000000000012C918):[AMQP0]AMQP0 connect 'amqp://guest:guest@172.16.0.81:5672' success!
[I] 17:07:29.638(000000000012C918):[AMQP1]AMQP1 connect 'amqp://guest:guest@172.16.0.81:5672' success!
[I] 17:07:29.639(000000000012C918):[AMQP6]AMQP6 connect 'amqp://guest:guest@172.16.0.81:5672' success!
[I] 17:07:29.641(000000000012C918):[AMQP7]AMQP7 connect 'amqp://guest:guest@172.16.0.81:5672' success!
[I] 17:07:29.641(000000000012C918):[AMQP5]AMQP5 connect 'amqp://guest:guest@172.16.0.81:5672' success!
[I] 17:07:29.642(000000000012C918):[AMQP4]AMQP4 connect 'amqp://guest:guest@172.16.0.81:5672' success!
[I] 17:07:29.655(000000000012C918):[AMQP8]success declare exchange 'amq.direct'
[I] 17:07:29.656(000000000012C918):[AMQP1]success declare exchange 'amq.direct'
[I] 17:07:29.656(000000000012C918):[AMQP4]success declare exchange 'amq.direct'
[I] 17:07:29.658(000000000012C918):[AMQP6]success declare exchange 'amq.direct'
[I] 17:07:29.659(000000000012C918):[AMQP7]success declare exchange 'amq.direct'
[I] 17:07:29.660(000000000012C918):[AMQP5]success declare exchange 'amq.direct'
[I] 17:07:29.662(000000000012C918):[AMQP0]success declare queue 'cf.rpc.1f1dcf00a29a11e7af1bbbdc82a658cd'
[I] 17:07:29.662(000000000012C918):[AMQP8]success declare queue 'cf.wechat.rpc.1f82d260a29a11e7af1bbbdc82a658cd'
[I] 17:07:29.668(000000000012C918):[AMQP0]success consume 'cf.rpc.1f1dcf00a29a11e7af1bbbdc82a658cd'
[I] 17:07:29.669(000000000012C918):[AMQP8]success consume 'cf.wechat.rpc.1f82d260a29a11e7af1bbbdc82a658cd'
[I] 17:07:29.670(000000000012C918):[AMQP1]success declare queue 'cf.wechat.rpc.1f6b2bb0a29a11e7af1bbbdc82a658cd'
[I] 17:07:29.672(000000000012C918):[AMQP4]success declare queue 'cf.app.rpc.1f7dc950a29a11e7af1bbbdc82a658cd'
[I] 17:07:29.673(000000000012C918):[AMQP6]success declare queue 'cf.wechat.rpc.1f7f7700a29a11e7af1bbbdc82a658cd'
[I] 17:07:29.674(000000000012C918):[AMQP5]success declare queue 'cf.wechat.rpc.1f7eb3b0a29a11e7af1bbbdc82a658cd'
[I] 17:07:29.675(000000000012C918):[AMQP7]success declare queue 'sc.task.rpc.1f806160a29a11e7af1bbbdc82a658cd'
[I] 17:07:29.675(000000000012C918):[AMQP1]success consume 'cf.wechat.rpc.1f6b2bb0a29a11e7af1bbbdc82a658cd'
[I] 17:07:29.676(000000000012C918):[AMQP0]success binding 'amq.direct'->'cf.rpc.1f1dcf00a29a11e7af1bbbdc82a658cd'(cf.rpc.1f1dcf00a29a11e7af1bbbdc82a658cd)
[I] 17:07:29.676(000000000012C918):[AMQP8]success binding 'amq.direct'->'cf.wechat.rpc.1f82d260a29a11e7af1bbbdc82a658cd'(cf.wechat.rpc.1f82d260a29a11e7af1bbbdc82a658cd)
[I] 17:07:29.677(000000000012C918):[AMQP4]success consume 'cf.app.rpc.1f7dc950a29a11e7af1bbbdc82a658cd'
[I] 17:07:29.677(000000000012C918):[AMQP5]success consume 'cf.wechat.rpc.1f7eb3b0a29a11e7af1bbbdc82a658cd'
[I] 17:07:29.677(000000000012C918):[AMQP6]success consume 'cf.wechat.rpc.1f7f7700a29a11e7af1bbbdc82a658cd'
[I] 17:07:29.680(000000000012C918):[AMQP7]success consume 'sc.task.rpc.1f806160a29a11e7af1bbbdc82a658cd'
[I] 17:07:29.681(000000000012C918):[AMQP4]success binding 'amq.direct'->'cf.app.rpc.1f7dc950a29a11e7af1bbbdc82a658cd'(cf.app.rpc.1f7dc950a29a11e7af1bbbdc82a658cd)
[I] 17:07:29.681(000000000012C918):[AMQP1]success binding 'amq.direct'->'cf.wechat.rpc.1f6b2bb0a29a11e7af1bbbdc82a658cd'(cf.wechat.rpc.1f6b2bb0a29a11e7af1bbbdc82a658cd)
[I] 17:07:29.688(000000000012C918):[AMQP5]success binding 'amq.direct'->'cf.wechat.rpc.1f7eb3b0a29a11e7af1bbbdc82a658cd'(cf.wechat.rpc.1f7eb3b0a29a11e7af1bbbdc82a658cd)
[I] 17:07:29.689(000000000012C918):[AMQP6]success binding 'amq.direct'->'cf.wechat.rpc.1f7f7700a29a11e7af1bbbdc82a658cd'(cf.wechat.rpc.1f7f7700a29a11e7af1bbbdc82a658cd)
[I] 17:07:29.690(000000000012C918):[AMQP7]success binding 'amq.direct'->'sc.task.rpc.1f806160a29a11e7af1bbbdc82a658cd'(sc.task.rpc.1f806160a29a11e7af1bbbdc82a658cd)
[I] 17:07:29.690(000000000012C918):[AMQP0]success declare queue 'cf.wechat.rpc.1f2fa950a29a11e7af1bbbdc82a658cd'
[I] 17:07:29.691(000000000012C918):[AMQP4]success declare queue 'cf.wechat.rpc.1f7dc951a29a11e7af1bbbdc82a658cd'
[I] 17:07:29.692(000000000012C918):[AMQP0]success consume 'cf.wechat.rpc.1f2fa950a29a11e7af1bbbdc82a658cd'
[I] 17:07:29.693(000000000012C918):[AMQP4]success consume 'cf.wechat.rpc.1f7dc951a29a11e7af1bbbdc82a658cd'
[I] 17:07:29.694(000000000012C918):[AMQP0]success binding 'amq.direct'->'cf.wechat.rpc.1f2fa950a29a11e7af1bbbdc82a658cd'(cf.wechat.rpc.1f2fa950a29a11e7af1bbbdc82a658cd)
[I] 17:07:29.694(000000000012C918):[AMQP7]success declare queue 'sr.customer.rewardfail.1f808870a29a11e7af1bbbdc82a658cd'
[I] 17:07:29.695(000000000012C918):[AMQP0]success declare exchange 'cf.wechat.notify'
[I] 17:07:29.696(000000000012C918):[AMQP4]success binding 'amq.direct'->'cf.wechat.rpc.1f7dc951a29a11e7af1bbbdc82a658cd'(cf.wechat.rpc.1f7dc951a29a11e7af1bbbdc82a658cd)
[I] 17:07:29.697(000000000012C918):[AMQP7]success consume 'sr.customer.rewardfail.1f808870a29a11e7af1bbbdc82a658cd'
[I] 17:07:29.699(000000000012C918):[AMQP0]success declare queue 'jiaxingwang.sc_admin.wechat.1f399460a29a11e7af1bbbdc82a658cd'
[I] 17:07:29.700(000000000012C918):[AMQP7]success binding 'amq.direct'->'sr.customer.rewardfail.1f808870a29a11e7af1bbbdc82a658cd'(sr.customer.rewardfail.1f808870a29a11e7af1bbbdc82a658cd)
[I] 17:07:29.701(000000000012C918):[AMQP4]success declare queue 'cf.rpc.1f7df060a29a11e7af1bbbdc82a658cd'
[I] 17:07:29.703(000000000012C918):[AMQP4]success consume 'cf.rpc.1f7df060a29a11e7af1bbbdc82a658cd'
[I] 17:07:29.703(000000000012C918):[AMQP0]success consume 'jiaxingwang.sc_admin.wechat.1f399460a29a11e7af1bbbdc82a658cd'
[I] 17:07:29.705(000000000012C918):[AMQP4]success binding 'amq.direct'->'cf.rpc.1f7df060a29a11e7af1bbbdc82a658cd'(cf.rpc.1f7df060a29a11e7af1bbbdc82a658cd)
[I] 17:07:29.709(000000000012C918):[AMQP0]success binding 'cf.wechat.notify'->'jiaxingwang.sc_admin.wechat.1f399460a29a11e7af1bbbdc82a658cd'(#)
[I] 17:07:29.712(000000000012C918):[AMQP4]success declare queue 'sc.task.rpc.1f7df061a29a11e7af1bbbdc82a658cd'
[I] 17:07:29.715(000000000012C918):[AMQP0]success declare queue 'cf.app.rpc.1f399461a29a11e7af1bbbdc82a658cd'
[I] 17:07:29.717(000000000012C918):[AMQP4]success consume 'sc.task.rpc.1f7df061a29a11e7af1bbbdc82a658cd'
[I] 17:07:29.720(000000000012C918):[AMQP0]success consume 'cf.app.rpc.1f399461a29a11e7af1bbbdc82a658cd'
[I] 17:07:29.721(000000000012C918):[AMQP4]success binding 'amq.direct'->'sc.task.rpc.1f7df061a29a11e7af1bbbdc82a658cd'(sc.task.rpc.1f7df061a29a11e7af1bbbdc82a658cd)
[I] 17:07:29.723(000000000012C918):[AMQP0]success binding 'amq.direct'->'cf.app.rpc.1f399461a29a11e7af1bbbdc82a658cd'(cf.app.rpc.1f399461a29a11e7af1bbbdc82a658cd)
[I] 17:07:29.727(000000000012C918):[AMQP0]success declare queue 'cf.alipay.rpc.1f3aa5d0a29a11e7af1bbbdc82a658cd'
[I] 17:07:29.741(000000000012C918):[AMQP0]success consume 'cf.alipay.rpc.1f3aa5d0a29a11e7af1bbbdc82a658cd'
[I] 17:07:29.744(000000000012C918):[AMQP0]success binding 'amq.direct'->'cf.alipay.rpc.1f3aa5d0a29a11e7af1bbbdc82a658cd'(cf.alipay.rpc.1f3aa5d0a29a11e7af1bbbdc82a658cd)
[I] 17:07:29.747(000000000012C918):[AMQP0]success declare queue 'cf.ding.rpc.1f3c0560a29a11e7af1bbbdc82a658cd'
[I] 17:07:29.750(000000000012C918):[AMQP0]success consume 'cf.ding.rpc.1f3c0560a29a11e7af1bbbdc82a658cd'
[I] 17:07:29.752(000000000012C918):[AMQP0]success binding 'amq.direct'->'cf.ding.rpc.1f3c0560a29a11e7af1bbbdc82a658cd'(cf.ding.rpc.1f3c0560a29a11e7af1bbbdc82a658cd)
[I] 17:07:29.753(000000000012C918):[AMQP0]success declare exchange 'cf.ding.notify'
[I] 17:07:29.757(000000000012C918):[AMQP0]success declare queue 'jiaxingwang.sc_admin.ding.1f3e0130a29a11e7af1bbbdc82a658cd'
[I] 17:07:29.759(000000000012C918):[AMQP0]success consume 'jiaxingwang.sc_admin.ding.1f3e0130a29a11e7af1bbbdc82a658cd'
[I] 17:07:29.763(000000000012C918):[AMQP0]success binding 'cf.ding.notify'->'jiaxingwang.sc_admin.ding.1f3e0130a29a11e7af1bbbdc82a658cd'(#)
[I] 17:07:29.767(000000000012C918):[AMQP0]success declare queue 'sr.customer.rpc.1f3f39b0a29a11e7af1bbbdc82a658cd'
[I] 17:07:29.771(000000000012C918):[AMQP0]success consume 'sr.customer.rpc.1f3f39b0a29a11e7af1bbbdc82a658cd'
[I] 17:07:29.773(000000000012C918):[AMQP0]success binding 'amq.direct'->'sr.customer.rpc.1f3f39b0a29a11e7af1bbbdc82a658cd'(sr.customer.rpc.1f3f39b0a29a11e7af1bbbdc82a658cd)
[I] 17:07:29.775(000000000012C918):[AMQP0]success declare exchange 'amq.direct'
[I] 17:07:29.779(000000000012C918):[AMQP0]success declare queue 'sc.task.rpc.1f6c3d20a29a11e7af1bbbdc82a658cd'
[I] 17:07:29.781(000000000012C918):[AMQP0]success consume 'sc.task.rpc.1f6c3d20a29a11e7af1bbbdc82a658cd'
[I] 17:07:29.783(000000000012C918):[AMQP0]success binding 'amq.direct'->'sc.task.rpc.1f6c3d20a29a11e7af1bbbdc82a658cd'(sc.task.rpc.1f6c3d20a29a11e7af1bbbdc82a658cd)
[I] 17:07:29.788(000000000012C918):[AMQP0]success declare queue 'sr.customer.tag.rpc.1f70d100a29a11e7af1bbbdc82a658cd'
[I] 17:07:29.790(000000000012C918):[AMQP0]success consume 'sr.customer.tag.rpc.1f70d100a29a11e7af1bbbdc82a658cd'
[I] 17:07:29.793(000000000012C918):[AMQP0]success binding 'amq.direct'->'sr.customer.tag.rpc.1f70d100a29a11e7af1bbbdc82a658cd'(sr.customer.tag.rpc.1f70d100a29a11e7af1bbbdc82a658cd)
[I] 17:07:29.797(000000000012C918):[AMQP0]success declare queue 'sr.customer.point.rpc.1f70d101a29a11e7af1bbbdc82a658cd'
[I] 17:07:29.799(000000000012C918):[AMQP0]success consume 'sr.customer.point.rpc.1f70d101a29a11e7af1bbbdc82a658cd'
[I] 17:07:29.802(000000000012C918):[AMQP0]success binding 'amq.direct'->'sr.customer.point.rpc.1f70d101a29a11e7af1bbbdc82a658cd'(sr.customer.point.rpc.1f70d101a29a11e7af1bbbdc82a658cd)
[I] 17:07:29.806(000000000012C918):[AMQP0]success declare queue 'sr.customer.coupon_class.rpc.1f74a190a29a11e7af1bbbdc82a658cd'
[I] 17:07:29.808(000000000012C918):[AMQP0]success consume 'sr.customer.coupon_class.rpc.1f74a190a29a11e7af1bbbdc82a658cd'
[I] 17:07:29.812(000000000012C918):[AMQP0]success binding 'amq.direct'->'sr.customer.coupon_class.rpc.1f74a190a29a11e7af1bbbdc82a658cd'(sr.customer.coupon_class.rpc.1f74a190a29a11e7af1bbbdc82a658cd)
[I] 17:07:29.816(000000000012C918):[AMQP0]success declare queue 'sr.customer.coupon.rpc.1f74c8a0a29a11e7af1bbbdc82a658cd'
[I] 17:07:29.818(000000000012C918):[AMQP0]success consume 'sr.customer.coupon.rpc.1f74c8a0a29a11e7af1bbbdc82a658cd'
[I] 17:07:29.820(000000000012C918):[AMQP0]success binding 'amq.direct'->'sr.customer.coupon.rpc.1f74c8a0a29a11e7af1bbbdc82a658cd'(sr.customer.coupon.rpc.1f74c8a0a29a11e7af1bbbdc82a658cd)
[I] 17:07:29.825(000000000012C918):[AMQP0]success declare queue 'cf.wxpay.rpc.1f769d60a29a11e7af1bbbdc82a658cd'
[I] 17:07:29.827(000000000012C918):[AMQP0]success consume 'cf.wxpay.rpc.1f769d60a29a11e7af1bbbdc82a658cd'
[I] 17:07:29.829(000000000012C918):[AMQP0]success binding 'amq.direct'->'cf.wxpay.rpc.1f769d60a29a11e7af1bbbdc82a658cd'(cf.wxpay.rpc.1f769d60a29a11e7af1bbbdc82a658cd)
[I] 17:07:29.832(000000000012C918):[AMQP0]success declare queue 'cf.baidu.rpc.1f7a9500a29a11e7af1bbbdc82a658cd'
[I] 17:07:29.835(000000000012C918):[AMQP0]success consume 'cf.baidu.rpc.1f7a9500a29a11e7af1bbbdc82a658cd'
[I] 17:07:29.837(000000000012C918):[AMQP0]success binding 'amq.direct'->'cf.baidu.rpc.1f7a9500a29a11e7af1bbbdc82a658cd'(cf.baidu.rpc.1f7a9500a29a11e7af1bbbdc82a658cd)
[I] 17:07:29.840(000000000012C918):[AMQP0]success declare queue 'sr.trade.rpc.1f8199e0a29a11e7af1bbbdc82a658cd'
[I] 17:07:29.843(000000000012C918):[AMQP0]success consume 'sr.trade.rpc.1f8199e0a29a11e7af1bbbdc82a658cd'
[I] 17:07:29.846(000000000012C918):[AMQP0]success binding 'amq.direct'->'sr.trade.rpc.1f8199e0a29a11e7af1bbbdc82a658cd'(sr.trade.rpc.1f8199e0a29a11e7af1bbbdc82a658cd)
[I] 17:07:29.923(000000000012A7B4):[AMQP0]created
[I] 17:07:29.934(000000000012A7B4):[AMQP0]declare queue 'cf.rpc.1fbe7bd0a29a11e7aeb499b20e8b71d1'
[I] 17:07:29.935(000000000012A7B4):[RPCC:cf.rpc]create rpc client 'cf.rpc' in conn AMQP0
[I] 17:07:30.051(000000000012A7B4):PBEncoder success load file 'E:\product\protocol\cf.proto.js'
[I] 17:07:30.052(000000000012A7B4):[AMQP0]declare queue 'cf.wechat.rpc.1fd0a440a29a11e7aeb499b20e8b71d1'
[I] 17:07:30.053(000000000012A7B4):[RPCC:cf.wechat.rpc]create rpc client 'cf.wechat.rpc' in conn AMQP0
[I] 17:07:30.111(000000000012A7B4):PBEncoder success load file 'E:\product\protocol\cf_wechat.proto.js'
[I] 17:07:30.112(000000000012A7B4):[AMQP0]declare exchange 'cf.wechat.notify'
[I] 17:07:30.112(000000000012A7B4):[AMQP0]declare queue 'jiaxingwang.sc_admin.wechat.1fd9cc00a29a11e7aeb499b20e8b71d1'
[I] 17:07:30.112(000000000012A7B4):[AMQP0]declare queue 'cf.app.rpc.1fd9cc01a29a11e7aeb499b20e8b71d1'
[I] 17:07:30.113(000000000012A7B4):[RPCC:cf.app.rpc]create rpc client 'cf.app.rpc' in conn AMQP0
[I] 17:07:30.118(000000000012A7B4):PBEncoder success load file 'E:\product\protocol\cf_app.proto.js'
[I] 17:07:30.118(000000000012A7B4):[AMQP0]declare queue 'cf.alipay.rpc.1fdab660a29a11e7aeb499b20e8b71d1'
[I] 17:07:30.118(000000000012A7B4):[RPCC:cf.alipay.rpc]create rpc client 'cf.alipay.rpc' in conn AMQP0
[I] 17:07:30.126(000000000012A7B4):PBEncoder success load file 'E:\product\protocol\cf_alipay.proto.js'
[I] 17:07:30.126(000000000012A7B4):[AMQP0]declare queue 'cf.ding.rpc.1fdbeee0a29a11e7aeb499b20e8b71d1'
[I] 17:07:30.126(000000000012A7B4):[RPCC:cf.ding.rpc]create rpc client 'cf.ding.rpc' in conn AMQP0
[I] 17:07:30.141(000000000012A7B4):PBEncoder success load file 'E:\product\protocol\cf_ding.proto.js'
[I] 17:07:30.141(000000000012A7B4):[AMQP0]declare exchange 'cf.ding.notify'
[I] 17:07:30.141(000000000012A7B4):[AMQP0]declare queue 'jiaxingwang.sc_admin.ding.1fde38d0a29a11e7aeb499b20e8b71d1'
[I] 17:07:30.141(000000000012A7B4):[AM]init and reload account!
[I] 17:07:30.146(000000000012A7B4):[AM]reload account success, account number is: 0
[I] 17:07:30.150(000000000012A7B4):[AMQP0]declare queue 'sr.customer.rpc.1fdf9860a29a11e7aeb499b20e8b71d1'
[I] 17:07:30.150(000000000012A7B4):[RPCC:sr.customer.rpc]create rpc client 'sr.customer.rpc' in conn AMQP0
[I] 17:07:30.159(000000000012A7B4):PBEncoder success load file 'E:\product\protocol\sr_customer.proto.js'
[W] 17:07:30.159(000000000012A7B4):[AMQP0]rpc client 'cf.rpc' declare repeat!
[W] 17:07:30.159(000000000012A7B4):[AMQP0]rpc client 'cf.wechat.rpc' declare repeat!
[W] 17:07:30.160(000000000012A7B4):[AMQP0]rpc client 'cf.app.rpc' declare repeat!
[I] 17:07:30.327(000000000012A7B4):PBEncoder success load file 'E:\product\protocol\sc_system.proto.js'
[I] 17:07:30.375(000000000012A7B4):[AMQP1]created
[I] 17:07:30.376(000000000012A7B4):[AMQP1]declare exchange 'amq.direct'
[I] 17:07:30.377(000000000012A7B4):[AMQP1]declare queue 'cf.wechat.rpc.20023b90a29a11e7aeb499b20e8b71d1'
[I] 17:07:30.377(000000000012A7B4):[RPCC:cf.wechat.rpc]create rpc client 'cf.wechat.rpc' in conn AMQP1
[I] 17:07:30.379(000000000012A7B4):[AMQP2]created
[I] 17:07:30.383(000000000012A7B4):[AMQP0]declare exchange 'amq.direct'
[I] 17:07:30.384(000000000012A7B4):[AMQP0]declare queue 'sc.task.rpc.20034d00a29a11e7aeb499b20e8b71d1'
[I] 17:07:30.384(000000000012A7B4):[RPCC:sc.task.rpc]create rpc client 'sc.task.rpc' in conn AMQP0
[I] 17:07:30.392(000000000012A7B4):PBEncoder success load file 'E:\product\protocol\sc_task.proto.js'
[I] 17:07:30.414(000000000012A7B4):[AMQP0]declare queue 'sr.customer.tag.rpc.2007e0e0a29a11e7aeb499b20e8b71d1'
[I] 17:07:30.414(000000000012A7B4):[RPCC:sr.customer.tag.rpc]create rpc client 'sr.customer.tag.rpc' in conn AMQP0
[I] 17:07:30.415(000000000012A7B4):[AMQP0]declare queue 'sr.customer.point.rpc.200807f0a29a11e7aeb499b20e8b71d1'
[I] 17:07:30.415(000000000012A7B4):[RPCC:sr.customer.point.rpc]create rpc client 'sr.customer.point.rpc' in conn AMQP0
[I] 17:07:30.421(000000000012A7B4):PBEncoder success load file 'E:\product\protocol\sr_customer_point.proto.js'
[I] 17:07:30.427(000000000012A7B4):PBEncoder success load file 'E:\product\protocol\sr_customer_tag.proto.js'
[W] 17:07:30.436(000000000012A7B4):[AMQP0]rpc client 'cf.wechat.rpc' declare repeat!
[I] 17:07:30.437(000000000012A7B4):[AMQP0]declare queue 'sr.customer.coupon_class.rpc.200b6350a29a11e7aeb499b20e8b71d1'
[I] 17:07:30.437(000000000012A7B4):[RPCC:sr.customer.coupon_class.rpc]create rpc client 'sr.customer.coupon_class.rpc' in conn AMQP0
[I] 17:07:30.437(000000000012A7B4):[AMQP0]declare queue 'sr.customer.coupon.rpc.200b6351a29a11e7aeb499b20e8b71d1'
[I] 17:07:30.438(000000000012A7B4):[RPCC:sr.customer.coupon.rpc]create rpc client 'sr.customer.coupon.rpc' in conn AMQP0
[I] 17:07:30.449(000000000012A7B4):PBEncoder success load file 'E:\product\protocol\sr_customer_coupon.proto.js'
[W] 17:07:30.449(000000000012A7B4):[AMQP0]rpc client 'cf.wechat.rpc' declare repeat!
[I] 17:07:30.450(000000000012A7B4):[AMQP0]declare queue 'cf.wxpay.rpc.200d5f20a29a11e7aeb499b20e8b71d1'
[I] 17:07:30.450(000000000012A7B4):[RPCC:cf.wxpay.rpc]create rpc client 'cf.wxpay.rpc' in conn AMQP0
[I] 17:07:30.463(000000000012A7B4):PBEncoder success load file 'E:\product\protocol\cf_wxpay.proto.js'
[W] 17:07:30.464(000000000012A7B4):[AMQP0]rpc client 'sr.customer.point.rpc' declare repeat!
[W] 17:07:30.471(000000000012A7B4):[AMQP0]exchange amq.direct already declare!!
[W] 17:07:30.471(000000000012A7B4):[AMQP0]rpc client 'sr.customer.rpc' declare repeat!
[W] 17:07:30.472(000000000012A7B4):[AMQP0]rpc client 'sr.customer.coupon.rpc' declare repeat!
[W] 17:07:30.472(000000000012A7B4):[AMQP0]rpc client 'cf.wechat.rpc' declare repeat!
[W] 17:07:30.474(000000000012A7B4):[AMQP0]exchange amq.direct already declare!!
[I] 17:07:30.475(000000000012A7B4):[AMQP0]declare queue 'cf.baidu.rpc.20112fb0a29a11e7aeb499b20e8b71d1'
[I] 17:07:30.475(000000000012A7B4):[RPCC:cf.baidu.rpc]create rpc client 'cf.baidu.rpc' in conn AMQP0
[I] 17:07:30.479(000000000012A7B4):PBEncoder success load file 'E:\product\protocol\cf_baidu.proto.js'
[I] 17:07:30.484(000000000012A7B4):[AMQP3]created
[I] 17:07:30.493(000000000012A7B4):[AMQP4]created
[I] 17:07:30.493(000000000012A7B4):[AMQP4]declare exchange 'amq.direct'
[I] 17:07:30.493(000000000012A7B4):[AMQP4]declare queue 'cf.app.rpc.2013eed0a29a11e7aeb499b20e8b71d1'
[I] 17:07:30.494(000000000012A7B4):[RPCC:cf.app.rpc]create rpc client 'cf.app.rpc' in conn AMQP4
[I] 17:07:30.494(000000000012A7B4):[AMQP4]declare queue 'cf.wechat.rpc.201415e0a29a11e7aeb499b20e8b71d1'
[I] 17:07:30.494(000000000012A7B4):[RPCC:cf.wechat.rpc]create rpc client 'cf.wechat.rpc' in conn AMQP4
[I] 17:07:30.494(000000000012A7B4):[AMQP4]declare queue 'cf.rpc.201415e1a29a11e7aeb499b20e8b71d1'
[I] 17:07:30.494(000000000012A7B4):[RPCC:cf.rpc]create rpc client 'cf.rpc' in conn AMQP4
[I] 17:07:30.495(000000000012A7B4):[AMQP4]declare queue 'sc.task.rpc.20143cf0a29a11e7aeb499b20e8b71d1'
[I] 17:07:30.495(000000000012A7B4):[RPCC:sc.task.rpc]create rpc client 'sc.task.rpc' in conn AMQP4
[I] 17:07:30.498(000000000012A7B4):[AMQP5]created
[I] 17:07:30.498(000000000012A7B4):[AMQP5]declare exchange 'amq.direct'
[I] 17:07:30.498(000000000012A7B4):[AMQP5]declare queue 'cf.wechat.rpc.2014b220a29a11e7aeb499b20e8b71d1'
[I] 17:07:30.498(000000000012A7B4):[RPCC:cf.wechat.rpc]create rpc client 'cf.wechat.rpc' in conn AMQP5
[W] 17:07:30.500(000000000012A7B4):[AMQP0]rpc client 'sr.customer.point.rpc' declare repeat!
[I] 17:07:30.502(000000000012A7B4):[AMQP6]created
[I] 17:07:30.503(000000000012A7B4):[AMQP6]declare exchange 'amq.direct'
[I] 17:07:30.503(000000000012A7B4):[AMQP6]declare queue 'cf.wechat.rpc.20157570a29a11e7aeb499b20e8b71d1'
[I] 17:07:30.504(000000000012A7B4):[RPCC:cf.wechat.rpc]create rpc client 'cf.wechat.rpc' in conn AMQP6
[I] 17:07:30.508(000000000012A7B4):[AMQP7]created
[I] 17:07:30.508(000000000012A7B4):[AMQP7]declare exchange 'amq.direct'
[I] 17:07:30.509(000000000012A7B4):[AMQP7]declare queue 'sc.task.rpc.20165fd0a29a11e7aeb499b20e8b71d1'
[I] 17:07:30.509(000000000012A7B4):[RPCC:sc.task.rpc]create rpc client 'sc.task.rpc' in conn AMQP7
[I] 17:07:30.509(000000000012A7B4):[AMQP7]declare queue 'sr.customer.rewardfail.20165fd1a29a11e7aeb499b20e8b71d1'
[I] 17:07:30.509(000000000012A7B4):[RPCC:sr.customer.rewardfail]create rpc client 'sr.customer.rewardfail' in conn AMQP7
[W] 17:07:30.512(000000000012A7B4):[AMQP0]exchange amq.direct already declare!!
[W] 17:07:30.513(000000000012A7B4):[AMQP0]rpc client 'sr.customer.tag.rpc' declare repeat!
[W] 17:07:30.513(000000000012A7B4):[AMQP0]rpc client 'sc.task.rpc' declare repeat!
[W] 17:07:30.515(000000000012A7B4):[AMQP0]exchange amq.direct already declare!!
[I] 17:07:30.515(000000000012A7B4):[AMQP0]declare queue 'sr.trade.rpc.20174a30a29a11e7aeb499b20e8b71d1'
[I] 17:07:30.516(000000000012A7B4):[RPCC:sr.trade.rpc]create rpc client 'sr.trade.rpc' in conn AMQP0
[I] 17:07:30.519(000000000012A7B4):PBEncoder success load file 'E:\product\protocol\sr_trade.proto.js'
[I] 17:07:30.521(000000000012A7B4):[AMQP8]created
[I] 17:07:30.522(000000000012A7B4):[AMQP8]declare exchange 'amq.direct'
[I] 17:07:30.522(000000000012A7B4):[AMQP8]declare queue 'cf.wechat.rpc.20185ba0a29a11e7aeb499b20e8b71d1'
[I] 17:07:30.522(000000000012A7B4):[RPCC:cf.wechat.rpc]create rpc client 'cf.wechat.rpc' in conn AMQP8
[T] 17:07:30.540(000000000012A7B4):Http is running,port is 18910
[I] 17:07:30.545(000000000012A7B4):[redis]redis connect
[I] 17:07:30.558(000000000012A7B4):[redis]redis ready
[I] 17:07:30.559(000000000012A7B4):[MP1]create connection #0
[T] 17:07:30.560(000000000012A7B4):[MP1]getConnection success,getIndex=0
[I] 17:07:30.561(000000000012A7B4):[MP1]create connection #1
[T] 17:07:30.561(000000000012A7B4):[MP1]getConnection success,getIndex=1
[T] 17:07:30.568(000000000012A7B4):[MySQL]Query success,used time:6 ms,sql="select * from cf_account where enabled=1 and function_mask like \"1%\""
[T] 17:07:30.575(000000000012A7B4):[MySQL]Query success,used time:12 ms,sql="SELECT * FROM `sc_org`"
[T] 17:07:30.576(000000000012A7B4):getConnection release,getIndex=0
[T] 17:07:30.576(000000000012A7B4):getConnection release,getIndex=1
[I] 17:07:30.576(000000000012A7B4):[AM]get account list success: [{"innerid":"HEDV35FASG-DGW423A-34TGGW53AAD66","name":"乐逛演示","org_id":"1","shop_id":null,"settlement_id":null,"method_code":1,"method_code_key":"wechat_test3_1","function_mask":"10","config":"{\"accountid\":\"gh_92368265694f\",\"fee_type\":\"CNY\",\"appid\":\"wx39bf9ff3da6fc1e7\",\"appsecret\":\"e00fc51118b318fb99cff35d217865fc\",\"mch_id\":\"1287801701\",\"sub_mch_id\":\"\",\"sign_key\":\"smartpaysmartpaysmartpaysmartpay\",\"key_file\":\"apiclient_key.pem\",\"cert_file\":\"apiclient_cert.pem\",\"pay_authorization_dir\":[\"\",\"\",\"\"],\"pay_native_callback\":\"\",\"pay_finish_notify\":\"1\",\"pay_alarm_notify\":\"\"}","enabled":1,"desc":null},{"innerid":"SE43RG3ASG-34GWW55A-34TG43HER452","name":"短信测试一","org_id":"1","shop_id":null,"settlement_id":null,"method_code":2,"method_code_key":"wechat_test1_2","function_mask":"10","config":"{\"url\" : \"http://211.147.239.62:9050/cgi-bin/sendsms\",\"username\" : \"shopperconnect@smartac\",\"password\" : \"shopCNT@smartc2016\"}","enabled":1,"desc":null},{"innerid":"SMFGSW423GWS-G43HTEHE2-HHEDR5462HS","name":"邮件测试一","org_id":"1","shop_id":null,"settlement_id":null,"method_code":3,"method_code_key":"wechat_test1_3","function_mask":"10","config":"{\"smtpserver\" : \"smtp.163.com\",\"port\": 25,\"username\" : \"zyqtest5@163.com\",\"password\" : \"zyqtest5881119\",\"SSL\":false}","enabled":1,"desc":null}]
[I] 17:07:30.608(000000000012A7B4):[AMQP5]AMQP5 connect 'amqp://guest:guest@172.16.0.81:5672' success!
[I] 17:07:30.612(000000000012A7B4):[AMQP0]AMQP0 connect 'amqp://guest:guest@172.16.0.81:5672' success!
[I] 17:07:30.613(000000000012A7B4):[AMQP1]AMQP1 connect 'amqp://guest:guest@172.16.0.81:5672' success!
[I] 17:07:30.614(000000000012A7B4):[AMQP4]AMQP4 connect 'amqp://guest:guest@172.16.0.81:5672' success!
[I] 17:07:30.615(000000000012A7B4):[AMQP7]AMQP7 connect 'amqp://guest:guest@172.16.0.81:5672' success!
[I] 17:07:30.616(000000000012A7B4):[AMQP6]AMQP6 connect 'amqp://guest:guest@172.16.0.81:5672' success!
[I] 17:07:30.617(000000000012A7B4):[AMQP8]AMQP8 connect 'amqp://guest:guest@172.16.0.81:5672' success!
[I] 17:07:30.626(000000000012A7B4):[AMQP5]success declare exchange 'amq.direct'
[I] 17:07:30.627(000000000012A7B4):[AMQP8]success declare exchange 'amq.direct'
[I] 17:07:30.628(000000000012A7B4):[AMQP1]success declare exchange 'amq.direct'
[I] 17:07:30.630(000000000012A7B4):[AMQP4]success declare exchange 'amq.direct'
[I] 17:07:30.631(000000000012A7B4):[AMQP6]success declare exchange 'amq.direct'
[I] 17:07:30.631(000000000012A7B4):[AMQP7]success declare exchange 'amq.direct'
[I] 17:07:30.633(000000000012A7B4):[AMQP5]success declare queue 'cf.wechat.rpc.2014b220a29a11e7aeb499b20e8b71d1'
[I] 17:07:30.633(000000000012A7B4):[AMQP0]success declare queue 'cf.rpc.1fbe7bd0a29a11e7aeb499b20e8b71d1'
[I] 17:07:30.635(000000000012A7B4):[AMQP5]success consume 'cf.wechat.rpc.2014b220a29a11e7aeb499b20e8b71d1'
[I] 17:07:30.636(000000000012A7B4):[AMQP0]success consume 'cf.rpc.1fbe7bd0a29a11e7aeb499b20e8b71d1'
[I] 17:07:30.636(000000000012A7B4):[AMQP8]success declare queue 'cf.wechat.rpc.20185ba0a29a11e7aeb499b20e8b71d1'
[I] 17:07:30.638(000000000012A7B4):[AMQP1]success declare queue 'cf.wechat.rpc.20023b90a29a11e7aeb499b20e8b71d1'
[I] 17:07:30.638(000000000012A7B4):[AMQP4]success declare queue 'cf.app.rpc.2013eed0a29a11e7aeb499b20e8b71d1'
[I] 17:07:30.639(000000000012A7B4):[AMQP7]success declare queue 'sc.task.rpc.20165fd0a29a11e7aeb499b20e8b71d1'
[I] 17:07:30.639(000000000012A7B4):[AMQP6]success declare queue 'cf.wechat.rpc.20157570a29a11e7aeb499b20e8b71d1'
[I] 17:07:30.640(000000000012A7B4):[AMQP8]success consume 'cf.wechat.rpc.20185ba0a29a11e7aeb499b20e8b71d1'
[I] 17:07:30.641(000000000012A7B4):[AMQP0]success binding 'amq.direct'->'cf.rpc.1fbe7bd0a29a11e7aeb499b20e8b71d1'(cf.rpc.1fbe7bd0a29a11e7aeb499b20e8b71d1)
[I] 17:07:30.641(000000000012A7B4):[AMQP5]success binding 'amq.direct'->'cf.wechat.rpc.2014b220a29a11e7aeb499b20e8b71d1'(cf.wechat.rpc.2014b220a29a11e7aeb499b20e8b71d1)
[I] 17:07:30.641(000000000012A7B4):[AMQP7]success consume 'sc.task.rpc.20165fd0a29a11e7aeb499b20e8b71d1'
[I] 17:07:30.642(000000000012A7B4):[AMQP1]success consume 'cf.wechat.rpc.20023b90a29a11e7aeb499b20e8b71d1'
[I] 17:07:30.642(000000000012A7B4):[AMQP4]success consume 'cf.app.rpc.2013eed0a29a11e7aeb499b20e8b71d1'
[I] 17:07:30.643(000000000012A7B4):[AMQP6]success consume 'cf.wechat.rpc.20157570a29a11e7aeb499b20e8b71d1'
[I] 17:07:30.643(000000000012A7B4):[AMQP8]success binding 'amq.direct'->'cf.wechat.rpc.20185ba0a29a11e7aeb499b20e8b71d1'(cf.wechat.rpc.20185ba0a29a11e7aeb499b20e8b71d1)
[I] 17:07:30.645(000000000012A7B4):[AMQP4]success binding 'amq.direct'->'cf.app.rpc.2013eed0a29a11e7aeb499b20e8b71d1'(cf.app.rpc.2013eed0a29a11e7aeb499b20e8b71d1)
[I] 17:07:30.646(000000000012A7B4):[AMQP7]success binding 'amq.direct'->'sc.task.rpc.20165fd0a29a11e7aeb499b20e8b71d1'(sc.task.rpc.20165fd0a29a11e7aeb499b20e8b71d1)
[I] 17:07:30.647(000000000012A7B4):[AMQP1]success binding 'amq.direct'->'cf.wechat.rpc.20023b90a29a11e7aeb499b20e8b71d1'(cf.wechat.rpc.20023b90a29a11e7aeb499b20e8b71d1)
[I] 17:07:30.648(000000000012A7B4):[AMQP0]success declare queue 'cf.wechat.rpc.1fd0a440a29a11e7aeb499b20e8b71d1'
[I] 17:07:30.648(000000000012A7B4):[AMQP6]success binding 'amq.direct'->'cf.wechat.rpc.20157570a29a11e7aeb499b20e8b71d1'(cf.wechat.rpc.20157570a29a11e7aeb499b20e8b71d1)
[I] 17:07:30.650(000000000012A7B4):[AMQP4]success declare queue 'cf.wechat.rpc.201415e0a29a11e7aeb499b20e8b71d1'
[I] 17:07:30.652(000000000012A7B4):[AMQP0]success consume 'cf.wechat.rpc.1fd0a440a29a11e7aeb499b20e8b71d1'
[I] 17:07:30.653(000000000012A7B4):[AMQP4]success consume 'cf.wechat.rpc.201415e0a29a11e7aeb499b20e8b71d1'
[I] 17:07:30.654(000000000012A7B4):[AMQP7]success declare queue 'sr.customer.rewardfail.20165fd1a29a11e7aeb499b20e8b71d1'
[I] 17:07:30.655(000000000012A7B4):[AMQP7]success consume 'sr.customer.rewardfail.20165fd1a29a11e7aeb499b20e8b71d1'
[I] 17:07:30.656(000000000012A7B4):[AMQP4]success binding 'amq.direct'->'cf.wechat.rpc.201415e0a29a11e7aeb499b20e8b71d1'(cf.wechat.rpc.201415e0a29a11e7aeb499b20e8b71d1)
[I] 17:07:30.656(000000000012A7B4):[AMQP0]success binding 'amq.direct'->'cf.wechat.rpc.1fd0a440a29a11e7aeb499b20e8b71d1'(cf.wechat.rpc.1fd0a440a29a11e7aeb499b20e8b71d1)
[I] 17:07:30.658(000000000012A7B4):[AMQP7]success binding 'amq.direct'->'sr.customer.rewardfail.20165fd1a29a11e7aeb499b20e8b71d1'(sr.customer.rewardfail.20165fd1a29a11e7aeb499b20e8b71d1)
[I] 17:07:30.660(000000000012A7B4):[AMQP4]success declare queue 'cf.rpc.201415e1a29a11e7aeb499b20e8b71d1'
[I] 17:07:30.661(000000000012A7B4):[AMQP0]success declare exchange 'cf.wechat.notify'
[I] 17:07:30.662(000000000012A7B4):[AMQP4]success consume 'cf.rpc.201415e1a29a11e7aeb499b20e8b71d1'
[I] 17:07:30.664(000000000012A7B4):[AMQP4]success binding 'amq.direct'->'cf.rpc.201415e1a29a11e7aeb499b20e8b71d1'(cf.rpc.201415e1a29a11e7aeb499b20e8b71d1)
[I] 17:07:30.666(000000000012A7B4):[AMQP0]success declare queue 'jiaxingwang.sc_admin.wechat.1fd9cc00a29a11e7aeb499b20e8b71d1'
[I] 17:07:30.668(000000000012A7B4):[AMQP0]success consume 'jiaxingwang.sc_admin.wechat.1fd9cc00a29a11e7aeb499b20e8b71d1'
[I] 17:07:30.672(000000000012A7B4):[AMQP4]success declare queue 'sc.task.rpc.20143cf0a29a11e7aeb499b20e8b71d1'
[I] 17:07:30.674(000000000012A7B4):[AMQP0]success binding 'cf.wechat.notify'->'jiaxingwang.sc_admin.wechat.1fd9cc00a29a11e7aeb499b20e8b71d1'(#)
[I] 17:07:30.676(000000000012A7B4):[AMQP4]success consume 'sc.task.rpc.20143cf0a29a11e7aeb499b20e8b71d1'
[I] 17:07:30.680(000000000012A7B4):[AMQP4]success binding 'amq.direct'->'sc.task.rpc.20143cf0a29a11e7aeb499b20e8b71d1'(sc.task.rpc.20143cf0a29a11e7aeb499b20e8b71d1)
[I] 17:07:30.681(000000000012A7B4):[AMQP0]success declare queue 'cf.app.rpc.1fd9cc01a29a11e7aeb499b20e8b71d1'
[I] 17:07:30.684(000000000012A7B4):[AMQP0]success consume 'cf.app.rpc.1fd9cc01a29a11e7aeb499b20e8b71d1'
[I] 17:07:30.687(000000000012A7B4):[AMQP0]success binding 'amq.direct'->'cf.app.rpc.1fd9cc01a29a11e7aeb499b20e8b71d1'(cf.app.rpc.1fd9cc01a29a11e7aeb499b20e8b71d1)
[I] 17:07:30.693(000000000012A7B4):[AMQP0]success declare queue 'cf.alipay.rpc.1fdab660a29a11e7aeb499b20e8b71d1'
[I] 17:07:30.695(000000000012A7B4):[AMQP0]success consume 'cf.alipay.rpc.1fdab660a29a11e7aeb499b20e8b71d1'
[I] 17:07:30.700(000000000012A7B4):[AMQP0]success binding 'amq.direct'->'cf.alipay.rpc.1fdab660a29a11e7aeb499b20e8b71d1'(cf.alipay.rpc.1fdab660a29a11e7aeb499b20e8b71d1)
[I] 17:07:30.704(000000000012A7B4):[AMQP0]success declare queue 'cf.ding.rpc.1fdbeee0a29a11e7aeb499b20e8b71d1'
[I] 17:07:30.706(000000000012A7B4):[AMQP0]success consume 'cf.ding.rpc.1fdbeee0a29a11e7aeb499b20e8b71d1'
[I] 17:07:30.709(000000000012A7B4):[AMQP0]success binding 'amq.direct'->'cf.ding.rpc.1fdbeee0a29a11e7aeb499b20e8b71d1'(cf.ding.rpc.1fdbeee0a29a11e7aeb499b20e8b71d1)
[I] 17:07:30.711(000000000012A7B4):[AMQP0]success declare exchange 'cf.ding.notify'
[I] 17:07:30.714(000000000012A7B4):[AMQP0]success declare queue 'jiaxingwang.sc_admin.ding.1fde38d0a29a11e7aeb499b20e8b71d1'
[I] 17:07:30.717(000000000012A7B4):[AMQP0]success consume 'jiaxingwang.sc_admin.ding.1fde38d0a29a11e7aeb499b20e8b71d1'
[I] 17:07:30.721(000000000012A7B4):[AMQP0]success binding 'cf.ding.notify'->'jiaxingwang.sc_admin.ding.1fde38d0a29a11e7aeb499b20e8b71d1'(#)
[I] 17:07:30.725(000000000012A7B4):[AMQP0]success declare queue 'sr.customer.rpc.1fdf9860a29a11e7aeb499b20e8b71d1'
[I] 17:07:30.728(000000000012A7B4):[AMQP0]success consume 'sr.customer.rpc.1fdf9860a29a11e7aeb499b20e8b71d1'
[I] 17:07:30.732(000000000012A7B4):[AMQP0]success binding 'amq.direct'->'sr.customer.rpc.1fdf9860a29a11e7aeb499b20e8b71d1'(sr.customer.rpc.1fdf9860a29a11e7aeb499b20e8b71d1)
[I] 17:07:30.735(000000000012A7B4):[AMQP0]success declare exchange 'amq.direct'
[I] 17:07:30.739(000000000012A7B4):[AMQP0]success declare queue 'sc.task.rpc.20034d00a29a11e7aeb499b20e8b71d1'
[I] 17:07:30.741(000000000012A7B4):[AMQP0]success consume 'sc.task.rpc.20034d00a29a11e7aeb499b20e8b71d1'
[I] 17:07:30.744(000000000012A7B4):[AMQP0]success binding 'amq.direct'->'sc.task.rpc.20034d00a29a11e7aeb499b20e8b71d1'(sc.task.rpc.20034d00a29a11e7aeb499b20e8b71d1)
[I] 17:07:30.749(000000000012A7B4):[AMQP0]success declare queue 'sr.customer.tag.rpc.2007e0e0a29a11e7aeb499b20e8b71d1'
[I] 17:07:30.752(000000000012A7B4):[AMQP0]success consume 'sr.customer.tag.rpc.2007e0e0a29a11e7aeb499b20e8b71d1'
[I] 17:07:30.754(000000000012A7B4):[AMQP0]success binding 'amq.direct'->'sr.customer.tag.rpc.2007e0e0a29a11e7aeb499b20e8b71d1'(sr.customer.tag.rpc.2007e0e0a29a11e7aeb499b20e8b71d1)
[I] 17:07:30.757(000000000012A7B4):[AMQP0]success declare queue 'sr.customer.point.rpc.200807f0a29a11e7aeb499b20e8b71d1'
[I] 17:07:30.762(000000000012A7B4):[AMQP0]success consume 'sr.customer.point.rpc.200807f0a29a11e7aeb499b20e8b71d1'
[I] 17:07:30.767(000000000012A7B4):[AMQP0]success binding 'amq.direct'->'sr.customer.point.rpc.200807f0a29a11e7aeb499b20e8b71d1'(sr.customer.point.rpc.200807f0a29a11e7aeb499b20e8b71d1)
[I] 17:07:30.771(000000000012A7B4):[AMQP0]success declare queue 'sr.customer.coupon_class.rpc.200b6350a29a11e7aeb499b20e8b71d1'
[I] 17:07:30.773(000000000012A7B4):[AMQP0]success consume 'sr.customer.coupon_class.rpc.200b6350a29a11e7aeb499b20e8b71d1'
[I] 17:07:30.778(000000000012A7B4):[AMQP0]success binding 'amq.direct'->'sr.customer.coupon_class.rpc.200b6350a29a11e7aeb499b20e8b71d1'(sr.customer.coupon_class.rpc.200b6350a29a11e7aeb499b20e8b71d1)
[I] 17:07:30.784(000000000012A7B4):[AMQP0]success declare queue 'sr.customer.coupon.rpc.200b6351a29a11e7aeb499b20e8b71d1'
[I] 17:07:30.790(000000000012A7B4):[AMQP0]success consume 'sr.customer.coupon.rpc.200b6351a29a11e7aeb499b20e8b71d1'
[I] 17:07:30.795(000000000012A7B4):[AMQP0]success binding 'amq.direct'->'sr.customer.coupon.rpc.200b6351a29a11e7aeb499b20e8b71d1'(sr.customer.coupon.rpc.200b6351a29a11e7aeb499b20e8b71d1)
[I] 17:07:30.802(000000000012A7B4):[AMQP0]success declare queue 'cf.wxpay.rpc.200d5f20a29a11e7aeb499b20e8b71d1'
[I] 17:07:30.806(000000000012A7B4):[AMQP0]success consume 'cf.wxpay.rpc.200d5f20a29a11e7aeb499b20e8b71d1'
[I] 17:07:30.812(000000000012A7B4):[AMQP0]success binding 'amq.direct'->'cf.wxpay.rpc.200d5f20a29a11e7aeb499b20e8b71d1'(cf.wxpay.rpc.200d5f20a29a11e7aeb499b20e8b71d1)
[I] 17:07:30.820(000000000012A7B4):[AMQP0]success declare queue 'cf.baidu.rpc.20112fb0a29a11e7aeb499b20e8b71d1'
[I] 17:07:30.825(000000000012A7B4):[AMQP0]success consume 'cf.baidu.rpc.20112fb0a29a11e7aeb499b20e8b71d1'
[I] 17:07:30.829(000000000012A7B4):[AMQP0]success binding 'amq.direct'->'cf.baidu.rpc.20112fb0a29a11e7aeb499b20e8b71d1'(cf.baidu.rpc.20112fb0a29a11e7aeb499b20e8b71d1)
[I] 17:07:30.834(000000000012A7B4):[AMQP0]success declare queue 'sr.trade.rpc.20174a30a29a11e7aeb499b20e8b71d1'
[I] 17:07:30.836(000000000012A7B4):[AMQP0]success consume 'sr.trade.rpc.20174a30a29a11e7aeb499b20e8b71d1'
[I] 17:07:30.843(000000000012A7B4):[AMQP0]success binding 'amq.direct'->'sr.trade.rpc.20174a30a29a11e7aeb499b20e8b71d1'(sr.trade.rpc.20174a30a29a11e7aeb499b20e8b71d1)
[I] 17:07:38.589(000000000012A7B4):login param :{"name":"admin","password":"21232f297a57a5a743894a0e4a801fc3"}
[T] 17:07:38.591(000000000012A7B4):[MP1]getConnection success,getIndex=2
[T] 17:07:38.616(000000000012A7B4):[MySQL]Query success,used time:25 ms,sql="SELECT `innerid`,`type`,`bindid`,`role_id`,`userid`,`name`,`language`,`profile_photo`,`birthday`,`position`,`mobile`,`gender`,`email`,`qq`,`weibo`,`wechat`,         `facebook`,`remark` FROM sc_user WHERE isdeleted = '0' AND userid = 'admin' AND `password` = '21232f297a57a5a743894a0e4a801fc3';"
[T] 17:07:38.617(000000000012A7B4):getConnection release,getIndex=2
[I] 17:07:38.617(000000000012A7B4):no user info!
[I] 17:08:11.489(000000000012A7B4):login param :{"name":"admin","password":"55c4d8f27092ba9bbef932e82f56e9eb"}
[T] 17:08:11.491(000000000012A7B4):[MP1]getConnection success,getIndex=3
[T] 17:08:11.493(000000000012A7B4):[MySQL]Query success,used time:2 ms,sql="SELECT `innerid`,`type`,`bindid`,`role_id`,`userid`,`name`,`language`,`profile_photo`,`birthday`,`position`,`mobile`,`gender`,`email`,`qq`,`weibo`,`wechat`,         `facebook`,`remark` FROM sc_user WHERE isdeleted = '0' AND userid = 'admin' AND `password` = '55c4d8f27092ba9bbef932e82f56e9eb';"
[T] 17:08:11.494(000000000012A7B4):getConnection release,getIndex=3
[I] 17:08:11.495(000000000012A7B4):no user info!
[I] 17:08:23.773(000000000012A7B4):login param :{"name":"admin","password":"e10adc3949ba59abbe56e057f20f883e"}
[T] 17:08:23.775(000000000012A7B4):[MP1]getConnection success,getIndex=4
[T] 17:08:23.776(000000000012A7B4):[MySQL]Query success,used time:1 ms,sql="SELECT `innerid`,`type`,`bindid`,`role_id`,`userid`,`name`,`language`,`profile_photo`,`birthday`,`position`,`mobile`,`gender`,`email`,`qq`,`weibo`,`wechat`,         `facebook`,`remark` FROM sc_user WHERE isdeleted = '0' AND userid = 'admin' AND `password` = 'e10adc3949ba59abbe56e057f20f883e';"
[T] 17:08:23.776(000000000012A7B4):getConnection release,getIndex=4
[I] 17:08:23.777(000000000012A7B4):no user info!
[I] 17:08:27.276(000000000012A7B4):login param :{"name":"admin","password":"21232f297a57a5a743894a0e4a801fc3"}
[T] 17:08:27.277(000000000012A7B4):[MP1]getConnection success,getIndex=5
[T] 17:08:27.278(000000000012A7B4):[MySQL]Query success,used time:1 ms,sql="SELECT `innerid`,`type`,`bindid`,`role_id`,`userid`,`name`,`language`,`profile_photo`,`birthday`,`position`,`mobile`,`gender`,`email`,`qq`,`weibo`,`wechat`,         `facebook`,`remark` FROM sc_user WHERE isdeleted = '0' AND userid = 'admin' AND `password` = '21232f297a57a5a743894a0e4a801fc3';"
[T] 17:08:27.279(000000000012A7B4):getConnection release,getIndex=5
[I] 17:08:27.280(000000000012A7B4):no user info!
[W] 17:09:52.361(0000000000129E3C):recv 'Ctrl+C' break sign!next exit!
[D] 17:09:52.366(0000000000129E3C):worker process log socket error!err=Error: read ECONNRESET
    at exports._errnoException (util.js:890:11)
    at TCP.onread (net.js:550:26)
[D] 17:09:52.367(0000000000129E3C):worker process log socket close!
[D] 17:09:52.368(0000000000129E3C):worker process log socket error!err=Error: read ECONNRESET
    at exports._errnoException (util.js:890:11)
    at TCP.onread (net.js:550:26)
[D] 17:09:52.369(0000000000129E3C):worker process log socket close!
[W] 17:09:52.373(0000000000129E3C):worker 12C918(1#) died.
[D] 17:09:52.374(0000000000129E3C):worker process log socket error!err=Error: read ECONNRESET
    at exports._errnoException (util.js:890:11)
    at TCP.onread (net.js:550:26)
[D] 17:09:52.374(0000000000129E3C):worker process log socket close!
[W] 17:09:52.376(0000000000129E3C):worker 12A7B4(2#) died.
[W] 17:09:52.380(0000000000129E3C):worker 129C80(0#) died.
[W] 17:09:52.600(0000000000129E3C):try restart worker 0# ...
[I] 17:09:52.635(0000000000129E3C):start worker success,pid=12DF54(0#)
[W] 17:09:53.671(0000000000129E3C):try restart worker 1# ...
[I] 17:09:53.678(0000000000129E3C):start worker success,pid=12DC88(1#)
[D] 17:09:53.932(0000000000129E3C):worker process log socket connected!
[D] 17:09:53.736(000000000012DF54):worker 0# ready to connect master log socket server, port=43391
[D] 17:09:53.934(000000000012DF54):worker 0# log socket connected!
