[D] 13:27:51.844(000000000016A1F8):master log socket server started! host=::, port=4613
[I] 13:27:51.853(000000000016A1F8):master log channel started!port=4613
[I] 13:27:51.921(000000000016A1F8):[AMQP0]created
[I] 13:27:51.927(000000000016A1F8):[AMQP0]declare exchange 'sc.system'
[I] 13:27:51.928(000000000016A1F8):[AMQP0]declare queue 'jiaxingwang.sc_admin.system.710a7f80a27b11e7931a0b0a87f615de'
[I] 13:27:52.027(000000000016A1F8):PBEncoder success load file 'E:\product\protocol\sc_system.proto.js'
[W] 13:27:52.854(000000000016A1F8):try restart worker 0# ...
[I] 13:27:52.864(000000000016A1F8):start worker success,pid=16ED24(0#)
[D] 13:27:53.552(000000000016A1F8):worker process log socket connected!
[D] 13:27:53.544(000000000016ED24):worker 0# ready to connect master log socket server, port=4613
[D] 13:27:53.553(000000000016ED24):worker 0# log socket connected!
[W] 13:27:53.876(000000000016A1F8):try restart worker 1# ...
[I] 13:27:53.881(000000000016A1F8):start worker success,pid=1620FC(1#)
[I] 13:27:54.062(000000000016ED24):[AMQP0]created
[I] 13:27:54.071(000000000016ED24):[AMQP0]declare queue 'cf.rpc.72515760a27b11e79265138dff1c7d50'
[I] 13:27:54.072(000000000016ED24):[RPCC:cf.rpc]create rpc client 'cf.rpc' in conn AMQP0
[I] 13:27:54.183(000000000016ED24):PBEncoder success load file 'E:\product\protocol\cf.proto.js'
[I] 13:27:54.184(000000000016ED24):[AMQP0]declare queue 'cf.wechat.rpc.72629570a27b11e79265138dff1c7d50'
[I] 13:27:54.184(000000000016ED24):[RPCC:cf.wechat.rpc]create rpc client 'cf.wechat.rpc' in conn AMQP0
[I] 13:27:54.235(000000000016ED24):PBEncoder success load file 'E:\product\protocol\cf_wechat.proto.js'
[I] 13:27:54.235(000000000016ED24):[AMQP0]declare exchange 'cf.wechat.notify'
[I] 13:27:54.235(000000000016ED24):[AMQP0]declare queue 'jiaxingwang.sc_admin.wechat.726a84b0a27b11e79265138dff1c7d50'
[I] 13:27:54.236(000000000016ED24):[AMQP0]declare queue 'cf.app.rpc.726aabc0a27b11e79265138dff1c7d50'
[I] 13:27:54.236(000000000016ED24):[RPCC:cf.app.rpc]create rpc client 'cf.app.rpc' in conn AMQP0
[I] 13:27:54.242(000000000016ED24):PBEncoder success load file 'E:\product\protocol\cf_app.proto.js'
[I] 13:27:54.242(000000000016ED24):[AMQP0]declare queue 'cf.alipay.rpc.726b9620a27b11e79265138dff1c7d50'
[I] 13:27:54.242(000000000016ED24):[RPCC:cf.alipay.rpc]create rpc client 'cf.alipay.rpc' in conn AMQP0
[I] 13:27:54.260(000000000016ED24):PBEncoder success load file 'E:\product\protocol\cf_alipay.proto.js'
[I] 13:27:54.261(000000000016ED24):[AMQP0]declare queue 'cf.ding.rpc.726e7c50a27b11e79265138dff1c7d50'
[I] 13:27:54.261(000000000016ED24):[RPCC:cf.ding.rpc]create rpc client 'cf.ding.rpc' in conn AMQP0
[I] 13:27:54.271(000000000016ED24):PBEncoder success load file 'E:\product\protocol\cf_ding.proto.js'
[I] 13:27:54.272(000000000016ED24):[AMQP0]declare exchange 'cf.ding.notify'
[I] 13:27:54.272(000000000016ED24):[AMQP0]declare queue 'jiaxingwang.sc_admin.ding.72702a00a27b11e79265138dff1c7d50'
[I] 13:27:54.272(000000000016ED24):[AM]init and reload account!
[I] 13:27:54.291(000000000016ED24):[AM]reload account success, account number is: 0
[I] 13:27:54.294(000000000016ED24):[AMQP0]declare queue 'sr.customer.rpc.72738560a27b11e79265138dff1c7d50'
[I] 13:27:54.295(000000000016ED24):[RPCC:sr.customer.rpc]create rpc client 'sr.customer.rpc' in conn AMQP0
[I] 13:27:54.304(000000000016ED24):PBEncoder success load file 'E:\product\protocol\sr_customer.proto.js'
[W] 13:27:54.305(000000000016ED24):[AMQP0]rpc client 'cf.rpc' declare repeat!
[W] 13:27:54.305(000000000016ED24):[AMQP0]rpc client 'cf.wechat.rpc' declare repeat!
[W] 13:27:54.306(000000000016ED24):[AMQP0]rpc client 'cf.app.rpc' declare repeat!
[I] 13:27:54.310(000000000016ED24):[AMQP0]declare exchange 'sc.system'
[I] 13:27:54.311(000000000016ED24):[AMQP0]declare queue 'jiaxingwang.sc_admin.system.72761d70a27b11e79265138dff1c7d50'
[I] 13:27:54.315(000000000016ED24):PBEncoder success load file 'E:\product\protocol\sc_system.proto.js'
[I] 13:27:54.509(000000000016ED24):[AMQP1]created
[I] 13:27:54.510(000000000016ED24):[AMQP1]declare exchange 'amq.direct'
[I] 13:27:54.510(000000000016ED24):[AMQP1]declare queue 'cf.wechat.rpc.72947ae0a27b11e79265138dff1c7d50'
[I] 13:27:54.510(000000000016ED24):[RPCC:cf.wechat.rpc]create rpc client 'cf.wechat.rpc' in conn AMQP1
[I] 13:27:54.512(000000000016ED24):[AMQP2]created
[I] 13:27:54.515(000000000016ED24):[AMQP0]declare exchange 'amq.direct'
[I] 13:27:54.516(000000000016ED24):[AMQP0]declare queue 'sc.task.rpc.72956540a27b11e79265138dff1c7d50'
[I] 13:27:54.516(000000000016ED24):[RPCC:sc.task.rpc]create rpc client 'sc.task.rpc' in conn AMQP0
[I] 13:27:54.527(000000000016ED24):PBEncoder success load file 'E:\product\protocol\sc_task.proto.js'
[I] 13:27:54.548(000000000016ED24):[AMQP0]declare queue 'sr.customer.tag.rpc.729a4740a27b11e79265138dff1c7d50'
[I] 13:27:54.548(000000000016ED24):[RPCC:sr.customer.tag.rpc]create rpc client 'sr.customer.tag.rpc' in conn AMQP0
[I] 13:27:54.550(000000000016ED24):[AMQP0]declare queue 'sr.customer.point.rpc.729a9560a27b11e79265138dff1c7d50'
[I] 13:27:54.550(000000000016ED24):[RPCC:sr.customer.point.rpc]create rpc client 'sr.customer.point.rpc' in conn AMQP0
[I] 13:27:54.563(000000000016ED24):PBEncoder success load file 'E:\product\protocol\sr_customer_point.proto.js'
[I] 13:27:54.569(000000000016ED24):PBEncoder success load file 'E:\product\protocol\sr_customer_tag.proto.js'
[W] 13:27:54.578(000000000016ED24):[AMQP0]rpc client 'cf.wechat.rpc' declare repeat!
[D] 13:27:54.579(000000000016A1F8):worker process log socket connected!
[I] 13:27:54.578(000000000016ED24):[AMQP0]declare queue 'sr.customer.coupon_class.rpc.729edb20a27b11e79265138dff1c7d50'
[I] 13:27:54.579(000000000016ED24):[RPCC:sr.customer.coupon_class.rpc]create rpc client 'sr.customer.coupon_class.rpc' in conn AMQP0
[I] 13:27:54.579(000000000016ED24):[AMQP0]declare queue 'sr.customer.coupon.rpc.729f0230a27b11e79265138dff1c7d50'
[I] 13:27:54.579(000000000016ED24):[RPCC:sr.customer.coupon.rpc]create rpc client 'sr.customer.coupon.rpc' in conn AMQP0
[D] 13:27:54.571(00000000001620FC):worker 1# ready to connect master log socket server, port=4613
[D] 13:27:54.580(00000000001620FC):worker 1# log socket connected!
[I] 13:27:54.592(000000000016ED24):PBEncoder success load file 'E:\product\protocol\sr_customer_coupon.proto.js'
[W] 13:27:54.593(000000000016ED24):[AMQP0]rpc client 'cf.wechat.rpc' declare repeat!
[I] 13:27:54.594(000000000016ED24):[AMQP0]declare queue 'cf.wxpay.rpc.72a12510a27b11e79265138dff1c7d50'
[I] 13:27:54.594(000000000016ED24):[RPCC:cf.wxpay.rpc]create rpc client 'cf.wxpay.rpc' in conn AMQP0
[I] 13:27:54.609(000000000016ED24):PBEncoder success load file 'E:\product\protocol\cf_wxpay.proto.js'
[W] 13:27:54.609(000000000016ED24):[AMQP0]rpc client 'sr.customer.point.rpc' declare repeat!
[W] 13:27:54.616(000000000016ED24):[AMQP0]exchange amq.direct already declare!!
[W] 13:27:54.616(000000000016ED24):[AMQP0]rpc client 'sr.customer.rpc' declare repeat!
[W] 13:27:54.616(000000000016ED24):[AMQP0]rpc client 'sr.customer.coupon.rpc' declare repeat!
[W] 13:27:54.616(000000000016ED24):[AMQP0]rpc client 'cf.wechat.rpc' declare repeat!
[W] 13:27:54.619(000000000016ED24):[AMQP0]exchange amq.direct already declare!!
[I] 13:27:54.619(000000000016ED24):[AMQP0]declare queue 'cf.baidu.rpc.72a51cb0a27b11e79265138dff1c7d50'
[I] 13:27:54.619(000000000016ED24):[RPCC:cf.baidu.rpc]create rpc client 'cf.baidu.rpc' in conn AMQP0
[I] 13:27:54.625(000000000016ED24):PBEncoder success load file 'E:\product\protocol\cf_baidu.proto.js'
[I] 13:27:54.630(000000000016ED24):[AMQP3]created
[I] 13:27:54.636(000000000016ED24):[AMQP4]created
[I] 13:27:54.637(000000000016ED24):[AMQP4]declare exchange 'amq.direct'
[I] 13:27:54.637(000000000016ED24):[AMQP4]declare queue 'cf.app.rpc.72a7dbd0a27b11e79265138dff1c7d50'
[I] 13:27:54.638(000000000016ED24):[RPCC:cf.app.rpc]create rpc client 'cf.app.rpc' in conn AMQP4
[I] 13:27:54.638(000000000016ED24):[AMQP4]declare queue 'cf.wechat.rpc.72a802e0a27b11e79265138dff1c7d50'
[I] 13:27:54.638(000000000016ED24):[RPCC:cf.wechat.rpc]create rpc client 'cf.wechat.rpc' in conn AMQP4
[I] 13:27:54.638(000000000016ED24):[AMQP4]declare queue 'cf.rpc.72a802e1a27b11e79265138dff1c7d50'
[I] 13:27:54.638(000000000016ED24):[RPCC:cf.rpc]create rpc client 'cf.rpc' in conn AMQP4
[I] 13:27:54.639(000000000016ED24):[AMQP4]declare queue 'sc.task.rpc.72a829f0a27b11e79265138dff1c7d50'
[I] 13:27:54.639(000000000016ED24):[RPCC:sc.task.rpc]create rpc client 'sc.task.rpc' in conn AMQP4
[I] 13:27:54.642(000000000016ED24):[AMQP5]created
[I] 13:27:54.643(000000000016ED24):[AMQP5]declare exchange 'amq.direct'
[I] 13:27:54.643(000000000016ED24):[AMQP5]declare queue 'cf.wechat.rpc.72a8c630a27b11e79265138dff1c7d50'
[I] 13:27:54.643(000000000016ED24):[RPCC:cf.wechat.rpc]create rpc client 'cf.wechat.rpc' in conn AMQP5
[W] 13:27:54.645(000000000016ED24):[AMQP0]rpc client 'sr.customer.point.rpc' declare repeat!
[I] 13:27:54.647(000000000016ED24):[AMQP6]created
[I] 13:27:54.648(000000000016ED24):[AMQP6]declare exchange 'amq.direct'
[I] 13:27:54.648(000000000016ED24):[AMQP6]declare queue 'cf.wechat.rpc.72a98980a27b11e79265138dff1c7d50'
[I] 13:27:54.649(000000000016ED24):[RPCC:cf.wechat.rpc]create rpc client 'cf.wechat.rpc' in conn AMQP6
[I] 13:27:54.653(000000000016ED24):[AMQP7]created
[I] 13:27:54.653(000000000016ED24):[AMQP7]declare exchange 'amq.direct'
[I] 13:27:54.654(000000000016ED24):[AMQP7]declare queue 'sc.task.rpc.72aa4cd0a27b11e79265138dff1c7d50'
[I] 13:27:54.654(000000000016ED24):[RPCC:sc.task.rpc]create rpc client 'sc.task.rpc' in conn AMQP7
[I] 13:27:54.654(000000000016ED24):[AMQP7]declare queue 'sr.customer.rewardfail.72aa73e0a27b11e79265138dff1c7d50'
[I] 13:27:54.654(000000000016ED24):[RPCC:sr.customer.rewardfail]create rpc client 'sr.customer.rewardfail' in conn AMQP7
[W] 13:27:54.657(000000000016ED24):[AMQP0]exchange amq.direct already declare!!
[W] 13:27:54.658(000000000016ED24):[AMQP0]rpc client 'sr.customer.tag.rpc' declare repeat!
[W] 13:27:54.658(000000000016ED24):[AMQP0]rpc client 'sc.task.rpc' declare repeat!
[W] 13:27:54.661(000000000016ED24):[AMQP0]exchange amq.direct already declare!!
[I] 13:27:54.661(000000000016ED24):[AMQP0]declare queue 'sr.trade.rpc.72ab8550a27b11e79265138dff1c7d50'
[I] 13:27:54.661(000000000016ED24):[RPCC:sr.trade.rpc]create rpc client 'sr.trade.rpc' in conn AMQP0
[I] 13:27:54.665(000000000016ED24):PBEncoder success load file 'E:\product\protocol\sr_trade.proto.js'
[I] 13:27:54.667(000000000016ED24):[AMQP8]created
[I] 13:27:54.668(000000000016ED24):[AMQP8]declare exchange 'amq.direct'
[I] 13:27:54.668(000000000016ED24):[AMQP8]declare queue 'cf.wechat.rpc.72ac96c0a27b11e79265138dff1c7d50'
[I] 13:27:54.668(000000000016ED24):[RPCC:cf.wechat.rpc]create rpc client 'cf.wechat.rpc' in conn AMQP8
[T] 13:27:54.687(000000000016ED24):Http is running,port is 18910
[W] 13:27:54.887(000000000016A1F8):try restart worker 2# ...
[I] 13:27:54.892(000000000016A1F8):start worker success,pid=16C1C8(2#)
[I] 13:27:55.095(00000000001620FC):[AMQP0]created
[I] 13:27:55.104(00000000001620FC):[AMQP0]declare queue 'cf.rpc.72eef6f0a27b11e7925c0f18425db9a6'
[I] 13:27:55.105(00000000001620FC):[RPCC:cf.rpc]create rpc client 'cf.rpc' in conn AMQP0
[I] 13:27:55.211(00000000001620FC):PBEncoder success load file 'E:\product\protocol\cf.proto.js'
[I] 13:27:55.212(00000000001620FC):[AMQP0]declare queue 'cf.wechat.rpc.72ff71b0a27b11e7925c0f18425db9a6'
[I] 13:27:55.212(00000000001620FC):[RPCC:cf.wechat.rpc]create rpc client 'cf.wechat.rpc' in conn AMQP0
[I] 13:27:55.294(00000000001620FC):PBEncoder success load file 'E:\product\protocol\cf_wechat.proto.js'
[I] 13:27:55.294(00000000001620FC):[AMQP0]declare exchange 'cf.wechat.notify'
[I] 13:27:55.295(00000000001620FC):[AMQP0]declare queue 'jiaxingwang.sc_admin.wechat.730c42f0a27b11e7925c0f18425db9a6'
[I] 13:27:55.295(00000000001620FC):[AMQP0]declare queue 'cf.app.rpc.730c42f1a27b11e7925c0f18425db9a6'
[I] 13:27:55.295(00000000001620FC):[RPCC:cf.app.rpc]create rpc client 'cf.app.rpc' in conn AMQP0
[I] 13:27:55.304(00000000001620FC):PBEncoder success load file 'E:\product\protocol\cf_app.proto.js'
[I] 13:27:55.304(00000000001620FC):[AMQP0]declare queue 'cf.alipay.rpc.730da280a27b11e7925c0f18425db9a6'
[I] 13:27:55.305(00000000001620FC):[RPCC:cf.alipay.rpc]create rpc client 'cf.alipay.rpc' in conn AMQP0
[I] 13:27:55.312(00000000001620FC):PBEncoder success load file 'E:\product\protocol\cf_alipay.proto.js'
[I] 13:27:55.313(00000000001620FC):[AMQP0]declare queue 'cf.ding.rpc.730f0210a27b11e7925c0f18425db9a6'
[I] 13:27:55.313(00000000001620FC):[RPCC:cf.ding.rpc]create rpc client 'cf.ding.rpc' in conn AMQP0
[I] 13:27:55.325(00000000001620FC):PBEncoder success load file 'E:\product\protocol\cf_ding.proto.js'
[I] 13:27:55.325(00000000001620FC):[AMQP0]declare exchange 'cf.ding.notify'
[I] 13:27:55.325(00000000001620FC):[AMQP0]declare queue 'jiaxingwang.sc_admin.ding.7310d6d0a27b11e7925c0f18425db9a6'
[I] 13:27:55.326(00000000001620FC):[AM]init and reload account!
[I] 13:27:55.332(00000000001620FC):[AM]reload account success, account number is: 0
[I] 13:27:55.335(00000000001620FC):[AMQP0]declare queue 'sr.customer.rpc.73125d70a27b11e7925c0f18425db9a6'
[I] 13:27:55.336(00000000001620FC):[RPCC:sr.customer.rpc]create rpc client 'sr.customer.rpc' in conn AMQP0
[I] 13:27:55.344(00000000001620FC):PBEncoder success load file 'E:\product\protocol\sr_customer.proto.js'
[W] 13:27:55.344(00000000001620FC):[AMQP0]rpc client 'cf.rpc' declare repeat!
[W] 13:27:55.345(00000000001620FC):[AMQP0]rpc client 'cf.wechat.rpc' declare repeat!
[W] 13:27:55.345(00000000001620FC):[AMQP0]rpc client 'cf.app.rpc' declare repeat!
[I] 13:27:55.349(00000000001620FC):[AMQP0]declare exchange 'sc.system'
[I] 13:27:55.349(00000000001620FC):[AMQP0]declare queue 'jiaxingwang.sc_admin.system.73148050a27b11e7925c0f18425db9a6'
[I] 13:27:55.353(00000000001620FC):PBEncoder success load file 'E:\product\protocol\sc_system.proto.js'
[I] 13:27:55.545(00000000001620FC):[AMQP1]created
[I] 13:27:55.545(00000000001620FC):[AMQP1]declare exchange 'amq.direct'
[I] 13:27:55.546(00000000001620FC):[AMQP1]declare queue 'cf.wechat.rpc.73328fa0a27b11e7925c0f18425db9a6'
[I] 13:27:55.546(00000000001620FC):[RPCC:cf.wechat.rpc]create rpc client 'cf.wechat.rpc' in conn AMQP1
[I] 13:27:55.547(00000000001620FC):[AMQP2]created
[I] 13:27:55.551(00000000001620FC):[AMQP0]declare exchange 'amq.direct'
[I] 13:27:55.552(00000000001620FC):[AMQP0]declare queue 'sc.task.rpc.73337a00a27b11e7925c0f18425db9a6'
[I] 13:27:55.552(00000000001620FC):[RPCC:sc.task.rpc]create rpc client 'sc.task.rpc' in conn AMQP0
[I] 13:27:55.566(00000000001620FC):PBEncoder success load file 'E:\product\protocol\sc_task.proto.js'
[I] 13:27:55.587(00000000001620FC):[AMQP0]declare queue 'sr.customer.tag.rpc.7338aa20a27b11e7925c0f18425db9a6'
[I] 13:27:55.587(00000000001620FC):[RPCC:sr.customer.tag.rpc]create rpc client 'sr.customer.tag.rpc' in conn AMQP0
[I] 13:27:55.590(00000000001620FC):[AMQP0]declare queue 'sr.customer.point.rpc.73394660a27b11e7925c0f18425db9a6'
[I] 13:27:55.590(00000000001620FC):[RPCC:sr.customer.point.rpc]create rpc client 'sr.customer.point.rpc' in conn AMQP0
[I] 13:27:55.596(00000000001620FC):PBEncoder success load file 'E:\product\protocol\sr_customer_point.proto.js'
[I] 13:27:55.604(00000000001620FC):PBEncoder success load file 'E:\product\protocol\sr_customer_tag.proto.js'
[D] 13:27:55.610(000000000016A1F8):worker process log socket connected!
[D] 13:27:55.602(000000000016C1C8):worker 2# ready to connect master log socket server, port=4613
[D] 13:27:55.611(000000000016C1C8):worker 2# log socket connected!
[W] 13:27:55.613(00000000001620FC):[AMQP0]rpc client 'cf.wechat.rpc' declare repeat!
[I] 13:27:55.613(00000000001620FC):[AMQP0]declare queue 'sr.customer.coupon_class.rpc.733cc8d0a27b11e7925c0f18425db9a6'
[I] 13:27:55.614(00000000001620FC):[RPCC:sr.customer.coupon_class.rpc]create rpc client 'sr.customer.coupon_class.rpc' in conn AMQP0
[I] 13:27:55.614(00000000001620FC):[AMQP0]declare queue 'sr.customer.coupon.rpc.733cefe0a27b11e7925c0f18425db9a6'
[I] 13:27:55.615(00000000001620FC):[RPCC:sr.customer.coupon.rpc]create rpc client 'sr.customer.coupon.rpc' in conn AMQP0
[I] 13:27:55.625(00000000001620FC):PBEncoder success load file 'E:\product\protocol\sr_customer_coupon.proto.js'
[W] 13:27:55.625(00000000001620FC):[AMQP0]rpc client 'cf.wechat.rpc' declare repeat!
[I] 13:27:55.626(00000000001620FC):[AMQP0]declare queue 'cf.wxpay.rpc.733e9d90a27b11e7925c0f18425db9a6'
[I] 13:27:55.626(00000000001620FC):[RPCC:cf.wxpay.rpc]create rpc client 'cf.wxpay.rpc' in conn AMQP0
[I] 13:27:55.640(00000000001620FC):PBEncoder success load file 'E:\product\protocol\cf_wxpay.proto.js'
[W] 13:27:55.641(00000000001620FC):[AMQP0]rpc client 'sr.customer.point.rpc' declare repeat!
[W] 13:27:55.648(00000000001620FC):[AMQP0]exchange amq.direct already declare!!
[W] 13:27:55.648(00000000001620FC):[AMQP0]rpc client 'sr.customer.rpc' declare repeat!
[W] 13:27:55.648(00000000001620FC):[AMQP0]rpc client 'sr.customer.coupon.rpc' declare repeat!
[W] 13:27:55.649(00000000001620FC):[AMQP0]rpc client 'cf.wechat.rpc' declare repeat!
[W] 13:27:55.651(00000000001620FC):[AMQP0]exchange amq.direct already declare!!
[I] 13:27:55.651(00000000001620FC):[AMQP0]declare queue 'cf.baidu.rpc.73429530a27b11e7925c0f18425db9a6'
[I] 13:27:55.651(00000000001620FC):[RPCC:cf.baidu.rpc]create rpc client 'cf.baidu.rpc' in conn AMQP0
[I] 13:27:55.656(00000000001620FC):PBEncoder success load file 'E:\product\protocol\cf_baidu.proto.js'
[I] 13:27:55.662(00000000001620FC):[AMQP3]created
[I] 13:27:55.668(00000000001620FC):[AMQP4]created
[I] 13:27:55.669(00000000001620FC):[AMQP4]declare exchange 'amq.direct'
[I] 13:27:55.669(00000000001620FC):[AMQP4]declare queue 'cf.app.rpc.73455450a27b11e7925c0f18425db9a6'
[I] 13:27:55.670(00000000001620FC):[RPCC:cf.app.rpc]create rpc client 'cf.app.rpc' in conn AMQP4
[I] 13:27:55.670(00000000001620FC):[AMQP4]declare queue 'cf.wechat.rpc.73457b60a27b11e7925c0f18425db9a6'
[I] 13:27:55.670(00000000001620FC):[RPCC:cf.wechat.rpc]create rpc client 'cf.wechat.rpc' in conn AMQP4
[I] 13:27:55.670(00000000001620FC):[AMQP4]declare queue 'cf.rpc.73457b61a27b11e7925c0f18425db9a6'
[I] 13:27:55.671(00000000001620FC):[RPCC:cf.rpc]create rpc client 'cf.rpc' in conn AMQP4
[I] 13:27:55.671(00000000001620FC):[AMQP4]declare queue 'sc.task.rpc.7345a270a27b11e7925c0f18425db9a6'
[I] 13:27:55.671(00000000001620FC):[RPCC:sc.task.rpc]create rpc client 'sc.task.rpc' in conn AMQP4
[I] 13:27:55.674(00000000001620FC):[AMQP5]created
[I] 13:27:55.674(00000000001620FC):[AMQP5]declare exchange 'amq.direct'
[I] 13:27:55.675(00000000001620FC):[AMQP5]declare queue 'cf.wechat.rpc.73463eb0a27b11e7925c0f18425db9a6'
[I] 13:27:55.675(00000000001620FC):[RPCC:cf.wechat.rpc]create rpc client 'cf.wechat.rpc' in conn AMQP5
[W] 13:27:55.677(00000000001620FC):[AMQP0]rpc client 'sr.customer.point.rpc' declare repeat!
[I] 13:27:55.679(00000000001620FC):[AMQP6]created
[I] 13:27:55.680(00000000001620FC):[AMQP6]declare exchange 'amq.direct'
[I] 13:27:55.680(00000000001620FC):[AMQP6]declare queue 'cf.wechat.rpc.73470200a27b11e7925c0f18425db9a6'
[I] 13:27:55.680(00000000001620FC):[RPCC:cf.wechat.rpc]create rpc client 'cf.wechat.rpc' in conn AMQP6
[I] 13:27:55.685(00000000001620FC):[AMQP7]created
[I] 13:27:55.685(00000000001620FC):[AMQP7]declare exchange 'amq.direct'
[I] 13:27:55.686(00000000001620FC):[AMQP7]declare queue 'sc.task.rpc.7347ec60a27b11e7925c0f18425db9a6'
[I] 13:27:55.686(00000000001620FC):[RPCC:sc.task.rpc]create rpc client 'sc.task.rpc' in conn AMQP7
[I] 13:27:55.686(00000000001620FC):[AMQP7]declare queue 'sr.customer.rewardfail.7347ec61a27b11e7925c0f18425db9a6'
[I] 13:27:55.686(00000000001620FC):[RPCC:sr.customer.rewardfail]create rpc client 'sr.customer.rewardfail' in conn AMQP7
[W] 13:27:55.690(00000000001620FC):[AMQP0]exchange amq.direct already declare!!
[W] 13:27:55.691(00000000001620FC):[AMQP0]rpc client 'sr.customer.tag.rpc' declare repeat!
[W] 13:27:55.691(00000000001620FC):[AMQP0]rpc client 'sc.task.rpc' declare repeat!
[W] 13:27:55.694(00000000001620FC):[AMQP0]exchange amq.direct already declare!!
[I] 13:27:55.694(00000000001620FC):[AMQP0]declare queue 'sr.trade.rpc.734924e0a27b11e7925c0f18425db9a6'
[I] 13:27:55.694(00000000001620FC):[RPCC:sr.trade.rpc]create rpc client 'sr.trade.rpc' in conn AMQP0
[I] 13:27:55.698(00000000001620FC):PBEncoder success load file 'E:\product\protocol\sr_trade.proto.js'
[I] 13:27:55.701(00000000001620FC):[AMQP8]created
[I] 13:27:55.701(00000000001620FC):[AMQP8]declare exchange 'amq.direct'
[I] 13:27:55.702(00000000001620FC):[AMQP8]declare queue 'cf.wechat.rpc.734a3650a27b11e7925c0f18425db9a6'
[I] 13:27:55.702(00000000001620FC):[RPCC:cf.wechat.rpc]create rpc client 'cf.wechat.rpc' in conn AMQP8
[T] 13:27:55.726(00000000001620FC):Http is running,port is 18910
[I] 13:27:56.157(000000000016C1C8):[AMQP0]created
[I] 13:27:56.166(000000000016C1C8):[AMQP0]declare queue 'cf.rpc.73910350a27b11e79896917990ba2c6f'
[I] 13:27:56.167(000000000016C1C8):[RPCC:cf.rpc]create rpc client 'cf.rpc' in conn AMQP0
[I] 13:27:56.273(000000000016C1C8):PBEncoder success load file 'E:\product\protocol\cf.proto.js'
[I] 13:27:56.274(000000000016C1C8):[AMQP0]declare queue 'cf.wechat.rpc.73a1a520a27b11e79896917990ba2c6f'
[I] 13:27:56.275(000000000016C1C8):[RPCC:cf.wechat.rpc]create rpc client 'cf.wechat.rpc' in conn AMQP0
[I] 13:27:56.325(000000000016C1C8):PBEncoder success load file 'E:\product\protocol\cf_wechat.proto.js'
[I] 13:27:56.326(000000000016C1C8):[AMQP0]declare exchange 'cf.wechat.notify'
[I] 13:27:56.326(000000000016C1C8):[AMQP0]declare queue 'jiaxingwang.sc_admin.wechat.73a99460a27b11e79896917990ba2c6f'
[I] 13:27:56.327(000000000016C1C8):[AMQP0]declare queue 'cf.app.rpc.73a9bb70a27b11e79896917990ba2c6f'
[I] 13:27:56.327(000000000016C1C8):[RPCC:cf.app.rpc]create rpc client 'cf.app.rpc' in conn AMQP0
[I] 13:27:56.343(000000000016C1C8):PBEncoder success load file 'E:\product\protocol\cf_app.proto.js'
[I] 13:27:56.344(000000000016C1C8):[AMQP0]declare queue 'cf.alipay.rpc.73ac2c70a27b11e79896917990ba2c6f'
[I] 13:27:56.344(000000000016C1C8):[RPCC:cf.alipay.rpc]create rpc client 'cf.alipay.rpc' in conn AMQP0
[I] 13:27:56.351(000000000016C1C8):PBEncoder success load file 'E:\product\protocol\cf_alipay.proto.js'
[I] 13:27:56.352(000000000016C1C8):[AMQP0]declare queue 'cf.ding.rpc.73ad8c00a27b11e79896917990ba2c6f'
[I] 13:27:56.352(000000000016C1C8):[RPCC:cf.ding.rpc]create rpc client 'cf.ding.rpc' in conn AMQP0
[I] 13:27:56.362(000000000016C1C8):PBEncoder success load file 'E:\product\protocol\cf_ding.proto.js'
[I] 13:27:56.362(000000000016C1C8):[AMQP0]declare exchange 'cf.ding.notify'
[I] 13:27:56.363(000000000016C1C8):[AMQP0]declare queue 'jiaxingwang.sc_admin.ding.73af12a0a27b11e79896917990ba2c6f'
[I] 13:27:56.363(000000000016C1C8):[AM]init and reload account!
[I] 13:27:56.367(000000000016C1C8):[AM]reload account success, account number is: 0
[I] 13:27:56.370(000000000016C1C8):[AMQP0]declare queue 'sr.customer.rpc.73b04b20a27b11e79896917990ba2c6f'
[I] 13:27:56.370(000000000016C1C8):[RPCC:sr.customer.rpc]create rpc client 'sr.customer.rpc' in conn AMQP0
[I] 13:27:56.378(000000000016C1C8):PBEncoder success load file 'E:\product\protocol\sr_customer.proto.js'
[W] 13:27:56.378(000000000016C1C8):[AMQP0]rpc client 'cf.rpc' declare repeat!
[W] 13:27:56.379(000000000016C1C8):[AMQP0]rpc client 'cf.wechat.rpc' declare repeat!
[W] 13:27:56.379(000000000016C1C8):[AMQP0]rpc client 'cf.app.rpc' declare repeat!
[I] 13:27:56.383(000000000016C1C8):[AMQP0]declare exchange 'sc.system'
[I] 13:27:56.383(000000000016C1C8):[AMQP0]declare queue 'jiaxingwang.sc_admin.system.73b246f0a27b11e79896917990ba2c6f'
[I] 13:27:56.387(000000000016C1C8):PBEncoder success load file 'E:\product\protocol\sc_system.proto.js'
[I] 13:27:56.569(000000000016C1C8):[AMQP1]created
[I] 13:27:56.570(000000000016C1C8):[AMQP1]declare exchange 'amq.direct'
[I] 13:27:56.570(000000000016C1C8):[AMQP1]declare queue 'cf.wechat.rpc.73cecfa0a27b11e79896917990ba2c6f'
[I] 13:27:56.570(000000000016C1C8):[RPCC:cf.wechat.rpc]create rpc client 'cf.wechat.rpc' in conn AMQP1
[I] 13:27:56.572(000000000016C1C8):[AMQP2]created
[I] 13:27:56.576(000000000016C1C8):[AMQP0]declare exchange 'amq.direct'
[I] 13:27:56.577(000000000016C1C8):[AMQP0]declare queue 'sc.task.rpc.73cfe110a27b11e79896917990ba2c6f'
[I] 13:27:56.577(000000000016C1C8):[RPCC:sc.task.rpc]create rpc client 'sc.task.rpc' in conn AMQP0
[I] 13:27:56.584(000000000016C1C8):PBEncoder success load file 'E:\product\protocol\sc_task.proto.js'
[I] 13:27:56.610(000000000016C1C8):[AMQP0]declare queue 'sr.customer.tag.rpc.73d426d0a27b11e79896917990ba2c6f'
[I] 13:27:56.611(000000000016C1C8):[RPCC:sr.customer.tag.rpc]create rpc client 'sr.customer.tag.rpc' in conn AMQP0
[I] 13:27:56.613(000000000016C1C8):[AMQP0]declare queue 'sr.customer.point.rpc.73d55f50a27b11e79896917990ba2c6f'
[I] 13:27:56.613(000000000016C1C8):[RPCC:sr.customer.point.rpc]create rpc client 'sr.customer.point.rpc' in conn AMQP0
[I] 13:27:56.619(000000000016C1C8):PBEncoder success load file 'E:\product\protocol\sr_customer_point.proto.js'
[I] 13:27:56.624(000000000016C1C8):PBEncoder success load file 'E:\product\protocol\sr_customer_tag.proto.js'
[W] 13:27:56.632(000000000016C1C8):[AMQP0]rpc client 'cf.wechat.rpc' declare repeat!
[I] 13:27:56.633(000000000016C1C8):[AMQP0]declare queue 'sr.customer.coupon_class.rpc.73d86c90a27b11e79896917990ba2c6f'
[I] 13:27:56.633(000000000016C1C8):[RPCC:sr.customer.coupon_class.rpc]create rpc client 'sr.customer.coupon_class.rpc' in conn AMQP0
[I] 13:27:56.634(000000000016C1C8):[AMQP0]declare queue 'sr.customer.coupon.rpc.73d86c91a27b11e79896917990ba2c6f'
[I] 13:27:56.634(000000000016C1C8):[RPCC:sr.customer.coupon.rpc]create rpc client 'sr.customer.coupon.rpc' in conn AMQP0
[I] 13:27:56.644(000000000016C1C8):PBEncoder success load file 'E:\product\protocol\sr_customer_coupon.proto.js'
[W] 13:27:56.645(000000000016C1C8):[AMQP0]rpc client 'cf.wechat.rpc' declare repeat!
[I] 13:27:56.645(000000000016C1C8):[AMQP0]declare queue 'cf.wxpay.rpc.73da4150a27b11e79896917990ba2c6f'
[I] 13:27:56.645(000000000016C1C8):[RPCC:cf.wxpay.rpc]create rpc client 'cf.wxpay.rpc' in conn AMQP0
[I] 13:27:56.657(000000000016C1C8):PBEncoder success load file 'E:\product\protocol\cf_wxpay.proto.js'
[W] 13:27:56.658(000000000016C1C8):[AMQP0]rpc client 'sr.customer.point.rpc' declare repeat!
[W] 13:27:56.664(000000000016C1C8):[AMQP0]exchange amq.direct already declare!!
[W] 13:27:56.664(000000000016C1C8):[AMQP0]rpc client 'sr.customer.rpc' declare repeat!
[W] 13:27:56.665(000000000016C1C8):[AMQP0]rpc client 'sr.customer.coupon.rpc' declare repeat!
[W] 13:27:56.665(000000000016C1C8):[AMQP0]rpc client 'cf.wechat.rpc' declare repeat!
[W] 13:27:56.667(000000000016C1C8):[AMQP0]exchange amq.direct already declare!!
[I] 13:27:56.667(000000000016C1C8):[AMQP0]declare queue 'cf.baidu.rpc.73dd9cb0a27b11e79896917990ba2c6f'
[I] 13:27:56.667(000000000016C1C8):[RPCC:cf.baidu.rpc]create rpc client 'cf.baidu.rpc' in conn AMQP0
[I] 13:27:56.672(000000000016C1C8):PBEncoder success load file 'E:\product\protocol\cf_baidu.proto.js'
[I] 13:27:56.677(000000000016C1C8):[AMQP3]created
[I] 13:27:56.683(000000000016C1C8):[AMQP4]created
[I] 13:27:56.684(000000000016C1C8):[AMQP4]declare exchange 'amq.direct'
[I] 13:27:56.684(000000000016C1C8):[AMQP4]declare queue 'cf.app.rpc.73e034c0a27b11e79896917990ba2c6f'
[I] 13:27:56.684(000000000016C1C8):[RPCC:cf.app.rpc]create rpc client 'cf.app.rpc' in conn AMQP4
[I] 13:27:56.685(000000000016C1C8):[AMQP4]declare queue 'cf.wechat.rpc.73e05bd0a27b11e79896917990ba2c6f'
[I] 13:27:56.685(000000000016C1C8):[RPCC:cf.wechat.rpc]create rpc client 'cf.wechat.rpc' in conn AMQP4
[I] 13:27:56.685(000000000016C1C8):[AMQP4]declare queue 'cf.rpc.73e05bd1a27b11e79896917990ba2c6f'
[I] 13:27:56.685(000000000016C1C8):[RPCC:cf.rpc]create rpc client 'cf.rpc' in conn AMQP4
[I] 13:27:56.685(000000000016C1C8):[AMQP4]declare queue 'sc.task.rpc.73e05bd2a27b11e79896917990ba2c6f'
[I] 13:27:56.686(000000000016C1C8):[RPCC:sc.task.rpc]create rpc client 'sc.task.rpc' in conn AMQP4
[I] 13:27:56.688(000000000016C1C8):[AMQP5]created
[I] 13:27:56.689(000000000016C1C8):[AMQP5]declare exchange 'amq.direct'
[I] 13:27:56.689(000000000016C1C8):[AMQP5]declare queue 'cf.wechat.rpc.73e0f810a27b11e79896917990ba2c6f'
[I] 13:27:56.689(000000000016C1C8):[RPCC:cf.wechat.rpc]create rpc client 'cf.wechat.rpc' in conn AMQP5
[W] 13:27:56.690(000000000016C1C8):[AMQP0]rpc client 'sr.customer.point.rpc' declare repeat!
[I] 13:27:56.692(000000000016C1C8):[AMQP6]created
[I] 13:27:56.693(000000000016C1C8):[AMQP6]declare exchange 'amq.direct'
[I] 13:27:56.693(000000000016C1C8):[AMQP6]declare queue 'cf.wechat.rpc.73e19450a27b11e79896917990ba2c6f'
[I] 13:27:56.693(000000000016C1C8):[RPCC:cf.wechat.rpc]create rpc client 'cf.wechat.rpc' in conn AMQP6
[I] 13:27:56.697(000000000016C1C8):[AMQP7]created
[I] 13:27:56.697(000000000016C1C8):[AMQP7]declare exchange 'amq.direct'
[I] 13:27:56.698(000000000016C1C8):[AMQP7]declare queue 'sc.task.rpc.73e257a0a27b11e79896917990ba2c6f'
[I] 13:27:56.698(000000000016C1C8):[RPCC:sc.task.rpc]create rpc client 'sc.task.rpc' in conn AMQP7
[I] 13:27:56.699(000000000016C1C8):[AMQP7]declare queue 'sr.customer.rewardfail.73e27eb0a27b11e79896917990ba2c6f'
[I] 13:27:56.699(000000000016C1C8):[RPCC:sr.customer.rewardfail]create rpc client 'sr.customer.rewardfail' in conn AMQP7
[W] 13:27:56.702(000000000016C1C8):[AMQP0]exchange amq.direct already declare!!
[W] 13:27:56.702(000000000016C1C8):[AMQP0]rpc client 'sr.customer.tag.rpc' declare repeat!
[W] 13:27:56.702(000000000016C1C8):[AMQP0]rpc client 'sc.task.rpc' declare repeat!
[W] 13:27:56.705(000000000016C1C8):[AMQP0]exchange amq.direct already declare!!
[I] 13:27:56.705(000000000016C1C8):[AMQP0]declare queue 'sr.trade.rpc.73e36910a27b11e79896917990ba2c6f'
[I] 13:27:56.705(000000000016C1C8):[RPCC:sr.trade.rpc]create rpc client 'sr.trade.rpc' in conn AMQP0
[I] 13:27:56.708(000000000016C1C8):PBEncoder success load file 'E:\product\protocol\sr_trade.proto.js'
[I] 13:27:56.711(000000000016C1C8):[AMQP8]created
[I] 13:27:56.711(000000000016C1C8):[AMQP8]declare exchange 'amq.direct'
[I] 13:27:56.712(000000000016C1C8):[AMQP8]declare queue 'cf.wechat.rpc.73e47a80a27b11e79896917990ba2c6f'
[I] 13:27:56.712(000000000016C1C8):[RPCC:cf.wechat.rpc]create rpc client 'cf.wechat.rpc' in conn AMQP8
[T] 13:27:56.727(000000000016C1C8):Http is running,port is 18910
[I] 13:27:57.323(000000000016ED24):[redis]redis close
[T] 13:27:57.325(000000000016ED24):[redis]redis reconnecting
[E] 13:27:57.328(000000000016ED24):redis error:cmd={}
[I] 13:27:58.362(00000000001620FC):[redis]redis close
[T] 13:27:58.365(00000000001620FC):[redis]redis reconnecting
[E] 13:27:58.367(00000000001620FC):redis error:cmd={}
[I] 13:27:59.395(000000000016C1C8):[redis]redis close
[T] 13:27:59.397(000000000016C1C8):[redis]redis reconnecting
[E] 13:27:59.400(000000000016C1C8):redis error:cmd={}
[I] 13:28:00.327(000000000016ED24):[redis]redis close
[T] 13:28:00.328(000000000016ED24):[redis]redis reconnecting
[I] 13:28:01.367(00000000001620FC):[redis]redis close
[T] 13:28:01.368(00000000001620FC):[redis]redis reconnecting
[W] 13:28:01.742(000000000016A1F8):recv 'Ctrl+C' break sign!next exit!
[D] 13:28:01.749(000000000016A1F8):worker process log socket error!err=Error: read ECONNRESET
    at exports._errnoException (util.js:890:11)
    at TCP.onread (net.js:550:26)
[D] 13:28:01.750(000000000016A1F8):worker process log socket close!
[W] 13:28:01.761(000000000016A1F8):worker 1620FC(1#) died.
[D] 13:28:01.762(000000000016A1F8):worker process log socket error!err=Error: read ECONNRESET
    at exports._errnoException (util.js:890:11)
    at TCP.onread (net.js:550:26)
[D] 13:28:01.763(000000000016A1F8):worker process log socket close!
[D] 13:28:01.764(000000000016A1F8):worker process log socket error!err=Error: read ECONNRESET
    at exports._errnoException (util.js:890:11)
    at TCP.onread (net.js:550:26)
[D] 13:28:01.764(000000000016A1F8):worker process log socket close!
[W] 13:28:01.765(000000000016A1F8):worker 16ED24(0#) died.
[W] 13:28:01.771(000000000016A1F8):worker 16C1C8(2#) died.
[W] 13:28:01.897(000000000016A1F8):try restart worker 0# ...
[I] 13:28:01.918(000000000016A1F8):start worker success,pid=15AF38(0#)
[D] 13:28:02.757(000000000016A1F8):worker process log socket connected!
[D] 13:28:02.750(000000000015AF38):worker 0# ready to connect master log socket server, port=4613
[D] 13:28:02.759(000000000015AF38):worker 0# log socket connected!
