[D] 15:32:26.577(000000000010CE90):master log socket server started! host=::, port=26215
[I] 15:32:26.587(000000000010CE90):master log channel started!port=26215
[W] 15:32:27.588(000000000010CE90):try restart worker 0# ...
[I] 15:32:27.598(000000000010CE90):start worker success,pid=1FE548(0#)
[D] 15:32:28.241(000000000010CE90):worker process log socket connected!
[D] 15:32:28.232(00000000001FE548):worker 0# ready to connect master log socket server, port=26215
[D] 15:32:28.241(00000000001FE548):worker 0# log socket connected!
[W] 15:32:28.608(000000000010CE90):try restart worker 1# ...
[I] 15:32:28.614(000000000010CE90):start worker success,pid=10DC3C(1#)
[I] 15:32:28.766(00000000001FE548):[AMQP0]created
[I] 15:32:28.776(00000000001FE548):[AMQP0]declare queue 'cf.rpc.d996cf70a28c11e7a11641420dad7f56'
[I] 15:32:28.776(00000000001FE548):[RPCC:cf.rpc]create rpc client 'cf.rpc' in conn AMQP0
[I] 15:32:28.895(00000000001FE548):PBEncoder success load file 'E:\product\protocol\cf.proto.js'
[I] 15:32:28.896(00000000001FE548):[AMQP0]declare queue 'cf.wechat.rpc.d9a91ef0a28c11e7a11641420dad7f56'
[I] 15:32:28.896(00000000001FE548):[RPCC:cf.wechat.rpc]create rpc client 'cf.wechat.rpc' in conn AMQP0
[I] 15:32:28.955(00000000001FE548):PBEncoder success load file 'E:\product\protocol\cf_wechat.proto.js'
[I] 15:32:28.955(00000000001FE548):[AMQP0]declare exchange 'cf.wechat.notify'
[I] 15:32:28.956(00000000001FE548):[AMQP0]declare queue 'jiaxingwang.sc_admin.wechat.d9b26dc0a28c11e7a11641420dad7f56'
[I] 15:32:28.956(00000000001FE548):[AMQP0]declare queue 'cf.app.rpc.d9b26dc1a28c11e7a11641420dad7f56'
[I] 15:32:28.956(00000000001FE548):[RPCC:cf.app.rpc]create rpc client 'cf.app.rpc' in conn AMQP0
[I] 15:32:28.961(00000000001FE548):PBEncoder success load file 'E:\product\protocol\cf_app.proto.js'
[I] 15:32:28.961(00000000001FE548):[AMQP0]declare queue 'cf.alipay.rpc.d9b33110a28c11e7a11641420dad7f56'
[I] 15:32:28.962(00000000001FE548):[RPCC:cf.alipay.rpc]create rpc client 'cf.alipay.rpc' in conn AMQP0
[I] 15:32:28.969(00000000001FE548):PBEncoder success load file 'E:\product\protocol\cf_alipay.proto.js'
[I] 15:32:28.969(00000000001FE548):[AMQP0]declare queue 'cf.ding.rpc.d9b46990a28c11e7a11641420dad7f56'
[I] 15:32:28.970(00000000001FE548):[RPCC:cf.ding.rpc]create rpc client 'cf.ding.rpc' in conn AMQP0
[I] 15:32:28.980(00000000001FE548):PBEncoder success load file 'E:\product\protocol\cf_ding.proto.js'
[I] 15:32:28.981(00000000001FE548):[AMQP0]declare exchange 'cf.ding.notify'
[I] 15:32:28.981(00000000001FE548):[AMQP0]declare queue 'jiaxingwang.sc_admin.ding.d9b63e50a28c11e7a11641420dad7f56'
[I] 15:32:28.981(00000000001FE548):[AM]init and reload account!
[I] 15:32:28.986(00000000001FE548):[AM]reload account success, account number is: 0
[I] 15:32:28.989(00000000001FE548):[AMQP0]declare queue 'sr.customer.rpc.d9b776d0a28c11e7a11641420dad7f56'
[I] 15:32:28.989(00000000001FE548):[RPCC:sr.customer.rpc]create rpc client 'sr.customer.rpc' in conn AMQP0
[I] 15:32:28.998(00000000001FE548):PBEncoder success load file 'E:\product\protocol\sr_customer.proto.js'
[W] 15:32:29.000(00000000001FE548):[AMQP0]rpc client 'cf.rpc' declare repeat!
[W] 15:32:29.001(00000000001FE548):[AMQP0]rpc client 'cf.wechat.rpc' declare repeat!
[W] 15:32:29.002(00000000001FE548):[AMQP0]rpc client 'cf.app.rpc' declare repeat!
[I] 15:32:29.170(00000000001FE548):PBEncoder success load file 'E:\product\protocol\sc_system.proto.js'
[I] 15:32:29.212(00000000001FE548):[AMQP1]created
[I] 15:32:29.214(00000000001FE548):[AMQP1]declare exchange 'amq.direct'
[I] 15:32:29.214(00000000001FE548):[AMQP1]declare queue 'cf.wechat.rpc.d9d9cbe0a28c11e7a11641420dad7f56'
[I] 15:32:29.214(00000000001FE548):[RPCC:cf.wechat.rpc]create rpc client 'cf.wechat.rpc' in conn AMQP1
[I] 15:32:29.216(00000000001FE548):[AMQP2]created
[I] 15:32:29.219(00000000001FE548):[AMQP0]declare exchange 'amq.direct'
[I] 15:32:29.220(00000000001FE548):[AMQP0]declare queue 'sc.task.rpc.d9da8f30a28c11e7a11641420dad7f56'
[I] 15:32:29.220(00000000001FE548):[RPCC:sc.task.rpc]create rpc client 'sc.task.rpc' in conn AMQP0
[I] 15:32:29.227(00000000001FE548):PBEncoder success load file 'E:\product\protocol\sc_task.proto.js'
[I] 15:32:29.257(00000000001FE548):[AMQP0]declare queue 'sr.customer.tag.rpc.d9e05b90a28c11e7a11641420dad7f56'
[I] 15:32:29.258(00000000001FE548):[RPCC:sr.customer.tag.rpc]create rpc client 'sr.customer.tag.rpc' in conn AMQP0
[I] 15:32:29.259(00000000001FE548):[AMQP0]declare queue 'sr.customer.point.rpc.d9e082a0a28c11e7a11641420dad7f56'
[I] 15:32:29.259(00000000001FE548):[RPCC:sr.customer.point.rpc]create rpc client 'sr.customer.point.rpc' in conn AMQP0
[I] 15:32:29.266(00000000001FE548):PBEncoder success load file 'E:\product\protocol\sr_customer_point.proto.js'
[I] 15:32:29.273(00000000001FE548):PBEncoder success load file 'E:\product\protocol\sr_customer_tag.proto.js'
[W] 15:32:29.290(00000000001FE548):[AMQP0]rpc client 'cf.wechat.rpc' declare repeat!
[I] 15:32:29.291(00000000001FE548):[AMQP0]declare queue 'sr.customer.coupon_class.rpc.d9e564a0a28c11e7a11641420dad7f56'
[I] 15:32:29.291(00000000001FE548):[RPCC:sr.customer.coupon_class.rpc]create rpc client 'sr.customer.coupon_class.rpc' in conn AMQP0
[I] 15:32:29.291(00000000001FE548):[AMQP0]declare queue 'sr.customer.coupon.rpc.d9e58bb0a28c11e7a11641420dad7f56'
[I] 15:32:29.292(00000000001FE548):[RPCC:sr.customer.coupon.rpc]create rpc client 'sr.customer.coupon.rpc' in conn AMQP0
[D] 15:32:29.306(000000000010CE90):worker process log socket connected!
[D] 15:32:29.297(000000000010DC3C):worker 1# ready to connect master log socket server, port=26215
[D] 15:32:29.307(000000000010DC3C):worker 1# log socket connected!
[I] 15:32:29.310(00000000001FE548):PBEncoder success load file 'E:\product\protocol\sr_customer_coupon.proto.js'
[W] 15:32:29.310(00000000001FE548):[AMQP0]rpc client 'cf.wechat.rpc' declare repeat!
[I] 15:32:29.310(00000000001FE548):[AMQP0]declare queue 'cf.wxpay.rpc.d9e871e0a28c11e7a11641420dad7f56'
[I] 15:32:29.311(00000000001FE548):[RPCC:cf.wxpay.rpc]create rpc client 'cf.wxpay.rpc' in conn AMQP0
[I] 15:32:29.325(00000000001FE548):PBEncoder success load file 'E:\product\protocol\cf_wxpay.proto.js'
[W] 15:32:29.325(00000000001FE548):[AMQP0]rpc client 'sr.customer.point.rpc' declare repeat!
[W] 15:32:29.333(00000000001FE548):[AMQP0]exchange amq.direct already declare!!
[W] 15:32:29.333(00000000001FE548):[AMQP0]rpc client 'sr.customer.rpc' declare repeat!
[W] 15:32:29.333(00000000001FE548):[AMQP0]rpc client 'sr.customer.coupon.rpc' declare repeat!
[W] 15:32:29.334(00000000001FE548):[AMQP0]rpc client 'cf.wechat.rpc' declare repeat!
[W] 15:32:29.336(00000000001FE548):[AMQP0]exchange amq.direct already declare!!
[I] 15:32:29.337(00000000001FE548):[AMQP0]declare queue 'cf.baidu.rpc.d9ec6980a28c11e7a11641420dad7f56'
[I] 15:32:29.337(00000000001FE548):[RPCC:cf.baidu.rpc]create rpc client 'cf.baidu.rpc' in conn AMQP0
[I] 15:32:29.341(00000000001FE548):PBEncoder success load file 'E:\product\protocol\cf_baidu.proto.js'
[I] 15:32:29.346(00000000001FE548):[AMQP3]created
[I] 15:32:29.355(00000000001FE548):[AMQP4]created
[I] 15:32:29.356(00000000001FE548):[AMQP4]declare exchange 'amq.direct'
[I] 15:32:29.356(00000000001FE548):[AMQP4]declare queue 'cf.app.rpc.d9ef76c0a28c11e7a11641420dad7f56'
[I] 15:32:29.356(00000000001FE548):[RPCC:cf.app.rpc]create rpc client 'cf.app.rpc' in conn AMQP4
[I] 15:32:29.357(00000000001FE548):[AMQP4]declare queue 'cf.wechat.rpc.d9ef9dd0a28c11e7a11641420dad7f56'
[I] 15:32:29.357(00000000001FE548):[RPCC:cf.wechat.rpc]create rpc client 'cf.wechat.rpc' in conn AMQP4
[I] 15:32:29.357(00000000001FE548):[AMQP4]declare queue 'cf.rpc.d9ef9dd1a28c11e7a11641420dad7f56'
[I] 15:32:29.357(00000000001FE548):[RPCC:cf.rpc]create rpc client 'cf.rpc' in conn AMQP4
[I] 15:32:29.358(00000000001FE548):[AMQP4]declare queue 'sc.task.rpc.d9efc4e0a28c11e7a11641420dad7f56'
[I] 15:32:29.358(00000000001FE548):[RPCC:sc.task.rpc]create rpc client 'sc.task.rpc' in conn AMQP4
[I] 15:32:29.361(00000000001FE548):[AMQP5]created
[I] 15:32:29.361(00000000001FE548):[AMQP5]declare exchange 'amq.direct'
[I] 15:32:29.362(00000000001FE548):[AMQP5]declare queue 'cf.wechat.rpc.d9f06120a28c11e7a11641420dad7f56'
[I] 15:32:29.362(00000000001FE548):[RPCC:cf.wechat.rpc]create rpc client 'cf.wechat.rpc' in conn AMQP5
[W] 15:32:29.364(00000000001FE548):[AMQP0]rpc client 'sr.customer.point.rpc' declare repeat!
[I] 15:32:29.367(00000000001FE548):[AMQP6]created
[I] 15:32:29.367(00000000001FE548):[AMQP6]declare exchange 'amq.direct'
[I] 15:32:29.367(00000000001FE548):[AMQP6]declare queue 'cf.wechat.rpc.d9f12470a28c11e7a11641420dad7f56'
[I] 15:32:29.368(00000000001FE548):[RPCC:cf.wechat.rpc]create rpc client 'cf.wechat.rpc' in conn AMQP6
[I] 15:32:29.373(00000000001FE548):[AMQP7]created
[I] 15:32:29.374(00000000001FE548):[AMQP7]declare exchange 'amq.direct'
[I] 15:32:29.374(00000000001FE548):[AMQP7]declare queue 'sc.task.rpc.d9f235e0a28c11e7a11641420dad7f56'
[I] 15:32:29.374(00000000001FE548):[RPCC:sc.task.rpc]create rpc client 'sc.task.rpc' in conn AMQP7
[I] 15:32:29.374(00000000001FE548):[AMQP7]declare queue 'sr.customer.rewardfail.d9f235e1a28c11e7a11641420dad7f56'
[I] 15:32:29.375(00000000001FE548):[RPCC:sr.customer.rewardfail]create rpc client 'sr.customer.rewardfail' in conn AMQP7
[W] 15:32:29.378(00000000001FE548):[AMQP0]exchange amq.direct already declare!!
[W] 15:32:29.379(00000000001FE548):[AMQP0]rpc client 'sr.customer.tag.rpc' declare repeat!
[W] 15:32:29.379(00000000001FE548):[AMQP0]rpc client 'sc.task.rpc' declare repeat!
[W] 15:32:29.382(00000000001FE548):[AMQP0]exchange amq.direct already declare!!
[I] 15:32:29.383(00000000001FE548):[AMQP0]declare queue 'sr.trade.rpc.d9f36e60a28c11e7a11641420dad7f56'
[I] 15:32:29.383(00000000001FE548):[RPCC:sr.trade.rpc]create rpc client 'sr.trade.rpc' in conn AMQP0
[I] 15:32:29.386(00000000001FE548):PBEncoder success load file 'E:\product\protocol\sr_trade.proto.js'
[I] 15:32:29.390(00000000001FE548):[AMQP8]created
[I] 15:32:29.391(00000000001FE548):[AMQP8]declare exchange 'amq.direct'
[I] 15:32:29.391(00000000001FE548):[AMQP8]declare queue 'cf.wechat.rpc.d9f4cdf0a28c11e7a11641420dad7f56'
[I] 15:32:29.391(00000000001FE548):[RPCC:cf.wechat.rpc]create rpc client 'cf.wechat.rpc' in conn AMQP8
[I] 15:32:29.415(00000000001FE548):[redis]redis connect
[T] 15:32:29.419(00000000001FE548):Http is running,port is 18910
[I] 15:32:29.430(00000000001FE548):[redis]redis ready
[I] 15:32:29.439(00000000001FE548):[MP1]create connection #0
[T] 15:32:29.439(00000000001FE548):[MP1]getConnection success,getIndex=0
[I] 15:32:29.440(00000000001FE548):[MP1]create connection #1
[T] 15:32:29.440(00000000001FE548):[MP1]getConnection success,getIndex=1
[T] 15:32:29.446(00000000001FE548):[MySQL]Query success,used time:4 ms,sql="select * from cf_account where enabled=1 and function_mask like \"1%\""
[T] 15:32:29.448(00000000001FE548):getConnection release,getIndex=0
[I] 15:32:29.448(00000000001FE548):[AM]get account list success: [{"innerid":"HEDV35FASG-DGW423A-34TGGW53AAD66","name":"乐逛演示","org_id":"1","shop_id":null,"settlement_id":null,"method_code":1,"method_code_key":"wechat_test3_1","function_mask":"10","config":"{\"accountid\":\"gh_92368265694f\",\"fee_type\":\"CNY\",\"appid\":\"wx39bf9ff3da6fc1e7\",\"appsecret\":\"e00fc51118b318fb99cff35d217865fc\",\"mch_id\":\"1287801701\",\"sub_mch_id\":\"\",\"sign_key\":\"smartpaysmartpaysmartpaysmartpay\",\"key_file\":\"apiclient_key.pem\",\"cert_file\":\"apiclient_cert.pem\",\"pay_authorization_dir\":[\"\",\"\",\"\"],\"pay_native_callback\":\"\",\"pay_finish_notify\":\"1\",\"pay_alarm_notify\":\"\"}","enabled":1,"desc":null},{"innerid":"SE43RG3ASG-34GWW55A-34TG43HER452","name":"短信测试一","org_id":"1","shop_id":null,"settlement_id":null,"method_code":2,"method_code_key":"wechat_test1_2","function_mask":"10","config":"{\"url\" : \"http://211.147.239.62:9050/cgi-bin/sendsms\",\"username\" : \"shopperconnect@smartac\",\"password\" : \"shopCNT@smartc2016\"}","enabled":1,"desc":null},{"innerid":"SMFGSW423GWS-G43HTEHE2-HHEDR5462HS","name":"邮件测试一","org_id":"1","shop_id":null,"settlement_id":null,"method_code":3,"method_code_key":"wechat_test1_3","function_mask":"10","config":"{\"smtpserver\" : \"smtp.163.com\",\"port\": 25,\"username\" : \"zyqtest5@163.com\",\"password\" : \"zyqtest5881119\",\"SSL\":false}","enabled":1,"desc":null}]
[T] 15:32:29.456(00000000001FE548):[MySQL]Query success,used time:13 ms,sql="SELECT * FROM `sc_org`"
[T] 15:32:29.457(00000000001FE548):getConnection release,getIndex=1
[I] 15:32:29.519(00000000001FE548):[AMQP0]AMQP0 connect 'amqp://guest:guest@172.16.0.81:5672' success!
[I] 15:32:29.523(00000000001FE548):[AMQP1]AMQP1 connect 'amqp://guest:guest@172.16.0.81:5672' success!
[I] 15:32:29.524(00000000001FE548):[AMQP5]AMQP5 connect 'amqp://guest:guest@172.16.0.81:5672' success!
[I] 15:32:29.525(00000000001FE548):[AMQP4]AMQP4 connect 'amqp://guest:guest@172.16.0.81:5672' success!
[I] 15:32:29.526(00000000001FE548):[AMQP6]AMQP6 connect 'amqp://guest:guest@172.16.0.81:5672' success!
[I] 15:32:29.527(00000000001FE548):[AMQP7]AMQP7 connect 'amqp://guest:guest@172.16.0.81:5672' success!
[I] 15:32:29.528(00000000001FE548):[AMQP8]AMQP8 connect 'amqp://guest:guest@172.16.0.81:5672' success!
[I] 15:32:29.541(00000000001FE548):[AMQP0]success declare queue 'cf.rpc.d996cf70a28c11e7a11641420dad7f56'
[I] 15:32:29.542(00000000001FE548):[AMQP6]success declare exchange 'amq.direct'
[I] 15:32:29.543(00000000001FE548):[AMQP1]success declare exchange 'amq.direct'
[I] 15:32:29.545(00000000001FE548):[AMQP8]success declare exchange 'amq.direct'
[I] 15:32:29.546(00000000001FE548):[AMQP5]success declare exchange 'amq.direct'
[I] 15:32:29.547(00000000001FE548):[AMQP7]success declare exchange 'amq.direct'
[I] 15:32:29.547(00000000001FE548):[AMQP4]success declare exchange 'amq.direct'
[I] 15:32:29.549(00000000001FE548):[AMQP0]success consume 'cf.rpc.d996cf70a28c11e7a11641420dad7f56'
[I] 15:32:29.551(00000000001FE548):[AMQP6]success declare queue 'cf.wechat.rpc.d9f12470a28c11e7a11641420dad7f56'
[I] 15:32:29.552(00000000001FE548):[AMQP0]success binding 'amq.direct'->'cf.rpc.d996cf70a28c11e7a11641420dad7f56'(cf.rpc.d996cf70a28c11e7a11641420dad7f56)
[I] 15:32:29.584(00000000001FE548):[AMQP1]success declare queue 'cf.wechat.rpc.d9d9cbe0a28c11e7a11641420dad7f56'
[I] 15:32:29.585(00000000001FE548):[AMQP4]success declare queue 'cf.app.rpc.d9ef76c0a28c11e7a11641420dad7f56'
[I] 15:32:29.586(00000000001FE548):[AMQP7]success declare queue 'sc.task.rpc.d9f235e0a28c11e7a11641420dad7f56'
[I] 15:32:29.587(00000000001FE548):[AMQP5]success declare queue 'cf.wechat.rpc.d9f06120a28c11e7a11641420dad7f56'
[I] 15:32:29.588(00000000001FE548):[AMQP8]success declare queue 'cf.wechat.rpc.d9f4cdf0a28c11e7a11641420dad7f56'
[I] 15:32:29.588(00000000001FE548):[AMQP6]success consume 'cf.wechat.rpc.d9f12470a28c11e7a11641420dad7f56'
[I] 15:32:29.589(00000000001FE548):[AMQP0]success declare queue 'cf.wechat.rpc.d9a91ef0a28c11e7a11641420dad7f56'
[I] 15:32:29.590(00000000001FE548):[AMQP4]success consume 'cf.app.rpc.d9ef76c0a28c11e7a11641420dad7f56'
[I] 15:32:29.591(00000000001FE548):[AMQP1]success consume 'cf.wechat.rpc.d9d9cbe0a28c11e7a11641420dad7f56'
[I] 15:32:29.591(00000000001FE548):[AMQP7]success consume 'sc.task.rpc.d9f235e0a28c11e7a11641420dad7f56'
[I] 15:32:29.591(00000000001FE548):[AMQP5]success consume 'cf.wechat.rpc.d9f06120a28c11e7a11641420dad7f56'
[I] 15:32:29.592(00000000001FE548):[AMQP8]success consume 'cf.wechat.rpc.d9f4cdf0a28c11e7a11641420dad7f56'
[I] 15:32:29.593(00000000001FE548):[AMQP0]success consume 'cf.wechat.rpc.d9a91ef0a28c11e7a11641420dad7f56'
[I] 15:32:29.594(00000000001FE548):[AMQP6]success binding 'amq.direct'->'cf.wechat.rpc.d9f12470a28c11e7a11641420dad7f56'(cf.wechat.rpc.d9f12470a28c11e7a11641420dad7f56)
[I] 15:32:29.594(00000000001FE548):[AMQP4]success binding 'amq.direct'->'cf.app.rpc.d9ef76c0a28c11e7a11641420dad7f56'(cf.app.rpc.d9ef76c0a28c11e7a11641420dad7f56)
[I] 15:32:29.595(00000000001FE548):[AMQP1]success binding 'amq.direct'->'cf.wechat.rpc.d9d9cbe0a28c11e7a11641420dad7f56'(cf.wechat.rpc.d9d9cbe0a28c11e7a11641420dad7f56)
[I] 15:32:29.596(00000000001FE548):[AMQP5]success binding 'amq.direct'->'cf.wechat.rpc.d9f06120a28c11e7a11641420dad7f56'(cf.wechat.rpc.d9f06120a28c11e7a11641420dad7f56)
[I] 15:32:29.597(00000000001FE548):[AMQP7]success binding 'amq.direct'->'sc.task.rpc.d9f235e0a28c11e7a11641420dad7f56'(sc.task.rpc.d9f235e0a28c11e7a11641420dad7f56)
[I] 15:32:29.597(00000000001FE548):[AMQP8]success binding 'amq.direct'->'cf.wechat.rpc.d9f4cdf0a28c11e7a11641420dad7f56'(cf.wechat.rpc.d9f4cdf0a28c11e7a11641420dad7f56)
[I] 15:32:29.597(00000000001FE548):[AMQP0]success binding 'amq.direct'->'cf.wechat.rpc.d9a91ef0a28c11e7a11641420dad7f56'(cf.wechat.rpc.d9a91ef0a28c11e7a11641420dad7f56)
[I] 15:32:29.599(00000000001FE548):[AMQP0]success declare exchange 'cf.wechat.notify'
[I] 15:32:29.600(00000000001FE548):[AMQP4]success declare queue 'cf.wechat.rpc.d9ef9dd0a28c11e7a11641420dad7f56'
[I] 15:32:29.601(00000000001FE548):[AMQP7]success declare queue 'sr.customer.rewardfail.d9f235e1a28c11e7a11641420dad7f56'
[I] 15:32:29.602(00000000001FE548):[AMQP4]success consume 'cf.wechat.rpc.d9ef9dd0a28c11e7a11641420dad7f56'
[I] 15:32:29.603(00000000001FE548):[AMQP7]success consume 'sr.customer.rewardfail.d9f235e1a28c11e7a11641420dad7f56'
[I] 15:32:29.603(00000000001FE548):[AMQP0]success declare queue 'jiaxingwang.sc_admin.wechat.d9b26dc0a28c11e7a11641420dad7f56'
[I] 15:32:29.604(00000000001FE548):[AMQP4]success binding 'amq.direct'->'cf.wechat.rpc.d9ef9dd0a28c11e7a11641420dad7f56'(cf.wechat.rpc.d9ef9dd0a28c11e7a11641420dad7f56)
[I] 15:32:29.606(00000000001FE548):[AMQP0]success consume 'jiaxingwang.sc_admin.wechat.d9b26dc0a28c11e7a11641420dad7f56'
[I] 15:32:29.607(00000000001FE548):[AMQP7]success binding 'amq.direct'->'sr.customer.rewardfail.d9f235e1a28c11e7a11641420dad7f56'(sr.customer.rewardfail.d9f235e1a28c11e7a11641420dad7f56)
[I] 15:32:29.609(00000000001FE548):[AMQP0]success binding 'cf.wechat.notify'->'jiaxingwang.sc_admin.wechat.d9b26dc0a28c11e7a11641420dad7f56'(#)
[I] 15:32:29.610(00000000001FE548):[AMQP4]success declare queue 'cf.rpc.d9ef9dd1a28c11e7a11641420dad7f56'
[I] 15:32:29.612(00000000001FE548):[AMQP4]success consume 'cf.rpc.d9ef9dd1a28c11e7a11641420dad7f56'
[I] 15:32:29.614(00000000001FE548):[AMQP0]success declare queue 'cf.app.rpc.d9b26dc1a28c11e7a11641420dad7f56'
[I] 15:32:29.614(00000000001FE548):[AMQP4]success binding 'amq.direct'->'cf.rpc.d9ef9dd1a28c11e7a11641420dad7f56'(cf.rpc.d9ef9dd1a28c11e7a11641420dad7f56)
[I] 15:32:29.616(00000000001FE548):[AMQP0]success consume 'cf.app.rpc.d9b26dc1a28c11e7a11641420dad7f56'
[W] 15:32:29.618(000000000010CE90):try restart worker 2# ...
[I] 15:32:29.625(000000000010CE90):start worker success,pid=10A4D8(2#)
[I] 15:32:29.619(00000000001FE548):[AMQP4]success declare queue 'sc.task.rpc.d9efc4e0a28c11e7a11641420dad7f56'
[I] 15:32:29.620(00000000001FE548):[AMQP0]success binding 'amq.direct'->'cf.app.rpc.d9b26dc1a28c11e7a11641420dad7f56'(cf.app.rpc.d9b26dc1a28c11e7a11641420dad7f56)
[I] 15:32:29.621(00000000001FE548):[AMQP4]success consume 'sc.task.rpc.d9efc4e0a28c11e7a11641420dad7f56'
[I] 15:32:29.624(00000000001FE548):[AMQP0]success declare queue 'cf.alipay.rpc.d9b33110a28c11e7a11641420dad7f56'
[I] 15:32:29.625(00000000001FE548):[AMQP4]success binding 'amq.direct'->'sc.task.rpc.d9efc4e0a28c11e7a11641420dad7f56'(sc.task.rpc.d9efc4e0a28c11e7a11641420dad7f56)
[I] 15:32:29.627(00000000001FE548):[AMQP0]success consume 'cf.alipay.rpc.d9b33110a28c11e7a11641420dad7f56'
[I] 15:32:29.629(00000000001FE548):[AMQP0]success binding 'amq.direct'->'cf.alipay.rpc.d9b33110a28c11e7a11641420dad7f56'(cf.alipay.rpc.d9b33110a28c11e7a11641420dad7f56)
[I] 15:32:29.634(00000000001FE548):[AMQP0]success declare queue 'cf.ding.rpc.d9b46990a28c11e7a11641420dad7f56'
[I] 15:32:29.635(00000000001FE548):[AMQP0]success consume 'cf.ding.rpc.d9b46990a28c11e7a11641420dad7f56'
[I] 15:32:29.638(00000000001FE548):[AMQP0]success binding 'amq.direct'->'cf.ding.rpc.d9b46990a28c11e7a11641420dad7f56'(cf.ding.rpc.d9b46990a28c11e7a11641420dad7f56)
[I] 15:32:29.640(00000000001FE548):[AMQP0]success declare exchange 'cf.ding.notify'
[I] 15:32:29.643(00000000001FE548):[AMQP0]success declare queue 'jiaxingwang.sc_admin.ding.d9b63e50a28c11e7a11641420dad7f56'
[I] 15:32:29.645(00000000001FE548):[AMQP0]success consume 'jiaxingwang.sc_admin.ding.d9b63e50a28c11e7a11641420dad7f56'
[I] 15:32:29.648(00000000001FE548):[AMQP0]success binding 'cf.ding.notify'->'jiaxingwang.sc_admin.ding.d9b63e50a28c11e7a11641420dad7f56'(#)
[I] 15:32:29.651(00000000001FE548):[AMQP0]success declare queue 'sr.customer.rpc.d9b776d0a28c11e7a11641420dad7f56'
[I] 15:32:29.654(00000000001FE548):[AMQP0]success consume 'sr.customer.rpc.d9b776d0a28c11e7a11641420dad7f56'
[I] 15:32:29.657(00000000001FE548):[AMQP0]success binding 'amq.direct'->'sr.customer.rpc.d9b776d0a28c11e7a11641420dad7f56'(sr.customer.rpc.d9b776d0a28c11e7a11641420dad7f56)
[I] 15:32:29.659(00000000001FE548):[AMQP0]success declare exchange 'amq.direct'
[I] 15:32:29.662(00000000001FE548):[AMQP0]success declare queue 'sc.task.rpc.d9da8f30a28c11e7a11641420dad7f56'
[I] 15:32:29.664(00000000001FE548):[AMQP0]success consume 'sc.task.rpc.d9da8f30a28c11e7a11641420dad7f56'
[I] 15:32:29.666(00000000001FE548):[AMQP0]success binding 'amq.direct'->'sc.task.rpc.d9da8f30a28c11e7a11641420dad7f56'(sc.task.rpc.d9da8f30a28c11e7a11641420dad7f56)
[I] 15:32:29.669(00000000001FE548):[AMQP0]success declare queue 'sr.customer.tag.rpc.d9e05b90a28c11e7a11641420dad7f56'
[I] 15:32:29.671(00000000001FE548):[AMQP0]success consume 'sr.customer.tag.rpc.d9e05b90a28c11e7a11641420dad7f56'
[I] 15:32:29.674(00000000001FE548):[AMQP0]success binding 'amq.direct'->'sr.customer.tag.rpc.d9e05b90a28c11e7a11641420dad7f56'(sr.customer.tag.rpc.d9e05b90a28c11e7a11641420dad7f56)
[I] 15:32:29.677(00000000001FE548):[AMQP0]success declare queue 'sr.customer.point.rpc.d9e082a0a28c11e7a11641420dad7f56'
[I] 15:32:29.679(00000000001FE548):[AMQP0]success consume 'sr.customer.point.rpc.d9e082a0a28c11e7a11641420dad7f56'
[I] 15:32:29.681(00000000001FE548):[AMQP0]success binding 'amq.direct'->'sr.customer.point.rpc.d9e082a0a28c11e7a11641420dad7f56'(sr.customer.point.rpc.d9e082a0a28c11e7a11641420dad7f56)
[I] 15:32:29.685(00000000001FE548):[AMQP0]success declare queue 'sr.customer.coupon_class.rpc.d9e564a0a28c11e7a11641420dad7f56'
[I] 15:32:29.687(00000000001FE548):[AMQP0]success consume 'sr.customer.coupon_class.rpc.d9e564a0a28c11e7a11641420dad7f56'
[I] 15:32:29.689(00000000001FE548):[AMQP0]success binding 'amq.direct'->'sr.customer.coupon_class.rpc.d9e564a0a28c11e7a11641420dad7f56'(sr.customer.coupon_class.rpc.d9e564a0a28c11e7a11641420dad7f56)
[I] 15:32:29.692(00000000001FE548):[AMQP0]success declare queue 'sr.customer.coupon.rpc.d9e58bb0a28c11e7a11641420dad7f56'
[I] 15:32:29.694(00000000001FE548):[AMQP0]success consume 'sr.customer.coupon.rpc.d9e58bb0a28c11e7a11641420dad7f56'
[I] 15:32:29.697(00000000001FE548):[AMQP0]success binding 'amq.direct'->'sr.customer.coupon.rpc.d9e58bb0a28c11e7a11641420dad7f56'(sr.customer.coupon.rpc.d9e58bb0a28c11e7a11641420dad7f56)
[I] 15:32:29.700(00000000001FE548):[AMQP0]success declare queue 'cf.wxpay.rpc.d9e871e0a28c11e7a11641420dad7f56'
[I] 15:32:29.702(00000000001FE548):[AMQP0]success consume 'cf.wxpay.rpc.d9e871e0a28c11e7a11641420dad7f56'
[I] 15:32:29.704(00000000001FE548):[AMQP0]success binding 'amq.direct'->'cf.wxpay.rpc.d9e871e0a28c11e7a11641420dad7f56'(cf.wxpay.rpc.d9e871e0a28c11e7a11641420dad7f56)
[I] 15:32:29.715(00000000001FE548):[AMQP0]success declare queue 'cf.baidu.rpc.d9ec6980a28c11e7a11641420dad7f56'
[I] 15:32:29.717(00000000001FE548):[AMQP0]success consume 'cf.baidu.rpc.d9ec6980a28c11e7a11641420dad7f56'
[I] 15:32:29.726(00000000001FE548):[AMQP0]success binding 'amq.direct'->'cf.baidu.rpc.d9ec6980a28c11e7a11641420dad7f56'(cf.baidu.rpc.d9ec6980a28c11e7a11641420dad7f56)
[I] 15:32:29.729(00000000001FE548):[AMQP0]success declare queue 'sr.trade.rpc.d9f36e60a28c11e7a11641420dad7f56'
[I] 15:32:29.738(00000000001FE548):[AMQP0]success consume 'sr.trade.rpc.d9f36e60a28c11e7a11641420dad7f56'
[I] 15:32:29.742(00000000001FE548):[AMQP0]success binding 'amq.direct'->'sr.trade.rpc.d9f36e60a28c11e7a11641420dad7f56'(sr.trade.rpc.d9f36e60a28c11e7a11641420dad7f56)
[I] 15:32:30.003(000000000010DC3C):[AMQP0]created
[I] 15:32:30.012(000000000010DC3C):[AMQP0]declare queue 'cf.rpc.da5368b0a28c11e79ec689bd6d04373a'
[I] 15:32:30.013(000000000010DC3C):[RPCC:cf.rpc]create rpc client 'cf.rpc' in conn AMQP0
[I] 15:32:30.142(000000000010DC3C):PBEncoder success load file 'E:\product\protocol\cf.proto.js'
[I] 15:32:30.143(000000000010DC3C):[AMQP0]declare queue 'cf.wechat.rpc.da6765e0a28c11e79ec689bd6d04373a'
[I] 15:32:30.143(000000000010DC3C):[RPCC:cf.wechat.rpc]create rpc client 'cf.wechat.rpc' in conn AMQP0
[I] 15:32:30.221(000000000010DC3C):PBEncoder success load file 'E:\product\protocol\cf_wechat.proto.js'
[I] 15:32:30.222(000000000010DC3C):[AMQP0]declare exchange 'cf.wechat.notify'
[I] 15:32:30.223(000000000010DC3C):[AMQP0]declare queue 'jiaxingwang.sc_admin.wechat.da73c1f0a28c11e79ec689bd6d04373a'
[I] 15:32:30.223(000000000010DC3C):[AMQP0]declare queue 'cf.app.rpc.da73c1f1a28c11e79ec689bd6d04373a'
[I] 15:32:30.224(000000000010DC3C):[RPCC:cf.app.rpc]create rpc client 'cf.app.rpc' in conn AMQP0
[I] 15:32:30.228(000000000010DC3C):PBEncoder success load file 'E:\product\protocol\cf_app.proto.js'
[I] 15:32:30.228(000000000010DC3C):[AMQP0]declare queue 'cf.alipay.rpc.da748540a28c11e79ec689bd6d04373a'
[I] 15:32:30.229(000000000010DC3C):[RPCC:cf.alipay.rpc]create rpc client 'cf.alipay.rpc' in conn AMQP0
[I] 15:32:30.237(000000000010DC3C):PBEncoder success load file 'E:\product\protocol\cf_alipay.proto.js'
[I] 15:32:30.238(000000000010DC3C):[AMQP0]declare queue 'cf.ding.rpc.da75e4d0a28c11e79ec689bd6d04373a'
[I] 15:32:30.238(000000000010DC3C):[RPCC:cf.ding.rpc]create rpc client 'cf.ding.rpc' in conn AMQP0
[I] 15:32:30.248(000000000010DC3C):PBEncoder success load file 'E:\product\protocol\cf_ding.proto.js'
[I] 15:32:30.248(000000000010DC3C):[AMQP0]declare exchange 'cf.ding.notify'
[I] 15:32:30.249(000000000010DC3C):[AMQP0]declare queue 'jiaxingwang.sc_admin.ding.da77b990a28c11e79ec689bd6d04373a'
[I] 15:32:30.249(000000000010DC3C):[AM]init and reload account!
[I] 15:32:30.253(000000000010DC3C):[AM]reload account success, account number is: 0
[I] 15:32:30.256(000000000010DC3C):[AMQP0]declare queue 'sr.customer.rpc.da78cb00a28c11e79ec689bd6d04373a'
[I] 15:32:30.257(000000000010DC3C):[RPCC:sr.customer.rpc]create rpc client 'sr.customer.rpc' in conn AMQP0
[I] 15:32:30.265(000000000010DC3C):PBEncoder success load file 'E:\product\protocol\sr_customer.proto.js'
[W] 15:32:30.266(000000000010DC3C):[AMQP0]rpc client 'cf.rpc' declare repeat!
[W] 15:32:30.266(000000000010DC3C):[AMQP0]rpc client 'cf.wechat.rpc' declare repeat!
[W] 15:32:30.267(000000000010DC3C):[AMQP0]rpc client 'cf.app.rpc' declare repeat!
[I] 15:32:30.452(000000000010DC3C):PBEncoder success load file 'E:\product\protocol\sc_system.proto.js'
[D] 15:32:30.485(000000000010CE90):worker process log socket connected!
[D] 15:32:30.477(000000000010A4D8):worker 2# ready to connect master log socket server, port=26215
[D] 15:32:30.487(000000000010A4D8):worker 2# log socket connected!
[I] 15:32:30.491(000000000010DC3C):[AMQP1]created
[I] 15:32:30.492(000000000010DC3C):[AMQP1]declare exchange 'amq.direct'
[I] 15:32:30.493(000000000010DC3C):[AMQP1]declare queue 'cf.wechat.rpc.da9cf4d0a28c11e79ec689bd6d04373a'
[I] 15:32:30.493(000000000010DC3C):[RPCC:cf.wechat.rpc]create rpc client 'cf.wechat.rpc' in conn AMQP1
[I] 15:32:30.494(000000000010DC3C):[AMQP2]created
[I] 15:32:30.506(000000000010DC3C):[AMQP0]declare exchange 'amq.direct'
[I] 15:32:30.506(000000000010DC3C):[AMQP0]declare queue 'sc.task.rpc.da9ef0a0a28c11e79ec689bd6d04373a'
[I] 15:32:30.506(000000000010DC3C):[RPCC:sc.task.rpc]create rpc client 'sc.task.rpc' in conn AMQP0
[I] 15:32:30.516(000000000010DC3C):PBEncoder success load file 'E:\product\protocol\sc_task.proto.js'
[I] 15:32:30.539(000000000010DC3C):[AMQP0]declare queue 'sr.customer.tag.rpc.daa3f9b0a28c11e79ec689bd6d04373a'
[I] 15:32:30.539(000000000010DC3C):[RPCC:sr.customer.tag.rpc]create rpc client 'sr.customer.tag.rpc' in conn AMQP0
[I] 15:32:30.540(000000000010DC3C):[AMQP0]declare queue 'sr.customer.point.rpc.daa420c0a28c11e79ec689bd6d04373a'
[I] 15:32:30.540(000000000010DC3C):[RPCC:sr.customer.point.rpc]create rpc client 'sr.customer.point.rpc' in conn AMQP0
[I] 15:32:30.547(000000000010DC3C):PBEncoder success load file 'E:\product\protocol\sr_customer_point.proto.js'
[I] 15:32:30.555(000000000010DC3C):PBEncoder success load file 'E:\product\protocol\sr_customer_tag.proto.js'
[W] 15:32:30.564(000000000010DC3C):[AMQP0]rpc client 'cf.wechat.rpc' declare repeat!
[I] 15:32:30.564(000000000010DC3C):[AMQP0]declare queue 'sr.customer.coupon_class.rpc.daa7ca40a28c11e79ec689bd6d04373a'
[I] 15:32:30.565(000000000010DC3C):[RPCC:sr.customer.coupon_class.rpc]create rpc client 'sr.customer.coupon_class.rpc' in conn AMQP0
[I] 15:32:30.565(000000000010DC3C):[AMQP0]declare queue 'sr.customer.coupon.rpc.daa7f150a28c11e79ec689bd6d04373a'
[I] 15:32:30.565(000000000010DC3C):[RPCC:sr.customer.coupon.rpc]create rpc client 'sr.customer.coupon.rpc' in conn AMQP0
[I] 15:32:30.579(000000000010DC3C):PBEncoder success load file 'E:\product\protocol\sr_customer_coupon.proto.js'
[W] 15:32:30.579(000000000010DC3C):[AMQP0]rpc client 'cf.wechat.rpc' declare repeat!
[I] 15:32:30.580(000000000010DC3C):[AMQP0]declare queue 'cf.wxpay.rpc.daaa3b40a28c11e79ec689bd6d04373a'
[I] 15:32:30.580(000000000010DC3C):[RPCC:cf.wxpay.rpc]create rpc client 'cf.wxpay.rpc' in conn AMQP0
[I] 15:32:30.595(000000000010DC3C):PBEncoder success load file 'E:\product\protocol\cf_wxpay.proto.js'
[W] 15:32:30.595(000000000010DC3C):[AMQP0]rpc client 'sr.customer.point.rpc' declare repeat!
[W] 15:32:30.602(000000000010DC3C):[AMQP0]exchange amq.direct already declare!!
[W] 15:32:30.603(000000000010DC3C):[AMQP0]rpc client 'sr.customer.rpc' declare repeat!
[W] 15:32:30.603(000000000010DC3C):[AMQP0]rpc client 'sr.customer.coupon.rpc' declare repeat!
[W] 15:32:30.603(000000000010DC3C):[AMQP0]rpc client 'cf.wechat.rpc' declare repeat!
[W] 15:32:30.605(000000000010DC3C):[AMQP0]exchange amq.direct already declare!!
[I] 15:32:30.606(000000000010DC3C):[AMQP0]declare queue 'cf.baidu.rpc.daae32e0a28c11e79ec689bd6d04373a'
[I] 15:32:30.606(000000000010DC3C):[RPCC:cf.baidu.rpc]create rpc client 'cf.baidu.rpc' in conn AMQP0
[I] 15:32:30.610(000000000010DC3C):PBEncoder success load file 'E:\product\protocol\cf_baidu.proto.js'
[I] 15:32:30.615(000000000010DC3C):[AMQP3]created
[I] 15:32:30.623(000000000010DC3C):[AMQP4]created
[I] 15:32:30.624(000000000010DC3C):[AMQP4]declare exchange 'amq.direct'
[I] 15:32:30.624(000000000010DC3C):[AMQP4]declare queue 'cf.app.rpc.dab0f200a28c11e79ec689bd6d04373a'
[I] 15:32:30.624(000000000010DC3C):[RPCC:cf.app.rpc]create rpc client 'cf.app.rpc' in conn AMQP4
[I] 15:32:30.624(000000000010DC3C):[AMQP4]declare queue 'cf.wechat.rpc.dab0f201a28c11e79ec689bd6d04373a'
[I] 15:32:30.625(000000000010DC3C):[RPCC:cf.wechat.rpc]create rpc client 'cf.wechat.rpc' in conn AMQP4
[I] 15:32:30.625(000000000010DC3C):[AMQP4]declare queue 'cf.rpc.dab11910a28c11e79ec689bd6d04373a'
[I] 15:32:30.625(000000000010DC3C):[RPCC:cf.rpc]create rpc client 'cf.rpc' in conn AMQP4
[I] 15:32:30.626(000000000010DC3C):[AMQP4]declare queue 'sc.task.rpc.dab14020a28c11e79ec689bd6d04373a'
[I] 15:32:30.626(000000000010DC3C):[RPCC:sc.task.rpc]create rpc client 'sc.task.rpc' in conn AMQP4
[I] 15:32:30.628(000000000010DC3C):[AMQP5]created
[I] 15:32:30.629(000000000010DC3C):[AMQP5]declare exchange 'amq.direct'
[I] 15:32:30.629(000000000010DC3C):[AMQP5]declare queue 'cf.wechat.rpc.dab1b550a28c11e79ec689bd6d04373a'
[I] 15:32:30.629(000000000010DC3C):[RPCC:cf.wechat.rpc]create rpc client 'cf.wechat.rpc' in conn AMQP5
[W] 15:32:30.631(000000000010DC3C):[AMQP0]rpc client 'sr.customer.point.rpc' declare repeat!
[I] 15:32:30.633(000000000010DC3C):[AMQP6]created
[I] 15:32:30.633(000000000010DC3C):[AMQP6]declare exchange 'amq.direct'
[I] 15:32:30.634(000000000010DC3C):[AMQP6]declare queue 'cf.wechat.rpc.dab278a0a28c11e79ec689bd6d04373a'
[I] 15:32:30.634(000000000010DC3C):[RPCC:cf.wechat.rpc]create rpc client 'cf.wechat.rpc' in conn AMQP6
[I] 15:32:30.638(000000000010DC3C):[AMQP7]created
[I] 15:32:30.639(000000000010DC3C):[AMQP7]declare exchange 'amq.direct'
[I] 15:32:30.639(000000000010DC3C):[AMQP7]declare queue 'sc.task.rpc.dab33bf0a28c11e79ec689bd6d04373a'
[I] 15:32:30.639(000000000010DC3C):[RPCC:sc.task.rpc]create rpc client 'sc.task.rpc' in conn AMQP7
[I] 15:32:30.639(000000000010DC3C):[AMQP7]declare queue 'sr.customer.rewardfail.dab33bf1a28c11e79ec689bd6d04373a'
[I] 15:32:30.639(000000000010DC3C):[RPCC:sr.customer.rewardfail]create rpc client 'sr.customer.rewardfail' in conn AMQP7
[W] 15:32:30.643(000000000010DC3C):[AMQP0]exchange amq.direct already declare!!
[W] 15:32:30.643(000000000010DC3C):[AMQP0]rpc client 'sr.customer.tag.rpc' declare repeat!
[W] 15:32:30.643(000000000010DC3C):[AMQP0]rpc client 'sc.task.rpc' declare repeat!
[W] 15:32:30.645(000000000010DC3C):[AMQP0]exchange amq.direct already declare!!
[I] 15:32:30.646(000000000010DC3C):[AMQP0]declare queue 'sr.trade.rpc.dab44d60a28c11e79ec689bd6d04373a'
[I] 15:32:30.646(000000000010DC3C):[RPCC:sr.trade.rpc]create rpc client 'sr.trade.rpc' in conn AMQP0
[I] 15:32:30.649(000000000010DC3C):PBEncoder success load file 'E:\product\protocol\sr_trade.proto.js'
[I] 15:32:30.652(000000000010DC3C):[AMQP8]created
[I] 15:32:30.653(000000000010DC3C):[AMQP8]declare exchange 'amq.direct'
[I] 15:32:30.653(000000000010DC3C):[AMQP8]declare queue 'cf.wechat.rpc.dab55ed0a28c11e79ec689bd6d04373a'
[I] 15:32:30.653(000000000010DC3C):[RPCC:cf.wechat.rpc]create rpc client 'cf.wechat.rpc' in conn AMQP8
[T] 15:32:30.673(000000000010DC3C):Http is running,port is 18910
[I] 15:32:30.677(000000000010DC3C):[redis]redis connect
[I] 15:32:30.691(000000000010DC3C):[redis]redis ready
[I] 15:32:30.693(000000000010DC3C):[MP1]create connection #0
[T] 15:32:30.694(000000000010DC3C):[MP1]getConnection success,getIndex=0
[I] 15:32:30.694(000000000010DC3C):[MP1]create connection #1
[T] 15:32:30.695(000000000010DC3C):[MP1]getConnection success,getIndex=1
[T] 15:32:30.700(000000000010DC3C):[MySQL]Query success,used time:5 ms,sql="select * from cf_account where enabled=1 and function_mask like \"1%\""
[T] 15:32:30.701(000000000010DC3C):getConnection release,getIndex=0
[I] 15:32:30.701(000000000010DC3C):[AM]get account list success: [{"innerid":"HEDV35FASG-DGW423A-34TGGW53AAD66","name":"乐逛演示","org_id":"1","shop_id":null,"settlement_id":null,"method_code":1,"method_code_key":"wechat_test3_1","function_mask":"10","config":"{\"accountid\":\"gh_92368265694f\",\"fee_type\":\"CNY\",\"appid\":\"wx39bf9ff3da6fc1e7\",\"appsecret\":\"e00fc51118b318fb99cff35d217865fc\",\"mch_id\":\"1287801701\",\"sub_mch_id\":\"\",\"sign_key\":\"smartpaysmartpaysmartpaysmartpay\",\"key_file\":\"apiclient_key.pem\",\"cert_file\":\"apiclient_cert.pem\",\"pay_authorization_dir\":[\"\",\"\",\"\"],\"pay_native_callback\":\"\",\"pay_finish_notify\":\"1\",\"pay_alarm_notify\":\"\"}","enabled":1,"desc":null},{"innerid":"SE43RG3ASG-34GWW55A-34TG43HER452","name":"短信测试一","org_id":"1","shop_id":null,"settlement_id":null,"method_code":2,"method_code_key":"wechat_test1_2","function_mask":"10","config":"{\"url\" : \"http://211.147.239.62:9050/cgi-bin/sendsms\",\"username\" : \"shopperconnect@smartac\",\"password\" : \"shopCNT@smartc2016\"}","enabled":1,"desc":null},{"innerid":"SMFGSW423GWS-G43HTEHE2-HHEDR5462HS","name":"邮件测试一","org_id":"1","shop_id":null,"settlement_id":null,"method_code":3,"method_code_key":"wechat_test1_3","function_mask":"10","config":"{\"smtpserver\" : \"smtp.163.com\",\"port\": 25,\"username\" : \"zyqtest5@163.com\",\"password\" : \"zyqtest5881119\",\"SSL\":false}","enabled":1,"desc":null}]
[T] 15:32:30.710(000000000010DC3C):[MySQL]Query success,used time:13 ms,sql="SELECT * FROM `sc_org`"
[T] 15:32:30.711(000000000010DC3C):getConnection release,getIndex=1
[I] 15:32:30.756(000000000010DC3C):[AMQP4]AMQP4 connect 'amqp://guest:guest@172.16.0.81:5672' success!
[I] 15:32:30.763(000000000010DC3C):[AMQP0]AMQP0 connect 'amqp://guest:guest@172.16.0.81:5672' success!
[I] 15:32:30.767(000000000010DC3C):[AMQP1]AMQP1 connect 'amqp://guest:guest@172.16.0.81:5672' success!
[I] 15:32:30.768(000000000010DC3C):[AMQP5]AMQP5 connect 'amqp://guest:guest@172.16.0.81:5672' success!
[I] 15:32:30.769(000000000010DC3C):[AMQP6]AMQP6 connect 'amqp://guest:guest@172.16.0.81:5672' success!
[I] 15:32:30.771(000000000010DC3C):[AMQP7]AMQP7 connect 'amqp://guest:guest@172.16.0.81:5672' success!
[I] 15:32:30.772(000000000010DC3C):[AMQP8]AMQP8 connect 'amqp://guest:guest@172.16.0.81:5672' success!
[I] 15:32:30.778(000000000010DC3C):[AMQP4]success declare exchange 'amq.direct'
[I] 15:32:30.782(000000000010DC3C):[AMQP0]success declare queue 'cf.rpc.da5368b0a28c11e79ec689bd6d04373a'
[I] 15:32:30.783(000000000010DC3C):[AMQP8]success declare exchange 'amq.direct'
[I] 15:32:30.783(000000000010DC3C):[AMQP5]success declare exchange 'amq.direct'
[I] 15:32:30.784(000000000010DC3C):[AMQP1]success declare exchange 'amq.direct'
[I] 15:32:30.784(000000000010DC3C):[AMQP7]success declare exchange 'amq.direct'
[I] 15:32:30.785(000000000010DC3C):[AMQP6]success declare exchange 'amq.direct'
[I] 15:32:30.786(000000000010DC3C):[AMQP0]success consume 'cf.rpc.da5368b0a28c11e79ec689bd6d04373a'
[I] 15:32:30.787(000000000010DC3C):[AMQP4]success declare queue 'cf.app.rpc.dab0f200a28c11e79ec689bd6d04373a'
[I] 15:32:30.789(000000000010DC3C):[AMQP5]success declare queue 'cf.wechat.rpc.dab1b550a28c11e79ec689bd6d04373a'
[I] 15:32:30.790(000000000010DC3C):[AMQP1]success declare queue 'cf.wechat.rpc.da9cf4d0a28c11e79ec689bd6d04373a'
[I] 15:32:30.791(000000000010DC3C):[AMQP6]success declare queue 'cf.wechat.rpc.dab278a0a28c11e79ec689bd6d04373a'
[I] 15:32:30.792(000000000010DC3C):[AMQP4]success consume 'cf.app.rpc.dab0f200a28c11e79ec689bd6d04373a'
[I] 15:32:30.793(000000000010DC3C):[AMQP8]success declare queue 'cf.wechat.rpc.dab55ed0a28c11e79ec689bd6d04373a'
[I] 15:32:30.793(000000000010DC3C):[AMQP5]success consume 'cf.wechat.rpc.dab1b550a28c11e79ec689bd6d04373a'
[I] 15:32:30.794(000000000010DC3C):[AMQP7]success declare queue 'sc.task.rpc.dab33bf0a28c11e79ec689bd6d04373a'
[I] 15:32:30.795(000000000010DC3C):[AMQP0]success binding 'amq.direct'->'cf.rpc.da5368b0a28c11e79ec689bd6d04373a'(cf.rpc.da5368b0a28c11e79ec689bd6d04373a)
[I] 15:32:30.795(000000000010DC3C):[AMQP1]success consume 'cf.wechat.rpc.da9cf4d0a28c11e79ec689bd6d04373a'
[I] 15:32:30.796(000000000010DC3C):[AMQP6]success consume 'cf.wechat.rpc.dab278a0a28c11e79ec689bd6d04373a'
[I] 15:32:30.796(000000000010DC3C):[AMQP8]success consume 'cf.wechat.rpc.dab55ed0a28c11e79ec689bd6d04373a'
[I] 15:32:30.796(000000000010DC3C):[AMQP4]success binding 'amq.direct'->'cf.app.rpc.dab0f200a28c11e79ec689bd6d04373a'(cf.app.rpc.dab0f200a28c11e79ec689bd6d04373a)
[I] 15:32:30.797(000000000010DC3C):[AMQP7]success consume 'sc.task.rpc.dab33bf0a28c11e79ec689bd6d04373a'
[I] 15:32:30.798(000000000010DC3C):[AMQP5]success binding 'amq.direct'->'cf.wechat.rpc.dab1b550a28c11e79ec689bd6d04373a'(cf.wechat.rpc.dab1b550a28c11e79ec689bd6d04373a)
[I] 15:32:30.799(000000000010DC3C):[AMQP8]success binding 'amq.direct'->'cf.wechat.rpc.dab55ed0a28c11e79ec689bd6d04373a'(cf.wechat.rpc.dab55ed0a28c11e79ec689bd6d04373a)
[I] 15:32:30.799(000000000010DC3C):[AMQP6]success binding 'amq.direct'->'cf.wechat.rpc.dab278a0a28c11e79ec689bd6d04373a'(cf.wechat.rpc.dab278a0a28c11e79ec689bd6d04373a)
[I] 15:32:30.800(000000000010DC3C):[AMQP1]success binding 'amq.direct'->'cf.wechat.rpc.da9cf4d0a28c11e79ec689bd6d04373a'(cf.wechat.rpc.da9cf4d0a28c11e79ec689bd6d04373a)
[I] 15:32:30.801(000000000010DC3C):[AMQP0]success declare queue 'cf.wechat.rpc.da6765e0a28c11e79ec689bd6d04373a'
[I] 15:32:30.801(000000000010DC3C):[AMQP7]success binding 'amq.direct'->'sc.task.rpc.dab33bf0a28c11e79ec689bd6d04373a'(sc.task.rpc.dab33bf0a28c11e79ec689bd6d04373a)
[I] 15:32:30.802(000000000010DC3C):[AMQP4]success declare queue 'cf.wechat.rpc.dab0f201a28c11e79ec689bd6d04373a'
[I] 15:32:30.804(000000000010DC3C):[AMQP4]success consume 'cf.wechat.rpc.dab0f201a28c11e79ec689bd6d04373a'
[I] 15:32:30.805(000000000010DC3C):[AMQP0]success consume 'cf.wechat.rpc.da6765e0a28c11e79ec689bd6d04373a'
[I] 15:32:30.806(000000000010DC3C):[AMQP7]success declare queue 'sr.customer.rewardfail.dab33bf1a28c11e79ec689bd6d04373a'
[I] 15:32:30.807(000000000010DC3C):[AMQP4]success binding 'amq.direct'->'cf.wechat.rpc.dab0f201a28c11e79ec689bd6d04373a'(cf.wechat.rpc.dab0f201a28c11e79ec689bd6d04373a)
[I] 15:32:30.808(000000000010DC3C):[AMQP0]success binding 'amq.direct'->'cf.wechat.rpc.da6765e0a28c11e79ec689bd6d04373a'(cf.wechat.rpc.da6765e0a28c11e79ec689bd6d04373a)
[I] 15:32:30.809(000000000010DC3C):[AMQP7]success consume 'sr.customer.rewardfail.dab33bf1a28c11e79ec689bd6d04373a'
[I] 15:32:30.811(000000000010DC3C):[AMQP4]success declare queue 'cf.rpc.dab11910a28c11e79ec689bd6d04373a'
[I] 15:32:30.811(000000000010DC3C):[AMQP0]success declare exchange 'cf.wechat.notify'
[I] 15:32:30.812(000000000010DC3C):[AMQP7]success binding 'amq.direct'->'sr.customer.rewardfail.dab33bf1a28c11e79ec689bd6d04373a'(sr.customer.rewardfail.dab33bf1a28c11e79ec689bd6d04373a)
[I] 15:32:30.812(000000000010DC3C):[AMQP4]success consume 'cf.rpc.dab11910a28c11e79ec689bd6d04373a'
[I] 15:32:30.815(000000000010DC3C):[AMQP0]success declare queue 'jiaxingwang.sc_admin.wechat.da73c1f0a28c11e79ec689bd6d04373a'
[I] 15:32:30.816(000000000010DC3C):[AMQP4]success binding 'amq.direct'->'cf.rpc.dab11910a28c11e79ec689bd6d04373a'(cf.rpc.dab11910a28c11e79ec689bd6d04373a)
[I] 15:32:30.817(000000000010DC3C):[AMQP0]success consume 'jiaxingwang.sc_admin.wechat.da73c1f0a28c11e79ec689bd6d04373a'
[I] 15:32:30.820(000000000010DC3C):[AMQP4]success declare queue 'sc.task.rpc.dab14020a28c11e79ec689bd6d04373a'
[I] 15:32:30.821(000000000010DC3C):[AMQP0]success binding 'cf.wechat.notify'->'jiaxingwang.sc_admin.wechat.da73c1f0a28c11e79ec689bd6d04373a'(#)
[I] 15:32:30.822(000000000010DC3C):[AMQP4]success consume 'sc.task.rpc.dab14020a28c11e79ec689bd6d04373a'
[I] 15:32:30.825(000000000010DC3C):[AMQP0]success declare queue 'cf.app.rpc.da73c1f1a28c11e79ec689bd6d04373a'
[I] 15:32:30.826(000000000010DC3C):[AMQP4]success binding 'amq.direct'->'sc.task.rpc.dab14020a28c11e79ec689bd6d04373a'(sc.task.rpc.dab14020a28c11e79ec689bd6d04373a)
[I] 15:32:30.827(000000000010DC3C):[AMQP0]success consume 'cf.app.rpc.da73c1f1a28c11e79ec689bd6d04373a'
[I] 15:32:30.829(000000000010DC3C):[AMQP0]success binding 'amq.direct'->'cf.app.rpc.da73c1f1a28c11e79ec689bd6d04373a'(cf.app.rpc.da73c1f1a28c11e79ec689bd6d04373a)
[I] 15:32:30.832(000000000010DC3C):[AMQP0]success declare queue 'cf.alipay.rpc.da748540a28c11e79ec689bd6d04373a'
[I] 15:32:30.834(000000000010DC3C):[AMQP0]success consume 'cf.alipay.rpc.da748540a28c11e79ec689bd6d04373a'
[I] 15:32:30.837(000000000010DC3C):[AMQP0]success binding 'amq.direct'->'cf.alipay.rpc.da748540a28c11e79ec689bd6d04373a'(cf.alipay.rpc.da748540a28c11e79ec689bd6d04373a)
[I] 15:32:30.841(000000000010DC3C):[AMQP0]success declare queue 'cf.ding.rpc.da75e4d0a28c11e79ec689bd6d04373a'
[I] 15:32:30.844(000000000010DC3C):[AMQP0]success consume 'cf.ding.rpc.da75e4d0a28c11e79ec689bd6d04373a'
[I] 15:32:30.846(000000000010DC3C):[AMQP0]success binding 'amq.direct'->'cf.ding.rpc.da75e4d0a28c11e79ec689bd6d04373a'(cf.ding.rpc.da75e4d0a28c11e79ec689bd6d04373a)
[I] 15:32:30.847(000000000010DC3C):[AMQP0]success declare exchange 'cf.ding.notify'
[I] 15:32:30.850(000000000010DC3C):[AMQP0]success declare queue 'jiaxingwang.sc_admin.ding.da77b990a28c11e79ec689bd6d04373a'
[I] 15:32:30.852(000000000010DC3C):[AMQP0]success consume 'jiaxingwang.sc_admin.ding.da77b990a28c11e79ec689bd6d04373a'
[I] 15:32:30.855(000000000010DC3C):[AMQP0]success binding 'cf.ding.notify'->'jiaxingwang.sc_admin.ding.da77b990a28c11e79ec689bd6d04373a'(#)
[I] 15:32:30.858(000000000010DC3C):[AMQP0]success declare queue 'sr.customer.rpc.da78cb00a28c11e79ec689bd6d04373a'
[I] 15:32:30.861(000000000010DC3C):[AMQP0]success consume 'sr.customer.rpc.da78cb00a28c11e79ec689bd6d04373a'
[I] 15:32:30.864(000000000010DC3C):[AMQP0]success binding 'amq.direct'->'sr.customer.rpc.da78cb00a28c11e79ec689bd6d04373a'(sr.customer.rpc.da78cb00a28c11e79ec689bd6d04373a)
[I] 15:32:30.865(000000000010DC3C):[AMQP0]success declare exchange 'amq.direct'
[I] 15:32:30.869(000000000010DC3C):[AMQP0]success declare queue 'sc.task.rpc.da9ef0a0a28c11e79ec689bd6d04373a'
[I] 15:32:30.871(000000000010DC3C):[AMQP0]success consume 'sc.task.rpc.da9ef0a0a28c11e79ec689bd6d04373a'
[I] 15:32:30.874(000000000010DC3C):[AMQP0]success binding 'amq.direct'->'sc.task.rpc.da9ef0a0a28c11e79ec689bd6d04373a'(sc.task.rpc.da9ef0a0a28c11e79ec689bd6d04373a)
[I] 15:32:30.878(000000000010DC3C):[AMQP0]success declare queue 'sr.customer.tag.rpc.daa3f9b0a28c11e79ec689bd6d04373a'
[I] 15:32:30.881(000000000010DC3C):[AMQP0]success consume 'sr.customer.tag.rpc.daa3f9b0a28c11e79ec689bd6d04373a'
[I] 15:32:30.884(000000000010DC3C):[AMQP0]success binding 'amq.direct'->'sr.customer.tag.rpc.daa3f9b0a28c11e79ec689bd6d04373a'(sr.customer.tag.rpc.daa3f9b0a28c11e79ec689bd6d04373a)
[I] 15:32:30.887(000000000010DC3C):[AMQP0]success declare queue 'sr.customer.point.rpc.daa420c0a28c11e79ec689bd6d04373a'
[I] 15:32:30.901(000000000010DC3C):[AMQP0]success consume 'sr.customer.point.rpc.daa420c0a28c11e79ec689bd6d04373a'
[I] 15:32:30.905(000000000010DC3C):[AMQP0]success binding 'amq.direct'->'sr.customer.point.rpc.daa420c0a28c11e79ec689bd6d04373a'(sr.customer.point.rpc.daa420c0a28c11e79ec689bd6d04373a)
[I] 15:32:30.909(000000000010DC3C):[AMQP0]success declare queue 'sr.customer.coupon_class.rpc.daa7ca40a28c11e79ec689bd6d04373a'
[I] 15:32:30.911(000000000010DC3C):[AMQP0]success consume 'sr.customer.coupon_class.rpc.daa7ca40a28c11e79ec689bd6d04373a'
[I] 15:32:30.914(000000000010DC3C):[AMQP0]success binding 'amq.direct'->'sr.customer.coupon_class.rpc.daa7ca40a28c11e79ec689bd6d04373a'(sr.customer.coupon_class.rpc.daa7ca40a28c11e79ec689bd6d04373a)
[I] 15:32:30.918(000000000010DC3C):[AMQP0]success declare queue 'sr.customer.coupon.rpc.daa7f150a28c11e79ec689bd6d04373a'
[I] 15:32:30.921(000000000010DC3C):[AMQP0]success consume 'sr.customer.coupon.rpc.daa7f150a28c11e79ec689bd6d04373a'
[I] 15:32:30.923(000000000010DC3C):[AMQP0]success binding 'amq.direct'->'sr.customer.coupon.rpc.daa7f150a28c11e79ec689bd6d04373a'(sr.customer.coupon.rpc.daa7f150a28c11e79ec689bd6d04373a)
[I] 15:32:30.927(000000000010DC3C):[AMQP0]success declare queue 'cf.wxpay.rpc.daaa3b40a28c11e79ec689bd6d04373a'
[I] 15:32:30.930(000000000010DC3C):[AMQP0]success consume 'cf.wxpay.rpc.daaa3b40a28c11e79ec689bd6d04373a'
[I] 15:32:30.932(000000000010DC3C):[AMQP0]success binding 'amq.direct'->'cf.wxpay.rpc.daaa3b40a28c11e79ec689bd6d04373a'(cf.wxpay.rpc.daaa3b40a28c11e79ec689bd6d04373a)
[I] 15:32:30.936(000000000010DC3C):[AMQP0]success declare queue 'cf.baidu.rpc.daae32e0a28c11e79ec689bd6d04373a'
[I] 15:32:30.938(000000000010DC3C):[AMQP0]success consume 'cf.baidu.rpc.daae32e0a28c11e79ec689bd6d04373a'
[I] 15:32:30.941(000000000010DC3C):[AMQP0]success binding 'amq.direct'->'cf.baidu.rpc.daae32e0a28c11e79ec689bd6d04373a'(cf.baidu.rpc.daae32e0a28c11e79ec689bd6d04373a)
[I] 15:32:30.945(000000000010DC3C):[AMQP0]success declare queue 'sr.trade.rpc.dab44d60a28c11e79ec689bd6d04373a'
[I] 15:32:30.947(000000000010DC3C):[AMQP0]success consume 'sr.trade.rpc.dab44d60a28c11e79ec689bd6d04373a'
[I] 15:32:30.949(000000000010DC3C):[AMQP0]success binding 'amq.direct'->'sr.trade.rpc.dab44d60a28c11e79ec689bd6d04373a'(sr.trade.rpc.dab44d60a28c11e79ec689bd6d04373a)
[I] 15:32:31.020(000000000010A4D8):[AMQP0]created
[I] 15:32:31.029(000000000010A4D8):[AMQP0]declare queue 'cf.rpc.daee9740a28c11e783bc5b7146c42f4f'
[I] 15:32:31.030(000000000010A4D8):[RPCC:cf.rpc]create rpc client 'cf.rpc' in conn AMQP0
[I] 15:32:31.139(000000000010A4D8):PBEncoder success load file 'E:\product\protocol\cf.proto.js'
[I] 15:32:31.140(000000000010A4D8):[AMQP0]declare queue 'cf.wechat.rpc.daffae40a28c11e783bc5b7146c42f4f'
[I] 15:32:31.141(000000000010A4D8):[RPCC:cf.wechat.rpc]create rpc client 'cf.wechat.rpc' in conn AMQP0
[I] 15:32:31.197(000000000010A4D8):PBEncoder success load file 'E:\product\protocol\cf_wechat.proto.js'
[I] 15:32:31.198(000000000010A4D8):[AMQP0]declare exchange 'cf.wechat.notify'
[I] 15:32:31.198(000000000010A4D8):[AMQP0]declare queue 'jiaxingwang.sc_admin.wechat.db0887e0a28c11e783bc5b7146c42f4f'
[I] 15:32:31.198(000000000010A4D8):[AMQP0]declare queue 'cf.app.rpc.db0887e1a28c11e783bc5b7146c42f4f'
[I] 15:32:31.199(000000000010A4D8):[RPCC:cf.app.rpc]create rpc client 'cf.app.rpc' in conn AMQP0
[I] 15:32:31.203(000000000010A4D8):PBEncoder success load file 'E:\product\protocol\cf_app.proto.js'
[I] 15:32:31.203(000000000010A4D8):[AMQP0]declare queue 'cf.alipay.rpc.db094b30a28c11e783bc5b7146c42f4f'
[I] 15:32:31.203(000000000010A4D8):[RPCC:cf.alipay.rpc]create rpc client 'cf.alipay.rpc' in conn AMQP0
[I] 15:32:31.211(000000000010A4D8):PBEncoder success load file 'E:\product\protocol\cf_alipay.proto.js'
[I] 15:32:31.211(000000000010A4D8):[AMQP0]declare queue 'cf.ding.rpc.db0a83b0a28c11e783bc5b7146c42f4f'
[I] 15:32:31.211(000000000010A4D8):[RPCC:cf.ding.rpc]create rpc client 'cf.ding.rpc' in conn AMQP0
[I] 15:32:31.221(000000000010A4D8):PBEncoder success load file 'E:\product\protocol\cf_ding.proto.js'
[I] 15:32:31.221(000000000010A4D8):[AMQP0]declare exchange 'cf.ding.notify'
[I] 15:32:31.221(000000000010A4D8):[AMQP0]declare queue 'jiaxingwang.sc_admin.ding.db0c0a50a28c11e783bc5b7146c42f4f'
[I] 15:32:31.222(000000000010A4D8):[AM]init and reload account!
[I] 15:32:31.225(000000000010A4D8):[AM]reload account success, account number is: 0
[I] 15:32:31.228(000000000010A4D8):[AMQP0]declare queue 'sr.customer.rpc.db0d1bc0a28c11e783bc5b7146c42f4f'
[I] 15:32:31.229(000000000010A4D8):[RPCC:sr.customer.rpc]create rpc client 'sr.customer.rpc' in conn AMQP0
[I] 15:32:31.236(000000000010A4D8):PBEncoder success load file 'E:\product\protocol\sr_customer.proto.js'
[W] 15:32:31.237(000000000010A4D8):[AMQP0]rpc client 'cf.rpc' declare repeat!
[W] 15:32:31.237(000000000010A4D8):[AMQP0]rpc client 'cf.wechat.rpc' declare repeat!
[W] 15:32:31.237(000000000010A4D8):[AMQP0]rpc client 'cf.app.rpc' declare repeat!
[I] 15:32:31.388(000000000010A4D8):PBEncoder success load file 'E:\product\protocol\sc_system.proto.js'
[I] 15:32:31.429(000000000010A4D8):[AMQP1]created
[I] 15:32:31.430(000000000010A4D8):[AMQP1]declare exchange 'amq.direct'
[I] 15:32:31.431(000000000010A4D8):[AMQP1]declare queue 'cf.wechat.rpc.db2bee60a28c11e783bc5b7146c42f4f'
[I] 15:32:31.431(000000000010A4D8):[RPCC:cf.wechat.rpc]create rpc client 'cf.wechat.rpc' in conn AMQP1
[I] 15:32:31.432(000000000010A4D8):[AMQP2]created
[I] 15:32:31.436(000000000010A4D8):[AMQP0]declare exchange 'amq.direct'
[I] 15:32:31.436(000000000010A4D8):[AMQP0]declare queue 'sc.task.rpc.db2cd8c0a28c11e783bc5b7146c42f4f'
[I] 15:32:31.436(000000000010A4D8):[RPCC:sc.task.rpc]create rpc client 'sc.task.rpc' in conn AMQP0
[I] 15:32:31.443(000000000010A4D8):PBEncoder success load file 'E:\product\protocol\sc_task.proto.js'
[I] 15:32:31.465(000000000010A4D8):[AMQP0]declare queue 'sr.customer.tag.rpc.db314590a28c11e783bc5b7146c42f4f'
[I] 15:32:31.465(000000000010A4D8):[RPCC:sr.customer.tag.rpc]create rpc client 'sr.customer.tag.rpc' in conn AMQP0
[I] 15:32:31.465(000000000010A4D8):[AMQP0]declare queue 'sr.customer.point.rpc.db314591a28c11e783bc5b7146c42f4f'
[I] 15:32:31.466(000000000010A4D8):[RPCC:sr.customer.point.rpc]create rpc client 'sr.customer.point.rpc' in conn AMQP0
[I] 15:32:31.472(000000000010A4D8):PBEncoder success load file 'E:\product\protocol\sr_customer_point.proto.js'
[I] 15:32:31.479(000000000010A4D8):PBEncoder success load file 'E:\product\protocol\sr_customer_tag.proto.js'
[W] 15:32:31.487(000000000010A4D8):[AMQP0]rpc client 'cf.wechat.rpc' declare repeat!
[I] 15:32:31.488(000000000010A4D8):[AMQP0]declare queue 'sr.customer.coupon_class.rpc.db34c800a28c11e783bc5b7146c42f4f'
[I] 15:32:31.488(000000000010A4D8):[RPCC:sr.customer.coupon_class.rpc]create rpc client 'sr.customer.coupon_class.rpc' in conn AMQP0
[I] 15:32:31.489(000000000010A4D8):[AMQP0]declare queue 'sr.customer.coupon.rpc.db34ef10a28c11e783bc5b7146c42f4f'
[I] 15:32:31.489(000000000010A4D8):[RPCC:sr.customer.coupon.rpc]create rpc client 'sr.customer.coupon.rpc' in conn AMQP0
[I] 15:32:31.501(000000000010A4D8):PBEncoder success load file 'E:\product\protocol\sr_customer_coupon.proto.js'
[W] 15:32:31.501(000000000010A4D8):[AMQP0]rpc client 'cf.wechat.rpc' declare repeat!
[I] 15:32:31.501(000000000010A4D8):[AMQP0]declare queue 'cf.wxpay.rpc.db36c3d0a28c11e783bc5b7146c42f4f'
[I] 15:32:31.501(000000000010A4D8):[RPCC:cf.wxpay.rpc]create rpc client 'cf.wxpay.rpc' in conn AMQP0
[I] 15:32:31.515(000000000010A4D8):PBEncoder success load file 'E:\product\protocol\cf_wxpay.proto.js'
[W] 15:32:31.516(000000000010A4D8):[AMQP0]rpc client 'sr.customer.point.rpc' declare repeat!
[W] 15:32:31.523(000000000010A4D8):[AMQP0]exchange amq.direct already declare!!
[W] 15:32:31.523(000000000010A4D8):[AMQP0]rpc client 'sr.customer.rpc' declare repeat!
[W] 15:32:31.524(000000000010A4D8):[AMQP0]rpc client 'sr.customer.coupon.rpc' declare repeat!
[W] 15:32:31.524(000000000010A4D8):[AMQP0]rpc client 'cf.wechat.rpc' declare repeat!
[W] 15:32:31.526(000000000010A4D8):[AMQP0]exchange amq.direct already declare!!
[I] 15:32:31.527(000000000010A4D8):[AMQP0]declare queue 'cf.baidu.rpc.db3abb70a28c11e783bc5b7146c42f4f'
[I] 15:32:31.527(000000000010A4D8):[RPCC:cf.baidu.rpc]create rpc client 'cf.baidu.rpc' in conn AMQP0
[I] 15:32:31.531(000000000010A4D8):PBEncoder success load file 'E:\product\protocol\cf_baidu.proto.js'
[I] 15:32:31.536(000000000010A4D8):[AMQP3]created
[I] 15:32:31.545(000000000010A4D8):[AMQP4]created
[I] 15:32:31.545(000000000010A4D8):[AMQP4]declare exchange 'amq.direct'
[I] 15:32:31.545(000000000010A4D8):[AMQP4]declare queue 'cf.app.rpc.db3d7a90a28c11e783bc5b7146c42f4f'
[I] 15:32:31.546(000000000010A4D8):[RPCC:cf.app.rpc]create rpc client 'cf.app.rpc' in conn AMQP4
[I] 15:32:31.546(000000000010A4D8):[AMQP4]declare queue 'cf.wechat.rpc.db3da1a0a28c11e783bc5b7146c42f4f'
[I] 15:32:31.546(000000000010A4D8):[RPCC:cf.wechat.rpc]create rpc client 'cf.wechat.rpc' in conn AMQP4
[I] 15:32:31.546(000000000010A4D8):[AMQP4]declare queue 'cf.rpc.db3da1a1a28c11e783bc5b7146c42f4f'
[I] 15:32:31.547(000000000010A4D8):[RPCC:cf.rpc]create rpc client 'cf.rpc' in conn AMQP4
[I] 15:32:31.547(000000000010A4D8):[AMQP4]declare queue 'sc.task.rpc.db3dc8b0a28c11e783bc5b7146c42f4f'
[I] 15:32:31.547(000000000010A4D8):[RPCC:sc.task.rpc]create rpc client 'sc.task.rpc' in conn AMQP4
[I] 15:32:31.550(000000000010A4D8):[AMQP5]created
[I] 15:32:31.551(000000000010A4D8):[AMQP5]declare exchange 'amq.direct'
[I] 15:32:31.551(000000000010A4D8):[AMQP5]declare queue 'cf.wechat.rpc.db3e64f0a28c11e783bc5b7146c42f4f'
[I] 15:32:31.551(000000000010A4D8):[RPCC:cf.wechat.rpc]create rpc client 'cf.wechat.rpc' in conn AMQP5
[W] 15:32:31.553(000000000010A4D8):[AMQP0]rpc client 'sr.customer.point.rpc' declare repeat!
[I] 15:32:31.555(000000000010A4D8):[AMQP6]created
[I] 15:32:31.556(000000000010A4D8):[AMQP6]declare exchange 'amq.direct'
[I] 15:32:31.556(000000000010A4D8):[AMQP6]declare queue 'cf.wechat.rpc.db3f2840a28c11e783bc5b7146c42f4f'
[I] 15:32:31.556(000000000010A4D8):[RPCC:cf.wechat.rpc]create rpc client 'cf.wechat.rpc' in conn AMQP6
[I] 15:32:31.561(000000000010A4D8):[AMQP7]created
[I] 15:32:31.561(000000000010A4D8):[AMQP7]declare exchange 'amq.direct'
[I] 15:32:31.562(000000000010A4D8):[AMQP7]declare queue 'sc.task.rpc.db4012a0a28c11e783bc5b7146c42f4f'
[I] 15:32:31.562(000000000010A4D8):[RPCC:sc.task.rpc]create rpc client 'sc.task.rpc' in conn AMQP7
[I] 15:32:31.562(000000000010A4D8):[AMQP7]declare queue 'sr.customer.rewardfail.db4012a1a28c11e783bc5b7146c42f4f'
[I] 15:32:31.562(000000000010A4D8):[RPCC:sr.customer.rewardfail]create rpc client 'sr.customer.rewardfail' in conn AMQP7
[W] 15:32:31.566(000000000010A4D8):[AMQP0]exchange amq.direct already declare!!
[W] 15:32:31.566(000000000010A4D8):[AMQP0]rpc client 'sr.customer.tag.rpc' declare repeat!
[W] 15:32:31.566(000000000010A4D8):[AMQP0]rpc client 'sc.task.rpc' declare repeat!
[W] 15:32:31.569(000000000010A4D8):[AMQP0]exchange amq.direct already declare!!
[I] 15:32:31.569(000000000010A4D8):[AMQP0]declare queue 'sr.trade.rpc.db412410a28c11e783bc5b7146c42f4f'
[I] 15:32:31.569(000000000010A4D8):[RPCC:sr.trade.rpc]create rpc client 'sr.trade.rpc' in conn AMQP0
[I] 15:32:31.573(000000000010A4D8):PBEncoder success load file 'E:\product\protocol\sr_trade.proto.js'
[I] 15:32:31.576(000000000010A4D8):[AMQP8]created
[I] 15:32:31.576(000000000010A4D8):[AMQP8]declare exchange 'amq.direct'
[I] 15:32:31.576(000000000010A4D8):[AMQP8]declare queue 'cf.wechat.rpc.db423580a28c11e783bc5b7146c42f4f'
[I] 15:32:31.576(000000000010A4D8):[RPCC:cf.wechat.rpc]create rpc client 'cf.wechat.rpc' in conn AMQP8
[T] 15:32:31.596(000000000010A4D8):Http is running,port is 18910
[I] 15:32:31.602(000000000010A4D8):[redis]redis connect
[I] 15:32:31.615(000000000010A4D8):[redis]redis ready
[I] 15:32:31.616(000000000010A4D8):[MP1]create connection #0
[T] 15:32:31.617(000000000010A4D8):[MP1]getConnection success,getIndex=0
[I] 15:32:31.618(000000000010A4D8):[MP1]create connection #1
[T] 15:32:31.618(000000000010A4D8):[MP1]getConnection success,getIndex=1
[T] 15:32:31.633(000000000010A4D8):[MySQL]Query success,used time:13 ms,sql="SELECT * FROM `sc_org`"
[T] 15:32:31.636(000000000010A4D8):[MySQL]Query success,used time:14 ms,sql="select * from cf_account where enabled=1 and function_mask like \"1%\""
[T] 15:32:31.637(000000000010A4D8):getConnection release,getIndex=0
[T] 15:32:31.638(000000000010A4D8):getConnection release,getIndex=1
[I] 15:32:31.640(000000000010A4D8):[AM]get account list success: [{"innerid":"HEDV35FASG-DGW423A-34TGGW53AAD66","name":"乐逛演示","org_id":"1","shop_id":null,"settlement_id":null,"method_code":1,"method_code_key":"wechat_test3_1","function_mask":"10","config":"{\"accountid\":\"gh_92368265694f\",\"fee_type\":\"CNY\",\"appid\":\"wx39bf9ff3da6fc1e7\",\"appsecret\":\"e00fc51118b318fb99cff35d217865fc\",\"mch_id\":\"1287801701\",\"sub_mch_id\":\"\",\"sign_key\":\"smartpaysmartpaysmartpaysmartpay\",\"key_file\":\"apiclient_key.pem\",\"cert_file\":\"apiclient_cert.pem\",\"pay_authorization_dir\":[\"\",\"\",\"\"],\"pay_native_callback\":\"\",\"pay_finish_notify\":\"1\",\"pay_alarm_notify\":\"\"}","enabled":1,"desc":null},{"innerid":"SE43RG3ASG-34GWW55A-34TG43HER452","name":"短信测试一","org_id":"1","shop_id":null,"settlement_id":null,"method_code":2,"method_code_key":"wechat_test1_2","function_mask":"10","config":"{\"url\" : \"http://211.147.239.62:9050/cgi-bin/sendsms\",\"username\" : \"shopperconnect@smartac\",\"password\" : \"shopCNT@smartc2016\"}","enabled":1,"desc":null},{"innerid":"SMFGSW423GWS-G43HTEHE2-HHEDR5462HS","name":"邮件测试一","org_id":"1","shop_id":null,"settlement_id":null,"method_code":3,"method_code_key":"wechat_test1_3","function_mask":"10","config":"{\"smtpserver\" : \"smtp.163.com\",\"port\": 25,\"username\" : \"zyqtest5@163.com\",\"password\" : \"zyqtest5881119\",\"SSL\":false}","enabled":1,"desc":null}]
[I] 15:32:31.666(000000000010A4D8):[AMQP0]AMQP0 connect 'amqp://guest:guest@172.16.0.81:5672' success!
[I] 15:32:31.669(000000000010A4D8):[AMQP1]AMQP1 connect 'amqp://guest:guest@172.16.0.81:5672' success!
[I] 15:32:31.671(000000000010A4D8):[AMQP5]AMQP5 connect 'amqp://guest:guest@172.16.0.81:5672' success!
[I] 15:32:31.672(000000000010A4D8):[AMQP7]AMQP7 connect 'amqp://guest:guest@172.16.0.81:5672' success!
[I] 15:32:31.673(000000000010A4D8):[AMQP8]AMQP8 connect 'amqp://guest:guest@172.16.0.81:5672' success!
[I] 15:32:31.674(000000000010A4D8):[AMQP4]AMQP4 connect 'amqp://guest:guest@172.16.0.81:5672' success!
[I] 15:32:31.675(000000000010A4D8):[AMQP6]AMQP6 connect 'amqp://guest:guest@172.16.0.81:5672' success!
[I] 15:32:31.687(000000000010A4D8):[AMQP0]success declare queue 'cf.rpc.daee9740a28c11e783bc5b7146c42f4f'
[I] 15:32:31.688(000000000010A4D8):[AMQP5]success declare exchange 'amq.direct'
[I] 15:32:31.689(000000000010A4D8):[AMQP1]success declare exchange 'amq.direct'
[I] 15:32:31.691(000000000010A4D8):[AMQP4]success declare exchange 'amq.direct'
[I] 15:32:31.692(000000000010A4D8):[AMQP7]success declare exchange 'amq.direct'
[I] 15:32:31.692(000000000010A4D8):[AMQP8]success declare exchange 'amq.direct'
[I] 15:32:31.692(000000000010A4D8):[AMQP6]success declare exchange 'amq.direct'
[I] 15:32:31.694(000000000010A4D8):[AMQP0]success consume 'cf.rpc.daee9740a28c11e783bc5b7146c42f4f'
[I] 15:32:31.695(000000000010A4D8):[AMQP5]success declare queue 'cf.wechat.rpc.db3e64f0a28c11e783bc5b7146c42f4f'
[I] 15:32:31.700(000000000010A4D8):[AMQP0]success binding 'amq.direct'->'cf.rpc.daee9740a28c11e783bc5b7146c42f4f'(cf.rpc.daee9740a28c11e783bc5b7146c42f4f)
[I] 15:32:31.701(000000000010A4D8):[AMQP5]success consume 'cf.wechat.rpc.db3e64f0a28c11e783bc5b7146c42f4f'
[I] 15:32:31.702(000000000010A4D8):[AMQP8]success declare queue 'cf.wechat.rpc.db423580a28c11e783bc5b7146c42f4f'
[I] 15:32:31.703(000000000010A4D8):[AMQP4]success declare queue 'cf.app.rpc.db3d7a90a28c11e783bc5b7146c42f4f'
[I] 15:32:31.703(000000000010A4D8):[AMQP1]success declare queue 'cf.wechat.rpc.db2bee60a28c11e783bc5b7146c42f4f'
[I] 15:32:31.704(000000000010A4D8):[AMQP6]success declare queue 'cf.wechat.rpc.db3f2840a28c11e783bc5b7146c42f4f'
[I] 15:32:31.704(000000000010A4D8):[AMQP7]success declare queue 'sc.task.rpc.db4012a0a28c11e783bc5b7146c42f4f'
[I] 15:32:31.705(000000000010A4D8):[AMQP0]success declare queue 'cf.wechat.rpc.daffae40a28c11e783bc5b7146c42f4f'
[I] 15:32:31.705(000000000010A4D8):[AMQP5]success binding 'amq.direct'->'cf.wechat.rpc.db3e64f0a28c11e783bc5b7146c42f4f'(cf.wechat.rpc.db3e64f0a28c11e783bc5b7146c42f4f)
[I] 15:32:31.714(000000000010A4D8):[AMQP8]success consume 'cf.wechat.rpc.db423580a28c11e783bc5b7146c42f4f'
[I] 15:32:31.715(000000000010A4D8):[AMQP6]success consume 'cf.wechat.rpc.db3f2840a28c11e783bc5b7146c42f4f'
[I] 15:32:31.716(000000000010A4D8):[AMQP4]success consume 'cf.app.rpc.db3d7a90a28c11e783bc5b7146c42f4f'
[I] 15:32:31.716(000000000010A4D8):[AMQP7]success consume 'sc.task.rpc.db4012a0a28c11e783bc5b7146c42f4f'
[I] 15:32:31.717(000000000010A4D8):[AMQP0]success consume 'cf.wechat.rpc.daffae40a28c11e783bc5b7146c42f4f'
[I] 15:32:31.717(000000000010A4D8):[AMQP1]success consume 'cf.wechat.rpc.db2bee60a28c11e783bc5b7146c42f4f'
[I] 15:32:31.718(000000000010A4D8):[AMQP8]success binding 'amq.direct'->'cf.wechat.rpc.db423580a28c11e783bc5b7146c42f4f'(cf.wechat.rpc.db423580a28c11e783bc5b7146c42f4f)
[I] 15:32:31.719(000000000010A4D8):[AMQP4]success binding 'amq.direct'->'cf.app.rpc.db3d7a90a28c11e783bc5b7146c42f4f'(cf.app.rpc.db3d7a90a28c11e783bc5b7146c42f4f)
[I] 15:32:31.720(000000000010A4D8):[AMQP6]success binding 'amq.direct'->'cf.wechat.rpc.db3f2840a28c11e783bc5b7146c42f4f'(cf.wechat.rpc.db3f2840a28c11e783bc5b7146c42f4f)
[I] 15:32:31.728(000000000010A4D8):[AMQP1]success binding 'amq.direct'->'cf.wechat.rpc.db2bee60a28c11e783bc5b7146c42f4f'(cf.wechat.rpc.db2bee60a28c11e783bc5b7146c42f4f)
[I] 15:32:31.728(000000000010A4D8):[AMQP0]success binding 'amq.direct'->'cf.wechat.rpc.daffae40a28c11e783bc5b7146c42f4f'(cf.wechat.rpc.daffae40a28c11e783bc5b7146c42f4f)
[I] 15:32:31.728(000000000010A4D8):[AMQP7]success binding 'amq.direct'->'sc.task.rpc.db4012a0a28c11e783bc5b7146c42f4f'(sc.task.rpc.db4012a0a28c11e783bc5b7146c42f4f)
[I] 15:32:31.730(000000000010A4D8):[AMQP4]success declare queue 'cf.wechat.rpc.db3da1a0a28c11e783bc5b7146c42f4f'
[I] 15:32:31.737(000000000010A4D8):[AMQP4]success consume 'cf.wechat.rpc.db3da1a0a28c11e783bc5b7146c42f4f'
[I] 15:32:31.738(000000000010A4D8):[AMQP0]success declare exchange 'cf.wechat.notify'
[I] 15:32:31.740(000000000010A4D8):[AMQP7]success declare queue 'sr.customer.rewardfail.db4012a1a28c11e783bc5b7146c42f4f'
[I] 15:32:31.741(000000000010A4D8):[AMQP4]success binding 'amq.direct'->'cf.wechat.rpc.db3da1a0a28c11e783bc5b7146c42f4f'(cf.wechat.rpc.db3da1a0a28c11e783bc5b7146c42f4f)
[I] 15:32:31.750(000000000010A4D8):[AMQP7]success consume 'sr.customer.rewardfail.db4012a1a28c11e783bc5b7146c42f4f'
[I] 15:32:31.753(000000000010A4D8):[AMQP0]success declare queue 'jiaxingwang.sc_admin.wechat.db0887e0a28c11e783bc5b7146c42f4f'
[I] 15:32:31.754(000000000010A4D8):[AMQP4]success declare queue 'cf.rpc.db3da1a1a28c11e783bc5b7146c42f4f'
[I] 15:32:31.756(000000000010A4D8):[AMQP7]success binding 'amq.direct'->'sr.customer.rewardfail.db4012a1a28c11e783bc5b7146c42f4f'(sr.customer.rewardfail.db4012a1a28c11e783bc5b7146c42f4f)
[I] 15:32:31.756(000000000010A4D8):[AMQP0]success consume 'jiaxingwang.sc_admin.wechat.db0887e0a28c11e783bc5b7146c42f4f'
[I] 15:32:31.757(000000000010A4D8):[AMQP4]success consume 'cf.rpc.db3da1a1a28c11e783bc5b7146c42f4f'
[I] 15:32:31.759(000000000010A4D8):[AMQP0]success binding 'cf.wechat.notify'->'jiaxingwang.sc_admin.wechat.db0887e0a28c11e783bc5b7146c42f4f'(#)
[I] 15:32:31.763(000000000010A4D8):[AMQP4]success binding 'amq.direct'->'cf.rpc.db3da1a1a28c11e783bc5b7146c42f4f'(cf.rpc.db3da1a1a28c11e783bc5b7146c42f4f)
[I] 15:32:31.764(000000000010A4D8):[AMQP0]success declare queue 'cf.app.rpc.db0887e1a28c11e783bc5b7146c42f4f'
[I] 15:32:31.766(000000000010A4D8):[AMQP0]success consume 'cf.app.rpc.db0887e1a28c11e783bc5b7146c42f4f'
[I] 15:32:31.770(000000000010A4D8):[AMQP4]success declare queue 'sc.task.rpc.db3dc8b0a28c11e783bc5b7146c42f4f'
[I] 15:32:31.773(000000000010A4D8):[AMQP0]success binding 'amq.direct'->'cf.app.rpc.db0887e1a28c11e783bc5b7146c42f4f'(cf.app.rpc.db0887e1a28c11e783bc5b7146c42f4f)
[I] 15:32:31.774(000000000010A4D8):[AMQP4]success consume 'sc.task.rpc.db3dc8b0a28c11e783bc5b7146c42f4f'
[I] 15:32:31.777(000000000010A4D8):[AMQP0]success declare queue 'cf.alipay.rpc.db094b30a28c11e783bc5b7146c42f4f'
[I] 15:32:31.780(000000000010A4D8):[AMQP4]success binding 'amq.direct'->'sc.task.rpc.db3dc8b0a28c11e783bc5b7146c42f4f'(sc.task.rpc.db3dc8b0a28c11e783bc5b7146c42f4f)
[I] 15:32:31.780(000000000010A4D8):[AMQP0]success consume 'cf.alipay.rpc.db094b30a28c11e783bc5b7146c42f4f'
[I] 15:32:31.783(000000000010A4D8):[AMQP0]success binding 'amq.direct'->'cf.alipay.rpc.db094b30a28c11e783bc5b7146c42f4f'(cf.alipay.rpc.db094b30a28c11e783bc5b7146c42f4f)
[I] 15:32:31.789(000000000010A4D8):[AMQP0]success declare queue 'cf.ding.rpc.db0a83b0a28c11e783bc5b7146c42f4f'
[I] 15:32:31.800(000000000010A4D8):[AMQP0]success consume 'cf.ding.rpc.db0a83b0a28c11e783bc5b7146c42f4f'
[I] 15:32:31.803(000000000010A4D8):[AMQP0]success binding 'amq.direct'->'cf.ding.rpc.db0a83b0a28c11e783bc5b7146c42f4f'(cf.ding.rpc.db0a83b0a28c11e783bc5b7146c42f4f)
[I] 15:32:31.805(000000000010A4D8):[AMQP0]success declare exchange 'cf.ding.notify'
[I] 15:32:31.809(000000000010A4D8):[AMQP0]success declare queue 'jiaxingwang.sc_admin.ding.db0c0a50a28c11e783bc5b7146c42f4f'
[I] 15:32:31.811(000000000010A4D8):[AMQP0]success consume 'jiaxingwang.sc_admin.ding.db0c0a50a28c11e783bc5b7146c42f4f'
[I] 15:32:31.814(000000000010A4D8):[AMQP0]success binding 'cf.ding.notify'->'jiaxingwang.sc_admin.ding.db0c0a50a28c11e783bc5b7146c42f4f'(#)
[I] 15:32:31.817(000000000010A4D8):[AMQP0]success declare queue 'sr.customer.rpc.db0d1bc0a28c11e783bc5b7146c42f4f'
[I] 15:32:31.820(000000000010A4D8):[AMQP0]success consume 'sr.customer.rpc.db0d1bc0a28c11e783bc5b7146c42f4f'
[I] 15:32:31.823(000000000010A4D8):[AMQP0]success binding 'amq.direct'->'sr.customer.rpc.db0d1bc0a28c11e783bc5b7146c42f4f'(sr.customer.rpc.db0d1bc0a28c11e783bc5b7146c42f4f)
[I] 15:32:31.824(000000000010A4D8):[AMQP0]success declare exchange 'amq.direct'
[I] 15:32:31.827(000000000010A4D8):[AMQP0]success declare queue 'sc.task.rpc.db2cd8c0a28c11e783bc5b7146c42f4f'
[I] 15:32:31.832(000000000010A4D8):[AMQP0]success consume 'sc.task.rpc.db2cd8c0a28c11e783bc5b7146c42f4f'
[I] 15:32:31.834(000000000010A4D8):[AMQP0]success binding 'amq.direct'->'sc.task.rpc.db2cd8c0a28c11e783bc5b7146c42f4f'(sc.task.rpc.db2cd8c0a28c11e783bc5b7146c42f4f)
[I] 15:32:31.839(000000000010A4D8):[AMQP0]success declare queue 'sr.customer.tag.rpc.db314590a28c11e783bc5b7146c42f4f'
[I] 15:32:31.849(000000000010A4D8):[AMQP0]success consume 'sr.customer.tag.rpc.db314590a28c11e783bc5b7146c42f4f'
[I] 15:32:31.852(000000000010A4D8):[AMQP0]success binding 'amq.direct'->'sr.customer.tag.rpc.db314590a28c11e783bc5b7146c42f4f'(sr.customer.tag.rpc.db314590a28c11e783bc5b7146c42f4f)
[I] 15:32:31.856(000000000010A4D8):[AMQP0]success declare queue 'sr.customer.point.rpc.db314591a28c11e783bc5b7146c42f4f'
[I] 15:32:31.858(000000000010A4D8):[AMQP0]success consume 'sr.customer.point.rpc.db314591a28c11e783bc5b7146c42f4f'
[I] 15:32:31.861(000000000010A4D8):[AMQP0]success binding 'amq.direct'->'sr.customer.point.rpc.db314591a28c11e783bc5b7146c42f4f'(sr.customer.point.rpc.db314591a28c11e783bc5b7146c42f4f)
[I] 15:32:31.864(000000000010A4D8):[AMQP0]success declare queue 'sr.customer.coupon_class.rpc.db34c800a28c11e783bc5b7146c42f4f'
[I] 15:32:31.866(000000000010A4D8):[AMQP0]success consume 'sr.customer.coupon_class.rpc.db34c800a28c11e783bc5b7146c42f4f'
[I] 15:32:31.869(000000000010A4D8):[AMQP0]success binding 'amq.direct'->'sr.customer.coupon_class.rpc.db34c800a28c11e783bc5b7146c42f4f'(sr.customer.coupon_class.rpc.db34c800a28c11e783bc5b7146c42f4f)
[I] 15:32:31.872(000000000010A4D8):[AMQP0]success declare queue 'sr.customer.coupon.rpc.db34ef10a28c11e783bc5b7146c42f4f'
[I] 15:32:31.875(000000000010A4D8):[AMQP0]success consume 'sr.customer.coupon.rpc.db34ef10a28c11e783bc5b7146c42f4f'
[I] 15:32:31.877(000000000010A4D8):[AMQP0]success binding 'amq.direct'->'sr.customer.coupon.rpc.db34ef10a28c11e783bc5b7146c42f4f'(sr.customer.coupon.rpc.db34ef10a28c11e783bc5b7146c42f4f)
[I] 15:32:31.880(000000000010A4D8):[AMQP0]success declare queue 'cf.wxpay.rpc.db36c3d0a28c11e783bc5b7146c42f4f'
[I] 15:32:31.883(000000000010A4D8):[AMQP0]success consume 'cf.wxpay.rpc.db36c3d0a28c11e783bc5b7146c42f4f'
[I] 15:32:31.885(000000000010A4D8):[AMQP0]success binding 'amq.direct'->'cf.wxpay.rpc.db36c3d0a28c11e783bc5b7146c42f4f'(cf.wxpay.rpc.db36c3d0a28c11e783bc5b7146c42f4f)
[I] 15:32:31.888(000000000010A4D8):[AMQP0]success declare queue 'cf.baidu.rpc.db3abb70a28c11e783bc5b7146c42f4f'
[I] 15:32:31.891(000000000010A4D8):[AMQP0]success consume 'cf.baidu.rpc.db3abb70a28c11e783bc5b7146c42f4f'
[I] 15:32:31.893(000000000010A4D8):[AMQP0]success binding 'amq.direct'->'cf.baidu.rpc.db3abb70a28c11e783bc5b7146c42f4f'(cf.baidu.rpc.db3abb70a28c11e783bc5b7146c42f4f)
[I] 15:32:31.897(000000000010A4D8):[AMQP0]success declare queue 'sr.trade.rpc.db412410a28c11e783bc5b7146c42f4f'
[I] 15:32:31.899(000000000010A4D8):[AMQP0]success consume 'sr.trade.rpc.db412410a28c11e783bc5b7146c42f4f'
[I] 15:32:31.901(000000000010A4D8):[AMQP0]success binding 'amq.direct'->'sr.trade.rpc.db412410a28c11e783bc5b7146c42f4f'(sr.trade.rpc.db412410a28c11e783bc5b7146c42f4f)
[I] 15:37:30.367(00000000001FE548):[redis]redis close
[T] 15:37:30.368(00000000001FE548):[redis]redis reconnecting
[I] 15:37:30.374(00000000001FE548):[redis]redis connect
[I] 15:37:30.375(00000000001FE548):[redis]redis ready
[W] 15:37:30.766(000000000010CE90):recv 'Ctrl+C' break sign!next exit!
[D] 15:37:30.773(000000000010CE90):worker process log socket error!err=Error: read ECONNRESET
    at exports._errnoException (util.js:890:11)
    at TCP.onread (net.js:550:26)
[D] 15:37:30.773(000000000010CE90):worker process log socket close!
[D] 15:37:30.786(000000000010CE90):worker process log socket error!err=Error: read ECONNRESET
    at exports._errnoException (util.js:890:11)
    at TCP.onread (net.js:550:26)
[D] 15:37:30.786(000000000010CE90):worker process log socket close!
[D] 15:37:30.786(000000000010CE90):worker process log socket error!err=Error: read ECONNRESET
    at exports._errnoException (util.js:890:11)
    at TCP.onread (net.js:550:26)
[D] 15:37:30.787(000000000010CE90):worker process log socket close!
[W] 15:37:30.788(000000000010CE90):worker 10A4D8(2#) died.
[W] 15:37:30.788(000000000010CE90):worker 1FE548(0#) died.
[W] 15:37:30.788(000000000010CE90):worker 10DC3C(1#) died.
[W] 15:37:31.717(000000000010CE90):try restart worker 0# ...
[I] 15:37:31.734(000000000010CE90):start worker success,pid=10F2A0(0#)
