[D] 22:44:04.796(0000000000001BF0):master log socket server started! host=::, port=49972
[I] 22:44:04.817(0000000000001BF0):master log channel started!port=49972
[W] 22:44:05.820(0000000000001BF0):try restart worker 0# ...
[I] 22:44:05.912(0000000000001BF0):start worker success,pid=20A4(0#)
[D] 22:44:09.354(0000000000001BF0):worker process log socket connected!
[D] 22:44:09.331(00000000000020A4):worker 0# ready to connect master log socket server, port=49972
[D] 22:44:09.351(00000000000020A4):worker 0# log socket connected!
[I] 22:44:14.943(00000000000020A4):PBEncoder success load file 'E:\项目\product\protocol\sc_system.proto.js'
[T] 22:44:15.631(00000000000020A4):Http is running,port is 18910
[W] 23:13:39.260(0000000000001BF0):recv 'Ctrl+C' break sign!next exit!
[D] 23:13:39.266(0000000000001BF0):worker process log socket error!err=Error: read ECONNRESET
    at exports._errnoException (util.js:1020:11)
    at TCP.onread (net.js:568:26)
[D] 23:13:39.267(0000000000001BF0):worker process log socket close!
[W] 23:13:39.272(0000000000001BF0):worker 20A4(0#) died.
[W] 23:13:40.260(0000000000001BF0):try restart worker 0# ...
[I] 23:13:40.384(0000000000001BF0):start worker success,pid=23C0(0#)
[D] 23:13:42.947(0000000000001BF0):worker process log socket connected!
[D] 23:13:42.778(00000000000023C0):worker 0# ready to connect master log socket server, port=49972
[D] 23:13:42.958(00000000000023C0):worker 0# log socket connected!
[I] 23:13:46.316(00000000000023C0):PBEncoder success load file 'E:\项目\product\protocol\sc_system.proto.js'
[T] 23:13:46.593(00000000000023C0):Http is running,port is 18910
