[D] 17:27:48.570(00000000000162FC):master log socket server started! host=::, port=47139
[I] 17:27:48.581(00000000000162FC):master log channel started!port=47139
[W] 17:27:49.581(00000000000162FC):try restart worker 0# ...
[I] 17:27:49.591(00000000000162FC):start worker success,pid=14110(0#)
[D] 17:27:50.237(00000000000162FC):worker process log socket connected!
[D] 17:27:50.229(0000000000014110):worker 0# ready to connect master log socket server, port=47139
[D] 17:27:50.237(0000000000014110):worker 0# log socket connected!
[W] 17:27:50.599(00000000000162FC):try restart worker 1# ...
[I] 17:27:50.605(00000000000162FC):start worker success,pid=13B0EC(1#)
[I] 17:27:50.798(0000000000014110):[AMQP0]created
[I] 17:27:50.812(0000000000014110):[AMQP0]declare queue 'cf.rpc.f771aeb0a29c11e79052418df9274d7a'
[I] 17:27:50.813(0000000000014110):[RPCC:cf.rpc]create rpc client 'cf.rpc' in conn AMQP0
[I] 17:27:50.957(0000000000014110):PBEncoder success load file 'E:\product\protocol\cf.proto.js'
[I] 17:27:50.958(0000000000014110):[AMQP0]declare queue 'cf.wechat.rpc.f787f5d0a29c11e79052418df9274d7a'
[I] 17:27:50.958(0000000000014110):[RPCC:cf.wechat.rpc]create rpc client 'cf.wechat.rpc' in conn AMQP0
[I] 17:27:51.032(0000000000014110):PBEncoder success load file 'E:\product\protocol\cf_wechat.proto.js'
[I] 17:27:51.033(0000000000014110):[AMQP0]declare exchange 'cf.wechat.notify'
[I] 17:27:51.033(0000000000014110):[AMQP0]declare queue 'jiaxingwang.sc_admin.wechat.f7938e90a29c11e79052418df9274d7a'
[I] 17:27:51.033(0000000000014110):[AMQP0]declare queue 'cf.app.rpc.f7938e91a29c11e79052418df9274d7a'
[I] 17:27:51.034(0000000000014110):[RPCC:cf.app.rpc]create rpc client 'cf.app.rpc' in conn AMQP0
[I] 17:27:51.038(0000000000014110):PBEncoder success load file 'E:\product\protocol\cf_app.proto.js'
[I] 17:27:51.039(0000000000014110):[AMQP0]declare queue 'cf.alipay.rpc.f79451e0a29c11e79052418df9274d7a'
[I] 17:27:51.039(0000000000014110):[RPCC:cf.alipay.rpc]create rpc client 'cf.alipay.rpc' in conn AMQP0
[I] 17:27:51.046(0000000000014110):PBEncoder success load file 'E:\product\protocol\cf_alipay.proto.js'
[I] 17:27:51.048(0000000000014110):[AMQP0]declare queue 'cf.ding.rpc.f795b170a29c11e79052418df9274d7a'
[I] 17:27:51.048(0000000000014110):[RPCC:cf.ding.rpc]create rpc client 'cf.ding.rpc' in conn AMQP0
[I] 17:27:51.065(0000000000014110):PBEncoder success load file 'E:\product\protocol\cf_ding.proto.js'
[I] 17:27:51.066(0000000000014110):[AMQP0]declare exchange 'cf.ding.notify'
[I] 17:27:51.066(0000000000014110):[AMQP0]declare queue 'jiaxingwang.sc_admin.ding.f79897a0a29c11e79052418df9274d7a'
[I] 17:27:51.066(0000000000014110):[AM]init and reload account!
[I] 17:27:51.070(0000000000014110):[AM]reload account success, account number is: 0
[I] 17:27:51.074(0000000000014110):[AMQP0]declare queue 'sr.customer.rpc.f799d020a29c11e79052418df9274d7a'
[I] 17:27:51.074(0000000000014110):[RPCC:sr.customer.rpc]create rpc client 'sr.customer.rpc' in conn AMQP0
[I] 17:27:51.083(0000000000014110):PBEncoder success load file 'E:\product\protocol\sr_customer.proto.js'
[W] 17:27:51.083(0000000000014110):[AMQP0]rpc client 'cf.rpc' declare repeat!
[W] 17:27:51.084(0000000000014110):[AMQP0]rpc client 'cf.wechat.rpc' declare repeat!
[W] 17:27:51.084(0000000000014110):[AMQP0]rpc client 'cf.app.rpc' declare repeat!
[I] 17:27:51.282(0000000000014110):PBEncoder success load file 'E:\product\protocol\sc_system.proto.js'
[I] 17:27:51.342(0000000000014110):[AMQP1]created
[I] 17:27:51.343(0000000000014110):[AMQP1]declare exchange 'amq.direct'
[I] 17:27:51.343(0000000000014110):[AMQP1]declare queue 'cf.wechat.rpc.f7c2dbf0a29c11e79052418df9274d7a'
[I] 17:27:51.343(0000000000014110):[RPCC:cf.wechat.rpc]create rpc client 'cf.wechat.rpc' in conn AMQP1
[I] 17:27:51.345(0000000000014110):[AMQP2]created
[I] 17:27:51.348(0000000000014110):[AMQP0]declare exchange 'amq.direct'
[I] 17:27:51.349(0000000000014110):[AMQP0]declare queue 'sc.task.rpc.f7c3c650a29c11e79052418df9274d7a'
[I] 17:27:51.349(0000000000014110):[RPCC:sc.task.rpc]create rpc client 'sc.task.rpc' in conn AMQP0
[I] 17:27:51.357(0000000000014110):PBEncoder success load file 'E:\product\protocol\sc_task.proto.js'
[I] 17:27:51.388(0000000000014110):[AMQP0]declare queue 'sr.customer.tag.rpc.f7c9b9c0a29c11e79052418df9274d7a'
[I] 17:27:51.389(0000000000014110):[RPCC:sr.customer.tag.rpc]create rpc client 'sr.customer.tag.rpc' in conn AMQP0
[I] 17:27:51.389(0000000000014110):[AMQP0]declare queue 'sr.customer.point.rpc.f7c9e0d0a29c11e79052418df9274d7a'
[I] 17:27:51.389(0000000000014110):[RPCC:sr.customer.point.rpc]create rpc client 'sr.customer.point.rpc' in conn AMQP0
[I] 17:27:51.398(0000000000014110):PBEncoder success load file 'E:\product\protocol\sr_customer_point.proto.js'
[I] 17:27:51.405(0000000000014110):PBEncoder success load file 'E:\product\protocol\sr_customer_tag.proto.js'
[W] 17:27:51.414(0000000000014110):[AMQP0]rpc client 'cf.wechat.rpc' declare repeat!
[I] 17:27:51.415(0000000000014110):[AMQP0]declare queue 'sr.customer.coupon_class.rpc.f7cdd870a29c11e79052418df9274d7a'
[I] 17:27:51.415(0000000000014110):[RPCC:sr.customer.coupon_class.rpc]create rpc client 'sr.customer.coupon_class.rpc' in conn AMQP0
[I] 17:27:51.416(0000000000014110):[AMQP0]declare queue 'sr.customer.coupon.rpc.f7cdff80a29c11e79052418df9274d7a'
[I] 17:27:51.416(0000000000014110):[RPCC:sr.customer.coupon.rpc]create rpc client 'sr.customer.coupon.rpc' in conn AMQP0
[I] 17:27:51.429(0000000000014110):PBEncoder success load file 'E:\product\protocol\sr_customer_coupon.proto.js'
[W] 17:27:51.429(0000000000014110):[AMQP0]rpc client 'cf.wechat.rpc' declare repeat!
[I] 17:27:51.429(0000000000014110):[AMQP0]declare queue 'cf.wxpay.rpc.f7cffb50a29c11e79052418df9274d7a'
[I] 17:27:51.429(0000000000014110):[RPCC:cf.wxpay.rpc]create rpc client 'cf.wxpay.rpc' in conn AMQP0
[I] 17:27:51.444(0000000000014110):PBEncoder success load file 'E:\product\protocol\cf_wxpay.proto.js'
[W] 17:27:51.444(0000000000014110):[AMQP0]rpc client 'sr.customer.point.rpc' declare repeat!
[W] 17:27:51.452(0000000000014110):[AMQP0]exchange amq.direct already declare!!
[W] 17:27:51.452(0000000000014110):[AMQP0]rpc client 'sr.customer.rpc' declare repeat!
[W] 17:27:51.452(0000000000014110):[AMQP0]rpc client 'sr.customer.coupon.rpc' declare repeat!
[W] 17:27:51.452(0000000000014110):[AMQP0]rpc client 'cf.wechat.rpc' declare repeat!
[W] 17:27:51.455(0000000000014110):[AMQP0]exchange amq.direct already declare!!
[I] 17:27:51.455(0000000000014110):[AMQP0]declare queue 'cf.baidu.rpc.f7d3f2f0a29c11e79052418df9274d7a'
[I] 17:27:51.455(0000000000014110):[RPCC:cf.baidu.rpc]create rpc client 'cf.baidu.rpc' in conn AMQP0
[I] 17:27:51.459(0000000000014110):PBEncoder success load file 'E:\product\protocol\cf_baidu.proto.js'
[I] 17:27:51.464(0000000000014110):[AMQP3]created
[I] 17:27:51.473(0000000000014110):[AMQP4]created
[I] 17:27:51.473(0000000000014110):[AMQP4]declare exchange 'amq.direct'
[I] 17:27:51.474(0000000000014110):[AMQP4]declare queue 'cf.app.rpc.f7d6d920a29c11e79052418df9274d7a'
[I] 17:27:51.474(0000000000014110):[RPCC:cf.app.rpc]create rpc client 'cf.app.rpc' in conn AMQP4
[I] 17:27:51.474(0000000000014110):[AMQP4]declare queue 'cf.wechat.rpc.f7d6d921a29c11e79052418df9274d7a'
[I] 17:27:51.474(0000000000014110):[RPCC:cf.wechat.rpc]create rpc client 'cf.wechat.rpc' in conn AMQP4
[I] 17:27:51.475(0000000000014110):[AMQP4]declare queue 'cf.rpc.f7d70030a29c11e79052418df9274d7a'
[I] 17:27:51.475(0000000000014110):[RPCC:cf.rpc]create rpc client 'cf.rpc' in conn AMQP4
[I] 17:27:51.475(0000000000014110):[AMQP4]declare queue 'sc.task.rpc.f7d70031a29c11e79052418df9274d7a'
[I] 17:27:51.476(0000000000014110):[RPCC:sc.task.rpc]create rpc client 'sc.task.rpc' in conn AMQP4
[I] 17:27:51.479(0000000000014110):[AMQP5]created
[I] 17:27:51.480(0000000000014110):[AMQP5]declare exchange 'amq.direct'
[I] 17:27:51.480(0000000000014110):[AMQP5]declare queue 'cf.wechat.rpc.f7d7c380a29c11e79052418df9274d7a'
[I] 17:27:51.480(0000000000014110):[RPCC:cf.wechat.rpc]create rpc client 'cf.wechat.rpc' in conn AMQP5
[W] 17:27:51.482(0000000000014110):[AMQP0]rpc client 'sr.customer.point.rpc' declare repeat!
[I] 17:27:51.485(0000000000014110):[AMQP6]created
[I] 17:27:51.485(0000000000014110):[AMQP6]declare exchange 'amq.direct'
[I] 17:27:51.485(0000000000014110):[AMQP6]declare queue 'cf.wechat.rpc.f7d886d0a29c11e79052418df9274d7a'
[I] 17:27:51.487(0000000000014110):[RPCC:cf.wechat.rpc]create rpc client 'cf.wechat.rpc' in conn AMQP6
[D] 17:27:51.496(00000000000162FC):worker process log socket connected!
[I] 17:27:51.496(0000000000014110):[AMQP7]created
[I] 17:27:51.497(0000000000014110):[AMQP7]declare exchange 'amq.direct'
[I] 17:27:51.497(0000000000014110):[AMQP7]declare queue 'sc.task.rpc.f7da5b90a29c11e79052418df9274d7a'
[I] 17:27:51.497(0000000000014110):[RPCC:sc.task.rpc]create rpc client 'sc.task.rpc' in conn AMQP7
[I] 17:27:51.498(0000000000014110):[AMQP7]declare queue 'sr.customer.rewardfail.f7da82a0a29c11e79052418df9274d7a'
[I] 17:27:51.498(0000000000014110):[RPCC:sr.customer.rewardfail]create rpc client 'sr.customer.rewardfail' in conn AMQP7
[D] 17:27:51.485(000000000013B0EC):worker 1# ready to connect master log socket server, port=47139
[D] 17:27:51.497(000000000013B0EC):worker 1# log socket connected!
[W] 17:27:51.501(0000000000014110):[AMQP0]exchange amq.direct already declare!!
[W] 17:27:51.501(0000000000014110):[AMQP0]rpc client 'sr.customer.tag.rpc' declare repeat!
[W] 17:27:51.502(0000000000014110):[AMQP0]rpc client 'sc.task.rpc' declare repeat!
[W] 17:27:51.504(0000000000014110):[AMQP0]exchange amq.direct already declare!!
[I] 17:27:51.505(0000000000014110):[AMQP0]declare queue 'sr.trade.rpc.f7db9410a29c11e79052418df9274d7a'
[I] 17:27:51.505(0000000000014110):[RPCC:sr.trade.rpc]create rpc client 'sr.trade.rpc' in conn AMQP0
[I] 17:27:51.510(0000000000014110):PBEncoder success load file 'E:\product\protocol\sr_trade.proto.js'
[I] 17:27:51.512(0000000000014110):[AMQP8]created
[I] 17:27:51.513(0000000000014110):[AMQP8]declare exchange 'amq.direct'
[I] 17:27:51.513(0000000000014110):[AMQP8]declare queue 'cf.wechat.rpc.f7dccc90a29c11e79052418df9274d7a'
[I] 17:27:51.513(0000000000014110):[RPCC:cf.wechat.rpc]create rpc client 'cf.wechat.rpc' in conn AMQP8
[I] 17:27:51.537(0000000000014110):[redis]redis connect
[T] 17:27:51.540(0000000000014110):Http is running,port is 18910
[I] 17:27:51.550(0000000000014110):[redis]redis ready
[I] 17:27:51.558(0000000000014110):[MP1]create connection #0
[T] 17:27:51.558(0000000000014110):[MP1]getConnection success,getIndex=0
[I] 17:27:51.559(0000000000014110):[MP1]create connection #1
[T] 17:27:51.559(0000000000014110):[MP1]getConnection success,getIndex=1
[T] 17:27:51.571(0000000000014110):[MySQL]Query success,used time:10 ms,sql="SELECT * FROM `sc_org`"
[T] 17:27:51.572(0000000000014110):[MySQL]Query success,used time:10 ms,sql="select * from cf_account where enabled=1 and function_mask like \"1%\""
[T] 17:27:51.573(0000000000014110):getConnection release,getIndex=0
[T] 17:27:51.574(0000000000014110):getConnection release,getIndex=1
[I] 17:27:51.575(0000000000014110):[AM]get account list success: [{"innerid":"HEDV35FASG-DGW423A-34TGGW53AAD66","name":"乐逛演示","org_id":"1","shop_id":null,"settlement_id":null,"method_code":1,"method_code_key":"wechat_test3_1","function_mask":"10","config":"{\"accountid\":\"gh_92368265694f\",\"fee_type\":\"CNY\",\"appid\":\"wx39bf9ff3da6fc1e7\",\"appsecret\":\"e00fc51118b318fb99cff35d217865fc\",\"mch_id\":\"1287801701\",\"sub_mch_id\":\"\",\"sign_key\":\"smartpaysmartpaysmartpaysmartpay\",\"key_file\":\"apiclient_key.pem\",\"cert_file\":\"apiclient_cert.pem\",\"pay_authorization_dir\":[\"\",\"\",\"\"],\"pay_native_callback\":\"\",\"pay_finish_notify\":\"1\",\"pay_alarm_notify\":\"\"}","enabled":1,"desc":null},{"innerid":"SE43RG3ASG-34GWW55A-34TG43HER452","name":"短信测试一","org_id":"1","shop_id":null,"settlement_id":null,"method_code":2,"method_code_key":"wechat_test1_2","function_mask":"10","config":"{\"url\" : \"http://211.147.239.62:9050/cgi-bin/sendsms\",\"username\" : \"shopperconnect@smartac\",\"password\" : \"shopCNT@smartc2016\"}","enabled":1,"desc":null},{"innerid":"SMFGSW423GWS-G43HTEHE2-HHEDR5462HS","name":"邮件测试一","org_id":"1","shop_id":null,"settlement_id":null,"method_code":3,"method_code_key":"wechat_test1_3","function_mask":"10","config":"{\"smtpserver\" : \"smtp.163.com\",\"port\": 25,\"username\" : \"zyqtest5@163.com\",\"password\" : \"zyqtest5881119\",\"SSL\":false}","enabled":1,"desc":null}]
[I] 17:27:51.601(0000000000014110):[AMQP0]AMQP0 connect 'amqp://guest:guest@172.16.0.81:5672' success!
[I] 17:27:51.605(0000000000014110):[AMQP1]AMQP1 connect 'amqp://guest:guest@172.16.0.81:5672' success!
[I] 17:27:51.606(0000000000014110):[AMQP7]AMQP7 connect 'amqp://guest:guest@172.16.0.81:5672' success!
[W] 17:27:51.614(00000000000162FC):try restart worker 2# ...
[I] 17:27:51.622(00000000000162FC):start worker success,pid=13B1F4(2#)
[I] 17:27:51.607(0000000000014110):[AMQP6]AMQP6 connect 'amqp://guest:guest@172.16.0.81:5672' success!
[I] 17:27:51.608(0000000000014110):[AMQP5]AMQP5 connect 'amqp://guest:guest@172.16.0.81:5672' success!
[I] 17:27:51.609(0000000000014110):[AMQP4]AMQP4 connect 'amqp://guest:guest@172.16.0.81:5672' success!
[I] 17:27:51.610(0000000000014110):[AMQP8]AMQP8 connect 'amqp://guest:guest@172.16.0.81:5672' success!
[I] 17:27:51.623(0000000000014110):[AMQP1]success declare exchange 'amq.direct'
[I] 17:27:51.623(0000000000014110):[AMQP8]success declare exchange 'amq.direct'
[I] 17:27:51.624(0000000000014110):[AMQP0]success declare queue 'cf.rpc.f771aeb0a29c11e79052418df9274d7a'
[I] 17:27:51.629(0000000000014110):[AMQP5]success declare exchange 'amq.direct'
[I] 17:27:51.629(0000000000014110):[AMQP7]success declare exchange 'amq.direct'
[I] 17:27:51.629(0000000000014110):[AMQP6]success declare exchange 'amq.direct'
[I] 17:27:51.630(0000000000014110):[AMQP4]success declare exchange 'amq.direct'
[I] 17:27:51.632(0000000000014110):[AMQP0]success consume 'cf.rpc.f771aeb0a29c11e79052418df9274d7a'
[I] 17:27:51.632(0000000000014110):[AMQP1]success declare queue 'cf.wechat.rpc.f7c2dbf0a29c11e79052418df9274d7a'
[I] 17:27:51.634(0000000000014110):[AMQP1]success consume 'cf.wechat.rpc.f7c2dbf0a29c11e79052418df9274d7a'
[I] 17:27:51.635(0000000000014110):[AMQP0]success binding 'amq.direct'->'cf.rpc.f771aeb0a29c11e79052418df9274d7a'(cf.rpc.f771aeb0a29c11e79052418df9274d7a)
[I] 17:27:51.637(0000000000014110):[AMQP5]success declare queue 'cf.wechat.rpc.f7d7c380a29c11e79052418df9274d7a'
[I] 17:27:51.638(0000000000014110):[AMQP7]success declare queue 'sc.task.rpc.f7da5b90a29c11e79052418df9274d7a'
[I] 17:27:51.639(0000000000014110):[AMQP1]success binding 'amq.direct'->'cf.wechat.rpc.f7c2dbf0a29c11e79052418df9274d7a'(cf.wechat.rpc.f7c2dbf0a29c11e79052418df9274d7a)
[I] 17:27:51.640(0000000000014110):[AMQP6]success declare queue 'cf.wechat.rpc.f7d886d0a29c11e79052418df9274d7a'
[I] 17:27:51.640(0000000000014110):[AMQP4]success declare queue 'cf.app.rpc.f7d6d920a29c11e79052418df9274d7a'
[I] 17:27:51.641(0000000000014110):[AMQP8]success declare queue 'cf.wechat.rpc.f7dccc90a29c11e79052418df9274d7a'
[I] 17:27:51.641(0000000000014110):[AMQP5]success consume 'cf.wechat.rpc.f7d7c380a29c11e79052418df9274d7a'
[I] 17:27:51.641(0000000000014110):[AMQP7]success consume 'sc.task.rpc.f7da5b90a29c11e79052418df9274d7a'
[I] 17:27:51.642(0000000000014110):[AMQP0]success declare queue 'cf.wechat.rpc.f787f5d0a29c11e79052418df9274d7a'
[I] 17:27:51.642(0000000000014110):[AMQP4]success consume 'cf.app.rpc.f7d6d920a29c11e79052418df9274d7a'
[I] 17:27:51.643(0000000000014110):[AMQP8]success consume 'cf.wechat.rpc.f7dccc90a29c11e79052418df9274d7a'
[I] 17:27:51.643(0000000000014110):[AMQP6]success consume 'cf.wechat.rpc.f7d886d0a29c11e79052418df9274d7a'
[I] 17:27:51.645(0000000000014110):[AMQP0]success consume 'cf.wechat.rpc.f787f5d0a29c11e79052418df9274d7a'
[I] 17:27:51.645(0000000000014110):[AMQP5]success binding 'amq.direct'->'cf.wechat.rpc.f7d7c380a29c11e79052418df9274d7a'(cf.wechat.rpc.f7d7c380a29c11e79052418df9274d7a)
[I] 17:27:51.647(0000000000014110):[AMQP7]success binding 'amq.direct'->'sc.task.rpc.f7da5b90a29c11e79052418df9274d7a'(sc.task.rpc.f7da5b90a29c11e79052418df9274d7a)
[I] 17:27:51.647(0000000000014110):[AMQP8]success binding 'amq.direct'->'cf.wechat.rpc.f7dccc90a29c11e79052418df9274d7a'(cf.wechat.rpc.f7dccc90a29c11e79052418df9274d7a)
[I] 17:27:51.647(0000000000014110):[AMQP4]success binding 'amq.direct'->'cf.app.rpc.f7d6d920a29c11e79052418df9274d7a'(cf.app.rpc.f7d6d920a29c11e79052418df9274d7a)
[I] 17:27:51.647(0000000000014110):[AMQP6]success binding 'amq.direct'->'cf.wechat.rpc.f7d886d0a29c11e79052418df9274d7a'(cf.wechat.rpc.f7d886d0a29c11e79052418df9274d7a)
[I] 17:27:51.648(0000000000014110):[AMQP0]success binding 'amq.direct'->'cf.wechat.rpc.f787f5d0a29c11e79052418df9274d7a'(cf.wechat.rpc.f787f5d0a29c11e79052418df9274d7a)
[I] 17:27:51.650(0000000000014110):[AMQP0]success declare exchange 'cf.wechat.notify'
[I] 17:27:51.652(0000000000014110):[AMQP4]success declare queue 'cf.wechat.rpc.f7d6d921a29c11e79052418df9274d7a'
[I] 17:27:51.652(0000000000014110):[AMQP7]success declare queue 'sr.customer.rewardfail.f7da82a0a29c11e79052418df9274d7a'
[I] 17:27:51.653(0000000000014110):[AMQP0]success declare queue 'jiaxingwang.sc_admin.wechat.f7938e90a29c11e79052418df9274d7a'
[I] 17:27:51.653(0000000000014110):[AMQP4]success consume 'cf.wechat.rpc.f7d6d921a29c11e79052418df9274d7a'
[I] 17:27:51.654(0000000000014110):[AMQP7]success consume 'sr.customer.rewardfail.f7da82a0a29c11e79052418df9274d7a'
[I] 17:27:51.654(0000000000014110):[AMQP0]success consume 'jiaxingwang.sc_admin.wechat.f7938e90a29c11e79052418df9274d7a'
[I] 17:27:51.655(0000000000014110):[AMQP4]success binding 'amq.direct'->'cf.wechat.rpc.f7d6d921a29c11e79052418df9274d7a'(cf.wechat.rpc.f7d6d921a29c11e79052418df9274d7a)
[I] 17:27:51.656(0000000000014110):[AMQP7]success binding 'amq.direct'->'sr.customer.rewardfail.f7da82a0a29c11e79052418df9274d7a'(sr.customer.rewardfail.f7da82a0a29c11e79052418df9274d7a)
[I] 17:27:51.656(0000000000014110):[AMQP0]success binding 'cf.wechat.notify'->'jiaxingwang.sc_admin.wechat.f7938e90a29c11e79052418df9274d7a'(#)
[I] 17:27:51.660(0000000000014110):[AMQP4]success declare queue 'cf.rpc.f7d70030a29c11e79052418df9274d7a'
[I] 17:27:51.660(0000000000014110):[AMQP0]success declare queue 'cf.app.rpc.f7938e91a29c11e79052418df9274d7a'
[I] 17:27:51.663(0000000000014110):[AMQP4]success consume 'cf.rpc.f7d70030a29c11e79052418df9274d7a'
[I] 17:27:51.663(0000000000014110):[AMQP0]success consume 'cf.app.rpc.f7938e91a29c11e79052418df9274d7a'
[I] 17:27:51.665(0000000000014110):[AMQP4]success binding 'amq.direct'->'cf.rpc.f7d70030a29c11e79052418df9274d7a'(cf.rpc.f7d70030a29c11e79052418df9274d7a)
[I] 17:27:51.666(0000000000014110):[AMQP0]success binding 'amq.direct'->'cf.app.rpc.f7938e91a29c11e79052418df9274d7a'(cf.app.rpc.f7938e91a29c11e79052418df9274d7a)
[I] 17:27:51.670(0000000000014110):[AMQP4]success declare queue 'sc.task.rpc.f7d70031a29c11e79052418df9274d7a'
[I] 17:27:51.671(0000000000014110):[AMQP0]success declare queue 'cf.alipay.rpc.f79451e0a29c11e79052418df9274d7a'
[I] 17:27:51.672(0000000000014110):[AMQP4]success consume 'sc.task.rpc.f7d70031a29c11e79052418df9274d7a'
[I] 17:27:51.673(0000000000014110):[AMQP0]success consume 'cf.alipay.rpc.f79451e0a29c11e79052418df9274d7a'
[I] 17:27:51.675(0000000000014110):[AMQP4]success binding 'amq.direct'->'sc.task.rpc.f7d70031a29c11e79052418df9274d7a'(sc.task.rpc.f7d70031a29c11e79052418df9274d7a)
[I] 17:27:51.676(0000000000014110):[AMQP0]success binding 'amq.direct'->'cf.alipay.rpc.f79451e0a29c11e79052418df9274d7a'(cf.alipay.rpc.f79451e0a29c11e79052418df9274d7a)
[I] 17:27:51.679(0000000000014110):[AMQP0]success declare queue 'cf.ding.rpc.f795b170a29c11e79052418df9274d7a'
[I] 17:27:51.681(0000000000014110):[AMQP0]success consume 'cf.ding.rpc.f795b170a29c11e79052418df9274d7a'
[I] 17:27:51.683(0000000000014110):[AMQP0]success binding 'amq.direct'->'cf.ding.rpc.f795b170a29c11e79052418df9274d7a'(cf.ding.rpc.f795b170a29c11e79052418df9274d7a)
[I] 17:27:51.685(0000000000014110):[AMQP0]success declare exchange 'cf.ding.notify'
[I] 17:27:51.690(0000000000014110):[AMQP0]success declare queue 'jiaxingwang.sc_admin.ding.f79897a0a29c11e79052418df9274d7a'
[I] 17:27:51.699(0000000000014110):[AMQP0]success consume 'jiaxingwang.sc_admin.ding.f79897a0a29c11e79052418df9274d7a'
[I] 17:27:51.703(0000000000014110):[AMQP0]success binding 'cf.ding.notify'->'jiaxingwang.sc_admin.ding.f79897a0a29c11e79052418df9274d7a'(#)
[I] 17:27:51.706(0000000000014110):[AMQP0]success declare queue 'sr.customer.rpc.f799d020a29c11e79052418df9274d7a'
[I] 17:27:51.712(0000000000014110):[AMQP0]success consume 'sr.customer.rpc.f799d020a29c11e79052418df9274d7a'
[I] 17:27:51.714(0000000000014110):[AMQP0]success binding 'amq.direct'->'sr.customer.rpc.f799d020a29c11e79052418df9274d7a'(sr.customer.rpc.f799d020a29c11e79052418df9274d7a)
[I] 17:27:51.715(0000000000014110):[AMQP0]success declare exchange 'amq.direct'
[I] 17:27:51.719(0000000000014110):[AMQP0]success declare queue 'sc.task.rpc.f7c3c650a29c11e79052418df9274d7a'
[I] 17:27:51.722(0000000000014110):[AMQP0]success consume 'sc.task.rpc.f7c3c650a29c11e79052418df9274d7a'
[I] 17:27:51.725(0000000000014110):[AMQP0]success binding 'amq.direct'->'sc.task.rpc.f7c3c650a29c11e79052418df9274d7a'(sc.task.rpc.f7c3c650a29c11e79052418df9274d7a)
[I] 17:27:51.729(0000000000014110):[AMQP0]success declare queue 'sr.customer.tag.rpc.f7c9b9c0a29c11e79052418df9274d7a'
[I] 17:27:51.731(0000000000014110):[AMQP0]success consume 'sr.customer.tag.rpc.f7c9b9c0a29c11e79052418df9274d7a'
[I] 17:27:51.736(0000000000014110):[AMQP0]success binding 'amq.direct'->'sr.customer.tag.rpc.f7c9b9c0a29c11e79052418df9274d7a'(sr.customer.tag.rpc.f7c9b9c0a29c11e79052418df9274d7a)
[I] 17:27:51.740(0000000000014110):[AMQP0]success declare queue 'sr.customer.point.rpc.f7c9e0d0a29c11e79052418df9274d7a'
[I] 17:27:51.742(0000000000014110):[AMQP0]success consume 'sr.customer.point.rpc.f7c9e0d0a29c11e79052418df9274d7a'
[I] 17:27:51.747(0000000000014110):[AMQP0]success binding 'amq.direct'->'sr.customer.point.rpc.f7c9e0d0a29c11e79052418df9274d7a'(sr.customer.point.rpc.f7c9e0d0a29c11e79052418df9274d7a)
[I] 17:27:51.751(0000000000014110):[AMQP0]success declare queue 'sr.customer.coupon_class.rpc.f7cdd870a29c11e79052418df9274d7a'
[I] 17:27:51.752(0000000000014110):[AMQP0]success consume 'sr.customer.coupon_class.rpc.f7cdd870a29c11e79052418df9274d7a'
[I] 17:27:51.754(0000000000014110):[AMQP0]success binding 'amq.direct'->'sr.customer.coupon_class.rpc.f7cdd870a29c11e79052418df9274d7a'(sr.customer.coupon_class.rpc.f7cdd870a29c11e79052418df9274d7a)
[I] 17:27:51.759(0000000000014110):[AMQP0]success declare queue 'sr.customer.coupon.rpc.f7cdff80a29c11e79052418df9274d7a'
[I] 17:27:51.760(0000000000014110):[AMQP0]success consume 'sr.customer.coupon.rpc.f7cdff80a29c11e79052418df9274d7a'
[I] 17:27:51.762(0000000000014110):[AMQP0]success binding 'amq.direct'->'sr.customer.coupon.rpc.f7cdff80a29c11e79052418df9274d7a'(sr.customer.coupon.rpc.f7cdff80a29c11e79052418df9274d7a)
[I] 17:27:51.766(0000000000014110):[AMQP0]success declare queue 'cf.wxpay.rpc.f7cffb50a29c11e79052418df9274d7a'
[I] 17:27:51.767(0000000000014110):[AMQP0]success consume 'cf.wxpay.rpc.f7cffb50a29c11e79052418df9274d7a'
[I] 17:27:51.771(0000000000014110):[AMQP0]success binding 'amq.direct'->'cf.wxpay.rpc.f7cffb50a29c11e79052418df9274d7a'(cf.wxpay.rpc.f7cffb50a29c11e79052418df9274d7a)
[I] 17:27:51.775(0000000000014110):[AMQP0]success declare queue 'cf.baidu.rpc.f7d3f2f0a29c11e79052418df9274d7a'
[I] 17:27:51.777(0000000000014110):[AMQP0]success consume 'cf.baidu.rpc.f7d3f2f0a29c11e79052418df9274d7a'
[I] 17:27:51.781(0000000000014110):[AMQP0]success binding 'amq.direct'->'cf.baidu.rpc.f7d3f2f0a29c11e79052418df9274d7a'(cf.baidu.rpc.f7d3f2f0a29c11e79052418df9274d7a)
[I] 17:27:51.785(0000000000014110):[AMQP0]success declare queue 'sr.trade.rpc.f7db9410a29c11e79052418df9274d7a'
[I] 17:27:51.786(0000000000014110):[AMQP0]success consume 'sr.trade.rpc.f7db9410a29c11e79052418df9274d7a'
[I] 17:27:51.788(0000000000014110):[AMQP0]success binding 'amq.direct'->'sr.trade.rpc.f7db9410a29c11e79052418df9274d7a'(sr.trade.rpc.f7db9410a29c11e79052418df9274d7a)
[I] 17:27:52.089(000000000013B0EC):[AMQP0]created
[I] 17:27:52.098(000000000013B0EC):[AMQP0]declare queue 'cf.rpc.f8361020a29c11e78bc09159312ff970'
[I] 17:27:52.099(000000000013B0EC):[RPCC:cf.rpc]create rpc client 'cf.rpc' in conn AMQP0
[I] 17:27:52.204(000000000013B0EC):PBEncoder success load file 'E:\product\protocol\cf.proto.js'
[I] 17:27:52.205(000000000013B0EC):[AMQP0]declare queue 'cf.wechat.rpc.f8463cc0a29c11e78bc09159312ff970'
[I] 17:27:52.205(000000000013B0EC):[RPCC:cf.wechat.rpc]create rpc client 'cf.wechat.rpc' in conn AMQP0
[I] 17:27:52.262(000000000013B0EC):PBEncoder success load file 'E:\product\protocol\cf_wechat.proto.js'
[I] 17:27:52.263(000000000013B0EC):[AMQP0]declare exchange 'cf.wechat.notify'
[I] 17:27:52.263(000000000013B0EC):[AMQP0]declare queue 'jiaxingwang.sc_admin.wechat.f84f3d70a29c11e78bc09159312ff970'
[I] 17:27:52.264(000000000013B0EC):[AMQP0]declare queue 'cf.app.rpc.f84f3d71a29c11e78bc09159312ff970'
[I] 17:27:52.264(000000000013B0EC):[RPCC:cf.app.rpc]create rpc client 'cf.app.rpc' in conn AMQP0
[I] 17:27:52.268(000000000013B0EC):PBEncoder success load file 'E:\product\protocol\cf_app.proto.js'
[I] 17:27:52.269(000000000013B0EC):[AMQP0]declare queue 'cf.alipay.rpc.f85027d0a29c11e78bc09159312ff970'
[I] 17:27:52.269(000000000013B0EC):[RPCC:cf.alipay.rpc]create rpc client 'cf.alipay.rpc' in conn AMQP0
[I] 17:27:52.277(000000000013B0EC):PBEncoder success load file 'E:\product\protocol\cf_alipay.proto.js'
[I] 17:27:52.277(000000000013B0EC):[AMQP0]declare queue 'cf.ding.rpc.f8516050a29c11e78bc09159312ff970'
[I] 17:27:52.277(000000000013B0EC):[RPCC:cf.ding.rpc]create rpc client 'cf.ding.rpc' in conn AMQP0
[I] 17:27:52.287(000000000013B0EC):PBEncoder success load file 'E:\product\protocol\cf_ding.proto.js'
[I] 17:27:52.288(000000000013B0EC):[AMQP0]declare exchange 'cf.ding.notify'
[I] 17:27:52.288(000000000013B0EC):[AMQP0]declare queue 'jiaxingwang.sc_admin.ding.f8530e00a29c11e78bc09159312ff970'
[I] 17:27:52.288(000000000013B0EC):[AM]init and reload account!
[I] 17:27:52.293(000000000013B0EC):[AM]reload account success, account number is: 0
[I] 17:27:52.296(000000000013B0EC):[AMQP0]declare queue 'sr.customer.rpc.f8544680a29c11e78bc09159312ff970'
[I] 17:27:52.298(000000000013B0EC):[RPCC:sr.customer.rpc]create rpc client 'sr.customer.rpc' in conn AMQP0
[I] 17:27:52.307(000000000013B0EC):PBEncoder success load file 'E:\product\protocol\sr_customer.proto.js'
[W] 17:27:52.308(000000000013B0EC):[AMQP0]rpc client 'cf.rpc' declare repeat!
[W] 17:27:52.308(000000000013B0EC):[AMQP0]rpc client 'cf.wechat.rpc' declare repeat!
[W] 17:27:52.308(000000000013B0EC):[AMQP0]rpc client 'cf.app.rpc' declare repeat!
[D] 17:27:52.383(00000000000162FC):worker process log socket connected!
[D] 17:27:52.376(000000000013B1F4):worker 2# ready to connect master log socket server, port=47139
[D] 17:27:52.385(000000000013B1F4):worker 2# log socket connected!
[I] 17:27:52.468(000000000013B0EC):PBEncoder success load file 'E:\product\protocol\sc_system.proto.js'
[I] 17:27:52.515(000000000013B0EC):[AMQP1]created
[I] 17:27:52.516(000000000013B0EC):[AMQP1]declare exchange 'amq.direct'
[I] 17:27:52.516(000000000013B0EC):[AMQP1]declare queue 'cf.wechat.rpc.f875d840a29c11e78bc09159312ff970'
[I] 17:27:52.517(000000000013B0EC):[RPCC:cf.wechat.rpc]create rpc client 'cf.wechat.rpc' in conn AMQP1
[I] 17:27:52.518(000000000013B0EC):[AMQP2]created
[I] 17:27:52.521(000000000013B0EC):[AMQP0]declare exchange 'amq.direct'
[I] 17:27:52.522(000000000013B0EC):[AMQP0]declare queue 'sc.task.rpc.f876c2a0a29c11e78bc09159312ff970'
[I] 17:27:52.522(000000000013B0EC):[RPCC:sc.task.rpc]create rpc client 'sc.task.rpc' in conn AMQP0
[I] 17:27:52.529(000000000013B0EC):PBEncoder success load file 'E:\product\protocol\sc_task.proto.js'
[I] 17:27:52.550(000000000013B0EC):[AMQP0]declare queue 'sr.customer.tag.rpc.f87b0860a29c11e78bc09159312ff970'
[I] 17:27:52.550(000000000013B0EC):[RPCC:sr.customer.tag.rpc]create rpc client 'sr.customer.tag.rpc' in conn AMQP0
[I] 17:27:52.550(000000000013B0EC):[AMQP0]declare queue 'sr.customer.point.rpc.f87b0861a29c11e78bc09159312ff970'
[I] 17:27:52.551(000000000013B0EC):[RPCC:sr.customer.point.rpc]create rpc client 'sr.customer.point.rpc' in conn AMQP0
[I] 17:27:52.558(000000000013B0EC):PBEncoder success load file 'E:\product\protocol\sr_customer_point.proto.js'
[I] 17:27:52.564(000000000013B0EC):PBEncoder success load file 'E:\product\protocol\sr_customer_tag.proto.js'
[W] 17:27:52.573(000000000013B0EC):[AMQP0]rpc client 'cf.wechat.rpc' declare repeat!
[I] 17:27:52.574(000000000013B0EC):[AMQP0]declare queue 'sr.customer.coupon_class.rpc.f87eb1e0a29c11e78bc09159312ff970'
[I] 17:27:52.574(000000000013B0EC):[RPCC:sr.customer.coupon_class.rpc]create rpc client 'sr.customer.coupon_class.rpc' in conn AMQP0
[I] 17:27:52.575(000000000013B0EC):[AMQP0]declare queue 'sr.customer.coupon.rpc.f87ed8f0a29c11e78bc09159312ff970'
[I] 17:27:52.575(000000000013B0EC):[RPCC:sr.customer.coupon.rpc]create rpc client 'sr.customer.coupon.rpc' in conn AMQP0
[I] 17:27:52.587(000000000013B0EC):PBEncoder success load file 'E:\product\protocol\sr_customer_coupon.proto.js'
[W] 17:27:52.587(000000000013B0EC):[AMQP0]rpc client 'cf.wechat.rpc' declare repeat!
[I] 17:27:52.588(000000000013B0EC):[AMQP0]declare queue 'cf.wxpay.rpc.f880d4c0a29c11e78bc09159312ff970'
[I] 17:27:52.588(000000000013B0EC):[RPCC:cf.wxpay.rpc]create rpc client 'cf.wxpay.rpc' in conn AMQP0
[I] 17:27:52.601(000000000013B0EC):PBEncoder success load file 'E:\product\protocol\cf_wxpay.proto.js'
[W] 17:27:52.602(000000000013B0EC):[AMQP0]rpc client 'sr.customer.point.rpc' declare repeat!
[W] 17:27:52.609(000000000013B0EC):[AMQP0]exchange amq.direct already declare!!
[W] 17:27:52.609(000000000013B0EC):[AMQP0]rpc client 'sr.customer.rpc' declare repeat!
[W] 17:27:52.609(000000000013B0EC):[AMQP0]rpc client 'sr.customer.coupon.rpc' declare repeat!
[W] 17:27:52.609(000000000013B0EC):[AMQP0]rpc client 'cf.wechat.rpc' declare repeat!
[W] 17:27:52.611(000000000013B0EC):[AMQP0]exchange amq.direct already declare!!
[I] 17:27:52.612(000000000013B0EC):[AMQP0]declare queue 'cf.baidu.rpc.f8847e40a29c11e78bc09159312ff970'
[I] 17:27:52.612(000000000013B0EC):[RPCC:cf.baidu.rpc]create rpc client 'cf.baidu.rpc' in conn AMQP0
[I] 17:27:52.615(000000000013B0EC):PBEncoder success load file 'E:\product\protocol\cf_baidu.proto.js'
[I] 17:27:52.620(000000000013B0EC):[AMQP3]created
[I] 17:27:52.627(000000000013B0EC):[AMQP4]created
[I] 17:27:52.628(000000000013B0EC):[AMQP4]declare exchange 'amq.direct'
[I] 17:27:52.628(000000000013B0EC):[AMQP4]declare queue 'cf.app.rpc.f886ef40a29c11e78bc09159312ff970'
[I] 17:27:52.628(000000000013B0EC):[RPCC:cf.app.rpc]create rpc client 'cf.app.rpc' in conn AMQP4
[I] 17:27:52.629(000000000013B0EC):[AMQP4]declare queue 'cf.wechat.rpc.f8871650a29c11e78bc09159312ff970'
[I] 17:27:52.629(000000000013B0EC):[RPCC:cf.wechat.rpc]create rpc client 'cf.wechat.rpc' in conn AMQP4
[I] 17:27:52.629(000000000013B0EC):[AMQP4]declare queue 'cf.rpc.f8871651a29c11e78bc09159312ff970'
[I] 17:27:52.629(000000000013B0EC):[RPCC:cf.rpc]create rpc client 'cf.rpc' in conn AMQP4
[I] 17:27:52.630(000000000013B0EC):[AMQP4]declare queue 'sc.task.rpc.f8873d60a29c11e78bc09159312ff970'
[I] 17:27:52.630(000000000013B0EC):[RPCC:sc.task.rpc]create rpc client 'sc.task.rpc' in conn AMQP4
[I] 17:27:52.633(000000000013B0EC):[AMQP5]created
[I] 17:27:52.633(000000000013B0EC):[AMQP5]declare exchange 'amq.direct'
[I] 17:27:52.633(000000000013B0EC):[AMQP5]declare queue 'cf.wechat.rpc.f887b290a29c11e78bc09159312ff970'
[I] 17:27:52.634(000000000013B0EC):[RPCC:cf.wechat.rpc]create rpc client 'cf.wechat.rpc' in conn AMQP5
[W] 17:27:52.635(000000000013B0EC):[AMQP0]rpc client 'sr.customer.point.rpc' declare repeat!
[I] 17:27:52.638(000000000013B0EC):[AMQP6]created
[I] 17:27:52.638(000000000013B0EC):[AMQP6]declare exchange 'amq.direct'
[I] 17:27:52.638(000000000013B0EC):[AMQP6]declare queue 'cf.wechat.rpc.f88875e0a29c11e78bc09159312ff970'
[I] 17:27:52.639(000000000013B0EC):[RPCC:cf.wechat.rpc]create rpc client 'cf.wechat.rpc' in conn AMQP6
[I] 17:27:52.643(000000000013B0EC):[AMQP7]created
[I] 17:27:52.643(000000000013B0EC):[AMQP7]declare exchange 'amq.direct'
[I] 17:27:52.643(000000000013B0EC):[AMQP7]declare queue 'sc.task.rpc.f8893930a29c11e78bc09159312ff970'
[I] 17:27:52.644(000000000013B0EC):[RPCC:sc.task.rpc]create rpc client 'sc.task.rpc' in conn AMQP7
[I] 17:27:52.644(000000000013B0EC):[AMQP7]declare queue 'sr.customer.rewardfail.f8896040a29c11e78bc09159312ff970'
[I] 17:27:52.644(000000000013B0EC):[RPCC:sr.customer.rewardfail]create rpc client 'sr.customer.rewardfail' in conn AMQP7
[W] 17:27:52.647(000000000013B0EC):[AMQP0]exchange amq.direct already declare!!
[W] 17:27:52.648(000000000013B0EC):[AMQP0]rpc client 'sr.customer.tag.rpc' declare repeat!
[W] 17:27:52.648(000000000013B0EC):[AMQP0]rpc client 'sc.task.rpc' declare repeat!
[W] 17:27:52.650(000000000013B0EC):[AMQP0]exchange amq.direct already declare!!
[I] 17:27:52.650(000000000013B0EC):[AMQP0]declare queue 'sr.trade.rpc.f88a4aa0a29c11e78bc09159312ff970'
[I] 17:27:52.651(000000000013B0EC):[RPCC:sr.trade.rpc]create rpc client 'sr.trade.rpc' in conn AMQP0
[I] 17:27:52.654(000000000013B0EC):PBEncoder success load file 'E:\product\protocol\sr_trade.proto.js'
[I] 17:27:52.657(000000000013B0EC):[AMQP8]created
[I] 17:27:52.658(000000000013B0EC):[AMQP8]declare exchange 'amq.direct'
[I] 17:27:52.658(000000000013B0EC):[AMQP8]declare queue 'cf.wechat.rpc.f88b8320a29c11e78bc09159312ff970'
[I] 17:27:52.658(000000000013B0EC):[RPCC:cf.wechat.rpc]create rpc client 'cf.wechat.rpc' in conn AMQP8
[T] 17:27:52.676(000000000013B0EC):Http is running,port is 18910
[I] 17:27:52.681(000000000013B0EC):[redis]redis connect
[I] 17:27:52.694(000000000013B0EC):[redis]redis ready
[I] 17:27:52.696(000000000013B0EC):[MP1]create connection #0
[T] 17:27:52.696(000000000013B0EC):[MP1]getConnection success,getIndex=0
[I] 17:27:52.697(000000000013B0EC):[MP1]create connection #1
[T] 17:27:52.697(000000000013B0EC):[MP1]getConnection success,getIndex=1
[T] 17:27:52.704(000000000013B0EC):[MySQL]Query success,used time:5 ms,sql="select * from cf_account where enabled=1 and function_mask like \"1%\""
[T] 17:27:52.710(000000000013B0EC):[MySQL]Query success,used time:10 ms,sql="SELECT * FROM `sc_org`"
[T] 17:27:52.711(000000000013B0EC):getConnection release,getIndex=0
[T] 17:27:52.711(000000000013B0EC):getConnection release,getIndex=1
[I] 17:27:52.712(000000000013B0EC):[AM]get account list success: [{"innerid":"HEDV35FASG-DGW423A-34TGGW53AAD66","name":"乐逛演示","org_id":"1","shop_id":null,"settlement_id":null,"method_code":1,"method_code_key":"wechat_test3_1","function_mask":"10","config":"{\"accountid\":\"gh_92368265694f\",\"fee_type\":\"CNY\",\"appid\":\"wx39bf9ff3da6fc1e7\",\"appsecret\":\"e00fc51118b318fb99cff35d217865fc\",\"mch_id\":\"1287801701\",\"sub_mch_id\":\"\",\"sign_key\":\"smartpaysmartpaysmartpaysmartpay\",\"key_file\":\"apiclient_key.pem\",\"cert_file\":\"apiclient_cert.pem\",\"pay_authorization_dir\":[\"\",\"\",\"\"],\"pay_native_callback\":\"\",\"pay_finish_notify\":\"1\",\"pay_alarm_notify\":\"\"}","enabled":1,"desc":null},{"innerid":"SE43RG3ASG-34GWW55A-34TG43HER452","name":"短信测试一","org_id":"1","shop_id":null,"settlement_id":null,"method_code":2,"method_code_key":"wechat_test1_2","function_mask":"10","config":"{\"url\" : \"http://211.147.239.62:9050/cgi-bin/sendsms\",\"username\" : \"shopperconnect@smartac\",\"password\" : \"shopCNT@smartc2016\"}","enabled":1,"desc":null},{"innerid":"SMFGSW423GWS-G43HTEHE2-HHEDR5462HS","name":"邮件测试一","org_id":"1","shop_id":null,"settlement_id":null,"method_code":3,"method_code_key":"wechat_test1_3","function_mask":"10","config":"{\"smtpserver\" : \"smtp.163.com\",\"port\": 25,\"username\" : \"zyqtest5@163.com\",\"password\" : \"zyqtest5881119\",\"SSL\":false}","enabled":1,"desc":null}]
[I] 17:27:52.743(000000000013B0EC):[AMQP1]AMQP1 connect 'amqp://guest:guest@172.16.0.81:5672' success!
[I] 17:27:52.747(000000000013B0EC):[AMQP0]AMQP0 connect 'amqp://guest:guest@172.16.0.81:5672' success!
[I] 17:27:52.748(000000000013B0EC):[AMQP4]AMQP4 connect 'amqp://guest:guest@172.16.0.81:5672' success!
[I] 17:27:52.759(000000000013B0EC):[AMQP1]success declare exchange 'amq.direct'
[I] 17:27:52.760(000000000013B0EC):[AMQP8]AMQP8 connect 'amqp://guest:guest@172.16.0.81:5672' success!
[I] 17:27:52.761(000000000013B0EC):[AMQP7]AMQP7 connect 'amqp://guest:guest@172.16.0.81:5672' success!
[I] 17:27:52.761(000000000013B0EC):[AMQP5]AMQP5 connect 'amqp://guest:guest@172.16.0.81:5672' success!
[I] 17:27:52.762(000000000013B0EC):[AMQP6]AMQP6 connect 'amqp://guest:guest@172.16.0.81:5672' success!
[I] 17:27:52.763(000000000013B0EC):[AMQP4]success declare exchange 'amq.direct'
[I] 17:27:52.764(000000000013B0EC):[AMQP0]success declare queue 'cf.rpc.f8361020a29c11e78bc09159312ff970'
[I] 17:27:52.777(000000000013B0EC):[AMQP0]success consume 'cf.rpc.f8361020a29c11e78bc09159312ff970'
[I] 17:27:52.777(000000000013B0EC):[AMQP6]success declare exchange 'amq.direct'
[I] 17:27:52.777(000000000013B0EC):[AMQP1]success declare queue 'cf.wechat.rpc.f875d840a29c11e78bc09159312ff970'
[I] 17:27:52.778(000000000013B0EC):[AMQP4]success declare queue 'cf.app.rpc.f886ef40a29c11e78bc09159312ff970'
[I] 17:27:52.778(000000000013B0EC):[AMQP5]success declare exchange 'amq.direct'
[I] 17:27:52.778(000000000013B0EC):[AMQP8]success declare exchange 'amq.direct'
[I] 17:27:52.780(000000000013B0EC):[AMQP7]success declare exchange 'amq.direct'
[I] 17:27:52.781(000000000013B0EC):[AMQP1]success consume 'cf.wechat.rpc.f875d840a29c11e78bc09159312ff970'
[I] 17:27:52.781(000000000013B0EC):[AMQP4]success consume 'cf.app.rpc.f886ef40a29c11e78bc09159312ff970'
[I] 17:27:52.783(000000000013B0EC):[AMQP0]success binding 'amq.direct'->'cf.rpc.f8361020a29c11e78bc09159312ff970'(cf.rpc.f8361020a29c11e78bc09159312ff970)
[I] 17:27:52.785(000000000013B0EC):[AMQP8]success declare queue 'cf.wechat.rpc.f88b8320a29c11e78bc09159312ff970'
[I] 17:27:52.786(000000000013B0EC):[AMQP5]success declare queue 'cf.wechat.rpc.f887b290a29c11e78bc09159312ff970'
[I] 17:27:52.787(000000000013B0EC):[AMQP6]success declare queue 'cf.wechat.rpc.f88875e0a29c11e78bc09159312ff970'
[I] 17:27:52.788(000000000013B0EC):[AMQP7]success declare queue 'sc.task.rpc.f8893930a29c11e78bc09159312ff970'
[I] 17:27:52.789(000000000013B0EC):[AMQP1]success binding 'amq.direct'->'cf.wechat.rpc.f875d840a29c11e78bc09159312ff970'(cf.wechat.rpc.f875d840a29c11e78bc09159312ff970)
[I] 17:27:52.789(000000000013B0EC):[AMQP4]success binding 'amq.direct'->'cf.app.rpc.f886ef40a29c11e78bc09159312ff970'(cf.app.rpc.f886ef40a29c11e78bc09159312ff970)
[I] 17:27:52.790(000000000013B0EC):[AMQP8]success consume 'cf.wechat.rpc.f88b8320a29c11e78bc09159312ff970'
[I] 17:27:52.799(000000000013B0EC):[AMQP0]success declare queue 'cf.wechat.rpc.f8463cc0a29c11e78bc09159312ff970'
[I] 17:27:52.800(000000000013B0EC):[AMQP5]success consume 'cf.wechat.rpc.f887b290a29c11e78bc09159312ff970'
[I] 17:27:52.802(000000000013B0EC):[AMQP6]success consume 'cf.wechat.rpc.f88875e0a29c11e78bc09159312ff970'
[I] 17:27:52.803(000000000013B0EC):[AMQP7]success consume 'sc.task.rpc.f8893930a29c11e78bc09159312ff970'
[I] 17:27:52.804(000000000013B0EC):[AMQP4]success declare queue 'cf.wechat.rpc.f8871650a29c11e78bc09159312ff970'
[I] 17:27:52.814(000000000013B0EC):[AMQP0]success consume 'cf.wechat.rpc.f8463cc0a29c11e78bc09159312ff970'
[I] 17:27:52.815(000000000013B0EC):[AMQP8]success binding 'amq.direct'->'cf.wechat.rpc.f88b8320a29c11e78bc09159312ff970'(cf.wechat.rpc.f88b8320a29c11e78bc09159312ff970)
[I] 17:27:52.816(000000000013B0EC):[AMQP6]success binding 'amq.direct'->'cf.wechat.rpc.f88875e0a29c11e78bc09159312ff970'(cf.wechat.rpc.f88875e0a29c11e78bc09159312ff970)
[I] 17:27:52.816(000000000013B0EC):[AMQP4]success consume 'cf.wechat.rpc.f8871650a29c11e78bc09159312ff970'
[I] 17:27:52.818(000000000013B0EC):[AMQP5]success binding 'amq.direct'->'cf.wechat.rpc.f887b290a29c11e78bc09159312ff970'(cf.wechat.rpc.f887b290a29c11e78bc09159312ff970)
[I] 17:27:52.819(000000000013B0EC):[AMQP7]success binding 'amq.direct'->'sc.task.rpc.f8893930a29c11e78bc09159312ff970'(sc.task.rpc.f8893930a29c11e78bc09159312ff970)
[I] 17:27:52.821(000000000013B0EC):[AMQP0]success binding 'amq.direct'->'cf.wechat.rpc.f8463cc0a29c11e78bc09159312ff970'(cf.wechat.rpc.f8463cc0a29c11e78bc09159312ff970)
[I] 17:27:52.822(000000000013B0EC):[AMQP4]success binding 'amq.direct'->'cf.wechat.rpc.f8871650a29c11e78bc09159312ff970'(cf.wechat.rpc.f8871650a29c11e78bc09159312ff970)
[I] 17:27:52.822(000000000013B0EC):[AMQP0]success declare exchange 'cf.wechat.notify'
[I] 17:27:52.825(000000000013B0EC):[AMQP4]success declare queue 'cf.rpc.f8871651a29c11e78bc09159312ff970'
[I] 17:27:52.826(000000000013B0EC):[AMQP7]success declare queue 'sr.customer.rewardfail.f8896040a29c11e78bc09159312ff970'
[I] 17:27:52.827(000000000013B0EC):[AMQP4]success consume 'cf.rpc.f8871651a29c11e78bc09159312ff970'
[I] 17:27:52.828(000000000013B0EC):[AMQP7]success consume 'sr.customer.rewardfail.f8896040a29c11e78bc09159312ff970'
[I] 17:27:52.829(000000000013B0EC):[AMQP0]success declare queue 'jiaxingwang.sc_admin.wechat.f84f3d70a29c11e78bc09159312ff970'
[I] 17:27:52.834(000000000013B0EC):[AMQP4]success binding 'amq.direct'->'cf.rpc.f8871651a29c11e78bc09159312ff970'(cf.rpc.f8871651a29c11e78bc09159312ff970)
[I] 17:27:52.836(000000000013B0EC):[AMQP0]success consume 'jiaxingwang.sc_admin.wechat.f84f3d70a29c11e78bc09159312ff970'
[I] 17:27:52.837(000000000013B0EC):[AMQP7]success binding 'amq.direct'->'sr.customer.rewardfail.f8896040a29c11e78bc09159312ff970'(sr.customer.rewardfail.f8896040a29c11e78bc09159312ff970)
[I] 17:27:52.841(000000000013B0EC):[AMQP4]success declare queue 'sc.task.rpc.f8873d60a29c11e78bc09159312ff970'
[I] 17:27:52.843(000000000013B0EC):[AMQP0]success binding 'cf.wechat.notify'->'jiaxingwang.sc_admin.wechat.f84f3d70a29c11e78bc09159312ff970'(#)
[I] 17:27:52.843(000000000013B0EC):[AMQP4]success consume 'sc.task.rpc.f8873d60a29c11e78bc09159312ff970'
[I] 17:27:52.846(000000000013B0EC):[AMQP4]success binding 'amq.direct'->'sc.task.rpc.f8873d60a29c11e78bc09159312ff970'(sc.task.rpc.f8873d60a29c11e78bc09159312ff970)
[I] 17:27:52.847(000000000013B0EC):[AMQP0]success declare queue 'cf.app.rpc.f84f3d71a29c11e78bc09159312ff970'
[I] 17:27:52.850(000000000013B0EC):[AMQP0]success consume 'cf.app.rpc.f84f3d71a29c11e78bc09159312ff970'
[I] 17:27:52.854(000000000013B0EC):[AMQP0]success binding 'amq.direct'->'cf.app.rpc.f84f3d71a29c11e78bc09159312ff970'(cf.app.rpc.f84f3d71a29c11e78bc09159312ff970)
[I] 17:27:52.859(000000000013B0EC):[AMQP0]success declare queue 'cf.alipay.rpc.f85027d0a29c11e78bc09159312ff970'
[I] 17:27:52.860(000000000013B0EC):[AMQP0]success consume 'cf.alipay.rpc.f85027d0a29c11e78bc09159312ff970'
[I] 17:27:52.863(000000000013B0EC):[AMQP0]success binding 'amq.direct'->'cf.alipay.rpc.f85027d0a29c11e78bc09159312ff970'(cf.alipay.rpc.f85027d0a29c11e78bc09159312ff970)
[I] 17:27:52.867(000000000013B0EC):[AMQP0]success declare queue 'cf.ding.rpc.f8516050a29c11e78bc09159312ff970'
[I] 17:27:52.868(000000000013B0EC):[AMQP0]success consume 'cf.ding.rpc.f8516050a29c11e78bc09159312ff970'
[I] 17:27:52.870(000000000013B0EC):[AMQP0]success binding 'amq.direct'->'cf.ding.rpc.f8516050a29c11e78bc09159312ff970'(cf.ding.rpc.f8516050a29c11e78bc09159312ff970)
[I] 17:27:52.872(000000000013B0EC):[AMQP0]success declare exchange 'cf.ding.notify'
[I] 17:27:52.876(000000000013B0EC):[AMQP0]success declare queue 'jiaxingwang.sc_admin.ding.f8530e00a29c11e78bc09159312ff970'
[I] 17:27:52.878(000000000013B0EC):[AMQP0]success consume 'jiaxingwang.sc_admin.ding.f8530e00a29c11e78bc09159312ff970'
[I] 17:27:52.880(000000000013B0EC):[AMQP0]success binding 'cf.ding.notify'->'jiaxingwang.sc_admin.ding.f8530e00a29c11e78bc09159312ff970'(#)
[I] 17:27:52.891(000000000013B0EC):[AMQP0]success declare queue 'sr.customer.rpc.f8544680a29c11e78bc09159312ff970'
[I] 17:27:52.895(000000000013B0EC):[AMQP0]success consume 'sr.customer.rpc.f8544680a29c11e78bc09159312ff970'
[I] 17:27:52.897(000000000013B0EC):[AMQP0]success binding 'amq.direct'->'sr.customer.rpc.f8544680a29c11e78bc09159312ff970'(sr.customer.rpc.f8544680a29c11e78bc09159312ff970)
[I] 17:27:52.899(000000000013B0EC):[AMQP0]success declare exchange 'amq.direct'
[I] 17:27:52.903(000000000013B0EC):[AMQP0]success declare queue 'sc.task.rpc.f876c2a0a29c11e78bc09159312ff970'
[I] 17:27:52.904(000000000013B0EC):[AMQP0]success consume 'sc.task.rpc.f876c2a0a29c11e78bc09159312ff970'
[I] 17:27:52.906(000000000013B0EC):[AMQP0]success binding 'amq.direct'->'sc.task.rpc.f876c2a0a29c11e78bc09159312ff970'(sc.task.rpc.f876c2a0a29c11e78bc09159312ff970)
[I] 17:27:52.909(000000000013B0EC):[AMQP0]success declare queue 'sr.customer.tag.rpc.f87b0860a29c11e78bc09159312ff970'
[I] 17:27:52.911(000000000013B0EC):[AMQP0]success consume 'sr.customer.tag.rpc.f87b0860a29c11e78bc09159312ff970'
[I] 17:27:52.913(000000000013B0EC):[AMQP0]success binding 'amq.direct'->'sr.customer.tag.rpc.f87b0860a29c11e78bc09159312ff970'(sr.customer.tag.rpc.f87b0860a29c11e78bc09159312ff970)
[I] 17:27:52.916(000000000013B0EC):[AMQP0]success declare queue 'sr.customer.point.rpc.f87b0861a29c11e78bc09159312ff970'
[I] 17:27:52.918(000000000013B0EC):[AMQP0]success consume 'sr.customer.point.rpc.f87b0861a29c11e78bc09159312ff970'
[I] 17:27:52.921(000000000013B0EC):[AMQP0]success binding 'amq.direct'->'sr.customer.point.rpc.f87b0861a29c11e78bc09159312ff970'(sr.customer.point.rpc.f87b0861a29c11e78bc09159312ff970)
[I] 17:27:52.925(000000000013B0EC):[AMQP0]success declare queue 'sr.customer.coupon_class.rpc.f87eb1e0a29c11e78bc09159312ff970'
[I] 17:27:52.927(000000000013B0EC):[AMQP0]success consume 'sr.customer.coupon_class.rpc.f87eb1e0a29c11e78bc09159312ff970'
[I] 17:27:52.929(000000000013B0EC):[AMQP0]success binding 'amq.direct'->'sr.customer.coupon_class.rpc.f87eb1e0a29c11e78bc09159312ff970'(sr.customer.coupon_class.rpc.f87eb1e0a29c11e78bc09159312ff970)
[I] 17:27:52.932(000000000013B0EC):[AMQP0]success declare queue 'sr.customer.coupon.rpc.f87ed8f0a29c11e78bc09159312ff970'
[I] 17:27:52.934(000000000013B0EC):[AMQP0]success consume 'sr.customer.coupon.rpc.f87ed8f0a29c11e78bc09159312ff970'
[I] 17:27:52.936(000000000013B0EC):[AMQP0]success binding 'amq.direct'->'sr.customer.coupon.rpc.f87ed8f0a29c11e78bc09159312ff970'(sr.customer.coupon.rpc.f87ed8f0a29c11e78bc09159312ff970)
[I] 17:27:52.941(000000000013B0EC):[AMQP0]success declare queue 'cf.wxpay.rpc.f880d4c0a29c11e78bc09159312ff970'
[I] 17:27:52.942(000000000013B0EC):[AMQP0]success consume 'cf.wxpay.rpc.f880d4c0a29c11e78bc09159312ff970'
[I] 17:27:52.945(000000000013B0EC):[AMQP0]success binding 'amq.direct'->'cf.wxpay.rpc.f880d4c0a29c11e78bc09159312ff970'(cf.wxpay.rpc.f880d4c0a29c11e78bc09159312ff970)
[I] 17:27:52.948(000000000013B0EC):[AMQP0]success declare queue 'cf.baidu.rpc.f8847e40a29c11e78bc09159312ff970'
[I] 17:27:52.950(000000000013B0EC):[AMQP0]success consume 'cf.baidu.rpc.f8847e40a29c11e78bc09159312ff970'
[I] 17:27:52.953(000000000013B0EC):[AMQP0]success binding 'amq.direct'->'cf.baidu.rpc.f8847e40a29c11e78bc09159312ff970'(cf.baidu.rpc.f8847e40a29c11e78bc09159312ff970)
[I] 17:27:52.960(000000000013B1F4):[AMQP0]created
[I] 17:27:52.967(000000000013B0EC):[AMQP0]success declare queue 'sr.trade.rpc.f88a4aa0a29c11e78bc09159312ff970'
[I] 17:27:52.972(000000000013B0EC):[AMQP0]success consume 'sr.trade.rpc.f88a4aa0a29c11e78bc09159312ff970'
[I] 17:27:52.974(000000000013B1F4):[AMQP0]declare queue 'cf.rpc.f8bb93d0a29c11e79f05b1a1db531316'
[I] 17:27:52.977(000000000013B0EC):[AMQP0]success binding 'amq.direct'->'sr.trade.rpc.f88a4aa0a29c11e78bc09159312ff970'(sr.trade.rpc.f88a4aa0a29c11e78bc09159312ff970)
[I] 17:27:52.975(000000000013B1F4):[RPCC:cf.rpc]create rpc client 'cf.rpc' in conn AMQP0
[I] 17:27:53.087(000000000013B1F4):PBEncoder success load file 'E:\product\protocol\cf.proto.js'
[I] 17:27:53.087(000000000013B1F4):[AMQP0]declare queue 'cf.wechat.rpc.f8ccf8f0a29c11e79f05b1a1db531316'
[I] 17:27:53.088(000000000013B1F4):[RPCC:cf.wechat.rpc]create rpc client 'cf.wechat.rpc' in conn AMQP0
[I] 17:27:53.143(000000000013B1F4):PBEncoder success load file 'E:\product\protocol\cf_wechat.proto.js'
[I] 17:27:53.143(000000000013B1F4):[AMQP0]declare exchange 'cf.wechat.notify'
[I] 17:27:53.144(000000000013B1F4):[AMQP0]declare queue 'jiaxingwang.sc_admin.wechat.f8d5ab80a29c11e79f05b1a1db531316'
[I] 17:27:53.144(000000000013B1F4):[AMQP0]declare queue 'cf.app.rpc.f8d5ab81a29c11e79f05b1a1db531316'
[I] 17:27:53.144(000000000013B1F4):[RPCC:cf.app.rpc]create rpc client 'cf.app.rpc' in conn AMQP0
[I] 17:27:53.148(000000000013B1F4):PBEncoder success load file 'E:\product\protocol\cf_app.proto.js'
[I] 17:27:53.149(000000000013B1F4):[AMQP0]declare queue 'cf.alipay.rpc.f8d66ed0a29c11e79f05b1a1db531316'
[I] 17:27:53.149(000000000013B1F4):[RPCC:cf.alipay.rpc]create rpc client 'cf.alipay.rpc' in conn AMQP0
[I] 17:27:53.156(000000000013B1F4):PBEncoder success load file 'E:\product\protocol\cf_alipay.proto.js'
[I] 17:27:53.157(000000000013B1F4):[AMQP0]declare queue 'cf.ding.rpc.f8d7a750a29c11e79f05b1a1db531316'
[I] 17:27:53.157(000000000013B1F4):[RPCC:cf.ding.rpc]create rpc client 'cf.ding.rpc' in conn AMQP0
[I] 17:27:53.168(000000000013B1F4):PBEncoder success load file 'E:\product\protocol\cf_ding.proto.js'
[I] 17:27:53.168(000000000013B1F4):[AMQP0]declare exchange 'cf.ding.notify'
[I] 17:27:53.168(000000000013B1F4):[AMQP0]declare queue 'jiaxingwang.sc_admin.ding.f8d95500a29c11e79f05b1a1db531316'
[I] 17:27:53.168(000000000013B1F4):[AM]init and reload account!
[I] 17:27:53.172(000000000013B1F4):[AM]reload account success, account number is: 0
[I] 17:27:53.175(000000000013B1F4):[AMQP0]declare queue 'sr.customer.rpc.f8da6670a29c11e79f05b1a1db531316'
[I] 17:27:53.175(000000000013B1F4):[RPCC:sr.customer.rpc]create rpc client 'sr.customer.rpc' in conn AMQP0
[I] 17:27:53.182(000000000013B1F4):PBEncoder success load file 'E:\product\protocol\sr_customer.proto.js'
[W] 17:27:53.183(000000000013B1F4):[AMQP0]rpc client 'cf.rpc' declare repeat!
[W] 17:27:53.183(000000000013B1F4):[AMQP0]rpc client 'cf.wechat.rpc' declare repeat!
[W] 17:27:53.183(000000000013B1F4):[AMQP0]rpc client 'cf.app.rpc' declare repeat!
[I] 17:27:53.351(000000000013B1F4):PBEncoder success load file 'E:\product\protocol\sc_system.proto.js'
[I] 17:27:53.403(000000000013B1F4):[AMQP1]created
[I] 17:27:53.403(000000000013B1F4):[AMQP1]declare exchange 'amq.direct'
[I] 17:27:53.404(000000000013B1F4):[AMQP1]declare queue 'cf.wechat.rpc.f8fd57c0a29c11e79f05b1a1db531316'
[I] 17:27:53.404(000000000013B1F4):[RPCC:cf.wechat.rpc]create rpc client 'cf.wechat.rpc' in conn AMQP1
[I] 17:27:53.405(000000000013B1F4):[AMQP2]created
[I] 17:27:53.409(000000000013B1F4):[AMQP0]declare exchange 'amq.direct'
[I] 17:27:53.410(000000000013B1F4):[AMQP0]declare queue 'sc.task.rpc.f8fe4220a29c11e79f05b1a1db531316'
[I] 17:27:53.410(000000000013B1F4):[RPCC:sc.task.rpc]create rpc client 'sc.task.rpc' in conn AMQP0
[I] 17:27:53.417(000000000013B1F4):PBEncoder success load file 'E:\product\protocol\sc_task.proto.js'
[I] 17:27:53.438(000000000013B1F4):[AMQP0]declare queue 'sr.customer.tag.rpc.f90287e0a29c11e79f05b1a1db531316'
[I] 17:27:53.439(000000000013B1F4):[RPCC:sr.customer.tag.rpc]create rpc client 'sr.customer.tag.rpc' in conn AMQP0
[I] 17:27:53.439(000000000013B1F4):[AMQP0]declare queue 'sr.customer.point.rpc.f902aef0a29c11e79f05b1a1db531316'
[I] 17:27:53.440(000000000013B1F4):[RPCC:sr.customer.point.rpc]create rpc client 'sr.customer.point.rpc' in conn AMQP0
[I] 17:27:53.447(000000000013B1F4):PBEncoder success load file 'E:\product\protocol\sr_customer_point.proto.js'
[I] 17:27:53.452(000000000013B1F4):PBEncoder success load file 'E:\product\protocol\sr_customer_tag.proto.js'
[W] 17:27:53.461(000000000013B1F4):[AMQP0]rpc client 'cf.wechat.rpc' declare repeat!
[I] 17:27:53.461(000000000013B1F4):[AMQP0]declare queue 'sr.customer.coupon_class.rpc.f9060a50a29c11e79f05b1a1db531316'
[I] 17:27:53.462(000000000013B1F4):[RPCC:sr.customer.coupon_class.rpc]create rpc client 'sr.customer.coupon_class.rpc' in conn AMQP0
[I] 17:27:53.462(000000000013B1F4):[AMQP0]declare queue 'sr.customer.coupon.rpc.f9063160a29c11e79f05b1a1db531316'
[I] 17:27:53.463(000000000013B1F4):[RPCC:sr.customer.coupon.rpc]create rpc client 'sr.customer.coupon.rpc' in conn AMQP0
[I] 17:27:53.473(000000000013B1F4):PBEncoder success load file 'E:\product\protocol\sr_customer_coupon.proto.js'
[W] 17:27:53.474(000000000013B1F4):[AMQP0]rpc client 'cf.wechat.rpc' declare repeat!
[I] 17:27:53.474(000000000013B1F4):[AMQP0]declare queue 'cf.wxpay.rpc.f9080620a29c11e79f05b1a1db531316'
[I] 17:27:53.474(000000000013B1F4):[RPCC:cf.wxpay.rpc]create rpc client 'cf.wxpay.rpc' in conn AMQP0
[I] 17:27:53.486(000000000013B1F4):PBEncoder success load file 'E:\product\protocol\cf_wxpay.proto.js'
[W] 17:27:53.487(000000000013B1F4):[AMQP0]rpc client 'sr.customer.point.rpc' declare repeat!
[W] 17:27:53.493(000000000013B1F4):[AMQP0]exchange amq.direct already declare!!
[W] 17:27:53.494(000000000013B1F4):[AMQP0]rpc client 'sr.customer.rpc' declare repeat!
[W] 17:27:53.494(000000000013B1F4):[AMQP0]rpc client 'sr.customer.coupon.rpc' declare repeat!
[W] 17:27:53.494(000000000013B1F4):[AMQP0]rpc client 'cf.wechat.rpc' declare repeat!
[W] 17:27:53.496(000000000013B1F4):[AMQP0]exchange amq.direct already declare!!
[I] 17:27:53.496(000000000013B1F4):[AMQP0]declare queue 'cf.baidu.rpc.f90b6180a29c11e79f05b1a1db531316'
[I] 17:27:53.496(000000000013B1F4):[RPCC:cf.baidu.rpc]create rpc client 'cf.baidu.rpc' in conn AMQP0
[I] 17:27:53.500(000000000013B1F4):PBEncoder success load file 'E:\product\protocol\cf_baidu.proto.js'
[I] 17:27:53.504(000000000013B1F4):[AMQP3]created
[I] 17:27:53.512(000000000013B1F4):[AMQP4]created
[I] 17:27:53.513(000000000013B1F4):[AMQP4]declare exchange 'amq.direct'
[I] 17:27:53.513(000000000013B1F4):[AMQP4]declare queue 'cf.app.rpc.f90df990a29c11e79f05b1a1db531316'
[I] 17:27:53.513(000000000013B1F4):[RPCC:cf.app.rpc]create rpc client 'cf.app.rpc' in conn AMQP4
[I] 17:27:53.514(000000000013B1F4):[AMQP4]declare queue 'cf.wechat.rpc.f90df991a29c11e79f05b1a1db531316'
[I] 17:27:53.514(000000000013B1F4):[RPCC:cf.wechat.rpc]create rpc client 'cf.wechat.rpc' in conn AMQP4
[I] 17:27:53.514(000000000013B1F4):[AMQP4]declare queue 'cf.rpc.f90e20a0a29c11e79f05b1a1db531316'
[I] 17:27:53.514(000000000013B1F4):[RPCC:cf.rpc]create rpc client 'cf.rpc' in conn AMQP4
[I] 17:27:53.514(000000000013B1F4):[AMQP4]declare queue 'sc.task.rpc.f90e20a1a29c11e79f05b1a1db531316'
[I] 17:27:53.514(000000000013B1F4):[RPCC:sc.task.rpc]create rpc client 'sc.task.rpc' in conn AMQP4
[I] 17:27:53.517(000000000013B1F4):[AMQP5]created
[I] 17:27:53.518(000000000013B1F4):[AMQP5]declare exchange 'amq.direct'
[I] 17:27:53.518(000000000013B1F4):[AMQP5]declare queue 'cf.wechat.rpc.f90ebce0a29c11e79f05b1a1db531316'
[I] 17:27:53.518(000000000013B1F4):[RPCC:cf.wechat.rpc]create rpc client 'cf.wechat.rpc' in conn AMQP5
[W] 17:27:53.520(000000000013B1F4):[AMQP0]rpc client 'sr.customer.point.rpc' declare repeat!
[I] 17:27:53.521(000000000013B1F4):[AMQP6]created
[I] 17:27:53.522(000000000013B1F4):[AMQP6]declare exchange 'amq.direct'
[I] 17:27:53.522(000000000013B1F4):[AMQP6]declare queue 'cf.wechat.rpc.f90f5920a29c11e79f05b1a1db531316'
[I] 17:27:53.522(000000000013B1F4):[RPCC:cf.wechat.rpc]create rpc client 'cf.wechat.rpc' in conn AMQP6
[I] 17:27:53.527(000000000013B1F4):[AMQP7]created
[I] 17:27:53.527(000000000013B1F4):[AMQP7]declare exchange 'amq.direct'
[I] 17:27:53.527(000000000013B1F4):[AMQP7]declare queue 'sc.task.rpc.f9101c70a29c11e79f05b1a1db531316'
[I] 17:27:53.528(000000000013B1F4):[RPCC:sc.task.rpc]create rpc client 'sc.task.rpc' in conn AMQP7
[I] 17:27:53.528(000000000013B1F4):[AMQP7]declare queue 'sr.customer.rewardfail.f9104380a29c11e79f05b1a1db531316'
[I] 17:27:53.528(000000000013B1F4):[RPCC:sr.customer.rewardfail]create rpc client 'sr.customer.rewardfail' in conn AMQP7
[W] 17:27:53.531(000000000013B1F4):[AMQP0]exchange amq.direct already declare!!
[W] 17:27:53.531(000000000013B1F4):[AMQP0]rpc client 'sr.customer.tag.rpc' declare repeat!
[W] 17:27:53.531(000000000013B1F4):[AMQP0]rpc client 'sc.task.rpc' declare repeat!
[W] 17:27:53.534(000000000013B1F4):[AMQP0]exchange amq.direct already declare!!
[I] 17:27:53.534(000000000013B1F4):[AMQP0]declare queue 'sr.trade.rpc.f9112de0a29c11e79f05b1a1db531316'
[I] 17:27:53.534(000000000013B1F4):[RPCC:sr.trade.rpc]create rpc client 'sr.trade.rpc' in conn AMQP0
[I] 17:27:53.537(000000000013B1F4):PBEncoder success load file 'E:\product\protocol\sr_trade.proto.js'
[I] 17:27:53.540(000000000013B1F4):[AMQP8]created
[I] 17:27:53.540(000000000013B1F4):[AMQP8]declare exchange 'amq.direct'
[I] 17:27:53.541(000000000013B1F4):[AMQP8]declare queue 'cf.wechat.rpc.f9123f50a29c11e79f05b1a1db531316'
[I] 17:27:53.541(000000000013B1F4):[RPCC:cf.wechat.rpc]create rpc client 'cf.wechat.rpc' in conn AMQP8
[T] 17:27:53.559(000000000013B1F4):Http is running,port is 18910
[I] 17:27:53.564(000000000013B1F4):[redis]redis connect
[I] 17:27:53.577(000000000013B1F4):[redis]redis ready
[I] 17:27:53.578(000000000013B1F4):[MP1]create connection #0
[T] 17:27:53.579(000000000013B1F4):[MP1]getConnection success,getIndex=0
[I] 17:27:53.579(000000000013B1F4):[MP1]create connection #1
[T] 17:27:53.580(000000000013B1F4):[MP1]getConnection success,getIndex=1
[T] 17:27:53.587(000000000013B1F4):[MySQL]Query success,used time:6 ms,sql="select * from cf_account where enabled=1 and function_mask like \"1%\""
[T] 17:27:53.594(000000000013B1F4):[MySQL]Query success,used time:11 ms,sql="SELECT * FROM `sc_org`"
[T] 17:27:53.595(000000000013B1F4):getConnection release,getIndex=0
[T] 17:27:53.595(000000000013B1F4):getConnection release,getIndex=1
[I] 17:27:53.595(000000000013B1F4):[AM]get account list success: [{"innerid":"HEDV35FASG-DGW423A-34TGGW53AAD66","name":"乐逛演示","org_id":"1","shop_id":null,"settlement_id":null,"method_code":1,"method_code_key":"wechat_test3_1","function_mask":"10","config":"{\"accountid\":\"gh_92368265694f\",\"fee_type\":\"CNY\",\"appid\":\"wx39bf9ff3da6fc1e7\",\"appsecret\":\"e00fc51118b318fb99cff35d217865fc\",\"mch_id\":\"1287801701\",\"sub_mch_id\":\"\",\"sign_key\":\"smartpaysmartpaysmartpaysmartpay\",\"key_file\":\"apiclient_key.pem\",\"cert_file\":\"apiclient_cert.pem\",\"pay_authorization_dir\":[\"\",\"\",\"\"],\"pay_native_callback\":\"\",\"pay_finish_notify\":\"1\",\"pay_alarm_notify\":\"\"}","enabled":1,"desc":null},{"innerid":"SE43RG3ASG-34GWW55A-34TG43HER452","name":"短信测试一","org_id":"1","shop_id":null,"settlement_id":null,"method_code":2,"method_code_key":"wechat_test1_2","function_mask":"10","config":"{\"url\" : \"http://211.147.239.62:9050/cgi-bin/sendsms\",\"username\" : \"shopperconnect@smartac\",\"password\" : \"shopCNT@smartc2016\"}","enabled":1,"desc":null},{"innerid":"SMFGSW423GWS-G43HTEHE2-HHEDR5462HS","name":"邮件测试一","org_id":"1","shop_id":null,"settlement_id":null,"method_code":3,"method_code_key":"wechat_test1_3","function_mask":"10","config":"{\"smtpserver\" : \"smtp.163.com\",\"port\": 25,\"username\" : \"zyqtest5@163.com\",\"password\" : \"zyqtest5881119\",\"SSL\":false}","enabled":1,"desc":null}]
[I] 17:27:53.629(000000000013B1F4):[AMQP0]AMQP0 connect 'amqp://guest:guest@172.16.0.81:5672' success!
[I] 17:27:53.633(000000000013B1F4):[AMQP4]AMQP4 connect 'amqp://guest:guest@172.16.0.81:5672' success!
[I] 17:27:53.634(000000000013B1F4):[AMQP7]AMQP7 connect 'amqp://guest:guest@172.16.0.81:5672' success!
[I] 17:27:53.635(000000000013B1F4):[AMQP1]AMQP1 connect 'amqp://guest:guest@172.16.0.81:5672' success!
[I] 17:27:53.636(000000000013B1F4):[AMQP8]AMQP8 connect 'amqp://guest:guest@172.16.0.81:5672' success!
[I] 17:27:53.637(000000000013B1F4):[AMQP5]AMQP5 connect 'amqp://guest:guest@172.16.0.81:5672' success!
[I] 17:27:53.638(000000000013B1F4):[AMQP6]AMQP6 connect 'amqp://guest:guest@172.16.0.81:5672' success!
[I] 17:27:53.651(000000000013B1F4):[AMQP4]success declare exchange 'amq.direct'
[I] 17:27:53.652(000000000013B1F4):[AMQP7]success declare exchange 'amq.direct'
[I] 17:27:53.653(000000000013B1F4):[AMQP1]success declare exchange 'amq.direct'
[I] 17:27:53.655(000000000013B1F4):[AMQP0]success declare queue 'cf.rpc.f8bb93d0a29c11e79f05b1a1db531316'
[I] 17:27:53.655(000000000013B1F4):[AMQP6]success declare exchange 'amq.direct'
[I] 17:27:53.655(000000000013B1F4):[AMQP5]success declare exchange 'amq.direct'
[I] 17:27:53.656(000000000013B1F4):[AMQP8]success declare exchange 'amq.direct'
[I] 17:27:53.657(000000000013B1F4):[AMQP4]success declare queue 'cf.app.rpc.f90df990a29c11e79f05b1a1db531316'
[I] 17:27:53.659(000000000013B1F4):[AMQP0]success consume 'cf.rpc.f8bb93d0a29c11e79f05b1a1db531316'
[I] 17:27:53.660(000000000013B1F4):[AMQP6]success declare queue 'cf.wechat.rpc.f90f5920a29c11e79f05b1a1db531316'
[I] 17:27:53.661(000000000013B1F4):[AMQP8]success declare queue 'cf.wechat.rpc.f9123f50a29c11e79f05b1a1db531316'
[I] 17:27:53.662(000000000013B1F4):[AMQP1]success declare queue 'cf.wechat.rpc.f8fd57c0a29c11e79f05b1a1db531316'
[I] 17:27:53.662(000000000013B1F4):[AMQP7]success declare queue 'sc.task.rpc.f9101c70a29c11e79f05b1a1db531316'
[I] 17:27:53.663(000000000013B1F4):[AMQP5]success declare queue 'cf.wechat.rpc.f90ebce0a29c11e79f05b1a1db531316'
[I] 17:27:53.664(000000000013B1F4):[AMQP4]success consume 'cf.app.rpc.f90df990a29c11e79f05b1a1db531316'
[I] 17:27:53.664(000000000013B1F4):[AMQP6]success consume 'cf.wechat.rpc.f90f5920a29c11e79f05b1a1db531316'
[I] 17:27:53.665(000000000013B1F4):[AMQP0]success binding 'amq.direct'->'cf.rpc.f8bb93d0a29c11e79f05b1a1db531316'(cf.rpc.f8bb93d0a29c11e79f05b1a1db531316)
[I] 17:27:53.665(000000000013B1F4):[AMQP8]success consume 'cf.wechat.rpc.f9123f50a29c11e79f05b1a1db531316'
[I] 17:27:53.666(000000000013B1F4):[AMQP7]success consume 'sc.task.rpc.f9101c70a29c11e79f05b1a1db531316'
[I] 17:27:53.667(000000000013B1F4):[AMQP5]success consume 'cf.wechat.rpc.f90ebce0a29c11e79f05b1a1db531316'
[I] 17:27:53.667(000000000013B1F4):[AMQP1]success consume 'cf.wechat.rpc.f8fd57c0a29c11e79f05b1a1db531316'
[I] 17:27:53.670(000000000013B1F4):[AMQP4]success binding 'amq.direct'->'cf.app.rpc.f90df990a29c11e79f05b1a1db531316'(cf.app.rpc.f90df990a29c11e79f05b1a1db531316)
[I] 17:27:53.670(000000000013B1F4):[AMQP6]success binding 'amq.direct'->'cf.wechat.rpc.f90f5920a29c11e79f05b1a1db531316'(cf.wechat.rpc.f90f5920a29c11e79f05b1a1db531316)
[I] 17:27:53.671(000000000013B1F4):[AMQP8]success binding 'amq.direct'->'cf.wechat.rpc.f9123f50a29c11e79f05b1a1db531316'(cf.wechat.rpc.f9123f50a29c11e79f05b1a1db531316)
[I] 17:27:53.671(000000000013B1F4):[AMQP0]success declare queue 'cf.wechat.rpc.f8ccf8f0a29c11e79f05b1a1db531316'
[I] 17:27:53.675(000000000013B1F4):[AMQP7]success binding 'amq.direct'->'sc.task.rpc.f9101c70a29c11e79f05b1a1db531316'(sc.task.rpc.f9101c70a29c11e79f05b1a1db531316)
[I] 17:27:53.676(000000000013B1F4):[AMQP1]success binding 'amq.direct'->'cf.wechat.rpc.f8fd57c0a29c11e79f05b1a1db531316'(cf.wechat.rpc.f8fd57c0a29c11e79f05b1a1db531316)
[I] 17:27:53.676(000000000013B1F4):[AMQP5]success binding 'amq.direct'->'cf.wechat.rpc.f90ebce0a29c11e79f05b1a1db531316'(cf.wechat.rpc.f90ebce0a29c11e79f05b1a1db531316)
[I] 17:27:53.677(000000000013B1F4):[AMQP4]success declare queue 'cf.wechat.rpc.f90df991a29c11e79f05b1a1db531316'
[I] 17:27:53.679(000000000013B1F4):[AMQP0]success consume 'cf.wechat.rpc.f8ccf8f0a29c11e79f05b1a1db531316'
[I] 17:27:53.681(000000000013B1F4):[AMQP7]success declare queue 'sr.customer.rewardfail.f9104380a29c11e79f05b1a1db531316'
[I] 17:27:53.682(000000000013B1F4):[AMQP4]success consume 'cf.wechat.rpc.f90df991a29c11e79f05b1a1db531316'
[I] 17:27:53.683(000000000013B1F4):[AMQP7]success consume 'sr.customer.rewardfail.f9104380a29c11e79f05b1a1db531316'
[I] 17:27:53.683(000000000013B1F4):[AMQP0]success binding 'amq.direct'->'cf.wechat.rpc.f8ccf8f0a29c11e79f05b1a1db531316'(cf.wechat.rpc.f8ccf8f0a29c11e79f05b1a1db531316)
[I] 17:27:53.684(000000000013B1F4):[AMQP4]success binding 'amq.direct'->'cf.wechat.rpc.f90df991a29c11e79f05b1a1db531316'(cf.wechat.rpc.f90df991a29c11e79f05b1a1db531316)
[I] 17:27:53.685(000000000013B1F4):[AMQP7]success binding 'amq.direct'->'sr.customer.rewardfail.f9104380a29c11e79f05b1a1db531316'(sr.customer.rewardfail.f9104380a29c11e79f05b1a1db531316)
[I] 17:27:53.686(000000000013B1F4):[AMQP0]success declare exchange 'cf.wechat.notify'
[I] 17:27:53.688(000000000013B1F4):[AMQP4]success declare queue 'cf.rpc.f90e20a0a29c11e79f05b1a1db531316'
[I] 17:27:53.690(000000000013B1F4):[AMQP4]success consume 'cf.rpc.f90e20a0a29c11e79f05b1a1db531316'
[I] 17:27:53.692(000000000013B1F4):[AMQP0]success declare queue 'jiaxingwang.sc_admin.wechat.f8d5ab80a29c11e79f05b1a1db531316'
[I] 17:27:53.695(000000000013B1F4):[AMQP0]success consume 'jiaxingwang.sc_admin.wechat.f8d5ab80a29c11e79f05b1a1db531316'
[I] 17:27:53.696(000000000013B1F4):[AMQP4]success binding 'amq.direct'->'cf.rpc.f90e20a0a29c11e79f05b1a1db531316'(cf.rpc.f90e20a0a29c11e79f05b1a1db531316)
[I] 17:27:53.699(000000000013B1F4):[AMQP0]success binding 'cf.wechat.notify'->'jiaxingwang.sc_admin.wechat.f8d5ab80a29c11e79f05b1a1db531316'(#)
[I] 17:27:53.701(000000000013B1F4):[AMQP4]success declare queue 'sc.task.rpc.f90e20a1a29c11e79f05b1a1db531316'
[I] 17:27:53.704(000000000013B1F4):[AMQP4]success consume 'sc.task.rpc.f90e20a1a29c11e79f05b1a1db531316'
[I] 17:27:53.706(000000000013B1F4):[AMQP0]success declare queue 'cf.app.rpc.f8d5ab81a29c11e79f05b1a1db531316'
[I] 17:27:53.709(000000000013B1F4):[AMQP0]success consume 'cf.app.rpc.f8d5ab81a29c11e79f05b1a1db531316'
[I] 17:27:53.709(000000000013B1F4):[AMQP4]success binding 'amq.direct'->'sc.task.rpc.f90e20a1a29c11e79f05b1a1db531316'(sc.task.rpc.f90e20a1a29c11e79f05b1a1db531316)
[I] 17:27:53.711(000000000013B1F4):[AMQP0]success binding 'amq.direct'->'cf.app.rpc.f8d5ab81a29c11e79f05b1a1db531316'(cf.app.rpc.f8d5ab81a29c11e79f05b1a1db531316)
[I] 17:27:53.716(000000000013B1F4):[AMQP0]success declare queue 'cf.alipay.rpc.f8d66ed0a29c11e79f05b1a1db531316'
[I] 17:27:53.718(000000000013B1F4):[AMQP0]success consume 'cf.alipay.rpc.f8d66ed0a29c11e79f05b1a1db531316'
[I] 17:27:53.721(000000000013B1F4):[AMQP0]success binding 'amq.direct'->'cf.alipay.rpc.f8d66ed0a29c11e79f05b1a1db531316'(cf.alipay.rpc.f8d66ed0a29c11e79f05b1a1db531316)
[I] 17:27:53.726(000000000013B1F4):[AMQP0]success declare queue 'cf.ding.rpc.f8d7a750a29c11e79f05b1a1db531316'
[I] 17:27:53.729(000000000013B1F4):[AMQP0]success consume 'cf.ding.rpc.f8d7a750a29c11e79f05b1a1db531316'
[I] 17:27:53.731(000000000013B1F4):[AMQP0]success binding 'amq.direct'->'cf.ding.rpc.f8d7a750a29c11e79f05b1a1db531316'(cf.ding.rpc.f8d7a750a29c11e79f05b1a1db531316)
[I] 17:27:53.732(000000000013B1F4):[AMQP0]success declare exchange 'cf.ding.notify'
[I] 17:27:53.736(000000000013B1F4):[AMQP0]success declare queue 'jiaxingwang.sc_admin.ding.f8d95500a29c11e79f05b1a1db531316'
[I] 17:27:53.738(000000000013B1F4):[AMQP0]success consume 'jiaxingwang.sc_admin.ding.f8d95500a29c11e79f05b1a1db531316'
[I] 17:27:53.741(000000000013B1F4):[AMQP0]success binding 'cf.ding.notify'->'jiaxingwang.sc_admin.ding.f8d95500a29c11e79f05b1a1db531316'(#)
[I] 17:27:53.745(000000000013B1F4):[AMQP0]success declare queue 'sr.customer.rpc.f8da6670a29c11e79f05b1a1db531316'
[I] 17:27:53.748(000000000013B1F4):[AMQP0]success consume 'sr.customer.rpc.f8da6670a29c11e79f05b1a1db531316'
[I] 17:27:53.751(000000000013B1F4):[AMQP0]success binding 'amq.direct'->'sr.customer.rpc.f8da6670a29c11e79f05b1a1db531316'(sr.customer.rpc.f8da6670a29c11e79f05b1a1db531316)
[I] 17:27:53.753(000000000013B1F4):[AMQP0]success declare exchange 'amq.direct'
[I] 17:27:53.756(000000000013B1F4):[AMQP0]success declare queue 'sc.task.rpc.f8fe4220a29c11e79f05b1a1db531316'
[I] 17:27:53.759(000000000013B1F4):[AMQP0]success consume 'sc.task.rpc.f8fe4220a29c11e79f05b1a1db531316'
[I] 17:27:53.765(000000000013B1F4):[AMQP0]success binding 'amq.direct'->'sc.task.rpc.f8fe4220a29c11e79f05b1a1db531316'(sc.task.rpc.f8fe4220a29c11e79f05b1a1db531316)
[I] 17:27:53.770(000000000013B1F4):[AMQP0]success declare queue 'sr.customer.tag.rpc.f90287e0a29c11e79f05b1a1db531316'
[I] 17:27:53.772(000000000013B1F4):[AMQP0]success consume 'sr.customer.tag.rpc.f90287e0a29c11e79f05b1a1db531316'
[I] 17:27:53.775(000000000013B1F4):[AMQP0]success binding 'amq.direct'->'sr.customer.tag.rpc.f90287e0a29c11e79f05b1a1db531316'(sr.customer.tag.rpc.f90287e0a29c11e79f05b1a1db531316)
[I] 17:27:53.779(000000000013B1F4):[AMQP0]success declare queue 'sr.customer.point.rpc.f902aef0a29c11e79f05b1a1db531316'
[I] 17:27:53.784(000000000013B1F4):[AMQP0]success consume 'sr.customer.point.rpc.f902aef0a29c11e79f05b1a1db531316'
[I] 17:27:53.787(000000000013B1F4):[AMQP0]success binding 'amq.direct'->'sr.customer.point.rpc.f902aef0a29c11e79f05b1a1db531316'(sr.customer.point.rpc.f902aef0a29c11e79f05b1a1db531316)
[I] 17:27:53.793(000000000013B1F4):[AMQP0]success declare queue 'sr.customer.coupon_class.rpc.f9060a50a29c11e79f05b1a1db531316'
[I] 17:27:53.795(000000000013B1F4):[AMQP0]success consume 'sr.customer.coupon_class.rpc.f9060a50a29c11e79f05b1a1db531316'
[I] 17:27:53.800(000000000013B1F4):[AMQP0]success binding 'amq.direct'->'sr.customer.coupon_class.rpc.f9060a50a29c11e79f05b1a1db531316'(sr.customer.coupon_class.rpc.f9060a50a29c11e79f05b1a1db531316)
[I] 17:27:53.804(000000000013B1F4):[AMQP0]success declare queue 'sr.customer.coupon.rpc.f9063160a29c11e79f05b1a1db531316'
[I] 17:27:53.806(000000000013B1F4):[AMQP0]success consume 'sr.customer.coupon.rpc.f9063160a29c11e79f05b1a1db531316'
[I] 17:27:53.809(000000000013B1F4):[AMQP0]success binding 'amq.direct'->'sr.customer.coupon.rpc.f9063160a29c11e79f05b1a1db531316'(sr.customer.coupon.rpc.f9063160a29c11e79f05b1a1db531316)
[I] 17:27:53.812(000000000013B1F4):[AMQP0]success declare queue 'cf.wxpay.rpc.f9080620a29c11e79f05b1a1db531316'
[I] 17:27:53.815(000000000013B1F4):[AMQP0]success consume 'cf.wxpay.rpc.f9080620a29c11e79f05b1a1db531316'
[I] 17:27:53.819(000000000013B1F4):[AMQP0]success binding 'amq.direct'->'cf.wxpay.rpc.f9080620a29c11e79f05b1a1db531316'(cf.wxpay.rpc.f9080620a29c11e79f05b1a1db531316)
[I] 17:27:53.823(000000000013B1F4):[AMQP0]success declare queue 'cf.baidu.rpc.f90b6180a29c11e79f05b1a1db531316'
[I] 17:27:53.826(000000000013B1F4):[AMQP0]success consume 'cf.baidu.rpc.f90b6180a29c11e79f05b1a1db531316'
[I] 17:27:53.830(000000000013B1F4):[AMQP0]success binding 'amq.direct'->'cf.baidu.rpc.f90b6180a29c11e79f05b1a1db531316'(cf.baidu.rpc.f90b6180a29c11e79f05b1a1db531316)
[I] 17:27:53.834(000000000013B1F4):[AMQP0]success declare queue 'sr.trade.rpc.f9112de0a29c11e79f05b1a1db531316'
[I] 17:27:53.838(000000000013B1F4):[AMQP0]success consume 'sr.trade.rpc.f9112de0a29c11e79f05b1a1db531316'
[I] 17:27:53.841(000000000013B1F4):[AMQP0]success binding 'amq.direct'->'sr.trade.rpc.f9112de0a29c11e79f05b1a1db531316'(sr.trade.rpc.f9112de0a29c11e79f05b1a1db531316)
[I] 17:27:59.698(000000000013B1F4):login param :{"name":"admin","password":"e10adc3949ba59abbe56e057f20f883e"}
[T] 17:27:59.700(000000000013B1F4):[MP1]getConnection success,getIndex=2
[T] 17:27:59.702(000000000013B1F4):[MySQL]Query success,used time:2 ms,sql="SELECT `innerid`,`type`,`bindid`,`role_id`,`userid`,`name`,`language`,`profile_photo`,`birthday`,`position`,`mobile`,`gender`,`email`,`qq`,`weibo`,`wechat`,         `facebook`,`remark` FROM sc_user WHERE isdeleted = '0' AND userid = 'admin' AND `password` = 'e10adc3949ba59abbe56e057f20f883e';"
[T] 17:27:59.703(000000000013B1F4):getConnection release,getIndex=2
[T] 17:27:59.704(000000000013B1F4):[MP1]getConnection success,getIndex=3
[T] 17:27:59.716(000000000013B1F4):[MySQL]Query success,used time:12 ms,sql="SELECT menu.innerid,menu.menukey,module.modulekey,role.permission         FROM sc_role_define role LEFT JOIN sc_menu menu ON role.menu_key = menu.menukey         LEFT JOIN sc_module module ON menu.moduleid = module.innerid         WHERE role.role_id = (SELECT role_id FROM sc_user WHERE userid = 'admin' AND PASSWORD = 'e10adc3949ba59abbe56e057f20f883e' AND isdeleted = 0 LIMIT 1)         AND menu.isdisplay = 1 ORDER BY permission DESC"
[T] 17:27:59.716(000000000013B1F4):getConnection release,getIndex=3
[I] 17:27:59.718(000000000013B1F4):userinfo:{"innerid":"4ceea494-6ec7-5401-59a9-af7451ce5f8a","type":1,"bindid":"1","role_id":"a9eae0c5-a7a1-11e5-9d85-005056bbd22e","userid":"admin","name":"admin","language":0,"profile_photo":"","birthday":"1899-12-31T16:00:00.000Z","position":"超级管理员","mobile":"","gender":1,"email":"","qq":"","weibo":"","wechat":"","facebook":"","remark":"","User_int_TenantID":"1","user_id":"admin","staff_id":"4ceea494-6ec7-5401-59a9-af7451ce5f8a"}
[E] 17:27:59.721(000000000013B1F4):/api/login crash!err=TypeError: Cannot read property 'type' of undefined
    at Object.login [as /api/login] (E:\product\scAdmin\js\sc\router\user.js:72:28)
    at next (native)
    at E:\product\scAdmin\js\sc\router\user.js:27:13
    at next (native)
    at onFulfilled (E:\product\node_modules\co\index.js:65:19)
    at tryCatcher (E:\product\node_modules\smartacjs\node_modules\bluebird\js\release\util.js:11:23)
    at Promise._settlePromiseFromHandler (E:\product\node_modules\smartacjs\node_modules\bluebird\js\release\promise.js:488:31)
    at Promise._settlePromise (E:\product\node_modules\smartacjs\node_modules\bluebird\js\release\promise.js:545:18)
    at Promise._settlePromise0 (E:\product\node_modules\smartacjs\node_modules\bluebird\js\release\promise.js:590:10)
    at Promise._settlePromises (E:\product\node_modules\smartacjs\node_modules\bluebird\js\release\promise.js:673:18)
    at Async._drainQueue (E:\product\node_modules\smartacjs\node_modules\bluebird\js\release\async.js:125:16)
    at Async._drainQueues (E:\product\node_modules\smartacjs\node_modules\bluebird\js\release\async.js:135:10)
    at Immediate.Async.drainQueues [as _onImmediate] (E:\product\node_modules\smartacjs\node_modules\bluebird\js\release\async.js:16:14)
    at tryOnImmediate (timers.js:534:15)
    at processImmediate [as _immediateCallback] (timers.js:514:5)
[W] 17:28:17.052(00000000000162FC):recv 'Ctrl+C' break sign!next exit!
[D] 17:28:17.053(00000000000162FC):worker process log socket error!err=Error: read ECONNRESET
    at exports._errnoException (util.js:890:11)
    at TCP.onread (net.js:550:26)
[D] 17:28:17.054(00000000000162FC):worker process log socket error!err=Error: read ECONNRESET
    at exports._errnoException (util.js:890:11)
    at TCP.onread (net.js:550:26)
[D] 17:28:17.055(00000000000162FC):worker process log socket error!err=Error: read ECONNRESET
    at exports._errnoException (util.js:890:11)
    at TCP.onread (net.js:550:26)
[W] 17:28:17.055(00000000000162FC):worker 13B0EC(1#) died.
[W] 17:28:17.056(00000000000162FC):worker 13B1F4(2#) died.
[W] 17:28:17.056(00000000000162FC):worker 14110(0#) died.
[D] 17:28:17.056(00000000000162FC):worker process log socket close!
[D] 17:28:17.056(00000000000162FC):worker process log socket close!
[D] 17:28:17.057(00000000000162FC):worker process log socket close!
[W] 17:28:17.813(00000000000162FC):try restart worker 0# ...
[I] 17:28:17.833(00000000000162FC):start worker success,pid=13C1E8(0#)
