[D] 16:52:54.429(0000000000119A28):master log socket server started! host=::, port=40820
[I] 16:52:54.438(0000000000119A28):master log channel started!port=40820
[W] 16:52:55.439(0000000000119A28):try restart worker 0# ...
[I] 16:52:55.449(0000000000119A28):start worker success,pid=122224(0#)
[D] 16:52:56.140(0000000000119A28):worker process log socket connected!
[D] 16:52:56.131(0000000000122224):worker 0# ready to connect master log socket server, port=40820
[D] 16:52:56.141(0000000000122224):worker 0# log socket connected!
[W] 16:52:56.459(0000000000119A28):try restart worker 1# ...
[I] 16:52:56.468(0000000000119A28):start worker success,pid=119B90(1#)
[I] 16:52:56.677(0000000000122224):[AMQP0]created
[I] 16:52:56.687(0000000000122224):[AMQP0]declare queue 'cf.rpc.173f90e0a29811e7b4e48fc910833c97'
[I] 16:52:56.688(0000000000122224):[RPCC:cf.rpc]create rpc client 'cf.rpc' in conn AMQP0
[I] 16:52:56.797(0000000000122224):PBEncoder success load file 'E:\product\protocol\cf.proto.js'
[I] 16:52:56.798(0000000000122224):[AMQP0]declare queue 'cf.wechat.rpc.1750a7e0a29811e7b4e48fc910833c97'
[I] 16:52:56.799(0000000000122224):[RPCC:cf.wechat.rpc]create rpc client 'cf.wechat.rpc' in conn AMQP0
[I] 16:52:56.852(0000000000122224):PBEncoder success load file 'E:\product\protocol\cf_wechat.proto.js'
[I] 16:52:56.852(0000000000122224):[AMQP0]declare exchange 'cf.wechat.notify'
[I] 16:52:56.853(0000000000122224):[AMQP0]declare queue 'jiaxingwang.sc_admin.wechat.17590c50a29811e7b4e48fc910833c97'
[I] 16:52:56.853(0000000000122224):[AMQP0]declare queue 'cf.app.rpc.17590c51a29811e7b4e48fc910833c97'
[I] 16:52:56.853(0000000000122224):[RPCC:cf.app.rpc]create rpc client 'cf.app.rpc' in conn AMQP0
[I] 16:52:56.869(0000000000122224):PBEncoder success load file 'E:\product\protocol\cf_app.proto.js'
[I] 16:52:56.869(0000000000122224):[AMQP0]declare queue 'cf.alipay.rpc.175b7d50a29811e7b4e48fc910833c97'
[I] 16:52:56.869(0000000000122224):[RPCC:cf.alipay.rpc]create rpc client 'cf.alipay.rpc' in conn AMQP0
[I] 16:52:56.877(0000000000122224):PBEncoder success load file 'E:\product\protocol\cf_alipay.proto.js'
[I] 16:52:56.877(0000000000122224):[AMQP0]declare queue 'cf.ding.rpc.175cb5d0a29811e7b4e48fc910833c97'
[I] 16:52:56.877(0000000000122224):[RPCC:cf.ding.rpc]create rpc client 'cf.ding.rpc' in conn AMQP0
[I] 16:52:56.889(0000000000122224):PBEncoder success load file 'E:\product\protocol\cf_ding.proto.js'
[I] 16:52:56.890(0000000000122224):[AMQP0]declare exchange 'cf.ding.notify'
[I] 16:52:56.890(0000000000122224):[AMQP0]declare queue 'jiaxingwang.sc_admin.ding.175eb1a0a29811e7b4e48fc910833c97'
[I] 16:52:56.890(0000000000122224):[AM]init and reload account!
[I] 16:52:56.895(0000000000122224):[AM]reload account success, account number is: 0
[I] 16:52:56.898(0000000000122224):[AMQP0]declare queue 'sr.customer.rpc.175fea20a29811e7b4e48fc910833c97'
[I] 16:52:56.898(0000000000122224):[RPCC:sr.customer.rpc]create rpc client 'sr.customer.rpc' in conn AMQP0
[I] 16:52:56.908(0000000000122224):PBEncoder success load file 'E:\product\protocol\sr_customer.proto.js'
[W] 16:52:56.908(0000000000122224):[AMQP0]rpc client 'cf.rpc' declare repeat!
[W] 16:52:56.909(0000000000122224):[AMQP0]rpc client 'cf.wechat.rpc' declare repeat!
[W] 16:52:56.909(0000000000122224):[AMQP0]rpc client 'cf.app.rpc' declare repeat!
[I] 16:52:57.083(0000000000122224):PBEncoder success load file 'E:\product\protocol\sc_system.proto.js'
[I] 16:52:57.130(0000000000122224):[AMQP1]created
[I] 16:52:57.131(0000000000122224):[AMQP1]declare exchange 'amq.direct'
[I] 16:52:57.131(0000000000122224):[AMQP1]declare queue 'cf.wechat.rpc.178377b0a29811e7b4e48fc910833c97'
[I] 16:52:57.131(0000000000122224):[RPCC:cf.wechat.rpc]create rpc client 'cf.wechat.rpc' in conn AMQP1
[I] 16:52:57.133(0000000000122224):[AMQP2]created
[I] 16:52:57.137(0000000000122224):[AMQP0]declare exchange 'amq.direct'
[I] 16:52:57.138(0000000000122224):[AMQP0]declare queue 'sc.task.rpc.17848920a29811e7b4e48fc910833c97'
[I] 16:52:57.138(0000000000122224):[RPCC:sc.task.rpc]create rpc client 'sc.task.rpc' in conn AMQP0
[I] 16:52:57.148(0000000000122224):PBEncoder success load file 'E:\product\protocol\sc_task.proto.js'
[D] 16:52:57.170(0000000000119A28):worker process log socket connected!
[D] 16:52:57.158(0000000000119B90):worker 1# ready to connect master log socket server, port=40820
[D] 16:52:57.172(0000000000119B90):worker 1# log socket connected!
[I] 16:52:57.173(0000000000122224):[AMQP0]declare queue 'sr.customer.tag.rpc.1789e050a29811e7b4e48fc910833c97'
[I] 16:52:57.173(0000000000122224):[RPCC:sr.customer.tag.rpc]create rpc client 'sr.customer.tag.rpc' in conn AMQP0
[I] 16:52:57.174(0000000000122224):[AMQP0]declare queue 'sr.customer.point.rpc.178a0760a29811e7b4e48fc910833c97'
[I] 16:52:57.174(0000000000122224):[RPCC:sr.customer.point.rpc]create rpc client 'sr.customer.point.rpc' in conn AMQP0
[I] 16:52:57.188(0000000000122224):PBEncoder success load file 'E:\product\protocol\sr_customer_point.proto.js'
[I] 16:52:57.195(0000000000122224):PBEncoder success load file 'E:\product\protocol\sr_customer_tag.proto.js'
[W] 16:52:57.204(0000000000122224):[AMQP0]rpc client 'cf.wechat.rpc' declare repeat!
[I] 16:52:57.205(0000000000122224):[AMQP0]declare queue 'sr.customer.coupon_class.rpc.178e9b40a29811e7b4e48fc910833c97'
[I] 16:52:57.205(0000000000122224):[RPCC:sr.customer.coupon_class.rpc]create rpc client 'sr.customer.coupon_class.rpc' in conn AMQP0
[I] 16:52:57.205(0000000000122224):[AMQP0]declare queue 'sr.customer.coupon.rpc.178ec250a29811e7b4e48fc910833c97'
[I] 16:52:57.206(0000000000122224):[RPCC:sr.customer.coupon.rpc]create rpc client 'sr.customer.coupon.rpc' in conn AMQP0
[I] 16:52:57.220(0000000000122224):PBEncoder success load file 'E:\product\protocol\sr_customer_coupon.proto.js'
[W] 16:52:57.220(0000000000122224):[AMQP0]rpc client 'cf.wechat.rpc' declare repeat!
[I] 16:52:57.221(0000000000122224):[AMQP0]declare queue 'cf.wxpay.rpc.17913350a29811e7b4e48fc910833c97'
[I] 16:52:57.221(0000000000122224):[RPCC:cf.wxpay.rpc]create rpc client 'cf.wxpay.rpc' in conn AMQP0
[I] 16:52:57.235(0000000000122224):PBEncoder success load file 'E:\product\protocol\cf_wxpay.proto.js'
[W] 16:52:57.235(0000000000122224):[AMQP0]rpc client 'sr.customer.point.rpc' declare repeat!
[W] 16:52:57.243(0000000000122224):[AMQP0]exchange amq.direct already declare!!
[W] 16:52:57.243(0000000000122224):[AMQP0]rpc client 'sr.customer.rpc' declare repeat!
[W] 16:52:57.244(0000000000122224):[AMQP0]rpc client 'sr.customer.coupon.rpc' declare repeat!
[W] 16:52:57.244(0000000000122224):[AMQP0]rpc client 'cf.wechat.rpc' declare repeat!
[W] 16:52:57.246(0000000000122224):[AMQP0]exchange amq.direct already declare!!
[I] 16:52:57.246(0000000000122224):[AMQP0]declare queue 'cf.baidu.rpc.179503e0a29811e7b4e48fc910833c97'
[I] 16:52:57.246(0000000000122224):[RPCC:cf.baidu.rpc]create rpc client 'cf.baidu.rpc' in conn AMQP0
[I] 16:52:57.250(0000000000122224):PBEncoder success load file 'E:\product\protocol\cf_baidu.proto.js'
[I] 16:52:57.255(0000000000122224):[AMQP3]created
[I] 16:52:57.264(0000000000122224):[AMQP4]created
[I] 16:52:57.265(0000000000122224):[AMQP4]declare exchange 'amq.direct'
[I] 16:52:57.265(0000000000122224):[AMQP4]declare queue 'cf.app.rpc.1797ea10a29811e7b4e48fc910833c97'
[I] 16:52:57.265(0000000000122224):[RPCC:cf.app.rpc]create rpc client 'cf.app.rpc' in conn AMQP4
[I] 16:52:57.265(0000000000122224):[AMQP4]declare queue 'cf.wechat.rpc.1797ea11a29811e7b4e48fc910833c97'
[I] 16:52:57.266(0000000000122224):[RPCC:cf.wechat.rpc]create rpc client 'cf.wechat.rpc' in conn AMQP4
[I] 16:52:57.266(0000000000122224):[AMQP4]declare queue 'cf.rpc.17981120a29811e7b4e48fc910833c97'
[I] 16:52:57.266(0000000000122224):[RPCC:cf.rpc]create rpc client 'cf.rpc' in conn AMQP4
[I] 16:52:57.267(0000000000122224):[AMQP4]declare queue 'sc.task.rpc.17981121a29811e7b4e48fc910833c97'
[I] 16:52:57.267(0000000000122224):[RPCC:sc.task.rpc]create rpc client 'sc.task.rpc' in conn AMQP4
[I] 16:52:57.269(0000000000122224):[AMQP5]created
[I] 16:52:57.270(0000000000122224):[AMQP5]declare exchange 'amq.direct'
[I] 16:52:57.271(0000000000122224):[AMQP5]declare queue 'cf.wechat.rpc.1798ad60a29811e7b4e48fc910833c97'
[I] 16:52:57.271(0000000000122224):[RPCC:cf.wechat.rpc]create rpc client 'cf.wechat.rpc' in conn AMQP5
[W] 16:52:57.273(0000000000122224):[AMQP0]rpc client 'sr.customer.point.rpc' declare repeat!
[I] 16:52:57.276(0000000000122224):[AMQP6]created
[I] 16:52:57.277(0000000000122224):[AMQP6]declare exchange 'amq.direct'
[I] 16:52:57.277(0000000000122224):[AMQP6]declare queue 'cf.wechat.rpc.1799bed0a29811e7b4e48fc910833c97'
[I] 16:52:57.278(0000000000122224):[RPCC:cf.wechat.rpc]create rpc client 'cf.wechat.rpc' in conn AMQP6
[I] 16:52:57.282(0000000000122224):[AMQP7]created
[I] 16:52:57.283(0000000000122224):[AMQP7]declare exchange 'amq.direct'
[I] 16:52:57.283(0000000000122224):[AMQP7]declare queue 'sc.task.rpc.179aa930a29811e7b4e48fc910833c97'
[I] 16:52:57.284(0000000000122224):[RPCC:sc.task.rpc]create rpc client 'sc.task.rpc' in conn AMQP7
[I] 16:52:57.284(0000000000122224):[AMQP7]declare queue 'sr.customer.rewardfail.179ad040a29811e7b4e48fc910833c97'
[I] 16:52:57.284(0000000000122224):[RPCC:sr.customer.rewardfail]create rpc client 'sr.customer.rewardfail' in conn AMQP7
[W] 16:52:57.288(0000000000122224):[AMQP0]exchange amq.direct already declare!!
[W] 16:52:57.288(0000000000122224):[AMQP0]rpc client 'sr.customer.tag.rpc' declare repeat!
[W] 16:52:57.289(0000000000122224):[AMQP0]rpc client 'sc.task.rpc' declare repeat!
[W] 16:52:57.291(0000000000122224):[AMQP0]exchange amq.direct already declare!!
[I] 16:52:57.292(0000000000122224):[AMQP0]declare queue 'sr.trade.rpc.179c08c0a29811e7b4e48fc910833c97'
[I] 16:52:57.292(0000000000122224):[RPCC:sr.trade.rpc]create rpc client 'sr.trade.rpc' in conn AMQP0
[I] 16:52:57.295(0000000000122224):PBEncoder success load file 'E:\product\protocol\sr_trade.proto.js'
[I] 16:52:57.299(0000000000122224):[AMQP8]created
[I] 16:52:57.300(0000000000122224):[AMQP8]declare exchange 'amq.direct'
[I] 16:52:57.300(0000000000122224):[AMQP8]declare queue 'cf.wechat.rpc.179d4140a29811e7b4e48fc910833c97'
[I] 16:52:57.300(0000000000122224):[RPCC:cf.wechat.rpc]create rpc client 'cf.wechat.rpc' in conn AMQP8
[I] 16:52:57.323(0000000000122224):[redis]redis connect
[T] 16:52:57.332(0000000000122224):Http is running,port is 18910
[I] 16:52:57.338(0000000000122224):[redis]redis ready
[I] 16:52:57.340(0000000000122224):[MP1]create connection #0
[T] 16:52:57.341(0000000000122224):[MP1]getConnection success,getIndex=0
[I] 16:52:57.342(0000000000122224):[MP1]create connection #1
[T] 16:52:57.342(0000000000122224):[MP1]getConnection success,getIndex=1
[T] 16:52:57.350(0000000000122224):[MySQL]Query success,used time:6 ms,sql="select * from cf_account where enabled=1 and function_mask like \"1%\""
[T] 16:52:57.360(0000000000122224):[MySQL]Query success,used time:14 ms,sql="SELECT * FROM `sc_org`"
[T] 16:52:57.361(0000000000122224):getConnection release,getIndex=0
[T] 16:52:57.361(0000000000122224):getConnection release,getIndex=1
[I] 16:52:57.362(0000000000122224):[AM]get account list success: [{"innerid":"HEDV35FASG-DGW423A-34TGGW53AAD66","name":"乐逛演示","org_id":"1","shop_id":null,"settlement_id":null,"method_code":1,"method_code_key":"wechat_test3_1","function_mask":"10","config":"{\"accountid\":\"gh_92368265694f\",\"fee_type\":\"CNY\",\"appid\":\"wx39bf9ff3da6fc1e7\",\"appsecret\":\"e00fc51118b318fb99cff35d217865fc\",\"mch_id\":\"1287801701\",\"sub_mch_id\":\"\",\"sign_key\":\"smartpaysmartpaysmartpaysmartpay\",\"key_file\":\"apiclient_key.pem\",\"cert_file\":\"apiclient_cert.pem\",\"pay_authorization_dir\":[\"\",\"\",\"\"],\"pay_native_callback\":\"\",\"pay_finish_notify\":\"1\",\"pay_alarm_notify\":\"\"}","enabled":1,"desc":null},{"innerid":"SE43RG3ASG-34GWW55A-34TG43HER452","name":"短信测试一","org_id":"1","shop_id":null,"settlement_id":null,"method_code":2,"method_code_key":"wechat_test1_2","function_mask":"10","config":"{\"url\" : \"http://211.147.239.62:9050/cgi-bin/sendsms\",\"username\" : \"shopperconnect@smartac\",\"password\" : \"shopCNT@smartc2016\"}","enabled":1,"desc":null},{"innerid":"SMFGSW423GWS-G43HTEHE2-HHEDR5462HS","name":"邮件测试一","org_id":"1","shop_id":null,"settlement_id":null,"method_code":3,"method_code_key":"wechat_test1_3","function_mask":"10","config":"{\"smtpserver\" : \"smtp.163.com\",\"port\": 25,\"username\" : \"zyqtest5@163.com\",\"password\" : \"zyqtest5881119\",\"SSL\":false}","enabled":1,"desc":null}]
[I] 16:52:57.391(0000000000122224):[AMQP5]AMQP5 connect 'amqp://guest:guest@172.16.0.81:5672' success!
[I] 16:52:57.395(0000000000122224):[AMQP0]AMQP0 connect 'amqp://guest:guest@172.16.0.81:5672' success!
[I] 16:52:57.396(0000000000122224):[AMQP1]AMQP1 connect 'amqp://guest:guest@172.16.0.81:5672' success!
[I] 16:52:57.397(0000000000122224):[AMQP7]AMQP7 connect 'amqp://guest:guest@172.16.0.81:5672' success!
[I] 16:52:57.400(0000000000122224):[AMQP4]AMQP4 connect 'amqp://guest:guest@172.16.0.81:5672' success!
[I] 16:52:57.401(0000000000122224):[AMQP6]AMQP6 connect 'amqp://guest:guest@172.16.0.81:5672' success!
[I] 16:52:57.402(0000000000122224):[AMQP8]AMQP8 connect 'amqp://guest:guest@172.16.0.81:5672' success!
[I] 16:52:57.413(0000000000122224):[AMQP5]success declare exchange 'amq.direct'
[I] 16:52:57.414(0000000000122224):[AMQP1]success declare exchange 'amq.direct'
[I] 16:52:57.414(0000000000122224):[AMQP6]success declare exchange 'amq.direct'
[I] 16:52:57.416(0000000000122224):[AMQP8]success declare exchange 'amq.direct'
[I] 16:52:57.417(0000000000122224):[AMQP4]success declare exchange 'amq.direct'
[I] 16:52:57.419(0000000000122224):[AMQP7]success declare exchange 'amq.direct'
[I] 16:52:57.420(0000000000122224):[AMQP0]success declare queue 'cf.rpc.173f90e0a29811e7b4e48fc910833c97'
[I] 16:52:57.421(0000000000122224):[AMQP5]success declare queue 'cf.wechat.rpc.1798ad60a29811e7b4e48fc910833c97'
[I] 16:52:57.422(0000000000122224):[AMQP8]success declare queue 'cf.wechat.rpc.179d4140a29811e7b4e48fc910833c97'
[I] 16:52:57.423(0000000000122224):[AMQP6]success declare queue 'cf.wechat.rpc.1799bed0a29811e7b4e48fc910833c97'
[I] 16:52:57.425(0000000000122224):[AMQP5]success consume 'cf.wechat.rpc.1798ad60a29811e7b4e48fc910833c97'
[I] 16:52:57.426(0000000000122224):[AMQP0]success consume 'cf.rpc.173f90e0a29811e7b4e48fc910833c97'
[I] 16:52:57.427(0000000000122224):[AMQP8]success consume 'cf.wechat.rpc.179d4140a29811e7b4e48fc910833c97'
[I] 16:52:57.428(0000000000122224):[AMQP1]success declare queue 'cf.wechat.rpc.178377b0a29811e7b4e48fc910833c97'
[I] 16:52:57.428(0000000000122224):[AMQP6]success consume 'cf.wechat.rpc.1799bed0a29811e7b4e48fc910833c97'
[I] 16:52:57.429(0000000000122224):[AMQP4]success declare queue 'cf.app.rpc.1797ea10a29811e7b4e48fc910833c97'
[I] 16:52:57.429(0000000000122224):[AMQP7]success declare queue 'sc.task.rpc.179aa930a29811e7b4e48fc910833c97'
[I] 16:52:57.430(0000000000122224):[AMQP5]success binding 'amq.direct'->'cf.wechat.rpc.1798ad60a29811e7b4e48fc910833c97'(cf.wechat.rpc.1798ad60a29811e7b4e48fc910833c97)
[I] 16:52:57.430(0000000000122224):[AMQP0]success binding 'amq.direct'->'cf.rpc.173f90e0a29811e7b4e48fc910833c97'(cf.rpc.173f90e0a29811e7b4e48fc910833c97)
[I] 16:52:57.431(0000000000122224):[AMQP4]success consume 'cf.app.rpc.1797ea10a29811e7b4e48fc910833c97'
[I] 16:52:57.431(0000000000122224):[AMQP7]success consume 'sc.task.rpc.179aa930a29811e7b4e48fc910833c97'
[I] 16:52:57.431(0000000000122224):[AMQP1]success consume 'cf.wechat.rpc.178377b0a29811e7b4e48fc910833c97'
[I] 16:52:57.433(0000000000122224):[AMQP6]success binding 'amq.direct'->'cf.wechat.rpc.1799bed0a29811e7b4e48fc910833c97'(cf.wechat.rpc.1799bed0a29811e7b4e48fc910833c97)
[I] 16:52:57.434(0000000000122224):[AMQP8]success binding 'amq.direct'->'cf.wechat.rpc.179d4140a29811e7b4e48fc910833c97'(cf.wechat.rpc.179d4140a29811e7b4e48fc910833c97)
[I] 16:52:57.434(0000000000122224):[AMQP4]success binding 'amq.direct'->'cf.app.rpc.1797ea10a29811e7b4e48fc910833c97'(cf.app.rpc.1797ea10a29811e7b4e48fc910833c97)
[I] 16:52:57.436(0000000000122224):[AMQP7]success binding 'amq.direct'->'sc.task.rpc.179aa930a29811e7b4e48fc910833c97'(sc.task.rpc.179aa930a29811e7b4e48fc910833c97)
[I] 16:52:57.437(0000000000122224):[AMQP1]success binding 'amq.direct'->'cf.wechat.rpc.178377b0a29811e7b4e48fc910833c97'(cf.wechat.rpc.178377b0a29811e7b4e48fc910833c97)
[I] 16:52:57.437(0000000000122224):[AMQP0]success declare queue 'cf.wechat.rpc.1750a7e0a29811e7b4e48fc910833c97'
[I] 16:52:57.439(0000000000122224):[AMQP4]success declare queue 'cf.wechat.rpc.1797ea11a29811e7b4e48fc910833c97'
[I] 16:52:57.441(0000000000122224):[AMQP0]success consume 'cf.wechat.rpc.1750a7e0a29811e7b4e48fc910833c97'
[I] 16:52:57.441(0000000000122224):[AMQP7]success declare queue 'sr.customer.rewardfail.179ad040a29811e7b4e48fc910833c97'
[I] 16:52:57.442(0000000000122224):[AMQP4]success consume 'cf.wechat.rpc.1797ea11a29811e7b4e48fc910833c97'
[I] 16:52:57.443(0000000000122224):[AMQP0]success binding 'amq.direct'->'cf.wechat.rpc.1750a7e0a29811e7b4e48fc910833c97'(cf.wechat.rpc.1750a7e0a29811e7b4e48fc910833c97)
[I] 16:52:57.446(0000000000122224):[AMQP0]success declare exchange 'cf.wechat.notify'
[I] 16:52:57.446(0000000000122224):[AMQP7]success consume 'sr.customer.rewardfail.179ad040a29811e7b4e48fc910833c97'
[I] 16:52:57.447(0000000000122224):[AMQP4]success binding 'amq.direct'->'cf.wechat.rpc.1797ea11a29811e7b4e48fc910833c97'(cf.wechat.rpc.1797ea11a29811e7b4e48fc910833c97)
[I] 16:52:57.449(0000000000122224):[AMQP7]success binding 'amq.direct'->'sr.customer.rewardfail.179ad040a29811e7b4e48fc910833c97'(sr.customer.rewardfail.179ad040a29811e7b4e48fc910833c97)
[I] 16:52:57.451(0000000000122224):[AMQP0]success declare queue 'jiaxingwang.sc_admin.wechat.17590c50a29811e7b4e48fc910833c97'
[I] 16:52:57.452(0000000000122224):[AMQP4]success declare queue 'cf.rpc.17981120a29811e7b4e48fc910833c97'
[I] 16:52:57.454(0000000000122224):[AMQP0]success consume 'jiaxingwang.sc_admin.wechat.17590c50a29811e7b4e48fc910833c97'
[I] 16:52:57.455(0000000000122224):[AMQP4]success consume 'cf.rpc.17981120a29811e7b4e48fc910833c97'
[I] 16:52:57.457(0000000000122224):[AMQP0]success binding 'cf.wechat.notify'->'jiaxingwang.sc_admin.wechat.17590c50a29811e7b4e48fc910833c97'(#)
[I] 16:52:57.459(0000000000122224):[AMQP4]success binding 'amq.direct'->'cf.rpc.17981120a29811e7b4e48fc910833c97'(cf.rpc.17981120a29811e7b4e48fc910833c97)
[I] 16:52:57.462(0000000000122224):[AMQP0]success declare queue 'cf.app.rpc.17590c51a29811e7b4e48fc910833c97'
[I] 16:52:57.464(0000000000122224):[AMQP4]success declare queue 'sc.task.rpc.17981121a29811e7b4e48fc910833c97'
[I] 16:52:57.465(0000000000122224):[AMQP0]success consume 'cf.app.rpc.17590c51a29811e7b4e48fc910833c97'
[I] 16:52:57.467(0000000000122224):[AMQP4]success consume 'sc.task.rpc.17981121a29811e7b4e48fc910833c97'
[I] 16:52:57.469(0000000000122224):[AMQP0]success binding 'amq.direct'->'cf.app.rpc.17590c51a29811e7b4e48fc910833c97'(cf.app.rpc.17590c51a29811e7b4e48fc910833c97)
[I] 16:52:57.470(0000000000122224):[AMQP4]success binding 'amq.direct'->'sc.task.rpc.17981121a29811e7b4e48fc910833c97'(sc.task.rpc.17981121a29811e7b4e48fc910833c97)
[I] 16:52:57.475(0000000000122224):[AMQP0]success declare queue 'cf.alipay.rpc.175b7d50a29811e7b4e48fc910833c97'
[I] 16:52:57.476(0000000000122224):[AMQP0]success consume 'cf.alipay.rpc.175b7d50a29811e7b4e48fc910833c97'
[W] 16:52:57.477(0000000000119A28):try restart worker 2# ...
[I] 16:52:57.481(0000000000119A28):start worker success,pid=11A810(2#)
[I] 16:52:57.479(0000000000122224):[AMQP0]success binding 'amq.direct'->'cf.alipay.rpc.175b7d50a29811e7b4e48fc910833c97'(cf.alipay.rpc.175b7d50a29811e7b4e48fc910833c97)
[I] 16:52:57.483(0000000000122224):[AMQP0]success declare queue 'cf.ding.rpc.175cb5d0a29811e7b4e48fc910833c97'
[I] 16:52:57.485(0000000000122224):[AMQP0]success consume 'cf.ding.rpc.175cb5d0a29811e7b4e48fc910833c97'
[I] 16:52:57.488(0000000000122224):[AMQP0]success binding 'amq.direct'->'cf.ding.rpc.175cb5d0a29811e7b4e48fc910833c97'(cf.ding.rpc.175cb5d0a29811e7b4e48fc910833c97)
[I] 16:52:57.490(0000000000122224):[AMQP0]success declare exchange 'cf.ding.notify'
[I] 16:52:57.495(0000000000122224):[AMQP0]success declare queue 'jiaxingwang.sc_admin.ding.175eb1a0a29811e7b4e48fc910833c97'
[I] 16:52:57.497(0000000000122224):[AMQP0]success consume 'jiaxingwang.sc_admin.ding.175eb1a0a29811e7b4e48fc910833c97'
[I] 16:52:57.501(0000000000122224):[AMQP0]success binding 'cf.ding.notify'->'jiaxingwang.sc_admin.ding.175eb1a0a29811e7b4e48fc910833c97'(#)
[I] 16:52:57.508(0000000000122224):[AMQP0]success declare queue 'sr.customer.rpc.175fea20a29811e7b4e48fc910833c97'
[I] 16:52:57.512(0000000000122224):[AMQP0]success consume 'sr.customer.rpc.175fea20a29811e7b4e48fc910833c97'
[I] 16:52:57.516(0000000000122224):[AMQP0]success binding 'amq.direct'->'sr.customer.rpc.175fea20a29811e7b4e48fc910833c97'(sr.customer.rpc.175fea20a29811e7b4e48fc910833c97)
[I] 16:52:57.518(0000000000122224):[AMQP0]success declare exchange 'amq.direct'
[I] 16:52:57.522(0000000000122224):[AMQP0]success declare queue 'sc.task.rpc.17848920a29811e7b4e48fc910833c97'
[I] 16:52:57.524(0000000000122224):[AMQP0]success consume 'sc.task.rpc.17848920a29811e7b4e48fc910833c97'
[I] 16:52:57.527(0000000000122224):[AMQP0]success binding 'amq.direct'->'sc.task.rpc.17848920a29811e7b4e48fc910833c97'(sc.task.rpc.17848920a29811e7b4e48fc910833c97)
[I] 16:52:57.531(0000000000122224):[AMQP0]success declare queue 'sr.customer.tag.rpc.1789e050a29811e7b4e48fc910833c97'
[I] 16:52:57.534(0000000000122224):[AMQP0]success consume 'sr.customer.tag.rpc.1789e050a29811e7b4e48fc910833c97'
[I] 16:52:57.537(0000000000122224):[AMQP0]success binding 'amq.direct'->'sr.customer.tag.rpc.1789e050a29811e7b4e48fc910833c97'(sr.customer.tag.rpc.1789e050a29811e7b4e48fc910833c97)
[I] 16:52:57.542(0000000000122224):[AMQP0]success declare queue 'sr.customer.point.rpc.178a0760a29811e7b4e48fc910833c97'
[I] 16:52:57.545(0000000000122224):[AMQP0]success consume 'sr.customer.point.rpc.178a0760a29811e7b4e48fc910833c97'
[I] 16:52:57.548(0000000000122224):[AMQP0]success binding 'amq.direct'->'sr.customer.point.rpc.178a0760a29811e7b4e48fc910833c97'(sr.customer.point.rpc.178a0760a29811e7b4e48fc910833c97)
[I] 16:52:57.552(0000000000122224):[AMQP0]success declare queue 'sr.customer.coupon_class.rpc.178e9b40a29811e7b4e48fc910833c97'
[I] 16:52:57.555(0000000000122224):[AMQP0]success consume 'sr.customer.coupon_class.rpc.178e9b40a29811e7b4e48fc910833c97'
[I] 16:52:57.558(0000000000122224):[AMQP0]success binding 'amq.direct'->'sr.customer.coupon_class.rpc.178e9b40a29811e7b4e48fc910833c97'(sr.customer.coupon_class.rpc.178e9b40a29811e7b4e48fc910833c97)
[I] 16:52:57.562(0000000000122224):[AMQP0]success declare queue 'sr.customer.coupon.rpc.178ec250a29811e7b4e48fc910833c97'
[I] 16:52:57.564(0000000000122224):[AMQP0]success consume 'sr.customer.coupon.rpc.178ec250a29811e7b4e48fc910833c97'
[I] 16:52:57.566(0000000000122224):[AMQP0]success binding 'amq.direct'->'sr.customer.coupon.rpc.178ec250a29811e7b4e48fc910833c97'(sr.customer.coupon.rpc.178ec250a29811e7b4e48fc910833c97)
[I] 16:52:57.571(0000000000122224):[AMQP0]success declare queue 'cf.wxpay.rpc.17913350a29811e7b4e48fc910833c97'
[I] 16:52:57.573(0000000000122224):[AMQP0]success consume 'cf.wxpay.rpc.17913350a29811e7b4e48fc910833c97'
[I] 16:52:57.575(0000000000122224):[AMQP0]success binding 'amq.direct'->'cf.wxpay.rpc.17913350a29811e7b4e48fc910833c97'(cf.wxpay.rpc.17913350a29811e7b4e48fc910833c97)
[I] 16:52:57.580(0000000000122224):[AMQP0]success declare queue 'cf.baidu.rpc.179503e0a29811e7b4e48fc910833c97'
[I] 16:52:57.582(0000000000122224):[AMQP0]success consume 'cf.baidu.rpc.179503e0a29811e7b4e48fc910833c97'
[I] 16:52:57.586(0000000000122224):[AMQP0]success binding 'amq.direct'->'cf.baidu.rpc.179503e0a29811e7b4e48fc910833c97'(cf.baidu.rpc.179503e0a29811e7b4e48fc910833c97)
[I] 16:52:57.590(0000000000122224):[AMQP0]success declare queue 'sr.trade.rpc.179c08c0a29811e7b4e48fc910833c97'
[I] 16:52:57.593(0000000000122224):[AMQP0]success consume 'sr.trade.rpc.179c08c0a29811e7b4e48fc910833c97'
[I] 16:52:57.595(0000000000122224):[AMQP0]success binding 'amq.direct'->'sr.trade.rpc.179c08c0a29811e7b4e48fc910833c97'(sr.trade.rpc.179c08c0a29811e7b4e48fc910833c97)
[I] 16:52:57.998(0000000000119B90):[AMQP0]created
[I] 16:52:58.010(0000000000119B90):[AMQP0]declare queue 'cf.rpc.18094980a29811e794e88fd8cedd95cc'
[I] 16:52:58.011(0000000000119B90):[RPCC:cf.rpc]create rpc client 'cf.rpc' in conn AMQP0
[I] 16:52:58.127(0000000000119B90):PBEncoder success load file 'E:\product\protocol\cf.proto.js'
[I] 16:52:58.128(0000000000119B90):[AMQP0]declare queue 'cf.wechat.rpc.181b9900a29811e794e88fd8cedd95cc'
[I] 16:52:58.129(0000000000119B90):[RPCC:cf.wechat.rpc]create rpc client 'cf.wechat.rpc' in conn AMQP0
[I] 16:52:58.207(0000000000119B90):PBEncoder success load file 'E:\product\protocol\cf_wechat.proto.js'
[I] 16:52:58.207(0000000000119B90):[AMQP0]declare exchange 'cf.wechat.notify'
[I] 16:52:58.208(0000000000119B90):[AMQP0]declare queue 'jiaxingwang.sc_admin.wechat.1827ce00a29811e794e88fd8cedd95cc'
[I] 16:52:58.208(0000000000119B90):[AMQP0]declare queue 'cf.app.rpc.1827ce01a29811e794e88fd8cedd95cc'
[I] 16:52:58.208(0000000000119B90):[RPCC:cf.app.rpc]create rpc client 'cf.app.rpc' in conn AMQP0
[I] 16:52:58.213(0000000000119B90):PBEncoder success load file 'E:\product\protocol\cf_app.proto.js'
[I] 16:52:58.214(0000000000119B90):[AMQP0]declare queue 'cf.alipay.rpc.1828b860a29811e794e88fd8cedd95cc'
[I] 16:52:58.214(0000000000119B90):[RPCC:cf.alipay.rpc]create rpc client 'cf.alipay.rpc' in conn AMQP0
[I] 16:52:58.223(0000000000119B90):PBEncoder success load file 'E:\product\protocol\cf_alipay.proto.js'
[I] 16:52:58.223(0000000000119B90):[AMQP0]declare queue 'cf.ding.rpc.182a17f0a29811e794e88fd8cedd95cc'
[I] 16:52:58.223(0000000000119B90):[RPCC:cf.ding.rpc]create rpc client 'cf.ding.rpc' in conn AMQP0
[I] 16:52:58.237(0000000000119B90):PBEncoder success load file 'E:\product\protocol\cf_ding.proto.js'
[I] 16:52:58.238(0000000000119B90):[AMQP0]declare exchange 'cf.ding.notify'
[I] 16:52:58.238(0000000000119B90):[AMQP0]declare queue 'jiaxingwang.sc_admin.ding.182c61e0a29811e794e88fd8cedd95cc'
[I] 16:52:58.238(0000000000119B90):[AM]init and reload account!
[I] 16:52:58.244(0000000000119B90):[AM]reload account success, account number is: 0
[I] 16:52:58.247(0000000000119B90):[AMQP0]declare queue 'sr.customer.rpc.182d9a60a29811e794e88fd8cedd95cc'
[I] 16:52:58.247(0000000000119B90):[RPCC:sr.customer.rpc]create rpc client 'sr.customer.rpc' in conn AMQP0
[I] 16:52:58.255(0000000000119B90):PBEncoder success load file 'E:\product\protocol\sr_customer.proto.js'
[W] 16:52:58.255(0000000000119B90):[AMQP0]rpc client 'cf.rpc' declare repeat!
[W] 16:52:58.256(0000000000119B90):[AMQP0]rpc client 'cf.wechat.rpc' declare repeat!
[W] 16:52:58.256(0000000000119B90):[AMQP0]rpc client 'cf.app.rpc' declare repeat!
[D] 16:52:58.453(0000000000119A28):worker process log socket connected!
[I] 16:52:58.454(0000000000119B90):PBEncoder success load file 'E:\product\protocol\sc_system.proto.js'
[D] 16:52:58.445(000000000011A810):worker 2# ready to connect master log socket server, port=40820
[D] 16:52:58.454(000000000011A810):worker 2# log socket connected!
[I] 16:52:58.508(0000000000119B90):[AMQP1]created
[I] 16:52:58.509(0000000000119B90):[AMQP1]declare exchange 'amq.direct'
[I] 16:52:58.510(0000000000119B90):[AMQP1]declare queue 'cf.wechat.rpc.1855e2e0a29811e794e88fd8cedd95cc'
[I] 16:52:58.510(0000000000119B90):[RPCC:cf.wechat.rpc]create rpc client 'cf.wechat.rpc' in conn AMQP1
[I] 16:52:58.512(0000000000119B90):[AMQP2]created
[I] 16:52:58.516(0000000000119B90):[AMQP0]declare exchange 'amq.direct'
[I] 16:52:58.525(0000000000119B90):[AMQP0]declare queue 'sc.task.rpc.1856f450a29811e794e88fd8cedd95cc'
[I] 16:52:58.525(0000000000119B90):[RPCC:sc.task.rpc]create rpc client 'sc.task.rpc' in conn AMQP0
[I] 16:52:58.534(0000000000119B90):PBEncoder success load file 'E:\product\protocol\sc_task.proto.js'
[I] 16:52:58.560(0000000000119B90):[AMQP0]declare queue 'sr.customer.tag.rpc.185d8400a29811e794e88fd8cedd95cc'
[I] 16:52:58.561(0000000000119B90):[RPCC:sr.customer.tag.rpc]create rpc client 'sr.customer.tag.rpc' in conn AMQP0
[I] 16:52:58.561(0000000000119B90):[AMQP0]declare queue 'sr.customer.point.rpc.185dab10a29811e794e88fd8cedd95cc'
[I] 16:52:58.562(0000000000119B90):[RPCC:sr.customer.point.rpc]create rpc client 'sr.customer.point.rpc' in conn AMQP0
[I] 16:52:58.570(0000000000119B90):PBEncoder success load file 'E:\product\protocol\sr_customer_point.proto.js'
[I] 16:52:58.577(0000000000119B90):PBEncoder success load file 'E:\product\protocol\sr_customer_tag.proto.js'
[W] 16:52:58.588(0000000000119B90):[AMQP0]rpc client 'cf.wechat.rpc' declare repeat!
[I] 16:52:58.590(0000000000119B90):[AMQP0]declare queue 'sr.customer.coupon_class.rpc.1861f0d0a29811e794e88fd8cedd95cc'
[I] 16:52:58.590(0000000000119B90):[RPCC:sr.customer.coupon_class.rpc]create rpc client 'sr.customer.coupon_class.rpc' in conn AMQP0
[I] 16:52:58.590(0000000000119B90):[AMQP0]declare queue 'sr.customer.coupon.rpc.186217e0a29811e794e88fd8cedd95cc'
[I] 16:52:58.592(0000000000119B90):[RPCC:sr.customer.coupon.rpc]create rpc client 'sr.customer.coupon.rpc' in conn AMQP0
[I] 16:52:58.605(0000000000119B90):PBEncoder success load file 'E:\product\protocol\sr_customer_coupon.proto.js'
[W] 16:52:58.605(0000000000119B90):[AMQP0]rpc client 'cf.wechat.rpc' declare repeat!
[I] 16:52:58.605(0000000000119B90):[AMQP0]declare queue 'cf.wxpay.rpc.186461d0a29811e794e88fd8cedd95cc'
[I] 16:52:58.605(0000000000119B90):[RPCC:cf.wxpay.rpc]create rpc client 'cf.wxpay.rpc' in conn AMQP0
[I] 16:52:58.626(0000000000119B90):PBEncoder success load file 'E:\product\protocol\cf_wxpay.proto.js'
[W] 16:52:58.626(0000000000119B90):[AMQP0]rpc client 'sr.customer.point.rpc' declare repeat!
[W] 16:52:58.634(0000000000119B90):[AMQP0]exchange amq.direct already declare!!
[W] 16:52:58.634(0000000000119B90):[AMQP0]rpc client 'sr.customer.rpc' declare repeat!
[W] 16:52:58.634(0000000000119B90):[AMQP0]rpc client 'sr.customer.coupon.rpc' declare repeat!
[W] 16:52:58.634(0000000000119B90):[AMQP0]rpc client 'cf.wechat.rpc' declare repeat!
[W] 16:52:58.640(0000000000119B90):[AMQP0]exchange amq.direct already declare!!
[I] 16:52:58.641(0000000000119B90):[AMQP0]declare queue 'cf.baidu.rpc.1869e010a29811e794e88fd8cedd95cc'
[I] 16:52:58.641(0000000000119B90):[RPCC:cf.baidu.rpc]create rpc client 'cf.baidu.rpc' in conn AMQP0
[I] 16:52:58.647(0000000000119B90):PBEncoder success load file 'E:\product\protocol\cf_baidu.proto.js'
[I] 16:52:58.652(0000000000119B90):[AMQP3]created
[I] 16:52:58.662(0000000000119B90):[AMQP4]created
[I] 16:52:58.663(0000000000119B90):[AMQP4]declare exchange 'amq.direct'
[I] 16:52:58.663(0000000000119B90):[AMQP4]declare queue 'cf.app.rpc.186d3b70a29811e794e88fd8cedd95cc'
[I] 16:52:58.663(0000000000119B90):[RPCC:cf.app.rpc]create rpc client 'cf.app.rpc' in conn AMQP4
[I] 16:52:58.663(0000000000119B90):[AMQP4]declare queue 'cf.wechat.rpc.186d3b71a29811e794e88fd8cedd95cc'
[I] 16:52:58.664(0000000000119B90):[RPCC:cf.wechat.rpc]create rpc client 'cf.wechat.rpc' in conn AMQP4
[I] 16:52:58.664(0000000000119B90):[AMQP4]declare queue 'cf.rpc.186d6280a29811e794e88fd8cedd95cc'
[I] 16:52:58.664(0000000000119B90):[RPCC:cf.rpc]create rpc client 'cf.rpc' in conn AMQP4
[I] 16:52:58.664(0000000000119B90):[AMQP4]declare queue 'sc.task.rpc.186d6281a29811e794e88fd8cedd95cc'
[I] 16:52:58.665(0000000000119B90):[RPCC:sc.task.rpc]create rpc client 'sc.task.rpc' in conn AMQP4
[I] 16:52:58.667(0000000000119B90):[AMQP5]created
[I] 16:52:58.668(0000000000119B90):[AMQP5]declare exchange 'amq.direct'
[I] 16:52:58.668(0000000000119B90):[AMQP5]declare queue 'cf.wechat.rpc.186dfec0a29811e794e88fd8cedd95cc'
[I] 16:52:58.668(0000000000119B90):[RPCC:cf.wechat.rpc]create rpc client 'cf.wechat.rpc' in conn AMQP5
[W] 16:52:58.670(0000000000119B90):[AMQP0]rpc client 'sr.customer.point.rpc' declare repeat!
[I] 16:52:58.673(0000000000119B90):[AMQP6]created
[I] 16:52:58.673(0000000000119B90):[AMQP6]declare exchange 'amq.direct'
[I] 16:52:58.674(0000000000119B90):[AMQP6]declare queue 'cf.wechat.rpc.186ee920a29811e794e88fd8cedd95cc'
[I] 16:52:58.674(0000000000119B90):[RPCC:cf.wechat.rpc]create rpc client 'cf.wechat.rpc' in conn AMQP6
[I] 16:52:58.679(0000000000119B90):[AMQP7]created
[I] 16:52:58.679(0000000000119B90):[AMQP7]declare exchange 'amq.direct'
[I] 16:52:58.679(0000000000119B90):[AMQP7]declare queue 'sc.task.rpc.186fac70a29811e794e88fd8cedd95cc'
[I] 16:52:58.679(0000000000119B90):[RPCC:sc.task.rpc]create rpc client 'sc.task.rpc' in conn AMQP7
[I] 16:52:58.680(0000000000119B90):[AMQP7]declare queue 'sr.customer.rewardfail.186fd380a29811e794e88fd8cedd95cc'
[I] 16:52:58.680(0000000000119B90):[RPCC:sr.customer.rewardfail]create rpc client 'sr.customer.rewardfail' in conn AMQP7
[W] 16:52:58.684(0000000000119B90):[AMQP0]exchange amq.direct already declare!!
[W] 16:52:58.684(0000000000119B90):[AMQP0]rpc client 'sr.customer.tag.rpc' declare repeat!
[W] 16:52:58.684(0000000000119B90):[AMQP0]rpc client 'sc.task.rpc' declare repeat!
[W] 16:52:58.687(0000000000119B90):[AMQP0]exchange amq.direct already declare!!
[I] 16:52:58.687(0000000000119B90):[AMQP0]declare queue 'sr.trade.rpc.1870e4f0a29811e794e88fd8cedd95cc'
[I] 16:52:58.687(0000000000119B90):[RPCC:sr.trade.rpc]create rpc client 'sr.trade.rpc' in conn AMQP0
[I] 16:52:58.691(0000000000119B90):PBEncoder success load file 'E:\product\protocol\sr_trade.proto.js'
[I] 16:52:58.694(0000000000119B90):[AMQP8]created
[I] 16:52:58.695(0000000000119B90):[AMQP8]declare exchange 'amq.direct'
[I] 16:52:58.695(0000000000119B90):[AMQP8]declare queue 'cf.wechat.rpc.18721d70a29811e794e88fd8cedd95cc'
[I] 16:52:58.695(0000000000119B90):[RPCC:cf.wechat.rpc]create rpc client 'cf.wechat.rpc' in conn AMQP8
[T] 16:52:58.715(0000000000119B90):Http is running,port is 18910
[I] 16:52:58.720(0000000000119B90):[redis]redis connect
[I] 16:52:58.733(0000000000119B90):[redis]redis ready
[I] 16:52:58.735(0000000000119B90):[MP1]create connection #0
[T] 16:52:58.735(0000000000119B90):[MP1]getConnection success,getIndex=0
[I] 16:52:58.736(0000000000119B90):[MP1]create connection #1
[T] 16:52:58.736(0000000000119B90):[MP1]getConnection success,getIndex=1
[T] 16:52:58.746(0000000000119B90):[MySQL]Query success,used time:7 ms,sql="select * from cf_account where enabled=1 and function_mask like \"1%\""
[T] 16:52:58.753(0000000000119B90):[MySQL]Query success,used time:13 ms,sql="SELECT * FROM `sc_org`"
[T] 16:52:58.754(0000000000119B90):getConnection release,getIndex=0
[T] 16:52:58.755(0000000000119B90):getConnection release,getIndex=1
[I] 16:52:58.755(0000000000119B90):[AM]get account list success: [{"innerid":"HEDV35FASG-DGW423A-34TGGW53AAD66","name":"乐逛演示","org_id":"1","shop_id":null,"settlement_id":null,"method_code":1,"method_code_key":"wechat_test3_1","function_mask":"10","config":"{\"accountid\":\"gh_92368265694f\",\"fee_type\":\"CNY\",\"appid\":\"wx39bf9ff3da6fc1e7\",\"appsecret\":\"e00fc51118b318fb99cff35d217865fc\",\"mch_id\":\"1287801701\",\"sub_mch_id\":\"\",\"sign_key\":\"smartpaysmartpaysmartpaysmartpay\",\"key_file\":\"apiclient_key.pem\",\"cert_file\":\"apiclient_cert.pem\",\"pay_authorization_dir\":[\"\",\"\",\"\"],\"pay_native_callback\":\"\",\"pay_finish_notify\":\"1\",\"pay_alarm_notify\":\"\"}","enabled":1,"desc":null},{"innerid":"SE43RG3ASG-34GWW55A-34TG43HER452","name":"短信测试一","org_id":"1","shop_id":null,"settlement_id":null,"method_code":2,"method_code_key":"wechat_test1_2","function_mask":"10","config":"{\"url\" : \"http://211.147.239.62:9050/cgi-bin/sendsms\",\"username\" : \"shopperconnect@smartac\",\"password\" : \"shopCNT@smartc2016\"}","enabled":1,"desc":null},{"innerid":"SMFGSW423GWS-G43HTEHE2-HHEDR5462HS","name":"邮件测试一","org_id":"1","shop_id":null,"settlement_id":null,"method_code":3,"method_code_key":"wechat_test1_3","function_mask":"10","config":"{\"smtpserver\" : \"smtp.163.com\",\"port\": 25,\"username\" : \"zyqtest5@163.com\",\"password\" : \"zyqtest5881119\",\"SSL\":false}","enabled":1,"desc":null}]
[I] 16:52:58.784(0000000000119B90):[AMQP0]AMQP0 connect 'amqp://guest:guest@172.16.0.81:5672' success!
[I] 16:52:58.788(0000000000119B90):[AMQP1]AMQP1 connect 'amqp://guest:guest@172.16.0.81:5672' success!
[I] 16:52:58.789(0000000000119B90):[AMQP5]AMQP5 connect 'amqp://guest:guest@172.16.0.81:5672' success!
[I] 16:52:58.789(0000000000119B90):[AMQP4]AMQP4 connect 'amqp://guest:guest@172.16.0.81:5672' success!
[I] 16:52:58.790(0000000000119B90):[AMQP6]AMQP6 connect 'amqp://guest:guest@172.16.0.81:5672' success!
[I] 16:52:58.791(0000000000119B90):[AMQP7]AMQP7 connect 'amqp://guest:guest@172.16.0.81:5672' success!
[I] 16:52:58.792(0000000000119B90):[AMQP8]AMQP8 connect 'amqp://guest:guest@172.16.0.81:5672' success!
[I] 16:52:58.805(0000000000119B90):[AMQP0]success declare queue 'cf.rpc.18094980a29811e794e88fd8cedd95cc'
[I] 16:52:58.806(0000000000119B90):[AMQP1]success declare exchange 'amq.direct'
[I] 16:52:58.807(0000000000119B90):[AMQP7]success declare exchange 'amq.direct'
[I] 16:52:58.808(0000000000119B90):[AMQP5]success declare exchange 'amq.direct'
[I] 16:52:58.808(0000000000119B90):[AMQP4]success declare exchange 'amq.direct'
[I] 16:52:58.809(0000000000119B90):[AMQP6]success declare exchange 'amq.direct'
[I] 16:52:58.809(0000000000119B90):[AMQP8]success declare exchange 'amq.direct'
[I] 16:52:58.810(0000000000119B90):[AMQP0]success consume 'cf.rpc.18094980a29811e794e88fd8cedd95cc'
[I] 16:52:58.811(0000000000119B90):[AMQP1]success declare queue 'cf.wechat.rpc.1855e2e0a29811e794e88fd8cedd95cc'
[I] 16:52:58.812(0000000000119B90):[AMQP7]success declare queue 'sc.task.rpc.186fac70a29811e794e88fd8cedd95cc'
[I] 16:52:58.813(0000000000119B90):[AMQP1]success consume 'cf.wechat.rpc.1855e2e0a29811e794e88fd8cedd95cc'
[I] 16:52:58.814(0000000000119B90):[AMQP7]success consume 'sc.task.rpc.186fac70a29811e794e88fd8cedd95cc'
[I] 16:52:58.815(0000000000119B90):[AMQP0]success binding 'amq.direct'->'cf.rpc.18094980a29811e794e88fd8cedd95cc'(cf.rpc.18094980a29811e794e88fd8cedd95cc)
[I] 16:52:58.816(0000000000119B90):[AMQP5]success declare queue 'cf.wechat.rpc.186dfec0a29811e794e88fd8cedd95cc'
[I] 16:52:58.817(0000000000119B90):[AMQP6]success declare queue 'cf.wechat.rpc.186ee920a29811e794e88fd8cedd95cc'
[I] 16:52:58.817(0000000000119B90):[AMQP4]success declare queue 'cf.app.rpc.186d3b70a29811e794e88fd8cedd95cc'
[I] 16:52:58.817(0000000000119B90):[AMQP8]success declare queue 'cf.wechat.rpc.18721d70a29811e794e88fd8cedd95cc'
[I] 16:52:58.818(0000000000119B90):[AMQP5]success consume 'cf.wechat.rpc.186dfec0a29811e794e88fd8cedd95cc'
[I] 16:52:58.818(0000000000119B90):[AMQP1]success binding 'amq.direct'->'cf.wechat.rpc.1855e2e0a29811e794e88fd8cedd95cc'(cf.wechat.rpc.1855e2e0a29811e794e88fd8cedd95cc)
[I] 16:52:58.819(0000000000119B90):[AMQP7]success binding 'amq.direct'->'sc.task.rpc.186fac70a29811e794e88fd8cedd95cc'(sc.task.rpc.186fac70a29811e794e88fd8cedd95cc)
[I] 16:52:58.819(0000000000119B90):[AMQP6]success consume 'cf.wechat.rpc.186ee920a29811e794e88fd8cedd95cc'
[I] 16:52:58.820(0000000000119B90):[AMQP4]success consume 'cf.app.rpc.186d3b70a29811e794e88fd8cedd95cc'
[I] 16:52:58.820(0000000000119B90):[AMQP8]success consume 'cf.wechat.rpc.18721d70a29811e794e88fd8cedd95cc'
[I] 16:52:58.822(0000000000119B90):[AMQP0]success declare queue 'cf.wechat.rpc.181b9900a29811e794e88fd8cedd95cc'
[I] 16:52:58.823(0000000000119B90):[AMQP5]success binding 'amq.direct'->'cf.wechat.rpc.186dfec0a29811e794e88fd8cedd95cc'(cf.wechat.rpc.186dfec0a29811e794e88fd8cedd95cc)
[I] 16:52:58.824(0000000000119B90):[AMQP6]success binding 'amq.direct'->'cf.wechat.rpc.186ee920a29811e794e88fd8cedd95cc'(cf.wechat.rpc.186ee920a29811e794e88fd8cedd95cc)
[I] 16:52:58.825(0000000000119B90):[AMQP8]success binding 'amq.direct'->'cf.wechat.rpc.18721d70a29811e794e88fd8cedd95cc'(cf.wechat.rpc.18721d70a29811e794e88fd8cedd95cc)
[I] 16:52:58.825(0000000000119B90):[AMQP4]success binding 'amq.direct'->'cf.app.rpc.186d3b70a29811e794e88fd8cedd95cc'(cf.app.rpc.186d3b70a29811e794e88fd8cedd95cc)
[I] 16:52:58.825(0000000000119B90):[AMQP0]success consume 'cf.wechat.rpc.181b9900a29811e794e88fd8cedd95cc'
[I] 16:52:58.826(0000000000119B90):[AMQP7]success declare queue 'sr.customer.rewardfail.186fd380a29811e794e88fd8cedd95cc'
[I] 16:52:58.828(0000000000119B90):[AMQP7]success consume 'sr.customer.rewardfail.186fd380a29811e794e88fd8cedd95cc'
[I] 16:52:58.836(0000000000119B90):[AMQP0]success binding 'amq.direct'->'cf.wechat.rpc.181b9900a29811e794e88fd8cedd95cc'(cf.wechat.rpc.181b9900a29811e794e88fd8cedd95cc)
[I] 16:52:58.837(0000000000119B90):[AMQP7]success binding 'amq.direct'->'sr.customer.rewardfail.186fd380a29811e794e88fd8cedd95cc'(sr.customer.rewardfail.186fd380a29811e794e88fd8cedd95cc)
[I] 16:52:58.838(0000000000119B90):[AMQP0]success declare exchange 'cf.wechat.notify'
[I] 16:52:58.839(0000000000119B90):[AMQP4]success declare queue 'cf.wechat.rpc.186d3b71a29811e794e88fd8cedd95cc'
[I] 16:52:58.840(0000000000119B90):[AMQP4]success consume 'cf.wechat.rpc.186d3b71a29811e794e88fd8cedd95cc'
[I] 16:52:58.842(0000000000119B90):[AMQP0]success declare queue 'jiaxingwang.sc_admin.wechat.1827ce00a29811e794e88fd8cedd95cc'
[I] 16:52:58.844(0000000000119B90):[AMQP0]success consume 'jiaxingwang.sc_admin.wechat.1827ce00a29811e794e88fd8cedd95cc'
[I] 16:52:58.845(0000000000119B90):[AMQP4]success binding 'amq.direct'->'cf.wechat.rpc.186d3b71a29811e794e88fd8cedd95cc'(cf.wechat.rpc.186d3b71a29811e794e88fd8cedd95cc)
[I] 16:52:58.847(0000000000119B90):[AMQP0]success binding 'cf.wechat.notify'->'jiaxingwang.sc_admin.wechat.1827ce00a29811e794e88fd8cedd95cc'(#)
[I] 16:52:58.849(0000000000119B90):[AMQP4]success declare queue 'cf.rpc.186d6280a29811e794e88fd8cedd95cc'
[I] 16:52:58.851(0000000000119B90):[AMQP4]success consume 'cf.rpc.186d6280a29811e794e88fd8cedd95cc'
[I] 16:52:58.852(0000000000119B90):[AMQP0]success declare queue 'cf.app.rpc.1827ce01a29811e794e88fd8cedd95cc'
[I] 16:52:58.853(0000000000119B90):[AMQP4]success binding 'amq.direct'->'cf.rpc.186d6280a29811e794e88fd8cedd95cc'(cf.rpc.186d6280a29811e794e88fd8cedd95cc)
[I] 16:52:58.854(0000000000119B90):[AMQP0]success consume 'cf.app.rpc.1827ce01a29811e794e88fd8cedd95cc'
[I] 16:52:58.857(0000000000119B90):[AMQP4]success declare queue 'sc.task.rpc.186d6281a29811e794e88fd8cedd95cc'
[I] 16:52:58.857(0000000000119B90):[AMQP0]success binding 'amq.direct'->'cf.app.rpc.1827ce01a29811e794e88fd8cedd95cc'(cf.app.rpc.1827ce01a29811e794e88fd8cedd95cc)
[I] 16:52:58.860(0000000000119B90):[AMQP4]success consume 'sc.task.rpc.186d6281a29811e794e88fd8cedd95cc'
[I] 16:52:58.863(0000000000119B90):[AMQP4]success binding 'amq.direct'->'sc.task.rpc.186d6281a29811e794e88fd8cedd95cc'(sc.task.rpc.186d6281a29811e794e88fd8cedd95cc)
[I] 16:52:58.863(0000000000119B90):[AMQP0]success declare queue 'cf.alipay.rpc.1828b860a29811e794e88fd8cedd95cc'
[I] 16:52:58.865(0000000000119B90):[AMQP0]success consume 'cf.alipay.rpc.1828b860a29811e794e88fd8cedd95cc'
[I] 16:52:58.869(0000000000119B90):[AMQP0]success binding 'amq.direct'->'cf.alipay.rpc.1828b860a29811e794e88fd8cedd95cc'(cf.alipay.rpc.1828b860a29811e794e88fd8cedd95cc)
[I] 16:52:58.872(0000000000119B90):[AMQP0]success declare queue 'cf.ding.rpc.182a17f0a29811e794e88fd8cedd95cc'
[I] 16:52:58.874(0000000000119B90):[AMQP0]success consume 'cf.ding.rpc.182a17f0a29811e794e88fd8cedd95cc'
[I] 16:52:58.876(0000000000119B90):[AMQP0]success binding 'amq.direct'->'cf.ding.rpc.182a17f0a29811e794e88fd8cedd95cc'(cf.ding.rpc.182a17f0a29811e794e88fd8cedd95cc)
[I] 16:52:58.877(0000000000119B90):[AMQP0]success declare exchange 'cf.ding.notify'
[I] 16:52:58.881(0000000000119B90):[AMQP0]success declare queue 'jiaxingwang.sc_admin.ding.182c61e0a29811e794e88fd8cedd95cc'
[I] 16:52:58.882(0000000000119B90):[AMQP0]success consume 'jiaxingwang.sc_admin.ding.182c61e0a29811e794e88fd8cedd95cc'
[I] 16:52:58.884(0000000000119B90):[AMQP0]success binding 'cf.ding.notify'->'jiaxingwang.sc_admin.ding.182c61e0a29811e794e88fd8cedd95cc'(#)
[I] 16:52:58.887(0000000000119B90):[AMQP0]success declare queue 'sr.customer.rpc.182d9a60a29811e794e88fd8cedd95cc'
[I] 16:52:58.890(0000000000119B90):[AMQP0]success consume 'sr.customer.rpc.182d9a60a29811e794e88fd8cedd95cc'
[I] 16:52:58.894(0000000000119B90):[AMQP0]success binding 'amq.direct'->'sr.customer.rpc.182d9a60a29811e794e88fd8cedd95cc'(sr.customer.rpc.182d9a60a29811e794e88fd8cedd95cc)
[I] 16:52:58.895(0000000000119B90):[AMQP0]success declare exchange 'amq.direct'
[I] 16:52:58.899(0000000000119B90):[AMQP0]success declare queue 'sc.task.rpc.1856f450a29811e794e88fd8cedd95cc'
[I] 16:52:58.900(0000000000119B90):[AMQP0]success consume 'sc.task.rpc.1856f450a29811e794e88fd8cedd95cc'
[I] 16:52:58.903(0000000000119B90):[AMQP0]success binding 'amq.direct'->'sc.task.rpc.1856f450a29811e794e88fd8cedd95cc'(sc.task.rpc.1856f450a29811e794e88fd8cedd95cc)
[I] 16:52:58.915(0000000000119B90):[AMQP0]success declare queue 'sr.customer.tag.rpc.185d8400a29811e794e88fd8cedd95cc'
[I] 16:52:58.917(0000000000119B90):[AMQP0]success consume 'sr.customer.tag.rpc.185d8400a29811e794e88fd8cedd95cc'
[I] 16:52:58.920(0000000000119B90):[AMQP0]success binding 'amq.direct'->'sr.customer.tag.rpc.185d8400a29811e794e88fd8cedd95cc'(sr.customer.tag.rpc.185d8400a29811e794e88fd8cedd95cc)
[I] 16:52:58.924(0000000000119B90):[AMQP0]success declare queue 'sr.customer.point.rpc.185dab10a29811e794e88fd8cedd95cc'
[I] 16:52:58.926(0000000000119B90):[AMQP0]success consume 'sr.customer.point.rpc.185dab10a29811e794e88fd8cedd95cc'
[I] 16:52:58.929(0000000000119B90):[AMQP0]success binding 'amq.direct'->'sr.customer.point.rpc.185dab10a29811e794e88fd8cedd95cc'(sr.customer.point.rpc.185dab10a29811e794e88fd8cedd95cc)
[I] 16:52:58.932(0000000000119B90):[AMQP0]success declare queue 'sr.customer.coupon_class.rpc.1861f0d0a29811e794e88fd8cedd95cc'
[I] 16:52:58.942(0000000000119B90):[AMQP0]success consume 'sr.customer.coupon_class.rpc.1861f0d0a29811e794e88fd8cedd95cc'
[I] 16:52:58.948(0000000000119B90):[AMQP0]success binding 'amq.direct'->'sr.customer.coupon_class.rpc.1861f0d0a29811e794e88fd8cedd95cc'(sr.customer.coupon_class.rpc.1861f0d0a29811e794e88fd8cedd95cc)
[I] 16:52:58.952(0000000000119B90):[AMQP0]success declare queue 'sr.customer.coupon.rpc.186217e0a29811e794e88fd8cedd95cc'
[I] 16:52:58.954(0000000000119B90):[AMQP0]success consume 'sr.customer.coupon.rpc.186217e0a29811e794e88fd8cedd95cc'
[I] 16:52:58.965(0000000000119B90):[AMQP0]success binding 'amq.direct'->'sr.customer.coupon.rpc.186217e0a29811e794e88fd8cedd95cc'(sr.customer.coupon.rpc.186217e0a29811e794e88fd8cedd95cc)
[I] 16:52:58.968(0000000000119B90):[AMQP0]success declare queue 'cf.wxpay.rpc.186461d0a29811e794e88fd8cedd95cc'
[I] 16:52:58.970(0000000000119B90):[AMQP0]success consume 'cf.wxpay.rpc.186461d0a29811e794e88fd8cedd95cc'
[I] 16:52:58.973(0000000000119B90):[AMQP0]success binding 'amq.direct'->'cf.wxpay.rpc.186461d0a29811e794e88fd8cedd95cc'(cf.wxpay.rpc.186461d0a29811e794e88fd8cedd95cc)
[I] 16:52:58.977(0000000000119B90):[AMQP0]success declare queue 'cf.baidu.rpc.1869e010a29811e794e88fd8cedd95cc'
[I] 16:52:58.979(0000000000119B90):[AMQP0]success consume 'cf.baidu.rpc.1869e010a29811e794e88fd8cedd95cc'
[I] 16:52:58.981(0000000000119B90):[AMQP0]success binding 'amq.direct'->'cf.baidu.rpc.1869e010a29811e794e88fd8cedd95cc'(cf.baidu.rpc.1869e010a29811e794e88fd8cedd95cc)
[I] 16:52:58.985(0000000000119B90):[AMQP0]success declare queue 'sr.trade.rpc.1870e4f0a29811e794e88fd8cedd95cc'
[I] 16:52:58.986(0000000000119B90):[AMQP0]success consume 'sr.trade.rpc.1870e4f0a29811e794e88fd8cedd95cc'
[I] 16:52:58.988(0000000000119B90):[AMQP0]success binding 'amq.direct'->'sr.trade.rpc.1870e4f0a29811e794e88fd8cedd95cc'(sr.trade.rpc.1870e4f0a29811e794e88fd8cedd95cc)
[I] 16:52:59.034(000000000011A810):[AMQP0]created
[I] 16:52:59.043(000000000011A810):[AMQP0]declare queue 'cf.rpc.18a71020a29811e7ad993584579bdb99'
[I] 16:52:59.044(000000000011A810):[RPCC:cf.rpc]create rpc client 'cf.rpc' in conn AMQP0
[I] 16:52:59.155(000000000011A810):PBEncoder success load file 'E:\product\protocol\cf.proto.js'
[I] 16:52:59.156(000000000011A810):[AMQP0]declare queue 'cf.wechat.rpc.18b84e30a29811e7ad993584579bdb99'
[I] 16:52:59.156(000000000011A810):[RPCC:cf.wechat.rpc]create rpc client 'cf.wechat.rpc' in conn AMQP0
[I] 16:52:59.205(000000000011A810):PBEncoder success load file 'E:\product\protocol\cf_wechat.proto.js'
[I] 16:52:59.206(000000000011A810):[AMQP0]declare exchange 'cf.wechat.notify'
[I] 16:52:59.206(000000000011A810):[AMQP0]declare queue 'jiaxingwang.sc_admin.wechat.18c01660a29811e7ad993584579bdb99'
[I] 16:52:59.207(000000000011A810):[AMQP0]declare queue 'cf.app.rpc.18c03d70a29811e7ad993584579bdb99'
[I] 16:52:59.207(000000000011A810):[RPCC:cf.app.rpc]create rpc client 'cf.app.rpc' in conn AMQP0
[I] 16:52:59.222(000000000011A810):PBEncoder success load file 'E:\product\protocol\cf_app.proto.js'
[I] 16:52:59.223(000000000011A810):[AMQP0]declare queue 'cf.alipay.rpc.18c28760a29811e7ad993584579bdb99'
[I] 16:52:59.223(000000000011A810):[RPCC:cf.alipay.rpc]create rpc client 'cf.alipay.rpc' in conn AMQP0
[I] 16:52:59.230(000000000011A810):PBEncoder success load file 'E:\product\protocol\cf_alipay.proto.js'
[I] 16:52:59.230(000000000011A810):[AMQP0]declare queue 'cf.ding.rpc.18c3bfe0a29811e7ad993584579bdb99'
[I] 16:52:59.231(000000000011A810):[RPCC:cf.ding.rpc]create rpc client 'cf.ding.rpc' in conn AMQP0
[I] 16:52:59.240(000000000011A810):PBEncoder success load file 'E:\product\protocol\cf_ding.proto.js'
[I] 16:52:59.241(000000000011A810):[AMQP0]declare exchange 'cf.ding.notify'
[I] 16:52:59.241(000000000011A810):[AMQP0]declare queue 'jiaxingwang.sc_admin.ding.18c56d90a29811e7ad993584579bdb99'
[I] 16:52:59.241(000000000011A810):[AM]init and reload account!
[I] 16:52:59.245(000000000011A810):[AM]reload account success, account number is: 0
[I] 16:52:59.248(000000000011A810):[AMQP0]declare queue 'sr.customer.rpc.18c67f00a29811e7ad993584579bdb99'
[I] 16:52:59.248(000000000011A810):[RPCC:sr.customer.rpc]create rpc client 'sr.customer.rpc' in conn AMQP0
[I] 16:52:59.257(000000000011A810):PBEncoder success load file 'E:\product\protocol\sr_customer.proto.js'
[W] 16:52:59.257(000000000011A810):[AMQP0]rpc client 'cf.rpc' declare repeat!
[W] 16:52:59.257(000000000011A810):[AMQP0]rpc client 'cf.wechat.rpc' declare repeat!
[W] 16:52:59.258(000000000011A810):[AMQP0]rpc client 'cf.app.rpc' declare repeat!
[I] 16:52:59.416(000000000011A810):PBEncoder success load file 'E:\product\protocol\sc_system.proto.js'
[I] 16:52:59.459(000000000011A810):[AMQP1]created
[I] 16:52:59.459(000000000011A810):[AMQP1]declare exchange 'amq.direct'
[I] 16:52:59.460(000000000011A810):[AMQP1]declare queue 'cf.wechat.rpc.18e6d840a29811e7ad993584579bdb99'
[I] 16:52:59.460(000000000011A810):[RPCC:cf.wechat.rpc]create rpc client 'cf.wechat.rpc' in conn AMQP1
[I] 16:52:59.462(000000000011A810):[AMQP2]created
[I] 16:52:59.466(000000000011A810):[AMQP0]declare exchange 'amq.direct'
[I] 16:52:59.467(000000000011A810):[AMQP0]declare queue 'sc.task.rpc.18e7c2a0a29811e7ad993584579bdb99'
[I] 16:52:59.467(000000000011A810):[RPCC:sc.task.rpc]create rpc client 'sc.task.rpc' in conn AMQP0
[I] 16:52:59.474(000000000011A810):PBEncoder success load file 'E:\product\protocol\sc_task.proto.js'
[I] 16:52:59.495(000000000011A810):[AMQP0]declare queue 'sr.customer.tag.rpc.18ec2f70a29811e7ad993584579bdb99'
[I] 16:52:59.496(000000000011A810):[RPCC:sr.customer.tag.rpc]create rpc client 'sr.customer.tag.rpc' in conn AMQP0
[I] 16:52:59.496(000000000011A810):[AMQP0]declare queue 'sr.customer.point.rpc.18ec5680a29811e7ad993584579bdb99'
[I] 16:52:59.496(000000000011A810):[RPCC:sr.customer.point.rpc]create rpc client 'sr.customer.point.rpc' in conn AMQP0
[I] 16:52:59.509(000000000011A810):PBEncoder success load file 'E:\product\protocol\sr_customer_point.proto.js'
[I] 16:52:59.514(000000000011A810):PBEncoder success load file 'E:\product\protocol\sr_customer_tag.proto.js'
[W] 16:52:59.523(000000000011A810):[AMQP0]rpc client 'cf.wechat.rpc' declare repeat!
[I] 16:52:59.523(000000000011A810):[AMQP0]declare queue 'sr.customer.coupon_class.rpc.18f07530a29811e7ad993584579bdb99'
[I] 16:52:59.523(000000000011A810):[RPCC:sr.customer.coupon_class.rpc]create rpc client 'sr.customer.coupon_class.rpc' in conn AMQP0
[I] 16:52:59.524(000000000011A810):[AMQP0]declare queue 'sr.customer.coupon.rpc.18f09c40a29811e7ad993584579bdb99'
[I] 16:52:59.524(000000000011A810):[RPCC:sr.customer.coupon.rpc]create rpc client 'sr.customer.coupon.rpc' in conn AMQP0
[I] 16:52:59.535(000000000011A810):PBEncoder success load file 'E:\product\protocol\sr_customer_coupon.proto.js'
[W] 16:52:59.536(000000000011A810):[AMQP0]rpc client 'cf.wechat.rpc' declare repeat!
[I] 16:52:59.536(000000000011A810):[AMQP0]declare queue 'cf.wxpay.rpc.18f27100a29811e7ad993584579bdb99'
[I] 16:52:59.536(000000000011A810):[RPCC:cf.wxpay.rpc]create rpc client 'cf.wxpay.rpc' in conn AMQP0
[I] 16:52:59.549(000000000011A810):PBEncoder success load file 'E:\product\protocol\cf_wxpay.proto.js'
[W] 16:52:59.549(000000000011A810):[AMQP0]rpc client 'sr.customer.point.rpc' declare repeat!
[W] 16:52:59.556(000000000011A810):[AMQP0]exchange amq.direct already declare!!
[W] 16:52:59.556(000000000011A810):[AMQP0]rpc client 'sr.customer.rpc' declare repeat!
[W] 16:52:59.557(000000000011A810):[AMQP0]rpc client 'sr.customer.coupon.rpc' declare repeat!
[W] 16:52:59.557(000000000011A810):[AMQP0]rpc client 'cf.wechat.rpc' declare repeat!
[W] 16:52:59.559(000000000011A810):[AMQP0]exchange amq.direct already declare!!
[I] 16:52:59.559(000000000011A810):[AMQP0]declare queue 'cf.baidu.rpc.18f5f370a29811e7ad993584579bdb99'
[I] 16:52:59.559(000000000011A810):[RPCC:cf.baidu.rpc]create rpc client 'cf.baidu.rpc' in conn AMQP0
[I] 16:52:59.563(000000000011A810):PBEncoder success load file 'E:\product\protocol\cf_baidu.proto.js'
[I] 16:52:59.567(000000000011A810):[AMQP3]created
[I] 16:52:59.575(000000000011A810):[AMQP4]created
[I] 16:52:59.576(000000000011A810):[AMQP4]declare exchange 'amq.direct'
[I] 16:52:59.576(000000000011A810):[AMQP4]declare queue 'cf.app.rpc.18f88b80a29811e7ad993584579bdb99'
[I] 16:52:59.577(000000000011A810):[RPCC:cf.app.rpc]create rpc client 'cf.app.rpc' in conn AMQP4
[I] 16:52:59.577(000000000011A810):[AMQP4]declare queue 'cf.wechat.rpc.18f8b290a29811e7ad993584579bdb99'
[I] 16:52:59.577(000000000011A810):[RPCC:cf.wechat.rpc]create rpc client 'cf.wechat.rpc' in conn AMQP4
[I] 16:52:59.577(000000000011A810):[AMQP4]declare queue 'cf.rpc.18f8b291a29811e7ad993584579bdb99'
[I] 16:52:59.577(000000000011A810):[RPCC:cf.rpc]create rpc client 'cf.rpc' in conn AMQP4
[I] 16:52:59.578(000000000011A810):[AMQP4]declare queue 'sc.task.rpc.18f8d9a0a29811e7ad993584579bdb99'
[I] 16:52:59.578(000000000011A810):[RPCC:sc.task.rpc]create rpc client 'sc.task.rpc' in conn AMQP4
[I] 16:52:59.580(000000000011A810):[AMQP5]created
[I] 16:52:59.581(000000000011A810):[AMQP5]declare exchange 'amq.direct'
[I] 16:52:59.581(000000000011A810):[AMQP5]declare queue 'cf.wechat.rpc.18f94ed0a29811e7ad993584579bdb99'
[I] 16:52:59.581(000000000011A810):[RPCC:cf.wechat.rpc]create rpc client 'cf.wechat.rpc' in conn AMQP5
[W] 16:52:59.583(000000000011A810):[AMQP0]rpc client 'sr.customer.point.rpc' declare repeat!
[I] 16:52:59.585(000000000011A810):[AMQP6]created
[I] 16:52:59.586(000000000011A810):[AMQP6]declare exchange 'amq.direct'
[I] 16:52:59.586(000000000011A810):[AMQP6]declare queue 'cf.wechat.rpc.18fa1220a29811e7ad993584579bdb99'
[I] 16:52:59.586(000000000011A810):[RPCC:cf.wechat.rpc]create rpc client 'cf.wechat.rpc' in conn AMQP6
[I] 16:52:59.591(000000000011A810):[AMQP7]created
[I] 16:52:59.591(000000000011A810):[AMQP7]declare exchange 'amq.direct'
[I] 16:52:59.592(000000000011A810):[AMQP7]declare queue 'sc.task.rpc.18fafc80a29811e7ad993584579bdb99'
[I] 16:52:59.592(000000000011A810):[RPCC:sc.task.rpc]create rpc client 'sc.task.rpc' in conn AMQP7
[I] 16:52:59.592(000000000011A810):[AMQP7]declare queue 'sr.customer.rewardfail.18fafc81a29811e7ad993584579bdb99'
[I] 16:52:59.592(000000000011A810):[RPCC:sr.customer.rewardfail]create rpc client 'sr.customer.rewardfail' in conn AMQP7
[W] 16:52:59.596(000000000011A810):[AMQP0]exchange amq.direct already declare!!
[W] 16:52:59.596(000000000011A810):[AMQP0]rpc client 'sr.customer.tag.rpc' declare repeat!
[W] 16:52:59.596(000000000011A810):[AMQP0]rpc client 'sc.task.rpc' declare repeat!
[W] 16:52:59.598(000000000011A810):[AMQP0]exchange amq.direct already declare!!
[I] 16:52:59.598(000000000011A810):[AMQP0]declare queue 'sr.trade.rpc.18fbe6e0a29811e7ad993584579bdb99'
[I] 16:52:59.599(000000000011A810):[RPCC:sr.trade.rpc]create rpc client 'sr.trade.rpc' in conn AMQP0
[I] 16:52:59.602(000000000011A810):PBEncoder success load file 'E:\product\protocol\sr_trade.proto.js'
[I] 16:52:59.605(000000000011A810):[AMQP8]created
[I] 16:52:59.605(000000000011A810):[AMQP8]declare exchange 'amq.direct'
[I] 16:52:59.606(000000000011A810):[AMQP8]declare queue 'cf.wechat.rpc.18fcf850a29811e7ad993584579bdb99'
[I] 16:52:59.606(000000000011A810):[RPCC:cf.wechat.rpc]create rpc client 'cf.wechat.rpc' in conn AMQP8
[T] 16:52:59.625(000000000011A810):Http is running,port is 18910
[I] 16:52:59.630(000000000011A810):[redis]redis connect
[I] 16:52:59.645(000000000011A810):[redis]redis ready
[I] 16:52:59.648(000000000011A810):[MP1]create connection #0
[T] 16:52:59.648(000000000011A810):[MP1]getConnection success,getIndex=0
[I] 16:52:59.649(000000000011A810):[MP1]create connection #1
[T] 16:52:59.649(000000000011A810):[MP1]getConnection success,getIndex=1
[T] 16:52:59.661(000000000011A810):[MySQL]Query success,used time:10 ms,sql="select * from cf_account where enabled=1 and function_mask like \"1%\""
[T] 16:52:59.668(000000000011A810):[MySQL]Query success,used time:15 ms,sql="SELECT * FROM `sc_org`"
[T] 16:52:59.669(000000000011A810):getConnection release,getIndex=0
[T] 16:52:59.670(000000000011A810):getConnection release,getIndex=1
[I] 16:52:59.670(000000000011A810):[AM]get account list success: [{"innerid":"HEDV35FASG-DGW423A-34TGGW53AAD66","name":"乐逛演示","org_id":"1","shop_id":null,"settlement_id":null,"method_code":1,"method_code_key":"wechat_test3_1","function_mask":"10","config":"{\"accountid\":\"gh_92368265694f\",\"fee_type\":\"CNY\",\"appid\":\"wx39bf9ff3da6fc1e7\",\"appsecret\":\"e00fc51118b318fb99cff35d217865fc\",\"mch_id\":\"1287801701\",\"sub_mch_id\":\"\",\"sign_key\":\"smartpaysmartpaysmartpaysmartpay\",\"key_file\":\"apiclient_key.pem\",\"cert_file\":\"apiclient_cert.pem\",\"pay_authorization_dir\":[\"\",\"\",\"\"],\"pay_native_callback\":\"\",\"pay_finish_notify\":\"1\",\"pay_alarm_notify\":\"\"}","enabled":1,"desc":null},{"innerid":"SE43RG3ASG-34GWW55A-34TG43HER452","name":"短信测试一","org_id":"1","shop_id":null,"settlement_id":null,"method_code":2,"method_code_key":"wechat_test1_2","function_mask":"10","config":"{\"url\" : \"http://211.147.239.62:9050/cgi-bin/sendsms\",\"username\" : \"shopperconnect@smartac\",\"password\" : \"shopCNT@smartc2016\"}","enabled":1,"desc":null},{"innerid":"SMFGSW423GWS-G43HTEHE2-HHEDR5462HS","name":"邮件测试一","org_id":"1","shop_id":null,"settlement_id":null,"method_code":3,"method_code_key":"wechat_test1_3","function_mask":"10","config":"{\"smtpserver\" : \"smtp.163.com\",\"port\": 25,\"username\" : \"zyqtest5@163.com\",\"password\" : \"zyqtest5881119\",\"SSL\":false}","enabled":1,"desc":null}]
[I] 16:52:59.699(000000000011A810):[AMQP0]AMQP0 connect 'amqp://guest:guest@172.16.0.81:5672' success!
[I] 16:52:59.703(000000000011A810):[AMQP1]AMQP1 connect 'amqp://guest:guest@172.16.0.81:5672' success!
[I] 16:52:59.704(000000000011A810):[AMQP7]AMQP7 connect 'amqp://guest:guest@172.16.0.81:5672' success!
[I] 16:52:59.705(000000000011A810):[AMQP4]AMQP4 connect 'amqp://guest:guest@172.16.0.81:5672' success!
[I] 16:52:59.706(000000000011A810):[AMQP5]AMQP5 connect 'amqp://guest:guest@172.16.0.81:5672' success!
[I] 16:52:59.706(000000000011A810):[AMQP6]AMQP6 connect 'amqp://guest:guest@172.16.0.81:5672' success!
[I] 16:52:59.707(000000000011A810):[AMQP8]AMQP8 connect 'amqp://guest:guest@172.16.0.81:5672' success!
[I] 16:52:59.721(000000000011A810):[AMQP0]success declare queue 'cf.rpc.18a71020a29811e7ad993584579bdb99'
[I] 16:52:59.721(000000000011A810):[AMQP5]success declare exchange 'amq.direct'
[I] 16:52:59.722(000000000011A810):[AMQP7]success declare exchange 'amq.direct'
[I] 16:52:59.724(000000000011A810):[AMQP8]success declare exchange 'amq.direct'
[I] 16:52:59.724(000000000011A810):[AMQP1]success declare exchange 'amq.direct'
[I] 16:52:59.725(000000000011A810):[AMQP4]success declare exchange 'amq.direct'
[I] 16:52:59.726(000000000011A810):[AMQP6]success declare exchange 'amq.direct'
[I] 16:52:59.727(000000000011A810):[AMQP0]success consume 'cf.rpc.18a71020a29811e7ad993584579bdb99'
[I] 16:52:59.731(000000000011A810):[AMQP5]success declare queue 'cf.wechat.rpc.18f94ed0a29811e7ad993584579bdb99'
[I] 16:52:59.731(000000000011A810):[AMQP0]success binding 'amq.direct'->'cf.rpc.18a71020a29811e7ad993584579bdb99'(cf.rpc.18a71020a29811e7ad993584579bdb99)
[I] 16:52:59.732(000000000011A810):[AMQP7]success declare queue 'sc.task.rpc.18fafc80a29811e7ad993584579bdb99'
[I] 16:52:59.733(000000000011A810):[AMQP4]success declare queue 'cf.app.rpc.18f88b80a29811e7ad993584579bdb99'
[I] 16:52:59.733(000000000011A810):[AMQP5]success consume 'cf.wechat.rpc.18f94ed0a29811e7ad993584579bdb99'
[I] 16:52:59.734(000000000011A810):[AMQP1]success declare queue 'cf.wechat.rpc.18e6d840a29811e7ad993584579bdb99'
[I] 16:52:59.735(000000000011A810):[AMQP6]success declare queue 'cf.wechat.rpc.18fa1220a29811e7ad993584579bdb99'
[I] 16:52:59.735(000000000011A810):[AMQP8]success declare queue 'cf.wechat.rpc.18fcf850a29811e7ad993584579bdb99'
[I] 16:52:59.736(000000000011A810):[AMQP7]success consume 'sc.task.rpc.18fafc80a29811e7ad993584579bdb99'
[I] 16:52:59.736(000000000011A810):[AMQP0]success declare queue 'cf.wechat.rpc.18b84e30a29811e7ad993584579bdb99'
[I] 16:52:59.738(000000000011A810):[AMQP4]success consume 'cf.app.rpc.18f88b80a29811e7ad993584579bdb99'
[I] 16:52:59.738(000000000011A810):[AMQP1]success consume 'cf.wechat.rpc.18e6d840a29811e7ad993584579bdb99'
[I] 16:52:59.739(000000000011A810):[AMQP5]success binding 'amq.direct'->'cf.wechat.rpc.18f94ed0a29811e7ad993584579bdb99'(cf.wechat.rpc.18f94ed0a29811e7ad993584579bdb99)
[I] 16:52:59.739(000000000011A810):[AMQP8]success consume 'cf.wechat.rpc.18fcf850a29811e7ad993584579bdb99'
[I] 16:52:59.740(000000000011A810):[AMQP6]success consume 'cf.wechat.rpc.18fa1220a29811e7ad993584579bdb99'
[I] 16:52:59.741(000000000011A810):[AMQP7]success binding 'amq.direct'->'sc.task.rpc.18fafc80a29811e7ad993584579bdb99'(sc.task.rpc.18fafc80a29811e7ad993584579bdb99)
[I] 16:52:59.742(000000000011A810):[AMQP0]success consume 'cf.wechat.rpc.18b84e30a29811e7ad993584579bdb99'
[I] 16:52:59.742(000000000011A810):[AMQP1]success binding 'amq.direct'->'cf.wechat.rpc.18e6d840a29811e7ad993584579bdb99'(cf.wechat.rpc.18e6d840a29811e7ad993584579bdb99)
[I] 16:52:59.743(000000000011A810):[AMQP4]success binding 'amq.direct'->'cf.app.rpc.18f88b80a29811e7ad993584579bdb99'(cf.app.rpc.18f88b80a29811e7ad993584579bdb99)
[I] 16:52:59.743(000000000011A810):[AMQP8]success binding 'amq.direct'->'cf.wechat.rpc.18fcf850a29811e7ad993584579bdb99'(cf.wechat.rpc.18fcf850a29811e7ad993584579bdb99)
[I] 16:52:59.744(000000000011A810):[AMQP6]success binding 'amq.direct'->'cf.wechat.rpc.18fa1220a29811e7ad993584579bdb99'(cf.wechat.rpc.18fa1220a29811e7ad993584579bdb99)
[I] 16:52:59.745(000000000011A810):[AMQP0]success binding 'amq.direct'->'cf.wechat.rpc.18b84e30a29811e7ad993584579bdb99'(cf.wechat.rpc.18b84e30a29811e7ad993584579bdb99)
[I] 16:52:59.745(000000000011A810):[AMQP7]success declare queue 'sr.customer.rewardfail.18fafc81a29811e7ad993584579bdb99'
[I] 16:52:59.747(000000000011A810):[AMQP0]success declare exchange 'cf.wechat.notify'
[I] 16:52:59.747(000000000011A810):[AMQP4]success declare queue 'cf.wechat.rpc.18f8b290a29811e7ad993584579bdb99'
[I] 16:52:59.748(000000000011A810):[AMQP7]success consume 'sr.customer.rewardfail.18fafc81a29811e7ad993584579bdb99'
[I] 16:52:59.749(000000000011A810):[AMQP4]success consume 'cf.wechat.rpc.18f8b290a29811e7ad993584579bdb99'
[I] 16:52:59.750(000000000011A810):[AMQP7]success binding 'amq.direct'->'sr.customer.rewardfail.18fafc81a29811e7ad993584579bdb99'(sr.customer.rewardfail.18fafc81a29811e7ad993584579bdb99)
[I] 16:52:59.751(000000000011A810):[AMQP0]success declare queue 'jiaxingwang.sc_admin.wechat.18c01660a29811e7ad993584579bdb99'
[I] 16:52:59.752(000000000011A810):[AMQP4]success binding 'amq.direct'->'cf.wechat.rpc.18f8b290a29811e7ad993584579bdb99'(cf.wechat.rpc.18f8b290a29811e7ad993584579bdb99)
[I] 16:52:59.753(000000000011A810):[AMQP0]success consume 'jiaxingwang.sc_admin.wechat.18c01660a29811e7ad993584579bdb99'
[I] 16:52:59.755(000000000011A810):[AMQP4]success declare queue 'cf.rpc.18f8b291a29811e7ad993584579bdb99'
[I] 16:52:59.756(000000000011A810):[AMQP0]success binding 'cf.wechat.notify'->'jiaxingwang.sc_admin.wechat.18c01660a29811e7ad993584579bdb99'(#)
[I] 16:52:59.757(000000000011A810):[AMQP4]success consume 'cf.rpc.18f8b291a29811e7ad993584579bdb99'
[I] 16:52:59.760(000000000011A810):[AMQP0]success declare queue 'cf.app.rpc.18c03d70a29811e7ad993584579bdb99'
[I] 16:52:59.762(000000000011A810):[AMQP4]success binding 'amq.direct'->'cf.rpc.18f8b291a29811e7ad993584579bdb99'(cf.rpc.18f8b291a29811e7ad993584579bdb99)
[I] 16:52:59.762(000000000011A810):[AMQP0]success consume 'cf.app.rpc.18c03d70a29811e7ad993584579bdb99'
[I] 16:52:59.765(000000000011A810):[AMQP4]success declare queue 'sc.task.rpc.18f8d9a0a29811e7ad993584579bdb99'
[I] 16:52:59.767(000000000011A810):[AMQP0]success binding 'amq.direct'->'cf.app.rpc.18c03d70a29811e7ad993584579bdb99'(cf.app.rpc.18c03d70a29811e7ad993584579bdb99)
[I] 16:52:59.768(000000000011A810):[AMQP4]success consume 'sc.task.rpc.18f8d9a0a29811e7ad993584579bdb99'
[I] 16:52:59.771(000000000011A810):[AMQP4]success binding 'amq.direct'->'sc.task.rpc.18f8d9a0a29811e7ad993584579bdb99'(sc.task.rpc.18f8d9a0a29811e7ad993584579bdb99)
[I] 16:52:59.771(000000000011A810):[AMQP0]success declare queue 'cf.alipay.rpc.18c28760a29811e7ad993584579bdb99'
[I] 16:52:59.773(000000000011A810):[AMQP0]success consume 'cf.alipay.rpc.18c28760a29811e7ad993584579bdb99'
[I] 16:52:59.776(000000000011A810):[AMQP0]success binding 'amq.direct'->'cf.alipay.rpc.18c28760a29811e7ad993584579bdb99'(cf.alipay.rpc.18c28760a29811e7ad993584579bdb99)
[I] 16:52:59.779(000000000011A810):[AMQP0]success declare queue 'cf.ding.rpc.18c3bfe0a29811e7ad993584579bdb99'
[I] 16:52:59.781(000000000011A810):[AMQP0]success consume 'cf.ding.rpc.18c3bfe0a29811e7ad993584579bdb99'
[I] 16:52:59.783(000000000011A810):[AMQP0]success binding 'amq.direct'->'cf.ding.rpc.18c3bfe0a29811e7ad993584579bdb99'(cf.ding.rpc.18c3bfe0a29811e7ad993584579bdb99)
[I] 16:52:59.785(000000000011A810):[AMQP0]success declare exchange 'cf.ding.notify'
[I] 16:52:59.789(000000000011A810):[AMQP0]success declare queue 'jiaxingwang.sc_admin.ding.18c56d90a29811e7ad993584579bdb99'
[I] 16:52:59.791(000000000011A810):[AMQP0]success consume 'jiaxingwang.sc_admin.ding.18c56d90a29811e7ad993584579bdb99'
[I] 16:52:59.793(000000000011A810):[AMQP0]success binding 'cf.ding.notify'->'jiaxingwang.sc_admin.ding.18c56d90a29811e7ad993584579bdb99'(#)
[I] 16:52:59.796(000000000011A810):[AMQP0]success declare queue 'sr.customer.rpc.18c67f00a29811e7ad993584579bdb99'
[I] 16:52:59.799(000000000011A810):[AMQP0]success consume 'sr.customer.rpc.18c67f00a29811e7ad993584579bdb99'
[I] 16:52:59.802(000000000011A810):[AMQP0]success binding 'amq.direct'->'sr.customer.rpc.18c67f00a29811e7ad993584579bdb99'(sr.customer.rpc.18c67f00a29811e7ad993584579bdb99)
[I] 16:52:59.803(000000000011A810):[AMQP0]success declare exchange 'amq.direct'
[I] 16:52:59.806(000000000011A810):[AMQP0]success declare queue 'sc.task.rpc.18e7c2a0a29811e7ad993584579bdb99'
[I] 16:52:59.808(000000000011A810):[AMQP0]success consume 'sc.task.rpc.18e7c2a0a29811e7ad993584579bdb99'
[I] 16:52:59.810(000000000011A810):[AMQP0]success binding 'amq.direct'->'sc.task.rpc.18e7c2a0a29811e7ad993584579bdb99'(sc.task.rpc.18e7c2a0a29811e7ad993584579bdb99)
[I] 16:52:59.814(000000000011A810):[AMQP0]success declare queue 'sr.customer.tag.rpc.18ec2f70a29811e7ad993584579bdb99'
[I] 16:52:59.816(000000000011A810):[AMQP0]success consume 'sr.customer.tag.rpc.18ec2f70a29811e7ad993584579bdb99'
[I] 16:52:59.819(000000000011A810):[AMQP0]success binding 'amq.direct'->'sr.customer.tag.rpc.18ec2f70a29811e7ad993584579bdb99'(sr.customer.tag.rpc.18ec2f70a29811e7ad993584579bdb99)
[I] 16:52:59.822(000000000011A810):[AMQP0]success declare queue 'sr.customer.point.rpc.18ec5680a29811e7ad993584579bdb99'
[I] 16:52:59.825(000000000011A810):[AMQP0]success consume 'sr.customer.point.rpc.18ec5680a29811e7ad993584579bdb99'
[I] 16:52:59.828(000000000011A810):[AMQP0]success binding 'amq.direct'->'sr.customer.point.rpc.18ec5680a29811e7ad993584579bdb99'(sr.customer.point.rpc.18ec5680a29811e7ad993584579bdb99)
[I] 16:52:59.832(000000000011A810):[AMQP0]success declare queue 'sr.customer.coupon_class.rpc.18f07530a29811e7ad993584579bdb99'
[I] 16:52:59.835(000000000011A810):[AMQP0]success consume 'sr.customer.coupon_class.rpc.18f07530a29811e7ad993584579bdb99'
[I] 16:52:59.838(000000000011A810):[AMQP0]success binding 'amq.direct'->'sr.customer.coupon_class.rpc.18f07530a29811e7ad993584579bdb99'(sr.customer.coupon_class.rpc.18f07530a29811e7ad993584579bdb99)
[I] 16:52:59.842(000000000011A810):[AMQP0]success declare queue 'sr.customer.coupon.rpc.18f09c40a29811e7ad993584579bdb99'
[I] 16:52:59.844(000000000011A810):[AMQP0]success consume 'sr.customer.coupon.rpc.18f09c40a29811e7ad993584579bdb99'
[I] 16:52:59.847(000000000011A810):[AMQP0]success binding 'amq.direct'->'sr.customer.coupon.rpc.18f09c40a29811e7ad993584579bdb99'(sr.customer.coupon.rpc.18f09c40a29811e7ad993584579bdb99)
[I] 16:52:59.850(000000000011A810):[AMQP0]success declare queue 'cf.wxpay.rpc.18f27100a29811e7ad993584579bdb99'
[I] 16:52:59.853(000000000011A810):[AMQP0]success consume 'cf.wxpay.rpc.18f27100a29811e7ad993584579bdb99'
[I] 16:52:59.855(000000000011A810):[AMQP0]success binding 'amq.direct'->'cf.wxpay.rpc.18f27100a29811e7ad993584579bdb99'(cf.wxpay.rpc.18f27100a29811e7ad993584579bdb99)
[I] 16:52:59.859(000000000011A810):[AMQP0]success declare queue 'cf.baidu.rpc.18f5f370a29811e7ad993584579bdb99'
[I] 16:52:59.862(000000000011A810):[AMQP0]success consume 'cf.baidu.rpc.18f5f370a29811e7ad993584579bdb99'
[I] 16:52:59.864(000000000011A810):[AMQP0]success binding 'amq.direct'->'cf.baidu.rpc.18f5f370a29811e7ad993584579bdb99'(cf.baidu.rpc.18f5f370a29811e7ad993584579bdb99)
[I] 16:52:59.867(000000000011A810):[AMQP0]success declare queue 'sr.trade.rpc.18fbe6e0a29811e7ad993584579bdb99'
[I] 16:52:59.869(000000000011A810):[AMQP0]success consume 'sr.trade.rpc.18fbe6e0a29811e7ad993584579bdb99'
[I] 16:52:59.871(000000000011A810):[AMQP0]success binding 'amq.direct'->'sr.trade.rpc.18fbe6e0a29811e7ad993584579bdb99'(sr.trade.rpc.18fbe6e0a29811e7ad993584579bdb99)
[W] 16:53:18.154(0000000000119A28):recv 'Ctrl+C' break sign!next exit!
[D] 16:53:18.164(0000000000119A28):worker process log socket error!err=Error: read ECONNRESET
    at exports._errnoException (util.js:890:11)
    at TCP.onread (net.js:550:26)
[D] 16:53:18.165(0000000000119A28):worker process log socket close!
[D] 16:53:18.174(0000000000119A28):worker process log socket error!err=Error: read ECONNRESET
    at exports._errnoException (util.js:890:11)
    at TCP.onread (net.js:550:26)
[D] 16:53:18.174(0000000000119A28):worker process log socket close!
[W] 16:53:18.176(0000000000119A28):worker 119B90(1#) died.
[D] 16:53:18.176(0000000000119A28):worker process log socket error!err=Error: read ECONNRESET
    at exports._errnoException (util.js:890:11)
    at TCP.onread (net.js:550:26)
[W] 16:53:18.177(0000000000119A28):worker 122224(0#) died.
[D] 16:53:18.177(0000000000119A28):worker process log socket close!
[W] 16:53:18.185(0000000000119A28):worker 11A810(2#) died.
[W] 16:53:18.488(0000000000119A28):try restart worker 0# ...
[I] 16:53:18.551(0000000000119A28):start worker success,pid=11A80C(0#)
