[D] 17:16:54.323(0000000000137708):master log socket server started! host=::, port=45211
[I] 17:16:54.334(0000000000137708):master log channel started!port=45211
[W] 17:16:55.334(0000000000137708):try restart worker 0# ...
[I] 17:16:55.348(0000000000137708):start worker success,pid=137C20(0#)
[D] 17:16:56.030(0000000000137708):worker process log socket connected!
[D] 17:16:56.021(0000000000137C20):worker 0# ready to connect master log socket server, port=45211
[D] 17:16:56.031(0000000000137C20):worker 0# log socket connected!
[W] 17:16:56.362(0000000000137708):try restart worker 1# ...
[I] 17:16:56.369(0000000000137708):start worker success,pid=1380A8(1#)
[I] 17:16:56.673(0000000000137C20):[AMQP0]created
[I] 17:16:56.684(0000000000137C20):[AMQP0]declare queue 'cf.rpc.718dabb0a29b11e79df26b624bcde8cd'
[I] 17:16:56.685(0000000000137C20):[RPCC:cf.rpc]create rpc client 'cf.rpc' in conn AMQP0
[I] 17:16:56.818(0000000000137C20):PBEncoder success load file 'E:\product\protocol\cf.proto.js'
[I] 17:16:56.819(0000000000137C20):[AMQP0]declare queue 'cf.wechat.rpc.71a26c30a29b11e79df26b624bcde8cd'
[I] 17:16:56.819(0000000000137C20):[RPCC:cf.wechat.rpc]create rpc client 'cf.wechat.rpc' in conn AMQP0
[I] 17:16:56.892(0000000000137C20):PBEncoder success load file 'E:\product\protocol\cf_wechat.proto.js'
[I] 17:16:56.894(0000000000137C20):[AMQP0]declare exchange 'cf.wechat.notify'
[I] 17:16:56.903(0000000000137C20):[AMQP0]declare queue 'jiaxingwang.sc_admin.wechat.71af3d70a29b11e79df26b624bcde8cd'
[I] 17:16:56.904(0000000000137C20):[AMQP0]declare queue 'cf.app.rpc.71af6480a29b11e79df26b624bcde8cd'
[I] 17:16:56.904(0000000000137C20):[RPCC:cf.app.rpc]create rpc client 'cf.app.rpc' in conn AMQP0
[I] 17:16:56.910(0000000000137C20):PBEncoder success load file 'E:\product\protocol\cf_app.proto.js'
[I] 17:16:56.913(0000000000137C20):[AMQP0]declare queue 'cf.alipay.rpc.71b0c410a29b11e79df26b624bcde8cd'
[I] 17:16:56.913(0000000000137C20):[RPCC:cf.alipay.rpc]create rpc client 'cf.alipay.rpc' in conn AMQP0
[I] 17:16:56.937(0000000000137C20):PBEncoder success load file 'E:\product\protocol\cf_alipay.proto.js'
[I] 17:16:56.938(0000000000137C20):[AMQP0]declare queue 'cf.ding.rpc.71b494a0a29b11e79df26b624bcde8cd'
[I] 17:16:56.938(0000000000137C20):[RPCC:cf.ding.rpc]create rpc client 'cf.ding.rpc' in conn AMQP0
[I] 17:16:56.949(0000000000137C20):PBEncoder success load file 'E:\product\protocol\cf_ding.proto.js'
[I] 17:16:56.950(0000000000137C20):[AMQP0]declare exchange 'cf.ding.notify'
[I] 17:16:56.950(0000000000137C20):[AMQP0]declare queue 'jiaxingwang.sc_admin.ding.71b66960a29b11e79df26b624bcde8cd'
[I] 17:16:56.950(0000000000137C20):[AM]init and reload account!
[I] 17:16:56.955(0000000000137C20):[AM]reload account success, account number is: 0
[I] 17:16:56.958(0000000000137C20):[AMQP0]declare queue 'sr.customer.rpc.71b7a1e0a29b11e79df26b624bcde8cd'
[I] 17:16:56.958(0000000000137C20):[RPCC:sr.customer.rpc]create rpc client 'sr.customer.rpc' in conn AMQP0
[I] 17:16:56.968(0000000000137C20):PBEncoder success load file 'E:\product\protocol\sr_customer.proto.js'
[W] 17:16:56.969(0000000000137C20):[AMQP0]rpc client 'cf.rpc' declare repeat!
[W] 17:16:56.969(0000000000137C20):[AMQP0]rpc client 'cf.wechat.rpc' declare repeat!
[W] 17:16:56.969(0000000000137C20):[AMQP0]rpc client 'cf.app.rpc' declare repeat!
[I] 17:16:57.136(0000000000137C20):PBEncoder success load file 'E:\product\protocol\sc_system.proto.js'
[D] 17:16:57.149(0000000000137708):worker process log socket connected!
[D] 17:16:57.139(00000000001380A8):worker 1# ready to connect master log socket server, port=45211
[D] 17:16:57.150(00000000001380A8):worker 1# log socket connected!
[I] 17:16:57.187(0000000000137C20):[AMQP1]created
[I] 17:16:57.188(0000000000137C20):[AMQP1]declare exchange 'amq.direct'
[I] 17:16:57.189(0000000000137C20):[AMQP1]declare queue 'cf.wechat.rpc.71dae150a29b11e79df26b624bcde8cd'
[I] 17:16:57.189(0000000000137C20):[RPCC:cf.wechat.rpc]create rpc client 'cf.wechat.rpc' in conn AMQP1
[I] 17:16:57.190(0000000000137C20):[AMQP2]created
[I] 17:16:57.195(0000000000137C20):[AMQP0]declare exchange 'amq.direct'
[I] 17:16:57.196(0000000000137C20):[AMQP0]declare queue 'sc.task.rpc.71dbf2c0a29b11e79df26b624bcde8cd'
[I] 17:16:57.197(0000000000137C20):[RPCC:sc.task.rpc]create rpc client 'sc.task.rpc' in conn AMQP0
[I] 17:16:57.206(0000000000137C20):PBEncoder success load file 'E:\product\protocol\sc_task.proto.js'
[I] 17:16:57.233(0000000000137C20):[AMQP0]declare queue 'sr.customer.tag.rpc.71e17100a29b11e79df26b624bcde8cd'
[I] 17:16:57.233(0000000000137C20):[RPCC:sr.customer.tag.rpc]create rpc client 'sr.customer.tag.rpc' in conn AMQP0
[I] 17:16:57.233(0000000000137C20):[AMQP0]declare queue 'sr.customer.point.rpc.71e19810a29b11e79df26b624bcde8cd'
[I] 17:16:57.234(0000000000137C20):[RPCC:sr.customer.point.rpc]create rpc client 'sr.customer.point.rpc' in conn AMQP0
[I] 17:16:57.252(0000000000137C20):PBEncoder success load file 'E:\product\protocol\sr_customer_point.proto.js'
[I] 17:16:57.258(0000000000137C20):PBEncoder success load file 'E:\product\protocol\sr_customer_tag.proto.js'
[W] 17:16:57.268(0000000000137C20):[AMQP0]rpc client 'cf.wechat.rpc' declare repeat!
[I] 17:16:57.269(0000000000137C20):[AMQP0]declare queue 'sr.customer.coupon_class.rpc.71e71650a29b11e79df26b624bcde8cd'
[I] 17:16:57.269(0000000000137C20):[RPCC:sr.customer.coupon_class.rpc]create rpc client 'sr.customer.coupon_class.rpc' in conn AMQP0
[I] 17:16:57.269(0000000000137C20):[AMQP0]declare queue 'sr.customer.coupon.rpc.71e71651a29b11e79df26b624bcde8cd'
[I] 17:16:57.270(0000000000137C20):[RPCC:sr.customer.coupon.rpc]create rpc client 'sr.customer.coupon.rpc' in conn AMQP0
[I] 17:16:57.285(0000000000137C20):PBEncoder success load file 'E:\product\protocol\sr_customer_coupon.proto.js'
[W] 17:16:57.285(0000000000137C20):[AMQP0]rpc client 'cf.wechat.rpc' declare repeat!
[I] 17:16:57.285(0000000000137C20):[AMQP0]declare queue 'cf.wxpay.rpc.71e98750a29b11e79df26b624bcde8cd'
[I] 17:16:57.285(0000000000137C20):[RPCC:cf.wxpay.rpc]create rpc client 'cf.wxpay.rpc' in conn AMQP0
[I] 17:16:57.339(0000000000137C20):PBEncoder success load file 'E:\product\protocol\cf_wxpay.proto.js'
[W] 17:16:57.340(0000000000137C20):[AMQP0]rpc client 'sr.customer.point.rpc' declare repeat!
[W] 17:16:57.349(0000000000137C20):[AMQP0]exchange amq.direct already declare!!
[W] 17:16:57.349(0000000000137C20):[AMQP0]rpc client 'sr.customer.rpc' declare repeat!
[W] 17:16:57.349(0000000000137C20):[AMQP0]rpc client 'sr.customer.coupon.rpc' declare repeat!
[W] 17:16:57.350(0000000000137C20):[AMQP0]rpc client 'cf.wechat.rpc' declare repeat!
[W] 17:16:57.351(0000000000137C20):[AMQP0]exchange amq.direct already declare!!
[I] 17:16:57.352(0000000000137C20):[AMQP0]declare queue 'cf.baidu.rpc.71f3c080a29b11e79df26b624bcde8cd'
[I] 17:16:57.352(0000000000137C20):[RPCC:cf.baidu.rpc]create rpc client 'cf.baidu.rpc' in conn AMQP0
[I] 17:16:57.356(0000000000137C20):PBEncoder success load file 'E:\product\protocol\cf_baidu.proto.js'
[I] 17:16:57.363(0000000000137C20):[AMQP3]created
[W] 17:16:57.377(0000000000137708):try restart worker 2# ...
[I] 17:16:57.401(0000000000137708):start worker success,pid=137E24(2#)
[I] 17:16:57.420(0000000000137C20):[AMQP4]created
[I] 17:16:57.421(0000000000137C20):[AMQP4]declare exchange 'amq.direct'
[I] 17:16:57.421(0000000000137C20):[AMQP4]declare queue 'cf.app.rpc.71fe47d0a29b11e79df26b624bcde8cd'
[I] 17:16:57.422(0000000000137C20):[RPCC:cf.app.rpc]create rpc client 'cf.app.rpc' in conn AMQP4
[I] 17:16:57.422(0000000000137C20):[AMQP4]declare queue 'cf.wechat.rpc.71fe6ee0a29b11e79df26b624bcde8cd'
[I] 17:16:57.422(0000000000137C20):[RPCC:cf.wechat.rpc]create rpc client 'cf.wechat.rpc' in conn AMQP4
[I] 17:16:57.422(0000000000137C20):[AMQP4]declare queue 'cf.rpc.71fe6ee1a29b11e79df26b624bcde8cd'
[I] 17:16:57.423(0000000000137C20):[RPCC:cf.rpc]create rpc client 'cf.rpc' in conn AMQP4
[I] 17:16:57.423(0000000000137C20):[AMQP4]declare queue 'sc.task.rpc.71fe95f0a29b11e79df26b624bcde8cd'
[I] 17:16:57.423(0000000000137C20):[RPCC:sc.task.rpc]create rpc client 'sc.task.rpc' in conn AMQP4
[I] 17:16:57.426(0000000000137C20):[AMQP5]created
[I] 17:16:57.427(0000000000137C20):[AMQP5]declare exchange 'amq.direct'
[I] 17:16:57.429(0000000000137C20):[AMQP5]declare queue 'cf.wechat.rpc.71ff3230a29b11e79df26b624bcde8cd'
[I] 17:16:57.430(0000000000137C20):[RPCC:cf.wechat.rpc]create rpc client 'cf.wechat.rpc' in conn AMQP5
[W] 17:16:57.432(0000000000137C20):[AMQP0]rpc client 'sr.customer.point.rpc' declare repeat!
[I] 17:16:57.435(0000000000137C20):[AMQP6]created
[I] 17:16:57.436(0000000000137C20):[AMQP6]declare exchange 'amq.direct'
[I] 17:16:57.436(0000000000137C20):[AMQP6]declare queue 'cf.wechat.rpc.720091c0a29b11e79df26b624bcde8cd'
[I] 17:16:57.437(0000000000137C20):[RPCC:cf.wechat.rpc]create rpc client 'cf.wechat.rpc' in conn AMQP6
[I] 17:16:57.451(0000000000137C20):[AMQP7]created
[I] 17:16:57.452(0000000000137C20):[AMQP7]declare exchange 'amq.direct'
[I] 17:16:57.452(0000000000137C20):[AMQP7]declare queue 'sc.task.rpc.720302c0a29b11e79df26b624bcde8cd'
[I] 17:16:57.452(0000000000137C20):[RPCC:sc.task.rpc]create rpc client 'sc.task.rpc' in conn AMQP7
[I] 17:16:57.452(0000000000137C20):[AMQP7]declare queue 'sr.customer.rewardfail.720302c1a29b11e79df26b624bcde8cd'
[I] 17:16:57.453(0000000000137C20):[RPCC:sr.customer.rewardfail]create rpc client 'sr.customer.rewardfail' in conn AMQP7
[W] 17:16:57.456(0000000000137C20):[AMQP0]exchange amq.direct already declare!!
[W] 17:16:57.456(0000000000137C20):[AMQP0]rpc client 'sr.customer.tag.rpc' declare repeat!
[W] 17:16:57.457(0000000000137C20):[AMQP0]rpc client 'sc.task.rpc' declare repeat!
[W] 17:16:57.459(0000000000137C20):[AMQP0]exchange amq.direct already declare!!
[I] 17:16:57.459(0000000000137C20):[AMQP0]declare queue 'sr.trade.rpc.72041430a29b11e79df26b624bcde8cd'
[I] 17:16:57.460(0000000000137C20):[RPCC:sr.trade.rpc]create rpc client 'sr.trade.rpc' in conn AMQP0
[I] 17:16:57.514(0000000000137C20):PBEncoder success load file 'E:\product\protocol\sr_trade.proto.js'
[I] 17:16:57.518(0000000000137C20):[AMQP8]created
[I] 17:16:57.518(0000000000137C20):[AMQP8]declare exchange 'amq.direct'
[I] 17:16:57.518(0000000000137C20):[AMQP8]declare queue 'cf.wechat.rpc.720d14e0a29b11e79df26b624bcde8cd'
[I] 17:16:57.519(0000000000137C20):[RPCC:cf.wechat.rpc]create rpc client 'cf.wechat.rpc' in conn AMQP8
[I] 17:16:57.541(0000000000137C20):[redis]redis connect
[T] 17:16:57.546(0000000000137C20):Http is running,port is 18910
[I] 17:16:57.567(0000000000137C20):[redis]redis ready
[I] 17:16:57.571(0000000000137C20):[MP1]create connection #0
[T] 17:16:57.572(0000000000137C20):[MP1]getConnection success,getIndex=0
[I] 17:16:57.574(0000000000137C20):[MP1]create connection #1
[T] 17:16:57.574(0000000000137C20):[MP1]getConnection success,getIndex=1
[T] 17:16:57.583(0000000000137C20):[MySQL]Query success,used time:8 ms,sql="select * from cf_account where enabled=1 and function_mask like \"1%\""
[T] 17:16:57.592(0000000000137C20):[MySQL]Query success,used time:15 ms,sql="SELECT * FROM `sc_org`"
[T] 17:16:57.596(0000000000137C20):getConnection release,getIndex=0
[T] 17:16:57.596(0000000000137C20):getConnection release,getIndex=1
[I] 17:16:57.596(0000000000137C20):[AM]get account list success: [{"innerid":"HEDV35FASG-DGW423A-34TGGW53AAD66","name":"乐逛演示","org_id":"1","shop_id":null,"settlement_id":null,"method_code":1,"method_code_key":"wechat_test3_1","function_mask":"10","config":"{\"accountid\":\"gh_92368265694f\",\"fee_type\":\"CNY\",\"appid\":\"wx39bf9ff3da6fc1e7\",\"appsecret\":\"e00fc51118b318fb99cff35d217865fc\",\"mch_id\":\"1287801701\",\"sub_mch_id\":\"\",\"sign_key\":\"smartpaysmartpaysmartpaysmartpay\",\"key_file\":\"apiclient_key.pem\",\"cert_file\":\"apiclient_cert.pem\",\"pay_authorization_dir\":[\"\",\"\",\"\"],\"pay_native_callback\":\"\",\"pay_finish_notify\":\"1\",\"pay_alarm_notify\":\"\"}","enabled":1,"desc":null},{"innerid":"SE43RG3ASG-34GWW55A-34TG43HER452","name":"短信测试一","org_id":"1","shop_id":null,"settlement_id":null,"method_code":2,"method_code_key":"wechat_test1_2","function_mask":"10","config":"{\"url\" : \"http://211.147.239.62:9050/cgi-bin/sendsms\",\"username\" : \"shopperconnect@smartac\",\"password\" : \"shopCNT@smartc2016\"}","enabled":1,"desc":null},{"innerid":"SMFGSW423GWS-G43HTEHE2-HHEDR5462HS","name":"邮件测试一","org_id":"1","shop_id":null,"settlement_id":null,"method_code":3,"method_code_key":"wechat_test1_3","function_mask":"10","config":"{\"smtpserver\" : \"smtp.163.com\",\"port\": 25,\"username\" : \"zyqtest5@163.com\",\"password\" : \"zyqtest5881119\",\"SSL\":false}","enabled":1,"desc":null}]
[I] 17:16:57.629(0000000000137C20):[AMQP4]AMQP4 connect 'amqp://guest:guest@172.16.0.81:5672' success!
[I] 17:16:57.632(0000000000137C20):[AMQP0]AMQP0 connect 'amqp://guest:guest@172.16.0.81:5672' success!
[I] 17:16:57.633(0000000000137C20):[AMQP6]AMQP6 connect 'amqp://guest:guest@172.16.0.81:5672' success!
[I] 17:16:57.634(0000000000137C20):[AMQP5]AMQP5 connect 'amqp://guest:guest@172.16.0.81:5672' success!
[I] 17:16:57.641(0000000000137C20):[AMQP1]AMQP1 connect 'amqp://guest:guest@172.16.0.81:5672' success!
[I] 17:16:57.648(0000000000137C20):[AMQP7]AMQP7 connect 'amqp://guest:guest@172.16.0.81:5672' success!
[I] 17:16:57.653(0000000000137C20):[AMQP8]AMQP8 connect 'amqp://guest:guest@172.16.0.81:5672' success!
[I] 17:16:57.654(0000000000137C20):[AMQP4]success declare exchange 'amq.direct'
[I] 17:16:57.655(0000000000137C20):[AMQP5]success declare exchange 'amq.direct'
[I] 17:16:57.656(0000000000137C20):[AMQP6]success declare exchange 'amq.direct'
[I] 17:16:57.663(0000000000137C20):[AMQP0]success declare queue 'cf.rpc.718dabb0a29b11e79df26b624bcde8cd'
[I] 17:16:57.663(0000000000137C20):[AMQP6]success declare queue 'cf.wechat.rpc.720091c0a29b11e79df26b624bcde8cd'
[I] 17:16:57.664(0000000000137C20):[AMQP1]success declare exchange 'amq.direct'
[I] 17:16:57.665(0000000000137C20):[AMQP7]success declare exchange 'amq.direct'
[I] 17:16:57.666(0000000000137C20):[AMQP8]success declare exchange 'amq.direct'
[I] 17:16:57.667(0000000000137C20):[AMQP5]success declare queue 'cf.wechat.rpc.71ff3230a29b11e79df26b624bcde8cd'
[I] 17:16:57.668(0000000000137C20):[AMQP4]success declare queue 'cf.app.rpc.71fe47d0a29b11e79df26b624bcde8cd'
[I] 17:16:57.673(0000000000137C20):[AMQP7]success declare queue 'sc.task.rpc.720302c0a29b11e79df26b624bcde8cd'
[I] 17:16:57.675(0000000000137C20):[AMQP0]success consume 'cf.rpc.718dabb0a29b11e79df26b624bcde8cd'
[I] 17:16:57.676(0000000000137C20):[AMQP8]success declare queue 'cf.wechat.rpc.720d14e0a29b11e79df26b624bcde8cd'
[I] 17:16:57.676(0000000000137C20):[AMQP5]success consume 'cf.wechat.rpc.71ff3230a29b11e79df26b624bcde8cd'
[I] 17:16:57.676(0000000000137C20):[AMQP4]success consume 'cf.app.rpc.71fe47d0a29b11e79df26b624bcde8cd'
[I] 17:16:57.677(0000000000137C20):[AMQP6]success consume 'cf.wechat.rpc.720091c0a29b11e79df26b624bcde8cd'
[I] 17:16:57.678(0000000000137C20):[AMQP7]success consume 'sc.task.rpc.720302c0a29b11e79df26b624bcde8cd'
[I] 17:16:57.678(0000000000137C20):[AMQP1]success declare queue 'cf.wechat.rpc.71dae150a29b11e79df26b624bcde8cd'
[I] 17:16:57.687(0000000000137C20):[AMQP8]success consume 'cf.wechat.rpc.720d14e0a29b11e79df26b624bcde8cd'
[I] 17:16:57.688(0000000000137C20):[AMQP1]success consume 'cf.wechat.rpc.71dae150a29b11e79df26b624bcde8cd'
[I] 17:16:57.689(0000000000137C20):[AMQP6]success binding 'amq.direct'->'cf.wechat.rpc.720091c0a29b11e79df26b624bcde8cd'(cf.wechat.rpc.720091c0a29b11e79df26b624bcde8cd)
[I] 17:16:57.690(0000000000137C20):[AMQP7]success binding 'amq.direct'->'sc.task.rpc.720302c0a29b11e79df26b624bcde8cd'(sc.task.rpc.720302c0a29b11e79df26b624bcde8cd)
[I] 17:16:57.691(0000000000137C20):[AMQP5]success binding 'amq.direct'->'cf.wechat.rpc.71ff3230a29b11e79df26b624bcde8cd'(cf.wechat.rpc.71ff3230a29b11e79df26b624bcde8cd)
[I] 17:16:57.701(0000000000137C20):[AMQP0]success binding 'amq.direct'->'cf.rpc.718dabb0a29b11e79df26b624bcde8cd'(cf.rpc.718dabb0a29b11e79df26b624bcde8cd)
[I] 17:16:57.701(0000000000137C20):[AMQP4]success binding 'amq.direct'->'cf.app.rpc.71fe47d0a29b11e79df26b624bcde8cd'(cf.app.rpc.71fe47d0a29b11e79df26b624bcde8cd)
[I] 17:16:57.702(0000000000137C20):[AMQP8]success binding 'amq.direct'->'cf.wechat.rpc.720d14e0a29b11e79df26b624bcde8cd'(cf.wechat.rpc.720d14e0a29b11e79df26b624bcde8cd)
[I] 17:16:57.711(0000000000137C20):[AMQP1]success binding 'amq.direct'->'cf.wechat.rpc.71dae150a29b11e79df26b624bcde8cd'(cf.wechat.rpc.71dae150a29b11e79df26b624bcde8cd)
[I] 17:16:57.721(0000000000137C20):[AMQP7]success declare queue 'sr.customer.rewardfail.720302c1a29b11e79df26b624bcde8cd'
[I] 17:16:57.726(0000000000137C20):[AMQP7]success consume 'sr.customer.rewardfail.720302c1a29b11e79df26b624bcde8cd'
[I] 17:16:57.728(0000000000137C20):[AMQP4]success declare queue 'cf.wechat.rpc.71fe6ee0a29b11e79df26b624bcde8cd'
[I] 17:16:57.728(0000000000137C20):[AMQP0]success declare queue 'cf.wechat.rpc.71a26c30a29b11e79df26b624bcde8cd'
[I] 17:16:57.730(0000000000137C20):[AMQP4]success consume 'cf.wechat.rpc.71fe6ee0a29b11e79df26b624bcde8cd'
[I] 17:16:57.730(0000000000137C20):[AMQP7]success binding 'amq.direct'->'sr.customer.rewardfail.720302c1a29b11e79df26b624bcde8cd'(sr.customer.rewardfail.720302c1a29b11e79df26b624bcde8cd)
[I] 17:16:57.730(0000000000137C20):[AMQP0]success consume 'cf.wechat.rpc.71a26c30a29b11e79df26b624bcde8cd'
[I] 17:16:57.732(0000000000137C20):[AMQP4]success binding 'amq.direct'->'cf.wechat.rpc.71fe6ee0a29b11e79df26b624bcde8cd'(cf.wechat.rpc.71fe6ee0a29b11e79df26b624bcde8cd)
[I] 17:16:57.734(0000000000137C20):[AMQP0]success binding 'amq.direct'->'cf.wechat.rpc.71a26c30a29b11e79df26b624bcde8cd'(cf.wechat.rpc.71a26c30a29b11e79df26b624bcde8cd)
[I] 17:16:57.735(0000000000137C20):[AMQP0]success declare exchange 'cf.wechat.notify'
[I] 17:16:57.736(0000000000137C20):[AMQP4]success declare queue 'cf.rpc.71fe6ee1a29b11e79df26b624bcde8cd'
[I] 17:16:57.738(0000000000137C20):[AMQP4]success consume 'cf.rpc.71fe6ee1a29b11e79df26b624bcde8cd'
[I] 17:16:57.741(0000000000137C20):[AMQP0]success declare queue 'jiaxingwang.sc_admin.wechat.71af3d70a29b11e79df26b624bcde8cd'
[I] 17:16:57.742(0000000000137C20):[AMQP4]success binding 'amq.direct'->'cf.rpc.71fe6ee1a29b11e79df26b624bcde8cd'(cf.rpc.71fe6ee1a29b11e79df26b624bcde8cd)
[I] 17:16:57.743(0000000000137C20):[AMQP0]success consume 'jiaxingwang.sc_admin.wechat.71af3d70a29b11e79df26b624bcde8cd'
[I] 17:16:57.746(0000000000137C20):[AMQP4]success declare queue 'sc.task.rpc.71fe95f0a29b11e79df26b624bcde8cd'
[I] 17:16:57.747(0000000000137C20):[AMQP0]success binding 'cf.wechat.notify'->'jiaxingwang.sc_admin.wechat.71af3d70a29b11e79df26b624bcde8cd'(#)
[I] 17:16:57.748(0000000000137C20):[AMQP4]success consume 'sc.task.rpc.71fe95f0a29b11e79df26b624bcde8cd'
[I] 17:16:57.750(0000000000137C20):[AMQP4]success binding 'amq.direct'->'sc.task.rpc.71fe95f0a29b11e79df26b624bcde8cd'(sc.task.rpc.71fe95f0a29b11e79df26b624bcde8cd)
[I] 17:16:57.752(0000000000137C20):[AMQP0]success declare queue 'cf.app.rpc.71af6480a29b11e79df26b624bcde8cd'
[I] 17:16:57.753(0000000000137C20):[AMQP0]success consume 'cf.app.rpc.71af6480a29b11e79df26b624bcde8cd'
[I] 17:16:57.757(0000000000137C20):[AMQP0]success binding 'amq.direct'->'cf.app.rpc.71af6480a29b11e79df26b624bcde8cd'(cf.app.rpc.71af6480a29b11e79df26b624bcde8cd)
[I] 17:16:57.764(0000000000137C20):[AMQP0]success declare queue 'cf.alipay.rpc.71b0c410a29b11e79df26b624bcde8cd'
[I] 17:16:57.765(0000000000137C20):[AMQP0]success consume 'cf.alipay.rpc.71b0c410a29b11e79df26b624bcde8cd'
[I] 17:16:57.771(0000000000137C20):[AMQP0]success binding 'amq.direct'->'cf.alipay.rpc.71b0c410a29b11e79df26b624bcde8cd'(cf.alipay.rpc.71b0c410a29b11e79df26b624bcde8cd)
[I] 17:16:57.775(0000000000137C20):[AMQP0]success declare queue 'cf.ding.rpc.71b494a0a29b11e79df26b624bcde8cd'
[I] 17:16:57.779(0000000000137C20):[AMQP0]success consume 'cf.ding.rpc.71b494a0a29b11e79df26b624bcde8cd'
[I] 17:16:57.782(0000000000137C20):[AMQP0]success binding 'amq.direct'->'cf.ding.rpc.71b494a0a29b11e79df26b624bcde8cd'(cf.ding.rpc.71b494a0a29b11e79df26b624bcde8cd)
[I] 17:16:57.784(0000000000137C20):[AMQP0]success declare exchange 'cf.ding.notify'
[I] 17:16:57.789(0000000000137C20):[AMQP0]success declare queue 'jiaxingwang.sc_admin.ding.71b66960a29b11e79df26b624bcde8cd'
[I] 17:16:57.792(0000000000137C20):[AMQP0]success consume 'jiaxingwang.sc_admin.ding.71b66960a29b11e79df26b624bcde8cd'
[I] 17:16:57.796(0000000000137C20):[AMQP0]success binding 'cf.ding.notify'->'jiaxingwang.sc_admin.ding.71b66960a29b11e79df26b624bcde8cd'(#)
[I] 17:16:57.801(0000000000137C20):[AMQP0]success declare queue 'sr.customer.rpc.71b7a1e0a29b11e79df26b624bcde8cd'
[I] 17:16:57.810(0000000000137C20):[AMQP0]success consume 'sr.customer.rpc.71b7a1e0a29b11e79df26b624bcde8cd'
[I] 17:16:57.812(0000000000137C20):[AMQP0]success binding 'amq.direct'->'sr.customer.rpc.71b7a1e0a29b11e79df26b624bcde8cd'(sr.customer.rpc.71b7a1e0a29b11e79df26b624bcde8cd)
[I] 17:16:57.813(0000000000137C20):[AMQP0]success declare exchange 'amq.direct'
[I] 17:16:57.819(0000000000137C20):[AMQP0]success declare queue 'sc.task.rpc.71dbf2c0a29b11e79df26b624bcde8cd'
[I] 17:16:57.825(0000000000137C20):[AMQP0]success consume 'sc.task.rpc.71dbf2c0a29b11e79df26b624bcde8cd'
[I] 17:16:57.828(0000000000137C20):[AMQP0]success binding 'amq.direct'->'sc.task.rpc.71dbf2c0a29b11e79df26b624bcde8cd'(sc.task.rpc.71dbf2c0a29b11e79df26b624bcde8cd)
[I] 17:16:57.832(0000000000137C20):[AMQP0]success declare queue 'sr.customer.tag.rpc.71e17100a29b11e79df26b624bcde8cd'
[I] 17:16:57.834(0000000000137C20):[AMQP0]success consume 'sr.customer.tag.rpc.71e17100a29b11e79df26b624bcde8cd'
[I] 17:16:57.836(0000000000137C20):[AMQP0]success binding 'amq.direct'->'sr.customer.tag.rpc.71e17100a29b11e79df26b624bcde8cd'(sr.customer.tag.rpc.71e17100a29b11e79df26b624bcde8cd)
[I] 17:16:57.840(0000000000137C20):[AMQP0]success declare queue 'sr.customer.point.rpc.71e19810a29b11e79df26b624bcde8cd'
[I] 17:16:57.843(0000000000137C20):[AMQP0]success consume 'sr.customer.point.rpc.71e19810a29b11e79df26b624bcde8cd'
[I] 17:16:57.846(0000000000137C20):[AMQP0]success binding 'amq.direct'->'sr.customer.point.rpc.71e19810a29b11e79df26b624bcde8cd'(sr.customer.point.rpc.71e19810a29b11e79df26b624bcde8cd)
[I] 17:16:57.849(0000000000137C20):[AMQP0]success declare queue 'sr.customer.coupon_class.rpc.71e71650a29b11e79df26b624bcde8cd'
[I] 17:16:57.852(0000000000137C20):[AMQP0]success consume 'sr.customer.coupon_class.rpc.71e71650a29b11e79df26b624bcde8cd'
[I] 17:16:57.855(0000000000137C20):[AMQP0]success binding 'amq.direct'->'sr.customer.coupon_class.rpc.71e71650a29b11e79df26b624bcde8cd'(sr.customer.coupon_class.rpc.71e71650a29b11e79df26b624bcde8cd)
[I] 17:16:57.859(0000000000137C20):[AMQP0]success declare queue 'sr.customer.coupon.rpc.71e71651a29b11e79df26b624bcde8cd'
[I] 17:16:57.861(0000000000137C20):[AMQP0]success consume 'sr.customer.coupon.rpc.71e71651a29b11e79df26b624bcde8cd'
[I] 17:16:57.863(0000000000137C20):[AMQP0]success binding 'amq.direct'->'sr.customer.coupon.rpc.71e71651a29b11e79df26b624bcde8cd'(sr.customer.coupon.rpc.71e71651a29b11e79df26b624bcde8cd)
[I] 17:16:57.868(0000000000137C20):[AMQP0]success declare queue 'cf.wxpay.rpc.71e98750a29b11e79df26b624bcde8cd'
[I] 17:16:57.870(0000000000137C20):[AMQP0]success consume 'cf.wxpay.rpc.71e98750a29b11e79df26b624bcde8cd'
[I] 17:16:57.872(0000000000137C20):[AMQP0]success binding 'amq.direct'->'cf.wxpay.rpc.71e98750a29b11e79df26b624bcde8cd'(cf.wxpay.rpc.71e98750a29b11e79df26b624bcde8cd)
[I] 17:16:57.876(0000000000137C20):[AMQP0]success declare queue 'cf.baidu.rpc.71f3c080a29b11e79df26b624bcde8cd'
[I] 17:16:57.878(0000000000137C20):[AMQP0]success consume 'cf.baidu.rpc.71f3c080a29b11e79df26b624bcde8cd'
[I] 17:16:57.881(0000000000137C20):[AMQP0]success binding 'amq.direct'->'cf.baidu.rpc.71f3c080a29b11e79df26b624bcde8cd'(cf.baidu.rpc.71f3c080a29b11e79df26b624bcde8cd)
[I] 17:16:57.884(0000000000137C20):[AMQP0]success declare queue 'sr.trade.rpc.72041430a29b11e79df26b624bcde8cd'
[I] 17:16:57.887(0000000000137C20):[AMQP0]success consume 'sr.trade.rpc.72041430a29b11e79df26b624bcde8cd'
[I] 17:16:57.889(0000000000137C20):[AMQP0]success binding 'amq.direct'->'sr.trade.rpc.72041430a29b11e79df26b624bcde8cd'(sr.trade.rpc.72041430a29b11e79df26b624bcde8cd)
[I] 17:16:57.992(00000000001380A8):[AMQP0]created
[I] 17:16:58.005(00000000001380A8):[AMQP0]declare queue 'cf.rpc.72573d40a29b11e78783af61ef0421e4'
[I] 17:16:58.006(00000000001380A8):[RPCC:cf.rpc]create rpc client 'cf.rpc' in conn AMQP0
[I] 17:16:58.175(00000000001380A8):PBEncoder success load file 'E:\product\protocol\cf.proto.js'
[I] 17:16:58.176(00000000001380A8):[AMQP0]declare queue 'cf.wechat.rpc.72717c00a29b11e78783af61ef0421e4'
[I] 17:16:58.176(00000000001380A8):[RPCC:cf.wechat.rpc]create rpc client 'cf.wechat.rpc' in conn AMQP0
[I] 17:16:58.258(00000000001380A8):PBEncoder success load file 'E:\product\protocol\cf_wechat.proto.js'
[I] 17:16:58.259(00000000001380A8):[AMQP0]declare exchange 'cf.wechat.notify'
[I] 17:16:58.259(00000000001380A8):[AMQP0]declare queue 'jiaxingwang.sc_admin.wechat.727e2630a29b11e78783af61ef0421e4'
[I] 17:16:58.262(00000000001380A8):[AMQP0]declare queue 'cf.app.rpc.727e7450a29b11e78783af61ef0421e4'
[I] 17:16:58.262(00000000001380A8):[RPCC:cf.app.rpc]create rpc client 'cf.app.rpc' in conn AMQP0
[I] 17:16:58.266(00000000001380A8):PBEncoder success load file 'E:\product\protocol\cf_app.proto.js'
[I] 17:16:58.267(00000000001380A8):[AMQP0]declare queue 'cf.alipay.rpc.727f5eb0a29b11e78783af61ef0421e4'
[I] 17:16:58.267(00000000001380A8):[RPCC:cf.alipay.rpc]create rpc client 'cf.alipay.rpc' in conn AMQP0
[I] 17:16:58.290(00000000001380A8):PBEncoder success load file 'E:\product\protocol\cf_alipay.proto.js'
[I] 17:16:58.290(00000000001380A8):[AMQP0]declare queue 'cf.ding.rpc.7282e120a29b11e78783af61ef0421e4'
[I] 17:16:58.290(00000000001380A8):[RPCC:cf.ding.rpc]create rpc client 'cf.ding.rpc' in conn AMQP0
[I] 17:16:58.316(00000000001380A8):PBEncoder success load file 'E:\product\protocol\cf_ding.proto.js'
[I] 17:16:58.316(00000000001380A8):[AMQP0]declare exchange 'cf.ding.notify'
[I] 17:16:58.316(00000000001380A8):[AMQP0]declare queue 'jiaxingwang.sc_admin.ding.7286d8c0a29b11e78783af61ef0421e4'
[I] 17:16:58.317(00000000001380A8):[AM]init and reload account!
[I] 17:16:58.321(00000000001380A8):[AM]reload account success, account number is: 0
[I] 17:16:58.324(00000000001380A8):[AMQP0]declare queue 'sr.customer.rpc.72881140a29b11e78783af61ef0421e4'
[I] 17:16:58.324(00000000001380A8):[RPCC:sr.customer.rpc]create rpc client 'sr.customer.rpc' in conn AMQP0
[I] 17:16:58.336(00000000001380A8):PBEncoder success load file 'E:\product\protocol\sr_customer.proto.js'
[W] 17:16:58.336(00000000001380A8):[AMQP0]rpc client 'cf.rpc' declare repeat!
[W] 17:16:58.337(00000000001380A8):[AMQP0]rpc client 'cf.wechat.rpc' declare repeat!
[W] 17:16:58.337(00000000001380A8):[AMQP0]rpc client 'cf.app.rpc' declare repeat!
[D] 17:16:58.447(0000000000137708):worker process log socket connected!
[D] 17:16:58.408(0000000000137E24):worker 2# ready to connect master log socket server, port=45211
[D] 17:16:58.448(0000000000137E24):worker 2# log socket connected!
[I] 17:16:58.546(00000000001380A8):PBEncoder success load file 'E:\product\protocol\sc_system.proto.js'
[I] 17:16:58.658(00000000001380A8):[AMQP1]created
[I] 17:16:58.659(00000000001380A8):[AMQP1]declare exchange 'amq.direct'
[I] 17:16:58.660(00000000001380A8):[AMQP1]declare queue 'cf.wechat.rpc.72bb5640a29b11e78783af61ef0421e4'
[I] 17:16:58.660(00000000001380A8):[RPCC:cf.wechat.rpc]create rpc client 'cf.wechat.rpc' in conn AMQP1
[I] 17:16:58.662(00000000001380A8):[AMQP2]created
[I] 17:16:58.668(00000000001380A8):[AMQP0]declare exchange 'amq.direct'
[I] 17:16:58.675(00000000001380A8):[AMQP0]declare queue 'sc.task.rpc.72bc8ec0a29b11e78783af61ef0421e4'
[I] 17:16:58.676(00000000001380A8):[RPCC:sc.task.rpc]create rpc client 'sc.task.rpc' in conn AMQP0
[I] 17:16:58.690(00000000001380A8):PBEncoder success load file 'E:\product\protocol\sc_task.proto.js'
[I] 17:16:58.715(00000000001380A8):[AMQP0]declare queue 'sr.customer.tag.rpc.72c3bab0a29b11e78783af61ef0421e4'
[I] 17:16:58.716(00000000001380A8):[RPCC:sr.customer.tag.rpc]create rpc client 'sr.customer.tag.rpc' in conn AMQP0
[I] 17:16:58.716(00000000001380A8):[AMQP0]declare queue 'sr.customer.point.rpc.72c3e1c0a29b11e78783af61ef0421e4'
[I] 17:16:58.716(00000000001380A8):[RPCC:sr.customer.point.rpc]create rpc client 'sr.customer.point.rpc' in conn AMQP0
[I] 17:16:58.727(00000000001380A8):PBEncoder success load file 'E:\product\protocol\sr_customer_point.proto.js'
[I] 17:16:58.735(00000000001380A8):PBEncoder success load file 'E:\product\protocol\sr_customer_tag.proto.js'
[W] 17:16:58.746(00000000001380A8):[AMQP0]rpc client 'cf.wechat.rpc' declare repeat!
[I] 17:16:58.747(00000000001380A8):[AMQP0]declare queue 'sr.customer.coupon_class.rpc.72c89cb0a29b11e78783af61ef0421e4'
[I] 17:16:58.747(00000000001380A8):[RPCC:sr.customer.coupon_class.rpc]create rpc client 'sr.customer.coupon_class.rpc' in conn AMQP0
[I] 17:16:58.747(00000000001380A8):[AMQP0]declare queue 'sr.customer.coupon.rpc.72c89cb1a29b11e78783af61ef0421e4'
[I] 17:16:58.748(00000000001380A8):[RPCC:sr.customer.coupon.rpc]create rpc client 'sr.customer.coupon.rpc' in conn AMQP0
[I] 17:16:58.761(00000000001380A8):PBEncoder success load file 'E:\product\protocol\sr_customer_coupon.proto.js'
[W] 17:16:58.761(00000000001380A8):[AMQP0]rpc client 'cf.wechat.rpc' declare repeat!
[I] 17:16:58.763(00000000001380A8):[AMQP0]declare queue 'cf.wxpay.rpc.72cae6a0a29b11e78783af61ef0421e4'
[I] 17:16:58.764(00000000001380A8):[RPCC:cf.wxpay.rpc]create rpc client 'cf.wxpay.rpc' in conn AMQP0
[I] 17:16:58.781(00000000001380A8):PBEncoder success load file 'E:\product\protocol\cf_wxpay.proto.js'
[W] 17:16:58.782(00000000001380A8):[AMQP0]rpc client 'sr.customer.point.rpc' declare repeat!
[W] 17:16:58.791(00000000001380A8):[AMQP0]exchange amq.direct already declare!!
[W] 17:16:58.791(00000000001380A8):[AMQP0]rpc client 'sr.customer.rpc' declare repeat!
[W] 17:16:58.791(00000000001380A8):[AMQP0]rpc client 'sr.customer.coupon.rpc' declare repeat!
[W] 17:16:58.791(00000000001380A8):[AMQP0]rpc client 'cf.wechat.rpc' declare repeat!
[W] 17:16:58.795(00000000001380A8):[AMQP0]exchange amq.direct already declare!!
[I] 17:16:58.795(00000000001380A8):[AMQP0]declare queue 'cf.baidu.rpc.72cfefb0a29b11e78783af61ef0421e4'
[I] 17:16:58.795(00000000001380A8):[RPCC:cf.baidu.rpc]create rpc client 'cf.baidu.rpc' in conn AMQP0
[I] 17:16:58.799(00000000001380A8):PBEncoder success load file 'E:\product\protocol\cf_baidu.proto.js'
[I] 17:16:58.805(00000000001380A8):[AMQP3]created
[I] 17:16:58.816(00000000001380A8):[AMQP4]created
[I] 17:16:58.816(00000000001380A8):[AMQP4]declare exchange 'amq.direct'
[I] 17:16:58.816(00000000001380A8):[AMQP4]declare queue 'cf.app.rpc.72d32400a29b11e78783af61ef0421e4'
[I] 17:16:58.817(00000000001380A8):[RPCC:cf.app.rpc]create rpc client 'cf.app.rpc' in conn AMQP4
[I] 17:16:58.817(00000000001380A8):[AMQP4]declare queue 'cf.wechat.rpc.72d34b10a29b11e78783af61ef0421e4'
[I] 17:16:58.817(00000000001380A8):[RPCC:cf.wechat.rpc]create rpc client 'cf.wechat.rpc' in conn AMQP4
[I] 17:16:58.817(00000000001380A8):[AMQP4]declare queue 'cf.rpc.72d34b11a29b11e78783af61ef0421e4'
[I] 17:16:58.818(00000000001380A8):[RPCC:cf.rpc]create rpc client 'cf.rpc' in conn AMQP4
[I] 17:16:58.818(00000000001380A8):[AMQP4]declare queue 'sc.task.rpc.72d37220a29b11e78783af61ef0421e4'
[I] 17:16:58.818(00000000001380A8):[RPCC:sc.task.rpc]create rpc client 'sc.task.rpc' in conn AMQP4
[I] 17:16:58.821(00000000001380A8):[AMQP5]created
[I] 17:16:58.822(00000000001380A8):[AMQP5]declare exchange 'amq.direct'
[I] 17:16:58.822(00000000001380A8):[AMQP5]declare queue 'cf.wechat.rpc.72d40e60a29b11e78783af61ef0421e4'
[I] 17:16:58.822(00000000001380A8):[RPCC:cf.wechat.rpc]create rpc client 'cf.wechat.rpc' in conn AMQP5
[W] 17:16:58.825(00000000001380A8):[AMQP0]rpc client 'sr.customer.point.rpc' declare repeat!
[I] 17:16:58.828(00000000001380A8):[AMQP6]created
[I] 17:16:58.829(00000000001380A8):[AMQP6]declare exchange 'amq.direct'
[I] 17:16:58.830(00000000001380A8):[AMQP6]declare queue 'cf.wechat.rpc.72d51fd0a29b11e78783af61ef0421e4'
[I] 17:16:58.830(00000000001380A8):[RPCC:cf.wechat.rpc]create rpc client 'cf.wechat.rpc' in conn AMQP6
[I] 17:16:58.835(00000000001380A8):[AMQP7]created
[I] 17:16:58.836(00000000001380A8):[AMQP7]declare exchange 'amq.direct'
[I] 17:16:58.836(00000000001380A8):[AMQP7]declare queue 'sc.task.rpc.72d63140a29b11e78783af61ef0421e4'
[I] 17:16:58.836(00000000001380A8):[RPCC:sc.task.rpc]create rpc client 'sc.task.rpc' in conn AMQP7
[I] 17:16:58.836(00000000001380A8):[AMQP7]declare queue 'sr.customer.rewardfail.72d63141a29b11e78783af61ef0421e4'
[I] 17:16:58.837(00000000001380A8):[RPCC:sr.customer.rewardfail]create rpc client 'sr.customer.rewardfail' in conn AMQP7
[W] 17:16:58.841(00000000001380A8):[AMQP0]exchange amq.direct already declare!!
[W] 17:16:58.841(00000000001380A8):[AMQP0]rpc client 'sr.customer.tag.rpc' declare repeat!
[W] 17:16:58.841(00000000001380A8):[AMQP0]rpc client 'sc.task.rpc' declare repeat!
[W] 17:16:58.858(00000000001380A8):[AMQP0]exchange amq.direct already declare!!
[I] 17:16:58.859(00000000001380A8):[AMQP0]declare queue 'sr.trade.rpc.72d9b3b0a29b11e78783af61ef0421e4'
[I] 17:16:58.859(00000000001380A8):[RPCC:sr.trade.rpc]create rpc client 'sr.trade.rpc' in conn AMQP0
[I] 17:16:58.864(00000000001380A8):PBEncoder success load file 'E:\product\protocol\sr_trade.proto.js'
[I] 17:16:58.867(00000000001380A8):[AMQP8]created
[I] 17:16:58.868(00000000001380A8):[AMQP8]declare exchange 'amq.direct'
[I] 17:16:58.868(00000000001380A8):[AMQP8]declare queue 'cf.wechat.rpc.72db1340a29b11e78783af61ef0421e4'
[I] 17:16:58.868(00000000001380A8):[RPCC:cf.wechat.rpc]create rpc client 'cf.wechat.rpc' in conn AMQP8
[T] 17:16:58.893(00000000001380A8):Http is running,port is 18910
[I] 17:16:58.899(00000000001380A8):[redis]redis connect
[I] 17:16:58.919(00000000001380A8):[redis]redis ready
[I] 17:16:58.921(00000000001380A8):[MP1]create connection #0
[T] 17:16:58.922(00000000001380A8):[MP1]getConnection success,getIndex=0
[I] 17:16:58.922(00000000001380A8):[MP1]create connection #1
[T] 17:16:58.923(00000000001380A8):[MP1]getConnection success,getIndex=1
[T] 17:16:58.933(00000000001380A8):[MySQL]Query success,used time:8 ms,sql="select * from cf_account where enabled=1 and function_mask like \"1%\""
[T] 17:16:58.940(00000000001380A8):[MySQL]Query success,used time:14 ms,sql="SELECT * FROM `sc_org`"
[T] 17:16:58.941(00000000001380A8):getConnection release,getIndex=0
[T] 17:16:58.941(00000000001380A8):getConnection release,getIndex=1
[I] 17:16:58.942(00000000001380A8):[AM]get account list success: [{"innerid":"HEDV35FASG-DGW423A-34TGGW53AAD66","name":"乐逛演示","org_id":"1","shop_id":null,"settlement_id":null,"method_code":1,"method_code_key":"wechat_test3_1","function_mask":"10","config":"{\"accountid\":\"gh_92368265694f\",\"fee_type\":\"CNY\",\"appid\":\"wx39bf9ff3da6fc1e7\",\"appsecret\":\"e00fc51118b318fb99cff35d217865fc\",\"mch_id\":\"1287801701\",\"sub_mch_id\":\"\",\"sign_key\":\"smartpaysmartpaysmartpaysmartpay\",\"key_file\":\"apiclient_key.pem\",\"cert_file\":\"apiclient_cert.pem\",\"pay_authorization_dir\":[\"\",\"\",\"\"],\"pay_native_callback\":\"\",\"pay_finish_notify\":\"1\",\"pay_alarm_notify\":\"\"}","enabled":1,"desc":null},{"innerid":"SE43RG3ASG-34GWW55A-34TG43HER452","name":"短信测试一","org_id":"1","shop_id":null,"settlement_id":null,"method_code":2,"method_code_key":"wechat_test1_2","function_mask":"10","config":"{\"url\" : \"http://211.147.239.62:9050/cgi-bin/sendsms\",\"username\" : \"shopperconnect@smartac\",\"password\" : \"shopCNT@smartc2016\"}","enabled":1,"desc":null},{"innerid":"SMFGSW423GWS-G43HTEHE2-HHEDR5462HS","name":"邮件测试一","org_id":"1","shop_id":null,"settlement_id":null,"method_code":3,"method_code_key":"wechat_test1_3","function_mask":"10","config":"{\"smtpserver\" : \"smtp.163.com\",\"port\": 25,\"username\" : \"zyqtest5@163.com\",\"password\" : \"zyqtest5881119\",\"SSL\":false}","enabled":1,"desc":null}]
[I] 17:16:58.970(00000000001380A8):[AMQP5]AMQP5 connect 'amqp://guest:guest@172.16.0.81:5672' success!
[I] 17:16:58.974(00000000001380A8):[AMQP0]AMQP0 connect 'amqp://guest:guest@172.16.0.81:5672' success!
[I] 17:16:58.976(00000000001380A8):[AMQP4]AMQP4 connect 'amqp://guest:guest@172.16.0.81:5672' success!
[I] 17:16:58.977(00000000001380A8):[AMQP1]AMQP1 connect 'amqp://guest:guest@172.16.0.81:5672' success!
[I] 17:16:58.979(00000000001380A8):[AMQP7]AMQP7 connect 'amqp://guest:guest@172.16.0.81:5672' success!
[I] 17:16:58.980(00000000001380A8):[AMQP6]AMQP6 connect 'amqp://guest:guest@172.16.0.81:5672' success!
[I] 17:16:58.981(00000000001380A8):[AMQP8]AMQP8 connect 'amqp://guest:guest@172.16.0.81:5672' success!
[I] 17:16:58.992(00000000001380A8):[AMQP5]success declare exchange 'amq.direct'
[I] 17:16:58.993(00000000001380A8):[AMQP7]success declare exchange 'amq.direct'
[I] 17:16:58.993(00000000001380A8):[AMQP6]success declare exchange 'amq.direct'
[I] 17:16:58.996(00000000001380A8):[AMQP4]success declare exchange 'amq.direct'
[I] 17:16:58.998(00000000001380A8):[AMQP1]success declare exchange 'amq.direct'
[I] 17:16:58.999(00000000001380A8):[AMQP8]success declare exchange 'amq.direct'
[I] 17:16:58.999(00000000001380A8):[AMQP0]success declare queue 'cf.rpc.72573d40a29b11e78783af61ef0421e4'
[I] 17:16:59.000(00000000001380A8):[AMQP5]success declare queue 'cf.wechat.rpc.72d40e60a29b11e78783af61ef0421e4'
[I] 17:16:59.002(00000000001380A8):[AMQP4]success declare queue 'cf.app.rpc.72d32400a29b11e78783af61ef0421e4'
[I] 17:16:59.004(00000000001380A8):[AMQP5]success consume 'cf.wechat.rpc.72d40e60a29b11e78783af61ef0421e4'
[I] 17:16:59.004(00000000001380A8):[AMQP0]success consume 'cf.rpc.72573d40a29b11e78783af61ef0421e4'
[I] 17:16:59.005(00000000001380A8):[AMQP1]success declare queue 'cf.wechat.rpc.72bb5640a29b11e78783af61ef0421e4'
[I] 17:16:59.006(00000000001380A8):[AMQP7]success declare queue 'sc.task.rpc.72d63140a29b11e78783af61ef0421e4'
[I] 17:16:59.007(00000000001380A8):[AMQP6]success declare queue 'cf.wechat.rpc.72d51fd0a29b11e78783af61ef0421e4'
[I] 17:16:59.009(00000000001380A8):[AMQP4]success consume 'cf.app.rpc.72d32400a29b11e78783af61ef0421e4'
[I] 17:16:59.009(00000000001380A8):[AMQP8]success declare queue 'cf.wechat.rpc.72db1340a29b11e78783af61ef0421e4'
[I] 17:16:59.010(00000000001380A8):[AMQP1]success consume 'cf.wechat.rpc.72bb5640a29b11e78783af61ef0421e4'
[I] 17:16:59.010(00000000001380A8):[AMQP5]success binding 'amq.direct'->'cf.wechat.rpc.72d40e60a29b11e78783af61ef0421e4'(cf.wechat.rpc.72d40e60a29b11e78783af61ef0421e4)
[I] 17:16:59.011(00000000001380A8):[AMQP0]success binding 'amq.direct'->'cf.rpc.72573d40a29b11e78783af61ef0421e4'(cf.rpc.72573d40a29b11e78783af61ef0421e4)
[I] 17:16:59.011(00000000001380A8):[AMQP7]success consume 'sc.task.rpc.72d63140a29b11e78783af61ef0421e4'
[I] 17:16:59.012(00000000001380A8):[AMQP6]success consume 'cf.wechat.rpc.72d51fd0a29b11e78783af61ef0421e4'
[I] 17:16:59.013(00000000001380A8):[AMQP8]success consume 'cf.wechat.rpc.72db1340a29b11e78783af61ef0421e4'
[I] 17:16:59.014(00000000001380A8):[AMQP4]success binding 'amq.direct'->'cf.app.rpc.72d32400a29b11e78783af61ef0421e4'(cf.app.rpc.72d32400a29b11e78783af61ef0421e4)
[I] 17:16:59.014(00000000001380A8):[AMQP1]success binding 'amq.direct'->'cf.wechat.rpc.72bb5640a29b11e78783af61ef0421e4'(cf.wechat.rpc.72bb5640a29b11e78783af61ef0421e4)
[I] 17:16:59.015(00000000001380A8):[AMQP0]success declare queue 'cf.wechat.rpc.72717c00a29b11e78783af61ef0421e4'
[I] 17:16:59.017(00000000001380A8):[AMQP8]success binding 'amq.direct'->'cf.wechat.rpc.72db1340a29b11e78783af61ef0421e4'(cf.wechat.rpc.72db1340a29b11e78783af61ef0421e4)
[I] 17:16:59.018(00000000001380A8):[AMQP6]success binding 'amq.direct'->'cf.wechat.rpc.72d51fd0a29b11e78783af61ef0421e4'(cf.wechat.rpc.72d51fd0a29b11e78783af61ef0421e4)
[I] 17:16:59.018(00000000001380A8):[AMQP0]success consume 'cf.wechat.rpc.72717c00a29b11e78783af61ef0421e4'
[I] 17:16:59.019(00000000001380A8):[AMQP7]success binding 'amq.direct'->'sc.task.rpc.72d63140a29b11e78783af61ef0421e4'(sc.task.rpc.72d63140a29b11e78783af61ef0421e4)
[I] 17:16:59.019(00000000001380A8):[AMQP4]success declare queue 'cf.wechat.rpc.72d34b10a29b11e78783af61ef0421e4'
[I] 17:16:59.021(00000000001380A8):[AMQP4]success consume 'cf.wechat.rpc.72d34b10a29b11e78783af61ef0421e4'
[I] 17:16:59.022(00000000001380A8):[AMQP0]success binding 'amq.direct'->'cf.wechat.rpc.72717c00a29b11e78783af61ef0421e4'(cf.wechat.rpc.72717c00a29b11e78783af61ef0421e4)
[I] 17:16:59.023(00000000001380A8):[AMQP7]success declare queue 'sr.customer.rewardfail.72d63141a29b11e78783af61ef0421e4'
[I] 17:16:59.023(00000000001380A8):[AMQP0]success declare exchange 'cf.wechat.notify'
[I] 17:16:59.024(00000000001380A8):[AMQP4]success binding 'amq.direct'->'cf.wechat.rpc.72d34b10a29b11e78783af61ef0421e4'(cf.wechat.rpc.72d34b10a29b11e78783af61ef0421e4)
[I] 17:16:59.024(00000000001380A8):[AMQP7]success consume 'sr.customer.rewardfail.72d63141a29b11e78783af61ef0421e4'
[I] 17:16:59.027(00000000001380A8):[AMQP0]success declare queue 'jiaxingwang.sc_admin.wechat.727e2630a29b11e78783af61ef0421e4'
[I] 17:16:59.028(00000000001380A8):[AMQP7]success binding 'amq.direct'->'sr.customer.rewardfail.72d63141a29b11e78783af61ef0421e4'(sr.customer.rewardfail.72d63141a29b11e78783af61ef0421e4)
[I] 17:16:59.029(00000000001380A8):[AMQP4]success declare queue 'cf.rpc.72d34b11a29b11e78783af61ef0421e4'
[I] 17:16:59.030(00000000001380A8):[AMQP0]success consume 'jiaxingwang.sc_admin.wechat.727e2630a29b11e78783af61ef0421e4'
[I] 17:16:59.031(00000000001380A8):[AMQP4]success consume 'cf.rpc.72d34b11a29b11e78783af61ef0421e4'
[I] 17:16:59.032(00000000001380A8):[AMQP0]success binding 'cf.wechat.notify'->'jiaxingwang.sc_admin.wechat.727e2630a29b11e78783af61ef0421e4'(#)
[I] 17:16:59.035(00000000001380A8):[AMQP4]success binding 'amq.direct'->'cf.rpc.72d34b11a29b11e78783af61ef0421e4'(cf.rpc.72d34b11a29b11e78783af61ef0421e4)
[I] 17:16:59.037(00000000001380A8):[AMQP0]success declare queue 'cf.app.rpc.727e7450a29b11e78783af61ef0421e4'
[I] 17:16:59.038(00000000001380A8):[AMQP4]success declare queue 'sc.task.rpc.72d37220a29b11e78783af61ef0421e4'
[I] 17:16:59.039(00000000001380A8):[AMQP0]success consume 'cf.app.rpc.727e7450a29b11e78783af61ef0421e4'
[I] 17:16:59.041(00000000001380A8):[AMQP4]success consume 'sc.task.rpc.72d37220a29b11e78783af61ef0421e4'
[I] 17:16:59.042(00000000001380A8):[AMQP0]success binding 'amq.direct'->'cf.app.rpc.727e7450a29b11e78783af61ef0421e4'(cf.app.rpc.727e7450a29b11e78783af61ef0421e4)
[I] 17:16:59.044(00000000001380A8):[AMQP4]success binding 'amq.direct'->'sc.task.rpc.72d37220a29b11e78783af61ef0421e4'(sc.task.rpc.72d37220a29b11e78783af61ef0421e4)
[I] 17:16:59.048(00000000001380A8):[AMQP0]success declare queue 'cf.alipay.rpc.727f5eb0a29b11e78783af61ef0421e4'
[I] 17:16:59.049(00000000001380A8):[AMQP0]success consume 'cf.alipay.rpc.727f5eb0a29b11e78783af61ef0421e4'
[I] 17:16:59.052(00000000001380A8):[AMQP0]success binding 'amq.direct'->'cf.alipay.rpc.727f5eb0a29b11e78783af61ef0421e4'(cf.alipay.rpc.727f5eb0a29b11e78783af61ef0421e4)
[I] 17:16:59.055(00000000001380A8):[AMQP0]success declare queue 'cf.ding.rpc.7282e120a29b11e78783af61ef0421e4'
[I] 17:16:59.056(00000000001380A8):[AMQP0]success consume 'cf.ding.rpc.7282e120a29b11e78783af61ef0421e4'
[I] 17:16:59.058(00000000001380A8):[AMQP0]success binding 'amq.direct'->'cf.ding.rpc.7282e120a29b11e78783af61ef0421e4'(cf.ding.rpc.7282e120a29b11e78783af61ef0421e4)
[I] 17:16:59.059(00000000001380A8):[AMQP0]success declare exchange 'cf.ding.notify'
[I] 17:16:59.062(00000000001380A8):[AMQP0]success declare queue 'jiaxingwang.sc_admin.ding.7286d8c0a29b11e78783af61ef0421e4'
[I] 17:16:59.064(00000000001380A8):[AMQP0]success consume 'jiaxingwang.sc_admin.ding.7286d8c0a29b11e78783af61ef0421e4'
[I] 17:16:59.066(00000000001380A8):[AMQP0]success binding 'cf.ding.notify'->'jiaxingwang.sc_admin.ding.7286d8c0a29b11e78783af61ef0421e4'(#)
[I] 17:16:59.070(00000000001380A8):[AMQP0]success declare queue 'sr.customer.rpc.72881140a29b11e78783af61ef0421e4'
[I] 17:16:59.073(00000000001380A8):[AMQP0]success consume 'sr.customer.rpc.72881140a29b11e78783af61ef0421e4'
[I] 17:16:59.076(00000000001380A8):[AMQP0]success binding 'amq.direct'->'sr.customer.rpc.72881140a29b11e78783af61ef0421e4'(sr.customer.rpc.72881140a29b11e78783af61ef0421e4)
[I] 17:16:59.078(00000000001380A8):[AMQP0]success declare exchange 'amq.direct'
[I] 17:16:59.081(00000000001380A8):[AMQP0]success declare queue 'sc.task.rpc.72bc8ec0a29b11e78783af61ef0421e4'
[I] 17:16:59.083(00000000001380A8):[AMQP0]success consume 'sc.task.rpc.72bc8ec0a29b11e78783af61ef0421e4'
[I] 17:16:59.085(00000000001380A8):[AMQP0]success binding 'amq.direct'->'sc.task.rpc.72bc8ec0a29b11e78783af61ef0421e4'(sc.task.rpc.72bc8ec0a29b11e78783af61ef0421e4)
[I] 17:16:59.089(00000000001380A8):[AMQP0]success declare queue 'sr.customer.tag.rpc.72c3bab0a29b11e78783af61ef0421e4'
[I] 17:16:59.091(00000000001380A8):[AMQP0]success consume 'sr.customer.tag.rpc.72c3bab0a29b11e78783af61ef0421e4'
[I] 17:16:59.093(00000000001380A8):[AMQP0]success binding 'amq.direct'->'sr.customer.tag.rpc.72c3bab0a29b11e78783af61ef0421e4'(sr.customer.tag.rpc.72c3bab0a29b11e78783af61ef0421e4)
[I] 17:16:59.097(00000000001380A8):[AMQP0]success declare queue 'sr.customer.point.rpc.72c3e1c0a29b11e78783af61ef0421e4'
[I] 17:16:59.100(00000000001380A8):[AMQP0]success consume 'sr.customer.point.rpc.72c3e1c0a29b11e78783af61ef0421e4'
[I] 17:16:59.102(00000000001380A8):[AMQP0]success binding 'amq.direct'->'sr.customer.point.rpc.72c3e1c0a29b11e78783af61ef0421e4'(sr.customer.point.rpc.72c3e1c0a29b11e78783af61ef0421e4)
[I] 17:16:59.106(00000000001380A8):[AMQP0]success declare queue 'sr.customer.coupon_class.rpc.72c89cb0a29b11e78783af61ef0421e4'
[I] 17:16:59.108(00000000001380A8):[AMQP0]success consume 'sr.customer.coupon_class.rpc.72c89cb0a29b11e78783af61ef0421e4'
[I] 17:16:59.110(00000000001380A8):[AMQP0]success binding 'amq.direct'->'sr.customer.coupon_class.rpc.72c89cb0a29b11e78783af61ef0421e4'(sr.customer.coupon_class.rpc.72c89cb0a29b11e78783af61ef0421e4)
[I] 17:16:59.115(00000000001380A8):[AMQP0]success declare queue 'sr.customer.coupon.rpc.72c89cb1a29b11e78783af61ef0421e4'
[I] 17:16:59.122(00000000001380A8):[AMQP0]success consume 'sr.customer.coupon.rpc.72c89cb1a29b11e78783af61ef0421e4'
[I] 17:16:59.125(00000000001380A8):[AMQP0]success binding 'amq.direct'->'sr.customer.coupon.rpc.72c89cb1a29b11e78783af61ef0421e4'(sr.customer.coupon.rpc.72c89cb1a29b11e78783af61ef0421e4)
[I] 17:16:59.129(00000000001380A8):[AMQP0]success declare queue 'cf.wxpay.rpc.72cae6a0a29b11e78783af61ef0421e4'
[I] 17:16:59.130(00000000001380A8):[AMQP0]success consume 'cf.wxpay.rpc.72cae6a0a29b11e78783af61ef0421e4'
[I] 17:16:59.133(00000000001380A8):[AMQP0]success binding 'amq.direct'->'cf.wxpay.rpc.72cae6a0a29b11e78783af61ef0421e4'(cf.wxpay.rpc.72cae6a0a29b11e78783af61ef0421e4)
[I] 17:16:59.136(00000000001380A8):[AMQP0]success declare queue 'cf.baidu.rpc.72cfefb0a29b11e78783af61ef0421e4'
[I] 17:16:59.138(00000000001380A8):[AMQP0]success consume 'cf.baidu.rpc.72cfefb0a29b11e78783af61ef0421e4'
[I] 17:16:59.140(00000000001380A8):[AMQP0]success binding 'amq.direct'->'cf.baidu.rpc.72cfefb0a29b11e78783af61ef0421e4'(cf.baidu.rpc.72cfefb0a29b11e78783af61ef0421e4)
[I] 17:16:59.143(0000000000137E24):[AMQP0]created
[I] 17:16:59.143(00000000001380A8):[AMQP0]success declare queue 'sr.trade.rpc.72d9b3b0a29b11e78783af61ef0421e4'
[I] 17:16:59.146(00000000001380A8):[AMQP0]success consume 'sr.trade.rpc.72d9b3b0a29b11e78783af61ef0421e4'
[I] 17:16:59.148(00000000001380A8):[AMQP0]success binding 'amq.direct'->'sr.trade.rpc.72d9b3b0a29b11e78783af61ef0421e4'(sr.trade.rpc.72d9b3b0a29b11e78783af61ef0421e4)
[I] 17:16:59.153(0000000000137E24):[AMQP0]declare queue 'cf.rpc.73066900a29b11e78d83c3ce94e19c0e'
[I] 17:16:59.154(0000000000137E24):[RPCC:cf.rpc]create rpc client 'cf.rpc' in conn AMQP0
[I] 17:16:59.274(0000000000137E24):PBEncoder success load file 'E:\product\protocol\cf.proto.js'
[I] 17:16:59.275(0000000000137E24):[AMQP0]declare queue 'cf.wechat.rpc.731906a0a29b11e78d83c3ce94e19c0e'
[I] 17:16:59.275(0000000000137E24):[RPCC:cf.wechat.rpc]create rpc client 'cf.wechat.rpc' in conn AMQP0
[I] 17:16:59.342(0000000000137E24):PBEncoder success load file 'E:\product\protocol\cf_wechat.proto.js'
[I] 17:16:59.343(0000000000137E24):[AMQP0]declare exchange 'cf.wechat.notify'
[I] 17:16:59.344(0000000000137E24):[AMQP0]declare queue 'jiaxingwang.sc_admin.wechat.73238df0a29b11e78d83c3ce94e19c0e'
[I] 17:16:59.344(0000000000137E24):[AMQP0]declare queue 'cf.app.rpc.7323b500a29b11e78d83c3ce94e19c0e'
[I] 17:16:59.345(0000000000137E24):[RPCC:cf.app.rpc]create rpc client 'cf.app.rpc' in conn AMQP0
[I] 17:16:59.349(0000000000137E24):PBEncoder success load file 'E:\product\protocol\cf_app.proto.js'
[I] 17:16:59.350(0000000000137E24):[AMQP0]declare queue 'cf.alipay.rpc.73249f60a29b11e78d83c3ce94e19c0e'
[I] 17:16:59.350(0000000000137E24):[RPCC:cf.alipay.rpc]create rpc client 'cf.alipay.rpc' in conn AMQP0
[I] 17:16:59.357(0000000000137E24):PBEncoder success load file 'E:\product\protocol\cf_alipay.proto.js'
[I] 17:16:59.359(0000000000137E24):[AMQP0]declare queue 'cf.ding.rpc.7325fef0a29b11e78d83c3ce94e19c0e'
[I] 17:16:59.359(0000000000137E24):[RPCC:cf.ding.rpc]create rpc client 'cf.ding.rpc' in conn AMQP0
[I] 17:16:59.372(0000000000137E24):PBEncoder success load file 'E:\product\protocol\cf_ding.proto.js'
[I] 17:16:59.373(0000000000137E24):[AMQP0]declare exchange 'cf.ding.notify'
[I] 17:16:59.373(0000000000137E24):[AMQP0]declare queue 'jiaxingwang.sc_admin.ding.732821d0a29b11e78d83c3ce94e19c0e'
[I] 17:16:59.373(0000000000137E24):[AM]init and reload account!
[I] 17:16:59.385(0000000000137E24):[AM]reload account success, account number is: 0
[I] 17:16:59.388(0000000000137E24):[AMQP0]declare queue 'sr.customer.rpc.732a6bc0a29b11e78d83c3ce94e19c0e'
[I] 17:16:59.388(0000000000137E24):[RPCC:sr.customer.rpc]create rpc client 'sr.customer.rpc' in conn AMQP0
[I] 17:16:59.398(0000000000137E24):PBEncoder success load file 'E:\product\protocol\sr_customer.proto.js'
[W] 17:16:59.399(0000000000137E24):[AMQP0]rpc client 'cf.rpc' declare repeat!
[W] 17:16:59.399(0000000000137E24):[AMQP0]rpc client 'cf.wechat.rpc' declare repeat!
[W] 17:16:59.399(0000000000137E24):[AMQP0]rpc client 'cf.app.rpc' declare repeat!
[I] 17:16:59.566(0000000000137E24):PBEncoder success load file 'E:\product\protocol\sc_system.proto.js'
[I] 17:16:59.620(0000000000137E24):[AMQP1]created
[I] 17:16:59.621(0000000000137E24):[AMQP1]declare exchange 'amq.direct'
[I] 17:16:59.622(0000000000137E24):[AMQP1]declare queue 'cf.wechat.rpc.734e2060a29b11e78d83c3ce94e19c0e'
[I] 17:16:59.622(0000000000137E24):[RPCC:cf.wechat.rpc]create rpc client 'cf.wechat.rpc' in conn AMQP1
[I] 17:16:59.624(0000000000137E24):[AMQP2]created
[I] 17:16:59.629(0000000000137E24):[AMQP0]declare exchange 'amq.direct'
[I] 17:16:59.629(0000000000137E24):[AMQP0]declare queue 'sc.task.rpc.734f31d0a29b11e78d83c3ce94e19c0e'
[I] 17:16:59.630(0000000000137E24):[RPCC:sc.task.rpc]create rpc client 'sc.task.rpc' in conn AMQP0
[I] 17:16:59.638(0000000000137E24):PBEncoder success load file 'E:\product\protocol\sc_task.proto.js'
[I] 17:16:59.670(0000000000137E24):[AMQP0]declare queue 'sr.customer.tag.rpc.73554c50a29b11e78d83c3ce94e19c0e'
[I] 17:16:59.670(0000000000137E24):[RPCC:sr.customer.tag.rpc]create rpc client 'sr.customer.tag.rpc' in conn AMQP0
[I] 17:16:59.670(0000000000137E24):[AMQP0]declare queue 'sr.customer.point.rpc.73557360a29b11e78d83c3ce94e19c0e'
[I] 17:16:59.671(0000000000137E24):[RPCC:sr.customer.point.rpc]create rpc client 'sr.customer.point.rpc' in conn AMQP0
[I] 17:16:59.678(0000000000137E24):PBEncoder success load file 'E:\product\protocol\sr_customer_point.proto.js'
[I] 17:16:59.684(0000000000137E24):PBEncoder success load file 'E:\product\protocol\sr_customer_tag.proto.js'
[W] 17:16:59.693(0000000000137E24):[AMQP0]rpc client 'cf.wechat.rpc' declare repeat!
[I] 17:16:59.694(0000000000137E24):[AMQP0]declare queue 'sr.customer.coupon_class.rpc.73591ce0a29b11e78d83c3ce94e19c0e'
[I] 17:16:59.694(0000000000137E24):[RPCC:sr.customer.coupon_class.rpc]create rpc client 'sr.customer.coupon_class.rpc' in conn AMQP0
[I] 17:16:59.695(0000000000137E24):[AMQP0]declare queue 'sr.customer.coupon.rpc.735943f0a29b11e78d83c3ce94e19c0e'
[I] 17:16:59.695(0000000000137E24):[RPCC:sr.customer.coupon.rpc]create rpc client 'sr.customer.coupon.rpc' in conn AMQP0
[I] 17:16:59.707(0000000000137E24):PBEncoder success load file 'E:\product\protocol\sr_customer_coupon.proto.js'
[W] 17:16:59.708(0000000000137E24):[AMQP0]rpc client 'cf.wechat.rpc' declare repeat!
[I] 17:16:59.708(0000000000137E24):[AMQP0]declare queue 'cf.wxpay.rpc.735b3fc0a29b11e78d83c3ce94e19c0e'
[I] 17:16:59.708(0000000000137E24):[RPCC:cf.wxpay.rpc]create rpc client 'cf.wxpay.rpc' in conn AMQP0
[I] 17:16:59.729(0000000000137E24):PBEncoder success load file 'E:\product\protocol\cf_wxpay.proto.js'
[W] 17:16:59.730(0000000000137E24):[AMQP0]rpc client 'sr.customer.point.rpc' declare repeat!
[W] 17:16:59.737(0000000000137E24):[AMQP0]exchange amq.direct already declare!!
[W] 17:16:59.738(0000000000137E24):[AMQP0]rpc client 'sr.customer.rpc' declare repeat!
[W] 17:16:59.738(0000000000137E24):[AMQP0]rpc client 'sr.customer.coupon.rpc' declare repeat!
[W] 17:16:59.738(0000000000137E24):[AMQP0]rpc client 'cf.wechat.rpc' declare repeat!
[W] 17:16:59.740(0000000000137E24):[AMQP0]exchange amq.direct already declare!!
[I] 17:16:59.740(0000000000137E24):[AMQP0]declare queue 'cf.baidu.rpc.736021c0a29b11e78d83c3ce94e19c0e'
[I] 17:16:59.740(0000000000137E24):[RPCC:cf.baidu.rpc]create rpc client 'cf.baidu.rpc' in conn AMQP0
[I] 17:16:59.745(0000000000137E24):PBEncoder success load file 'E:\product\protocol\cf_baidu.proto.js'
[I] 17:16:59.750(0000000000137E24):[AMQP3]created
[I] 17:16:59.767(0000000000137E24):[AMQP4]created
[I] 17:16:59.767(0000000000137E24):[AMQP4]declare exchange 'amq.direct'
[I] 17:16:59.768(0000000000137E24):[AMQP4]declare queue 'cf.app.rpc.73646780a29b11e78d83c3ce94e19c0e'
[I] 17:16:59.768(0000000000137E24):[RPCC:cf.app.rpc]create rpc client 'cf.app.rpc' in conn AMQP4
[I] 17:16:59.768(0000000000137E24):[AMQP4]declare queue 'cf.wechat.rpc.73646781a29b11e78d83c3ce94e19c0e'
[I] 17:16:59.768(0000000000137E24):[RPCC:cf.wechat.rpc]create rpc client 'cf.wechat.rpc' in conn AMQP4
[I] 17:16:59.769(0000000000137E24):[AMQP4]declare queue 'cf.rpc.73648e90a29b11e78d83c3ce94e19c0e'
[I] 17:16:59.769(0000000000137E24):[RPCC:cf.rpc]create rpc client 'cf.rpc' in conn AMQP4
[I] 17:16:59.769(0000000000137E24):[AMQP4]declare queue 'sc.task.rpc.73648e91a29b11e78d83c3ce94e19c0e'
[I] 17:16:59.769(0000000000137E24):[RPCC:sc.task.rpc]create rpc client 'sc.task.rpc' in conn AMQP4
[I] 17:16:59.773(0000000000137E24):[AMQP5]created
[I] 17:16:59.773(0000000000137E24):[AMQP5]declare exchange 'amq.direct'
[I] 17:16:59.774(0000000000137E24):[AMQP5]declare queue 'cf.wechat.rpc.736551e0a29b11e78d83c3ce94e19c0e'
[I] 17:16:59.774(0000000000137E24):[RPCC:cf.wechat.rpc]create rpc client 'cf.wechat.rpc' in conn AMQP5
[W] 17:16:59.776(0000000000137E24):[AMQP0]rpc client 'sr.customer.point.rpc' declare repeat!
[I] 17:16:59.778(0000000000137E24):[AMQP6]created
[I] 17:16:59.779(0000000000137E24):[AMQP6]declare exchange 'amq.direct'
[I] 17:16:59.779(0000000000137E24):[AMQP6]declare queue 'cf.wechat.rpc.73661530a29b11e78d83c3ce94e19c0e'
[I] 17:16:59.779(0000000000137E24):[RPCC:cf.wechat.rpc]create rpc client 'cf.wechat.rpc' in conn AMQP6
[I] 17:16:59.784(0000000000137E24):[AMQP7]created
[I] 17:16:59.784(0000000000137E24):[AMQP7]declare exchange 'amq.direct'
[I] 17:16:59.785(0000000000137E24):[AMQP7]declare queue 'sc.task.rpc.7366d880a29b11e78d83c3ce94e19c0e'
[I] 17:16:59.785(0000000000137E24):[RPCC:sc.task.rpc]create rpc client 'sc.task.rpc' in conn AMQP7
[I] 17:16:59.785(0000000000137E24):[AMQP7]declare queue 'sr.customer.rewardfail.7366ff90a29b11e78d83c3ce94e19c0e'
[I] 17:16:59.785(0000000000137E24):[RPCC:sr.customer.rewardfail]create rpc client 'sr.customer.rewardfail' in conn AMQP7
[W] 17:16:59.789(0000000000137E24):[AMQP0]exchange amq.direct already declare!!
[W] 17:16:59.789(0000000000137E24):[AMQP0]rpc client 'sr.customer.tag.rpc' declare repeat!
[W] 17:16:59.789(0000000000137E24):[AMQP0]rpc client 'sc.task.rpc' declare repeat!
[W] 17:16:59.792(0000000000137E24):[AMQP0]exchange amq.direct already declare!!
[I] 17:16:59.792(0000000000137E24):[AMQP0]declare queue 'sr.trade.rpc.73681100a29b11e78d83c3ce94e19c0e'
[I] 17:16:59.792(0000000000137E24):[RPCC:sr.trade.rpc]create rpc client 'sr.trade.rpc' in conn AMQP0
[I] 17:16:59.796(0000000000137E24):PBEncoder success load file 'E:\product\protocol\sr_trade.proto.js'
[I] 17:16:59.799(0000000000137E24):[AMQP8]created
[I] 17:16:59.800(0000000000137E24):[AMQP8]declare exchange 'amq.direct'
[I] 17:16:59.800(0000000000137E24):[AMQP8]declare queue 'cf.wechat.rpc.73694980a29b11e78d83c3ce94e19c0e'
[I] 17:16:59.800(0000000000137E24):[RPCC:cf.wechat.rpc]create rpc client 'cf.wechat.rpc' in conn AMQP8
[I] 17:16:59.824(0000000000137E24):[redis]redis connect
[I] 17:16:59.837(0000000000137E24):[redis]redis ready
[I] 17:16:59.841(0000000000137E24):[MP1]create connection #0
[T] 17:16:59.841(0000000000137E24):[MP1]getConnection success,getIndex=0
[I] 17:16:59.842(0000000000137E24):[MP1]create connection #1
[T] 17:16:59.842(0000000000137E24):[MP1]getConnection success,getIndex=1
[T] 17:16:59.849(0000000000137E24):[MySQL]Query success,used time:6 ms,sql="select * from cf_account where enabled=1 and function_mask like \"1%\""
[T] 17:16:59.856(0000000000137E24):[MySQL]Query success,used time:12 ms,sql="SELECT * FROM `sc_org`"
[T] 17:16:59.857(0000000000137E24):getConnection release,getIndex=0
[T] 17:16:59.857(0000000000137E24):getConnection release,getIndex=1
[I] 17:16:59.857(0000000000137E24):[AM]get account list success: [{"innerid":"HEDV35FASG-DGW423A-34TGGW53AAD66","name":"乐逛演示","org_id":"1","shop_id":null,"settlement_id":null,"method_code":1,"method_code_key":"wechat_test3_1","function_mask":"10","config":"{\"accountid\":\"gh_92368265694f\",\"fee_type\":\"CNY\",\"appid\":\"wx39bf9ff3da6fc1e7\",\"appsecret\":\"e00fc51118b318fb99cff35d217865fc\",\"mch_id\":\"1287801701\",\"sub_mch_id\":\"\",\"sign_key\":\"smartpaysmartpaysmartpaysmartpay\",\"key_file\":\"apiclient_key.pem\",\"cert_file\":\"apiclient_cert.pem\",\"pay_authorization_dir\":[\"\",\"\",\"\"],\"pay_native_callback\":\"\",\"pay_finish_notify\":\"1\",\"pay_alarm_notify\":\"\"}","enabled":1,"desc":null},{"innerid":"SE43RG3ASG-34GWW55A-34TG43HER452","name":"短信测试一","org_id":"1","shop_id":null,"settlement_id":null,"method_code":2,"method_code_key":"wechat_test1_2","function_mask":"10","config":"{\"url\" : \"http://211.147.239.62:9050/cgi-bin/sendsms\",\"username\" : \"shopperconnect@smartac\",\"password\" : \"shopCNT@smartc2016\"}","enabled":1,"desc":null},{"innerid":"SMFGSW423GWS-G43HTEHE2-HHEDR5462HS","name":"邮件测试一","org_id":"1","shop_id":null,"settlement_id":null,"method_code":3,"method_code_key":"wechat_test1_3","function_mask":"10","config":"{\"smtpserver\" : \"smtp.163.com\",\"port\": 25,\"username\" : \"zyqtest5@163.com\",\"password\" : \"zyqtest5881119\",\"SSL\":false}","enabled":1,"desc":null}]
[T] 17:16:59.861(0000000000137E24):Http is running,port is 18910
[I] 17:16:59.889(0000000000137E24):[AMQP0]AMQP0 connect 'amqp://guest:guest@172.16.0.81:5672' success!
[I] 17:16:59.892(0000000000137E24):[AMQP7]AMQP7 connect 'amqp://guest:guest@172.16.0.81:5672' success!
[I] 17:16:59.893(0000000000137E24):[AMQP1]AMQP1 connect 'amqp://guest:guest@172.16.0.81:5672' success!
[I] 17:16:59.893(0000000000137E24):[AMQP6]AMQP6 connect 'amqp://guest:guest@172.16.0.81:5672' success!
[I] 17:16:59.894(0000000000137E24):[AMQP4]AMQP4 connect 'amqp://guest:guest@172.16.0.81:5672' success!
[I] 17:16:59.895(0000000000137E24):[AMQP5]AMQP5 connect 'amqp://guest:guest@172.16.0.81:5672' success!
[I] 17:16:59.896(0000000000137E24):[AMQP8]AMQP8 connect 'amqp://guest:guest@172.16.0.81:5672' success!
[I] 17:16:59.911(0000000000137E24):[AMQP0]success declare queue 'cf.rpc.73066900a29b11e78d83c3ce94e19c0e'
[I] 17:16:59.911(0000000000137E24):[AMQP1]success declare exchange 'amq.direct'
[I] 17:16:59.912(0000000000137E24):[AMQP7]success declare exchange 'amq.direct'
[I] 17:16:59.914(0000000000137E24):[AMQP8]success declare exchange 'amq.direct'
[I] 17:16:59.914(0000000000137E24):[AMQP6]success declare exchange 'amq.direct'
[I] 17:16:59.914(0000000000137E24):[AMQP5]success declare exchange 'amq.direct'
[I] 17:16:59.915(0000000000137E24):[AMQP4]success declare exchange 'amq.direct'
[I] 17:16:59.916(0000000000137E24):[AMQP0]success consume 'cf.rpc.73066900a29b11e78d83c3ce94e19c0e'
[I] 17:16:59.920(0000000000137E24):[AMQP0]success binding 'amq.direct'->'cf.rpc.73066900a29b11e78d83c3ce94e19c0e'(cf.rpc.73066900a29b11e78d83c3ce94e19c0e)
[I] 17:16:59.921(0000000000137E24):[AMQP7]success declare queue 'sc.task.rpc.7366d880a29b11e78d83c3ce94e19c0e'
[I] 17:16:59.922(0000000000137E24):[AMQP1]success declare queue 'cf.wechat.rpc.734e2060a29b11e78d83c3ce94e19c0e'
[I] 17:16:59.922(0000000000137E24):[AMQP6]success declare queue 'cf.wechat.rpc.73661530a29b11e78d83c3ce94e19c0e'
[I] 17:16:59.922(0000000000137E24):[AMQP5]success declare queue 'cf.wechat.rpc.736551e0a29b11e78d83c3ce94e19c0e'
[I] 17:16:59.923(0000000000137E24):[AMQP8]success declare queue 'cf.wechat.rpc.73694980a29b11e78d83c3ce94e19c0e'
[I] 17:16:59.924(0000000000137E24):[AMQP5]success consume 'cf.wechat.rpc.736551e0a29b11e78d83c3ce94e19c0e'
[I] 17:16:59.925(0000000000137E24):[AMQP4]success declare queue 'cf.app.rpc.73646780a29b11e78d83c3ce94e19c0e'
[I] 17:16:59.926(0000000000137E24):[AMQP7]success consume 'sc.task.rpc.7366d880a29b11e78d83c3ce94e19c0e'
[I] 17:16:59.926(0000000000137E24):[AMQP8]success consume 'cf.wechat.rpc.73694980a29b11e78d83c3ce94e19c0e'
[I] 17:16:59.927(0000000000137E24):[AMQP6]success consume 'cf.wechat.rpc.73661530a29b11e78d83c3ce94e19c0e'
[I] 17:16:59.927(0000000000137E24):[AMQP1]success consume 'cf.wechat.rpc.734e2060a29b11e78d83c3ce94e19c0e'
[I] 17:16:59.927(0000000000137E24):[AMQP5]success binding 'amq.direct'->'cf.wechat.rpc.736551e0a29b11e78d83c3ce94e19c0e'(cf.wechat.rpc.736551e0a29b11e78d83c3ce94e19c0e)
[I] 17:16:59.928(0000000000137E24):[AMQP0]success declare queue 'cf.wechat.rpc.731906a0a29b11e78d83c3ce94e19c0e'
[I] 17:16:59.928(0000000000137E24):[AMQP4]success consume 'cf.app.rpc.73646780a29b11e78d83c3ce94e19c0e'
[I] 17:16:59.929(0000000000137E24):[AMQP7]success binding 'amq.direct'->'sc.task.rpc.7366d880a29b11e78d83c3ce94e19c0e'(sc.task.rpc.7366d880a29b11e78d83c3ce94e19c0e)
[I] 17:16:59.929(0000000000137E24):[AMQP8]success binding 'amq.direct'->'cf.wechat.rpc.73694980a29b11e78d83c3ce94e19c0e'(cf.wechat.rpc.73694980a29b11e78d83c3ce94e19c0e)
[I] 17:16:59.930(0000000000137E24):[AMQP6]success binding 'amq.direct'->'cf.wechat.rpc.73661530a29b11e78d83c3ce94e19c0e'(cf.wechat.rpc.73661530a29b11e78d83c3ce94e19c0e)
[I] 17:16:59.931(0000000000137E24):[AMQP1]success binding 'amq.direct'->'cf.wechat.rpc.734e2060a29b11e78d83c3ce94e19c0e'(cf.wechat.rpc.734e2060a29b11e78d83c3ce94e19c0e)
[I] 17:16:59.931(0000000000137E24):[AMQP0]success consume 'cf.wechat.rpc.731906a0a29b11e78d83c3ce94e19c0e'
[I] 17:16:59.935(0000000000137E24):[AMQP4]success binding 'amq.direct'->'cf.app.rpc.73646780a29b11e78d83c3ce94e19c0e'(cf.app.rpc.73646780a29b11e78d83c3ce94e19c0e)
[I] 17:16:59.935(0000000000137E24):[AMQP7]success declare queue 'sr.customer.rewardfail.7366ff90a29b11e78d83c3ce94e19c0e'
[I] 17:16:59.935(0000000000137E24):[AMQP0]success binding 'amq.direct'->'cf.wechat.rpc.731906a0a29b11e78d83c3ce94e19c0e'(cf.wechat.rpc.731906a0a29b11e78d83c3ce94e19c0e)
[I] 17:16:59.937(0000000000137E24):[AMQP0]success declare exchange 'cf.wechat.notify'
[I] 17:16:59.938(0000000000137E24):[AMQP7]success consume 'sr.customer.rewardfail.7366ff90a29b11e78d83c3ce94e19c0e'
[I] 17:16:59.939(0000000000137E24):[AMQP4]success declare queue 'cf.wechat.rpc.73646781a29b11e78d83c3ce94e19c0e'
[I] 17:16:59.942(0000000000137E24):[AMQP7]success binding 'amq.direct'->'sr.customer.rewardfail.7366ff90a29b11e78d83c3ce94e19c0e'(sr.customer.rewardfail.7366ff90a29b11e78d83c3ce94e19c0e)
[I] 17:16:59.942(0000000000137E24):[AMQP4]success consume 'cf.wechat.rpc.73646781a29b11e78d83c3ce94e19c0e'
[I] 17:16:59.943(0000000000137E24):[AMQP0]success declare queue 'jiaxingwang.sc_admin.wechat.73238df0a29b11e78d83c3ce94e19c0e'
[I] 17:16:59.944(0000000000137E24):[AMQP0]success consume 'jiaxingwang.sc_admin.wechat.73238df0a29b11e78d83c3ce94e19c0e'
[I] 17:16:59.945(0000000000137E24):[AMQP4]success binding 'amq.direct'->'cf.wechat.rpc.73646781a29b11e78d83c3ce94e19c0e'(cf.wechat.rpc.73646781a29b11e78d83c3ce94e19c0e)
[I] 17:16:59.947(0000000000137E24):[AMQP0]success binding 'cf.wechat.notify'->'jiaxingwang.sc_admin.wechat.73238df0a29b11e78d83c3ce94e19c0e'(#)
[I] 17:16:59.950(0000000000137E24):[AMQP4]success declare queue 'cf.rpc.73648e90a29b11e78d83c3ce94e19c0e'
[I] 17:16:59.951(0000000000137E24):[AMQP0]success declare queue 'cf.app.rpc.7323b500a29b11e78d83c3ce94e19c0e'
[I] 17:16:59.953(0000000000137E24):[AMQP4]success consume 'cf.rpc.73648e90a29b11e78d83c3ce94e19c0e'
[I] 17:16:59.959(0000000000137E24):[AMQP0]success consume 'cf.app.rpc.7323b500a29b11e78d83c3ce94e19c0e'
[I] 17:16:59.959(0000000000137E24):[AMQP4]success binding 'amq.direct'->'cf.rpc.73648e90a29b11e78d83c3ce94e19c0e'(cf.rpc.73648e90a29b11e78d83c3ce94e19c0e)
[I] 17:16:59.961(0000000000137E24):[AMQP0]success binding 'amq.direct'->'cf.app.rpc.7323b500a29b11e78d83c3ce94e19c0e'(cf.app.rpc.7323b500a29b11e78d83c3ce94e19c0e)
[I] 17:16:59.964(0000000000137E24):[AMQP4]success declare queue 'sc.task.rpc.73648e91a29b11e78d83c3ce94e19c0e'
[I] 17:16:59.967(0000000000137E24):[AMQP0]success declare queue 'cf.alipay.rpc.73249f60a29b11e78d83c3ce94e19c0e'
[I] 17:16:59.969(0000000000137E24):[AMQP4]success consume 'sc.task.rpc.73648e91a29b11e78d83c3ce94e19c0e'
[I] 17:16:59.971(0000000000137E24):[AMQP0]success consume 'cf.alipay.rpc.73249f60a29b11e78d83c3ce94e19c0e'
[I] 17:16:59.971(0000000000137E24):[AMQP4]success binding 'amq.direct'->'sc.task.rpc.73648e91a29b11e78d83c3ce94e19c0e'(sc.task.rpc.73648e91a29b11e78d83c3ce94e19c0e)
[I] 17:16:59.975(0000000000137E24):[AMQP0]success binding 'amq.direct'->'cf.alipay.rpc.73249f60a29b11e78d83c3ce94e19c0e'(cf.alipay.rpc.73249f60a29b11e78d83c3ce94e19c0e)
[I] 17:16:59.980(0000000000137E24):[AMQP0]success declare queue 'cf.ding.rpc.7325fef0a29b11e78d83c3ce94e19c0e'
[I] 17:16:59.981(0000000000137E24):[AMQP0]success consume 'cf.ding.rpc.7325fef0a29b11e78d83c3ce94e19c0e'
[I] 17:16:59.985(0000000000137E24):[AMQP0]success binding 'amq.direct'->'cf.ding.rpc.7325fef0a29b11e78d83c3ce94e19c0e'(cf.ding.rpc.7325fef0a29b11e78d83c3ce94e19c0e)
[I] 17:16:59.987(0000000000137E24):[AMQP0]success declare exchange 'cf.ding.notify'
[I] 17:16:59.991(0000000000137E24):[AMQP0]success declare queue 'jiaxingwang.sc_admin.ding.732821d0a29b11e78d83c3ce94e19c0e'
[I] 17:16:59.992(0000000000137E24):[AMQP0]success consume 'jiaxingwang.sc_admin.ding.732821d0a29b11e78d83c3ce94e19c0e'
[I] 17:16:59.996(0000000000137E24):[AMQP0]success binding 'cf.ding.notify'->'jiaxingwang.sc_admin.ding.732821d0a29b11e78d83c3ce94e19c0e'(#)
[I] 17:17:00.006(0000000000137E24):[AMQP0]success declare queue 'sr.customer.rpc.732a6bc0a29b11e78d83c3ce94e19c0e'
[I] 17:17:00.010(0000000000137E24):[AMQP0]success consume 'sr.customer.rpc.732a6bc0a29b11e78d83c3ce94e19c0e'
[I] 17:17:00.013(0000000000137E24):[AMQP0]success binding 'amq.direct'->'sr.customer.rpc.732a6bc0a29b11e78d83c3ce94e19c0e'(sr.customer.rpc.732a6bc0a29b11e78d83c3ce94e19c0e)
[I] 17:17:00.014(0000000000137E24):[AMQP0]success declare exchange 'amq.direct'
[I] 17:17:00.018(0000000000137E24):[AMQP0]success declare queue 'sc.task.rpc.734f31d0a29b11e78d83c3ce94e19c0e'
[I] 17:17:00.020(0000000000137E24):[AMQP0]success consume 'sc.task.rpc.734f31d0a29b11e78d83c3ce94e19c0e'
[I] 17:17:00.023(0000000000137E24):[AMQP0]success binding 'amq.direct'->'sc.task.rpc.734f31d0a29b11e78d83c3ce94e19c0e'(sc.task.rpc.734f31d0a29b11e78d83c3ce94e19c0e)
[I] 17:17:00.027(0000000000137E24):[AMQP0]success declare queue 'sr.customer.tag.rpc.73554c50a29b11e78d83c3ce94e19c0e'
[I] 17:17:00.029(0000000000137E24):[AMQP0]success consume 'sr.customer.tag.rpc.73554c50a29b11e78d83c3ce94e19c0e'
[I] 17:17:00.031(0000000000137E24):[AMQP0]success binding 'amq.direct'->'sr.customer.tag.rpc.73554c50a29b11e78d83c3ce94e19c0e'(sr.customer.tag.rpc.73554c50a29b11e78d83c3ce94e19c0e)
[I] 17:17:00.035(0000000000137E24):[AMQP0]success declare queue 'sr.customer.point.rpc.73557360a29b11e78d83c3ce94e19c0e'
[I] 17:17:00.038(0000000000137E24):[AMQP0]success consume 'sr.customer.point.rpc.73557360a29b11e78d83c3ce94e19c0e'
[I] 17:17:00.040(0000000000137E24):[AMQP0]success binding 'amq.direct'->'sr.customer.point.rpc.73557360a29b11e78d83c3ce94e19c0e'(sr.customer.point.rpc.73557360a29b11e78d83c3ce94e19c0e)
[I] 17:17:00.044(0000000000137E24):[AMQP0]success declare queue 'sr.customer.coupon_class.rpc.73591ce0a29b11e78d83c3ce94e19c0e'
[I] 17:17:00.046(0000000000137E24):[AMQP0]success consume 'sr.customer.coupon_class.rpc.73591ce0a29b11e78d83c3ce94e19c0e'
[I] 17:17:00.048(0000000000137E24):[AMQP0]success binding 'amq.direct'->'sr.customer.coupon_class.rpc.73591ce0a29b11e78d83c3ce94e19c0e'(sr.customer.coupon_class.rpc.73591ce0a29b11e78d83c3ce94e19c0e)
[I] 17:17:00.051(0000000000137E24):[AMQP0]success declare queue 'sr.customer.coupon.rpc.735943f0a29b11e78d83c3ce94e19c0e'
[I] 17:17:00.053(0000000000137E24):[AMQP0]success consume 'sr.customer.coupon.rpc.735943f0a29b11e78d83c3ce94e19c0e'
[I] 17:17:00.055(0000000000137E24):[AMQP0]success binding 'amq.direct'->'sr.customer.coupon.rpc.735943f0a29b11e78d83c3ce94e19c0e'(sr.customer.coupon.rpc.735943f0a29b11e78d83c3ce94e19c0e)
[I] 17:17:00.059(0000000000137E24):[AMQP0]success declare queue 'cf.wxpay.rpc.735b3fc0a29b11e78d83c3ce94e19c0e'
[I] 17:17:00.061(0000000000137E24):[AMQP0]success consume 'cf.wxpay.rpc.735b3fc0a29b11e78d83c3ce94e19c0e'
[I] 17:17:00.065(0000000000137E24):[AMQP0]success binding 'amq.direct'->'cf.wxpay.rpc.735b3fc0a29b11e78d83c3ce94e19c0e'(cf.wxpay.rpc.735b3fc0a29b11e78d83c3ce94e19c0e)
[I] 17:17:00.075(0000000000137E24):[AMQP0]success declare queue 'cf.baidu.rpc.736021c0a29b11e78d83c3ce94e19c0e'
[I] 17:17:00.076(0000000000137E24):[AMQP0]success consume 'cf.baidu.rpc.736021c0a29b11e78d83c3ce94e19c0e'
[I] 17:17:00.079(0000000000137E24):[AMQP0]success binding 'amq.direct'->'cf.baidu.rpc.736021c0a29b11e78d83c3ce94e19c0e'(cf.baidu.rpc.736021c0a29b11e78d83c3ce94e19c0e)
[I] 17:17:00.082(0000000000137E24):[AMQP0]success declare queue 'sr.trade.rpc.73681100a29b11e78d83c3ce94e19c0e'
[I] 17:17:00.084(0000000000137E24):[AMQP0]success consume 'sr.trade.rpc.73681100a29b11e78d83c3ce94e19c0e'
[I] 17:17:00.086(0000000000137E24):[AMQP0]success binding 'amq.direct'->'sr.trade.rpc.73681100a29b11e78d83c3ce94e19c0e'(sr.trade.rpc.73681100a29b11e78d83c3ce94e19c0e)
[I] 17:17:02.436(0000000000137E24):login param :{"name":"admin","password":"e10adc3949ba59abbe56e057f20f883e"}
[T] 17:17:02.438(0000000000137E24):[MP1]getConnection success,getIndex=2
[T] 17:17:02.441(0000000000137E24):[MySQL]Query success,used time:2 ms,sql="SELECT `innerid`,`type`,`bindid`,`role_id`,`userid`,`name`,`language`,`profile_photo`,`birthday`,`position`,`mobile`,`gender`,`email`,`qq`,`weibo`,`wechat`,         `facebook`,`remark` FROM sc_user WHERE isdeleted = '0' AND userid = 'admin' AND `password` = 'e10adc3949ba59abbe56e057f20f883e';"
[T] 17:17:02.441(0000000000137E24):getConnection release,getIndex=2
[T] 17:17:02.442(0000000000137E24):[MP1]getConnection success,getIndex=3
[T] 17:17:02.445(0000000000137E24):[MySQL]Query success,used time:1 ms,sql="SELECT menu.innerid,menu.menukey,module.modulekey,role.permission         FROM sc_role_define role LEFT JOIN sc_menu menu ON role.menu_key = menu.menukey         LEFT JOIN sc_module module ON menu.moduleid = module.innerid         WHERE role.role_id = (SELECT role_id FROM sc_user WHERE userid = 'admin' AND PASSWORD = 'e10adc3949ba59abbe56e057f20f883e' AND isdeleted = 0 LIMIT 1)         AND menu.isdisplay = 1 ORDER BY permission DESC"
[T] 17:17:02.445(0000000000137E24):getConnection release,getIndex=3
[I] 17:17:02.446(0000000000137E24):userinfo:{"innerid":"4ceea494-6ec7-5401-59a9-af7451ce5f8a","type":1,"bindid":"1","role_id":"a9eae0c5-a7a1-11e5-9d85-005056bbd22e","userid":"admin","name":"admin","language":0,"profile_photo":"","birthday":"1899-12-31T16:00:00.000Z","position":"超级管理员","mobile":"","gender":1,"email":"","qq":"","weibo":"","wechat":"","facebook":"","remark":"","User_int_TenantID":"1","user_id":"admin"}
[E] 17:17:02.447(0000000000137E24):create session fail!miss staff id
[E] 17:17:02.447(0000000000137E24):/api/login crash!err=TypeError: Cannot read property 'id' of null
    at Object.login [as /api/login] (E:\product\scAdmin\js\sc\router\user.js:68:39)
    at next (native)
    at E:\product\scAdmin\js\sc\router\user.js:27:13
    at next (native)
    at onFulfilled (E:\product\node_modules\co\index.js:65:19)
    at tryCatcher (E:\product\node_modules\smartacjs\node_modules\bluebird\js\release\util.js:11:23)
    at Promise._settlePromiseFromHandler (E:\product\node_modules\smartacjs\node_modules\bluebird\js\release\promise.js:488:31)
    at Promise._settlePromise (E:\product\node_modules\smartacjs\node_modules\bluebird\js\release\promise.js:545:18)
    at Promise._settlePromise0 (E:\product\node_modules\smartacjs\node_modules\bluebird\js\release\promise.js:590:10)
    at Promise._settlePromises (E:\product\node_modules\smartacjs\node_modules\bluebird\js\release\promise.js:673:18)
    at Async._drainQueue (E:\product\node_modules\smartacjs\node_modules\bluebird\js\release\async.js:125:16)
    at Async._drainQueues (E:\product\node_modules\smartacjs\node_modules\bluebird\js\release\async.js:135:10)
    at Immediate.Async.drainQueues [as _onImmediate] (E:\product\node_modules\smartacjs\node_modules\bluebird\js\release\async.js:16:14)
    at tryOnImmediate (timers.js:534:15)
    at processImmediate [as _immediateCallback] (timers.js:514:5)
[W] 17:17:24.213(0000000000137708):recv 'Ctrl+C' break sign!next exit!
[D] 17:17:24.221(0000000000137708):worker process log socket error!err=Error: read ECONNRESET
    at exports._errnoException (util.js:890:11)
    at TCP.onread (net.js:550:26)
[D] 17:17:24.221(0000000000137708):worker process log socket close!
[D] 17:17:24.222(0000000000137708):worker process log socket error!err=Error: read ECONNRESET
    at exports._errnoException (util.js:890:11)
    at TCP.onread (net.js:550:26)
[D] 17:17:24.223(0000000000137708):worker process log socket error!err=Error: read ECONNRESET
    at exports._errnoException (util.js:890:11)
    at TCP.onread (net.js:550:26)
[D] 17:17:24.223(0000000000137708):worker process log socket close!
[D] 17:17:24.223(0000000000137708):worker process log socket close!
[W] 17:17:24.228(0000000000137708):worker 137C20(0#) died.
[W] 17:17:24.229(0000000000137708):worker 1380A8(1#) died.
[W] 17:17:24.229(0000000000137708):worker 137E24(2#) died.
[W] 17:17:24.425(0000000000137708):try restart worker 0# ...
[I] 17:17:24.455(0000000000137708):start worker success,pid=138C24(0#)
