[D] 21:54:38.033(00000000000021BC):master log socket server started! host=::, port=49433
[I] 21:54:38.033(00000000000021BC):master log channel started!port=49433
[W] 21:54:39.063(00000000000021BC):try restart worker 0# ...
[I] 21:54:39.187(00000000000021BC):start worker success,pid=1D30(0#)
[D] 21:54:40.576(00000000000021BC):worker process log socket connected!
[D] 21:54:40.388(0000000000001D30):worker 0# ready to connect master log socket server, port=49433
[D] 21:54:40.590(0000000000001D30):worker 0# log socket connected!
[I] 21:54:44.662(0000000000001D30):PBEncoder success load file 'E:\项目\product\protocol\sc_system.proto.js'
[T] 21:54:45.099(0000000000001D30):Http is running,port is 18910
[W] 22:03:46.352(00000000000021BC):recv 'Ctrl+C' break sign!next exit!
[D] 22:03:46.368(00000000000021BC):worker process log socket error!err=Error: read ECONNRESET
    at exports._errnoException (util.js:1020:11)
    at TCP.onread (net.js:568:26)
[D] 22:03:46.383(00000000000021BC):worker process log socket close!
[W] 22:03:46.399(00000000000021BC):worker 1D30(0#) died.
[W] 22:03:47.023(00000000000021BC):try restart worker 0# ...
[I] 22:03:47.085(00000000000021BC):start worker success,pid=1DF4(0#)
[D] 22:03:48.458(00000000000021BC):worker process log socket connected!
[D] 22:03:48.427(0000000000001DF4):worker 0# ready to connect master log socket server, port=49433
[D] 22:03:48.458(0000000000001DF4):worker 0# log socket connected!
[I] 22:03:50.158(0000000000001DF4):PBEncoder success load file 'E:\项目\product\protocol\sc_system.proto.js'
[T] 22:03:50.299(0000000000001DF4):Http is running,port is 18910
