[D] 17:28:20.163(000000000013C590):master log socket server started! host=::, port=47270
[I] 17:28:20.174(000000000013C590):master log channel started!port=47270
[W] 17:28:21.175(000000000013C590):try restart worker 0# ...
[I] 17:28:21.185(000000000013C590):start worker success,pid=13C300(0#)
[D] 17:28:21.839(000000000013C590):worker process log socket connected!
[D] 17:28:21.831(000000000013C300):worker 0# ready to connect master log socket server, port=47270
[D] 17:28:21.840(000000000013C300):worker 0# log socket connected!
[W] 17:28:22.195(000000000013C590):try restart worker 1# ...
[I] 17:28:22.201(000000000013C590):start worker success,pid=13C444(1#)
[I] 17:28:22.456(000000000013C300):[AMQP0]created
[I] 17:28:22.483(000000000013C300):[AMQP0]declare queue 'cf.rpc.0a524b20a29d11e7b11c3fe2a082c81a'
[I] 17:28:22.484(000000000013C300):[RPCC:cf.rpc]create rpc client 'cf.rpc' in conn AMQP0
[I] 17:28:22.592(000000000013C300):PBEncoder success load file 'E:\product\protocol\cf.proto.js'
[I] 17:28:22.593(000000000013C300):[AMQP0]declare queue 'cf.wechat.rpc.0a633b10a29d11e7b11c3fe2a082c81a'
[I] 17:28:22.593(000000000013C300):[RPCC:cf.wechat.rpc]create rpc client 'cf.wechat.rpc' in conn AMQP0
[I] 17:28:22.644(000000000013C300):PBEncoder success load file 'E:\product\protocol\cf_wechat.proto.js'
[I] 17:28:22.645(000000000013C300):[AMQP0]declare exchange 'cf.wechat.notify'
[I] 17:28:22.645(000000000013C300):[AMQP0]declare queue 'jiaxingwang.sc_admin.wechat.0a6b2a50a29d11e7b11c3fe2a082c81a'
[I] 17:28:22.646(000000000013C300):[AMQP0]declare queue 'cf.app.rpc.0a6b5160a29d11e7b11c3fe2a082c81a'
[I] 17:28:22.646(000000000013C300):[RPCC:cf.app.rpc]create rpc client 'cf.app.rpc' in conn AMQP0
[I] 17:28:22.652(000000000013C300):PBEncoder success load file 'E:\product\protocol\cf_app.proto.js'
[I] 17:28:22.652(000000000013C300):[AMQP0]declare queue 'cf.alipay.rpc.0a6c3bc0a29d11e7b11c3fe2a082c81a'
[I] 17:28:22.653(000000000013C300):[RPCC:cf.alipay.rpc]create rpc client 'cf.alipay.rpc' in conn AMQP0
[I] 17:28:22.672(000000000013C300):PBEncoder success load file 'E:\product\protocol\cf_alipay.proto.js'
[I] 17:28:22.672(000000000013C300):[AMQP0]declare queue 'cf.ding.rpc.0a6f4900a29d11e7b11c3fe2a082c81a'
[I] 17:28:22.673(000000000013C300):[RPCC:cf.ding.rpc]create rpc client 'cf.ding.rpc' in conn AMQP0
[I] 17:28:22.683(000000000013C300):PBEncoder success load file 'E:\product\protocol\cf_ding.proto.js'
[I] 17:28:22.683(000000000013C300):[AMQP0]declare exchange 'cf.ding.notify'
[I] 17:28:22.684(000000000013C300):[AMQP0]declare queue 'jiaxingwang.sc_admin.ding.0a711dc0a29d11e7b11c3fe2a082c81a'
[I] 17:28:22.684(000000000013C300):[AM]init and reload account!
[I] 17:28:22.688(000000000013C300):[AM]reload account success, account number is: 0
[I] 17:28:22.691(000000000013C300):[AMQP0]declare queue 'sr.customer.rpc.0a722f30a29d11e7b11c3fe2a082c81a'
[I] 17:28:22.692(000000000013C300):[RPCC:sr.customer.rpc]create rpc client 'sr.customer.rpc' in conn AMQP0
[I] 17:28:22.700(000000000013C300):PBEncoder success load file 'E:\product\protocol\sr_customer.proto.js'
[W] 17:28:22.700(000000000013C300):[AMQP0]rpc client 'cf.rpc' declare repeat!
[W] 17:28:22.701(000000000013C300):[AMQP0]rpc client 'cf.wechat.rpc' declare repeat!
[W] 17:28:22.701(000000000013C300):[AMQP0]rpc client 'cf.app.rpc' declare repeat!
[I] 17:28:22.867(000000000013C300):PBEncoder success load file 'E:\product\protocol\sc_system.proto.js'
[I] 17:28:22.911(000000000013C300):[AMQP1]created
[I] 17:28:22.912(000000000013C300):[AMQP1]declare exchange 'amq.direct'
[I] 17:28:22.912(000000000013C300):[AMQP1]declare queue 'cf.wechat.rpc.0a93e800a29d11e7b11c3fe2a082c81a'
[I] 17:28:22.912(000000000013C300):[RPCC:cf.wechat.rpc]create rpc client 'cf.wechat.rpc' in conn AMQP1
[I] 17:28:22.914(000000000013C300):[AMQP2]created
[I] 17:28:22.918(000000000013C300):[AMQP0]declare exchange 'amq.direct'
[I] 17:28:22.919(000000000013C300):[AMQP0]declare queue 'sc.task.rpc.0a94d260a29d11e7b11c3fe2a082c81a'
[I] 17:28:22.919(000000000013C300):[RPCC:sc.task.rpc]create rpc client 'sc.task.rpc' in conn AMQP0
[I] 17:28:22.927(000000000013C300):PBEncoder success load file 'E:\product\protocol\sc_task.proto.js'
[I] 17:28:22.950(000000000013C300):[AMQP0]declare queue 'sr.customer.tag.rpc.0a99b460a29d11e7b11c3fe2a082c81a'
[I] 17:28:22.951(000000000013C300):[RPCC:sr.customer.tag.rpc]create rpc client 'sr.customer.tag.rpc' in conn AMQP0
[I] 17:28:22.951(000000000013C300):[AMQP0]declare queue 'sr.customer.point.rpc.0a99db70a29d11e7b11c3fe2a082c81a'
[I] 17:28:22.951(000000000013C300):[RPCC:sr.customer.point.rpc]create rpc client 'sr.customer.point.rpc' in conn AMQP0
[I] 17:28:22.968(000000000013C300):PBEncoder success load file 'E:\product\protocol\sr_customer_point.proto.js'
[I] 17:28:22.974(000000000013C300):PBEncoder success load file 'E:\product\protocol\sr_customer_tag.proto.js'
[W] 17:28:22.983(000000000013C300):[AMQP0]rpc client 'cf.wechat.rpc' declare repeat!
[I] 17:28:22.984(000000000013C300):[AMQP0]declare queue 'sr.customer.coupon_class.rpc.0a9ee480a29d11e7b11c3fe2a082c81a'
[I] 17:28:22.984(000000000013C300):[RPCC:sr.customer.coupon_class.rpc]create rpc client 'sr.customer.coupon_class.rpc' in conn AMQP0
[I] 17:28:22.984(000000000013C300):[AMQP0]declare queue 'sr.customer.coupon.rpc.0a9ee481a29d11e7b11c3fe2a082c81a'
[I] 17:28:22.985(000000000013C300):[RPCC:sr.customer.coupon.rpc]create rpc client 'sr.customer.coupon.rpc' in conn AMQP0
[I] 17:28:22.998(000000000013C300):PBEncoder success load file 'E:\product\protocol\sr_customer_coupon.proto.js'
[W] 17:28:22.998(000000000013C300):[AMQP0]rpc client 'cf.wechat.rpc' declare repeat!
[I] 17:28:22.998(000000000013C300):[AMQP0]declare queue 'cf.wxpay.rpc.0aa10760a29d11e7b11c3fe2a082c81a'
[I] 17:28:22.998(000000000013C300):[RPCC:cf.wxpay.rpc]create rpc client 'cf.wxpay.rpc' in conn AMQP0
[I] 17:28:23.011(000000000013C300):PBEncoder success load file 'E:\product\protocol\cf_wxpay.proto.js'
[W] 17:28:23.012(000000000013C300):[AMQP0]rpc client 'sr.customer.point.rpc' declare repeat!
[W] 17:28:23.020(000000000013C300):[AMQP0]exchange amq.direct already declare!!
[W] 17:28:23.021(000000000013C300):[AMQP0]rpc client 'sr.customer.rpc' declare repeat!
[W] 17:28:23.021(000000000013C300):[AMQP0]rpc client 'sr.customer.coupon.rpc' declare repeat!
[W] 17:28:23.021(000000000013C300):[AMQP0]rpc client 'cf.wechat.rpc' declare repeat!
[W] 17:28:23.025(000000000013C300):[AMQP0]exchange amq.direct already declare!!
[I] 17:28:23.025(000000000013C300):[AMQP0]declare queue 'cf.baidu.rpc.0aa52610a29d11e7b11c3fe2a082c81a'
[I] 17:28:23.025(000000000013C300):[RPCC:cf.baidu.rpc]create rpc client 'cf.baidu.rpc' in conn AMQP0
[I] 17:28:23.032(000000000013C300):PBEncoder success load file 'E:\product\protocol\cf_baidu.proto.js'
[I] 17:28:23.037(000000000013C300):[AMQP3]created
[D] 17:28:23.044(000000000013C590):worker process log socket connected!
[I] 17:28:23.047(000000000013C300):[AMQP4]created
[D] 17:28:22.975(000000000013C444):worker 1# ready to connect master log socket server, port=47270
[D] 17:28:23.046(000000000013C444):worker 1# log socket connected!
[I] 17:28:23.048(000000000013C300):[AMQP4]declare exchange 'amq.direct'
[I] 17:28:23.048(000000000013C300):[AMQP4]declare queue 'cf.app.rpc.0aa8a880a29d11e7b11c3fe2a082c81a'
[I] 17:28:23.048(000000000013C300):[RPCC:cf.app.rpc]create rpc client 'cf.app.rpc' in conn AMQP4
[I] 17:28:23.048(000000000013C300):[AMQP4]declare queue 'cf.wechat.rpc.0aa8a881a29d11e7b11c3fe2a082c81a'
[I] 17:28:23.048(000000000013C300):[RPCC:cf.wechat.rpc]create rpc client 'cf.wechat.rpc' in conn AMQP4
[I] 17:28:23.049(000000000013C300):[AMQP4]declare queue 'cf.rpc.0aa8cf90a29d11e7b11c3fe2a082c81a'
[I] 17:28:23.049(000000000013C300):[RPCC:cf.rpc]create rpc client 'cf.rpc' in conn AMQP4
[I] 17:28:23.049(000000000013C300):[AMQP4]declare queue 'sc.task.rpc.0aa8cf91a29d11e7b11c3fe2a082c81a'
[I] 17:28:23.049(000000000013C300):[RPCC:sc.task.rpc]create rpc client 'sc.task.rpc' in conn AMQP4
[I] 17:28:23.052(000000000013C300):[AMQP5]created
[I] 17:28:23.053(000000000013C300):[AMQP5]declare exchange 'amq.direct'
[I] 17:28:23.053(000000000013C300):[AMQP5]declare queue 'cf.wechat.rpc.0aa96bd0a29d11e7b11c3fe2a082c81a'
[I] 17:28:23.053(000000000013C300):[RPCC:cf.wechat.rpc]create rpc client 'cf.wechat.rpc' in conn AMQP5
[W] 17:28:23.055(000000000013C300):[AMQP0]rpc client 'sr.customer.point.rpc' declare repeat!
[I] 17:28:23.058(000000000013C300):[AMQP6]created
[I] 17:28:23.058(000000000013C300):[AMQP6]declare exchange 'amq.direct'
[I] 17:28:23.059(000000000013C300):[AMQP6]declare queue 'cf.wechat.rpc.0aaa2f20a29d11e7b11c3fe2a082c81a'
[I] 17:28:23.059(000000000013C300):[RPCC:cf.wechat.rpc]create rpc client 'cf.wechat.rpc' in conn AMQP6
[I] 17:28:23.064(000000000013C300):[AMQP7]created
[I] 17:28:23.065(000000000013C300):[AMQP7]declare exchange 'amq.direct'
[I] 17:28:23.065(000000000013C300):[AMQP7]declare queue 'sc.task.rpc.0aab4090a29d11e7b11c3fe2a082c81a'
[I] 17:28:23.065(000000000013C300):[RPCC:sc.task.rpc]create rpc client 'sc.task.rpc' in conn AMQP7
[I] 17:28:23.065(000000000013C300):[AMQP7]declare queue 'sr.customer.rewardfail.0aab4091a29d11e7b11c3fe2a082c81a'
[I] 17:28:23.066(000000000013C300):[RPCC:sr.customer.rewardfail]create rpc client 'sr.customer.rewardfail' in conn AMQP7
[W] 17:28:23.081(000000000013C300):[AMQP0]exchange amq.direct already declare!!
[W] 17:28:23.081(000000000013C300):[AMQP0]rpc client 'sr.customer.tag.rpc' declare repeat!
[W] 17:28:23.081(000000000013C300):[AMQP0]rpc client 'sc.task.rpc' declare repeat!
[W] 17:28:23.084(000000000013C300):[AMQP0]exchange amq.direct already declare!!
[I] 17:28:23.084(000000000013C300):[AMQP0]declare queue 'sr.trade.rpc.0aae26c0a29d11e7b11c3fe2a082c81a'
[I] 17:28:23.084(000000000013C300):[RPCC:sr.trade.rpc]create rpc client 'sr.trade.rpc' in conn AMQP0
[I] 17:28:23.088(000000000013C300):PBEncoder success load file 'E:\product\protocol\sr_trade.proto.js'
[I] 17:28:23.091(000000000013C300):[AMQP8]created
[I] 17:28:23.091(000000000013C300):[AMQP8]declare exchange 'amq.direct'
[I] 17:28:23.091(000000000013C300):[AMQP8]declare queue 'cf.wechat.rpc.0aaf3830a29d11e7b11c3fe2a082c81a'
[I] 17:28:23.092(000000000013C300):[RPCC:cf.wechat.rpc]create rpc client 'cf.wechat.rpc' in conn AMQP8
[I] 17:28:23.112(000000000013C300):[redis]redis connect
[T] 17:28:23.115(000000000013C300):Http is running,port is 18910
[I] 17:28:23.128(000000000013C300):[redis]redis ready
[I] 17:28:23.130(000000000013C300):[MP1]create connection #0
[T] 17:28:23.130(000000000013C300):[MP1]getConnection success,getIndex=0
[I] 17:28:23.131(000000000013C300):[MP1]create connection #1
[T] 17:28:23.131(000000000013C300):[MP1]getConnection success,getIndex=1
[T] 17:28:23.140(000000000013C300):[MySQL]Query success,used time:6 ms,sql="select * from cf_account where enabled=1 and function_mask like \"1%\""
[T] 17:28:23.147(000000000013C300):[MySQL]Query success,used time:12 ms,sql="SELECT * FROM `sc_org`"
[T] 17:28:23.149(000000000013C300):getConnection release,getIndex=0
[T] 17:28:23.149(000000000013C300):getConnection release,getIndex=1
[I] 17:28:23.149(000000000013C300):[AM]get account list success: [{"innerid":"HEDV35FASG-DGW423A-34TGGW53AAD66","name":"乐逛演示","org_id":"1","shop_id":null,"settlement_id":null,"method_code":1,"method_code_key":"wechat_test3_1","function_mask":"10","config":"{\"accountid\":\"gh_92368265694f\",\"fee_type\":\"CNY\",\"appid\":\"wx39bf9ff3da6fc1e7\",\"appsecret\":\"e00fc51118b318fb99cff35d217865fc\",\"mch_id\":\"1287801701\",\"sub_mch_id\":\"\",\"sign_key\":\"smartpaysmartpaysmartpaysmartpay\",\"key_file\":\"apiclient_key.pem\",\"cert_file\":\"apiclient_cert.pem\",\"pay_authorization_dir\":[\"\",\"\",\"\"],\"pay_native_callback\":\"\",\"pay_finish_notify\":\"1\",\"pay_alarm_notify\":\"\"}","enabled":1,"desc":null},{"innerid":"SE43RG3ASG-34GWW55A-34TG43HER452","name":"短信测试一","org_id":"1","shop_id":null,"settlement_id":null,"method_code":2,"method_code_key":"wechat_test1_2","function_mask":"10","config":"{\"url\" : \"http://211.147.239.62:9050/cgi-bin/sendsms\",\"username\" : \"shopperconnect@smartac\",\"password\" : \"shopCNT@smartc2016\"}","enabled":1,"desc":null},{"innerid":"SMFGSW423GWS-G43HTEHE2-HHEDR5462HS","name":"邮件测试一","org_id":"1","shop_id":null,"settlement_id":null,"method_code":3,"method_code_key":"wechat_test1_3","function_mask":"10","config":"{\"smtpserver\" : \"smtp.163.com\",\"port\": 25,\"username\" : \"zyqtest5@163.com\",\"password\" : \"zyqtest5881119\",\"SSL\":false}","enabled":1,"desc":null}]
[I] 17:28:23.180(000000000013C300):[AMQP1]AMQP1 connect 'amqp://guest:guest@172.16.0.81:5672' success!
[I] 17:28:23.183(000000000013C300):[AMQP0]AMQP0 connect 'amqp://guest:guest@172.16.0.81:5672' success!
[I] 17:28:23.184(000000000013C300):[AMQP4]AMQP4 connect 'amqp://guest:guest@172.16.0.81:5672' success!
[I] 17:28:23.185(000000000013C300):[AMQP8]AMQP8 connect 'amqp://guest:guest@172.16.0.81:5672' success!
[I] 17:28:23.186(000000000013C300):[AMQP7]AMQP7 connect 'amqp://guest:guest@172.16.0.81:5672' success!
[I] 17:28:23.187(000000000013C300):[AMQP5]AMQP5 connect 'amqp://guest:guest@172.16.0.81:5672' success!
[I] 17:28:23.188(000000000013C300):[AMQP6]AMQP6 connect 'amqp://guest:guest@172.16.0.81:5672' success!
[I] 17:28:23.199(000000000013C300):[AMQP1]success declare exchange 'amq.direct'
[I] 17:28:23.200(000000000013C300):[AMQP7]success declare exchange 'amq.direct'
[I] 17:28:23.200(000000000013C300):[AMQP8]success declare exchange 'amq.direct'
[I] 17:28:23.202(000000000013C300):[AMQP5]success declare exchange 'amq.direct'
[I] 17:28:23.203(000000000013C300):[AMQP4]success declare exchange 'amq.direct'
[I] 17:28:23.203(000000000013C300):[AMQP6]success declare exchange 'amq.direct'
[I] 17:28:23.204(000000000013C300):[AMQP1]success declare queue 'cf.wechat.rpc.0a93e800a29d11e7b11c3fe2a082c81a'
[I] 17:28:23.205(000000000013C300):[AMQP0]success declare queue 'cf.rpc.0a524b20a29d11e7b11c3fe2a082c81a'
[I] 17:28:23.207(000000000013C300):[AMQP1]success consume 'cf.wechat.rpc.0a93e800a29d11e7b11c3fe2a082c81a'
[W] 17:28:23.207(000000000013C590):try restart worker 2# ...
[I] 17:28:23.276(000000000013C590):start worker success,pid=13C570(2#)
[I] 17:28:23.208(000000000013C300):[AMQP0]success consume 'cf.rpc.0a524b20a29d11e7b11c3fe2a082c81a'
[I] 17:28:23.209(000000000013C300):[AMQP8]success declare queue 'cf.wechat.rpc.0aaf3830a29d11e7b11c3fe2a082c81a'
[I] 17:28:23.210(000000000013C300):[AMQP7]success declare queue 'sc.task.rpc.0aab4090a29d11e7b11c3fe2a082c81a'
[I] 17:28:23.210(000000000013C300):[AMQP4]success declare queue 'cf.app.rpc.0aa8a880a29d11e7b11c3fe2a082c81a'
[I] 17:28:23.211(000000000013C300):[AMQP5]success declare queue 'cf.wechat.rpc.0aa96bd0a29d11e7b11c3fe2a082c81a'
[I] 17:28:23.212(000000000013C300):[AMQP6]success declare queue 'cf.wechat.rpc.0aaa2f20a29d11e7b11c3fe2a082c81a'
[I] 17:28:23.212(000000000013C300):[AMQP1]success binding 'amq.direct'->'cf.wechat.rpc.0a93e800a29d11e7b11c3fe2a082c81a'(cf.wechat.rpc.0a93e800a29d11e7b11c3fe2a082c81a)
[I] 17:28:23.213(000000000013C300):[AMQP8]success consume 'cf.wechat.rpc.0aaf3830a29d11e7b11c3fe2a082c81a'
[I] 17:28:23.213(000000000013C300):[AMQP0]success binding 'amq.direct'->'cf.rpc.0a524b20a29d11e7b11c3fe2a082c81a'(cf.rpc.0a524b20a29d11e7b11c3fe2a082c81a)
[I] 17:28:23.214(000000000013C300):[AMQP7]success consume 'sc.task.rpc.0aab4090a29d11e7b11c3fe2a082c81a'
[I] 17:28:23.214(000000000013C300):[AMQP4]success consume 'cf.app.rpc.0aa8a880a29d11e7b11c3fe2a082c81a'
[I] 17:28:23.215(000000000013C300):[AMQP5]success consume 'cf.wechat.rpc.0aa96bd0a29d11e7b11c3fe2a082c81a'
[I] 17:28:23.215(000000000013C300):[AMQP6]success consume 'cf.wechat.rpc.0aaa2f20a29d11e7b11c3fe2a082c81a'
[I] 17:28:23.216(000000000013C300):[AMQP8]success binding 'amq.direct'->'cf.wechat.rpc.0aaf3830a29d11e7b11c3fe2a082c81a'(cf.wechat.rpc.0aaf3830a29d11e7b11c3fe2a082c81a)
[I] 17:28:23.217(000000000013C300):[AMQP7]success binding 'amq.direct'->'sc.task.rpc.0aab4090a29d11e7b11c3fe2a082c81a'(sc.task.rpc.0aab4090a29d11e7b11c3fe2a082c81a)
[I] 17:28:23.217(000000000013C300):[AMQP4]success binding 'amq.direct'->'cf.app.rpc.0aa8a880a29d11e7b11c3fe2a082c81a'(cf.app.rpc.0aa8a880a29d11e7b11c3fe2a082c81a)
[I] 17:28:23.219(000000000013C300):[AMQP0]success declare queue 'cf.wechat.rpc.0a633b10a29d11e7b11c3fe2a082c81a'
[I] 17:28:23.220(000000000013C300):[AMQP5]success binding 'amq.direct'->'cf.wechat.rpc.0aa96bd0a29d11e7b11c3fe2a082c81a'(cf.wechat.rpc.0aa96bd0a29d11e7b11c3fe2a082c81a)
[I] 17:28:23.220(000000000013C300):[AMQP6]success binding 'amq.direct'->'cf.wechat.rpc.0aaa2f20a29d11e7b11c3fe2a082c81a'(cf.wechat.rpc.0aaa2f20a29d11e7b11c3fe2a082c81a)
[I] 17:28:23.221(000000000013C300):[AMQP7]success declare queue 'sr.customer.rewardfail.0aab4091a29d11e7b11c3fe2a082c81a'
[I] 17:28:23.222(000000000013C300):[AMQP0]success consume 'cf.wechat.rpc.0a633b10a29d11e7b11c3fe2a082c81a'
[I] 17:28:23.222(000000000013C300):[AMQP4]success declare queue 'cf.wechat.rpc.0aa8a881a29d11e7b11c3fe2a082c81a'
[I] 17:28:23.223(000000000013C300):[AMQP7]success consume 'sr.customer.rewardfail.0aab4091a29d11e7b11c3fe2a082c81a'
[I] 17:28:23.224(000000000013C300):[AMQP4]success consume 'cf.wechat.rpc.0aa8a881a29d11e7b11c3fe2a082c81a'
[I] 17:28:23.224(000000000013C300):[AMQP0]success binding 'amq.direct'->'cf.wechat.rpc.0a633b10a29d11e7b11c3fe2a082c81a'(cf.wechat.rpc.0a633b10a29d11e7b11c3fe2a082c81a)
[I] 17:28:23.225(000000000013C300):[AMQP7]success binding 'amq.direct'->'sr.customer.rewardfail.0aab4091a29d11e7b11c3fe2a082c81a'(sr.customer.rewardfail.0aab4091a29d11e7b11c3fe2a082c81a)
[I] 17:28:23.225(000000000013C300):[AMQP0]success declare exchange 'cf.wechat.notify'
[I] 17:28:23.226(000000000013C300):[AMQP4]success binding 'amq.direct'->'cf.wechat.rpc.0aa8a881a29d11e7b11c3fe2a082c81a'(cf.wechat.rpc.0aa8a881a29d11e7b11c3fe2a082c81a)
[I] 17:28:23.229(000000000013C300):[AMQP0]success declare queue 'jiaxingwang.sc_admin.wechat.0a6b2a50a29d11e7b11c3fe2a082c81a'
[I] 17:28:23.230(000000000013C300):[AMQP4]success declare queue 'cf.rpc.0aa8cf90a29d11e7b11c3fe2a082c81a'
[I] 17:28:23.230(000000000013C300):[AMQP0]success consume 'jiaxingwang.sc_admin.wechat.0a6b2a50a29d11e7b11c3fe2a082c81a'
[I] 17:28:23.232(000000000013C300):[AMQP4]success consume 'cf.rpc.0aa8cf90a29d11e7b11c3fe2a082c81a'
[I] 17:28:23.233(000000000013C300):[AMQP0]success binding 'cf.wechat.notify'->'jiaxingwang.sc_admin.wechat.0a6b2a50a29d11e7b11c3fe2a082c81a'(#)
[I] 17:28:23.234(000000000013C300):[AMQP4]success binding 'amq.direct'->'cf.rpc.0aa8cf90a29d11e7b11c3fe2a082c81a'(cf.rpc.0aa8cf90a29d11e7b11c3fe2a082c81a)
[I] 17:28:23.237(000000000013C300):[AMQP4]success declare queue 'sc.task.rpc.0aa8cf91a29d11e7b11c3fe2a082c81a'
[I] 17:28:23.238(000000000013C300):[AMQP0]success declare queue 'cf.app.rpc.0a6b5160a29d11e7b11c3fe2a082c81a'
[I] 17:28:23.240(000000000013C300):[AMQP4]success consume 'sc.task.rpc.0aa8cf91a29d11e7b11c3fe2a082c81a'
[I] 17:28:23.241(000000000013C300):[AMQP0]success consume 'cf.app.rpc.0a6b5160a29d11e7b11c3fe2a082c81a'
[I] 17:28:23.242(000000000013C300):[AMQP4]success binding 'amq.direct'->'sc.task.rpc.0aa8cf91a29d11e7b11c3fe2a082c81a'(sc.task.rpc.0aa8cf91a29d11e7b11c3fe2a082c81a)
[I] 17:28:23.244(000000000013C300):[AMQP0]success binding 'amq.direct'->'cf.app.rpc.0a6b5160a29d11e7b11c3fe2a082c81a'(cf.app.rpc.0a6b5160a29d11e7b11c3fe2a082c81a)
[I] 17:28:23.248(000000000013C300):[AMQP0]success declare queue 'cf.alipay.rpc.0a6c3bc0a29d11e7b11c3fe2a082c81a'
[I] 17:28:23.251(000000000013C300):[AMQP0]success consume 'cf.alipay.rpc.0a6c3bc0a29d11e7b11c3fe2a082c81a'
[I] 17:28:23.253(000000000013C300):[AMQP0]success binding 'amq.direct'->'cf.alipay.rpc.0a6c3bc0a29d11e7b11c3fe2a082c81a'(cf.alipay.rpc.0a6c3bc0a29d11e7b11c3fe2a082c81a)
[I] 17:28:23.258(000000000013C300):[AMQP0]success declare queue 'cf.ding.rpc.0a6f4900a29d11e7b11c3fe2a082c81a'
[I] 17:28:23.259(000000000013C300):[AMQP0]success consume 'cf.ding.rpc.0a6f4900a29d11e7b11c3fe2a082c81a'
[I] 17:28:23.262(000000000013C300):[AMQP0]success binding 'amq.direct'->'cf.ding.rpc.0a6f4900a29d11e7b11c3fe2a082c81a'(cf.ding.rpc.0a6f4900a29d11e7b11c3fe2a082c81a)
[I] 17:28:23.264(000000000013C300):[AMQP0]success declare exchange 'cf.ding.notify'
[I] 17:28:23.267(000000000013C300):[AMQP0]success declare queue 'jiaxingwang.sc_admin.ding.0a711dc0a29d11e7b11c3fe2a082c81a'
[I] 17:28:23.269(000000000013C300):[AMQP0]success consume 'jiaxingwang.sc_admin.ding.0a711dc0a29d11e7b11c3fe2a082c81a'
[I] 17:28:23.272(000000000013C300):[AMQP0]success binding 'cf.ding.notify'->'jiaxingwang.sc_admin.ding.0a711dc0a29d11e7b11c3fe2a082c81a'(#)
[I] 17:28:23.276(000000000013C300):[AMQP0]success declare queue 'sr.customer.rpc.0a722f30a29d11e7b11c3fe2a082c81a'
[I] 17:28:23.279(000000000013C300):[AMQP0]success consume 'sr.customer.rpc.0a722f30a29d11e7b11c3fe2a082c81a'
[I] 17:28:23.281(000000000013C300):[AMQP0]success binding 'amq.direct'->'sr.customer.rpc.0a722f30a29d11e7b11c3fe2a082c81a'(sr.customer.rpc.0a722f30a29d11e7b11c3fe2a082c81a)
[I] 17:28:23.286(000000000013C300):[AMQP0]success declare exchange 'amq.direct'
[I] 17:28:23.290(000000000013C300):[AMQP0]success declare queue 'sc.task.rpc.0a94d260a29d11e7b11c3fe2a082c81a'
[I] 17:28:23.292(000000000013C300):[AMQP0]success consume 'sc.task.rpc.0a94d260a29d11e7b11c3fe2a082c81a'
[I] 17:28:23.294(000000000013C300):[AMQP0]success binding 'amq.direct'->'sc.task.rpc.0a94d260a29d11e7b11c3fe2a082c81a'(sc.task.rpc.0a94d260a29d11e7b11c3fe2a082c81a)
[I] 17:28:23.298(000000000013C300):[AMQP0]success declare queue 'sr.customer.tag.rpc.0a99b460a29d11e7b11c3fe2a082c81a'
[I] 17:28:23.301(000000000013C300):[AMQP0]success consume 'sr.customer.tag.rpc.0a99b460a29d11e7b11c3fe2a082c81a'
[I] 17:28:23.303(000000000013C300):[AMQP0]success binding 'amq.direct'->'sr.customer.tag.rpc.0a99b460a29d11e7b11c3fe2a082c81a'(sr.customer.tag.rpc.0a99b460a29d11e7b11c3fe2a082c81a)
[I] 17:28:23.308(000000000013C300):[AMQP0]success declare queue 'sr.customer.point.rpc.0a99db70a29d11e7b11c3fe2a082c81a'
[I] 17:28:23.310(000000000013C300):[AMQP0]success consume 'sr.customer.point.rpc.0a99db70a29d11e7b11c3fe2a082c81a'
[I] 17:28:23.313(000000000013C300):[AMQP0]success binding 'amq.direct'->'sr.customer.point.rpc.0a99db70a29d11e7b11c3fe2a082c81a'(sr.customer.point.rpc.0a99db70a29d11e7b11c3fe2a082c81a)
[I] 17:28:23.317(000000000013C300):[AMQP0]success declare queue 'sr.customer.coupon_class.rpc.0a9ee480a29d11e7b11c3fe2a082c81a'
[I] 17:28:23.319(000000000013C300):[AMQP0]success consume 'sr.customer.coupon_class.rpc.0a9ee480a29d11e7b11c3fe2a082c81a'
[I] 17:28:23.321(000000000013C300):[AMQP0]success binding 'amq.direct'->'sr.customer.coupon_class.rpc.0a9ee480a29d11e7b11c3fe2a082c81a'(sr.customer.coupon_class.rpc.0a9ee480a29d11e7b11c3fe2a082c81a)
[I] 17:28:23.324(000000000013C300):[AMQP0]success declare queue 'sr.customer.coupon.rpc.0a9ee481a29d11e7b11c3fe2a082c81a'
[I] 17:28:23.326(000000000013C300):[AMQP0]success consume 'sr.customer.coupon.rpc.0a9ee481a29d11e7b11c3fe2a082c81a'
[I] 17:28:23.328(000000000013C300):[AMQP0]success binding 'amq.direct'->'sr.customer.coupon.rpc.0a9ee481a29d11e7b11c3fe2a082c81a'(sr.customer.coupon.rpc.0a9ee481a29d11e7b11c3fe2a082c81a)
[I] 17:28:23.336(000000000013C300):[AMQP0]success declare queue 'cf.wxpay.rpc.0aa10760a29d11e7b11c3fe2a082c81a'
[I] 17:28:23.342(000000000013C300):[AMQP0]success consume 'cf.wxpay.rpc.0aa10760a29d11e7b11c3fe2a082c81a'
[I] 17:28:23.344(000000000013C300):[AMQP0]success binding 'amq.direct'->'cf.wxpay.rpc.0aa10760a29d11e7b11c3fe2a082c81a'(cf.wxpay.rpc.0aa10760a29d11e7b11c3fe2a082c81a)
[I] 17:28:23.347(000000000013C300):[AMQP0]success declare queue 'cf.baidu.rpc.0aa52610a29d11e7b11c3fe2a082c81a'
[I] 17:28:23.349(000000000013C300):[AMQP0]success consume 'cf.baidu.rpc.0aa52610a29d11e7b11c3fe2a082c81a'
[I] 17:28:23.351(000000000013C300):[AMQP0]success binding 'amq.direct'->'cf.baidu.rpc.0aa52610a29d11e7b11c3fe2a082c81a'(cf.baidu.rpc.0aa52610a29d11e7b11c3fe2a082c81a)
[I] 17:28:23.354(000000000013C300):[AMQP0]success declare queue 'sr.trade.rpc.0aae26c0a29d11e7b11c3fe2a082c81a'
[I] 17:28:23.355(000000000013C300):[AMQP0]success consume 'sr.trade.rpc.0aae26c0a29d11e7b11c3fe2a082c81a'
[I] 17:28:23.357(000000000013C300):[AMQP0]success binding 'amq.direct'->'sr.trade.rpc.0aae26c0a29d11e7b11c3fe2a082c81a'(sr.trade.rpc.0aae26c0a29d11e7b11c3fe2a082c81a)
[I] 17:28:23.823(000000000013C444):[AMQP0]created
[I] 17:28:23.837(000000000013C444):[AMQP0]declare queue 'cf.rpc.0b20e5c0a29d11e7b24ac700b030a536'
[I] 17:28:23.839(000000000013C444):[RPCC:cf.rpc]create rpc client 'cf.rpc' in conn AMQP0
[I] 17:28:23.966(000000000013C444):PBEncoder success load file 'E:\product\protocol\cf.proto.js'
[I] 17:28:23.967(000000000013C444):[AMQP0]declare queue 'cf.wechat.rpc.0b34bbe0a29d11e7b24ac700b030a536'
[I] 17:28:23.967(000000000013C444):[RPCC:cf.wechat.rpc]create rpc client 'cf.wechat.rpc' in conn AMQP0
[I] 17:28:24.030(000000000013C444):PBEncoder success load file 'E:\product\protocol\cf_wechat.proto.js'
[I] 17:28:24.031(000000000013C444):[AMQP0]declare exchange 'cf.wechat.notify'
[I] 17:28:24.031(000000000013C444):[AMQP0]declare queue 'jiaxingwang.sc_admin.wechat.0b3ea6f0a29d11e7b24ac700b030a536'
[I] 17:28:24.031(000000000013C444):[AMQP0]declare queue 'cf.app.rpc.0b3ea6f1a29d11e7b24ac700b030a536'
[I] 17:28:24.032(000000000013C444):[RPCC:cf.app.rpc]create rpc client 'cf.app.rpc' in conn AMQP0
[I] 17:28:24.036(000000000013C444):PBEncoder success load file 'E:\product\protocol\cf_app.proto.js'
[I] 17:28:24.037(000000000013C444):[AMQP0]declare queue 'cf.alipay.rpc.0b3f9150a29d11e7b24ac700b030a536'
[I] 17:28:24.037(000000000013C444):[RPCC:cf.alipay.rpc]create rpc client 'cf.alipay.rpc' in conn AMQP0
[I] 17:28:24.045(000000000013C444):PBEncoder success load file 'E:\product\protocol\cf_alipay.proto.js'
[I] 17:28:24.046(000000000013C444):[AMQP0]declare queue 'cf.ding.rpc.0b40f0e0a29d11e7b24ac700b030a536'
[I] 17:28:24.047(000000000013C444):[RPCC:cf.ding.rpc]create rpc client 'cf.ding.rpc' in conn AMQP0
[I] 17:28:24.058(000000000013C444):PBEncoder success load file 'E:\product\protocol\cf_ding.proto.js'
[I] 17:28:24.059(000000000013C444):[AMQP0]declare exchange 'cf.ding.notify'
[I] 17:28:24.060(000000000013C444):[AMQP0]declare queue 'jiaxingwang.sc_admin.ding.0b4313c0a29d11e7b24ac700b030a536'
[I] 17:28:24.061(000000000013C444):[AM]init and reload account!
[I] 17:28:24.066(000000000013C444):[AM]reload account success, account number is: 0
[I] 17:28:24.069(000000000013C444):[AMQP0]declare queue 'sr.customer.rpc.0b447350a29d11e7b24ac700b030a536'
[I] 17:28:24.070(000000000013C444):[RPCC:sr.customer.rpc]create rpc client 'sr.customer.rpc' in conn AMQP0
[I] 17:28:24.078(000000000013C444):PBEncoder success load file 'E:\product\protocol\sr_customer.proto.js'
[W] 17:28:24.078(000000000013C444):[AMQP0]rpc client 'cf.rpc' declare repeat!
[W] 17:28:24.079(000000000013C444):[AMQP0]rpc client 'cf.wechat.rpc' declare repeat!
[W] 17:28:24.079(000000000013C444):[AMQP0]rpc client 'cf.app.rpc' declare repeat!
[D] 17:28:24.115(000000000013C590):worker process log socket connected!
[D] 17:28:24.106(000000000013C570):worker 2# ready to connect master log socket server, port=47270
[D] 17:28:24.118(000000000013C570):worker 2# log socket connected!
[I] 17:28:24.264(000000000013C444):PBEncoder success load file 'E:\product\protocol\sc_system.proto.js'
[I] 17:28:24.325(000000000013C444):[AMQP1]created
[I] 17:28:24.326(000000000013C444):[AMQP1]declare exchange 'amq.direct'
[I] 17:28:24.326(000000000013C444):[AMQP1]declare queue 'cf.wechat.rpc.0b6baa60a29d11e7b24ac700b030a536'
[I] 17:28:24.327(000000000013C444):[RPCC:cf.wechat.rpc]create rpc client 'cf.wechat.rpc' in conn AMQP1
[I] 17:28:24.328(000000000013C444):[AMQP2]created
[I] 17:28:24.332(000000000013C444):[AMQP0]declare exchange 'amq.direct'
[I] 17:28:24.333(000000000013C444):[AMQP0]declare queue 'sc.task.rpc.0b6cbbd0a29d11e7b24ac700b030a536'
[I] 17:28:24.333(000000000013C444):[RPCC:sc.task.rpc]create rpc client 'sc.task.rpc' in conn AMQP0
[I] 17:28:24.346(000000000013C444):PBEncoder success load file 'E:\product\protocol\sc_task.proto.js'
[I] 17:28:24.368(000000000013C444):[AMQP0]declare queue 'sr.customer.tag.rpc.0b721300a29d11e7b24ac700b030a536'
[I] 17:28:24.368(000000000013C444):[RPCC:sr.customer.tag.rpc]create rpc client 'sr.customer.tag.rpc' in conn AMQP0
[I] 17:28:24.369(000000000013C444):[AMQP0]declare queue 'sr.customer.point.rpc.0b723a10a29d11e7b24ac700b030a536'
[I] 17:28:24.369(000000000013C444):[RPCC:sr.customer.point.rpc]create rpc client 'sr.customer.point.rpc' in conn AMQP0
[I] 17:28:24.376(000000000013C444):PBEncoder success load file 'E:\product\protocol\sr_customer_point.proto.js'
[I] 17:28:24.382(000000000013C444):PBEncoder success load file 'E:\product\protocol\sr_customer_tag.proto.js'
[W] 17:28:24.391(000000000013C444):[AMQP0]rpc client 'cf.wechat.rpc' declare repeat!
[I] 17:28:24.392(000000000013C444):[AMQP0]declare queue 'sr.customer.coupon_class.rpc.0b75bc80a29d11e7b24ac700b030a536'
[I] 17:28:24.392(000000000013C444):[RPCC:sr.customer.coupon_class.rpc]create rpc client 'sr.customer.coupon_class.rpc' in conn AMQP0
[I] 17:28:24.393(000000000013C444):[AMQP0]declare queue 'sr.customer.coupon.rpc.0b75e390a29d11e7b24ac700b030a536'
[I] 17:28:24.393(000000000013C444):[RPCC:sr.customer.coupon.rpc]create rpc client 'sr.customer.coupon.rpc' in conn AMQP0
[I] 17:28:24.405(000000000013C444):PBEncoder success load file 'E:\product\protocol\sr_customer_coupon.proto.js'
[W] 17:28:24.405(000000000013C444):[AMQP0]rpc client 'cf.wechat.rpc' declare repeat!
[I] 17:28:24.405(000000000013C444):[AMQP0]declare queue 'cf.wxpay.rpc.0b77b850a29d11e7b24ac700b030a536'
[I] 17:28:24.406(000000000013C444):[RPCC:cf.wxpay.rpc]create rpc client 'cf.wxpay.rpc' in conn AMQP0
[I] 17:28:24.418(000000000013C444):PBEncoder success load file 'E:\product\protocol\cf_wxpay.proto.js'
[W] 17:28:24.418(000000000013C444):[AMQP0]rpc client 'sr.customer.point.rpc' declare repeat!
[W] 17:28:24.426(000000000013C444):[AMQP0]exchange amq.direct already declare!!
[W] 17:28:24.426(000000000013C444):[AMQP0]rpc client 'sr.customer.rpc' declare repeat!
[W] 17:28:24.426(000000000013C444):[AMQP0]rpc client 'sr.customer.coupon.rpc' declare repeat!
[W] 17:28:24.426(000000000013C444):[AMQP0]rpc client 'cf.wechat.rpc' declare repeat!
[W] 17:28:24.428(000000000013C444):[AMQP0]exchange amq.direct already declare!!
[I] 17:28:24.429(000000000013C444):[AMQP0]declare queue 'cf.baidu.rpc.0b7b3ac0a29d11e7b24ac700b030a536'
[I] 17:28:24.429(000000000013C444):[RPCC:cf.baidu.rpc]create rpc client 'cf.baidu.rpc' in conn AMQP0
[I] 17:28:24.432(000000000013C444):PBEncoder success load file 'E:\product\protocol\cf_baidu.proto.js'
[I] 17:28:24.437(000000000013C444):[AMQP3]created
[I] 17:28:24.445(000000000013C444):[AMQP4]created
[I] 17:28:24.446(000000000013C444):[AMQP4]declare exchange 'amq.direct'
[I] 17:28:24.446(000000000013C444):[AMQP4]declare queue 'cf.app.rpc.0b7df9e0a29d11e7b24ac700b030a536'
[I] 17:28:24.446(000000000013C444):[RPCC:cf.app.rpc]create rpc client 'cf.app.rpc' in conn AMQP4
[I] 17:28:24.446(000000000013C444):[AMQP4]declare queue 'cf.wechat.rpc.0b7df9e1a29d11e7b24ac700b030a536'
[I] 17:28:24.447(000000000013C444):[RPCC:cf.wechat.rpc]create rpc client 'cf.wechat.rpc' in conn AMQP4
[I] 17:28:24.447(000000000013C444):[AMQP4]declare queue 'cf.rpc.0b7e20f0a29d11e7b24ac700b030a536'
[I] 17:28:24.447(000000000013C444):[RPCC:cf.rpc]create rpc client 'cf.rpc' in conn AMQP4
[I] 17:28:24.447(000000000013C444):[AMQP4]declare queue 'sc.task.rpc.0b7e20f1a29d11e7b24ac700b030a536'
[I] 17:28:24.448(000000000013C444):[RPCC:sc.task.rpc]create rpc client 'sc.task.rpc' in conn AMQP4
[I] 17:28:24.450(000000000013C444):[AMQP5]created
[I] 17:28:24.451(000000000013C444):[AMQP5]declare exchange 'amq.direct'
[I] 17:28:24.451(000000000013C444):[AMQP5]declare queue 'cf.wechat.rpc.0b7ebd30a29d11e7b24ac700b030a536'
[I] 17:28:24.451(000000000013C444):[RPCC:cf.wechat.rpc]create rpc client 'cf.wechat.rpc' in conn AMQP5
[W] 17:28:24.453(000000000013C444):[AMQP0]rpc client 'sr.customer.point.rpc' declare repeat!
[I] 17:28:24.455(000000000013C444):[AMQP6]created
[I] 17:28:24.455(000000000013C444):[AMQP6]declare exchange 'amq.direct'
[I] 17:28:24.455(000000000013C444):[AMQP6]declare queue 'cf.wechat.rpc.0b7f5970a29d11e7b24ac700b030a536'
[I] 17:28:24.456(000000000013C444):[RPCC:cf.wechat.rpc]create rpc client 'cf.wechat.rpc' in conn AMQP6
[I] 17:28:24.461(000000000013C444):[AMQP7]created
[I] 17:28:24.461(000000000013C444):[AMQP7]declare exchange 'amq.direct'
[I] 17:28:24.461(000000000013C444):[AMQP7]declare queue 'sc.task.rpc.0b8043d0a29d11e7b24ac700b030a536'
[I] 17:28:24.462(000000000013C444):[RPCC:sc.task.rpc]create rpc client 'sc.task.rpc' in conn AMQP7
[I] 17:28:24.462(000000000013C444):[AMQP7]declare queue 'sr.customer.rewardfail.0b806ae0a29d11e7b24ac700b030a536'
[I] 17:28:24.462(000000000013C444):[RPCC:sr.customer.rewardfail]create rpc client 'sr.customer.rewardfail' in conn AMQP7
[W] 17:28:24.465(000000000013C444):[AMQP0]exchange amq.direct already declare!!
[W] 17:28:24.466(000000000013C444):[AMQP0]rpc client 'sr.customer.tag.rpc' declare repeat!
[W] 17:28:24.466(000000000013C444):[AMQP0]rpc client 'sc.task.rpc' declare repeat!
[W] 17:28:24.468(000000000013C444):[AMQP0]exchange amq.direct already declare!!
[I] 17:28:24.469(000000000013C444):[AMQP0]declare queue 'sr.trade.rpc.0b817c50a29d11e7b24ac700b030a536'
[I] 17:28:24.469(000000000013C444):[RPCC:sr.trade.rpc]create rpc client 'sr.trade.rpc' in conn AMQP0
[I] 17:28:24.473(000000000013C444):PBEncoder success load file 'E:\product\protocol\sr_trade.proto.js'
[I] 17:28:24.477(000000000013C444):[AMQP8]created
[I] 17:28:24.477(000000000013C444):[AMQP8]declare exchange 'amq.direct'
[I] 17:28:24.477(000000000013C444):[AMQP8]declare queue 'cf.wechat.rpc.0b82b4d0a29d11e7b24ac700b030a536'
[I] 17:28:24.478(000000000013C444):[RPCC:cf.wechat.rpc]create rpc client 'cf.wechat.rpc' in conn AMQP8
[T] 17:28:24.497(000000000013C444):Http is running,port is 18910
[I] 17:28:24.502(000000000013C444):[redis]redis connect
[I] 17:28:24.516(000000000013C444):[redis]redis ready
[I] 17:28:24.517(000000000013C444):[MP1]create connection #0
[T] 17:28:24.517(000000000013C444):[MP1]getConnection success,getIndex=0
[I] 17:28:24.519(000000000013C444):[MP1]create connection #1
[T] 17:28:24.519(000000000013C444):[MP1]getConnection success,getIndex=1
[T] 17:28:24.528(000000000013C444):[MySQL]Query success,used time:7 ms,sql="select * from cf_account where enabled=1 and function_mask like \"1%\""
[T] 17:28:24.536(000000000013C444):[MySQL]Query success,used time:13 ms,sql="SELECT * FROM `sc_org`"
[T] 17:28:24.536(000000000013C444):getConnection release,getIndex=0
[T] 17:28:24.537(000000000013C444):getConnection release,getIndex=1
[I] 17:28:24.537(000000000013C444):[AM]get account list success: [{"innerid":"HEDV35FASG-DGW423A-34TGGW53AAD66","name":"乐逛演示","org_id":"1","shop_id":null,"settlement_id":null,"method_code":1,"method_code_key":"wechat_test3_1","function_mask":"10","config":"{\"accountid\":\"gh_92368265694f\",\"fee_type\":\"CNY\",\"appid\":\"wx39bf9ff3da6fc1e7\",\"appsecret\":\"e00fc51118b318fb99cff35d217865fc\",\"mch_id\":\"1287801701\",\"sub_mch_id\":\"\",\"sign_key\":\"smartpaysmartpaysmartpaysmartpay\",\"key_file\":\"apiclient_key.pem\",\"cert_file\":\"apiclient_cert.pem\",\"pay_authorization_dir\":[\"\",\"\",\"\"],\"pay_native_callback\":\"\",\"pay_finish_notify\":\"1\",\"pay_alarm_notify\":\"\"}","enabled":1,"desc":null},{"innerid":"SE43RG3ASG-34GWW55A-34TG43HER452","name":"短信测试一","org_id":"1","shop_id":null,"settlement_id":null,"method_code":2,"method_code_key":"wechat_test1_2","function_mask":"10","config":"{\"url\" : \"http://211.147.239.62:9050/cgi-bin/sendsms\",\"username\" : \"shopperconnect@smartac\",\"password\" : \"shopCNT@smartc2016\"}","enabled":1,"desc":null},{"innerid":"SMFGSW423GWS-G43HTEHE2-HHEDR5462HS","name":"邮件测试一","org_id":"1","shop_id":null,"settlement_id":null,"method_code":3,"method_code_key":"wechat_test1_3","function_mask":"10","config":"{\"smtpserver\" : \"smtp.163.com\",\"port\": 25,\"username\" : \"zyqtest5@163.com\",\"password\" : \"zyqtest5881119\",\"SSL\":false}","enabled":1,"desc":null}]
[I] 17:28:24.567(000000000013C444):[AMQP0]AMQP0 connect 'amqp://guest:guest@172.16.0.81:5672' success!
[I] 17:28:24.570(000000000013C444):[AMQP7]AMQP7 connect 'amqp://guest:guest@172.16.0.81:5672' success!
[I] 17:28:24.572(000000000013C444):[AMQP1]AMQP1 connect 'amqp://guest:guest@172.16.0.81:5672' success!
[I] 17:28:24.572(000000000013C444):[AMQP5]AMQP5 connect 'amqp://guest:guest@172.16.0.81:5672' success!
[I] 17:28:24.573(000000000013C444):[AMQP8]AMQP8 connect 'amqp://guest:guest@172.16.0.81:5672' success!
[I] 17:28:24.574(000000000013C444):[AMQP4]AMQP4 connect 'amqp://guest:guest@172.16.0.81:5672' success!
[I] 17:28:24.575(000000000013C444):[AMQP6]AMQP6 connect 'amqp://guest:guest@172.16.0.81:5672' success!
[I] 17:28:24.587(000000000013C444):[AMQP0]success declare queue 'cf.rpc.0b20e5c0a29d11e7b24ac700b030a536'
[I] 17:28:24.588(000000000013C444):[AMQP7]success declare exchange 'amq.direct'
[I] 17:28:24.588(000000000013C444):[AMQP8]success declare exchange 'amq.direct'
[I] 17:28:24.590(000000000013C444):[AMQP4]success declare exchange 'amq.direct'
[I] 17:28:24.591(000000000013C444):[AMQP6]success declare exchange 'amq.direct'
[I] 17:28:24.591(000000000013C444):[AMQP5]success declare exchange 'amq.direct'
[I] 17:28:24.592(000000000013C444):[AMQP1]success declare exchange 'amq.direct'
[I] 17:28:24.593(000000000013C444):[AMQP0]success consume 'cf.rpc.0b20e5c0a29d11e7b24ac700b030a536'
[I] 17:28:24.596(000000000013C444):[AMQP0]success binding 'amq.direct'->'cf.rpc.0b20e5c0a29d11e7b24ac700b030a536'(cf.rpc.0b20e5c0a29d11e7b24ac700b030a536)
[I] 17:28:24.597(000000000013C444):[AMQP7]success declare queue 'sc.task.rpc.0b8043d0a29d11e7b24ac700b030a536'
[I] 17:28:24.598(000000000013C444):[AMQP8]success declare queue 'cf.wechat.rpc.0b82b4d0a29d11e7b24ac700b030a536'
[I] 17:28:24.599(000000000013C444):[AMQP6]success declare queue 'cf.wechat.rpc.0b7f5970a29d11e7b24ac700b030a536'
[I] 17:28:24.599(000000000013C444):[AMQP4]success declare queue 'cf.app.rpc.0b7df9e0a29d11e7b24ac700b030a536'
[I] 17:28:24.600(000000000013C444):[AMQP5]success declare queue 'cf.wechat.rpc.0b7ebd30a29d11e7b24ac700b030a536'
[I] 17:28:24.600(000000000013C444):[AMQP1]success declare queue 'cf.wechat.rpc.0b6baa60a29d11e7b24ac700b030a536'
[I] 17:28:24.601(000000000013C444):[AMQP0]success declare queue 'cf.wechat.rpc.0b34bbe0a29d11e7b24ac700b030a536'
[I] 17:28:24.601(000000000013C444):[AMQP6]success consume 'cf.wechat.rpc.0b7f5970a29d11e7b24ac700b030a536'
[I] 17:28:24.602(000000000013C444):[AMQP8]success consume 'cf.wechat.rpc.0b82b4d0a29d11e7b24ac700b030a536'
[I] 17:28:24.602(000000000013C444):[AMQP7]success consume 'sc.task.rpc.0b8043d0a29d11e7b24ac700b030a536'
[I] 17:28:24.603(000000000013C444):[AMQP1]success consume 'cf.wechat.rpc.0b6baa60a29d11e7b24ac700b030a536'
[I] 17:28:24.603(000000000013C444):[AMQP4]success consume 'cf.app.rpc.0b7df9e0a29d11e7b24ac700b030a536'
[I] 17:28:24.604(000000000013C444):[AMQP5]success consume 'cf.wechat.rpc.0b7ebd30a29d11e7b24ac700b030a536'
[I] 17:28:24.605(000000000013C444):[AMQP0]success consume 'cf.wechat.rpc.0b34bbe0a29d11e7b24ac700b030a536'
[I] 17:28:24.607(000000000013C444):[AMQP8]success binding 'amq.direct'->'cf.wechat.rpc.0b82b4d0a29d11e7b24ac700b030a536'(cf.wechat.rpc.0b82b4d0a29d11e7b24ac700b030a536)
[I] 17:28:24.607(000000000013C444):[AMQP6]success binding 'amq.direct'->'cf.wechat.rpc.0b7f5970a29d11e7b24ac700b030a536'(cf.wechat.rpc.0b7f5970a29d11e7b24ac700b030a536)
[I] 17:28:24.608(000000000013C444):[AMQP7]success binding 'amq.direct'->'sc.task.rpc.0b8043d0a29d11e7b24ac700b030a536'(sc.task.rpc.0b8043d0a29d11e7b24ac700b030a536)
[I] 17:28:24.609(000000000013C444):[AMQP1]success binding 'amq.direct'->'cf.wechat.rpc.0b6baa60a29d11e7b24ac700b030a536'(cf.wechat.rpc.0b6baa60a29d11e7b24ac700b030a536)
[I] 17:28:24.609(000000000013C444):[AMQP5]success binding 'amq.direct'->'cf.wechat.rpc.0b7ebd30a29d11e7b24ac700b030a536'(cf.wechat.rpc.0b7ebd30a29d11e7b24ac700b030a536)
[I] 17:28:24.609(000000000013C444):[AMQP0]success binding 'amq.direct'->'cf.wechat.rpc.0b34bbe0a29d11e7b24ac700b030a536'(cf.wechat.rpc.0b34bbe0a29d11e7b24ac700b030a536)
[I] 17:28:24.613(000000000013C444):[AMQP4]success binding 'amq.direct'->'cf.app.rpc.0b7df9e0a29d11e7b24ac700b030a536'(cf.app.rpc.0b7df9e0a29d11e7b24ac700b030a536)
[I] 17:28:24.616(000000000013C444):[AMQP0]success declare exchange 'cf.wechat.notify'
[I] 17:28:24.618(000000000013C444):[AMQP7]success declare queue 'sr.customer.rewardfail.0b806ae0a29d11e7b24ac700b030a536'
[I] 17:28:24.619(000000000013C444):[AMQP4]success declare queue 'cf.wechat.rpc.0b7df9e1a29d11e7b24ac700b030a536'
[I] 17:28:24.620(000000000013C444):[AMQP7]success consume 'sr.customer.rewardfail.0b806ae0a29d11e7b24ac700b030a536'
[I] 17:28:24.620(000000000013C444):[AMQP0]success declare queue 'jiaxingwang.sc_admin.wechat.0b3ea6f0a29d11e7b24ac700b030a536'
[I] 17:28:24.625(000000000013C444):[AMQP0]success consume 'jiaxingwang.sc_admin.wechat.0b3ea6f0a29d11e7b24ac700b030a536'
[I] 17:28:24.625(000000000013C444):[AMQP4]success consume 'cf.wechat.rpc.0b7df9e1a29d11e7b24ac700b030a536'
[I] 17:28:24.630(000000000013C444):[AMQP7]success binding 'amq.direct'->'sr.customer.rewardfail.0b806ae0a29d11e7b24ac700b030a536'(sr.customer.rewardfail.0b806ae0a29d11e7b24ac700b030a536)
[I] 17:28:24.631(000000000013C444):[AMQP4]success binding 'amq.direct'->'cf.wechat.rpc.0b7df9e1a29d11e7b24ac700b030a536'(cf.wechat.rpc.0b7df9e1a29d11e7b24ac700b030a536)
[I] 17:28:24.632(000000000013C444):[AMQP0]success binding 'cf.wechat.notify'->'jiaxingwang.sc_admin.wechat.0b3ea6f0a29d11e7b24ac700b030a536'(#)
[I] 17:28:24.635(000000000013C444):[AMQP4]success declare queue 'cf.rpc.0b7e20f0a29d11e7b24ac700b030a536'
[I] 17:28:24.635(000000000013C444):[AMQP0]success declare queue 'cf.app.rpc.0b3ea6f1a29d11e7b24ac700b030a536'
[I] 17:28:24.637(000000000013C444):[AMQP0]success consume 'cf.app.rpc.0b3ea6f1a29d11e7b24ac700b030a536'
[I] 17:28:24.638(000000000013C444):[AMQP4]success consume 'cf.rpc.0b7e20f0a29d11e7b24ac700b030a536'
[I] 17:28:24.639(000000000013C444):[AMQP0]success binding 'amq.direct'->'cf.app.rpc.0b3ea6f1a29d11e7b24ac700b030a536'(cf.app.rpc.0b3ea6f1a29d11e7b24ac700b030a536)
[I] 17:28:24.641(000000000013C444):[AMQP4]success binding 'amq.direct'->'cf.rpc.0b7e20f0a29d11e7b24ac700b030a536'(cf.rpc.0b7e20f0a29d11e7b24ac700b030a536)
[I] 17:28:24.642(000000000013C570):[AMQP0]created
[I] 17:28:24.644(000000000013C444):[AMQP0]success declare queue 'cf.alipay.rpc.0b3f9150a29d11e7b24ac700b030a536'
[I] 17:28:24.645(000000000013C444):[AMQP4]success declare queue 'sc.task.rpc.0b7e20f1a29d11e7b24ac700b030a536'
[I] 17:28:24.647(000000000013C444):[AMQP0]success consume 'cf.alipay.rpc.0b3f9150a29d11e7b24ac700b030a536'
[I] 17:28:24.648(000000000013C444):[AMQP4]success consume 'sc.task.rpc.0b7e20f1a29d11e7b24ac700b030a536'
[I] 17:28:24.650(000000000013C444):[AMQP0]success binding 'amq.direct'->'cf.alipay.rpc.0b3f9150a29d11e7b24ac700b030a536'(cf.alipay.rpc.0b3f9150a29d11e7b24ac700b030a536)
[I] 17:28:24.651(000000000013C444):[AMQP4]success binding 'amq.direct'->'sc.task.rpc.0b7e20f1a29d11e7b24ac700b030a536'(sc.task.rpc.0b7e20f1a29d11e7b24ac700b030a536)
[I] 17:28:24.651(000000000013C570):[AMQP0]declare queue 'cf.rpc.0b9d1aa0a29d11e78a8f4550f7c97d4c'
[I] 17:28:24.652(000000000013C570):[RPCC:cf.rpc]create rpc client 'cf.rpc' in conn AMQP0
[I] 17:28:24.654(000000000013C444):[AMQP0]success declare queue 'cf.ding.rpc.0b40f0e0a29d11e7b24ac700b030a536'
[I] 17:28:24.656(000000000013C444):[AMQP0]success consume 'cf.ding.rpc.0b40f0e0a29d11e7b24ac700b030a536'
[I] 17:28:24.659(000000000013C444):[AMQP0]success binding 'amq.direct'->'cf.ding.rpc.0b40f0e0a29d11e7b24ac700b030a536'(cf.ding.rpc.0b40f0e0a29d11e7b24ac700b030a536)
[I] 17:28:24.660(000000000013C444):[AMQP0]success declare exchange 'cf.ding.notify'
[I] 17:28:24.664(000000000013C444):[AMQP0]success declare queue 'jiaxingwang.sc_admin.ding.0b4313c0a29d11e7b24ac700b030a536'
[I] 17:28:24.665(000000000013C444):[AMQP0]success consume 'jiaxingwang.sc_admin.ding.0b4313c0a29d11e7b24ac700b030a536'
[I] 17:28:24.667(000000000013C444):[AMQP0]success binding 'cf.ding.notify'->'jiaxingwang.sc_admin.ding.0b4313c0a29d11e7b24ac700b030a536'(#)
[I] 17:28:24.670(000000000013C444):[AMQP0]success declare queue 'sr.customer.rpc.0b447350a29d11e7b24ac700b030a536'
[I] 17:28:24.672(000000000013C444):[AMQP0]success consume 'sr.customer.rpc.0b447350a29d11e7b24ac700b030a536'
[I] 17:28:24.675(000000000013C444):[AMQP0]success binding 'amq.direct'->'sr.customer.rpc.0b447350a29d11e7b24ac700b030a536'(sr.customer.rpc.0b447350a29d11e7b24ac700b030a536)
[I] 17:28:24.677(000000000013C444):[AMQP0]success declare exchange 'amq.direct'
[I] 17:28:24.680(000000000013C444):[AMQP0]success declare queue 'sc.task.rpc.0b6cbbd0a29d11e7b24ac700b030a536'
[I] 17:28:24.682(000000000013C444):[AMQP0]success consume 'sc.task.rpc.0b6cbbd0a29d11e7b24ac700b030a536'
[I] 17:28:24.684(000000000013C444):[AMQP0]success binding 'amq.direct'->'sc.task.rpc.0b6cbbd0a29d11e7b24ac700b030a536'(sc.task.rpc.0b6cbbd0a29d11e7b24ac700b030a536)
[I] 17:28:24.688(000000000013C444):[AMQP0]success declare queue 'sr.customer.tag.rpc.0b721300a29d11e7b24ac700b030a536'
[I] 17:28:24.689(000000000013C444):[AMQP0]success consume 'sr.customer.tag.rpc.0b721300a29d11e7b24ac700b030a536'
[I] 17:28:24.692(000000000013C444):[AMQP0]success binding 'amq.direct'->'sr.customer.tag.rpc.0b721300a29d11e7b24ac700b030a536'(sr.customer.tag.rpc.0b721300a29d11e7b24ac700b030a536)
[I] 17:28:24.695(000000000013C444):[AMQP0]success declare queue 'sr.customer.point.rpc.0b723a10a29d11e7b24ac700b030a536'
[I] 17:28:24.697(000000000013C444):[AMQP0]success consume 'sr.customer.point.rpc.0b723a10a29d11e7b24ac700b030a536'
[I] 17:28:24.700(000000000013C444):[AMQP0]success binding 'amq.direct'->'sr.customer.point.rpc.0b723a10a29d11e7b24ac700b030a536'(sr.customer.point.rpc.0b723a10a29d11e7b24ac700b030a536)
[I] 17:28:24.704(000000000013C444):[AMQP0]success declare queue 'sr.customer.coupon_class.rpc.0b75bc80a29d11e7b24ac700b030a536'
[I] 17:28:24.705(000000000013C444):[AMQP0]success consume 'sr.customer.coupon_class.rpc.0b75bc80a29d11e7b24ac700b030a536'
[I] 17:28:24.707(000000000013C444):[AMQP0]success binding 'amq.direct'->'sr.customer.coupon_class.rpc.0b75bc80a29d11e7b24ac700b030a536'(sr.customer.coupon_class.rpc.0b75bc80a29d11e7b24ac700b030a536)
[I] 17:28:24.710(000000000013C444):[AMQP0]success declare queue 'sr.customer.coupon.rpc.0b75e390a29d11e7b24ac700b030a536'
[I] 17:28:24.712(000000000013C444):[AMQP0]success consume 'sr.customer.coupon.rpc.0b75e390a29d11e7b24ac700b030a536'
[I] 17:28:24.714(000000000013C444):[AMQP0]success binding 'amq.direct'->'sr.customer.coupon.rpc.0b75e390a29d11e7b24ac700b030a536'(sr.customer.coupon.rpc.0b75e390a29d11e7b24ac700b030a536)
[I] 17:28:24.717(000000000013C444):[AMQP0]success declare queue 'cf.wxpay.rpc.0b77b850a29d11e7b24ac700b030a536'
[I] 17:28:24.726(000000000013C444):[AMQP0]success consume 'cf.wxpay.rpc.0b77b850a29d11e7b24ac700b030a536'
[I] 17:28:24.729(000000000013C444):[AMQP0]success binding 'amq.direct'->'cf.wxpay.rpc.0b77b850a29d11e7b24ac700b030a536'(cf.wxpay.rpc.0b77b850a29d11e7b24ac700b030a536)
[I] 17:28:24.733(000000000013C444):[AMQP0]success declare queue 'cf.baidu.rpc.0b7b3ac0a29d11e7b24ac700b030a536'
[I] 17:28:24.735(000000000013C444):[AMQP0]success consume 'cf.baidu.rpc.0b7b3ac0a29d11e7b24ac700b030a536'
[I] 17:28:24.737(000000000013C444):[AMQP0]success binding 'amq.direct'->'cf.baidu.rpc.0b7b3ac0a29d11e7b24ac700b030a536'(cf.baidu.rpc.0b7b3ac0a29d11e7b24ac700b030a536)
[I] 17:28:24.740(000000000013C444):[AMQP0]success declare queue 'sr.trade.rpc.0b817c50a29d11e7b24ac700b030a536'
[I] 17:28:24.742(000000000013C444):[AMQP0]success consume 'sr.trade.rpc.0b817c50a29d11e7b24ac700b030a536'
[I] 17:28:24.743(000000000013C444):[AMQP0]success binding 'amq.direct'->'sr.trade.rpc.0b817c50a29d11e7b24ac700b030a536'(sr.trade.rpc.0b817c50a29d11e7b24ac700b030a536)
[I] 17:28:24.764(000000000013C570):PBEncoder success load file 'E:\product\protocol\cf.proto.js'
[I] 17:28:24.765(000000000013C570):[AMQP0]declare queue 'cf.wechat.rpc.0bae7fc0a29d11e78a8f4550f7c97d4c'
[I] 17:28:24.765(000000000013C570):[RPCC:cf.wechat.rpc]create rpc client 'cf.wechat.rpc' in conn AMQP0
[I] 17:28:24.821(000000000013C570):PBEncoder success load file 'E:\product\protocol\cf_wechat.proto.js'
[I] 17:28:24.822(000000000013C570):[AMQP0]declare exchange 'cf.wechat.notify'
[I] 17:28:24.822(000000000013C570):[AMQP0]declare queue 'jiaxingwang.sc_admin.wechat.0bb75960a29d11e78a8f4550f7c97d4c'
[I] 17:28:24.823(000000000013C570):[AMQP0]declare queue 'cf.app.rpc.0bb78070a29d11e78a8f4550f7c97d4c'
[I] 17:28:24.823(000000000013C570):[RPCC:cf.app.rpc]create rpc client 'cf.app.rpc' in conn AMQP0
[I] 17:28:24.827(000000000013C570):PBEncoder success load file 'E:\product\protocol\cf_app.proto.js'
[I] 17:28:24.827(000000000013C570):[AMQP0]declare queue 'cf.alipay.rpc.0bb81cb0a29d11e78a8f4550f7c97d4c'
[I] 17:28:24.828(000000000013C570):[RPCC:cf.alipay.rpc]create rpc client 'cf.alipay.rpc' in conn AMQP0
[I] 17:28:24.835(000000000013C570):PBEncoder success load file 'E:\product\protocol\cf_alipay.proto.js'
[I] 17:28:24.836(000000000013C570):[AMQP0]declare queue 'cf.ding.rpc.0bb97c40a29d11e78a8f4550f7c97d4c'
[I] 17:28:24.836(000000000013C570):[RPCC:cf.ding.rpc]create rpc client 'cf.ding.rpc' in conn AMQP0
[I] 17:28:24.847(000000000013C570):PBEncoder success load file 'E:\product\protocol\cf_ding.proto.js'
[I] 17:28:24.847(000000000013C570):[AMQP0]declare exchange 'cf.ding.notify'
[I] 17:28:24.848(000000000013C570):[AMQP0]declare queue 'jiaxingwang.sc_admin.ding.0bbb5100a29d11e78a8f4550f7c97d4c'
[I] 17:28:24.848(000000000013C570):[AM]init and reload account!
[I] 17:28:24.852(000000000013C570):[AM]reload account success, account number is: 0
[I] 17:28:24.855(000000000013C570):[AMQP0]declare queue 'sr.customer.rpc.0bbc6270a29d11e78a8f4550f7c97d4c'
[I] 17:28:24.855(000000000013C570):[RPCC:sr.customer.rpc]create rpc client 'sr.customer.rpc' in conn AMQP0
[I] 17:28:24.862(000000000013C570):PBEncoder success load file 'E:\product\protocol\sr_customer.proto.js'
[W] 17:28:24.862(000000000013C570):[AMQP0]rpc client 'cf.rpc' declare repeat!
[W] 17:28:24.863(000000000013C570):[AMQP0]rpc client 'cf.wechat.rpc' declare repeat!
[W] 17:28:24.863(000000000013C570):[AMQP0]rpc client 'cf.app.rpc' declare repeat!
[I] 17:28:25.026(000000000013C570):PBEncoder success load file 'E:\product\protocol\sc_system.proto.js'
[I] 17:28:25.074(000000000013C570):[AMQP1]created
[I] 17:28:25.075(000000000013C570):[AMQP1]declare exchange 'amq.direct'
[I] 17:28:25.076(000000000013C570):[AMQP1]declare queue 'cf.wechat.rpc.0bde1b40a29d11e78a8f4550f7c97d4c'
[I] 17:28:25.076(000000000013C570):[RPCC:cf.wechat.rpc]create rpc client 'cf.wechat.rpc' in conn AMQP1
[I] 17:28:25.077(000000000013C570):[AMQP2]created
[I] 17:28:25.082(000000000013C570):[AMQP0]declare exchange 'amq.direct'
[I] 17:28:25.082(000000000013C570):[AMQP0]declare queue 'sc.task.rpc.0bdf05a0a29d11e78a8f4550f7c97d4c'
[I] 17:28:25.082(000000000013C570):[RPCC:sc.task.rpc]create rpc client 'sc.task.rpc' in conn AMQP0
[I] 17:28:25.089(000000000013C570):PBEncoder success load file 'E:\product\protocol\sc_task.proto.js'
[I] 17:28:25.112(000000000013C570):[AMQP0]declare queue 'sr.customer.tag.rpc.0be39980a29d11e78a8f4550f7c97d4c'
[I] 17:28:25.113(000000000013C570):[RPCC:sr.customer.tag.rpc]create rpc client 'sr.customer.tag.rpc' in conn AMQP0
[I] 17:28:25.113(000000000013C570):[AMQP0]declare queue 'sr.customer.point.rpc.0be3c090a29d11e78a8f4550f7c97d4c'
[I] 17:28:25.113(000000000013C570):[RPCC:sr.customer.point.rpc]create rpc client 'sr.customer.point.rpc' in conn AMQP0
[I] 17:28:25.120(000000000013C570):PBEncoder success load file 'E:\product\protocol\sr_customer_point.proto.js'
[I] 17:28:25.126(000000000013C570):PBEncoder success load file 'E:\product\protocol\sr_customer_tag.proto.js'
[W] 17:28:25.135(000000000013C570):[AMQP0]rpc client 'cf.wechat.rpc' declare repeat!
[I] 17:28:25.136(000000000013C570):[AMQP0]declare queue 'sr.customer.coupon_class.rpc.0be74300a29d11e78a8f4550f7c97d4c'
[I] 17:28:25.136(000000000013C570):[RPCC:sr.customer.coupon_class.rpc]create rpc client 'sr.customer.coupon_class.rpc' in conn AMQP0
[I] 17:28:25.136(000000000013C570):[AMQP0]declare queue 'sr.customer.coupon.rpc.0be74301a29d11e78a8f4550f7c97d4c'
[I] 17:28:25.137(000000000013C570):[RPCC:sr.customer.coupon.rpc]create rpc client 'sr.customer.coupon.rpc' in conn AMQP0
[I] 17:28:25.147(000000000013C570):PBEncoder success load file 'E:\product\protocol\sr_customer_coupon.proto.js'
[W] 17:28:25.148(000000000013C570):[AMQP0]rpc client 'cf.wechat.rpc' declare repeat!
[I] 17:28:25.148(000000000013C570):[AMQP0]declare queue 'cf.wxpay.rpc.0be917c0a29d11e78a8f4550f7c97d4c'
[I] 17:28:25.148(000000000013C570):[RPCC:cf.wxpay.rpc]create rpc client 'cf.wxpay.rpc' in conn AMQP0
[I] 17:28:25.161(000000000013C570):PBEncoder success load file 'E:\product\protocol\cf_wxpay.proto.js'
[W] 17:28:25.161(000000000013C570):[AMQP0]rpc client 'sr.customer.point.rpc' declare repeat!
[W] 17:28:25.168(000000000013C570):[AMQP0]exchange amq.direct already declare!!
[W] 17:28:25.169(000000000013C570):[AMQP0]rpc client 'sr.customer.rpc' declare repeat!
[W] 17:28:25.169(000000000013C570):[AMQP0]rpc client 'sr.customer.coupon.rpc' declare repeat!
[W] 17:28:25.169(000000000013C570):[AMQP0]rpc client 'cf.wechat.rpc' declare repeat!
[W] 17:28:25.171(000000000013C570):[AMQP0]exchange amq.direct already declare!!
[I] 17:28:25.171(000000000013C570):[AMQP0]declare queue 'cf.baidu.rpc.0bec9a30a29d11e78a8f4550f7c97d4c'
[I] 17:28:25.172(000000000013C570):[RPCC:cf.baidu.rpc]create rpc client 'cf.baidu.rpc' in conn AMQP0
[I] 17:28:25.175(000000000013C570):PBEncoder success load file 'E:\product\protocol\cf_baidu.proto.js'
[I] 17:28:25.180(000000000013C570):[AMQP3]created
[I] 17:28:25.187(000000000013C570):[AMQP4]created
[I] 17:28:25.188(000000000013C570):[AMQP4]declare exchange 'amq.direct'
[I] 17:28:25.188(000000000013C570):[AMQP4]declare queue 'cf.app.rpc.0bef3240a29d11e78a8f4550f7c97d4c'
[I] 17:28:25.188(000000000013C570):[RPCC:cf.app.rpc]create rpc client 'cf.app.rpc' in conn AMQP4
[I] 17:28:25.188(000000000013C570):[AMQP4]declare queue 'cf.wechat.rpc.0bef3241a29d11e78a8f4550f7c97d4c'
[I] 17:28:25.189(000000000013C570):[RPCC:cf.wechat.rpc]create rpc client 'cf.wechat.rpc' in conn AMQP4
[I] 17:28:25.189(000000000013C570):[AMQP4]declare queue 'cf.rpc.0bef5950a29d11e78a8f4550f7c97d4c'
[I] 17:28:25.189(000000000013C570):[RPCC:cf.rpc]create rpc client 'cf.rpc' in conn AMQP4
[I] 17:28:25.189(000000000013C570):[AMQP4]declare queue 'sc.task.rpc.0bef5951a29d11e78a8f4550f7c97d4c'
[I] 17:28:25.189(000000000013C570):[RPCC:sc.task.rpc]create rpc client 'sc.task.rpc' in conn AMQP4
[I] 17:28:25.192(000000000013C570):[AMQP5]created
[I] 17:28:25.192(000000000013C570):[AMQP5]declare exchange 'amq.direct'
[I] 17:28:25.193(000000000013C570):[AMQP5]declare queue 'cf.wechat.rpc.0befce80a29d11e78a8f4550f7c97d4c'
[I] 17:28:25.193(000000000013C570):[RPCC:cf.wechat.rpc]create rpc client 'cf.wechat.rpc' in conn AMQP5
[W] 17:28:25.195(000000000013C570):[AMQP0]rpc client 'sr.customer.point.rpc' declare repeat!
[I] 17:28:25.197(000000000013C570):[AMQP6]created
[I] 17:28:25.197(000000000013C570):[AMQP6]declare exchange 'amq.direct'
[I] 17:28:25.198(000000000013C570):[AMQP6]declare queue 'cf.wechat.rpc.0bf0b8e0a29d11e78a8f4550f7c97d4c'
[I] 17:28:25.198(000000000013C570):[RPCC:cf.wechat.rpc]create rpc client 'cf.wechat.rpc' in conn AMQP6
[I] 17:28:25.202(000000000013C570):[AMQP7]created
[I] 17:28:25.203(000000000013C570):[AMQP7]declare exchange 'amq.direct'
[I] 17:28:25.203(000000000013C570):[AMQP7]declare queue 'sc.task.rpc.0bf17c30a29d11e78a8f4550f7c97d4c'
[I] 17:28:25.204(000000000013C570):[RPCC:sc.task.rpc]create rpc client 'sc.task.rpc' in conn AMQP7
[I] 17:28:25.204(000000000013C570):[AMQP7]declare queue 'sr.customer.rewardfail.0bf1a340a29d11e78a8f4550f7c97d4c'
[I] 17:28:25.204(000000000013C570):[RPCC:sr.customer.rewardfail]create rpc client 'sr.customer.rewardfail' in conn AMQP7
[W] 17:28:25.207(000000000013C570):[AMQP0]exchange amq.direct already declare!!
[W] 17:28:25.208(000000000013C570):[AMQP0]rpc client 'sr.customer.tag.rpc' declare repeat!
[W] 17:28:25.208(000000000013C570):[AMQP0]rpc client 'sc.task.rpc' declare repeat!
[W] 17:28:25.210(000000000013C570):[AMQP0]exchange amq.direct already declare!!
[I] 17:28:25.210(000000000013C570):[AMQP0]declare queue 'sr.trade.rpc.0bf28da0a29d11e78a8f4550f7c97d4c'
[I] 17:28:25.211(000000000013C570):[RPCC:sr.trade.rpc]create rpc client 'sr.trade.rpc' in conn AMQP0
[I] 17:28:25.214(000000000013C570):PBEncoder success load file 'E:\product\protocol\sr_trade.proto.js'
[I] 17:28:25.217(000000000013C570):[AMQP8]created
[I] 17:28:25.217(000000000013C570):[AMQP8]declare exchange 'amq.direct'
[I] 17:28:25.217(000000000013C570):[AMQP8]declare queue 'cf.wechat.rpc.0bf39f10a29d11e78a8f4550f7c97d4c'
[I] 17:28:25.218(000000000013C570):[RPCC:cf.wechat.rpc]create rpc client 'cf.wechat.rpc' in conn AMQP8
[T] 17:28:25.238(000000000013C570):Http is running,port is 18910
[I] 17:28:25.243(000000000013C570):[redis]redis connect
[I] 17:28:25.255(000000000013C570):[redis]redis ready
[I] 17:28:25.258(000000000013C570):[MP1]create connection #0
[T] 17:28:25.258(000000000013C570):[MP1]getConnection success,getIndex=0
[I] 17:28:25.259(000000000013C570):[MP1]create connection #1
[T] 17:28:25.259(000000000013C570):[MP1]getConnection success,getIndex=1
[T] 17:28:25.268(000000000013C570):[MySQL]Query success,used time:7 ms,sql="select * from cf_account where enabled=1 and function_mask like \"1%\""
[T] 17:28:25.276(000000000013C570):[MySQL]Query success,used time:13 ms,sql="SELECT * FROM `sc_org`"
[T] 17:28:25.277(000000000013C570):getConnection release,getIndex=0
[T] 17:28:25.277(000000000013C570):getConnection release,getIndex=1
[I] 17:28:25.277(000000000013C570):[AM]get account list success: [{"innerid":"HEDV35FASG-DGW423A-34TGGW53AAD66","name":"乐逛演示","org_id":"1","shop_id":null,"settlement_id":null,"method_code":1,"method_code_key":"wechat_test3_1","function_mask":"10","config":"{\"accountid\":\"gh_92368265694f\",\"fee_type\":\"CNY\",\"appid\":\"wx39bf9ff3da6fc1e7\",\"appsecret\":\"e00fc51118b318fb99cff35d217865fc\",\"mch_id\":\"1287801701\",\"sub_mch_id\":\"\",\"sign_key\":\"smartpaysmartpaysmartpaysmartpay\",\"key_file\":\"apiclient_key.pem\",\"cert_file\":\"apiclient_cert.pem\",\"pay_authorization_dir\":[\"\",\"\",\"\"],\"pay_native_callback\":\"\",\"pay_finish_notify\":\"1\",\"pay_alarm_notify\":\"\"}","enabled":1,"desc":null},{"innerid":"SE43RG3ASG-34GWW55A-34TG43HER452","name":"短信测试一","org_id":"1","shop_id":null,"settlement_id":null,"method_code":2,"method_code_key":"wechat_test1_2","function_mask":"10","config":"{\"url\" : \"http://211.147.239.62:9050/cgi-bin/sendsms\",\"username\" : \"shopperconnect@smartac\",\"password\" : \"shopCNT@smartc2016\"}","enabled":1,"desc":null},{"innerid":"SMFGSW423GWS-G43HTEHE2-HHEDR5462HS","name":"邮件测试一","org_id":"1","shop_id":null,"settlement_id":null,"method_code":3,"method_code_key":"wechat_test1_3","function_mask":"10","config":"{\"smtpserver\" : \"smtp.163.com\",\"port\": 25,\"username\" : \"zyqtest5@163.com\",\"password\" : \"zyqtest5881119\",\"SSL\":false}","enabled":1,"desc":null}]
[I] 17:28:25.307(000000000013C570):[AMQP0]AMQP0 connect 'amqp://guest:guest@172.16.0.81:5672' success!
[I] 17:28:25.310(000000000013C570):[AMQP4]AMQP4 connect 'amqp://guest:guest@172.16.0.81:5672' success!
[I] 17:28:25.311(000000000013C570):[AMQP5]AMQP5 connect 'amqp://guest:guest@172.16.0.81:5672' success!
[I] 17:28:25.312(000000000013C570):[AMQP1]AMQP1 connect 'amqp://guest:guest@172.16.0.81:5672' success!
[I] 17:28:25.313(000000000013C570):[AMQP7]AMQP7 connect 'amqp://guest:guest@172.16.0.81:5672' success!
[I] 17:28:25.314(000000000013C570):[AMQP8]AMQP8 connect 'amqp://guest:guest@172.16.0.81:5672' success!
[I] 17:28:25.315(000000000013C570):[AMQP6]AMQP6 connect 'amqp://guest:guest@172.16.0.81:5672' success!
[I] 17:28:25.329(000000000013C570):[AMQP5]success declare exchange 'amq.direct'
[I] 17:28:25.329(000000000013C570):[AMQP8]success declare exchange 'amq.direct'
[I] 17:28:25.330(000000000013C570):[AMQP6]success declare exchange 'amq.direct'
[I] 17:28:25.332(000000000013C570):[AMQP0]success declare queue 'cf.rpc.0b9d1aa0a29d11e78a8f4550f7c97d4c'
[I] 17:28:25.333(000000000013C570):[AMQP4]success declare exchange 'amq.direct'
[I] 17:28:25.333(000000000013C570):[AMQP7]success declare exchange 'amq.direct'
[I] 17:28:25.334(000000000013C570):[AMQP1]success declare exchange 'amq.direct'
[I] 17:28:25.335(000000000013C570):[AMQP5]success declare queue 'cf.wechat.rpc.0befce80a29d11e78a8f4550f7c97d4c'
[I] 17:28:25.336(000000000013C570):[AMQP0]success consume 'cf.rpc.0b9d1aa0a29d11e78a8f4550f7c97d4c'
[I] 17:28:25.337(000000000013C570):[AMQP5]success consume 'cf.wechat.rpc.0befce80a29d11e78a8f4550f7c97d4c'
[I] 17:28:25.339(000000000013C570):[AMQP8]success declare queue 'cf.wechat.rpc.0bf39f10a29d11e78a8f4550f7c97d4c'
[I] 17:28:25.341(000000000013C570):[AMQP6]success declare queue 'cf.wechat.rpc.0bf0b8e0a29d11e78a8f4550f7c97d4c'
[I] 17:28:25.341(000000000013C570):[AMQP0]success binding 'amq.direct'->'cf.rpc.0b9d1aa0a29d11e78a8f4550f7c97d4c'(cf.rpc.0b9d1aa0a29d11e78a8f4550f7c97d4c)
[I] 17:28:25.342(000000000013C570):[AMQP7]success declare queue 'sc.task.rpc.0bf17c30a29d11e78a8f4550f7c97d4c'
[I] 17:28:25.342(000000000013C570):[AMQP4]success declare queue 'cf.app.rpc.0bef3240a29d11e78a8f4550f7c97d4c'
[I] 17:28:25.343(000000000013C570):[AMQP1]success declare queue 'cf.wechat.rpc.0bde1b40a29d11e78a8f4550f7c97d4c'
[I] 17:28:25.343(000000000013C570):[AMQP5]success binding 'amq.direct'->'cf.wechat.rpc.0befce80a29d11e78a8f4550f7c97d4c'(cf.wechat.rpc.0befce80a29d11e78a8f4550f7c97d4c)
[I] 17:28:25.344(000000000013C570):[AMQP8]success consume 'cf.wechat.rpc.0bf39f10a29d11e78a8f4550f7c97d4c'
[I] 17:28:25.345(000000000013C570):[AMQP6]success consume 'cf.wechat.rpc.0bf0b8e0a29d11e78a8f4550f7c97d4c'
[I] 17:28:25.345(000000000013C570):[AMQP7]success consume 'sc.task.rpc.0bf17c30a29d11e78a8f4550f7c97d4c'
[I] 17:28:25.345(000000000013C570):[AMQP1]success consume 'cf.wechat.rpc.0bde1b40a29d11e78a8f4550f7c97d4c'
[I] 17:28:25.346(000000000013C570):[AMQP4]success consume 'cf.app.rpc.0bef3240a29d11e78a8f4550f7c97d4c'
[I] 17:28:25.348(000000000013C570):[AMQP8]success binding 'amq.direct'->'cf.wechat.rpc.0bf39f10a29d11e78a8f4550f7c97d4c'(cf.wechat.rpc.0bf39f10a29d11e78a8f4550f7c97d4c)
[I] 17:28:25.348(000000000013C570):[AMQP6]success binding 'amq.direct'->'cf.wechat.rpc.0bf0b8e0a29d11e78a8f4550f7c97d4c'(cf.wechat.rpc.0bf0b8e0a29d11e78a8f4550f7c97d4c)
[I] 17:28:25.349(000000000013C570):[AMQP0]success declare queue 'cf.wechat.rpc.0bae7fc0a29d11e78a8f4550f7c97d4c'
[I] 17:28:25.350(000000000013C570):[AMQP1]success binding 'amq.direct'->'cf.wechat.rpc.0bde1b40a29d11e78a8f4550f7c97d4c'(cf.wechat.rpc.0bde1b40a29d11e78a8f4550f7c97d4c)
[I] 17:28:25.350(000000000013C570):[AMQP7]success binding 'amq.direct'->'sc.task.rpc.0bf17c30a29d11e78a8f4550f7c97d4c'(sc.task.rpc.0bf17c30a29d11e78a8f4550f7c97d4c)
[I] 17:28:25.351(000000000013C570):[AMQP4]success binding 'amq.direct'->'cf.app.rpc.0bef3240a29d11e78a8f4550f7c97d4c'(cf.app.rpc.0bef3240a29d11e78a8f4550f7c97d4c)
[I] 17:28:25.351(000000000013C570):[AMQP0]success consume 'cf.wechat.rpc.0bae7fc0a29d11e78a8f4550f7c97d4c'
[I] 17:28:25.356(000000000013C570):[AMQP7]success declare queue 'sr.customer.rewardfail.0bf1a340a29d11e78a8f4550f7c97d4c'
[I] 17:28:25.356(000000000013C570):[AMQP0]success binding 'amq.direct'->'cf.wechat.rpc.0bae7fc0a29d11e78a8f4550f7c97d4c'(cf.wechat.rpc.0bae7fc0a29d11e78a8f4550f7c97d4c)
[I] 17:28:25.356(000000000013C570):[AMQP4]success declare queue 'cf.wechat.rpc.0bef3241a29d11e78a8f4550f7c97d4c'
[I] 17:28:25.357(000000000013C570):[AMQP7]success consume 'sr.customer.rewardfail.0bf1a340a29d11e78a8f4550f7c97d4c'
[I] 17:28:25.358(000000000013C570):[AMQP0]success declare exchange 'cf.wechat.notify'
[I] 17:28:25.358(000000000013C570):[AMQP4]success consume 'cf.wechat.rpc.0bef3241a29d11e78a8f4550f7c97d4c'
[I] 17:28:25.360(000000000013C570):[AMQP7]success binding 'amq.direct'->'sr.customer.rewardfail.0bf1a340a29d11e78a8f4550f7c97d4c'(sr.customer.rewardfail.0bf1a340a29d11e78a8f4550f7c97d4c)
[I] 17:28:25.361(000000000013C570):[AMQP4]success binding 'amq.direct'->'cf.wechat.rpc.0bef3241a29d11e78a8f4550f7c97d4c'(cf.wechat.rpc.0bef3241a29d11e78a8f4550f7c97d4c)
[I] 17:28:25.363(000000000013C570):[AMQP0]success declare queue 'jiaxingwang.sc_admin.wechat.0bb75960a29d11e78a8f4550f7c97d4c'
[I] 17:28:25.365(000000000013C570):[AMQP4]success declare queue 'cf.rpc.0bef5950a29d11e78a8f4550f7c97d4c'
[I] 17:28:25.366(000000000013C570):[AMQP0]success consume 'jiaxingwang.sc_admin.wechat.0bb75960a29d11e78a8f4550f7c97d4c'
[I] 17:28:25.367(000000000013C570):[AMQP4]success consume 'cf.rpc.0bef5950a29d11e78a8f4550f7c97d4c'
[I] 17:28:25.368(000000000013C570):[AMQP0]success binding 'cf.wechat.notify'->'jiaxingwang.sc_admin.wechat.0bb75960a29d11e78a8f4550f7c97d4c'(#)
[I] 17:28:25.369(000000000013C570):[AMQP4]success binding 'amq.direct'->'cf.rpc.0bef5950a29d11e78a8f4550f7c97d4c'(cf.rpc.0bef5950a29d11e78a8f4550f7c97d4c)
[I] 17:28:25.372(000000000013C570):[AMQP0]success declare queue 'cf.app.rpc.0bb78070a29d11e78a8f4550f7c97d4c'
[I] 17:28:25.374(000000000013C570):[AMQP0]success consume 'cf.app.rpc.0bb78070a29d11e78a8f4550f7c97d4c'
[I] 17:28:25.376(000000000013C570):[AMQP4]success declare queue 'sc.task.rpc.0bef5951a29d11e78a8f4550f7c97d4c'
[I] 17:28:25.378(000000000013C570):[AMQP0]success binding 'amq.direct'->'cf.app.rpc.0bb78070a29d11e78a8f4550f7c97d4c'(cf.app.rpc.0bb78070a29d11e78a8f4550f7c97d4c)
[I] 17:28:25.378(000000000013C570):[AMQP4]success consume 'sc.task.rpc.0bef5951a29d11e78a8f4550f7c97d4c'
[I] 17:28:25.381(000000000013C570):[AMQP0]success declare queue 'cf.alipay.rpc.0bb81cb0a29d11e78a8f4550f7c97d4c'
[I] 17:28:25.381(000000000013C570):[AMQP4]success binding 'amq.direct'->'sc.task.rpc.0bef5951a29d11e78a8f4550f7c97d4c'(sc.task.rpc.0bef5951a29d11e78a8f4550f7c97d4c)
[I] 17:28:25.382(000000000013C570):[AMQP0]success consume 'cf.alipay.rpc.0bb81cb0a29d11e78a8f4550f7c97d4c'
[I] 17:28:25.384(000000000013C570):[AMQP0]success binding 'amq.direct'->'cf.alipay.rpc.0bb81cb0a29d11e78a8f4550f7c97d4c'(cf.alipay.rpc.0bb81cb0a29d11e78a8f4550f7c97d4c)
[I] 17:28:25.388(000000000013C570):[AMQP0]success declare queue 'cf.ding.rpc.0bb97c40a29d11e78a8f4550f7c97d4c'
[I] 17:28:25.390(000000000013C570):[AMQP0]success consume 'cf.ding.rpc.0bb97c40a29d11e78a8f4550f7c97d4c'
[I] 17:28:25.392(000000000013C570):[AMQP0]success binding 'amq.direct'->'cf.ding.rpc.0bb97c40a29d11e78a8f4550f7c97d4c'(cf.ding.rpc.0bb97c40a29d11e78a8f4550f7c97d4c)
[I] 17:28:25.393(000000000013C570):[AMQP0]success declare exchange 'cf.ding.notify'
[I] 17:28:25.397(000000000013C570):[AMQP0]success declare queue 'jiaxingwang.sc_admin.ding.0bbb5100a29d11e78a8f4550f7c97d4c'
[I] 17:28:25.399(000000000013C570):[AMQP0]success consume 'jiaxingwang.sc_admin.ding.0bbb5100a29d11e78a8f4550f7c97d4c'
[I] 17:28:25.401(000000000013C570):[AMQP0]success binding 'cf.ding.notify'->'jiaxingwang.sc_admin.ding.0bbb5100a29d11e78a8f4550f7c97d4c'(#)
[I] 17:28:25.405(000000000013C570):[AMQP0]success declare queue 'sr.customer.rpc.0bbc6270a29d11e78a8f4550f7c97d4c'
[I] 17:28:25.407(000000000013C570):[AMQP0]success consume 'sr.customer.rpc.0bbc6270a29d11e78a8f4550f7c97d4c'
[I] 17:28:25.411(000000000013C570):[AMQP0]success binding 'amq.direct'->'sr.customer.rpc.0bbc6270a29d11e78a8f4550f7c97d4c'(sr.customer.rpc.0bbc6270a29d11e78a8f4550f7c97d4c)
[I] 17:28:25.412(000000000013C570):[AMQP0]success declare exchange 'amq.direct'
[I] 17:28:25.415(000000000013C570):[AMQP0]success declare queue 'sc.task.rpc.0bdf05a0a29d11e78a8f4550f7c97d4c'
[I] 17:28:25.417(000000000013C570):[AMQP0]success consume 'sc.task.rpc.0bdf05a0a29d11e78a8f4550f7c97d4c'
[I] 17:28:25.418(000000000013C570):[AMQP0]success binding 'amq.direct'->'sc.task.rpc.0bdf05a0a29d11e78a8f4550f7c97d4c'(sc.task.rpc.0bdf05a0a29d11e78a8f4550f7c97d4c)
[I] 17:28:25.421(000000000013C570):[AMQP0]success declare queue 'sr.customer.tag.rpc.0be39980a29d11e78a8f4550f7c97d4c'
[I] 17:28:25.424(000000000013C570):[AMQP0]success consume 'sr.customer.tag.rpc.0be39980a29d11e78a8f4550f7c97d4c'
[I] 17:28:25.426(000000000013C570):[AMQP0]success binding 'amq.direct'->'sr.customer.tag.rpc.0be39980a29d11e78a8f4550f7c97d4c'(sr.customer.tag.rpc.0be39980a29d11e78a8f4550f7c97d4c)
[I] 17:28:25.429(000000000013C570):[AMQP0]success declare queue 'sr.customer.point.rpc.0be3c090a29d11e78a8f4550f7c97d4c'
[I] 17:28:25.431(000000000013C570):[AMQP0]success consume 'sr.customer.point.rpc.0be3c090a29d11e78a8f4550f7c97d4c'
[I] 17:28:25.434(000000000013C570):[AMQP0]success binding 'amq.direct'->'sr.customer.point.rpc.0be3c090a29d11e78a8f4550f7c97d4c'(sr.customer.point.rpc.0be3c090a29d11e78a8f4550f7c97d4c)
[I] 17:28:25.438(000000000013C570):[AMQP0]success declare queue 'sr.customer.coupon_class.rpc.0be74300a29d11e78a8f4550f7c97d4c'
[I] 17:28:25.439(000000000013C570):[AMQP0]success consume 'sr.customer.coupon_class.rpc.0be74300a29d11e78a8f4550f7c97d4c'
[I] 17:28:25.442(000000000013C570):[AMQP0]success binding 'amq.direct'->'sr.customer.coupon_class.rpc.0be74300a29d11e78a8f4550f7c97d4c'(sr.customer.coupon_class.rpc.0be74300a29d11e78a8f4550f7c97d4c)
[I] 17:28:25.446(000000000013C570):[AMQP0]success declare queue 'sr.customer.coupon.rpc.0be74301a29d11e78a8f4550f7c97d4c'
[I] 17:28:25.447(000000000013C570):[AMQP0]success consume 'sr.customer.coupon.rpc.0be74301a29d11e78a8f4550f7c97d4c'
[I] 17:28:25.449(000000000013C570):[AMQP0]success binding 'amq.direct'->'sr.customer.coupon.rpc.0be74301a29d11e78a8f4550f7c97d4c'(sr.customer.coupon.rpc.0be74301a29d11e78a8f4550f7c97d4c)
[I] 17:28:25.452(000000000013C570):[AMQP0]success declare queue 'cf.wxpay.rpc.0be917c0a29d11e78a8f4550f7c97d4c'
[I] 17:28:25.454(000000000013C570):[AMQP0]success consume 'cf.wxpay.rpc.0be917c0a29d11e78a8f4550f7c97d4c'
[I] 17:28:25.456(000000000013C570):[AMQP0]success binding 'amq.direct'->'cf.wxpay.rpc.0be917c0a29d11e78a8f4550f7c97d4c'(cf.wxpay.rpc.0be917c0a29d11e78a8f4550f7c97d4c)
[I] 17:28:25.460(000000000013C570):[AMQP0]success declare queue 'cf.baidu.rpc.0bec9a30a29d11e78a8f4550f7c97d4c'
[I] 17:28:25.461(000000000013C570):[AMQP0]success consume 'cf.baidu.rpc.0bec9a30a29d11e78a8f4550f7c97d4c'
[I] 17:28:25.463(000000000013C570):[AMQP0]success binding 'amq.direct'->'cf.baidu.rpc.0bec9a30a29d11e78a8f4550f7c97d4c'(cf.baidu.rpc.0bec9a30a29d11e78a8f4550f7c97d4c)
[I] 17:28:25.467(000000000013C570):[AMQP0]success declare queue 'sr.trade.rpc.0bf28da0a29d11e78a8f4550f7c97d4c'
[I] 17:28:25.469(000000000013C570):[AMQP0]success consume 'sr.trade.rpc.0bf28da0a29d11e78a8f4550f7c97d4c'
[I] 17:28:25.471(000000000013C570):[AMQP0]success binding 'amq.direct'->'sr.trade.rpc.0bf28da0a29d11e78a8f4550f7c97d4c'(sr.trade.rpc.0bf28da0a29d11e78a8f4550f7c97d4c)
[I] 17:28:26.617(000000000013C300):login param :{"name":"admin","password":"e10adc3949ba59abbe56e057f20f883e"}
[T] 17:28:26.619(000000000013C300):[MP1]getConnection success,getIndex=2
[T] 17:28:26.622(000000000013C300):[MySQL]Query success,used time:2 ms,sql="SELECT `innerid`,`type`,`bindid`,`role_id`,`userid`,`name`,`language`,`profile_photo`,`birthday`,`position`,`mobile`,`gender`,`email`,`qq`,`weibo`,`wechat`,         `facebook`,`remark` FROM sc_user WHERE isdeleted = '0' AND userid = 'admin' AND `password` = 'e10adc3949ba59abbe56e057f20f883e';"
[T] 17:28:26.622(000000000013C300):getConnection release,getIndex=2
[T] 17:28:26.624(000000000013C300):[MP1]getConnection success,getIndex=3
[T] 17:28:26.626(000000000013C300):[MySQL]Query success,used time:2 ms,sql="SELECT menu.innerid,menu.menukey,module.modulekey,role.permission         FROM sc_role_define role LEFT JOIN sc_menu menu ON role.menu_key = menu.menukey         LEFT JOIN sc_module module ON menu.moduleid = module.innerid         WHERE role.role_id = (SELECT role_id FROM sc_user WHERE userid = 'admin' AND PASSWORD = 'e10adc3949ba59abbe56e057f20f883e' AND isdeleted = 0 LIMIT 1)         AND menu.isdisplay = 1 ORDER BY permission DESC"
[T] 17:28:26.627(000000000013C300):getConnection release,getIndex=3
[I] 17:28:26.628(000000000013C300):userinfo:{"innerid":"4ceea494-6ec7-5401-59a9-af7451ce5f8a","type":1,"bindid":"1","role_id":"a9eae0c5-a7a1-11e5-9d85-005056bbd22e","userid":"admin","name":"admin","language":0,"profile_photo":"","birthday":"1899-12-31T16:00:00.000Z","position":"超级管理员","mobile":"","gender":1,"email":"","qq":"","weibo":"","wechat":"","facebook":"","remark":"","User_int_TenantID":"1","user_id":"admin","staff_id":"4ceea494-6ec7-5401-59a9-af7451ce5f8a"}
[I] 17:33:25.458(000000000013C444):[redis]redis close
[T] 17:33:25.458(000000000013C444):[redis]redis reconnecting
[I] 17:33:25.463(000000000013C444):[redis]redis connect
[I] 17:33:25.464(000000000013C444):[redis]redis ready
[I] 17:33:26.159(000000000013C570):[redis]redis close
[T] 17:33:26.160(000000000013C570):[redis]redis reconnecting
[I] 17:33:26.166(000000000013C570):[redis]redis connect
[I] 17:33:26.168(000000000013C570):[redis]redis ready
[I] 17:33:28.059(000000000013C300):[redis]redis close
[T] 17:33:28.059(000000000013C300):[redis]redis reconnecting
[I] 17:33:28.063(000000000013C300):[redis]redis connect
[I] 17:33:28.064(000000000013C300):[redis]redis ready
[I] 17:38:26.824(000000000013C570):[redis]redis close
[T] 17:38:26.825(000000000013C570):[redis]redis reconnecting
[I] 17:38:26.828(000000000013C570):[redis]redis connect
[I] 17:38:26.829(000000000013C570):[redis]redis ready
[I] 17:38:27.025(000000000013C444):[redis]redis close
[T] 17:38:27.026(000000000013C444):[redis]redis reconnecting
[I] 17:38:27.031(000000000013C444):[redis]redis connect
[I] 17:38:27.033(000000000013C444):[redis]redis ready
[I] 17:38:28.627(000000000013C300):[redis]redis close
[T] 17:38:28.627(000000000013C300):[redis]redis reconnecting
[I] 17:38:28.631(000000000013C300):[redis]redis connect
[I] 17:38:28.633(000000000013C300):[redis]redis ready
[I] 17:43:27.471(000000000013C570):[redis]redis close
[T] 17:43:27.472(000000000013C570):[redis]redis reconnecting
[I] 17:43:27.475(000000000013C570):[redis]redis connect
[I] 17:43:27.477(000000000013C570):[redis]redis ready
[I] 17:43:27.672(000000000013C444):[redis]redis close
[T] 17:43:27.672(000000000013C444):[redis]redis reconnecting
[I] 17:43:27.676(000000000013C444):[redis]redis connect
[I] 17:43:27.677(000000000013C444):[redis]redis ready
[I] 17:43:30.272(000000000013C300):[redis]redis close
[T] 17:43:30.273(000000000013C300):[redis]redis reconnecting
[I] 17:43:30.276(000000000013C300):[redis]redis connect
[I] 17:43:30.277(000000000013C300):[redis]redis ready
[I] 17:46:23.410(000000000013C570):login param :{"name":"admin","password":"e10adc3949ba59abbe56e057f20f883e"}
[I] 17:46:23.415(000000000013C570):[MP1]create connection #2
[T] 17:46:23.415(000000000013C570):[MP1]getConnection success,getIndex=2
[T] 17:46:23.418(000000000013C570):[MySQL]Query success,used time:3 ms,sql="SELECT `innerid`,`type`,`bindid`,`role_id`,`userid`,`name`,`language`,`profile_photo`,`birthday`,`position`,`mobile`,`gender`,`email`,`qq`,`weibo`,`wechat`,         `facebook`,`remark` FROM sc_user WHERE isdeleted = '0' AND userid = 'admin' AND `password` = 'e10adc3949ba59abbe56e057f20f883e';"
[T] 17:46:23.418(000000000013C570):getConnection release,getIndex=2
[T] 17:46:23.420(000000000013C570):[MP1]getConnection success,getIndex=3
[T] 17:46:23.422(000000000013C570):[MySQL]Query success,used time:2 ms,sql="SELECT menu.innerid,menu.menukey,module.modulekey,role.permission         FROM sc_role_define role LEFT JOIN sc_menu menu ON role.menu_key = menu.menukey         LEFT JOIN sc_module module ON menu.moduleid = module.innerid         WHERE role.role_id = (SELECT role_id FROM sc_user WHERE userid = 'admin' AND PASSWORD = 'e10adc3949ba59abbe56e057f20f883e' AND isdeleted = 0 LIMIT 1)         AND menu.isdisplay = 1 ORDER BY permission DESC"
[T] 17:46:23.422(000000000013C570):getConnection release,getIndex=3
[I] 17:46:23.424(000000000013C570):userinfo:{"innerid":"4ceea494-6ec7-5401-59a9-af7451ce5f8a","type":1,"bindid":"1","role_id":"a9eae0c5-a7a1-11e5-9d85-005056bbd22e","userid":"admin","name":"admin","language":0,"profile_photo":"","birthday":"1899-12-31T16:00:00.000Z","position":"超级管理员","mobile":"","gender":1,"email":"","qq":"","weibo":"","wechat":"","facebook":"","remark":"","User_int_TenantID":"1","user_id":"admin","staff_id":"4ceea494-6ec7-5401-59a9-af7451ce5f8a"}
[W] 17:46:53.813(000000000013C590):recv 'Ctrl+C' break sign!next exit!
[D] 17:46:53.819(000000000013C590):worker process log socket error!err=Error: read ECONNRESET
    at exports._errnoException (util.js:890:11)
    at TCP.onread (net.js:550:26)
[D] 17:46:53.820(000000000013C590):worker process log socket close!
[D] 17:46:53.821(000000000013C590):worker process log socket error!err=Error: read ECONNRESET
    at exports._errnoException (util.js:890:11)
    at TCP.onread (net.js:550:26)
[D] 17:46:53.822(000000000013C590):worker process log socket close!
[W] 17:46:53.826(000000000013C590):worker 13C444(1#) died.
[W] 17:46:53.828(000000000013C590):worker 13C300(0#) died.
[D] 17:46:53.828(000000000013C590):worker process log socket error!err=Error: read ECONNRESET
    at exports._errnoException (util.js:890:11)
    at TCP.onread (net.js:550:26)
[D] 17:46:53.828(000000000013C590):worker process log socket close!
[W] 17:46:53.833(000000000013C590):worker 13C570(2#) died.
[W] 17:46:54.725(000000000013C590):try restart worker 0# ...
[I] 17:46:54.742(000000000013C590):start worker success,pid=14E740(0#)
