[D] 15:37:34.944(00000000001FD7E0):master log socket server started! host=::, port=27132
[I] 15:37:34.953(00000000001FD7E0):master log channel started!port=27132
[W] 15:37:35.954(00000000001FD7E0):try restart worker 0# ...
[I] 15:37:35.971(00000000001FD7E0):start worker success,pid=11D8E0(0#)
[D] 15:37:36.642(00000000001FD7E0):worker process log socket connected!
[D] 15:37:36.634(000000000011D8E0):worker 0# ready to connect master log socket server, port=27132
[D] 15:37:36.643(000000000011D8E0):worker 0# log socket connected!
[W] 15:37:36.988(00000000001FD7E0):try restart worker 1# ...
[I] 15:37:36.993(00000000001FD7E0):start worker success,pid=122C14(1#)
[I] 15:37:37.270(000000000011D8E0):[AMQP0]created
[I] 15:37:37.280(000000000011D8E0):[AMQP0]declare queue 'cf.rpc.9178c8f0a28d11e78258817721d45517'
[I] 15:37:37.281(000000000011D8E0):[RPCC:cf.rpc]create rpc client 'cf.rpc' in conn AMQP0
[I] 15:37:37.398(000000000011D8E0):PBEncoder success load file 'E:\product\protocol\cf.proto.js'
[I] 15:37:37.399(000000000011D8E0):[AMQP0]declare queue 'cf.wechat.rpc.918af160a28d11e78258817721d45517'
[I] 15:37:37.400(000000000011D8E0):[RPCC:cf.wechat.rpc]create rpc client 'cf.wechat.rpc' in conn AMQP0
[I] 15:37:37.475(000000000011D8E0):PBEncoder success load file 'E:\product\protocol\cf_wechat.proto.js'
[I] 15:37:37.476(000000000011D8E0):[AMQP0]declare exchange 'cf.wechat.notify'
[I] 15:37:37.476(000000000011D8E0):[AMQP0]declare queue 'jiaxingwang.sc_admin.wechat.9196d840a28d11e78258817721d45517'
[I] 15:37:37.476(000000000011D8E0):[AMQP0]declare queue 'cf.app.rpc.9196d841a28d11e78258817721d45517'
[I] 15:37:37.476(000000000011D8E0):[RPCC:cf.app.rpc]create rpc client 'cf.app.rpc' in conn AMQP0
[I] 15:37:37.486(000000000011D8E0):PBEncoder success load file 'E:\product\protocol\cf_app.proto.js'
[I] 15:37:37.487(000000000011D8E0):[AMQP0]declare queue 'cf.alipay.rpc.919885f0a28d11e78258817721d45517'
[I] 15:37:37.487(000000000011D8E0):[RPCC:cf.alipay.rpc]create rpc client 'cf.alipay.rpc' in conn AMQP0
[I] 15:37:37.495(000000000011D8E0):PBEncoder success load file 'E:\product\protocol\cf_alipay.proto.js'
[I] 15:37:37.497(000000000011D8E0):[AMQP0]declare queue 'cf.ding.rpc.919a0c90a28d11e78258817721d45517'
[I] 15:37:37.498(000000000011D8E0):[RPCC:cf.ding.rpc]create rpc client 'cf.ding.rpc' in conn AMQP0
[I] 15:37:37.511(000000000011D8E0):PBEncoder success load file 'E:\product\protocol\cf_ding.proto.js'
[I] 15:37:37.511(000000000011D8E0):[AMQP0]declare exchange 'cf.ding.notify'
[I] 15:37:37.511(000000000011D8E0):[AMQP0]declare queue 'jiaxingwang.sc_admin.ding.919c2f70a28d11e78258817721d45517'
[I] 15:37:37.511(000000000011D8E0):[AM]init and reload account!
[I] 15:37:37.516(000000000011D8E0):[AM]reload account success, account number is: 0
[I] 15:37:37.523(000000000011D8E0):[AMQP0]declare queue 'sr.customer.rpc.919e0430a28d11e78258817721d45517'
[I] 15:37:37.523(000000000011D8E0):[RPCC:sr.customer.rpc]create rpc client 'sr.customer.rpc' in conn AMQP0
[I] 15:37:37.535(000000000011D8E0):PBEncoder success load file 'E:\product\protocol\sr_customer.proto.js'
[W] 15:37:37.536(000000000011D8E0):[AMQP0]rpc client 'cf.rpc' declare repeat!
[W] 15:37:37.536(000000000011D8E0):[AMQP0]rpc client 'cf.wechat.rpc' declare repeat!
[W] 15:37:37.537(000000000011D8E0):[AMQP0]rpc client 'cf.app.rpc' declare repeat!
[I] 15:37:37.736(000000000011D8E0):PBEncoder success load file 'E:\product\protocol\sc_system.proto.js'
[I] 15:37:37.783(000000000011D8E0):[AMQP1]created
[I] 15:37:37.784(000000000011D8E0):[AMQP1]declare exchange 'amq.direct'
[I] 15:37:37.785(000000000011D8E0):[AMQP1]declare queue 'cf.wechat.rpc.91c5fe90a28d11e78258817721d45517'
[I] 15:37:37.785(000000000011D8E0):[RPCC:cf.wechat.rpc]create rpc client 'cf.wechat.rpc' in conn AMQP1
[I] 15:37:37.797(000000000011D8E0):[AMQP2]created
[I] 15:37:37.815(000000000011D8E0):[AMQP0]declare exchange 'amq.direct'
[I] 15:37:37.816(000000000011D8E0):[AMQP0]declare queue 'sc.task.rpc.91cab980a28d11e78258817721d45517'
[I] 15:37:37.816(000000000011D8E0):[RPCC:sc.task.rpc]create rpc client 'sc.task.rpc' in conn AMQP0
[I] 15:37:37.824(000000000011D8E0):PBEncoder success load file 'E:\product\protocol\sc_task.proto.js'
[I] 15:37:37.853(000000000011D8E0):[AMQP0]declare queue 'sr.customer.tag.rpc.91d05ed0a28d11e78258817721d45517'
[I] 15:37:37.853(000000000011D8E0):[RPCC:sr.customer.tag.rpc]create rpc client 'sr.customer.tag.rpc' in conn AMQP0
[I] 15:37:37.853(000000000011D8E0):[AMQP0]declare queue 'sr.customer.point.rpc.91d05ed1a28d11e78258817721d45517'
[I] 15:37:37.854(000000000011D8E0):[RPCC:sr.customer.point.rpc]create rpc client 'sr.customer.point.rpc' in conn AMQP0
[I] 15:37:37.861(000000000011D8E0):PBEncoder success load file 'E:\product\protocol\sr_customer_point.proto.js'
[I] 15:37:37.867(000000000011D8E0):PBEncoder success load file 'E:\product\protocol\sr_customer_tag.proto.js'
[W] 15:37:37.878(000000000011D8E0):[AMQP0]rpc client 'cf.wechat.rpc' declare repeat!
[I] 15:37:37.878(000000000011D8E0):[AMQP0]declare queue 'sr.customer.coupon_class.rpc.91d42f60a28d11e78258817721d45517'
[I] 15:37:37.879(000000000011D8E0):[RPCC:sr.customer.coupon_class.rpc]create rpc client 'sr.customer.coupon_class.rpc' in conn AMQP0
[I] 15:37:37.879(000000000011D8E0):[AMQP0]declare queue 'sr.customer.coupon.rpc.91d45670a28d11e78258817721d45517'
[I] 15:37:37.879(000000000011D8E0):[RPCC:sr.customer.coupon.rpc]create rpc client 'sr.customer.coupon.rpc' in conn AMQP0
[I] 15:37:37.892(000000000011D8E0):PBEncoder success load file 'E:\product\protocol\sr_customer_coupon.proto.js'
[W] 15:37:37.893(000000000011D8E0):[AMQP0]rpc client 'cf.wechat.rpc' declare repeat!
[I] 15:37:37.893(000000000011D8E0):[AMQP0]declare queue 'cf.wxpay.rpc.91d67950a28d11e78258817721d45517'
[I] 15:37:37.893(000000000011D8E0):[RPCC:cf.wxpay.rpc]create rpc client 'cf.wxpay.rpc' in conn AMQP0
[I] 15:37:37.907(000000000011D8E0):PBEncoder success load file 'E:\product\protocol\cf_wxpay.proto.js'
[W] 15:37:37.907(000000000011D8E0):[AMQP0]rpc client 'sr.customer.point.rpc' declare repeat!
[W] 15:37:37.915(000000000011D8E0):[AMQP0]exchange amq.direct already declare!!
[W] 15:37:37.915(000000000011D8E0):[AMQP0]rpc client 'sr.customer.rpc' declare repeat!
[W] 15:37:37.915(000000000011D8E0):[AMQP0]rpc client 'sr.customer.coupon.rpc' declare repeat!
[W] 15:37:37.915(000000000011D8E0):[AMQP0]rpc client 'cf.wechat.rpc' declare repeat!
[W] 15:37:37.918(000000000011D8E0):[AMQP0]exchange amq.direct already declare!!
[I] 15:37:37.918(000000000011D8E0):[AMQP0]declare queue 'cf.baidu.rpc.91da49e0a28d11e78258817721d45517'
[I] 15:37:37.919(000000000011D8E0):[RPCC:cf.baidu.rpc]create rpc client 'cf.baidu.rpc' in conn AMQP0
[I] 15:37:37.922(000000000011D8E0):PBEncoder success load file 'E:\product\protocol\cf_baidu.proto.js'
[I] 15:37:37.927(000000000011D8E0):[AMQP3]created
[I] 15:37:37.936(000000000011D8E0):[AMQP4]created
[I] 15:37:37.937(000000000011D8E0):[AMQP4]declare exchange 'amq.direct'
[I] 15:37:37.937(000000000011D8E0):[AMQP4]declare queue 'cf.app.rpc.91dd3010a28d11e78258817721d45517'
[I] 15:37:37.937(000000000011D8E0):[RPCC:cf.app.rpc]create rpc client 'cf.app.rpc' in conn AMQP4
[I] 15:37:37.937(000000000011D8E0):[AMQP4]declare queue 'cf.wechat.rpc.91dd3011a28d11e78258817721d45517'
[I] 15:37:37.938(000000000011D8E0):[RPCC:cf.wechat.rpc]create rpc client 'cf.wechat.rpc' in conn AMQP4
[I] 15:37:37.938(000000000011D8E0):[AMQP4]declare queue 'cf.rpc.91dd5720a28d11e78258817721d45517'
[I] 15:37:37.938(000000000011D8E0):[RPCC:cf.rpc]create rpc client 'cf.rpc' in conn AMQP4
[I] 15:37:37.938(000000000011D8E0):[AMQP4]declare queue 'sc.task.rpc.91dd5721a28d11e78258817721d45517'
[I] 15:37:37.939(000000000011D8E0):[RPCC:sc.task.rpc]create rpc client 'sc.task.rpc' in conn AMQP4
[I] 15:37:37.942(000000000011D8E0):[AMQP5]created
[I] 15:37:37.943(000000000011D8E0):[AMQP5]declare exchange 'amq.direct'
[I] 15:37:37.943(000000000011D8E0):[AMQP5]declare queue 'cf.wechat.rpc.91de1a70a28d11e78258817721d45517'
[I] 15:37:37.943(000000000011D8E0):[RPCC:cf.wechat.rpc]create rpc client 'cf.wechat.rpc' in conn AMQP5
[W] 15:37:37.946(000000000011D8E0):[AMQP0]rpc client 'sr.customer.point.rpc' declare repeat!
[I] 15:37:37.948(000000000011D8E0):[AMQP6]created
[I] 15:37:37.949(000000000011D8E0):[AMQP6]declare exchange 'amq.direct'
[I] 15:37:37.949(000000000011D8E0):[AMQP6]declare queue 'cf.wechat.rpc.91df04d0a28d11e78258817721d45517'
[I] 15:37:37.950(000000000011D8E0):[RPCC:cf.wechat.rpc]create rpc client 'cf.wechat.rpc' in conn AMQP6
[I] 15:37:37.955(000000000011D8E0):[AMQP7]created
[I] 15:37:37.956(000000000011D8E0):[AMQP7]declare exchange 'amq.direct'
[I] 15:37:37.956(000000000011D8E0):[AMQP7]declare queue 'sc.task.rpc.91e01640a28d11e78258817721d45517'
[I] 15:37:37.956(000000000011D8E0):[RPCC:sc.task.rpc]create rpc client 'sc.task.rpc' in conn AMQP7
[I] 15:37:37.956(000000000011D8E0):[AMQP7]declare queue 'sr.customer.rewardfail.91e01641a28d11e78258817721d45517'
[I] 15:37:37.957(000000000011D8E0):[RPCC:sr.customer.rewardfail]create rpc client 'sr.customer.rewardfail' in conn AMQP7
[W] 15:37:37.960(000000000011D8E0):[AMQP0]exchange amq.direct already declare!!
[W] 15:37:37.961(000000000011D8E0):[AMQP0]rpc client 'sr.customer.tag.rpc' declare repeat!
[W] 15:37:37.961(000000000011D8E0):[AMQP0]rpc client 'sc.task.rpc' declare repeat!
[W] 15:37:37.963(000000000011D8E0):[AMQP0]exchange amq.direct already declare!!
[I] 15:37:37.964(000000000011D8E0):[AMQP0]declare queue 'sr.trade.rpc.91e127b0a28d11e78258817721d45517'
[I] 15:37:37.964(000000000011D8E0):[RPCC:sr.trade.rpc]create rpc client 'sr.trade.rpc' in conn AMQP0
[I] 15:37:37.967(000000000011D8E0):PBEncoder success load file 'E:\product\protocol\sr_trade.proto.js'
[I] 15:37:37.971(000000000011D8E0):[AMQP8]created
[I] 15:37:37.972(000000000011D8E0):[AMQP8]declare exchange 'amq.direct'
[I] 15:37:37.972(000000000011D8E0):[AMQP8]declare queue 'cf.wechat.rpc.91e28740a28d11e78258817721d45517'
[I] 15:37:37.972(000000000011D8E0):[RPCC:cf.wechat.rpc]create rpc client 'cf.wechat.rpc' in conn AMQP8
[I] 15:37:37.993(000000000011D8E0):[redis]redis connect
[T] 15:37:37.996(000000000011D8E0):Http is running,port is 18910
[W] 15:37:38.000(00000000001FD7E0):try restart worker 2# ...
[I] 15:37:38.006(00000000001FD7E0):start worker success,pid=120E0C(2#)
[I] 15:37:38.012(000000000011D8E0):[redis]redis ready
[I] 15:37:38.013(000000000011D8E0):[MP1]create connection #0
[T] 15:37:38.014(000000000011D8E0):[MP1]getConnection success,getIndex=0
[I] 15:37:38.015(000000000011D8E0):[MP1]create connection #1
[T] 15:37:38.015(000000000011D8E0):[MP1]getConnection success,getIndex=1
[T] 15:37:38.025(000000000011D8E0):[MySQL]Query success,used time:8 ms,sql="select * from cf_account where enabled=1 and function_mask like \"1%\""
[T] 15:37:38.045(000000000011D8E0):[MySQL]Query success,used time:25 ms,sql="SELECT * FROM `sc_org`"
[T] 15:37:38.046(000000000011D8E0):getConnection release,getIndex=0
[T] 15:37:38.047(000000000011D8E0):getConnection release,getIndex=1
[I] 15:37:38.047(000000000011D8E0):[AM]get account list success: [{"innerid":"HEDV35FASG-DGW423A-34TGGW53AAD66","name":"乐逛演示","org_id":"1","shop_id":null,"settlement_id":null,"method_code":1,"method_code_key":"wechat_test3_1","function_mask":"10","config":"{\"accountid\":\"gh_92368265694f\",\"fee_type\":\"CNY\",\"appid\":\"wx39bf9ff3da6fc1e7\",\"appsecret\":\"e00fc51118b318fb99cff35d217865fc\",\"mch_id\":\"1287801701\",\"sub_mch_id\":\"\",\"sign_key\":\"smartpaysmartpaysmartpaysmartpay\",\"key_file\":\"apiclient_key.pem\",\"cert_file\":\"apiclient_cert.pem\",\"pay_authorization_dir\":[\"\",\"\",\"\"],\"pay_native_callback\":\"\",\"pay_finish_notify\":\"1\",\"pay_alarm_notify\":\"\"}","enabled":1,"desc":null},{"innerid":"SE43RG3ASG-34GWW55A-34TG43HER452","name":"短信测试一","org_id":"1","shop_id":null,"settlement_id":null,"method_code":2,"method_code_key":"wechat_test1_2","function_mask":"10","config":"{\"url\" : \"http://211.147.239.62:9050/cgi-bin/sendsms\",\"username\" : \"shopperconnect@smartac\",\"password\" : \"shopCNT@smartc2016\"}","enabled":1,"desc":null},{"innerid":"SMFGSW423GWS-G43HTEHE2-HHEDR5462HS","name":"邮件测试一","org_id":"1","shop_id":null,"settlement_id":null,"method_code":3,"method_code_key":"wechat_test1_3","function_mask":"10","config":"{\"smtpserver\" : \"smtp.163.com\",\"port\": 25,\"username\" : \"zyqtest5@163.com\",\"password\" : \"zyqtest5881119\",\"SSL\":false}","enabled":1,"desc":null}]
[I] 15:37:38.065(000000000011D8E0):[AMQP0]AMQP0 connect 'amqp://guest:guest@172.16.0.81:5672' success!
[I] 15:37:38.069(000000000011D8E0):[AMQP1]AMQP1 connect 'amqp://guest:guest@172.16.0.81:5672' success!
[I] 15:37:38.070(000000000011D8E0):[AMQP4]AMQP4 connect 'amqp://guest:guest@172.16.0.81:5672' success!
[I] 15:37:38.072(000000000011D8E0):[AMQP5]AMQP5 connect 'amqp://guest:guest@172.16.0.81:5672' success!
[I] 15:37:38.085(000000000011D8E0):[AMQP0]success declare queue 'cf.rpc.9178c8f0a28d11e78258817721d45517'
[I] 15:37:38.086(000000000011D8E0):[AMQP1]success declare exchange 'amq.direct'
[I] 15:37:38.086(000000000011D8E0):[AMQP4]success declare exchange 'amq.direct'
[I] 15:37:38.087(000000000011D8E0):[AMQP5]success declare exchange 'amq.direct'
[I] 15:37:38.088(000000000011D8E0):[AMQP0]success consume 'cf.rpc.9178c8f0a28d11e78258817721d45517'
[I] 15:37:38.091(000000000011D8E0):[AMQP6]AMQP6 connect 'amqp://guest:guest@172.16.0.81:5672' success!
[I] 15:37:38.091(000000000011D8E0):[AMQP8]AMQP8 connect 'amqp://guest:guest@172.16.0.81:5672' success!
[I] 15:37:38.093(000000000011D8E0):[AMQP7]AMQP7 connect 'amqp://guest:guest@172.16.0.81:5672' success!
[I] 15:37:38.095(000000000011D8E0):[AMQP4]success declare queue 'cf.app.rpc.91dd3010a28d11e78258817721d45517'
[I] 15:37:38.096(000000000011D8E0):[AMQP0]success binding 'amq.direct'->'cf.rpc.9178c8f0a28d11e78258817721d45517'(cf.rpc.9178c8f0a28d11e78258817721d45517)
[I] 15:37:38.096(000000000011D8E0):[AMQP1]success declare queue 'cf.wechat.rpc.91c5fe90a28d11e78258817721d45517'
[I] 15:37:38.097(000000000011D8E0):[AMQP5]success declare queue 'cf.wechat.rpc.91de1a70a28d11e78258817721d45517'
[I] 15:37:38.097(000000000011D8E0):[AMQP4]success consume 'cf.app.rpc.91dd3010a28d11e78258817721d45517'
[I] 15:37:38.099(000000000011D8E0):[AMQP6]success declare exchange 'amq.direct'
[I] 15:37:38.101(000000000011D8E0):[AMQP5]success consume 'cf.wechat.rpc.91de1a70a28d11e78258817721d45517'
[I] 15:37:38.101(000000000011D8E0):[AMQP1]success consume 'cf.wechat.rpc.91c5fe90a28d11e78258817721d45517'
[I] 15:37:38.102(000000000011D8E0):[AMQP7]success declare exchange 'amq.direct'
[I] 15:37:38.102(000000000011D8E0):[AMQP8]success declare exchange 'amq.direct'
[I] 15:37:38.103(000000000011D8E0):[AMQP4]success binding 'amq.direct'->'cf.app.rpc.91dd3010a28d11e78258817721d45517'(cf.app.rpc.91dd3010a28d11e78258817721d45517)
[I] 15:37:38.104(000000000011D8E0):[AMQP0]success declare queue 'cf.wechat.rpc.918af160a28d11e78258817721d45517'
[I] 15:37:38.104(000000000011D8E0):[AMQP6]success declare queue 'cf.wechat.rpc.91df04d0a28d11e78258817721d45517'
[I] 15:37:38.105(000000000011D8E0):[AMQP5]success binding 'amq.direct'->'cf.wechat.rpc.91de1a70a28d11e78258817721d45517'(cf.wechat.rpc.91de1a70a28d11e78258817721d45517)
[I] 15:37:38.106(000000000011D8E0):[AMQP0]success consume 'cf.wechat.rpc.918af160a28d11e78258817721d45517'
[I] 15:37:38.106(000000000011D8E0):[AMQP6]success consume 'cf.wechat.rpc.91df04d0a28d11e78258817721d45517'
[I] 15:37:38.107(000000000011D8E0):[AMQP1]success binding 'amq.direct'->'cf.wechat.rpc.91c5fe90a28d11e78258817721d45517'(cf.wechat.rpc.91c5fe90a28d11e78258817721d45517)
[I] 15:37:38.107(000000000011D8E0):[AMQP8]success declare queue 'cf.wechat.rpc.91e28740a28d11e78258817721d45517'
[I] 15:37:38.108(000000000011D8E0):[AMQP7]success declare queue 'sc.task.rpc.91e01640a28d11e78258817721d45517'
[I] 15:37:38.109(000000000011D8E0):[AMQP4]success declare queue 'cf.wechat.rpc.91dd3011a28d11e78258817721d45517'
[I] 15:37:38.110(000000000011D8E0):[AMQP0]success binding 'amq.direct'->'cf.wechat.rpc.918af160a28d11e78258817721d45517'(cf.wechat.rpc.918af160a28d11e78258817721d45517)
[I] 15:37:38.110(000000000011D8E0):[AMQP6]success binding 'amq.direct'->'cf.wechat.rpc.91df04d0a28d11e78258817721d45517'(cf.wechat.rpc.91df04d0a28d11e78258817721d45517)
[I] 15:37:38.111(000000000011D8E0):[AMQP8]success consume 'cf.wechat.rpc.91e28740a28d11e78258817721d45517'
[I] 15:37:38.111(000000000011D8E0):[AMQP7]success consume 'sc.task.rpc.91e01640a28d11e78258817721d45517'
[I] 15:37:38.112(000000000011D8E0):[AMQP4]success consume 'cf.wechat.rpc.91dd3011a28d11e78258817721d45517'
[I] 15:37:38.112(000000000011D8E0):[AMQP0]success declare exchange 'cf.wechat.notify'
[I] 15:37:38.113(000000000011D8E0):[AMQP7]success binding 'amq.direct'->'sc.task.rpc.91e01640a28d11e78258817721d45517'(sc.task.rpc.91e01640a28d11e78258817721d45517)
[I] 15:37:38.114(000000000011D8E0):[AMQP8]success binding 'amq.direct'->'cf.wechat.rpc.91e28740a28d11e78258817721d45517'(cf.wechat.rpc.91e28740a28d11e78258817721d45517)
[I] 15:37:38.114(000000000011D8E0):[AMQP4]success binding 'amq.direct'->'cf.wechat.rpc.91dd3011a28d11e78258817721d45517'(cf.wechat.rpc.91dd3011a28d11e78258817721d45517)
[I] 15:37:38.117(000000000011D8E0):[AMQP7]success declare queue 'sr.customer.rewardfail.91e01641a28d11e78258817721d45517'
[I] 15:37:38.118(000000000011D8E0):[AMQP0]success declare queue 'jiaxingwang.sc_admin.wechat.9196d840a28d11e78258817721d45517'
[I] 15:37:38.119(000000000011D8E0):[AMQP4]success declare queue 'cf.rpc.91dd5720a28d11e78258817721d45517'
[I] 15:37:38.120(000000000011D8E0):[AMQP7]success consume 'sr.customer.rewardfail.91e01641a28d11e78258817721d45517'
[I] 15:37:38.121(000000000011D8E0):[AMQP0]success consume 'jiaxingwang.sc_admin.wechat.9196d840a28d11e78258817721d45517'
[I] 15:37:38.121(000000000011D8E0):[AMQP4]success consume 'cf.rpc.91dd5720a28d11e78258817721d45517'
[I] 15:37:38.122(000000000011D8E0):[AMQP7]success binding 'amq.direct'->'sr.customer.rewardfail.91e01641a28d11e78258817721d45517'(sr.customer.rewardfail.91e01641a28d11e78258817721d45517)
[I] 15:37:38.124(000000000011D8E0):[AMQP4]success binding 'amq.direct'->'cf.rpc.91dd5720a28d11e78258817721d45517'(cf.rpc.91dd5720a28d11e78258817721d45517)
[I] 15:37:38.126(000000000011D8E0):[AMQP0]success binding 'cf.wechat.notify'->'jiaxingwang.sc_admin.wechat.9196d840a28d11e78258817721d45517'(#)
[I] 15:37:38.135(000000000011D8E0):[AMQP4]success declare queue 'sc.task.rpc.91dd5721a28d11e78258817721d45517'
[I] 15:37:38.136(000000000011D8E0):[AMQP0]success declare queue 'cf.app.rpc.9196d841a28d11e78258817721d45517'
[I] 15:37:38.137(000000000011D8E0):[AMQP4]success consume 'sc.task.rpc.91dd5721a28d11e78258817721d45517'
[I] 15:37:38.140(000000000011D8E0):[AMQP0]success consume 'cf.app.rpc.9196d841a28d11e78258817721d45517'
[I] 15:37:38.140(000000000011D8E0):[AMQP4]success binding 'amq.direct'->'sc.task.rpc.91dd5721a28d11e78258817721d45517'(sc.task.rpc.91dd5721a28d11e78258817721d45517)
[I] 15:37:38.143(000000000011D8E0):[AMQP0]success binding 'amq.direct'->'cf.app.rpc.9196d841a28d11e78258817721d45517'(cf.app.rpc.9196d841a28d11e78258817721d45517)
[I] 15:37:38.159(000000000011D8E0):[AMQP0]success declare queue 'cf.alipay.rpc.919885f0a28d11e78258817721d45517'
[I] 15:37:38.161(000000000011D8E0):[AMQP0]success consume 'cf.alipay.rpc.919885f0a28d11e78258817721d45517'
[I] 15:37:38.163(000000000011D8E0):[AMQP0]success binding 'amq.direct'->'cf.alipay.rpc.919885f0a28d11e78258817721d45517'(cf.alipay.rpc.919885f0a28d11e78258817721d45517)
[I] 15:37:38.169(000000000011D8E0):[AMQP0]success declare queue 'cf.ding.rpc.919a0c90a28d11e78258817721d45517'
[I] 15:37:38.170(000000000011D8E0):[AMQP0]success consume 'cf.ding.rpc.919a0c90a28d11e78258817721d45517'
[I] 15:37:38.178(000000000011D8E0):[AMQP0]success binding 'amq.direct'->'cf.ding.rpc.919a0c90a28d11e78258817721d45517'(cf.ding.rpc.919a0c90a28d11e78258817721d45517)
[D] 15:37:38.182(00000000001FD7E0):worker process log socket connected!
[I] 15:37:38.182(000000000011D8E0):[AMQP0]success declare exchange 'cf.ding.notify'
[D] 15:37:38.170(0000000000122C14):worker 1# ready to connect master log socket server, port=27132
[D] 15:37:38.184(0000000000122C14):worker 1# log socket connected!
[I] 15:37:38.186(000000000011D8E0):[AMQP0]success declare queue 'jiaxingwang.sc_admin.ding.919c2f70a28d11e78258817721d45517'
[I] 15:37:38.187(000000000011D8E0):[AMQP0]success consume 'jiaxingwang.sc_admin.ding.919c2f70a28d11e78258817721d45517'
[I] 15:37:38.193(000000000011D8E0):[AMQP0]success binding 'cf.ding.notify'->'jiaxingwang.sc_admin.ding.919c2f70a28d11e78258817721d45517'(#)
[I] 15:37:38.196(000000000011D8E0):[AMQP0]success declare queue 'sr.customer.rpc.919e0430a28d11e78258817721d45517'
[I] 15:37:38.199(000000000011D8E0):[AMQP0]success consume 'sr.customer.rpc.919e0430a28d11e78258817721d45517'
[I] 15:37:38.206(000000000011D8E0):[AMQP0]success binding 'amq.direct'->'sr.customer.rpc.919e0430a28d11e78258817721d45517'(sr.customer.rpc.919e0430a28d11e78258817721d45517)
[I] 15:37:38.207(000000000011D8E0):[AMQP0]success declare exchange 'amq.direct'
[I] 15:37:38.210(000000000011D8E0):[AMQP0]success declare queue 'sc.task.rpc.91cab980a28d11e78258817721d45517'
[I] 15:37:38.212(000000000011D8E0):[AMQP0]success consume 'sc.task.rpc.91cab980a28d11e78258817721d45517'
[I] 15:37:38.217(000000000011D8E0):[AMQP0]success binding 'amq.direct'->'sc.task.rpc.91cab980a28d11e78258817721d45517'(sc.task.rpc.91cab980a28d11e78258817721d45517)
[I] 15:37:38.221(000000000011D8E0):[AMQP0]success declare queue 'sr.customer.tag.rpc.91d05ed0a28d11e78258817721d45517'
[I] 15:37:38.222(000000000011D8E0):[AMQP0]success consume 'sr.customer.tag.rpc.91d05ed0a28d11e78258817721d45517'
[I] 15:37:38.224(000000000011D8E0):[AMQP0]success binding 'amq.direct'->'sr.customer.tag.rpc.91d05ed0a28d11e78258817721d45517'(sr.customer.tag.rpc.91d05ed0a28d11e78258817721d45517)
[I] 15:37:38.229(000000000011D8E0):[AMQP0]success declare queue 'sr.customer.point.rpc.91d05ed1a28d11e78258817721d45517'
[I] 15:37:38.232(000000000011D8E0):[AMQP0]success consume 'sr.customer.point.rpc.91d05ed1a28d11e78258817721d45517'
[I] 15:37:38.240(000000000011D8E0):[AMQP0]success binding 'amq.direct'->'sr.customer.point.rpc.91d05ed1a28d11e78258817721d45517'(sr.customer.point.rpc.91d05ed1a28d11e78258817721d45517)
[I] 15:37:38.249(000000000011D8E0):[AMQP0]success declare queue 'sr.customer.coupon_class.rpc.91d42f60a28d11e78258817721d45517'
[I] 15:37:38.253(000000000011D8E0):[AMQP0]success consume 'sr.customer.coupon_class.rpc.91d42f60a28d11e78258817721d45517'
[I] 15:37:38.286(000000000011D8E0):[AMQP0]success binding 'amq.direct'->'sr.customer.coupon_class.rpc.91d42f60a28d11e78258817721d45517'(sr.customer.coupon_class.rpc.91d42f60a28d11e78258817721d45517)
[I] 15:37:38.291(000000000011D8E0):[AMQP0]success declare queue 'sr.customer.coupon.rpc.91d45670a28d11e78258817721d45517'
[I] 15:37:38.293(000000000011D8E0):[AMQP0]success consume 'sr.customer.coupon.rpc.91d45670a28d11e78258817721d45517'
[I] 15:37:38.295(000000000011D8E0):[AMQP0]success binding 'amq.direct'->'sr.customer.coupon.rpc.91d45670a28d11e78258817721d45517'(sr.customer.coupon.rpc.91d45670a28d11e78258817721d45517)
[I] 15:37:38.298(000000000011D8E0):[AMQP0]success declare queue 'cf.wxpay.rpc.91d67950a28d11e78258817721d45517'
[I] 15:37:38.300(000000000011D8E0):[AMQP0]success consume 'cf.wxpay.rpc.91d67950a28d11e78258817721d45517'
[I] 15:37:38.302(000000000011D8E0):[AMQP0]success binding 'amq.direct'->'cf.wxpay.rpc.91d67950a28d11e78258817721d45517'(cf.wxpay.rpc.91d67950a28d11e78258817721d45517)
[I] 15:37:38.306(000000000011D8E0):[AMQP0]success declare queue 'cf.baidu.rpc.91da49e0a28d11e78258817721d45517'
[I] 15:37:38.308(000000000011D8E0):[AMQP0]success consume 'cf.baidu.rpc.91da49e0a28d11e78258817721d45517'
[I] 15:37:38.310(000000000011D8E0):[AMQP0]success binding 'amq.direct'->'cf.baidu.rpc.91da49e0a28d11e78258817721d45517'(cf.baidu.rpc.91da49e0a28d11e78258817721d45517)
[I] 15:37:38.321(000000000011D8E0):[AMQP0]success declare queue 'sr.trade.rpc.91e127b0a28d11e78258817721d45517'
[I] 15:37:38.322(000000000011D8E0):[AMQP0]success consume 'sr.trade.rpc.91e127b0a28d11e78258817721d45517'
[I] 15:37:38.325(000000000011D8E0):[AMQP0]success binding 'amq.direct'->'sr.trade.rpc.91e127b0a28d11e78258817721d45517'(sr.trade.rpc.91e127b0a28d11e78258817721d45517)
[D] 15:37:38.881(00000000001FD7E0):worker process log socket connected!
[D] 15:37:38.875(0000000000120E0C):worker 2# ready to connect master log socket server, port=27132
[D] 15:37:38.884(0000000000120E0C):worker 2# log socket connected!
[I] 15:37:38.901(0000000000122C14):[AMQP0]created
[I] 15:37:38.911(0000000000122C14):[AMQP0]declare queue 'cf.rpc.9271a7e0a28d11e7aa7eeb7334cfcfbc'
[I] 15:37:38.912(0000000000122C14):[RPCC:cf.rpc]create rpc client 'cf.rpc' in conn AMQP0
[I] 15:37:39.028(0000000000122C14):PBEncoder success load file 'E:\product\protocol\cf.proto.js'
[I] 15:37:39.030(0000000000122C14):[AMQP0]declare queue 'cf.wechat.rpc.9283f760a28d11e7aa7eeb7334cfcfbc'
[I] 15:37:39.031(0000000000122C14):[RPCC:cf.wechat.rpc]create rpc client 'cf.wechat.rpc' in conn AMQP0
[I] 15:37:39.088(0000000000122C14):PBEncoder success load file 'E:\product\protocol\cf_wechat.proto.js'
[I] 15:37:39.089(0000000000122C14):[AMQP0]declare exchange 'cf.wechat.notify'
[I] 15:37:39.089(0000000000122C14):[AMQP0]declare queue 'jiaxingwang.sc_admin.wechat.928cf810a28d11e7aa7eeb7334cfcfbc'
[I] 15:37:39.090(0000000000122C14):[AMQP0]declare queue 'cf.app.rpc.928d1f20a28d11e7aa7eeb7334cfcfbc'
[I] 15:37:39.090(0000000000122C14):[RPCC:cf.app.rpc]create rpc client 'cf.app.rpc' in conn AMQP0
[I] 15:37:39.106(0000000000122C14):PBEncoder success load file 'E:\product\protocol\cf_app.proto.js'
[I] 15:37:39.107(0000000000122C14):[AMQP0]declare queue 'cf.alipay.rpc.928fb730a28d11e7aa7eeb7334cfcfbc'
[I] 15:37:39.107(0000000000122C14):[RPCC:cf.alipay.rpc]create rpc client 'cf.alipay.rpc' in conn AMQP0
[I] 15:37:39.115(0000000000122C14):PBEncoder success load file 'E:\product\protocol\cf_alipay.proto.js'
[I] 15:37:39.116(0000000000122C14):[AMQP0]declare queue 'cf.ding.rpc.9290efb0a28d11e7aa7eeb7334cfcfbc'
[I] 15:37:39.116(0000000000122C14):[RPCC:cf.ding.rpc]create rpc client 'cf.ding.rpc' in conn AMQP0
[I] 15:37:39.127(0000000000122C14):PBEncoder success load file 'E:\product\protocol\cf_ding.proto.js'
[I] 15:37:39.128(0000000000122C14):[AMQP0]declare exchange 'cf.ding.notify'
[I] 15:37:39.128(0000000000122C14):[AMQP0]declare queue 'jiaxingwang.sc_admin.ding.9292eb80a28d11e7aa7eeb7334cfcfbc'
[I] 15:37:39.128(0000000000122C14):[AM]init and reload account!
[I] 15:37:39.133(0000000000122C14):[AM]reload account success, account number is: 0
[I] 15:37:39.136(0000000000122C14):[AMQP0]declare queue 'sr.customer.rpc.92942400a28d11e7aa7eeb7334cfcfbc'
[I] 15:37:39.137(0000000000122C14):[RPCC:sr.customer.rpc]create rpc client 'sr.customer.rpc' in conn AMQP0
[I] 15:37:39.144(0000000000122C14):PBEncoder success load file 'E:\product\protocol\sr_customer.proto.js'
[W] 15:37:39.145(0000000000122C14):[AMQP0]rpc client 'cf.rpc' declare repeat!
[W] 15:37:39.145(0000000000122C14):[AMQP0]rpc client 'cf.wechat.rpc' declare repeat!
[W] 15:37:39.146(0000000000122C14):[AMQP0]rpc client 'cf.app.rpc' declare repeat!
[I] 15:37:39.304(0000000000122C14):PBEncoder success load file 'E:\product\protocol\sc_system.proto.js'
[I] 15:37:39.342(0000000000122C14):[AMQP1]created
[I] 15:37:39.343(0000000000122C14):[AMQP1]declare exchange 'amq.direct'
[I] 15:37:39.343(0000000000122C14):[AMQP1]declare queue 'cf.wechat.rpc.92b3b9f0a28d11e7aa7eeb7334cfcfbc'
[I] 15:37:39.343(0000000000122C14):[RPCC:cf.wechat.rpc]create rpc client 'cf.wechat.rpc' in conn AMQP1
[I] 15:37:39.345(0000000000122C14):[AMQP2]created
[I] 15:37:39.348(0000000000122C14):[AMQP0]declare exchange 'amq.direct'
[I] 15:37:39.349(0000000000122C14):[AMQP0]declare queue 'sc.task.rpc.92b4a450a28d11e7aa7eeb7334cfcfbc'
[I] 15:37:39.349(0000000000122C14):[RPCC:sc.task.rpc]create rpc client 'sc.task.rpc' in conn AMQP0
[I] 15:37:39.357(0000000000122C14):PBEncoder success load file 'E:\product\protocol\sc_task.proto.js'
[I] 15:37:39.381(0000000000122C14):[AMQP0]declare queue 'sr.customer.tag.rpc.92b98650a28d11e7aa7eeb7334cfcfbc'
[I] 15:37:39.382(0000000000122C14):[RPCC:sr.customer.tag.rpc]create rpc client 'sr.customer.tag.rpc' in conn AMQP0
[I] 15:37:39.382(0000000000122C14):[AMQP0]declare queue 'sr.customer.point.rpc.92b9ad60a28d11e7aa7eeb7334cfcfbc'
[I] 15:37:39.382(0000000000122C14):[RPCC:sr.customer.point.rpc]create rpc client 'sr.customer.point.rpc' in conn AMQP0
[I] 15:37:39.399(0000000000122C14):PBEncoder success load file 'E:\product\protocol\sr_customer_point.proto.js'
[I] 15:37:39.405(0000000000122C14):PBEncoder success load file 'E:\product\protocol\sr_customer_tag.proto.js'
[W] 15:37:39.414(0000000000122C14):[AMQP0]rpc client 'cf.wechat.rpc' declare repeat!
[I] 15:37:39.414(0000000000122C14):[AMQP0]declare queue 'sr.customer.coupon_class.rpc.92be8f60a28d11e7aa7eeb7334cfcfbc'
[I] 15:37:39.415(0000000000122C14):[RPCC:sr.customer.coupon_class.rpc]create rpc client 'sr.customer.coupon_class.rpc' in conn AMQP0
[I] 15:37:39.415(0000000000122C14):[AMQP0]declare queue 'sr.customer.coupon.rpc.92beb670a28d11e7aa7eeb7334cfcfbc'
[I] 15:37:39.415(0000000000122C14):[RPCC:sr.customer.coupon.rpc]create rpc client 'sr.customer.coupon.rpc' in conn AMQP0
[I] 15:37:39.424(0000000000120E0C):[AMQP0]created
[I] 15:37:39.427(0000000000122C14):PBEncoder success load file 'E:\product\protocol\sr_customer_coupon.proto.js'
[W] 15:37:39.427(0000000000122C14):[AMQP0]rpc client 'cf.wechat.rpc' declare repeat!
[I] 15:37:39.428(0000000000122C14):[AMQP0]declare queue 'cf.wxpay.rpc.92c0b240a28d11e7aa7eeb7334cfcfbc'
[I] 15:37:39.428(0000000000122C14):[RPCC:cf.wxpay.rpc]create rpc client 'cf.wxpay.rpc' in conn AMQP0
[I] 15:37:39.434(0000000000120E0C):[AMQP0]declare queue 'cf.rpc.92c17590a28d11e7912eb1b4674c4566'
[I] 15:37:39.435(0000000000120E0C):[RPCC:cf.rpc]create rpc client 'cf.rpc' in conn AMQP0
[I] 15:37:39.444(0000000000122C14):PBEncoder success load file 'E:\product\protocol\cf_wxpay.proto.js'
[W] 15:37:39.444(0000000000122C14):[AMQP0]rpc client 'sr.customer.point.rpc' declare repeat!
[W] 15:37:39.452(0000000000122C14):[AMQP0]exchange amq.direct already declare!!
[W] 15:37:39.452(0000000000122C14):[AMQP0]rpc client 'sr.customer.rpc' declare repeat!
[W] 15:37:39.453(0000000000122C14):[AMQP0]rpc client 'sr.customer.coupon.rpc' declare repeat!
[W] 15:37:39.453(0000000000122C14):[AMQP0]rpc client 'cf.wechat.rpc' declare repeat!
[W] 15:37:39.456(0000000000122C14):[AMQP0]exchange amq.direct already declare!!
[I] 15:37:39.456(0000000000122C14):[AMQP0]declare queue 'cf.baidu.rpc.92c4f800a28d11e7aa7eeb7334cfcfbc'
[I] 15:37:39.456(0000000000122C14):[RPCC:cf.baidu.rpc]create rpc client 'cf.baidu.rpc' in conn AMQP0
[I] 15:37:39.460(0000000000122C14):PBEncoder success load file 'E:\product\protocol\cf_baidu.proto.js'
[I] 15:37:39.466(0000000000122C14):[AMQP3]created
[I] 15:37:39.477(0000000000122C14):[AMQP4]created
[I] 15:37:39.478(0000000000122C14):[AMQP4]declare exchange 'amq.direct'
[I] 15:37:39.478(0000000000122C14):[AMQP4]declare queue 'cf.app.rpc.92c85360a28d11e7aa7eeb7334cfcfbc'
[I] 15:37:39.478(0000000000122C14):[RPCC:cf.app.rpc]create rpc client 'cf.app.rpc' in conn AMQP4
[I] 15:37:39.479(0000000000122C14):[AMQP4]declare queue 'cf.wechat.rpc.92c87a70a28d11e7aa7eeb7334cfcfbc'
[I] 15:37:39.479(0000000000122C14):[RPCC:cf.wechat.rpc]create rpc client 'cf.wechat.rpc' in conn AMQP4
[I] 15:37:39.479(0000000000122C14):[AMQP4]declare queue 'cf.rpc.92c87a71a28d11e7aa7eeb7334cfcfbc'
[I] 15:37:39.479(0000000000122C14):[RPCC:cf.rpc]create rpc client 'cf.rpc' in conn AMQP4
[I] 15:37:39.479(0000000000122C14):[AMQP4]declare queue 'sc.task.rpc.92c87a72a28d11e7aa7eeb7334cfcfbc'
[I] 15:37:39.480(0000000000122C14):[RPCC:sc.task.rpc]create rpc client 'sc.task.rpc' in conn AMQP4
[I] 15:37:39.483(0000000000122C14):[AMQP5]created
[I] 15:37:39.484(0000000000122C14):[AMQP5]declare exchange 'amq.direct'
[I] 15:37:39.484(0000000000122C14):[AMQP5]declare queue 'cf.wechat.rpc.92c93dc0a28d11e7aa7eeb7334cfcfbc'
[I] 15:37:39.484(0000000000122C14):[RPCC:cf.wechat.rpc]create rpc client 'cf.wechat.rpc' in conn AMQP5
[W] 15:37:39.487(0000000000122C14):[AMQP0]rpc client 'sr.customer.point.rpc' declare repeat!
[I] 15:37:39.490(0000000000122C14):[AMQP6]created
[I] 15:37:39.490(0000000000122C14):[AMQP6]declare exchange 'amq.direct'
[I] 15:37:39.490(0000000000122C14):[AMQP6]declare queue 'cf.wechat.rpc.92ca2820a28d11e7aa7eeb7334cfcfbc'
[I] 15:37:39.491(0000000000122C14):[RPCC:cf.wechat.rpc]create rpc client 'cf.wechat.rpc' in conn AMQP6
[I] 15:37:39.497(0000000000122C14):[AMQP7]created
[I] 15:37:39.497(0000000000122C14):[AMQP7]declare exchange 'amq.direct'
[I] 15:37:39.498(0000000000122C14):[AMQP7]declare queue 'sc.task.rpc.92cb60a0a28d11e7aa7eeb7334cfcfbc'
[I] 15:37:39.498(0000000000122C14):[RPCC:sc.task.rpc]create rpc client 'sc.task.rpc' in conn AMQP7
[I] 15:37:39.498(0000000000122C14):[AMQP7]declare queue 'sr.customer.rewardfail.92cb60a1a28d11e7aa7eeb7334cfcfbc'
[I] 15:37:39.498(0000000000122C14):[RPCC:sr.customer.rewardfail]create rpc client 'sr.customer.rewardfail' in conn AMQP7
[W] 15:37:39.502(0000000000122C14):[AMQP0]exchange amq.direct already declare!!
[W] 15:37:39.502(0000000000122C14):[AMQP0]rpc client 'sr.customer.tag.rpc' declare repeat!
[W] 15:37:39.503(0000000000122C14):[AMQP0]rpc client 'sc.task.rpc' declare repeat!
[W] 15:37:39.505(0000000000122C14):[AMQP0]exchange amq.direct already declare!!
[I] 15:37:39.506(0000000000122C14):[AMQP0]declare queue 'sr.trade.rpc.92cc9920a28d11e7aa7eeb7334cfcfbc'
[I] 15:37:39.506(0000000000122C14):[RPCC:sr.trade.rpc]create rpc client 'sr.trade.rpc' in conn AMQP0
[I] 15:37:39.510(0000000000122C14):PBEncoder success load file 'E:\product\protocol\sr_trade.proto.js'
[I] 15:37:39.513(0000000000122C14):[AMQP8]created
[I] 15:37:39.514(0000000000122C14):[AMQP8]declare exchange 'amq.direct'
[I] 15:37:39.514(0000000000122C14):[AMQP8]declare queue 'cf.wechat.rpc.92cdd1a0a28d11e7aa7eeb7334cfcfbc'
[I] 15:37:39.515(0000000000122C14):[RPCC:cf.wechat.rpc]create rpc client 'cf.wechat.rpc' in conn AMQP8
[T] 15:37:39.538(0000000000122C14):Http is running,port is 18910
[I] 15:37:39.544(0000000000122C14):[redis]redis connect
[I] 15:37:39.560(0000000000122C14):[redis]redis ready
[I] 15:37:39.563(0000000000122C14):[MP1]create connection #0
[T] 15:37:39.563(0000000000122C14):[MP1]getConnection success,getIndex=0
[I] 15:37:39.564(0000000000122C14):[MP1]create connection #1
[T] 15:37:39.564(0000000000122C14):[MP1]getConnection success,getIndex=1
[T] 15:37:39.572(0000000000122C14):[MySQL]Query success,used time:7 ms,sql="select * from cf_account where enabled=1 and function_mask like \"1%\""
[T] 15:37:39.580(0000000000122C14):[MySQL]Query success,used time:13 ms,sql="SELECT * FROM `sc_org`"
[T] 15:37:39.581(0000000000122C14):getConnection release,getIndex=0
[T] 15:37:39.582(0000000000122C14):getConnection release,getIndex=1
[I] 15:37:39.583(0000000000122C14):[AM]get account list success: [{"innerid":"HEDV35FASG-DGW423A-34TGGW53AAD66","name":"乐逛演示","org_id":"1","shop_id":null,"settlement_id":null,"method_code":1,"method_code_key":"wechat_test3_1","function_mask":"10","config":"{\"accountid\":\"gh_92368265694f\",\"fee_type\":\"CNY\",\"appid\":\"wx39bf9ff3da6fc1e7\",\"appsecret\":\"e00fc51118b318fb99cff35d217865fc\",\"mch_id\":\"1287801701\",\"sub_mch_id\":\"\",\"sign_key\":\"smartpaysmartpaysmartpaysmartpay\",\"key_file\":\"apiclient_key.pem\",\"cert_file\":\"apiclient_cert.pem\",\"pay_authorization_dir\":[\"\",\"\",\"\"],\"pay_native_callback\":\"\",\"pay_finish_notify\":\"1\",\"pay_alarm_notify\":\"\"}","enabled":1,"desc":null},{"innerid":"SE43RG3ASG-34GWW55A-34TG43HER452","name":"短信测试一","org_id":"1","shop_id":null,"settlement_id":null,"method_code":2,"method_code_key":"wechat_test1_2","function_mask":"10","config":"{\"url\" : \"http://211.147.239.62:9050/cgi-bin/sendsms\",\"username\" : \"shopperconnect@smartac\",\"password\" : \"shopCNT@smartc2016\"}","enabled":1,"desc":null},{"innerid":"SMFGSW423GWS-G43HTEHE2-HHEDR5462HS","name":"邮件测试一","org_id":"1","shop_id":null,"settlement_id":null,"method_code":3,"method_code_key":"wechat_test1_3","function_mask":"10","config":"{\"smtpserver\" : \"smtp.163.com\",\"port\": 25,\"username\" : \"zyqtest5@163.com\",\"password\" : \"zyqtest5881119\",\"SSL\":false}","enabled":1,"desc":null}]
[I] 15:37:39.590(0000000000120E0C):PBEncoder success load file 'E:\product\protocol\cf.proto.js'
[I] 15:37:39.591(0000000000120E0C):[AMQP0]declare queue 'cf.wechat.rpc.92d96a60a28d11e7912eb1b4674c4566'
[I] 15:37:39.591(0000000000120E0C):[RPCC:cf.wechat.rpc]create rpc client 'cf.wechat.rpc' in conn AMQP0
[I] 15:37:39.612(0000000000122C14):[AMQP0]AMQP0 connect 'amqp://guest:guest@172.16.0.81:5672' success!
[I] 15:37:39.615(0000000000122C14):[AMQP1]AMQP1 connect 'amqp://guest:guest@172.16.0.81:5672' success!
[I] 15:37:39.616(0000000000122C14):[AMQP6]AMQP6 connect 'amqp://guest:guest@172.16.0.81:5672' success!
[I] 15:37:39.617(0000000000122C14):[AMQP8]AMQP8 connect 'amqp://guest:guest@172.16.0.81:5672' success!
[I] 15:37:39.618(0000000000122C14):[AMQP7]AMQP7 connect 'amqp://guest:guest@172.16.0.81:5672' success!
[I] 15:37:39.619(0000000000122C14):[AMQP5]AMQP5 connect 'amqp://guest:guest@172.16.0.81:5672' success!
[I] 15:37:39.620(0000000000122C14):[AMQP4]AMQP4 connect 'amqp://guest:guest@172.16.0.81:5672' success!
[I] 15:37:39.632(0000000000122C14):[AMQP5]success declare exchange 'amq.direct'
[I] 15:37:39.633(0000000000122C14):[AMQP1]success declare exchange 'amq.direct'
[I] 15:37:39.634(0000000000122C14):[AMQP7]success declare exchange 'amq.direct'
[I] 15:37:39.635(0000000000122C14):[AMQP8]success declare exchange 'amq.direct'
[I] 15:37:39.635(0000000000122C14):[AMQP6]success declare exchange 'amq.direct'
[I] 15:37:39.636(0000000000122C14):[AMQP4]success declare exchange 'amq.direct'
[I] 15:37:39.637(0000000000122C14):[AMQP0]success declare queue 'cf.rpc.9271a7e0a28d11e7aa7eeb7334cfcfbc'
[I] 15:37:39.638(0000000000122C14):[AMQP5]success declare queue 'cf.wechat.rpc.92c93dc0a28d11e7aa7eeb7334cfcfbc'
[I] 15:37:39.640(0000000000122C14):[AMQP0]success consume 'cf.rpc.9271a7e0a28d11e7aa7eeb7334cfcfbc'
[I] 15:37:39.640(0000000000122C14):[AMQP5]success consume 'cf.wechat.rpc.92c93dc0a28d11e7aa7eeb7334cfcfbc'
[I] 15:37:39.641(0000000000122C14):[AMQP1]success declare queue 'cf.wechat.rpc.92b3b9f0a28d11e7aa7eeb7334cfcfbc'
[I] 15:37:39.642(0000000000122C14):[AMQP7]success declare queue 'sc.task.rpc.92cb60a0a28d11e7aa7eeb7334cfcfbc'
[I] 15:37:39.643(0000000000122C14):[AMQP6]success declare queue 'cf.wechat.rpc.92ca2820a28d11e7aa7eeb7334cfcfbc'
[I] 15:37:39.643(0000000000122C14):[AMQP8]success declare queue 'cf.wechat.rpc.92cdd1a0a28d11e7aa7eeb7334cfcfbc'
[I] 15:37:39.644(0000000000122C14):[AMQP4]success declare queue 'cf.app.rpc.92c85360a28d11e7aa7eeb7334cfcfbc'
[I] 15:37:39.645(0000000000122C14):[AMQP7]success consume 'sc.task.rpc.92cb60a0a28d11e7aa7eeb7334cfcfbc'
[I] 15:37:39.645(0000000000122C14):[AMQP1]success consume 'cf.wechat.rpc.92b3b9f0a28d11e7aa7eeb7334cfcfbc'
[I] 15:37:39.645(0000000000122C14):[AMQP0]success binding 'amq.direct'->'cf.rpc.9271a7e0a28d11e7aa7eeb7334cfcfbc'(cf.rpc.9271a7e0a28d11e7aa7eeb7334cfcfbc)
[I] 15:37:39.646(0000000000122C14):[AMQP5]success binding 'amq.direct'->'cf.wechat.rpc.92c93dc0a28d11e7aa7eeb7334cfcfbc'(cf.wechat.rpc.92c93dc0a28d11e7aa7eeb7334cfcfbc)
[I] 15:37:39.647(0000000000122C14):[AMQP6]success consume 'cf.wechat.rpc.92ca2820a28d11e7aa7eeb7334cfcfbc'
[I] 15:37:39.647(0000000000122C14):[AMQP8]success consume 'cf.wechat.rpc.92cdd1a0a28d11e7aa7eeb7334cfcfbc'
[I] 15:37:39.647(0000000000122C14):[AMQP4]success consume 'cf.app.rpc.92c85360a28d11e7aa7eeb7334cfcfbc'
[I] 15:37:39.648(0000000000122C14):[AMQP1]success binding 'amq.direct'->'cf.wechat.rpc.92b3b9f0a28d11e7aa7eeb7334cfcfbc'(cf.wechat.rpc.92b3b9f0a28d11e7aa7eeb7334cfcfbc)
[I] 15:37:39.650(0000000000120E0C):PBEncoder success load file 'E:\product\protocol\cf_wechat.proto.js'
[I] 15:37:39.650(0000000000120E0C):[AMQP0]declare exchange 'cf.wechat.notify'
[I] 15:37:39.649(0000000000122C14):[AMQP7]success binding 'amq.direct'->'sc.task.rpc.92cb60a0a28d11e7aa7eeb7334cfcfbc'(sc.task.rpc.92cb60a0a28d11e7aa7eeb7334cfcfbc)
[I] 15:37:39.651(0000000000120E0C):[AMQP0]declare queue 'jiaxingwang.sc_admin.wechat.92e29220a28d11e7912eb1b4674c4566'
[I] 15:37:39.651(0000000000120E0C):[AMQP0]declare queue 'cf.app.rpc.92e2b930a28d11e7912eb1b4674c4566'
[I] 15:37:39.650(0000000000122C14):[AMQP6]success binding 'amq.direct'->'cf.wechat.rpc.92ca2820a28d11e7aa7eeb7334cfcfbc'(cf.wechat.rpc.92ca2820a28d11e7aa7eeb7334cfcfbc)
[I] 15:37:39.651(0000000000120E0C):[RPCC:cf.app.rpc]create rpc client 'cf.app.rpc' in conn AMQP0
[I] 15:37:39.651(0000000000122C14):[AMQP8]success binding 'amq.direct'->'cf.wechat.rpc.92cdd1a0a28d11e7aa7eeb7334cfcfbc'(cf.wechat.rpc.92cdd1a0a28d11e7aa7eeb7334cfcfbc)
[I] 15:37:39.651(0000000000122C14):[AMQP4]success binding 'amq.direct'->'cf.app.rpc.92c85360a28d11e7aa7eeb7334cfcfbc'(cf.app.rpc.92c85360a28d11e7aa7eeb7334cfcfbc)
[I] 15:37:39.652(0000000000122C14):[AMQP0]success declare queue 'cf.wechat.rpc.9283f760a28d11e7aa7eeb7334cfcfbc'
[I] 15:37:39.653(0000000000122C14):[AMQP7]success declare queue 'sr.customer.rewardfail.92cb60a1a28d11e7aa7eeb7334cfcfbc'
[I] 15:37:39.655(0000000000120E0C):PBEncoder success load file 'E:\product\protocol\cf_app.proto.js'
[I] 15:37:39.655(0000000000122C14):[AMQP0]success consume 'cf.wechat.rpc.9283f760a28d11e7aa7eeb7334cfcfbc'
[I] 15:37:39.656(0000000000120E0C):[AMQP0]declare queue 'cf.alipay.rpc.92e37c80a28d11e7912eb1b4674c4566'
[I] 15:37:39.656(0000000000120E0C):[RPCC:cf.alipay.rpc]create rpc client 'cf.alipay.rpc' in conn AMQP0
[I] 15:37:39.656(0000000000122C14):[AMQP7]success consume 'sr.customer.rewardfail.92cb60a1a28d11e7aa7eeb7334cfcfbc'
[I] 15:37:39.657(0000000000122C14):[AMQP4]success declare queue 'cf.wechat.rpc.92c87a70a28d11e7aa7eeb7334cfcfbc'
[I] 15:37:39.657(0000000000122C14):[AMQP0]success binding 'amq.direct'->'cf.wechat.rpc.9283f760a28d11e7aa7eeb7334cfcfbc'(cf.wechat.rpc.9283f760a28d11e7aa7eeb7334cfcfbc)
[I] 15:37:39.659(0000000000122C14):[AMQP4]success consume 'cf.wechat.rpc.92c87a70a28d11e7aa7eeb7334cfcfbc'
[I] 15:37:39.660(0000000000122C14):[AMQP0]success declare exchange 'cf.wechat.notify'
[I] 15:37:39.660(0000000000122C14):[AMQP7]success binding 'amq.direct'->'sr.customer.rewardfail.92cb60a1a28d11e7aa7eeb7334cfcfbc'(sr.customer.rewardfail.92cb60a1a28d11e7aa7eeb7334cfcfbc)
[I] 15:37:39.661(0000000000122C14):[AMQP4]success binding 'amq.direct'->'cf.wechat.rpc.92c87a70a28d11e7aa7eeb7334cfcfbc'(cf.wechat.rpc.92c87a70a28d11e7aa7eeb7334cfcfbc)
[I] 15:37:39.664(0000000000120E0C):PBEncoder success load file 'E:\product\protocol\cf_alipay.proto.js'
[I] 15:37:39.665(0000000000120E0C):[AMQP0]declare queue 'cf.ding.rpc.92e4b500a28d11e7912eb1b4674c4566'
[I] 15:37:39.665(0000000000120E0C):[RPCC:cf.ding.rpc]create rpc client 'cf.ding.rpc' in conn AMQP0
[I] 15:37:39.664(0000000000122C14):[AMQP0]success declare queue 'jiaxingwang.sc_admin.wechat.928cf810a28d11e7aa7eeb7334cfcfbc'
[I] 15:37:39.665(0000000000122C14):[AMQP4]success declare queue 'cf.rpc.92c87a71a28d11e7aa7eeb7334cfcfbc'
[I] 15:37:39.666(0000000000122C14):[AMQP0]success consume 'jiaxingwang.sc_admin.wechat.928cf810a28d11e7aa7eeb7334cfcfbc'
[I] 15:37:39.667(0000000000122C14):[AMQP4]success consume 'cf.rpc.92c87a71a28d11e7aa7eeb7334cfcfbc'
[I] 15:37:39.669(0000000000122C14):[AMQP4]success binding 'amq.direct'->'cf.rpc.92c87a71a28d11e7aa7eeb7334cfcfbc'(cf.rpc.92c87a71a28d11e7aa7eeb7334cfcfbc)
[I] 15:37:39.670(0000000000122C14):[AMQP0]success binding 'cf.wechat.notify'->'jiaxingwang.sc_admin.wechat.928cf810a28d11e7aa7eeb7334cfcfbc'(#)
[I] 15:37:39.672(0000000000122C14):[AMQP4]success declare queue 'sc.task.rpc.92c87a72a28d11e7aa7eeb7334cfcfbc'
[I] 15:37:39.673(0000000000122C14):[AMQP0]success declare queue 'cf.app.rpc.928d1f20a28d11e7aa7eeb7334cfcfbc'
[I] 15:37:39.675(0000000000122C14):[AMQP4]success consume 'sc.task.rpc.92c87a72a28d11e7aa7eeb7334cfcfbc'
[I] 15:37:39.676(0000000000120E0C):PBEncoder success load file 'E:\product\protocol\cf_ding.proto.js'
[I] 15:37:39.676(0000000000120E0C):[AMQP0]declare exchange 'cf.ding.notify'
[I] 15:37:39.676(0000000000120E0C):[AMQP0]declare queue 'jiaxingwang.sc_admin.ding.92e689c0a28d11e7912eb1b4674c4566'
[I] 15:37:39.676(0000000000120E0C):[AM]init and reload account!
[I] 15:37:39.677(0000000000122C14):[AMQP0]success consume 'cf.app.rpc.928d1f20a28d11e7aa7eeb7334cfcfbc'
[I] 15:37:39.678(0000000000122C14):[AMQP4]success binding 'amq.direct'->'sc.task.rpc.92c87a72a28d11e7aa7eeb7334cfcfbc'(sc.task.rpc.92c87a72a28d11e7aa7eeb7334cfcfbc)
[I] 15:37:39.680(0000000000120E0C):[AM]reload account success, account number is: 0
[I] 15:37:39.680(0000000000122C14):[AMQP0]success binding 'amq.direct'->'cf.app.rpc.928d1f20a28d11e7aa7eeb7334cfcfbc'(cf.app.rpc.928d1f20a28d11e7aa7eeb7334cfcfbc)
[I] 15:37:39.684(0000000000120E0C):[AMQP0]declare queue 'sr.customer.rpc.92e7c240a28d11e7912eb1b4674c4566'
[I] 15:37:39.684(0000000000120E0C):[RPCC:sr.customer.rpc]create rpc client 'sr.customer.rpc' in conn AMQP0
[I] 15:37:39.685(0000000000122C14):[AMQP0]success declare queue 'cf.alipay.rpc.928fb730a28d11e7aa7eeb7334cfcfbc'
[I] 15:37:39.687(0000000000122C14):[AMQP0]success consume 'cf.alipay.rpc.928fb730a28d11e7aa7eeb7334cfcfbc'
[I] 15:37:39.689(0000000000122C14):[AMQP0]success binding 'amq.direct'->'cf.alipay.rpc.928fb730a28d11e7aa7eeb7334cfcfbc'(cf.alipay.rpc.928fb730a28d11e7aa7eeb7334cfcfbc)
[I] 15:37:39.693(0000000000120E0C):PBEncoder success load file 'E:\product\protocol\sr_customer.proto.js'
[I] 15:37:39.692(0000000000122C14):[AMQP0]success declare queue 'cf.ding.rpc.9290efb0a28d11e7aa7eeb7334cfcfbc'
[W] 15:37:39.694(0000000000120E0C):[AMQP0]rpc client 'cf.rpc' declare repeat!
[W] 15:37:39.694(0000000000120E0C):[AMQP0]rpc client 'cf.wechat.rpc' declare repeat!
[W] 15:37:39.694(0000000000120E0C):[AMQP0]rpc client 'cf.app.rpc' declare repeat!
[I] 15:37:39.695(0000000000122C14):[AMQP0]success consume 'cf.ding.rpc.9290efb0a28d11e7aa7eeb7334cfcfbc'
[I] 15:37:39.697(0000000000122C14):[AMQP0]success binding 'amq.direct'->'cf.ding.rpc.9290efb0a28d11e7aa7eeb7334cfcfbc'(cf.ding.rpc.9290efb0a28d11e7aa7eeb7334cfcfbc)
[I] 15:37:39.698(0000000000122C14):[AMQP0]success declare exchange 'cf.ding.notify'
[I] 15:37:39.702(0000000000122C14):[AMQP0]success declare queue 'jiaxingwang.sc_admin.ding.9292eb80a28d11e7aa7eeb7334cfcfbc'
[I] 15:37:39.703(0000000000122C14):[AMQP0]success consume 'jiaxingwang.sc_admin.ding.9292eb80a28d11e7aa7eeb7334cfcfbc'
[I] 15:37:39.707(0000000000122C14):[AMQP0]success binding 'cf.ding.notify'->'jiaxingwang.sc_admin.ding.9292eb80a28d11e7aa7eeb7334cfcfbc'(#)
[I] 15:37:39.710(0000000000122C14):[AMQP0]success declare queue 'sr.customer.rpc.92942400a28d11e7aa7eeb7334cfcfbc'
[I] 15:37:39.715(0000000000122C14):[AMQP0]success consume 'sr.customer.rpc.92942400a28d11e7aa7eeb7334cfcfbc'
[I] 15:37:39.718(0000000000122C14):[AMQP0]success binding 'amq.direct'->'sr.customer.rpc.92942400a28d11e7aa7eeb7334cfcfbc'(sr.customer.rpc.92942400a28d11e7aa7eeb7334cfcfbc)
[I] 15:37:39.720(0000000000122C14):[AMQP0]success declare exchange 'amq.direct'
[I] 15:37:39.724(0000000000122C14):[AMQP0]success declare queue 'sc.task.rpc.92b4a450a28d11e7aa7eeb7334cfcfbc'
[I] 15:37:39.726(0000000000122C14):[AMQP0]success consume 'sc.task.rpc.92b4a450a28d11e7aa7eeb7334cfcfbc'
[I] 15:37:39.728(0000000000122C14):[AMQP0]success binding 'amq.direct'->'sc.task.rpc.92b4a450a28d11e7aa7eeb7334cfcfbc'(sc.task.rpc.92b4a450a28d11e7aa7eeb7334cfcfbc)
[I] 15:37:39.732(0000000000122C14):[AMQP0]success declare queue 'sr.customer.tag.rpc.92b98650a28d11e7aa7eeb7334cfcfbc'
[I] 15:37:39.733(0000000000122C14):[AMQP0]success consume 'sr.customer.tag.rpc.92b98650a28d11e7aa7eeb7334cfcfbc'
[I] 15:37:39.737(0000000000122C14):[AMQP0]success binding 'amq.direct'->'sr.customer.tag.rpc.92b98650a28d11e7aa7eeb7334cfcfbc'(sr.customer.tag.rpc.92b98650a28d11e7aa7eeb7334cfcfbc)
[I] 15:37:39.741(0000000000122C14):[AMQP0]success declare queue 'sr.customer.point.rpc.92b9ad60a28d11e7aa7eeb7334cfcfbc'
[I] 15:37:39.744(0000000000122C14):[AMQP0]success consume 'sr.customer.point.rpc.92b9ad60a28d11e7aa7eeb7334cfcfbc'
[I] 15:37:39.747(0000000000122C14):[AMQP0]success binding 'amq.direct'->'sr.customer.point.rpc.92b9ad60a28d11e7aa7eeb7334cfcfbc'(sr.customer.point.rpc.92b9ad60a28d11e7aa7eeb7334cfcfbc)
[I] 15:37:39.751(0000000000122C14):[AMQP0]success declare queue 'sr.customer.coupon_class.rpc.92be8f60a28d11e7aa7eeb7334cfcfbc'
[I] 15:37:39.753(0000000000122C14):[AMQP0]success consume 'sr.customer.coupon_class.rpc.92be8f60a28d11e7aa7eeb7334cfcfbc'
[I] 15:37:39.755(0000000000122C14):[AMQP0]success binding 'amq.direct'->'sr.customer.coupon_class.rpc.92be8f60a28d11e7aa7eeb7334cfcfbc'(sr.customer.coupon_class.rpc.92be8f60a28d11e7aa7eeb7334cfcfbc)
[I] 15:37:39.758(0000000000122C14):[AMQP0]success declare queue 'sr.customer.coupon.rpc.92beb670a28d11e7aa7eeb7334cfcfbc'
[I] 15:37:39.761(0000000000122C14):[AMQP0]success consume 'sr.customer.coupon.rpc.92beb670a28d11e7aa7eeb7334cfcfbc'
[I] 15:37:39.764(0000000000122C14):[AMQP0]success binding 'amq.direct'->'sr.customer.coupon.rpc.92beb670a28d11e7aa7eeb7334cfcfbc'(sr.customer.coupon.rpc.92beb670a28d11e7aa7eeb7334cfcfbc)
[I] 15:37:39.770(0000000000122C14):[AMQP0]success declare queue 'cf.wxpay.rpc.92c0b240a28d11e7aa7eeb7334cfcfbc'
[I] 15:37:39.772(0000000000122C14):[AMQP0]success consume 'cf.wxpay.rpc.92c0b240a28d11e7aa7eeb7334cfcfbc'
[I] 15:37:39.776(0000000000122C14):[AMQP0]success binding 'amq.direct'->'cf.wxpay.rpc.92c0b240a28d11e7aa7eeb7334cfcfbc'(cf.wxpay.rpc.92c0b240a28d11e7aa7eeb7334cfcfbc)
[I] 15:37:39.779(0000000000122C14):[AMQP0]success declare queue 'cf.baidu.rpc.92c4f800a28d11e7aa7eeb7334cfcfbc'
[I] 15:37:39.781(0000000000122C14):[AMQP0]success consume 'cf.baidu.rpc.92c4f800a28d11e7aa7eeb7334cfcfbc'
[I] 15:37:39.784(0000000000122C14):[AMQP0]success binding 'amq.direct'->'cf.baidu.rpc.92c4f800a28d11e7aa7eeb7334cfcfbc'(cf.baidu.rpc.92c4f800a28d11e7aa7eeb7334cfcfbc)
[I] 15:37:39.788(0000000000122C14):[AMQP0]success declare queue 'sr.trade.rpc.92cc9920a28d11e7aa7eeb7334cfcfbc'
[I] 15:37:39.789(0000000000122C14):[AMQP0]success consume 'sr.trade.rpc.92cc9920a28d11e7aa7eeb7334cfcfbc'
[I] 15:37:39.792(0000000000122C14):[AMQP0]success binding 'amq.direct'->'sr.trade.rpc.92cc9920a28d11e7aa7eeb7334cfcfbc'(sr.trade.rpc.92cc9920a28d11e7aa7eeb7334cfcfbc)
[I] 15:37:39.866(0000000000120E0C):PBEncoder success load file 'E:\product\protocol\sc_system.proto.js'
[I] 15:37:39.903(0000000000120E0C):[AMQP1]created
[I] 15:37:39.904(0000000000120E0C):[AMQP1]declare exchange 'amq.direct'
[I] 15:37:39.904(0000000000120E0C):[AMQP1]declare queue 'cf.wechat.rpc.93095400a28d11e7912eb1b4674c4566'
[I] 15:37:39.904(0000000000120E0C):[RPCC:cf.wechat.rpc]create rpc client 'cf.wechat.rpc' in conn AMQP1
[I] 15:37:39.906(0000000000120E0C):[AMQP2]created
[I] 15:37:39.916(0000000000120E0C):[AMQP0]declare exchange 'amq.direct'
[I] 15:37:39.916(0000000000120E0C):[AMQP0]declare queue 'sc.task.rpc.930b28c0a28d11e7912eb1b4674c4566'
[I] 15:37:39.916(0000000000120E0C):[RPCC:sc.task.rpc]create rpc client 'sc.task.rpc' in conn AMQP0
[I] 15:37:39.925(0000000000120E0C):PBEncoder success load file 'E:\product\protocol\sc_task.proto.js'
[I] 15:37:39.948(0000000000120E0C):[AMQP0]declare queue 'sr.customer.tag.rpc.93100ac0a28d11e7912eb1b4674c4566'
[I] 15:37:39.949(0000000000120E0C):[RPCC:sr.customer.tag.rpc]create rpc client 'sr.customer.tag.rpc' in conn AMQP0
[I] 15:37:39.949(0000000000120E0C):[AMQP0]declare queue 'sr.customer.point.rpc.931031d0a28d11e7912eb1b4674c4566'
[I] 15:37:39.949(0000000000120E0C):[RPCC:sr.customer.point.rpc]create rpc client 'sr.customer.point.rpc' in conn AMQP0
[I] 15:37:39.957(0000000000120E0C):PBEncoder success load file 'E:\product\protocol\sr_customer_point.proto.js'
[I] 15:37:39.963(0000000000120E0C):PBEncoder success load file 'E:\product\protocol\sr_customer_tag.proto.js'
[W] 15:37:39.972(0000000000120E0C):[AMQP0]rpc client 'cf.wechat.rpc' declare repeat!
[I] 15:37:39.973(0000000000120E0C):[AMQP0]declare queue 'sr.customer.coupon_class.rpc.9313db50a28d11e7912eb1b4674c4566'
[I] 15:37:39.973(0000000000120E0C):[RPCC:sr.customer.coupon_class.rpc]create rpc client 'sr.customer.coupon_class.rpc' in conn AMQP0
[I] 15:37:39.973(0000000000120E0C):[AMQP0]declare queue 'sr.customer.coupon.rpc.9313db51a28d11e7912eb1b4674c4566'
[I] 15:37:39.974(0000000000120E0C):[RPCC:sr.customer.coupon.rpc]create rpc client 'sr.customer.coupon.rpc' in conn AMQP0
[I] 15:37:39.985(0000000000120E0C):PBEncoder success load file 'E:\product\protocol\sr_customer_coupon.proto.js'
[W] 15:37:39.986(0000000000120E0C):[AMQP0]rpc client 'cf.wechat.rpc' declare repeat!
[I] 15:37:39.986(0000000000120E0C):[AMQP0]declare queue 'cf.wxpay.rpc.9315d720a28d11e7912eb1b4674c4566'
[I] 15:37:39.986(0000000000120E0C):[RPCC:cf.wxpay.rpc]create rpc client 'cf.wxpay.rpc' in conn AMQP0
[I] 15:37:40.001(0000000000120E0C):PBEncoder success load file 'E:\product\protocol\cf_wxpay.proto.js'
[W] 15:37:40.001(0000000000120E0C):[AMQP0]rpc client 'sr.customer.point.rpc' declare repeat!
[W] 15:37:40.008(0000000000120E0C):[AMQP0]exchange amq.direct already declare!!
[W] 15:37:40.009(0000000000120E0C):[AMQP0]rpc client 'sr.customer.rpc' declare repeat!
[W] 15:37:40.009(0000000000120E0C):[AMQP0]rpc client 'sr.customer.coupon.rpc' declare repeat!
[W] 15:37:40.009(0000000000120E0C):[AMQP0]rpc client 'cf.wechat.rpc' declare repeat!
[W] 15:37:40.011(0000000000120E0C):[AMQP0]exchange amq.direct already declare!!
[I] 15:37:40.012(0000000000120E0C):[AMQP0]declare queue 'cf.baidu.rpc.9319cec0a28d11e7912eb1b4674c4566'
[I] 15:37:40.012(0000000000120E0C):[RPCC:cf.baidu.rpc]create rpc client 'cf.baidu.rpc' in conn AMQP0
[I] 15:37:40.016(0000000000120E0C):PBEncoder success load file 'E:\product\protocol\cf_baidu.proto.js'
[I] 15:37:40.021(0000000000120E0C):[AMQP3]created
[I] 15:37:40.031(0000000000120E0C):[AMQP4]created
[I] 15:37:40.032(0000000000120E0C):[AMQP4]declare exchange 'amq.direct'
[I] 15:37:40.032(0000000000120E0C):[AMQP4]declare queue 'cf.app.rpc.931cdc00a28d11e7912eb1b4674c4566'
[I] 15:37:40.032(0000000000120E0C):[RPCC:cf.app.rpc]create rpc client 'cf.app.rpc' in conn AMQP4
[I] 15:37:40.033(0000000000120E0C):[AMQP4]declare queue 'cf.wechat.rpc.931d0310a28d11e7912eb1b4674c4566'
[I] 15:37:40.033(0000000000120E0C):[RPCC:cf.wechat.rpc]create rpc client 'cf.wechat.rpc' in conn AMQP4
[I] 15:37:40.033(0000000000120E0C):[AMQP4]declare queue 'cf.rpc.931d0311a28d11e7912eb1b4674c4566'
[I] 15:37:40.033(0000000000120E0C):[RPCC:cf.rpc]create rpc client 'cf.rpc' in conn AMQP4
[I] 15:37:40.034(0000000000120E0C):[AMQP4]declare queue 'sc.task.rpc.931d2a20a28d11e7912eb1b4674c4566'
[I] 15:37:40.034(0000000000120E0C):[RPCC:sc.task.rpc]create rpc client 'sc.task.rpc' in conn AMQP4
[I] 15:37:40.037(0000000000120E0C):[AMQP5]created
[I] 15:37:40.037(0000000000120E0C):[AMQP5]declare exchange 'amq.direct'
[I] 15:37:40.038(0000000000120E0C):[AMQP5]declare queue 'cf.wechat.rpc.931dc660a28d11e7912eb1b4674c4566'
[I] 15:37:40.038(0000000000120E0C):[RPCC:cf.wechat.rpc]create rpc client 'cf.wechat.rpc' in conn AMQP5
[W] 15:37:40.040(0000000000120E0C):[AMQP0]rpc client 'sr.customer.point.rpc' declare repeat!
[I] 15:37:40.042(0000000000120E0C):[AMQP6]created
[I] 15:37:40.043(0000000000120E0C):[AMQP6]declare exchange 'amq.direct'
[I] 15:37:40.043(0000000000120E0C):[AMQP6]declare queue 'cf.wechat.rpc.931e89b0a28d11e7912eb1b4674c4566'
[I] 15:37:40.043(0000000000120E0C):[RPCC:cf.wechat.rpc]create rpc client 'cf.wechat.rpc' in conn AMQP6
[I] 15:37:40.048(0000000000120E0C):[AMQP7]created
[I] 15:37:40.049(0000000000120E0C):[AMQP7]declare exchange 'amq.direct'
[I] 15:37:40.049(0000000000120E0C):[AMQP7]declare queue 'sc.task.rpc.931f7410a28d11e7912eb1b4674c4566'
[I] 15:37:40.049(0000000000120E0C):[RPCC:sc.task.rpc]create rpc client 'sc.task.rpc' in conn AMQP7
[I] 15:37:40.049(0000000000120E0C):[AMQP7]declare queue 'sr.customer.rewardfail.931f7411a28d11e7912eb1b4674c4566'
[I] 15:37:40.050(0000000000120E0C):[RPCC:sr.customer.rewardfail]create rpc client 'sr.customer.rewardfail' in conn AMQP7
[W] 15:37:40.053(0000000000120E0C):[AMQP0]exchange amq.direct already declare!!
[W] 15:37:40.054(0000000000120E0C):[AMQP0]rpc client 'sr.customer.tag.rpc' declare repeat!
[W] 15:37:40.054(0000000000120E0C):[AMQP0]rpc client 'sc.task.rpc' declare repeat!
[W] 15:37:40.056(0000000000120E0C):[AMQP0]exchange amq.direct already declare!!
[I] 15:37:40.057(0000000000120E0C):[AMQP0]declare queue 'sr.trade.rpc.93208580a28d11e7912eb1b4674c4566'
[I] 15:37:40.057(0000000000120E0C):[RPCC:sr.trade.rpc]create rpc client 'sr.trade.rpc' in conn AMQP0
[I] 15:37:40.060(0000000000120E0C):PBEncoder success load file 'E:\product\protocol\sr_trade.proto.js'
[I] 15:37:40.063(0000000000120E0C):[AMQP8]created
[I] 15:37:40.064(0000000000120E0C):[AMQP8]declare exchange 'amq.direct'
[I] 15:37:40.064(0000000000120E0C):[AMQP8]declare queue 'cf.wechat.rpc.9321be00a28d11e7912eb1b4674c4566'
[I] 15:37:40.064(0000000000120E0C):[RPCC:cf.wechat.rpc]create rpc client 'cf.wechat.rpc' in conn AMQP8
[T] 15:37:40.084(0000000000120E0C):Http is running,port is 18910
[I] 15:37:40.089(0000000000120E0C):[redis]redis connect
[I] 15:37:40.102(0000000000120E0C):[redis]redis ready
[I] 15:37:40.105(0000000000120E0C):[MP1]create connection #0
[T] 15:37:40.105(0000000000120E0C):[MP1]getConnection success,getIndex=0
[I] 15:37:40.106(0000000000120E0C):[MP1]create connection #1
[T] 15:37:40.106(0000000000120E0C):[MP1]getConnection success,getIndex=1
[T] 15:37:40.113(0000000000120E0C):[MySQL]Query success,used time:6 ms,sql="select * from cf_account where enabled=1 and function_mask like \"1%\""
[T] 15:37:40.120(0000000000120E0C):[MySQL]Query success,used time:12 ms,sql="SELECT * FROM `sc_org`"
[T] 15:37:40.121(0000000000120E0C):getConnection release,getIndex=0
[T] 15:37:40.121(0000000000120E0C):getConnection release,getIndex=1
[I] 15:37:40.122(0000000000120E0C):[AM]get account list success: [{"innerid":"HEDV35FASG-DGW423A-34TGGW53AAD66","name":"乐逛演示","org_id":"1","shop_id":null,"settlement_id":null,"method_code":1,"method_code_key":"wechat_test3_1","function_mask":"10","config":"{\"accountid\":\"gh_92368265694f\",\"fee_type\":\"CNY\",\"appid\":\"wx39bf9ff3da6fc1e7\",\"appsecret\":\"e00fc51118b318fb99cff35d217865fc\",\"mch_id\":\"1287801701\",\"sub_mch_id\":\"\",\"sign_key\":\"smartpaysmartpaysmartpaysmartpay\",\"key_file\":\"apiclient_key.pem\",\"cert_file\":\"apiclient_cert.pem\",\"pay_authorization_dir\":[\"\",\"\",\"\"],\"pay_native_callback\":\"\",\"pay_finish_notify\":\"1\",\"pay_alarm_notify\":\"\"}","enabled":1,"desc":null},{"innerid":"SE43RG3ASG-34GWW55A-34TG43HER452","name":"短信测试一","org_id":"1","shop_id":null,"settlement_id":null,"method_code":2,"method_code_key":"wechat_test1_2","function_mask":"10","config":"{\"url\" : \"http://211.147.239.62:9050/cgi-bin/sendsms\",\"username\" : \"shopperconnect@smartac\",\"password\" : \"shopCNT@smartc2016\"}","enabled":1,"desc":null},{"innerid":"SMFGSW423GWS-G43HTEHE2-HHEDR5462HS","name":"邮件测试一","org_id":"1","shop_id":null,"settlement_id":null,"method_code":3,"method_code_key":"wechat_test1_3","function_mask":"10","config":"{\"smtpserver\" : \"smtp.163.com\",\"port\": 25,\"username\" : \"zyqtest5@163.com\",\"password\" : \"zyqtest5881119\",\"SSL\":false}","enabled":1,"desc":null}]
[I] 15:37:40.154(0000000000120E0C):[AMQP0]AMQP0 connect 'amqp://guest:guest@172.16.0.81:5672' success!
[I] 15:37:40.158(0000000000120E0C):[AMQP6]AMQP6 connect 'amqp://guest:guest@172.16.0.81:5672' success!
[I] 15:37:40.158(0000000000120E0C):[AMQP5]AMQP5 connect 'amqp://guest:guest@172.16.0.81:5672' success!
[I] 15:37:40.159(0000000000120E0C):[AMQP1]AMQP1 connect 'amqp://guest:guest@172.16.0.81:5672' success!
[I] 15:37:40.161(0000000000120E0C):[AMQP4]AMQP4 connect 'amqp://guest:guest@172.16.0.81:5672' success!
[I] 15:37:40.162(0000000000120E0C):[AMQP7]AMQP7 connect 'amqp://guest:guest@172.16.0.81:5672' success!
[I] 15:37:40.162(0000000000120E0C):[AMQP8]AMQP8 connect 'amqp://guest:guest@172.16.0.81:5672' success!
[I] 15:37:40.178(0000000000120E0C):[AMQP0]success declare queue 'cf.rpc.92c17590a28d11e7912eb1b4674c4566'
[I] 15:37:40.179(0000000000120E0C):[AMQP6]success declare exchange 'amq.direct'
[I] 15:37:40.181(0000000000120E0C):[AMQP7]success declare exchange 'amq.direct'
[I] 15:37:40.183(0000000000120E0C):[AMQP1]success declare exchange 'amq.direct'
[I] 15:37:40.184(0000000000120E0C):[AMQP5]success declare exchange 'amq.direct'
[I] 15:37:40.185(0000000000120E0C):[AMQP0]success consume 'cf.rpc.92c17590a28d11e7912eb1b4674c4566'
[I] 15:37:40.185(0000000000120E0C):[AMQP4]success declare exchange 'amq.direct'
[I] 15:37:40.186(0000000000120E0C):[AMQP8]success declare exchange 'amq.direct'
[I] 15:37:40.187(0000000000120E0C):[AMQP6]success declare queue 'cf.wechat.rpc.931e89b0a28d11e7912eb1b4674c4566'
[I] 15:37:40.188(0000000000120E0C):[AMQP0]success binding 'amq.direct'->'cf.rpc.92c17590a28d11e7912eb1b4674c4566'(cf.rpc.92c17590a28d11e7912eb1b4674c4566)
[I] 15:37:40.189(0000000000120E0C):[AMQP7]success declare queue 'sc.task.rpc.931f7410a28d11e7912eb1b4674c4566'
[I] 15:37:40.190(0000000000120E0C):[AMQP1]success declare queue 'cf.wechat.rpc.93095400a28d11e7912eb1b4674c4566'
[I] 15:37:40.191(0000000000120E0C):[AMQP4]success declare queue 'cf.app.rpc.931cdc00a28d11e7912eb1b4674c4566'
[I] 15:37:40.191(0000000000120E0C):[AMQP5]success declare queue 'cf.wechat.rpc.931dc660a28d11e7912eb1b4674c4566'
[I] 15:37:40.192(0000000000120E0C):[AMQP6]success consume 'cf.wechat.rpc.931e89b0a28d11e7912eb1b4674c4566'
[I] 15:37:40.193(0000000000120E0C):[AMQP8]success declare queue 'cf.wechat.rpc.9321be00a28d11e7912eb1b4674c4566'
[I] 15:37:40.193(0000000000120E0C):[AMQP7]success consume 'sc.task.rpc.931f7410a28d11e7912eb1b4674c4566'
[I] 15:37:40.193(0000000000120E0C):[AMQP0]success declare queue 'cf.wechat.rpc.92d96a60a28d11e7912eb1b4674c4566'
[I] 15:37:40.194(0000000000120E0C):[AMQP1]success consume 'cf.wechat.rpc.93095400a28d11e7912eb1b4674c4566'
[I] 15:37:40.194(0000000000120E0C):[AMQP4]success consume 'cf.app.rpc.931cdc00a28d11e7912eb1b4674c4566'
[I] 15:37:40.195(0000000000120E0C):[AMQP5]success consume 'cf.wechat.rpc.931dc660a28d11e7912eb1b4674c4566'
[I] 15:37:40.195(0000000000120E0C):[AMQP8]success consume 'cf.wechat.rpc.9321be00a28d11e7912eb1b4674c4566'
[I] 15:37:40.196(0000000000120E0C):[AMQP6]success binding 'amq.direct'->'cf.wechat.rpc.931e89b0a28d11e7912eb1b4674c4566'(cf.wechat.rpc.931e89b0a28d11e7912eb1b4674c4566)
[I] 15:37:40.196(0000000000120E0C):[AMQP0]success consume 'cf.wechat.rpc.92d96a60a28d11e7912eb1b4674c4566'
[I] 15:37:40.197(0000000000120E0C):[AMQP1]success binding 'amq.direct'->'cf.wechat.rpc.93095400a28d11e7912eb1b4674c4566'(cf.wechat.rpc.93095400a28d11e7912eb1b4674c4566)
[I] 15:37:40.198(0000000000120E0C):[AMQP7]success binding 'amq.direct'->'sc.task.rpc.931f7410a28d11e7912eb1b4674c4566'(sc.task.rpc.931f7410a28d11e7912eb1b4674c4566)
[I] 15:37:40.199(0000000000120E0C):[AMQP4]success binding 'amq.direct'->'cf.app.rpc.931cdc00a28d11e7912eb1b4674c4566'(cf.app.rpc.931cdc00a28d11e7912eb1b4674c4566)
[I] 15:37:40.199(0000000000120E0C):[AMQP8]success binding 'amq.direct'->'cf.wechat.rpc.9321be00a28d11e7912eb1b4674c4566'(cf.wechat.rpc.9321be00a28d11e7912eb1b4674c4566)
[I] 15:37:40.199(0000000000120E0C):[AMQP5]success binding 'amq.direct'->'cf.wechat.rpc.931dc660a28d11e7912eb1b4674c4566'(cf.wechat.rpc.931dc660a28d11e7912eb1b4674c4566)
[I] 15:37:40.200(0000000000120E0C):[AMQP0]success binding 'amq.direct'->'cf.wechat.rpc.92d96a60a28d11e7912eb1b4674c4566'(cf.wechat.rpc.92d96a60a28d11e7912eb1b4674c4566)
[I] 15:37:40.202(0000000000120E0C):[AMQP7]success declare queue 'sr.customer.rewardfail.931f7411a28d11e7912eb1b4674c4566'
[I] 15:37:40.203(0000000000120E0C):[AMQP0]success declare exchange 'cf.wechat.notify'
[I] 15:37:40.204(0000000000120E0C):[AMQP4]success declare queue 'cf.wechat.rpc.931d0310a28d11e7912eb1b4674c4566'
[I] 15:37:40.204(0000000000120E0C):[AMQP7]success consume 'sr.customer.rewardfail.931f7411a28d11e7912eb1b4674c4566'
[I] 15:37:40.206(0000000000120E0C):[AMQP4]success consume 'cf.wechat.rpc.931d0310a28d11e7912eb1b4674c4566'
[I] 15:37:40.207(0000000000120E0C):[AMQP7]success binding 'amq.direct'->'sr.customer.rewardfail.931f7411a28d11e7912eb1b4674c4566'(sr.customer.rewardfail.931f7411a28d11e7912eb1b4674c4566)
[I] 15:37:40.207(0000000000120E0C):[AMQP0]success declare queue 'jiaxingwang.sc_admin.wechat.92e29220a28d11e7912eb1b4674c4566'
[I] 15:37:40.208(0000000000120E0C):[AMQP4]success binding 'amq.direct'->'cf.wechat.rpc.931d0310a28d11e7912eb1b4674c4566'(cf.wechat.rpc.931d0310a28d11e7912eb1b4674c4566)
[I] 15:37:40.210(0000000000120E0C):[AMQP0]success consume 'jiaxingwang.sc_admin.wechat.92e29220a28d11e7912eb1b4674c4566'
[I] 15:37:40.212(0000000000120E0C):[AMQP0]success binding 'cf.wechat.notify'->'jiaxingwang.sc_admin.wechat.92e29220a28d11e7912eb1b4674c4566'(#)
[I] 15:37:40.212(0000000000120E0C):[AMQP4]success declare queue 'cf.rpc.931d0311a28d11e7912eb1b4674c4566'
[I] 15:37:40.215(0000000000120E0C):[AMQP4]success consume 'cf.rpc.931d0311a28d11e7912eb1b4674c4566'
[I] 15:37:40.217(0000000000120E0C):[AMQP0]success declare queue 'cf.app.rpc.92e2b930a28d11e7912eb1b4674c4566'
[I] 15:37:40.219(0000000000120E0C):[AMQP0]success consume 'cf.app.rpc.92e2b930a28d11e7912eb1b4674c4566'
[I] 15:37:40.219(0000000000120E0C):[AMQP4]success binding 'amq.direct'->'cf.rpc.931d0311a28d11e7912eb1b4674c4566'(cf.rpc.931d0311a28d11e7912eb1b4674c4566)
[I] 15:37:40.221(0000000000120E0C):[AMQP0]success binding 'amq.direct'->'cf.app.rpc.92e2b930a28d11e7912eb1b4674c4566'(cf.app.rpc.92e2b930a28d11e7912eb1b4674c4566)
[I] 15:37:40.224(0000000000120E0C):[AMQP4]success declare queue 'sc.task.rpc.931d2a20a28d11e7912eb1b4674c4566'
[I] 15:37:40.225(0000000000120E0C):[AMQP0]success declare queue 'cf.alipay.rpc.92e37c80a28d11e7912eb1b4674c4566'
[I] 15:37:40.226(0000000000120E0C):[AMQP4]success consume 'sc.task.rpc.931d2a20a28d11e7912eb1b4674c4566'
[I] 15:37:40.227(0000000000120E0C):[AMQP0]success consume 'cf.alipay.rpc.92e37c80a28d11e7912eb1b4674c4566'
[I] 15:37:40.228(0000000000120E0C):[AMQP4]success binding 'amq.direct'->'sc.task.rpc.931d2a20a28d11e7912eb1b4674c4566'(sc.task.rpc.931d2a20a28d11e7912eb1b4674c4566)
[I] 15:37:40.230(0000000000120E0C):[AMQP0]success binding 'amq.direct'->'cf.alipay.rpc.92e37c80a28d11e7912eb1b4674c4566'(cf.alipay.rpc.92e37c80a28d11e7912eb1b4674c4566)
[I] 15:37:40.241(0000000000120E0C):[AMQP0]success declare queue 'cf.ding.rpc.92e4b500a28d11e7912eb1b4674c4566'
[I] 15:37:40.243(0000000000120E0C):[AMQP0]success consume 'cf.ding.rpc.92e4b500a28d11e7912eb1b4674c4566'
[I] 15:37:40.252(0000000000120E0C):[AMQP0]success binding 'amq.direct'->'cf.ding.rpc.92e4b500a28d11e7912eb1b4674c4566'(cf.ding.rpc.92e4b500a28d11e7912eb1b4674c4566)
[I] 15:37:40.253(0000000000120E0C):[AMQP0]success declare exchange 'cf.ding.notify'
[I] 15:37:40.257(0000000000120E0C):[AMQP0]success declare queue 'jiaxingwang.sc_admin.ding.92e689c0a28d11e7912eb1b4674c4566'
[I] 15:37:40.259(0000000000120E0C):[AMQP0]success consume 'jiaxingwang.sc_admin.ding.92e689c0a28d11e7912eb1b4674c4566'
[I] 15:37:40.262(0000000000120E0C):[AMQP0]success binding 'cf.ding.notify'->'jiaxingwang.sc_admin.ding.92e689c0a28d11e7912eb1b4674c4566'(#)
[I] 15:37:40.266(0000000000120E0C):[AMQP0]success declare queue 'sr.customer.rpc.92e7c240a28d11e7912eb1b4674c4566'
[I] 15:37:40.269(0000000000120E0C):[AMQP0]success consume 'sr.customer.rpc.92e7c240a28d11e7912eb1b4674c4566'
[I] 15:37:40.272(0000000000120E0C):[AMQP0]success binding 'amq.direct'->'sr.customer.rpc.92e7c240a28d11e7912eb1b4674c4566'(sr.customer.rpc.92e7c240a28d11e7912eb1b4674c4566)
[I] 15:37:40.274(0000000000120E0C):[AMQP0]success declare exchange 'amq.direct'
[I] 15:37:40.278(0000000000120E0C):[AMQP0]success declare queue 'sc.task.rpc.930b28c0a28d11e7912eb1b4674c4566'
[I] 15:37:40.279(0000000000120E0C):[AMQP0]success consume 'sc.task.rpc.930b28c0a28d11e7912eb1b4674c4566'
[I] 15:37:40.281(0000000000120E0C):[AMQP0]success binding 'amq.direct'->'sc.task.rpc.930b28c0a28d11e7912eb1b4674c4566'(sc.task.rpc.930b28c0a28d11e7912eb1b4674c4566)
[I] 15:37:40.285(0000000000120E0C):[AMQP0]success declare queue 'sr.customer.tag.rpc.93100ac0a28d11e7912eb1b4674c4566'
[I] 15:37:40.287(0000000000120E0C):[AMQP0]success consume 'sr.customer.tag.rpc.93100ac0a28d11e7912eb1b4674c4566'
[I] 15:37:40.290(0000000000120E0C):[AMQP0]success binding 'amq.direct'->'sr.customer.tag.rpc.93100ac0a28d11e7912eb1b4674c4566'(sr.customer.tag.rpc.93100ac0a28d11e7912eb1b4674c4566)
[I] 15:37:40.293(0000000000120E0C):[AMQP0]success declare queue 'sr.customer.point.rpc.931031d0a28d11e7912eb1b4674c4566'
[I] 15:37:40.296(0000000000120E0C):[AMQP0]success consume 'sr.customer.point.rpc.931031d0a28d11e7912eb1b4674c4566'
[I] 15:37:40.299(0000000000120E0C):[AMQP0]success binding 'amq.direct'->'sr.customer.point.rpc.931031d0a28d11e7912eb1b4674c4566'(sr.customer.point.rpc.931031d0a28d11e7912eb1b4674c4566)
[I] 15:37:40.303(0000000000120E0C):[AMQP0]success declare queue 'sr.customer.coupon_class.rpc.9313db50a28d11e7912eb1b4674c4566'
[I] 15:37:40.304(0000000000120E0C):[AMQP0]success consume 'sr.customer.coupon_class.rpc.9313db50a28d11e7912eb1b4674c4566'
[I] 15:37:40.306(0000000000120E0C):[AMQP0]success binding 'amq.direct'->'sr.customer.coupon_class.rpc.9313db50a28d11e7912eb1b4674c4566'(sr.customer.coupon_class.rpc.9313db50a28d11e7912eb1b4674c4566)
[I] 15:37:40.310(0000000000120E0C):[AMQP0]success declare queue 'sr.customer.coupon.rpc.9313db51a28d11e7912eb1b4674c4566'
[I] 15:37:40.312(0000000000120E0C):[AMQP0]success consume 'sr.customer.coupon.rpc.9313db51a28d11e7912eb1b4674c4566'
[I] 15:37:40.317(0000000000120E0C):[AMQP0]success binding 'amq.direct'->'sr.customer.coupon.rpc.9313db51a28d11e7912eb1b4674c4566'(sr.customer.coupon.rpc.9313db51a28d11e7912eb1b4674c4566)
[I] 15:37:40.325(0000000000120E0C):[AMQP0]success declare queue 'cf.wxpay.rpc.9315d720a28d11e7912eb1b4674c4566'
[I] 15:37:40.326(0000000000120E0C):[AMQP0]success consume 'cf.wxpay.rpc.9315d720a28d11e7912eb1b4674c4566'
[I] 15:37:40.329(0000000000120E0C):[AMQP0]success binding 'amq.direct'->'cf.wxpay.rpc.9315d720a28d11e7912eb1b4674c4566'(cf.wxpay.rpc.9315d720a28d11e7912eb1b4674c4566)
[I] 15:37:40.333(0000000000120E0C):[AMQP0]success declare queue 'cf.baidu.rpc.9319cec0a28d11e7912eb1b4674c4566'
[I] 15:37:40.335(0000000000120E0C):[AMQP0]success consume 'cf.baidu.rpc.9319cec0a28d11e7912eb1b4674c4566'
[I] 15:37:40.338(0000000000120E0C):[AMQP0]success binding 'amq.direct'->'cf.baidu.rpc.9319cec0a28d11e7912eb1b4674c4566'(cf.baidu.rpc.9319cec0a28d11e7912eb1b4674c4566)
[I] 15:37:40.341(0000000000120E0C):[AMQP0]success declare queue 'sr.trade.rpc.93208580a28d11e7912eb1b4674c4566'
[I] 15:37:40.343(0000000000120E0C):[AMQP0]success consume 'sr.trade.rpc.93208580a28d11e7912eb1b4674c4566'
[I] 15:37:40.345(0000000000120E0C):[AMQP0]success binding 'amq.direct'->'sr.trade.rpc.93208580a28d11e7912eb1b4674c4566'(sr.trade.rpc.93208580a28d11e7912eb1b4674c4566)
[I] 15:42:38.638(000000000011D8E0):[redis]redis close
[T] 15:42:38.639(000000000011D8E0):[redis]redis reconnecting
[I] 15:42:38.645(000000000011D8E0):[redis]redis connect
[I] 15:42:38.647(000000000011D8E0):[redis]redis ready
[I] 15:42:40.139(0000000000122C14):[redis]redis close
[T] 15:42:40.140(0000000000122C14):[redis]redis reconnecting
[I] 15:42:40.147(0000000000122C14):[redis]redis connect
[I] 15:42:40.149(0000000000122C14):[redis]redis ready
[I] 15:42:40.740(0000000000120E0C):[redis]redis close
[T] 15:42:40.741(0000000000120E0C):[redis]redis reconnecting
[I] 15:42:40.746(0000000000120E0C):[redis]redis connect
[I] 15:42:40.749(0000000000120E0C):[redis]redis ready
[I] 15:47:39.421(000000000011D8E0):[redis]redis close
[T] 15:47:39.422(000000000011D8E0):[redis]redis reconnecting
[I] 15:47:39.426(000000000011D8E0):[redis]redis connect
[I] 15:47:39.428(000000000011D8E0):[redis]redis ready
[I] 15:47:41.522(0000000000120E0C):[redis]redis close
[T] 15:47:41.523(0000000000120E0C):[redis]redis reconnecting
[I] 15:47:41.526(0000000000120E0C):[redis]redis connect
[I] 15:47:41.527(0000000000120E0C):[redis]redis ready
[I] 15:47:42.023(0000000000122C14):[redis]redis close
[T] 15:47:42.024(0000000000122C14):[redis]redis reconnecting
[I] 15:47:42.029(0000000000122C14):[redis]redis connect
[I] 15:47:42.032(0000000000122C14):[redis]redis ready
[I] 15:52:41.086(000000000011D8E0):[redis]redis close
[T] 15:52:41.087(000000000011D8E0):[redis]redis reconnecting
[I] 15:52:41.090(000000000011D8E0):[redis]redis connect
[I] 15:52:41.091(000000000011D8E0):[redis]redis ready
[I] 15:52:42.587(0000000000122C14):[redis]redis close
[T] 15:52:42.587(0000000000122C14):[redis]redis reconnecting
[I] 15:52:42.590(0000000000122C14):[redis]redis connect
[I] 15:52:42.591(0000000000122C14):[redis]redis ready
[I] 15:52:43.086(0000000000120E0C):[redis]redis close
[T] 15:52:43.087(0000000000120E0C):[redis]redis reconnecting
[I] 15:52:43.091(0000000000120E0C):[redis]redis connect
[I] 15:52:43.092(0000000000120E0C):[redis]redis ready
[I] 15:57:41.148(000000000011D8E0):[redis]redis close
[T] 15:57:41.148(000000000011D8E0):[redis]redis reconnecting
[I] 15:57:41.152(000000000011D8E0):[redis]redis connect
[I] 15:57:41.153(000000000011D8E0):[redis]redis ready
[I] 15:57:43.148(0000000000120E0C):[redis]redis close
[T] 15:57:43.149(0000000000120E0C):[redis]redis reconnecting
[I] 15:57:43.152(0000000000120E0C):[redis]redis connect
[I] 15:57:43.153(0000000000120E0C):[redis]redis ready
[I] 15:57:43.650(0000000000122C14):[redis]redis close
[T] 15:57:43.650(0000000000122C14):[redis]redis reconnecting
[I] 15:57:43.655(0000000000122C14):[redis]redis connect
[I] 15:57:43.657(0000000000122C14):[redis]redis ready
[W] 16:02:18.554(00000000001FD7E0):recv 'Ctrl+C' break sign!next exit!
[D] 16:02:18.556(00000000001FD7E0):worker process log socket error!err=Error: read ECONNRESET
    at exports._errnoException (util.js:890:11)
    at TCP.onread (net.js:550:26)
[D] 16:02:18.556(00000000001FD7E0):worker process log socket close!
[D] 16:02:18.557(00000000001FD7E0):worker process log socket error!err=Error: read ECONNRESET
    at exports._errnoException (util.js:890:11)
    at TCP.onread (net.js:550:26)
[D] 16:02:18.558(00000000001FD7E0):worker process log socket close!
[D] 16:02:18.614(00000000001FD7E0):worker process log socket error!err=Error: read ECONNRESET
    at exports._errnoException (util.js:890:11)
    at TCP.onread (net.js:550:26)
[D] 16:02:18.615(00000000001FD7E0):worker process log socket close!
[W] 16:02:18.652(00000000001FD7E0):worker 11D8E0(0#) died.
[W] 16:02:18.652(00000000001FD7E0):worker 122C14(1#) died.
[W] 16:02:18.653(00000000001FD7E0):worker 120E0C(2#) died.
[W] 16:02:19.017(00000000001FD7E0):try restart worker 0# ...
[I] 16:02:19.221(00000000001FD7E0):start worker success,pid=183730(0#)
