[D] 22:36:49.235(0000000000001E38):master log socket server started! host=::, port=49552
[I] 22:36:49.251(0000000000001E38):master log channel started!port=49552
[W] 22:36:50.265(0000000000001E38):try restart worker 0# ...
[I] 22:36:50.359(0000000000001E38):start worker success,pid=1E0C(0#)
[D] 22:36:51.373(0000000000001E38):worker process log socket connected!
[D] 22:36:51.341(0000000000001E0C):worker 0# ready to connect master log socket server, port=49552
[D] 22:36:51.356(0000000000001E0C):worker 0# log socket connected!
[I] 22:36:55.413(0000000000001E0C):PBEncoder success load file 'E:\项目\product\protocol\sc_system.proto.js'
[T] 22:36:56.115(0000000000001E0C):Http is running,port is 18910
[W] 23:11:12.781(0000000000001E38):recv 'Ctrl+C' break sign!next exit!
[D] 23:11:12.787(0000000000001E38):worker process log socket error!err=Error: read ECONNRESET
    at exports._errnoException (util.js:1020:11)
    at TCP.onread (net.js:568:26)
[D] 23:11:12.789(0000000000001E38):worker process log socket close!
[W] 23:11:12.793(0000000000001E38):worker 1E0C(0#) died.
[W] 23:11:12.846(0000000000001E38):try restart worker 0# ...
[I] 23:11:12.905(0000000000001E38):start worker success,pid=2068(0#)
[D] 23:11:15.271(0000000000001E38):worker process log socket connected!
[D] 23:11:15.251(0000000000002068):worker 0# ready to connect master log socket server, port=49552
[D] 23:11:15.274(0000000000002068):worker 0# log socket connected!
